[2025-01-01T10:08:34.082+0000] {processor.py:186} INFO - Started process (PID=214) to work on /home/airflow/.local/lib/python3.12/site-packages/airflow/example_dags/example_complex.py
[2025-01-01T10:08:34.112+0000] {processor.py:914} INFO - Processing file /home/airflow/.local/lib/python3.12/site-packages/airflow/example_dags/example_complex.py for tasks to queue
[2025-01-01T10:08:34.164+0000] {logging_mixin.py:190} INFO - [2025-01-01T10:08:34.161+0000] {dagbag.py:588} INFO - Filling up the DagBag from /home/airflow/.local/lib/python3.12/site-packages/airflow/example_dags/example_complex.py
[2025-01-01T10:08:34.477+0000] {processor.py:925} INFO - DAG(s) 'example_complex' retrieved from /home/airflow/.local/lib/python3.12/site-packages/airflow/example_dags/example_complex.py
[2025-01-01T10:08:36.766+0000] {logging_mixin.py:190} INFO - [2025-01-01T10:08:36.761+0000] {override.py:1911} INFO - Created Permission View: can edit on DAG:example_complex
[2025-01-01T10:08:36.873+0000] {logging_mixin.py:190} INFO - [2025-01-01T10:08:36.871+0000] {override.py:1911} INFO - Created Permission View: can delete on DAG:example_complex
[2025-01-01T10:08:37.117+0000] {logging_mixin.py:190} INFO - [2025-01-01T10:08:37.113+0000] {override.py:1911} INFO - Created Permission View: can read on DAG:example_complex
[2025-01-01T10:08:37.239+0000] {logging_mixin.py:190} INFO - [2025-01-01T10:08:37.237+0000] {override.py:1911} INFO - Created Permission View: can create on DAG Run:example_complex
[2025-01-01T10:08:37.355+0000] {logging_mixin.py:190} INFO - [2025-01-01T10:08:37.353+0000] {override.py:1911} INFO - Created Permission View: menu access on DAG Run:example_complex
[2025-01-01T10:08:37.486+0000] {logging_mixin.py:190} INFO - [2025-01-01T10:08:37.484+0000] {override.py:1911} INFO - Created Permission View: can delete on DAG Run:example_complex
[2025-01-01T10:08:37.644+0000] {logging_mixin.py:190} INFO - [2025-01-01T10:08:37.642+0000] {override.py:1911} INFO - Created Permission View: can read on DAG Run:example_complex
[2025-01-01T10:08:37.649+0000] {logging_mixin.py:190} INFO - [2025-01-01T10:08:37.647+0000] {dag.py:3239} INFO - Sync 1 DAGs
[2025-01-01T10:08:37.923+0000] {logging_mixin.py:190} INFO - [2025-01-01T10:08:37.921+0000] {dag.py:3262} INFO - Creating ORM DAG for example_complex
[2025-01-01T10:08:37.942+0000] {logging_mixin.py:190} INFO - [2025-01-01T10:08:37.940+0000] {dag.py:4180} INFO - Setting next_dagrun for example_complex to None, run_after=None
[2025-01-01T10:08:38.213+0000] {processor.py:208} INFO - Processing /home/airflow/.local/lib/python3.12/site-packages/airflow/example_dags/example_complex.py took 4.294 seconds
[2025-01-01T10:09:59.593+0000] {processor.py:186} INFO - Started process (PID=289) to work on /home/airflow/.local/lib/python3.12/site-packages/airflow/example_dags/example_complex.py
[2025-01-01T10:09:59.611+0000] {processor.py:914} INFO - Processing file /home/airflow/.local/lib/python3.12/site-packages/airflow/example_dags/example_complex.py for tasks to queue
[2025-01-01T10:09:59.641+0000] {logging_mixin.py:190} INFO - [2025-01-01T10:09:59.628+0000] {dagbag.py:588} INFO - Filling up the DagBag from /home/airflow/.local/lib/python3.12/site-packages/airflow/example_dags/example_complex.py
[2025-01-01T10:09:59.716+0000] {processor.py:925} INFO - DAG(s) 'example_complex' retrieved from /home/airflow/.local/lib/python3.12/site-packages/airflow/example_dags/example_complex.py
[2025-01-01T10:09:59.868+0000] {logging_mixin.py:190} INFO - [2025-01-01T10:09:59.867+0000] {dag.py:3239} INFO - Sync 1 DAGs
[2025-01-01T10:09:59.963+0000] {logging_mixin.py:190} INFO - [2025-01-01T10:09:59.962+0000] {dag.py:4180} INFO - Setting next_dagrun for example_complex to None, run_after=None
[2025-01-01T10:10:00.094+0000] {processor.py:208} INFO - Processing /home/airflow/.local/lib/python3.12/site-packages/airflow/example_dags/example_complex.py took 0.555 seconds
[2025-01-01T10:14:48.277+0000] {processor.py:186} INFO - Started process (PID=323) to work on /home/airflow/.local/lib/python3.12/site-packages/airflow/example_dags/example_complex.py
[2025-01-01T10:14:48.280+0000] {processor.py:914} INFO - Processing file /home/airflow/.local/lib/python3.12/site-packages/airflow/example_dags/example_complex.py for tasks to queue
[2025-01-01T10:14:48.292+0000] {logging_mixin.py:190} INFO - [2025-01-01T10:14:48.292+0000] {dagbag.py:588} INFO - Filling up the DagBag from /home/airflow/.local/lib/python3.12/site-packages/airflow/example_dags/example_complex.py
[2025-01-01T10:14:48.331+0000] {processor.py:925} INFO - DAG(s) 'example_complex' retrieved from /home/airflow/.local/lib/python3.12/site-packages/airflow/example_dags/example_complex.py
[2025-01-01T10:14:48.417+0000] {logging_mixin.py:190} INFO - [2025-01-01T10:14:48.415+0000] {dag.py:3239} INFO - Sync 1 DAGs
[2025-01-01T10:14:48.455+0000] {logging_mixin.py:190} INFO - [2025-01-01T10:14:48.455+0000] {dag.py:4180} INFO - Setting next_dagrun for example_complex to None, run_after=None
[2025-01-01T10:14:48.506+0000] {processor.py:208} INFO - Processing /home/airflow/.local/lib/python3.12/site-packages/airflow/example_dags/example_complex.py took 0.250 seconds
[2025-01-01T10:15:21.318+0000] {processor.py:186} INFO - Started process (PID=386) to work on /home/airflow/.local/lib/python3.12/site-packages/airflow/example_dags/example_complex.py
[2025-01-01T10:15:21.320+0000] {processor.py:914} INFO - Processing file /home/airflow/.local/lib/python3.12/site-packages/airflow/example_dags/example_complex.py for tasks to queue
[2025-01-01T10:15:21.323+0000] {logging_mixin.py:190} INFO - [2025-01-01T10:15:21.323+0000] {dagbag.py:588} INFO - Filling up the DagBag from /home/airflow/.local/lib/python3.12/site-packages/airflow/example_dags/example_complex.py
[2025-01-01T10:15:21.343+0000] {processor.py:925} INFO - DAG(s) 'example_complex' retrieved from /home/airflow/.local/lib/python3.12/site-packages/airflow/example_dags/example_complex.py
[2025-01-01T10:15:21.391+0000] {logging_mixin.py:190} INFO - [2025-01-01T10:15:21.391+0000] {dag.py:3239} INFO - Sync 1 DAGs
[2025-01-01T10:15:21.413+0000] {logging_mixin.py:190} INFO - [2025-01-01T10:15:21.413+0000] {dag.py:4180} INFO - Setting next_dagrun for example_complex to None, run_after=None
[2025-01-01T10:15:21.444+0000] {processor.py:208} INFO - Processing /home/airflow/.local/lib/python3.12/site-packages/airflow/example_dags/example_complex.py took 0.136 seconds
[2025-01-01T10:15:53.418+0000] {processor.py:186} INFO - Started process (PID=455) to work on /home/airflow/.local/lib/python3.12/site-packages/airflow/example_dags/example_complex.py
[2025-01-01T10:15:53.420+0000] {processor.py:914} INFO - Processing file /home/airflow/.local/lib/python3.12/site-packages/airflow/example_dags/example_complex.py for tasks to queue
[2025-01-01T10:15:53.422+0000] {logging_mixin.py:190} INFO - [2025-01-01T10:15:53.422+0000] {dagbag.py:588} INFO - Filling up the DagBag from /home/airflow/.local/lib/python3.12/site-packages/airflow/example_dags/example_complex.py
[2025-01-01T10:15:53.438+0000] {processor.py:925} INFO - DAG(s) 'example_complex' retrieved from /home/airflow/.local/lib/python3.12/site-packages/airflow/example_dags/example_complex.py
[2025-01-01T10:15:53.483+0000] {logging_mixin.py:190} INFO - [2025-01-01T10:15:53.482+0000] {dag.py:3239} INFO - Sync 1 DAGs
[2025-01-01T10:15:53.503+0000] {logging_mixin.py:190} INFO - [2025-01-01T10:15:53.502+0000] {dag.py:4180} INFO - Setting next_dagrun for example_complex to None, run_after=None
[2025-01-01T10:15:53.555+0000] {processor.py:208} INFO - Processing /home/airflow/.local/lib/python3.12/site-packages/airflow/example_dags/example_complex.py took 0.145 seconds
[2025-01-01T10:16:23.629+0000] {processor.py:186} INFO - Started process (PID=517) to work on /home/airflow/.local/lib/python3.12/site-packages/airflow/example_dags/example_complex.py
[2025-01-01T10:16:23.631+0000] {processor.py:914} INFO - Processing file /home/airflow/.local/lib/python3.12/site-packages/airflow/example_dags/example_complex.py for tasks to queue
[2025-01-01T10:16:23.637+0000] {logging_mixin.py:190} INFO - [2025-01-01T10:16:23.636+0000] {dagbag.py:588} INFO - Filling up the DagBag from /home/airflow/.local/lib/python3.12/site-packages/airflow/example_dags/example_complex.py
[2025-01-01T10:16:23.651+0000] {processor.py:925} INFO - DAG(s) 'example_complex' retrieved from /home/airflow/.local/lib/python3.12/site-packages/airflow/example_dags/example_complex.py
[2025-01-01T10:16:23.692+0000] {logging_mixin.py:190} INFO - [2025-01-01T10:16:23.691+0000] {dag.py:3239} INFO - Sync 1 DAGs
[2025-01-01T10:16:23.709+0000] {logging_mixin.py:190} INFO - [2025-01-01T10:16:23.709+0000] {dag.py:4180} INFO - Setting next_dagrun for example_complex to None, run_after=None
[2025-01-01T10:16:23.744+0000] {processor.py:208} INFO - Processing /home/airflow/.local/lib/python3.12/site-packages/airflow/example_dags/example_complex.py took 0.121 seconds
[2025-01-01T10:16:54.239+0000] {processor.py:186} INFO - Started process (PID=580) to work on /home/airflow/.local/lib/python3.12/site-packages/airflow/example_dags/example_complex.py
[2025-01-01T10:16:54.241+0000] {processor.py:914} INFO - Processing file /home/airflow/.local/lib/python3.12/site-packages/airflow/example_dags/example_complex.py for tasks to queue
[2025-01-01T10:16:54.245+0000] {logging_mixin.py:190} INFO - [2025-01-01T10:16:54.244+0000] {dagbag.py:588} INFO - Filling up the DagBag from /home/airflow/.local/lib/python3.12/site-packages/airflow/example_dags/example_complex.py
[2025-01-01T10:16:54.261+0000] {processor.py:925} INFO - DAG(s) 'example_complex' retrieved from /home/airflow/.local/lib/python3.12/site-packages/airflow/example_dags/example_complex.py
[2025-01-01T10:16:54.306+0000] {logging_mixin.py:190} INFO - [2025-01-01T10:16:54.306+0000] {dag.py:3239} INFO - Sync 1 DAGs
[2025-01-01T10:16:54.326+0000] {logging_mixin.py:190} INFO - [2025-01-01T10:16:54.326+0000] {dag.py:4180} INFO - Setting next_dagrun for example_complex to None, run_after=None
[2025-01-01T10:16:54.360+0000] {processor.py:208} INFO - Processing /home/airflow/.local/lib/python3.12/site-packages/airflow/example_dags/example_complex.py took 0.128 seconds
[2025-01-01T10:17:25.342+0000] {processor.py:186} INFO - Started process (PID=643) to work on /home/airflow/.local/lib/python3.12/site-packages/airflow/example_dags/example_complex.py
[2025-01-01T10:17:25.344+0000] {processor.py:914} INFO - Processing file /home/airflow/.local/lib/python3.12/site-packages/airflow/example_dags/example_complex.py for tasks to queue
[2025-01-01T10:17:25.347+0000] {logging_mixin.py:190} INFO - [2025-01-01T10:17:25.347+0000] {dagbag.py:588} INFO - Filling up the DagBag from /home/airflow/.local/lib/python3.12/site-packages/airflow/example_dags/example_complex.py
[2025-01-01T10:17:25.361+0000] {processor.py:925} INFO - DAG(s) 'example_complex' retrieved from /home/airflow/.local/lib/python3.12/site-packages/airflow/example_dags/example_complex.py
[2025-01-01T10:17:25.400+0000] {logging_mixin.py:190} INFO - [2025-01-01T10:17:25.400+0000] {dag.py:3239} INFO - Sync 1 DAGs
[2025-01-01T10:17:25.418+0000] {logging_mixin.py:190} INFO - [2025-01-01T10:17:25.418+0000] {dag.py:4180} INFO - Setting next_dagrun for example_complex to None, run_after=None
[2025-01-01T10:17:25.451+0000] {processor.py:208} INFO - Processing /home/airflow/.local/lib/python3.12/site-packages/airflow/example_dags/example_complex.py took 0.116 seconds
[2025-01-01T10:18:03.878+0000] {processor.py:186} INFO - Started process (PID=706) to work on /home/airflow/.local/lib/python3.12/site-packages/airflow/example_dags/example_complex.py
[2025-01-01T10:18:03.885+0000] {processor.py:914} INFO - Processing file /home/airflow/.local/lib/python3.12/site-packages/airflow/example_dags/example_complex.py for tasks to queue
[2025-01-01T10:18:03.901+0000] {logging_mixin.py:190} INFO - [2025-01-01T10:18:03.899+0000] {dagbag.py:588} INFO - Filling up the DagBag from /home/airflow/.local/lib/python3.12/site-packages/airflow/example_dags/example_complex.py
[2025-01-01T10:18:03.986+0000] {processor.py:925} INFO - DAG(s) 'example_complex' retrieved from /home/airflow/.local/lib/python3.12/site-packages/airflow/example_dags/example_complex.py
[2025-01-01T10:18:04.177+0000] {logging_mixin.py:190} INFO - [2025-01-01T10:18:04.176+0000] {dag.py:3239} INFO - Sync 1 DAGs
[2025-01-01T10:18:04.251+0000] {logging_mixin.py:190} INFO - [2025-01-01T10:18:04.250+0000] {dag.py:4180} INFO - Setting next_dagrun for example_complex to None, run_after=None
[2025-01-01T10:18:04.391+0000] {processor.py:208} INFO - Processing /home/airflow/.local/lib/python3.12/site-packages/airflow/example_dags/example_complex.py took 0.544 seconds
[2025-01-01T10:18:35.278+0000] {processor.py:186} INFO - Started process (PID=768) to work on /home/airflow/.local/lib/python3.12/site-packages/airflow/example_dags/example_complex.py
[2025-01-01T10:18:35.280+0000] {processor.py:914} INFO - Processing file /home/airflow/.local/lib/python3.12/site-packages/airflow/example_dags/example_complex.py for tasks to queue
[2025-01-01T10:18:35.283+0000] {logging_mixin.py:190} INFO - [2025-01-01T10:18:35.283+0000] {dagbag.py:588} INFO - Filling up the DagBag from /home/airflow/.local/lib/python3.12/site-packages/airflow/example_dags/example_complex.py
[2025-01-01T10:18:35.298+0000] {processor.py:925} INFO - DAG(s) 'example_complex' retrieved from /home/airflow/.local/lib/python3.12/site-packages/airflow/example_dags/example_complex.py
[2025-01-01T10:18:35.339+0000] {logging_mixin.py:190} INFO - [2025-01-01T10:18:35.339+0000] {dag.py:3239} INFO - Sync 1 DAGs
[2025-01-01T10:18:35.359+0000] {logging_mixin.py:190} INFO - [2025-01-01T10:18:35.358+0000] {dag.py:4180} INFO - Setting next_dagrun for example_complex to None, run_after=None
[2025-01-01T10:18:35.398+0000] {processor.py:208} INFO - Processing /home/airflow/.local/lib/python3.12/site-packages/airflow/example_dags/example_complex.py took 0.128 seconds
[2025-01-01T10:19:05.843+0000] {processor.py:186} INFO - Started process (PID=830) to work on /home/airflow/.local/lib/python3.12/site-packages/airflow/example_dags/example_complex.py
[2025-01-01T10:19:05.847+0000] {processor.py:914} INFO - Processing file /home/airflow/.local/lib/python3.12/site-packages/airflow/example_dags/example_complex.py for tasks to queue
[2025-01-01T10:19:05.858+0000] {logging_mixin.py:190} INFO - [2025-01-01T10:19:05.857+0000] {dagbag.py:588} INFO - Filling up the DagBag from /home/airflow/.local/lib/python3.12/site-packages/airflow/example_dags/example_complex.py
[2025-01-01T10:19:05.913+0000] {processor.py:925} INFO - DAG(s) 'example_complex' retrieved from /home/airflow/.local/lib/python3.12/site-packages/airflow/example_dags/example_complex.py
[2025-01-01T10:19:06.044+0000] {logging_mixin.py:190} INFO - [2025-01-01T10:19:06.043+0000] {dag.py:3239} INFO - Sync 1 DAGs
[2025-01-01T10:19:06.113+0000] {logging_mixin.py:190} INFO - [2025-01-01T10:19:06.110+0000] {dag.py:4180} INFO - Setting next_dagrun for example_complex to None, run_after=None
[2025-01-01T10:19:06.228+0000] {processor.py:208} INFO - Processing /home/airflow/.local/lib/python3.12/site-packages/airflow/example_dags/example_complex.py took 0.411 seconds
[2025-01-01T10:19:40.137+0000] {processor.py:186} INFO - Started process (PID=891) to work on /home/airflow/.local/lib/python3.12/site-packages/airflow/example_dags/example_complex.py
[2025-01-01T10:19:40.141+0000] {processor.py:914} INFO - Processing file /home/airflow/.local/lib/python3.12/site-packages/airflow/example_dags/example_complex.py for tasks to queue
[2025-01-01T10:19:40.154+0000] {logging_mixin.py:190} INFO - [2025-01-01T10:19:40.152+0000] {dagbag.py:588} INFO - Filling up the DagBag from /home/airflow/.local/lib/python3.12/site-packages/airflow/example_dags/example_complex.py
[2025-01-01T10:19:40.220+0000] {processor.py:925} INFO - DAG(s) 'example_complex' retrieved from /home/airflow/.local/lib/python3.12/site-packages/airflow/example_dags/example_complex.py
[2025-01-01T10:19:40.425+0000] {logging_mixin.py:190} INFO - [2025-01-01T10:19:40.423+0000] {dag.py:3239} INFO - Sync 1 DAGs
[2025-01-01T10:19:40.520+0000] {logging_mixin.py:190} INFO - [2025-01-01T10:19:40.519+0000] {dag.py:4180} INFO - Setting next_dagrun for example_complex to None, run_after=None
[2025-01-01T10:19:40.628+0000] {processor.py:208} INFO - Processing /home/airflow/.local/lib/python3.12/site-packages/airflow/example_dags/example_complex.py took 0.524 seconds
[2025-01-01T10:20:10.887+0000] {processor.py:186} INFO - Started process (PID=954) to work on /home/airflow/.local/lib/python3.12/site-packages/airflow/example_dags/example_complex.py
[2025-01-01T10:20:10.889+0000] {processor.py:914} INFO - Processing file /home/airflow/.local/lib/python3.12/site-packages/airflow/example_dags/example_complex.py for tasks to queue
[2025-01-01T10:20:10.896+0000] {logging_mixin.py:190} INFO - [2025-01-01T10:20:10.895+0000] {dagbag.py:588} INFO - Filling up the DagBag from /home/airflow/.local/lib/python3.12/site-packages/airflow/example_dags/example_complex.py
[2025-01-01T10:20:10.937+0000] {processor.py:925} INFO - DAG(s) 'example_complex' retrieved from /home/airflow/.local/lib/python3.12/site-packages/airflow/example_dags/example_complex.py
[2025-01-01T10:20:11.027+0000] {logging_mixin.py:190} INFO - [2025-01-01T10:20:11.026+0000] {dag.py:3239} INFO - Sync 1 DAGs
[2025-01-01T10:20:11.070+0000] {logging_mixin.py:190} INFO - [2025-01-01T10:20:11.070+0000] {dag.py:4180} INFO - Setting next_dagrun for example_complex to None, run_after=None
[2025-01-01T10:20:11.128+0000] {processor.py:208} INFO - Processing /home/airflow/.local/lib/python3.12/site-packages/airflow/example_dags/example_complex.py took 0.259 seconds
[2025-01-01T10:20:41.626+0000] {processor.py:186} INFO - Started process (PID=1017) to work on /home/airflow/.local/lib/python3.12/site-packages/airflow/example_dags/example_complex.py
[2025-01-01T10:20:41.628+0000] {processor.py:914} INFO - Processing file /home/airflow/.local/lib/python3.12/site-packages/airflow/example_dags/example_complex.py for tasks to queue
[2025-01-01T10:20:41.632+0000] {logging_mixin.py:190} INFO - [2025-01-01T10:20:41.632+0000] {dagbag.py:588} INFO - Filling up the DagBag from /home/airflow/.local/lib/python3.12/site-packages/airflow/example_dags/example_complex.py
[2025-01-01T10:20:41.651+0000] {processor.py:925} INFO - DAG(s) 'example_complex' retrieved from /home/airflow/.local/lib/python3.12/site-packages/airflow/example_dags/example_complex.py
[2025-01-01T10:20:41.705+0000] {logging_mixin.py:190} INFO - [2025-01-01T10:20:41.705+0000] {dag.py:3239} INFO - Sync 1 DAGs
[2025-01-01T10:20:41.737+0000] {logging_mixin.py:190} INFO - [2025-01-01T10:20:41.736+0000] {dag.py:4180} INFO - Setting next_dagrun for example_complex to None, run_after=None
[2025-01-01T10:20:41.776+0000] {processor.py:208} INFO - Processing /home/airflow/.local/lib/python3.12/site-packages/airflow/example_dags/example_complex.py took 0.160 seconds
[2025-01-01T10:21:12.688+0000] {processor.py:186} INFO - Started process (PID=1079) to work on /home/airflow/.local/lib/python3.12/site-packages/airflow/example_dags/example_complex.py
[2025-01-01T10:21:12.689+0000] {processor.py:914} INFO - Processing file /home/airflow/.local/lib/python3.12/site-packages/airflow/example_dags/example_complex.py for tasks to queue
[2025-01-01T10:21:12.693+0000] {logging_mixin.py:190} INFO - [2025-01-01T10:21:12.692+0000] {dagbag.py:588} INFO - Filling up the DagBag from /home/airflow/.local/lib/python3.12/site-packages/airflow/example_dags/example_complex.py
[2025-01-01T10:21:12.707+0000] {processor.py:925} INFO - DAG(s) 'example_complex' retrieved from /home/airflow/.local/lib/python3.12/site-packages/airflow/example_dags/example_complex.py
[2025-01-01T10:21:12.747+0000] {logging_mixin.py:190} INFO - [2025-01-01T10:21:12.746+0000] {dag.py:3239} INFO - Sync 1 DAGs
[2025-01-01T10:21:12.762+0000] {logging_mixin.py:190} INFO - [2025-01-01T10:21:12.762+0000] {dag.py:4180} INFO - Setting next_dagrun for example_complex to None, run_after=None
[2025-01-01T10:21:12.808+0000] {processor.py:208} INFO - Processing /home/airflow/.local/lib/python3.12/site-packages/airflow/example_dags/example_complex.py took 0.127 seconds
[2025-01-01T10:21:43.233+0000] {processor.py:186} INFO - Started process (PID=1143) to work on /home/airflow/.local/lib/python3.12/site-packages/airflow/example_dags/example_complex.py
[2025-01-01T10:21:43.235+0000] {processor.py:914} INFO - Processing file /home/airflow/.local/lib/python3.12/site-packages/airflow/example_dags/example_complex.py for tasks to queue
[2025-01-01T10:21:43.239+0000] {logging_mixin.py:190} INFO - [2025-01-01T10:21:43.239+0000] {dagbag.py:588} INFO - Filling up the DagBag from /home/airflow/.local/lib/python3.12/site-packages/airflow/example_dags/example_complex.py
[2025-01-01T10:21:43.259+0000] {processor.py:925} INFO - DAG(s) 'example_complex' retrieved from /home/airflow/.local/lib/python3.12/site-packages/airflow/example_dags/example_complex.py
[2025-01-01T10:21:43.312+0000] {logging_mixin.py:190} INFO - [2025-01-01T10:21:43.311+0000] {dag.py:3239} INFO - Sync 1 DAGs
[2025-01-01T10:21:43.336+0000] {logging_mixin.py:190} INFO - [2025-01-01T10:21:43.336+0000] {dag.py:4180} INFO - Setting next_dagrun for example_complex to None, run_after=None
[2025-01-01T10:21:43.368+0000] {processor.py:208} INFO - Processing /home/airflow/.local/lib/python3.12/site-packages/airflow/example_dags/example_complex.py took 0.146 seconds
[2025-01-01T10:22:13.830+0000] {processor.py:186} INFO - Started process (PID=1206) to work on /home/airflow/.local/lib/python3.12/site-packages/airflow/example_dags/example_complex.py
[2025-01-01T10:22:13.831+0000] {processor.py:914} INFO - Processing file /home/airflow/.local/lib/python3.12/site-packages/airflow/example_dags/example_complex.py for tasks to queue
[2025-01-01T10:22:13.836+0000] {logging_mixin.py:190} INFO - [2025-01-01T10:22:13.836+0000] {dagbag.py:588} INFO - Filling up the DagBag from /home/airflow/.local/lib/python3.12/site-packages/airflow/example_dags/example_complex.py
[2025-01-01T10:22:13.860+0000] {processor.py:925} INFO - DAG(s) 'example_complex' retrieved from /home/airflow/.local/lib/python3.12/site-packages/airflow/example_dags/example_complex.py
[2025-01-01T10:22:13.940+0000] {logging_mixin.py:190} INFO - [2025-01-01T10:22:13.939+0000] {dag.py:3239} INFO - Sync 1 DAGs
[2025-01-01T10:22:13.979+0000] {logging_mixin.py:190} INFO - [2025-01-01T10:22:13.978+0000] {dag.py:4180} INFO - Setting next_dagrun for example_complex to None, run_after=None
[2025-01-01T10:22:14.023+0000] {processor.py:208} INFO - Processing /home/airflow/.local/lib/python3.12/site-packages/airflow/example_dags/example_complex.py took 0.206 seconds
[2025-01-01T10:22:44.255+0000] {processor.py:186} INFO - Started process (PID=1268) to work on /home/airflow/.local/lib/python3.12/site-packages/airflow/example_dags/example_complex.py
[2025-01-01T10:22:44.256+0000] {processor.py:914} INFO - Processing file /home/airflow/.local/lib/python3.12/site-packages/airflow/example_dags/example_complex.py for tasks to queue
[2025-01-01T10:22:44.259+0000] {logging_mixin.py:190} INFO - [2025-01-01T10:22:44.259+0000] {dagbag.py:588} INFO - Filling up the DagBag from /home/airflow/.local/lib/python3.12/site-packages/airflow/example_dags/example_complex.py
[2025-01-01T10:22:44.272+0000] {processor.py:925} INFO - DAG(s) 'example_complex' retrieved from /home/airflow/.local/lib/python3.12/site-packages/airflow/example_dags/example_complex.py
[2025-01-01T10:22:44.313+0000] {logging_mixin.py:190} INFO - [2025-01-01T10:22:44.312+0000] {dag.py:3239} INFO - Sync 1 DAGs
[2025-01-01T10:22:44.331+0000] {logging_mixin.py:190} INFO - [2025-01-01T10:22:44.331+0000] {dag.py:4180} INFO - Setting next_dagrun for example_complex to None, run_after=None
[2025-01-01T10:22:44.355+0000] {processor.py:208} INFO - Processing /home/airflow/.local/lib/python3.12/site-packages/airflow/example_dags/example_complex.py took 0.107 seconds
[2025-01-01T10:23:14.707+0000] {processor.py:186} INFO - Started process (PID=1331) to work on /home/airflow/.local/lib/python3.12/site-packages/airflow/example_dags/example_complex.py
[2025-01-01T10:23:14.709+0000] {processor.py:914} INFO - Processing file /home/airflow/.local/lib/python3.12/site-packages/airflow/example_dags/example_complex.py for tasks to queue
[2025-01-01T10:23:14.713+0000] {logging_mixin.py:190} INFO - [2025-01-01T10:23:14.712+0000] {dagbag.py:588} INFO - Filling up the DagBag from /home/airflow/.local/lib/python3.12/site-packages/airflow/example_dags/example_complex.py
[2025-01-01T10:23:14.732+0000] {processor.py:925} INFO - DAG(s) 'example_complex' retrieved from /home/airflow/.local/lib/python3.12/site-packages/airflow/example_dags/example_complex.py
[2025-01-01T10:23:14.784+0000] {logging_mixin.py:190} INFO - [2025-01-01T10:23:14.784+0000] {dag.py:3239} INFO - Sync 1 DAGs
[2025-01-01T10:23:14.807+0000] {logging_mixin.py:190} INFO - [2025-01-01T10:23:14.806+0000] {dag.py:4180} INFO - Setting next_dagrun for example_complex to None, run_after=None
[2025-01-01T10:23:14.837+0000] {processor.py:208} INFO - Processing /home/airflow/.local/lib/python3.12/site-packages/airflow/example_dags/example_complex.py took 0.140 seconds
[2025-01-01T10:23:46.454+0000] {processor.py:186} INFO - Started process (PID=1393) to work on /home/airflow/.local/lib/python3.12/site-packages/airflow/example_dags/example_complex.py
[2025-01-01T10:23:46.458+0000] {processor.py:914} INFO - Processing file /home/airflow/.local/lib/python3.12/site-packages/airflow/example_dags/example_complex.py for tasks to queue
[2025-01-01T10:23:46.468+0000] {logging_mixin.py:190} INFO - [2025-01-01T10:23:46.466+0000] {dagbag.py:588} INFO - Filling up the DagBag from /home/airflow/.local/lib/python3.12/site-packages/airflow/example_dags/example_complex.py
[2025-01-01T10:23:46.516+0000] {processor.py:925} INFO - DAG(s) 'example_complex' retrieved from /home/airflow/.local/lib/python3.12/site-packages/airflow/example_dags/example_complex.py
[2025-01-01T10:23:46.654+0000] {logging_mixin.py:190} INFO - [2025-01-01T10:23:46.653+0000] {dag.py:3239} INFO - Sync 1 DAGs
[2025-01-01T10:23:46.727+0000] {logging_mixin.py:190} INFO - [2025-01-01T10:23:46.726+0000] {dag.py:4180} INFO - Setting next_dagrun for example_complex to None, run_after=None
[2025-01-01T10:23:46.808+0000] {processor.py:208} INFO - Processing /home/airflow/.local/lib/python3.12/site-packages/airflow/example_dags/example_complex.py took 0.381 seconds
[2025-01-01T10:24:20.305+0000] {processor.py:186} INFO - Started process (PID=1455) to work on /home/airflow/.local/lib/python3.12/site-packages/airflow/example_dags/example_complex.py
[2025-01-01T10:24:20.307+0000] {processor.py:914} INFO - Processing file /home/airflow/.local/lib/python3.12/site-packages/airflow/example_dags/example_complex.py for tasks to queue
[2025-01-01T10:24:20.314+0000] {logging_mixin.py:190} INFO - [2025-01-01T10:24:20.313+0000] {dagbag.py:588} INFO - Filling up the DagBag from /home/airflow/.local/lib/python3.12/site-packages/airflow/example_dags/example_complex.py
[2025-01-01T10:24:20.358+0000] {processor.py:925} INFO - DAG(s) 'example_complex' retrieved from /home/airflow/.local/lib/python3.12/site-packages/airflow/example_dags/example_complex.py
[2025-01-01T10:24:20.467+0000] {logging_mixin.py:190} INFO - [2025-01-01T10:24:20.467+0000] {dag.py:3239} INFO - Sync 1 DAGs
[2025-01-01T10:24:20.513+0000] {logging_mixin.py:190} INFO - [2025-01-01T10:24:20.512+0000] {dag.py:4180} INFO - Setting next_dagrun for example_complex to None, run_after=None
[2025-01-01T10:24:20.571+0000] {processor.py:208} INFO - Processing /home/airflow/.local/lib/python3.12/site-packages/airflow/example_dags/example_complex.py took 0.284 seconds
[2025-01-01T10:25:07.043+0000] {processor.py:186} INFO - Started process (PID=1511) to work on /home/airflow/.local/lib/python3.12/site-packages/airflow/example_dags/example_complex.py
[2025-01-01T10:25:07.058+0000] {processor.py:914} INFO - Processing file /home/airflow/.local/lib/python3.12/site-packages/airflow/example_dags/example_complex.py for tasks to queue
[2025-01-01T10:25:07.089+0000] {logging_mixin.py:190} INFO - [2025-01-01T10:25:07.082+0000] {dagbag.py:588} INFO - Filling up the DagBag from /home/airflow/.local/lib/python3.12/site-packages/airflow/example_dags/example_complex.py
[2025-01-01T10:25:07.207+0000] {processor.py:925} INFO - DAG(s) 'example_complex' retrieved from /home/airflow/.local/lib/python3.12/site-packages/airflow/example_dags/example_complex.py
[2025-01-01T10:25:07.474+0000] {logging_mixin.py:190} INFO - [2025-01-01T10:25:07.473+0000] {dag.py:3239} INFO - Sync 1 DAGs
[2025-01-01T10:25:07.594+0000] {logging_mixin.py:190} INFO - [2025-01-01T10:25:07.593+0000] {dag.py:4180} INFO - Setting next_dagrun for example_complex to None, run_after=None
[2025-01-01T10:25:07.753+0000] {processor.py:208} INFO - Processing /home/airflow/.local/lib/python3.12/site-packages/airflow/example_dags/example_complex.py took 0.764 seconds
[2025-01-01T10:25:56.098+0000] {processor.py:186} INFO - Started process (PID=1574) to work on /home/airflow/.local/lib/python3.12/site-packages/airflow/example_dags/example_complex.py
[2025-01-01T10:25:56.104+0000] {processor.py:914} INFO - Processing file /home/airflow/.local/lib/python3.12/site-packages/airflow/example_dags/example_complex.py for tasks to queue
[2025-01-01T10:25:56.118+0000] {logging_mixin.py:190} INFO - [2025-01-01T10:25:56.116+0000] {dagbag.py:588} INFO - Filling up the DagBag from /home/airflow/.local/lib/python3.12/site-packages/airflow/example_dags/example_complex.py
[2025-01-01T10:25:56.201+0000] {processor.py:925} INFO - DAG(s) 'example_complex' retrieved from /home/airflow/.local/lib/python3.12/site-packages/airflow/example_dags/example_complex.py
[2025-01-01T10:25:56.400+0000] {logging_mixin.py:190} INFO - [2025-01-01T10:25:56.399+0000] {dag.py:3239} INFO - Sync 1 DAGs
[2025-01-01T10:25:56.482+0000] {logging_mixin.py:190} INFO - [2025-01-01T10:25:56.481+0000] {dag.py:4180} INFO - Setting next_dagrun for example_complex to None, run_after=None
[2025-01-01T10:25:56.600+0000] {processor.py:208} INFO - Processing /home/airflow/.local/lib/python3.12/site-packages/airflow/example_dags/example_complex.py took 0.542 seconds
[2025-01-01T10:26:27.451+0000] {processor.py:186} INFO - Started process (PID=1636) to work on /home/airflow/.local/lib/python3.12/site-packages/airflow/example_dags/example_complex.py
[2025-01-01T10:26:27.458+0000] {processor.py:914} INFO - Processing file /home/airflow/.local/lib/python3.12/site-packages/airflow/example_dags/example_complex.py for tasks to queue
[2025-01-01T10:26:27.468+0000] {logging_mixin.py:190} INFO - [2025-01-01T10:26:27.467+0000] {dagbag.py:588} INFO - Filling up the DagBag from /home/airflow/.local/lib/python3.12/site-packages/airflow/example_dags/example_complex.py
[2025-01-01T10:26:27.542+0000] {processor.py:925} INFO - DAG(s) 'example_complex' retrieved from /home/airflow/.local/lib/python3.12/site-packages/airflow/example_dags/example_complex.py
[2025-01-01T10:26:27.892+0000] {logging_mixin.py:190} INFO - [2025-01-01T10:26:27.891+0000] {dag.py:3239} INFO - Sync 1 DAGs
[2025-01-01T10:26:28.040+0000] {logging_mixin.py:190} INFO - [2025-01-01T10:26:28.038+0000] {dag.py:4180} INFO - Setting next_dagrun for example_complex to None, run_after=None
[2025-01-01T10:26:28.171+0000] {processor.py:208} INFO - Processing /home/airflow/.local/lib/python3.12/site-packages/airflow/example_dags/example_complex.py took 0.734 seconds
[2025-01-01T10:26:58.622+0000] {processor.py:186} INFO - Started process (PID=1706) to work on /home/airflow/.local/lib/python3.12/site-packages/airflow/example_dags/example_complex.py
[2025-01-01T10:26:58.624+0000] {processor.py:914} INFO - Processing file /home/airflow/.local/lib/python3.12/site-packages/airflow/example_dags/example_complex.py for tasks to queue
[2025-01-01T10:26:58.627+0000] {logging_mixin.py:190} INFO - [2025-01-01T10:26:58.627+0000] {dagbag.py:588} INFO - Filling up the DagBag from /home/airflow/.local/lib/python3.12/site-packages/airflow/example_dags/example_complex.py
[2025-01-01T10:26:58.644+0000] {processor.py:925} INFO - DAG(s) 'example_complex' retrieved from /home/airflow/.local/lib/python3.12/site-packages/airflow/example_dags/example_complex.py
[2025-01-01T10:26:58.685+0000] {logging_mixin.py:190} INFO - [2025-01-01T10:26:58.685+0000] {dag.py:3239} INFO - Sync 1 DAGs
[2025-01-01T10:26:58.706+0000] {logging_mixin.py:190} INFO - [2025-01-01T10:26:58.706+0000] {dag.py:4180} INFO - Setting next_dagrun for example_complex to None, run_after=None
[2025-01-01T10:26:58.741+0000] {processor.py:208} INFO - Processing /home/airflow/.local/lib/python3.12/site-packages/airflow/example_dags/example_complex.py took 0.128 seconds
[2025-01-01T10:27:29.309+0000] {processor.py:186} INFO - Started process (PID=1769) to work on /home/airflow/.local/lib/python3.12/site-packages/airflow/example_dags/example_complex.py
[2025-01-01T10:27:29.311+0000] {processor.py:914} INFO - Processing file /home/airflow/.local/lib/python3.12/site-packages/airflow/example_dags/example_complex.py for tasks to queue
[2025-01-01T10:27:29.315+0000] {logging_mixin.py:190} INFO - [2025-01-01T10:27:29.315+0000] {dagbag.py:588} INFO - Filling up the DagBag from /home/airflow/.local/lib/python3.12/site-packages/airflow/example_dags/example_complex.py
[2025-01-01T10:27:29.343+0000] {processor.py:925} INFO - DAG(s) 'example_complex' retrieved from /home/airflow/.local/lib/python3.12/site-packages/airflow/example_dags/example_complex.py
[2025-01-01T10:27:29.411+0000] {logging_mixin.py:190} INFO - [2025-01-01T10:27:29.411+0000] {dag.py:3239} INFO - Sync 1 DAGs
[2025-01-01T10:27:29.442+0000] {logging_mixin.py:190} INFO - [2025-01-01T10:27:29.441+0000] {dag.py:4180} INFO - Setting next_dagrun for example_complex to None, run_after=None
[2025-01-01T10:27:29.487+0000] {processor.py:208} INFO - Processing /home/airflow/.local/lib/python3.12/site-packages/airflow/example_dags/example_complex.py took 0.192 seconds
[2025-01-01T10:28:01.089+0000] {processor.py:186} INFO - Started process (PID=1832) to work on /home/airflow/.local/lib/python3.12/site-packages/airflow/example_dags/example_complex.py
[2025-01-01T10:28:01.096+0000] {processor.py:914} INFO - Processing file /home/airflow/.local/lib/python3.12/site-packages/airflow/example_dags/example_complex.py for tasks to queue
[2025-01-01T10:28:01.116+0000] {logging_mixin.py:190} INFO - [2025-01-01T10:28:01.115+0000] {dagbag.py:588} INFO - Filling up the DagBag from /home/airflow/.local/lib/python3.12/site-packages/airflow/example_dags/example_complex.py
[2025-01-01T10:28:01.242+0000] {processor.py:925} INFO - DAG(s) 'example_complex' retrieved from /home/airflow/.local/lib/python3.12/site-packages/airflow/example_dags/example_complex.py
[2025-01-01T10:28:01.549+0000] {logging_mixin.py:190} INFO - [2025-01-01T10:28:01.547+0000] {dag.py:3239} INFO - Sync 1 DAGs
[2025-01-01T10:28:01.696+0000] {logging_mixin.py:190} INFO - [2025-01-01T10:28:01.692+0000] {dag.py:4180} INFO - Setting next_dagrun for example_complex to None, run_after=None
[2025-01-01T10:28:01.810+0000] {processor.py:208} INFO - Processing /home/airflow/.local/lib/python3.12/site-packages/airflow/example_dags/example_complex.py took 0.763 seconds
[2025-01-01T10:28:32.629+0000] {processor.py:186} INFO - Started process (PID=1895) to work on /home/airflow/.local/lib/python3.12/site-packages/airflow/example_dags/example_complex.py
[2025-01-01T10:28:32.631+0000] {processor.py:914} INFO - Processing file /home/airflow/.local/lib/python3.12/site-packages/airflow/example_dags/example_complex.py for tasks to queue
[2025-01-01T10:28:32.640+0000] {logging_mixin.py:190} INFO - [2025-01-01T10:28:32.639+0000] {dagbag.py:588} INFO - Filling up the DagBag from /home/airflow/.local/lib/python3.12/site-packages/airflow/example_dags/example_complex.py
[2025-01-01T10:28:32.700+0000] {processor.py:925} INFO - DAG(s) 'example_complex' retrieved from /home/airflow/.local/lib/python3.12/site-packages/airflow/example_dags/example_complex.py
[2025-01-01T10:28:32.853+0000] {logging_mixin.py:190} INFO - [2025-01-01T10:28:32.852+0000] {dag.py:3239} INFO - Sync 1 DAGs
[2025-01-01T10:28:33.029+0000] {logging_mixin.py:190} INFO - [2025-01-01T10:28:33.027+0000] {dag.py:4180} INFO - Setting next_dagrun for example_complex to None, run_after=None
[2025-01-01T10:28:33.136+0000] {processor.py:208} INFO - Processing /home/airflow/.local/lib/python3.12/site-packages/airflow/example_dags/example_complex.py took 0.535 seconds
[2025-01-01T10:29:19.666+0000] {processor.py:186} INFO - Started process (PID=1956) to work on /home/airflow/.local/lib/python3.12/site-packages/airflow/example_dags/example_complex.py
[2025-01-01T10:29:19.673+0000] {processor.py:914} INFO - Processing file /home/airflow/.local/lib/python3.12/site-packages/airflow/example_dags/example_complex.py for tasks to queue
[2025-01-01T10:29:19.697+0000] {logging_mixin.py:190} INFO - [2025-01-01T10:29:19.694+0000] {dagbag.py:588} INFO - Filling up the DagBag from /home/airflow/.local/lib/python3.12/site-packages/airflow/example_dags/example_complex.py
[2025-01-01T10:29:19.868+0000] {processor.py:925} INFO - DAG(s) 'example_complex' retrieved from /home/airflow/.local/lib/python3.12/site-packages/airflow/example_dags/example_complex.py
[2025-01-01T10:29:20.128+0000] {logging_mixin.py:190} INFO - [2025-01-01T10:29:20.126+0000] {dag.py:3239} INFO - Sync 1 DAGs
[2025-01-01T10:29:20.211+0000] {logging_mixin.py:190} INFO - [2025-01-01T10:29:20.210+0000] {dag.py:4180} INFO - Setting next_dagrun for example_complex to None, run_after=None
[2025-01-01T10:29:20.301+0000] {processor.py:208} INFO - Processing /home/airflow/.local/lib/python3.12/site-packages/airflow/example_dags/example_complex.py took 0.690 seconds
[2025-01-01T10:29:58.576+0000] {processor.py:186} INFO - Started process (PID=2019) to work on /home/airflow/.local/lib/python3.12/site-packages/airflow/example_dags/example_complex.py
[2025-01-01T10:29:58.581+0000] {processor.py:914} INFO - Processing file /home/airflow/.local/lib/python3.12/site-packages/airflow/example_dags/example_complex.py for tasks to queue
[2025-01-01T10:29:58.597+0000] {logging_mixin.py:190} INFO - [2025-01-01T10:29:58.595+0000] {dagbag.py:588} INFO - Filling up the DagBag from /home/airflow/.local/lib/python3.12/site-packages/airflow/example_dags/example_complex.py
[2025-01-01T10:29:58.689+0000] {processor.py:925} INFO - DAG(s) 'example_complex' retrieved from /home/airflow/.local/lib/python3.12/site-packages/airflow/example_dags/example_complex.py
[2025-01-01T10:29:58.852+0000] {logging_mixin.py:190} INFO - [2025-01-01T10:29:58.851+0000] {dag.py:3239} INFO - Sync 1 DAGs
[2025-01-01T10:29:58.923+0000] {logging_mixin.py:190} INFO - [2025-01-01T10:29:58.922+0000] {dag.py:4180} INFO - Setting next_dagrun for example_complex to None, run_after=None
[2025-01-01T10:29:58.998+0000] {processor.py:208} INFO - Processing /home/airflow/.local/lib/python3.12/site-packages/airflow/example_dags/example_complex.py took 0.498 seconds
[2025-01-01T10:30:39.771+0000] {processor.py:186} INFO - Started process (PID=2096) to work on /home/airflow/.local/lib/python3.12/site-packages/airflow/example_dags/example_complex.py
[2025-01-01T10:30:39.785+0000] {processor.py:914} INFO - Processing file /home/airflow/.local/lib/python3.12/site-packages/airflow/example_dags/example_complex.py for tasks to queue
[2025-01-01T10:30:39.816+0000] {logging_mixin.py:190} INFO - [2025-01-01T10:30:39.805+0000] {dagbag.py:588} INFO - Filling up the DagBag from /home/airflow/.local/lib/python3.12/site-packages/airflow/example_dags/example_complex.py
[2025-01-01T10:30:40.042+0000] {processor.py:925} INFO - DAG(s) 'example_complex' retrieved from /home/airflow/.local/lib/python3.12/site-packages/airflow/example_dags/example_complex.py
[2025-01-01T10:30:40.403+0000] {logging_mixin.py:190} INFO - [2025-01-01T10:30:40.402+0000] {dag.py:3239} INFO - Sync 1 DAGs
[2025-01-01T10:30:40.585+0000] {logging_mixin.py:190} INFO - [2025-01-01T10:30:40.584+0000] {dag.py:4180} INFO - Setting next_dagrun for example_complex to None, run_after=None
[2025-01-01T10:30:40.717+0000] {processor.py:208} INFO - Processing /home/airflow/.local/lib/python3.12/site-packages/airflow/example_dags/example_complex.py took 1.025 seconds
[2025-01-01T10:31:11.649+0000] {processor.py:186} INFO - Started process (PID=2159) to work on /home/airflow/.local/lib/python3.12/site-packages/airflow/example_dags/example_complex.py
[2025-01-01T10:31:11.651+0000] {processor.py:914} INFO - Processing file /home/airflow/.local/lib/python3.12/site-packages/airflow/example_dags/example_complex.py for tasks to queue
[2025-01-01T10:31:11.655+0000] {logging_mixin.py:190} INFO - [2025-01-01T10:31:11.655+0000] {dagbag.py:588} INFO - Filling up the DagBag from /home/airflow/.local/lib/python3.12/site-packages/airflow/example_dags/example_complex.py
[2025-01-01T10:31:11.671+0000] {processor.py:925} INFO - DAG(s) 'example_complex' retrieved from /home/airflow/.local/lib/python3.12/site-packages/airflow/example_dags/example_complex.py
[2025-01-01T10:31:11.716+0000] {logging_mixin.py:190} INFO - [2025-01-01T10:31:11.715+0000] {dag.py:3239} INFO - Sync 1 DAGs
[2025-01-01T10:31:11.736+0000] {logging_mixin.py:190} INFO - [2025-01-01T10:31:11.736+0000] {dag.py:4180} INFO - Setting next_dagrun for example_complex to None, run_after=None
[2025-01-01T10:31:11.768+0000] {processor.py:208} INFO - Processing /home/airflow/.local/lib/python3.12/site-packages/airflow/example_dags/example_complex.py took 0.128 seconds
[2025-01-01T10:31:45.892+0000] {processor.py:186} INFO - Started process (PID=2222) to work on /home/airflow/.local/lib/python3.12/site-packages/airflow/example_dags/example_complex.py
[2025-01-01T10:31:45.899+0000] {processor.py:914} INFO - Processing file /home/airflow/.local/lib/python3.12/site-packages/airflow/example_dags/example_complex.py for tasks to queue
[2025-01-01T10:31:45.915+0000] {logging_mixin.py:190} INFO - [2025-01-01T10:31:45.912+0000] {dagbag.py:588} INFO - Filling up the DagBag from /home/airflow/.local/lib/python3.12/site-packages/airflow/example_dags/example_complex.py
[2025-01-01T10:31:45.994+0000] {processor.py:925} INFO - DAG(s) 'example_complex' retrieved from /home/airflow/.local/lib/python3.12/site-packages/airflow/example_dags/example_complex.py
[2025-01-01T10:31:46.204+0000] {logging_mixin.py:190} INFO - [2025-01-01T10:31:46.203+0000] {dag.py:3239} INFO - Sync 1 DAGs
[2025-01-01T10:31:46.279+0000] {logging_mixin.py:190} INFO - [2025-01-01T10:31:46.277+0000] {dag.py:4180} INFO - Setting next_dagrun for example_complex to None, run_after=None
[2025-01-01T10:31:46.374+0000] {processor.py:208} INFO - Processing /home/airflow/.local/lib/python3.12/site-packages/airflow/example_dags/example_complex.py took 0.528 seconds
[2025-01-01T10:32:16.630+0000] {processor.py:186} INFO - Started process (PID=2285) to work on /home/airflow/.local/lib/python3.12/site-packages/airflow/example_dags/example_complex.py
[2025-01-01T10:32:16.632+0000] {processor.py:914} INFO - Processing file /home/airflow/.local/lib/python3.12/site-packages/airflow/example_dags/example_complex.py for tasks to queue
[2025-01-01T10:32:16.637+0000] {logging_mixin.py:190} INFO - [2025-01-01T10:32:16.636+0000] {dagbag.py:588} INFO - Filling up the DagBag from /home/airflow/.local/lib/python3.12/site-packages/airflow/example_dags/example_complex.py
[2025-01-01T10:32:16.661+0000] {processor.py:925} INFO - DAG(s) 'example_complex' retrieved from /home/airflow/.local/lib/python3.12/site-packages/airflow/example_dags/example_complex.py
[2025-01-01T10:32:16.722+0000] {logging_mixin.py:190} INFO - [2025-01-01T10:32:16.722+0000] {dag.py:3239} INFO - Sync 1 DAGs
[2025-01-01T10:32:16.754+0000] {logging_mixin.py:190} INFO - [2025-01-01T10:32:16.753+0000] {dag.py:4180} INFO - Setting next_dagrun for example_complex to None, run_after=None
[2025-01-01T10:32:16.792+0000] {processor.py:208} INFO - Processing /home/airflow/.local/lib/python3.12/site-packages/airflow/example_dags/example_complex.py took 0.174 seconds
[2025-01-01T10:32:50.692+0000] {processor.py:186} INFO - Started process (PID=2348) to work on /home/airflow/.local/lib/python3.12/site-packages/airflow/example_dags/example_complex.py
[2025-01-01T10:32:50.695+0000] {processor.py:914} INFO - Processing file /home/airflow/.local/lib/python3.12/site-packages/airflow/example_dags/example_complex.py for tasks to queue
[2025-01-01T10:32:50.705+0000] {logging_mixin.py:190} INFO - [2025-01-01T10:32:50.703+0000] {dagbag.py:588} INFO - Filling up the DagBag from /home/airflow/.local/lib/python3.12/site-packages/airflow/example_dags/example_complex.py
[2025-01-01T10:32:50.758+0000] {processor.py:925} INFO - DAG(s) 'example_complex' retrieved from /home/airflow/.local/lib/python3.12/site-packages/airflow/example_dags/example_complex.py
[2025-01-01T10:32:50.870+0000] {logging_mixin.py:190} INFO - [2025-01-01T10:32:50.869+0000] {dag.py:3239} INFO - Sync 1 DAGs
[2025-01-01T10:32:50.936+0000] {logging_mixin.py:190} INFO - [2025-01-01T10:32:50.935+0000] {dag.py:4180} INFO - Setting next_dagrun for example_complex to None, run_after=None
[2025-01-01T10:32:51.003+0000] {processor.py:208} INFO - Processing /home/airflow/.local/lib/python3.12/site-packages/airflow/example_dags/example_complex.py took 0.336 seconds
[2025-01-01T10:33:21.378+0000] {processor.py:186} INFO - Started process (PID=2412) to work on /home/airflow/.local/lib/python3.12/site-packages/airflow/example_dags/example_complex.py
[2025-01-01T10:33:21.380+0000] {processor.py:914} INFO - Processing file /home/airflow/.local/lib/python3.12/site-packages/airflow/example_dags/example_complex.py for tasks to queue
[2025-01-01T10:33:21.383+0000] {logging_mixin.py:190} INFO - [2025-01-01T10:33:21.383+0000] {dagbag.py:588} INFO - Filling up the DagBag from /home/airflow/.local/lib/python3.12/site-packages/airflow/example_dags/example_complex.py
[2025-01-01T10:33:21.400+0000] {processor.py:925} INFO - DAG(s) 'example_complex' retrieved from /home/airflow/.local/lib/python3.12/site-packages/airflow/example_dags/example_complex.py
[2025-01-01T10:33:21.439+0000] {logging_mixin.py:190} INFO - [2025-01-01T10:33:21.438+0000] {dag.py:3239} INFO - Sync 1 DAGs
[2025-01-01T10:33:21.456+0000] {logging_mixin.py:190} INFO - [2025-01-01T10:33:21.456+0000] {dag.py:4180} INFO - Setting next_dagrun for example_complex to None, run_after=None
[2025-01-01T10:33:21.482+0000] {processor.py:208} INFO - Processing /home/airflow/.local/lib/python3.12/site-packages/airflow/example_dags/example_complex.py took 0.118 seconds
[2025-01-01T10:33:52.703+0000] {processor.py:186} INFO - Started process (PID=2476) to work on /home/airflow/.local/lib/python3.12/site-packages/airflow/example_dags/example_complex.py
[2025-01-01T10:33:52.705+0000] {processor.py:914} INFO - Processing file /home/airflow/.local/lib/python3.12/site-packages/airflow/example_dags/example_complex.py for tasks to queue
[2025-01-01T10:33:52.708+0000] {logging_mixin.py:190} INFO - [2025-01-01T10:33:52.708+0000] {dagbag.py:588} INFO - Filling up the DagBag from /home/airflow/.local/lib/python3.12/site-packages/airflow/example_dags/example_complex.py
[2025-01-01T10:33:52.728+0000] {processor.py:925} INFO - DAG(s) 'example_complex' retrieved from /home/airflow/.local/lib/python3.12/site-packages/airflow/example_dags/example_complex.py
[2025-01-01T10:33:52.775+0000] {logging_mixin.py:190} INFO - [2025-01-01T10:33:52.774+0000] {dag.py:3239} INFO - Sync 1 DAGs
[2025-01-01T10:33:52.795+0000] {logging_mixin.py:190} INFO - [2025-01-01T10:33:52.794+0000] {dag.py:4180} INFO - Setting next_dagrun for example_complex to None, run_after=None
[2025-01-01T10:33:52.826+0000] {processor.py:208} INFO - Processing /home/airflow/.local/lib/python3.12/site-packages/airflow/example_dags/example_complex.py took 0.130 seconds
[2025-01-01T10:34:23.379+0000] {processor.py:186} INFO - Started process (PID=2539) to work on /home/airflow/.local/lib/python3.12/site-packages/airflow/example_dags/example_complex.py
[2025-01-01T10:34:23.380+0000] {processor.py:914} INFO - Processing file /home/airflow/.local/lib/python3.12/site-packages/airflow/example_dags/example_complex.py for tasks to queue
[2025-01-01T10:34:23.384+0000] {logging_mixin.py:190} INFO - [2025-01-01T10:34:23.383+0000] {dagbag.py:588} INFO - Filling up the DagBag from /home/airflow/.local/lib/python3.12/site-packages/airflow/example_dags/example_complex.py
[2025-01-01T10:34:23.402+0000] {processor.py:925} INFO - DAG(s) 'example_complex' retrieved from /home/airflow/.local/lib/python3.12/site-packages/airflow/example_dags/example_complex.py
[2025-01-01T10:34:23.446+0000] {logging_mixin.py:190} INFO - [2025-01-01T10:34:23.446+0000] {dag.py:3239} INFO - Sync 1 DAGs
[2025-01-01T10:34:23.463+0000] {logging_mixin.py:190} INFO - [2025-01-01T10:34:23.463+0000] {dag.py:4180} INFO - Setting next_dagrun for example_complex to None, run_after=None
[2025-01-01T10:34:23.497+0000] {processor.py:208} INFO - Processing /home/airflow/.local/lib/python3.12/site-packages/airflow/example_dags/example_complex.py took 0.130 seconds
[2025-01-01T10:34:53.569+0000] {processor.py:186} INFO - Started process (PID=2601) to work on /home/airflow/.local/lib/python3.12/site-packages/airflow/example_dags/example_complex.py
[2025-01-01T10:34:53.571+0000] {processor.py:914} INFO - Processing file /home/airflow/.local/lib/python3.12/site-packages/airflow/example_dags/example_complex.py for tasks to queue
[2025-01-01T10:34:53.575+0000] {logging_mixin.py:190} INFO - [2025-01-01T10:34:53.574+0000] {dagbag.py:588} INFO - Filling up the DagBag from /home/airflow/.local/lib/python3.12/site-packages/airflow/example_dags/example_complex.py
[2025-01-01T10:34:53.592+0000] {processor.py:925} INFO - DAG(s) 'example_complex' retrieved from /home/airflow/.local/lib/python3.12/site-packages/airflow/example_dags/example_complex.py
[2025-01-01T10:34:53.634+0000] {logging_mixin.py:190} INFO - [2025-01-01T10:34:53.634+0000] {dag.py:3239} INFO - Sync 1 DAGs
[2025-01-01T10:34:53.651+0000] {logging_mixin.py:190} INFO - [2025-01-01T10:34:53.651+0000] {dag.py:4180} INFO - Setting next_dagrun for example_complex to None, run_after=None
[2025-01-01T10:34:53.677+0000] {processor.py:208} INFO - Processing /home/airflow/.local/lib/python3.12/site-packages/airflow/example_dags/example_complex.py took 0.116 seconds
[2025-01-01T10:35:25.965+0000] {processor.py:186} INFO - Started process (PID=2663) to work on /home/airflow/.local/lib/python3.12/site-packages/airflow/example_dags/example_complex.py
[2025-01-01T10:35:25.969+0000] {processor.py:914} INFO - Processing file /home/airflow/.local/lib/python3.12/site-packages/airflow/example_dags/example_complex.py for tasks to queue
[2025-01-01T10:35:25.982+0000] {logging_mixin.py:190} INFO - [2025-01-01T10:35:25.980+0000] {dagbag.py:588} INFO - Filling up the DagBag from /home/airflow/.local/lib/python3.12/site-packages/airflow/example_dags/example_complex.py
[2025-01-01T10:35:26.045+0000] {processor.py:925} INFO - DAG(s) 'example_complex' retrieved from /home/airflow/.local/lib/python3.12/site-packages/airflow/example_dags/example_complex.py
[2025-01-01T10:35:26.206+0000] {logging_mixin.py:190} INFO - [2025-01-01T10:35:26.205+0000] {dag.py:3239} INFO - Sync 1 DAGs
[2025-01-01T10:35:26.270+0000] {logging_mixin.py:190} INFO - [2025-01-01T10:35:26.269+0000] {dag.py:4180} INFO - Setting next_dagrun for example_complex to None, run_after=None
[2025-01-01T10:35:26.307+0000] {processor.py:208} INFO - Processing /home/airflow/.local/lib/python3.12/site-packages/airflow/example_dags/example_complex.py took 0.368 seconds
[2025-01-01T10:35:57.068+0000] {processor.py:186} INFO - Started process (PID=2726) to work on /home/airflow/.local/lib/python3.12/site-packages/airflow/example_dags/example_complex.py
[2025-01-01T10:35:57.071+0000] {processor.py:914} INFO - Processing file /home/airflow/.local/lib/python3.12/site-packages/airflow/example_dags/example_complex.py for tasks to queue
[2025-01-01T10:35:57.075+0000] {logging_mixin.py:190} INFO - [2025-01-01T10:35:57.075+0000] {dagbag.py:588} INFO - Filling up the DagBag from /home/airflow/.local/lib/python3.12/site-packages/airflow/example_dags/example_complex.py
[2025-01-01T10:35:57.097+0000] {processor.py:925} INFO - DAG(s) 'example_complex' retrieved from /home/airflow/.local/lib/python3.12/site-packages/airflow/example_dags/example_complex.py
[2025-01-01T10:35:57.155+0000] {logging_mixin.py:190} INFO - [2025-01-01T10:35:57.155+0000] {dag.py:3239} INFO - Sync 1 DAGs
[2025-01-01T10:35:57.188+0000] {logging_mixin.py:190} INFO - [2025-01-01T10:35:57.188+0000] {dag.py:4180} INFO - Setting next_dagrun for example_complex to None, run_after=None
[2025-01-01T10:35:57.232+0000] {processor.py:208} INFO - Processing /home/airflow/.local/lib/python3.12/site-packages/airflow/example_dags/example_complex.py took 0.176 seconds
[2025-01-01T10:36:29.066+0000] {processor.py:186} INFO - Started process (PID=2787) to work on /home/airflow/.local/lib/python3.12/site-packages/airflow/example_dags/example_complex.py
[2025-01-01T10:36:29.071+0000] {processor.py:914} INFO - Processing file /home/airflow/.local/lib/python3.12/site-packages/airflow/example_dags/example_complex.py for tasks to queue
[2025-01-01T10:36:29.119+0000] {logging_mixin.py:190} INFO - [2025-01-01T10:36:29.117+0000] {dagbag.py:588} INFO - Filling up the DagBag from /home/airflow/.local/lib/python3.12/site-packages/airflow/example_dags/example_complex.py
[2025-01-01T10:36:29.312+0000] {processor.py:925} INFO - DAG(s) 'example_complex' retrieved from /home/airflow/.local/lib/python3.12/site-packages/airflow/example_dags/example_complex.py
[2025-01-01T10:36:29.456+0000] {logging_mixin.py:190} INFO - [2025-01-01T10:36:29.454+0000] {dag.py:3239} INFO - Sync 1 DAGs
[2025-01-01T10:36:29.529+0000] {logging_mixin.py:190} INFO - [2025-01-01T10:36:29.528+0000] {dag.py:4180} INFO - Setting next_dagrun for example_complex to None, run_after=None
[2025-01-01T10:36:29.593+0000] {processor.py:208} INFO - Processing /home/airflow/.local/lib/python3.12/site-packages/airflow/example_dags/example_complex.py took 0.564 seconds
[2025-01-01T10:36:59.765+0000] {processor.py:186} INFO - Started process (PID=2850) to work on /home/airflow/.local/lib/python3.12/site-packages/airflow/example_dags/example_complex.py
[2025-01-01T10:36:59.766+0000] {processor.py:914} INFO - Processing file /home/airflow/.local/lib/python3.12/site-packages/airflow/example_dags/example_complex.py for tasks to queue
[2025-01-01T10:36:59.770+0000] {logging_mixin.py:190} INFO - [2025-01-01T10:36:59.770+0000] {dagbag.py:588} INFO - Filling up the DagBag from /home/airflow/.local/lib/python3.12/site-packages/airflow/example_dags/example_complex.py
[2025-01-01T10:36:59.786+0000] {processor.py:925} INFO - DAG(s) 'example_complex' retrieved from /home/airflow/.local/lib/python3.12/site-packages/airflow/example_dags/example_complex.py
[2025-01-01T10:36:59.831+0000] {logging_mixin.py:190} INFO - [2025-01-01T10:36:59.831+0000] {dag.py:3239} INFO - Sync 1 DAGs
[2025-01-01T10:36:59.850+0000] {logging_mixin.py:190} INFO - [2025-01-01T10:36:59.850+0000] {dag.py:4180} INFO - Setting next_dagrun for example_complex to None, run_after=None
[2025-01-01T10:36:59.880+0000] {processor.py:208} INFO - Processing /home/airflow/.local/lib/python3.12/site-packages/airflow/example_dags/example_complex.py took 0.123 seconds
[2025-01-01T10:37:30.054+0000] {processor.py:186} INFO - Started process (PID=2913) to work on /home/airflow/.local/lib/python3.12/site-packages/airflow/example_dags/example_complex.py
[2025-01-01T10:37:30.058+0000] {processor.py:914} INFO - Processing file /home/airflow/.local/lib/python3.12/site-packages/airflow/example_dags/example_complex.py for tasks to queue
[2025-01-01T10:37:30.065+0000] {logging_mixin.py:190} INFO - [2025-01-01T10:37:30.064+0000] {dagbag.py:588} INFO - Filling up the DagBag from /home/airflow/.local/lib/python3.12/site-packages/airflow/example_dags/example_complex.py
[2025-01-01T10:37:30.097+0000] {processor.py:925} INFO - DAG(s) 'example_complex' retrieved from /home/airflow/.local/lib/python3.12/site-packages/airflow/example_dags/example_complex.py
[2025-01-01T10:37:30.178+0000] {logging_mixin.py:190} INFO - [2025-01-01T10:37:30.177+0000] {dag.py:3239} INFO - Sync 1 DAGs
[2025-01-01T10:37:30.214+0000] {logging_mixin.py:190} INFO - [2025-01-01T10:37:30.213+0000] {dag.py:4180} INFO - Setting next_dagrun for example_complex to None, run_after=None
[2025-01-01T10:37:30.264+0000] {processor.py:208} INFO - Processing /home/airflow/.local/lib/python3.12/site-packages/airflow/example_dags/example_complex.py took 0.225 seconds
[2025-01-01T10:38:00.775+0000] {processor.py:186} INFO - Started process (PID=2976) to work on /home/airflow/.local/lib/python3.12/site-packages/airflow/example_dags/example_complex.py
[2025-01-01T10:38:00.776+0000] {processor.py:914} INFO - Processing file /home/airflow/.local/lib/python3.12/site-packages/airflow/example_dags/example_complex.py for tasks to queue
[2025-01-01T10:38:00.778+0000] {logging_mixin.py:190} INFO - [2025-01-01T10:38:00.778+0000] {dagbag.py:588} INFO - Filling up the DagBag from /home/airflow/.local/lib/python3.12/site-packages/airflow/example_dags/example_complex.py
[2025-01-01T10:38:00.789+0000] {processor.py:925} INFO - DAG(s) 'example_complex' retrieved from /home/airflow/.local/lib/python3.12/site-packages/airflow/example_dags/example_complex.py
[2025-01-01T10:38:00.818+0000] {logging_mixin.py:190} INFO - [2025-01-01T10:38:00.818+0000] {dag.py:3239} INFO - Sync 1 DAGs
[2025-01-01T10:38:00.831+0000] {logging_mixin.py:190} INFO - [2025-01-01T10:38:00.831+0000] {dag.py:4180} INFO - Setting next_dagrun for example_complex to None, run_after=None
[2025-01-01T10:38:00.855+0000] {processor.py:208} INFO - Processing /home/airflow/.local/lib/python3.12/site-packages/airflow/example_dags/example_complex.py took 0.085 seconds
[2025-01-01T10:38:31.714+0000] {processor.py:186} INFO - Started process (PID=3039) to work on /home/airflow/.local/lib/python3.12/site-packages/airflow/example_dags/example_complex.py
[2025-01-01T10:38:31.715+0000] {processor.py:914} INFO - Processing file /home/airflow/.local/lib/python3.12/site-packages/airflow/example_dags/example_complex.py for tasks to queue
[2025-01-01T10:38:31.718+0000] {logging_mixin.py:190} INFO - [2025-01-01T10:38:31.718+0000] {dagbag.py:588} INFO - Filling up the DagBag from /home/airflow/.local/lib/python3.12/site-packages/airflow/example_dags/example_complex.py
[2025-01-01T10:38:31.731+0000] {processor.py:925} INFO - DAG(s) 'example_complex' retrieved from /home/airflow/.local/lib/python3.12/site-packages/airflow/example_dags/example_complex.py
[2025-01-01T10:38:31.763+0000] {logging_mixin.py:190} INFO - [2025-01-01T10:38:31.763+0000] {dag.py:3239} INFO - Sync 1 DAGs
[2025-01-01T10:38:31.778+0000] {logging_mixin.py:190} INFO - [2025-01-01T10:38:31.778+0000] {dag.py:4180} INFO - Setting next_dagrun for example_complex to None, run_after=None
[2025-01-01T10:38:31.802+0000] {processor.py:208} INFO - Processing /home/airflow/.local/lib/python3.12/site-packages/airflow/example_dags/example_complex.py took 0.095 seconds
[2025-01-01T10:39:01.983+0000] {processor.py:186} INFO - Started process (PID=3101) to work on /home/airflow/.local/lib/python3.12/site-packages/airflow/example_dags/example_complex.py
[2025-01-01T10:39:01.985+0000] {processor.py:914} INFO - Processing file /home/airflow/.local/lib/python3.12/site-packages/airflow/example_dags/example_complex.py for tasks to queue
[2025-01-01T10:39:01.990+0000] {logging_mixin.py:190} INFO - [2025-01-01T10:39:01.989+0000] {dagbag.py:588} INFO - Filling up the DagBag from /home/airflow/.local/lib/python3.12/site-packages/airflow/example_dags/example_complex.py
[2025-01-01T10:39:02.020+0000] {processor.py:925} INFO - DAG(s) 'example_complex' retrieved from /home/airflow/.local/lib/python3.12/site-packages/airflow/example_dags/example_complex.py
[2025-01-01T10:39:02.081+0000] {logging_mixin.py:190} INFO - [2025-01-01T10:39:02.081+0000] {dag.py:3239} INFO - Sync 1 DAGs
[2025-01-01T10:39:02.110+0000] {logging_mixin.py:190} INFO - [2025-01-01T10:39:02.110+0000] {dag.py:4180} INFO - Setting next_dagrun for example_complex to None, run_after=None
[2025-01-01T10:39:02.406+0000] {processor.py:208} INFO - Processing /home/airflow/.local/lib/python3.12/site-packages/airflow/example_dags/example_complex.py took 0.435 seconds
[2025-01-01T10:39:44.595+0000] {processor.py:186} INFO - Started process (PID=3169) to work on /home/airflow/.local/lib/python3.12/site-packages/airflow/example_dags/example_complex.py
[2025-01-01T10:39:44.607+0000] {processor.py:914} INFO - Processing file /home/airflow/.local/lib/python3.12/site-packages/airflow/example_dags/example_complex.py for tasks to queue
[2025-01-01T10:39:44.637+0000] {logging_mixin.py:190} INFO - [2025-01-01T10:39:44.633+0000] {dagbag.py:588} INFO - Filling up the DagBag from /home/airflow/.local/lib/python3.12/site-packages/airflow/example_dags/example_complex.py
[2025-01-01T10:39:44.793+0000] {processor.py:925} INFO - DAG(s) 'example_complex' retrieved from /home/airflow/.local/lib/python3.12/site-packages/airflow/example_dags/example_complex.py
[2025-01-01T10:39:45.115+0000] {logging_mixin.py:190} INFO - [2025-01-01T10:39:45.113+0000] {dag.py:3239} INFO - Sync 1 DAGs
[2025-01-01T10:39:45.617+0000] {logging_mixin.py:190} INFO - [2025-01-01T10:39:45.615+0000] {dag.py:4180} INFO - Setting next_dagrun for example_complex to None, run_after=None
[2025-01-01T10:39:46.936+0000] {processor.py:208} INFO - Processing /home/airflow/.local/lib/python3.12/site-packages/airflow/example_dags/example_complex.py took 2.406 seconds
[2025-01-01T10:40:23.558+0000] {processor.py:186} INFO - Started process (PID=3225) to work on /home/airflow/.local/lib/python3.12/site-packages/airflow/example_dags/example_complex.py
[2025-01-01T10:40:23.561+0000] {processor.py:914} INFO - Processing file /home/airflow/.local/lib/python3.12/site-packages/airflow/example_dags/example_complex.py for tasks to queue
[2025-01-01T10:40:23.568+0000] {logging_mixin.py:190} INFO - [2025-01-01T10:40:23.567+0000] {dagbag.py:588} INFO - Filling up the DagBag from /home/airflow/.local/lib/python3.12/site-packages/airflow/example_dags/example_complex.py
[2025-01-01T10:40:23.616+0000] {processor.py:925} INFO - DAG(s) 'example_complex' retrieved from /home/airflow/.local/lib/python3.12/site-packages/airflow/example_dags/example_complex.py
[2025-01-01T10:40:23.734+0000] {logging_mixin.py:190} INFO - [2025-01-01T10:40:23.733+0000] {dag.py:3239} INFO - Sync 1 DAGs
[2025-01-01T10:40:23.779+0000] {logging_mixin.py:190} INFO - [2025-01-01T10:40:23.779+0000] {dag.py:4180} INFO - Setting next_dagrun for example_complex to None, run_after=None
[2025-01-01T10:40:23.844+0000] {processor.py:208} INFO - Processing /home/airflow/.local/lib/python3.12/site-packages/airflow/example_dags/example_complex.py took 0.312 seconds
[2025-01-01T10:41:01.688+0000] {processor.py:186} INFO - Started process (PID=3289) to work on /home/airflow/.local/lib/python3.12/site-packages/airflow/example_dags/example_complex.py
[2025-01-01T10:41:01.696+0000] {processor.py:914} INFO - Processing file /home/airflow/.local/lib/python3.12/site-packages/airflow/example_dags/example_complex.py for tasks to queue
[2025-01-01T10:41:01.714+0000] {logging_mixin.py:190} INFO - [2025-01-01T10:41:01.712+0000] {dagbag.py:588} INFO - Filling up the DagBag from /home/airflow/.local/lib/python3.12/site-packages/airflow/example_dags/example_complex.py
[2025-01-01T10:41:01.889+0000] {processor.py:925} INFO - DAG(s) 'example_complex' retrieved from /home/airflow/.local/lib/python3.12/site-packages/airflow/example_dags/example_complex.py
[2025-01-01T10:41:02.158+0000] {logging_mixin.py:190} INFO - [2025-01-01T10:41:02.157+0000] {dag.py:3239} INFO - Sync 1 DAGs
[2025-01-01T10:41:02.330+0000] {logging_mixin.py:190} INFO - [2025-01-01T10:41:02.328+0000] {dag.py:4180} INFO - Setting next_dagrun for example_complex to None, run_after=None
[2025-01-01T10:41:02.446+0000] {processor.py:208} INFO - Processing /home/airflow/.local/lib/python3.12/site-packages/airflow/example_dags/example_complex.py took 0.810 seconds
[2025-01-01T10:41:32.740+0000] {processor.py:186} INFO - Started process (PID=3352) to work on /home/airflow/.local/lib/python3.12/site-packages/airflow/example_dags/example_complex.py
[2025-01-01T10:41:32.741+0000] {processor.py:914} INFO - Processing file /home/airflow/.local/lib/python3.12/site-packages/airflow/example_dags/example_complex.py for tasks to queue
[2025-01-01T10:41:32.744+0000] {logging_mixin.py:190} INFO - [2025-01-01T10:41:32.744+0000] {dagbag.py:588} INFO - Filling up the DagBag from /home/airflow/.local/lib/python3.12/site-packages/airflow/example_dags/example_complex.py
[2025-01-01T10:41:32.758+0000] {processor.py:925} INFO - DAG(s) 'example_complex' retrieved from /home/airflow/.local/lib/python3.12/site-packages/airflow/example_dags/example_complex.py
[2025-01-01T10:41:32.792+0000] {logging_mixin.py:190} INFO - [2025-01-01T10:41:32.792+0000] {dag.py:3239} INFO - Sync 1 DAGs
[2025-01-01T10:41:32.809+0000] {logging_mixin.py:190} INFO - [2025-01-01T10:41:32.809+0000] {dag.py:4180} INFO - Setting next_dagrun for example_complex to None, run_after=None
[2025-01-01T10:41:32.835+0000] {processor.py:208} INFO - Processing /home/airflow/.local/lib/python3.12/site-packages/airflow/example_dags/example_complex.py took 0.102 seconds
[2025-01-01T10:42:03.078+0000] {processor.py:186} INFO - Started process (PID=3415) to work on /home/airflow/.local/lib/python3.12/site-packages/airflow/example_dags/example_complex.py
[2025-01-01T10:42:03.080+0000] {processor.py:914} INFO - Processing file /home/airflow/.local/lib/python3.12/site-packages/airflow/example_dags/example_complex.py for tasks to queue
[2025-01-01T10:42:03.083+0000] {logging_mixin.py:190} INFO - [2025-01-01T10:42:03.082+0000] {dagbag.py:588} INFO - Filling up the DagBag from /home/airflow/.local/lib/python3.12/site-packages/airflow/example_dags/example_complex.py
[2025-01-01T10:42:03.095+0000] {processor.py:925} INFO - DAG(s) 'example_complex' retrieved from /home/airflow/.local/lib/python3.12/site-packages/airflow/example_dags/example_complex.py
[2025-01-01T10:42:03.130+0000] {logging_mixin.py:190} INFO - [2025-01-01T10:42:03.130+0000] {dag.py:3239} INFO - Sync 1 DAGs
[2025-01-01T10:42:03.146+0000] {logging_mixin.py:190} INFO - [2025-01-01T10:42:03.146+0000] {dag.py:4180} INFO - Setting next_dagrun for example_complex to None, run_after=None
[2025-01-01T10:42:03.172+0000] {processor.py:208} INFO - Processing /home/airflow/.local/lib/python3.12/site-packages/airflow/example_dags/example_complex.py took 0.099 seconds
[2025-01-01T10:42:33.373+0000] {processor.py:186} INFO - Started process (PID=3479) to work on /home/airflow/.local/lib/python3.12/site-packages/airflow/example_dags/example_complex.py
[2025-01-01T10:42:33.375+0000] {processor.py:914} INFO - Processing file /home/airflow/.local/lib/python3.12/site-packages/airflow/example_dags/example_complex.py for tasks to queue
[2025-01-01T10:42:33.381+0000] {logging_mixin.py:190} INFO - [2025-01-01T10:42:33.380+0000] {dagbag.py:588} INFO - Filling up the DagBag from /home/airflow/.local/lib/python3.12/site-packages/airflow/example_dags/example_complex.py
[2025-01-01T10:42:33.411+0000] {processor.py:925} INFO - DAG(s) 'example_complex' retrieved from /home/airflow/.local/lib/python3.12/site-packages/airflow/example_dags/example_complex.py
[2025-01-01T10:42:33.491+0000] {logging_mixin.py:190} INFO - [2025-01-01T10:42:33.490+0000] {dag.py:3239} INFO - Sync 1 DAGs
[2025-01-01T10:42:33.528+0000] {logging_mixin.py:190} INFO - [2025-01-01T10:42:33.527+0000] {dag.py:4180} INFO - Setting next_dagrun for example_complex to None, run_after=None
[2025-01-01T10:42:33.575+0000] {processor.py:208} INFO - Processing /home/airflow/.local/lib/python3.12/site-packages/airflow/example_dags/example_complex.py took 0.217 seconds
[2025-01-01T10:43:04.618+0000] {processor.py:186} INFO - Started process (PID=3542) to work on /home/airflow/.local/lib/python3.12/site-packages/airflow/example_dags/example_complex.py
[2025-01-01T10:43:04.622+0000] {processor.py:914} INFO - Processing file /home/airflow/.local/lib/python3.12/site-packages/airflow/example_dags/example_complex.py for tasks to queue
[2025-01-01T10:43:04.633+0000] {logging_mixin.py:190} INFO - [2025-01-01T10:43:04.631+0000] {dagbag.py:588} INFO - Filling up the DagBag from /home/airflow/.local/lib/python3.12/site-packages/airflow/example_dags/example_complex.py
[2025-01-01T10:43:04.688+0000] {processor.py:925} INFO - DAG(s) 'example_complex' retrieved from /home/airflow/.local/lib/python3.12/site-packages/airflow/example_dags/example_complex.py
[2025-01-01T10:43:04.828+0000] {logging_mixin.py:190} INFO - [2025-01-01T10:43:04.826+0000] {dag.py:3239} INFO - Sync 1 DAGs
[2025-01-01T10:43:04.933+0000] {logging_mixin.py:190} INFO - [2025-01-01T10:43:04.932+0000] {dag.py:4180} INFO - Setting next_dagrun for example_complex to None, run_after=None
[2025-01-01T10:43:05.083+0000] {processor.py:208} INFO - Processing /home/airflow/.local/lib/python3.12/site-packages/airflow/example_dags/example_complex.py took 0.493 seconds
[2025-01-01T10:43:35.292+0000] {processor.py:186} INFO - Started process (PID=3605) to work on /home/airflow/.local/lib/python3.12/site-packages/airflow/example_dags/example_complex.py
[2025-01-01T10:43:35.294+0000] {processor.py:914} INFO - Processing file /home/airflow/.local/lib/python3.12/site-packages/airflow/example_dags/example_complex.py for tasks to queue
[2025-01-01T10:43:35.300+0000] {logging_mixin.py:190} INFO - [2025-01-01T10:43:35.299+0000] {dagbag.py:588} INFO - Filling up the DagBag from /home/airflow/.local/lib/python3.12/site-packages/airflow/example_dags/example_complex.py
[2025-01-01T10:43:35.334+0000] {processor.py:925} INFO - DAG(s) 'example_complex' retrieved from /home/airflow/.local/lib/python3.12/site-packages/airflow/example_dags/example_complex.py
[2025-01-01T10:43:35.414+0000] {logging_mixin.py:190} INFO - [2025-01-01T10:43:35.414+0000] {dag.py:3239} INFO - Sync 1 DAGs
[2025-01-01T10:43:35.453+0000] {logging_mixin.py:190} INFO - [2025-01-01T10:43:35.452+0000] {dag.py:4180} INFO - Setting next_dagrun for example_complex to None, run_after=None
[2025-01-01T10:43:35.506+0000] {processor.py:208} INFO - Processing /home/airflow/.local/lib/python3.12/site-packages/airflow/example_dags/example_complex.py took 0.230 seconds
[2025-01-01T10:44:05.640+0000] {processor.py:186} INFO - Started process (PID=3667) to work on /home/airflow/.local/lib/python3.12/site-packages/airflow/example_dags/example_complex.py
[2025-01-01T10:44:05.642+0000] {processor.py:914} INFO - Processing file /home/airflow/.local/lib/python3.12/site-packages/airflow/example_dags/example_complex.py for tasks to queue
[2025-01-01T10:44:05.646+0000] {logging_mixin.py:190} INFO - [2025-01-01T10:44:05.646+0000] {dagbag.py:588} INFO - Filling up the DagBag from /home/airflow/.local/lib/python3.12/site-packages/airflow/example_dags/example_complex.py
[2025-01-01T10:44:05.670+0000] {processor.py:925} INFO - DAG(s) 'example_complex' retrieved from /home/airflow/.local/lib/python3.12/site-packages/airflow/example_dags/example_complex.py
[2025-01-01T10:44:05.730+0000] {logging_mixin.py:190} INFO - [2025-01-01T10:44:05.730+0000] {dag.py:3239} INFO - Sync 1 DAGs
[2025-01-01T10:44:05.759+0000] {logging_mixin.py:190} INFO - [2025-01-01T10:44:05.758+0000] {dag.py:4180} INFO - Setting next_dagrun for example_complex to None, run_after=None
[2025-01-01T10:44:05.799+0000] {processor.py:208} INFO - Processing /home/airflow/.local/lib/python3.12/site-packages/airflow/example_dags/example_complex.py took 0.169 seconds
[2025-01-01T10:44:36.164+0000] {processor.py:186} INFO - Started process (PID=3730) to work on /home/airflow/.local/lib/python3.12/site-packages/airflow/example_dags/example_complex.py
[2025-01-01T10:44:36.166+0000] {processor.py:914} INFO - Processing file /home/airflow/.local/lib/python3.12/site-packages/airflow/example_dags/example_complex.py for tasks to queue
[2025-01-01T10:44:36.170+0000] {logging_mixin.py:190} INFO - [2025-01-01T10:44:36.170+0000] {dagbag.py:588} INFO - Filling up the DagBag from /home/airflow/.local/lib/python3.12/site-packages/airflow/example_dags/example_complex.py
[2025-01-01T10:44:36.192+0000] {processor.py:925} INFO - DAG(s) 'example_complex' retrieved from /home/airflow/.local/lib/python3.12/site-packages/airflow/example_dags/example_complex.py
[2025-01-01T10:44:36.248+0000] {logging_mixin.py:190} INFO - [2025-01-01T10:44:36.248+0000] {dag.py:3239} INFO - Sync 1 DAGs
[2025-01-01T10:44:36.276+0000] {logging_mixin.py:190} INFO - [2025-01-01T10:44:36.275+0000] {dag.py:4180} INFO - Setting next_dagrun for example_complex to None, run_after=None
[2025-01-01T10:44:36.315+0000] {processor.py:208} INFO - Processing /home/airflow/.local/lib/python3.12/site-packages/airflow/example_dags/example_complex.py took 0.162 seconds
[2025-01-01T10:45:06.541+0000] {processor.py:186} INFO - Started process (PID=3793) to work on /home/airflow/.local/lib/python3.12/site-packages/airflow/example_dags/example_complex.py
[2025-01-01T10:45:06.551+0000] {processor.py:914} INFO - Processing file /home/airflow/.local/lib/python3.12/site-packages/airflow/example_dags/example_complex.py for tasks to queue
[2025-01-01T10:45:06.567+0000] {logging_mixin.py:190} INFO - [2025-01-01T10:45:06.566+0000] {dagbag.py:588} INFO - Filling up the DagBag from /home/airflow/.local/lib/python3.12/site-packages/airflow/example_dags/example_complex.py
[2025-01-01T10:45:06.610+0000] {processor.py:925} INFO - DAG(s) 'example_complex' retrieved from /home/airflow/.local/lib/python3.12/site-packages/airflow/example_dags/example_complex.py
[2025-01-01T10:45:06.706+0000] {logging_mixin.py:190} INFO - [2025-01-01T10:45:06.706+0000] {dag.py:3239} INFO - Sync 1 DAGs
[2025-01-01T10:45:06.741+0000] {logging_mixin.py:190} INFO - [2025-01-01T10:45:06.740+0000] {dag.py:4180} INFO - Setting next_dagrun for example_complex to None, run_after=None
[2025-01-01T10:45:06.782+0000] {processor.py:208} INFO - Processing /home/airflow/.local/lib/python3.12/site-packages/airflow/example_dags/example_complex.py took 0.261 seconds
[2025-01-01T10:45:38.730+0000] {processor.py:186} INFO - Started process (PID=3859) to work on /home/airflow/.local/lib/python3.12/site-packages/airflow/example_dags/example_complex.py
[2025-01-01T10:45:38.736+0000] {processor.py:914} INFO - Processing file /home/airflow/.local/lib/python3.12/site-packages/airflow/example_dags/example_complex.py for tasks to queue
[2025-01-01T10:45:38.748+0000] {logging_mixin.py:190} INFO - [2025-01-01T10:45:38.746+0000] {dagbag.py:588} INFO - Filling up the DagBag from /home/airflow/.local/lib/python3.12/site-packages/airflow/example_dags/example_complex.py
[2025-01-01T10:45:38.830+0000] {processor.py:925} INFO - DAG(s) 'example_complex' retrieved from /home/airflow/.local/lib/python3.12/site-packages/airflow/example_dags/example_complex.py
[2025-01-01T10:45:39.013+0000] {logging_mixin.py:190} INFO - [2025-01-01T10:45:39.012+0000] {dag.py:3239} INFO - Sync 1 DAGs
[2025-01-01T10:45:39.089+0000] {logging_mixin.py:190} INFO - [2025-01-01T10:45:39.088+0000] {dag.py:4180} INFO - Setting next_dagrun for example_complex to None, run_after=None
[2025-01-01T10:45:39.189+0000] {processor.py:208} INFO - Processing /home/airflow/.local/lib/python3.12/site-packages/airflow/example_dags/example_complex.py took 0.509 seconds
[2025-01-01T10:46:09.921+0000] {processor.py:186} INFO - Started process (PID=3922) to work on /home/airflow/.local/lib/python3.12/site-packages/airflow/example_dags/example_complex.py
[2025-01-01T10:46:09.923+0000] {processor.py:914} INFO - Processing file /home/airflow/.local/lib/python3.12/site-packages/airflow/example_dags/example_complex.py for tasks to queue
[2025-01-01T10:46:09.926+0000] {logging_mixin.py:190} INFO - [2025-01-01T10:46:09.926+0000] {dagbag.py:588} INFO - Filling up the DagBag from /home/airflow/.local/lib/python3.12/site-packages/airflow/example_dags/example_complex.py
[2025-01-01T10:46:09.939+0000] {processor.py:925} INFO - DAG(s) 'example_complex' retrieved from /home/airflow/.local/lib/python3.12/site-packages/airflow/example_dags/example_complex.py
[2025-01-01T10:46:09.974+0000] {logging_mixin.py:190} INFO - [2025-01-01T10:46:09.974+0000] {dag.py:3239} INFO - Sync 1 DAGs
[2025-01-01T10:46:09.990+0000] {logging_mixin.py:190} INFO - [2025-01-01T10:46:09.990+0000] {dag.py:4180} INFO - Setting next_dagrun for example_complex to None, run_after=None
[2025-01-01T10:46:10.015+0000] {processor.py:208} INFO - Processing /home/airflow/.local/lib/python3.12/site-packages/airflow/example_dags/example_complex.py took 0.099 seconds
[2025-01-01T10:46:40.900+0000] {processor.py:186} INFO - Started process (PID=3985) to work on /home/airflow/.local/lib/python3.12/site-packages/airflow/example_dags/example_complex.py
[2025-01-01T10:46:40.902+0000] {processor.py:914} INFO - Processing file /home/airflow/.local/lib/python3.12/site-packages/airflow/example_dags/example_complex.py for tasks to queue
[2025-01-01T10:46:40.907+0000] {logging_mixin.py:190} INFO - [2025-01-01T10:46:40.906+0000] {dagbag.py:588} INFO - Filling up the DagBag from /home/airflow/.local/lib/python3.12/site-packages/airflow/example_dags/example_complex.py
[2025-01-01T10:46:40.927+0000] {processor.py:925} INFO - DAG(s) 'example_complex' retrieved from /home/airflow/.local/lib/python3.12/site-packages/airflow/example_dags/example_complex.py
[2025-01-01T10:46:40.979+0000] {logging_mixin.py:190} INFO - [2025-01-01T10:46:40.979+0000] {dag.py:3239} INFO - Sync 1 DAGs
[2025-01-01T10:46:41.005+0000] {logging_mixin.py:190} INFO - [2025-01-01T10:46:41.005+0000] {dag.py:4180} INFO - Setting next_dagrun for example_complex to None, run_after=None
[2025-01-01T10:46:41.042+0000] {processor.py:208} INFO - Processing /home/airflow/.local/lib/python3.12/site-packages/airflow/example_dags/example_complex.py took 0.150 seconds
[2025-01-01T10:47:12.027+0000] {processor.py:186} INFO - Started process (PID=4048) to work on /home/airflow/.local/lib/python3.12/site-packages/airflow/example_dags/example_complex.py
[2025-01-01T10:47:12.030+0000] {processor.py:914} INFO - Processing file /home/airflow/.local/lib/python3.12/site-packages/airflow/example_dags/example_complex.py for tasks to queue
[2025-01-01T10:47:12.039+0000] {logging_mixin.py:190} INFO - [2025-01-01T10:47:12.038+0000] {dagbag.py:588} INFO - Filling up the DagBag from /home/airflow/.local/lib/python3.12/site-packages/airflow/example_dags/example_complex.py
[2025-01-01T10:47:12.092+0000] {processor.py:925} INFO - DAG(s) 'example_complex' retrieved from /home/airflow/.local/lib/python3.12/site-packages/airflow/example_dags/example_complex.py
[2025-01-01T10:47:12.224+0000] {logging_mixin.py:190} INFO - [2025-01-01T10:47:12.223+0000] {dag.py:3239} INFO - Sync 1 DAGs
[2025-01-01T10:47:12.286+0000] {logging_mixin.py:190} INFO - [2025-01-01T10:47:12.285+0000] {dag.py:4180} INFO - Setting next_dagrun for example_complex to None, run_after=None
[2025-01-01T10:47:12.358+0000] {processor.py:208} INFO - Processing /home/airflow/.local/lib/python3.12/site-packages/airflow/example_dags/example_complex.py took 0.356 seconds
[2025-01-01T10:47:42.869+0000] {processor.py:186} INFO - Started process (PID=4111) to work on /home/airflow/.local/lib/python3.12/site-packages/airflow/example_dags/example_complex.py
[2025-01-01T10:47:42.876+0000] {processor.py:914} INFO - Processing file /home/airflow/.local/lib/python3.12/site-packages/airflow/example_dags/example_complex.py for tasks to queue
[2025-01-01T10:47:42.896+0000] {logging_mixin.py:190} INFO - [2025-01-01T10:47:42.894+0000] {dagbag.py:588} INFO - Filling up the DagBag from /home/airflow/.local/lib/python3.12/site-packages/airflow/example_dags/example_complex.py
[2025-01-01T10:47:43.043+0000] {processor.py:925} INFO - DAG(s) 'example_complex' retrieved from /home/airflow/.local/lib/python3.12/site-packages/airflow/example_dags/example_complex.py
[2025-01-01T10:47:43.351+0000] {logging_mixin.py:190} INFO - [2025-01-01T10:47:43.342+0000] {dag.py:3239} INFO - Sync 1 DAGs
[2025-01-01T10:47:43.485+0000] {logging_mixin.py:190} INFO - [2025-01-01T10:47:43.483+0000] {dag.py:4180} INFO - Setting next_dagrun for example_complex to None, run_after=None
[2025-01-01T10:47:43.654+0000] {processor.py:208} INFO - Processing /home/airflow/.local/lib/python3.12/site-packages/airflow/example_dags/example_complex.py took 0.877 seconds
[2025-01-01T10:48:13.962+0000] {processor.py:186} INFO - Started process (PID=4174) to work on /home/airflow/.local/lib/python3.12/site-packages/airflow/example_dags/example_complex.py
[2025-01-01T10:48:13.963+0000] {processor.py:914} INFO - Processing file /home/airflow/.local/lib/python3.12/site-packages/airflow/example_dags/example_complex.py for tasks to queue
[2025-01-01T10:48:13.966+0000] {logging_mixin.py:190} INFO - [2025-01-01T10:48:13.966+0000] {dagbag.py:588} INFO - Filling up the DagBag from /home/airflow/.local/lib/python3.12/site-packages/airflow/example_dags/example_complex.py
[2025-01-01T10:48:13.980+0000] {processor.py:925} INFO - DAG(s) 'example_complex' retrieved from /home/airflow/.local/lib/python3.12/site-packages/airflow/example_dags/example_complex.py
[2025-01-01T10:48:14.018+0000] {logging_mixin.py:190} INFO - [2025-01-01T10:48:14.018+0000] {dag.py:3239} INFO - Sync 1 DAGs
[2025-01-01T10:48:14.035+0000] {logging_mixin.py:190} INFO - [2025-01-01T10:48:14.034+0000] {dag.py:4180} INFO - Setting next_dagrun for example_complex to None, run_after=None
[2025-01-01T10:48:14.062+0000] {processor.py:208} INFO - Processing /home/airflow/.local/lib/python3.12/site-packages/airflow/example_dags/example_complex.py took 0.108 seconds
[2025-01-01T10:48:44.521+0000] {processor.py:186} INFO - Started process (PID=4237) to work on /home/airflow/.local/lib/python3.12/site-packages/airflow/example_dags/example_complex.py
[2025-01-01T10:48:44.525+0000] {processor.py:914} INFO - Processing file /home/airflow/.local/lib/python3.12/site-packages/airflow/example_dags/example_complex.py for tasks to queue
[2025-01-01T10:48:44.533+0000] {logging_mixin.py:190} INFO - [2025-01-01T10:48:44.532+0000] {dagbag.py:588} INFO - Filling up the DagBag from /home/airflow/.local/lib/python3.12/site-packages/airflow/example_dags/example_complex.py
[2025-01-01T10:48:44.583+0000] {processor.py:925} INFO - DAG(s) 'example_complex' retrieved from /home/airflow/.local/lib/python3.12/site-packages/airflow/example_dags/example_complex.py
[2025-01-01T10:48:44.675+0000] {logging_mixin.py:190} INFO - [2025-01-01T10:48:44.674+0000] {dag.py:3239} INFO - Sync 1 DAGs
[2025-01-01T10:48:44.717+0000] {logging_mixin.py:190} INFO - [2025-01-01T10:48:44.716+0000] {dag.py:4180} INFO - Setting next_dagrun for example_complex to None, run_after=None
[2025-01-01T10:48:44.776+0000] {processor.py:208} INFO - Processing /home/airflow/.local/lib/python3.12/site-packages/airflow/example_dags/example_complex.py took 0.275 seconds
[2025-01-01T10:49:14.985+0000] {processor.py:186} INFO - Started process (PID=4299) to work on /home/airflow/.local/lib/python3.12/site-packages/airflow/example_dags/example_complex.py
[2025-01-01T10:49:14.987+0000] {processor.py:914} INFO - Processing file /home/airflow/.local/lib/python3.12/site-packages/airflow/example_dags/example_complex.py for tasks to queue
[2025-01-01T10:49:14.991+0000] {logging_mixin.py:190} INFO - [2025-01-01T10:49:14.991+0000] {dagbag.py:588} INFO - Filling up the DagBag from /home/airflow/.local/lib/python3.12/site-packages/airflow/example_dags/example_complex.py
[2025-01-01T10:49:15.011+0000] {processor.py:925} INFO - DAG(s) 'example_complex' retrieved from /home/airflow/.local/lib/python3.12/site-packages/airflow/example_dags/example_complex.py
[2025-01-01T10:49:15.066+0000] {logging_mixin.py:190} INFO - [2025-01-01T10:49:15.065+0000] {dag.py:3239} INFO - Sync 1 DAGs
[2025-01-01T10:49:15.090+0000] {logging_mixin.py:190} INFO - [2025-01-01T10:49:15.090+0000] {dag.py:4180} INFO - Setting next_dagrun for example_complex to None, run_after=None
[2025-01-01T10:49:15.125+0000] {processor.py:208} INFO - Processing /home/airflow/.local/lib/python3.12/site-packages/airflow/example_dags/example_complex.py took 0.148 seconds
[2025-01-01T10:49:45.500+0000] {processor.py:186} INFO - Started process (PID=4361) to work on /home/airflow/.local/lib/python3.12/site-packages/airflow/example_dags/example_complex.py
[2025-01-01T10:49:45.502+0000] {processor.py:914} INFO - Processing file /home/airflow/.local/lib/python3.12/site-packages/airflow/example_dags/example_complex.py for tasks to queue
[2025-01-01T10:49:45.507+0000] {logging_mixin.py:190} INFO - [2025-01-01T10:49:45.507+0000] {dagbag.py:588} INFO - Filling up the DagBag from /home/airflow/.local/lib/python3.12/site-packages/airflow/example_dags/example_complex.py
[2025-01-01T10:49:45.535+0000] {processor.py:925} INFO - DAG(s) 'example_complex' retrieved from /home/airflow/.local/lib/python3.12/site-packages/airflow/example_dags/example_complex.py
[2025-01-01T10:49:45.625+0000] {logging_mixin.py:190} INFO - [2025-01-01T10:49:45.624+0000] {dag.py:3239} INFO - Sync 1 DAGs
[2025-01-01T10:49:45.690+0000] {logging_mixin.py:190} INFO - [2025-01-01T10:49:45.689+0000] {dag.py:4180} INFO - Setting next_dagrun for example_complex to None, run_after=None
[2025-01-01T10:49:45.755+0000] {processor.py:208} INFO - Processing /home/airflow/.local/lib/python3.12/site-packages/airflow/example_dags/example_complex.py took 0.268 seconds
[2025-01-01T10:50:19.628+0000] {processor.py:186} INFO - Started process (PID=4424) to work on /home/airflow/.local/lib/python3.12/site-packages/airflow/example_dags/example_complex.py
[2025-01-01T10:50:19.632+0000] {processor.py:914} INFO - Processing file /home/airflow/.local/lib/python3.12/site-packages/airflow/example_dags/example_complex.py for tasks to queue
[2025-01-01T10:50:19.643+0000] {logging_mixin.py:190} INFO - [2025-01-01T10:50:19.642+0000] {dagbag.py:588} INFO - Filling up the DagBag from /home/airflow/.local/lib/python3.12/site-packages/airflow/example_dags/example_complex.py
[2025-01-01T10:50:19.706+0000] {processor.py:925} INFO - DAG(s) 'example_complex' retrieved from /home/airflow/.local/lib/python3.12/site-packages/airflow/example_dags/example_complex.py
[2025-01-01T10:50:19.868+0000] {logging_mixin.py:190} INFO - [2025-01-01T10:50:19.867+0000] {dag.py:3239} INFO - Sync 1 DAGs
[2025-01-01T10:50:19.948+0000] {logging_mixin.py:190} INFO - [2025-01-01T10:50:19.947+0000] {dag.py:4180} INFO - Setting next_dagrun for example_complex to None, run_after=None
[2025-01-01T10:50:20.042+0000] {processor.py:208} INFO - Processing /home/airflow/.local/lib/python3.12/site-packages/airflow/example_dags/example_complex.py took 0.438 seconds
[2025-01-01T10:50:56.921+0000] {processor.py:186} INFO - Started process (PID=4488) to work on /home/airflow/.local/lib/python3.12/site-packages/airflow/example_dags/example_complex.py
[2025-01-01T10:50:56.925+0000] {processor.py:914} INFO - Processing file /home/airflow/.local/lib/python3.12/site-packages/airflow/example_dags/example_complex.py for tasks to queue
[2025-01-01T10:50:56.937+0000] {logging_mixin.py:190} INFO - [2025-01-01T10:50:56.935+0000] {dagbag.py:588} INFO - Filling up the DagBag from /home/airflow/.local/lib/python3.12/site-packages/airflow/example_dags/example_complex.py
[2025-01-01T10:50:56.999+0000] {processor.py:925} INFO - DAG(s) 'example_complex' retrieved from /home/airflow/.local/lib/python3.12/site-packages/airflow/example_dags/example_complex.py
[2025-01-01T10:50:57.191+0000] {logging_mixin.py:190} INFO - [2025-01-01T10:50:57.190+0000] {dag.py:3239} INFO - Sync 1 DAGs
[2025-01-01T10:50:57.263+0000] {logging_mixin.py:190} INFO - [2025-01-01T10:50:57.262+0000] {dag.py:4180} INFO - Setting next_dagrun for example_complex to None, run_after=None
[2025-01-01T10:50:57.354+0000] {processor.py:208} INFO - Processing /home/airflow/.local/lib/python3.12/site-packages/airflow/example_dags/example_complex.py took 0.465 seconds
[2025-01-01T12:15:50.440+0000] {processor.py:186} INFO - Started process (PID=4566) to work on /home/airflow/.local/lib/python3.12/site-packages/airflow/example_dags/example_complex.py
[2025-01-01T12:15:50.442+0000] {processor.py:914} INFO - Processing file /home/airflow/.local/lib/python3.12/site-packages/airflow/example_dags/example_complex.py for tasks to queue
[2025-01-01T12:15:50.447+0000] {logging_mixin.py:190} INFO - [2025-01-01T12:15:50.446+0000] {dagbag.py:588} INFO - Filling up the DagBag from /home/airflow/.local/lib/python3.12/site-packages/airflow/example_dags/example_complex.py
[2025-01-01T12:15:50.468+0000] {processor.py:925} INFO - DAG(s) 'example_complex' retrieved from /home/airflow/.local/lib/python3.12/site-packages/airflow/example_dags/example_complex.py
[2025-01-01T12:15:50.563+0000] {logging_mixin.py:190} INFO - [2025-01-01T12:15:50.562+0000] {dag.py:3239} INFO - Sync 1 DAGs
[2025-01-01T12:15:50.632+0000] {logging_mixin.py:190} INFO - [2025-01-01T12:15:50.632+0000] {dag.py:4180} INFO - Setting next_dagrun for example_complex to None, run_after=None
[2025-01-01T12:15:50.720+0000] {processor.py:208} INFO - Processing /home/airflow/.local/lib/python3.12/site-packages/airflow/example_dags/example_complex.py took 0.291 seconds
[2025-01-01T12:16:20.922+0000] {processor.py:186} INFO - Started process (PID=4629) to work on /home/airflow/.local/lib/python3.12/site-packages/airflow/example_dags/example_complex.py
[2025-01-01T12:16:20.923+0000] {processor.py:914} INFO - Processing file /home/airflow/.local/lib/python3.12/site-packages/airflow/example_dags/example_complex.py for tasks to queue
[2025-01-01T12:16:20.926+0000] {logging_mixin.py:190} INFO - [2025-01-01T12:16:20.925+0000] {dagbag.py:588} INFO - Filling up the DagBag from /home/airflow/.local/lib/python3.12/site-packages/airflow/example_dags/example_complex.py
[2025-01-01T12:16:20.944+0000] {processor.py:925} INFO - DAG(s) 'example_complex' retrieved from /home/airflow/.local/lib/python3.12/site-packages/airflow/example_dags/example_complex.py
[2025-01-01T12:16:20.968+0000] {logging_mixin.py:190} INFO - [2025-01-01T12:16:20.968+0000] {dag.py:3239} INFO - Sync 1 DAGs
[2025-01-01T12:16:20.980+0000] {logging_mixin.py:190} INFO - [2025-01-01T12:16:20.980+0000] {dag.py:4180} INFO - Setting next_dagrun for example_complex to None, run_after=None
[2025-01-01T12:16:20.997+0000] {processor.py:208} INFO - Processing /home/airflow/.local/lib/python3.12/site-packages/airflow/example_dags/example_complex.py took 0.080 seconds
