[2025-01-01T10:07:48.191+0000] {processor.py:186} INFO - Started process (PID=200) to work on /home/airflow/.local/lib/python3.12/site-packages/airflow/example_dags/example_branch_labels.py
[2025-01-01T10:07:48.235+0000] {processor.py:914} INFO - Processing file /home/airflow/.local/lib/python3.12/site-packages/airflow/example_dags/example_branch_labels.py for tasks to queue
[2025-01-01T10:07:48.353+0000] {logging_mixin.py:190} INFO - [2025-01-01T10:07:48.337+0000] {dagbag.py:588} INFO - Filling up the DagBag from /home/airflow/.local/lib/python3.12/site-packages/airflow/example_dags/example_branch_labels.py
[2025-01-01T10:07:48.736+0000] {processor.py:925} INFO - DAG(s) 'example_branch_labels' retrieved from /home/airflow/.local/lib/python3.12/site-packages/airflow/example_dags/example_branch_labels.py
[2025-01-01T10:07:51.120+0000] {logging_mixin.py:190} INFO - [2025-01-01T10:07:51.108+0000] {override.py:1911} INFO - Created Permission View: can edit on DAG:example_branch_labels
[2025-01-01T10:07:51.571+0000] {logging_mixin.py:190} INFO - [2025-01-01T10:07:51.568+0000] {override.py:1911} INFO - Created Permission View: can delete on DAG:example_branch_labels
[2025-01-01T10:07:51.663+0000] {logging_mixin.py:190} INFO - [2025-01-01T10:07:51.659+0000] {override.py:1911} INFO - Created Permission View: can read on DAG:example_branch_labels
[2025-01-01T10:07:51.826+0000] {logging_mixin.py:190} INFO - [2025-01-01T10:07:51.824+0000] {override.py:1911} INFO - Created Permission View: can create on DAG Run:example_branch_labels
[2025-01-01T10:07:52.038+0000] {logging_mixin.py:190} INFO - [2025-01-01T10:07:52.035+0000] {override.py:1911} INFO - Created Permission View: menu access on DAG Run:example_branch_labels
[2025-01-01T10:07:52.459+0000] {logging_mixin.py:190} INFO - [2025-01-01T10:07:52.456+0000] {override.py:1911} INFO - Created Permission View: can delete on DAG Run:example_branch_labels
[2025-01-01T10:07:52.614+0000] {logging_mixin.py:190} INFO - [2025-01-01T10:07:52.611+0000] {override.py:1911} INFO - Created Permission View: can read on DAG Run:example_branch_labels
[2025-01-01T10:07:52.628+0000] {logging_mixin.py:190} INFO - [2025-01-01T10:07:52.626+0000] {dag.py:3239} INFO - Sync 1 DAGs
[2025-01-01T10:07:53.065+0000] {logging_mixin.py:190} INFO - [2025-01-01T10:07:53.063+0000] {dag.py:3262} INFO - Creating ORM DAG for example_branch_labels
[2025-01-01T10:07:53.608+0000] {logging_mixin.py:190} INFO - [2025-01-01T10:07:53.579+0000] {dag.py:4180} INFO - Setting next_dagrun for example_branch_labels to 2024-12-31 00:00:00+00:00, run_after=2025-01-01 00:00:00+00:00
[2025-01-01T10:07:54.197+0000] {processor.py:208} INFO - Processing /home/airflow/.local/lib/python3.12/site-packages/airflow/example_dags/example_branch_labels.py took 6.430 seconds
[2025-01-01T10:09:45.892+0000] {processor.py:186} INFO - Started process (PID=280) to work on /home/airflow/.local/lib/python3.12/site-packages/airflow/example_dags/example_branch_labels.py
[2025-01-01T10:09:45.902+0000] {processor.py:914} INFO - Processing file /home/airflow/.local/lib/python3.12/site-packages/airflow/example_dags/example_branch_labels.py for tasks to queue
[2025-01-01T10:09:45.931+0000] {logging_mixin.py:190} INFO - [2025-01-01T10:09:45.928+0000] {dagbag.py:588} INFO - Filling up the DagBag from /home/airflow/.local/lib/python3.12/site-packages/airflow/example_dags/example_branch_labels.py
[2025-01-01T10:09:46.067+0000] {processor.py:925} INFO - DAG(s) 'example_branch_labels' retrieved from /home/airflow/.local/lib/python3.12/site-packages/airflow/example_dags/example_branch_labels.py
[2025-01-01T10:09:46.309+0000] {logging_mixin.py:190} INFO - [2025-01-01T10:09:46.307+0000] {dag.py:3239} INFO - Sync 1 DAGs
[2025-01-01T10:09:46.582+0000] {logging_mixin.py:190} INFO - [2025-01-01T10:09:46.580+0000] {dag.py:4180} INFO - Setting next_dagrun for example_branch_labels to 2024-12-31 00:00:00+00:00, run_after=2025-01-01 00:00:00+00:00
[2025-01-01T10:09:46.764+0000] {processor.py:208} INFO - Processing /home/airflow/.local/lib/python3.12/site-packages/airflow/example_dags/example_branch_labels.py took 0.993 seconds
[2025-01-01T10:14:45.518+0000] {processor.py:186} INFO - Started process (PID=314) to work on /home/airflow/.local/lib/python3.12/site-packages/airflow/example_dags/example_branch_labels.py
[2025-01-01T10:14:45.520+0000] {processor.py:914} INFO - Processing file /home/airflow/.local/lib/python3.12/site-packages/airflow/example_dags/example_branch_labels.py for tasks to queue
[2025-01-01T10:14:45.523+0000] {logging_mixin.py:190} INFO - [2025-01-01T10:14:45.523+0000] {dagbag.py:588} INFO - Filling up the DagBag from /home/airflow/.local/lib/python3.12/site-packages/airflow/example_dags/example_branch_labels.py
[2025-01-01T10:14:45.539+0000] {processor.py:925} INFO - DAG(s) 'example_branch_labels' retrieved from /home/airflow/.local/lib/python3.12/site-packages/airflow/example_dags/example_branch_labels.py
[2025-01-01T10:14:45.568+0000] {logging_mixin.py:190} INFO - [2025-01-01T10:14:45.568+0000] {dag.py:3239} INFO - Sync 1 DAGs
[2025-01-01T10:14:45.620+0000] {logging_mixin.py:190} INFO - [2025-01-01T10:14:45.620+0000] {dag.py:4180} INFO - Setting next_dagrun for example_branch_labels to 2024-12-31 00:00:00+00:00, run_after=2025-01-01 00:00:00+00:00
[2025-01-01T10:14:45.687+0000] {processor.py:208} INFO - Processing /home/airflow/.local/lib/python3.12/site-packages/airflow/example_dags/example_branch_labels.py took 0.177 seconds
[2025-01-01T10:15:16.670+0000] {processor.py:186} INFO - Started process (PID=376) to work on /home/airflow/.local/lib/python3.12/site-packages/airflow/example_dags/example_branch_labels.py
[2025-01-01T10:15:16.672+0000] {processor.py:914} INFO - Processing file /home/airflow/.local/lib/python3.12/site-packages/airflow/example_dags/example_branch_labels.py for tasks to queue
[2025-01-01T10:15:16.677+0000] {logging_mixin.py:190} INFO - [2025-01-01T10:15:16.676+0000] {dagbag.py:588} INFO - Filling up the DagBag from /home/airflow/.local/lib/python3.12/site-packages/airflow/example_dags/example_branch_labels.py
[2025-01-01T10:15:16.696+0000] {processor.py:925} INFO - DAG(s) 'example_branch_labels' retrieved from /home/airflow/.local/lib/python3.12/site-packages/airflow/example_dags/example_branch_labels.py
[2025-01-01T10:15:16.733+0000] {logging_mixin.py:190} INFO - [2025-01-01T10:15:16.733+0000] {dag.py:3239} INFO - Sync 1 DAGs
[2025-01-01T10:15:16.806+0000] {logging_mixin.py:190} INFO - [2025-01-01T10:15:16.806+0000] {dag.py:4180} INFO - Setting next_dagrun for example_branch_labels to 2024-12-31 00:00:00+00:00, run_after=2025-01-01 00:00:00+00:00
[2025-01-01T10:15:16.840+0000] {processor.py:208} INFO - Processing /home/airflow/.local/lib/python3.12/site-packages/airflow/example_dags/example_branch_labels.py took 0.186 seconds
[2025-01-01T10:15:47.428+0000] {processor.py:186} INFO - Started process (PID=439) to work on /home/airflow/.local/lib/python3.12/site-packages/airflow/example_dags/example_branch_labels.py
[2025-01-01T10:15:47.429+0000] {processor.py:914} INFO - Processing file /home/airflow/.local/lib/python3.12/site-packages/airflow/example_dags/example_branch_labels.py for tasks to queue
[2025-01-01T10:15:47.433+0000] {logging_mixin.py:190} INFO - [2025-01-01T10:15:47.433+0000] {dagbag.py:588} INFO - Filling up the DagBag from /home/airflow/.local/lib/python3.12/site-packages/airflow/example_dags/example_branch_labels.py
[2025-01-01T10:15:47.445+0000] {processor.py:925} INFO - DAG(s) 'example_branch_labels' retrieved from /home/airflow/.local/lib/python3.12/site-packages/airflow/example_dags/example_branch_labels.py
[2025-01-01T10:15:47.479+0000] {logging_mixin.py:190} INFO - [2025-01-01T10:15:47.478+0000] {dag.py:3239} INFO - Sync 1 DAGs
[2025-01-01T10:15:47.506+0000] {logging_mixin.py:190} INFO - [2025-01-01T10:15:47.506+0000] {dag.py:4180} INFO - Setting next_dagrun for example_branch_labels to 2024-12-31 00:00:00+00:00, run_after=2025-01-01 00:00:00+00:00
[2025-01-01T10:15:47.531+0000] {processor.py:208} INFO - Processing /home/airflow/.local/lib/python3.12/site-packages/airflow/example_dags/example_branch_labels.py took 0.110 seconds
[2025-01-01T10:16:18.338+0000] {processor.py:186} INFO - Started process (PID=502) to work on /home/airflow/.local/lib/python3.12/site-packages/airflow/example_dags/example_branch_labels.py
[2025-01-01T10:16:18.340+0000] {processor.py:914} INFO - Processing file /home/airflow/.local/lib/python3.12/site-packages/airflow/example_dags/example_branch_labels.py for tasks to queue
[2025-01-01T10:16:18.343+0000] {logging_mixin.py:190} INFO - [2025-01-01T10:16:18.343+0000] {dagbag.py:588} INFO - Filling up the DagBag from /home/airflow/.local/lib/python3.12/site-packages/airflow/example_dags/example_branch_labels.py
[2025-01-01T10:16:18.355+0000] {processor.py:925} INFO - DAG(s) 'example_branch_labels' retrieved from /home/airflow/.local/lib/python3.12/site-packages/airflow/example_dags/example_branch_labels.py
[2025-01-01T10:16:18.388+0000] {logging_mixin.py:190} INFO - [2025-01-01T10:16:18.388+0000] {dag.py:3239} INFO - Sync 1 DAGs
[2025-01-01T10:16:18.419+0000] {logging_mixin.py:190} INFO - [2025-01-01T10:16:18.418+0000] {dag.py:4180} INFO - Setting next_dagrun for example_branch_labels to 2024-12-31 00:00:00+00:00, run_after=2025-01-01 00:00:00+00:00
[2025-01-01T10:16:18.444+0000] {processor.py:208} INFO - Processing /home/airflow/.local/lib/python3.12/site-packages/airflow/example_dags/example_branch_labels.py took 0.114 seconds
[2025-01-01T10:16:49.173+0000] {processor.py:186} INFO - Started process (PID=564) to work on /home/airflow/.local/lib/python3.12/site-packages/airflow/example_dags/example_branch_labels.py
[2025-01-01T10:16:49.174+0000] {processor.py:914} INFO - Processing file /home/airflow/.local/lib/python3.12/site-packages/airflow/example_dags/example_branch_labels.py for tasks to queue
[2025-01-01T10:16:49.179+0000] {logging_mixin.py:190} INFO - [2025-01-01T10:16:49.178+0000] {dagbag.py:588} INFO - Filling up the DagBag from /home/airflow/.local/lib/python3.12/site-packages/airflow/example_dags/example_branch_labels.py
[2025-01-01T10:16:49.193+0000] {processor.py:925} INFO - DAG(s) 'example_branch_labels' retrieved from /home/airflow/.local/lib/python3.12/site-packages/airflow/example_dags/example_branch_labels.py
[2025-01-01T10:16:49.222+0000] {logging_mixin.py:190} INFO - [2025-01-01T10:16:49.222+0000] {dag.py:3239} INFO - Sync 1 DAGs
[2025-01-01T10:16:49.256+0000] {logging_mixin.py:190} INFO - [2025-01-01T10:16:49.256+0000] {dag.py:4180} INFO - Setting next_dagrun for example_branch_labels to 2024-12-31 00:00:00+00:00, run_after=2025-01-01 00:00:00+00:00
[2025-01-01T10:16:49.284+0000] {processor.py:208} INFO - Processing /home/airflow/.local/lib/python3.12/site-packages/airflow/example_dags/example_branch_labels.py took 0.119 seconds
[2025-01-01T10:17:19.484+0000] {processor.py:186} INFO - Started process (PID=627) to work on /home/airflow/.local/lib/python3.12/site-packages/airflow/example_dags/example_branch_labels.py
[2025-01-01T10:17:19.486+0000] {processor.py:914} INFO - Processing file /home/airflow/.local/lib/python3.12/site-packages/airflow/example_dags/example_branch_labels.py for tasks to queue
[2025-01-01T10:17:19.488+0000] {logging_mixin.py:190} INFO - [2025-01-01T10:17:19.488+0000] {dagbag.py:588} INFO - Filling up the DagBag from /home/airflow/.local/lib/python3.12/site-packages/airflow/example_dags/example_branch_labels.py
[2025-01-01T10:17:19.503+0000] {processor.py:925} INFO - DAG(s) 'example_branch_labels' retrieved from /home/airflow/.local/lib/python3.12/site-packages/airflow/example_dags/example_branch_labels.py
[2025-01-01T10:17:19.528+0000] {logging_mixin.py:190} INFO - [2025-01-01T10:17:19.527+0000] {dag.py:3239} INFO - Sync 1 DAGs
[2025-01-01T10:17:19.556+0000] {logging_mixin.py:190} INFO - [2025-01-01T10:17:19.556+0000] {dag.py:4180} INFO - Setting next_dagrun for example_branch_labels to 2024-12-31 00:00:00+00:00, run_after=2025-01-01 00:00:00+00:00
[2025-01-01T10:17:19.582+0000] {processor.py:208} INFO - Processing /home/airflow/.local/lib/python3.12/site-packages/airflow/example_dags/example_branch_labels.py took 0.104 seconds
[2025-01-01T10:17:50.157+0000] {processor.py:186} INFO - Started process (PID=690) to work on /home/airflow/.local/lib/python3.12/site-packages/airflow/example_dags/example_branch_labels.py
[2025-01-01T10:17:50.159+0000] {processor.py:914} INFO - Processing file /home/airflow/.local/lib/python3.12/site-packages/airflow/example_dags/example_branch_labels.py for tasks to queue
[2025-01-01T10:17:50.162+0000] {logging_mixin.py:190} INFO - [2025-01-01T10:17:50.162+0000] {dagbag.py:588} INFO - Filling up the DagBag from /home/airflow/.local/lib/python3.12/site-packages/airflow/example_dags/example_branch_labels.py
[2025-01-01T10:17:50.179+0000] {processor.py:925} INFO - DAG(s) 'example_branch_labels' retrieved from /home/airflow/.local/lib/python3.12/site-packages/airflow/example_dags/example_branch_labels.py
[2025-01-01T10:17:50.213+0000] {logging_mixin.py:190} INFO - [2025-01-01T10:17:50.212+0000] {dag.py:3239} INFO - Sync 1 DAGs
[2025-01-01T10:17:50.248+0000] {logging_mixin.py:190} INFO - [2025-01-01T10:17:50.247+0000] {dag.py:4180} INFO - Setting next_dagrun for example_branch_labels to 2024-12-31 00:00:00+00:00, run_after=2025-01-01 00:00:00+00:00
[2025-01-01T10:17:50.279+0000] {processor.py:208} INFO - Processing /home/airflow/.local/lib/python3.12/site-packages/airflow/example_dags/example_branch_labels.py took 0.130 seconds
[2025-01-01T10:18:20.976+0000] {processor.py:186} INFO - Started process (PID=753) to work on /home/airflow/.local/lib/python3.12/site-packages/airflow/example_dags/example_branch_labels.py
[2025-01-01T10:18:20.979+0000] {processor.py:914} INFO - Processing file /home/airflow/.local/lib/python3.12/site-packages/airflow/example_dags/example_branch_labels.py for tasks to queue
[2025-01-01T10:18:20.988+0000] {logging_mixin.py:190} INFO - [2025-01-01T10:18:20.987+0000] {dagbag.py:588} INFO - Filling up the DagBag from /home/airflow/.local/lib/python3.12/site-packages/airflow/example_dags/example_branch_labels.py
[2025-01-01T10:18:21.026+0000] {processor.py:925} INFO - DAG(s) 'example_branch_labels' retrieved from /home/airflow/.local/lib/python3.12/site-packages/airflow/example_dags/example_branch_labels.py
[2025-01-01T10:18:21.096+0000] {logging_mixin.py:190} INFO - [2025-01-01T10:18:21.096+0000] {dag.py:3239} INFO - Sync 1 DAGs
[2025-01-01T10:18:21.179+0000] {logging_mixin.py:190} INFO - [2025-01-01T10:18:21.178+0000] {dag.py:4180} INFO - Setting next_dagrun for example_branch_labels to 2024-12-31 00:00:00+00:00, run_after=2025-01-01 00:00:00+00:00
[2025-01-01T10:18:21.249+0000] {processor.py:208} INFO - Processing /home/airflow/.local/lib/python3.12/site-packages/airflow/example_dags/example_branch_labels.py took 0.295 seconds
[2025-01-01T10:19:00.528+0000] {processor.py:186} INFO - Started process (PID=821) to work on /home/airflow/.local/lib/python3.12/site-packages/airflow/example_dags/example_branch_labels.py
[2025-01-01T10:19:00.537+0000] {processor.py:914} INFO - Processing file /home/airflow/.local/lib/python3.12/site-packages/airflow/example_dags/example_branch_labels.py for tasks to queue
[2025-01-01T10:19:00.561+0000] {logging_mixin.py:190} INFO - [2025-01-01T10:19:00.559+0000] {dagbag.py:588} INFO - Filling up the DagBag from /home/airflow/.local/lib/python3.12/site-packages/airflow/example_dags/example_branch_labels.py
[2025-01-01T10:19:00.698+0000] {processor.py:925} INFO - DAG(s) 'example_branch_labels' retrieved from /home/airflow/.local/lib/python3.12/site-packages/airflow/example_dags/example_branch_labels.py
[2025-01-01T10:19:00.880+0000] {logging_mixin.py:190} INFO - [2025-01-01T10:19:00.879+0000] {dag.py:3239} INFO - Sync 1 DAGs
[2025-01-01T10:19:01.060+0000] {logging_mixin.py:190} INFO - [2025-01-01T10:19:01.058+0000] {dag.py:4180} INFO - Setting next_dagrun for example_branch_labels to 2024-12-31 00:00:00+00:00, run_after=2025-01-01 00:00:00+00:00
[2025-01-01T10:19:01.179+0000] {processor.py:208} INFO - Processing /home/airflow/.local/lib/python3.12/site-packages/airflow/example_dags/example_branch_labels.py took 0.732 seconds
[2025-01-01T10:19:37.909+0000] {processor.py:186} INFO - Started process (PID=883) to work on /home/airflow/.local/lib/python3.12/site-packages/airflow/example_dags/example_branch_labels.py
[2025-01-01T10:19:37.914+0000] {processor.py:914} INFO - Processing file /home/airflow/.local/lib/python3.12/site-packages/airflow/example_dags/example_branch_labels.py for tasks to queue
[2025-01-01T10:19:37.928+0000] {logging_mixin.py:190} INFO - [2025-01-01T10:19:37.926+0000] {dagbag.py:588} INFO - Filling up the DagBag from /home/airflow/.local/lib/python3.12/site-packages/airflow/example_dags/example_branch_labels.py
[2025-01-01T10:19:37.984+0000] {processor.py:925} INFO - DAG(s) 'example_branch_labels' retrieved from /home/airflow/.local/lib/python3.12/site-packages/airflow/example_dags/example_branch_labels.py
[2025-01-01T10:19:38.077+0000] {logging_mixin.py:190} INFO - [2025-01-01T10:19:38.076+0000] {dag.py:3239} INFO - Sync 1 DAGs
[2025-01-01T10:19:38.178+0000] {logging_mixin.py:190} INFO - [2025-01-01T10:19:38.178+0000] {dag.py:4180} INFO - Setting next_dagrun for example_branch_labels to 2024-12-31 00:00:00+00:00, run_after=2025-01-01 00:00:00+00:00
[2025-01-01T10:19:38.257+0000] {processor.py:208} INFO - Processing /home/airflow/.local/lib/python3.12/site-packages/airflow/example_dags/example_branch_labels.py took 0.382 seconds
[2025-01-01T10:20:08.689+0000] {processor.py:186} INFO - Started process (PID=945) to work on /home/airflow/.local/lib/python3.12/site-packages/airflow/example_dags/example_branch_labels.py
[2025-01-01T10:20:08.692+0000] {processor.py:914} INFO - Processing file /home/airflow/.local/lib/python3.12/site-packages/airflow/example_dags/example_branch_labels.py for tasks to queue
[2025-01-01T10:20:08.699+0000] {logging_mixin.py:190} INFO - [2025-01-01T10:20:08.698+0000] {dagbag.py:588} INFO - Filling up the DagBag from /home/airflow/.local/lib/python3.12/site-packages/airflow/example_dags/example_branch_labels.py
[2025-01-01T10:20:08.722+0000] {processor.py:925} INFO - DAG(s) 'example_branch_labels' retrieved from /home/airflow/.local/lib/python3.12/site-packages/airflow/example_dags/example_branch_labels.py
[2025-01-01T10:20:08.767+0000] {logging_mixin.py:190} INFO - [2025-01-01T10:20:08.766+0000] {dag.py:3239} INFO - Sync 1 DAGs
[2025-01-01T10:20:08.819+0000] {logging_mixin.py:190} INFO - [2025-01-01T10:20:08.819+0000] {dag.py:4180} INFO - Setting next_dagrun for example_branch_labels to 2024-12-31 00:00:00+00:00, run_after=2025-01-01 00:00:00+00:00
[2025-01-01T10:20:08.862+0000] {processor.py:208} INFO - Processing /home/airflow/.local/lib/python3.12/site-packages/airflow/example_dags/example_branch_labels.py took 0.188 seconds
[2025-01-01T10:20:39.016+0000] {processor.py:186} INFO - Started process (PID=1008) to work on /home/airflow/.local/lib/python3.12/site-packages/airflow/example_dags/example_branch_labels.py
[2025-01-01T10:20:39.018+0000] {processor.py:914} INFO - Processing file /home/airflow/.local/lib/python3.12/site-packages/airflow/example_dags/example_branch_labels.py for tasks to queue
[2025-01-01T10:20:39.022+0000] {logging_mixin.py:190} INFO - [2025-01-01T10:20:39.022+0000] {dagbag.py:588} INFO - Filling up the DagBag from /home/airflow/.local/lib/python3.12/site-packages/airflow/example_dags/example_branch_labels.py
[2025-01-01T10:20:39.037+0000] {processor.py:925} INFO - DAG(s) 'example_branch_labels' retrieved from /home/airflow/.local/lib/python3.12/site-packages/airflow/example_dags/example_branch_labels.py
[2025-01-01T10:20:39.064+0000] {logging_mixin.py:190} INFO - [2025-01-01T10:20:39.064+0000] {dag.py:3239} INFO - Sync 1 DAGs
[2025-01-01T10:20:39.094+0000] {logging_mixin.py:190} INFO - [2025-01-01T10:20:39.094+0000] {dag.py:4180} INFO - Setting next_dagrun for example_branch_labels to 2024-12-31 00:00:00+00:00, run_after=2025-01-01 00:00:00+00:00
[2025-01-01T10:20:39.124+0000] {processor.py:208} INFO - Processing /home/airflow/.local/lib/python3.12/site-packages/airflow/example_dags/example_branch_labels.py took 0.117 seconds
[2025-01-01T10:21:09.993+0000] {processor.py:186} INFO - Started process (PID=1070) to work on /home/airflow/.local/lib/python3.12/site-packages/airflow/example_dags/example_branch_labels.py
[2025-01-01T10:21:09.995+0000] {processor.py:914} INFO - Processing file /home/airflow/.local/lib/python3.12/site-packages/airflow/example_dags/example_branch_labels.py for tasks to queue
[2025-01-01T10:21:10.000+0000] {logging_mixin.py:190} INFO - [2025-01-01T10:21:09.999+0000] {dagbag.py:588} INFO - Filling up the DagBag from /home/airflow/.local/lib/python3.12/site-packages/airflow/example_dags/example_branch_labels.py
[2025-01-01T10:21:10.019+0000] {processor.py:925} INFO - DAG(s) 'example_branch_labels' retrieved from /home/airflow/.local/lib/python3.12/site-packages/airflow/example_dags/example_branch_labels.py
[2025-01-01T10:21:10.051+0000] {logging_mixin.py:190} INFO - [2025-01-01T10:21:10.050+0000] {dag.py:3239} INFO - Sync 1 DAGs
[2025-01-01T10:21:10.089+0000] {logging_mixin.py:190} INFO - [2025-01-01T10:21:10.089+0000] {dag.py:4180} INFO - Setting next_dagrun for example_branch_labels to 2024-12-31 00:00:00+00:00, run_after=2025-01-01 00:00:00+00:00
[2025-01-01T10:21:10.123+0000] {processor.py:208} INFO - Processing /home/airflow/.local/lib/python3.12/site-packages/airflow/example_dags/example_branch_labels.py took 0.139 seconds
[2025-01-01T10:21:40.823+0000] {processor.py:186} INFO - Started process (PID=1134) to work on /home/airflow/.local/lib/python3.12/site-packages/airflow/example_dags/example_branch_labels.py
[2025-01-01T10:21:40.829+0000] {processor.py:914} INFO - Processing file /home/airflow/.local/lib/python3.12/site-packages/airflow/example_dags/example_branch_labels.py for tasks to queue
[2025-01-01T10:21:40.841+0000] {logging_mixin.py:190} INFO - [2025-01-01T10:21:40.840+0000] {dagbag.py:588} INFO - Filling up the DagBag from /home/airflow/.local/lib/python3.12/site-packages/airflow/example_dags/example_branch_labels.py
[2025-01-01T10:21:40.864+0000] {processor.py:925} INFO - DAG(s) 'example_branch_labels' retrieved from /home/airflow/.local/lib/python3.12/site-packages/airflow/example_dags/example_branch_labels.py
[2025-01-01T10:21:40.906+0000] {logging_mixin.py:190} INFO - [2025-01-01T10:21:40.906+0000] {dag.py:3239} INFO - Sync 1 DAGs
[2025-01-01T10:21:40.957+0000] {logging_mixin.py:190} INFO - [2025-01-01T10:21:40.956+0000] {dag.py:4180} INFO - Setting next_dagrun for example_branch_labels to 2024-12-31 00:00:00+00:00, run_after=2025-01-01 00:00:00+00:00
[2025-01-01T10:21:40.998+0000] {processor.py:208} INFO - Processing /home/airflow/.local/lib/python3.12/site-packages/airflow/example_dags/example_branch_labels.py took 0.191 seconds
[2025-01-01T10:22:11.706+0000] {processor.py:186} INFO - Started process (PID=1197) to work on /home/airflow/.local/lib/python3.12/site-packages/airflow/example_dags/example_branch_labels.py
[2025-01-01T10:22:11.709+0000] {processor.py:914} INFO - Processing file /home/airflow/.local/lib/python3.12/site-packages/airflow/example_dags/example_branch_labels.py for tasks to queue
[2025-01-01T10:22:11.715+0000] {logging_mixin.py:190} INFO - [2025-01-01T10:22:11.713+0000] {dagbag.py:588} INFO - Filling up the DagBag from /home/airflow/.local/lib/python3.12/site-packages/airflow/example_dags/example_branch_labels.py
[2025-01-01T10:22:11.736+0000] {processor.py:925} INFO - DAG(s) 'example_branch_labels' retrieved from /home/airflow/.local/lib/python3.12/site-packages/airflow/example_dags/example_branch_labels.py
[2025-01-01T10:22:11.771+0000] {logging_mixin.py:190} INFO - [2025-01-01T10:22:11.770+0000] {dag.py:3239} INFO - Sync 1 DAGs
[2025-01-01T10:22:11.824+0000] {logging_mixin.py:190} INFO - [2025-01-01T10:22:11.824+0000] {dag.py:4180} INFO - Setting next_dagrun for example_branch_labels to 2024-12-31 00:00:00+00:00, run_after=2025-01-01 00:00:00+00:00
[2025-01-01T10:22:11.892+0000] {processor.py:208} INFO - Processing /home/airflow/.local/lib/python3.12/site-packages/airflow/example_dags/example_branch_labels.py took 0.198 seconds
[2025-01-01T10:22:42.579+0000] {processor.py:186} INFO - Started process (PID=1260) to work on /home/airflow/.local/lib/python3.12/site-packages/airflow/example_dags/example_branch_labels.py
[2025-01-01T10:22:42.580+0000] {processor.py:914} INFO - Processing file /home/airflow/.local/lib/python3.12/site-packages/airflow/example_dags/example_branch_labels.py for tasks to queue
[2025-01-01T10:22:42.585+0000] {logging_mixin.py:190} INFO - [2025-01-01T10:22:42.584+0000] {dagbag.py:588} INFO - Filling up the DagBag from /home/airflow/.local/lib/python3.12/site-packages/airflow/example_dags/example_branch_labels.py
[2025-01-01T10:22:42.597+0000] {processor.py:925} INFO - DAG(s) 'example_branch_labels' retrieved from /home/airflow/.local/lib/python3.12/site-packages/airflow/example_dags/example_branch_labels.py
[2025-01-01T10:22:42.624+0000] {logging_mixin.py:190} INFO - [2025-01-01T10:22:42.624+0000] {dag.py:3239} INFO - Sync 1 DAGs
[2025-01-01T10:22:42.653+0000] {logging_mixin.py:190} INFO - [2025-01-01T10:22:42.652+0000] {dag.py:4180} INFO - Setting next_dagrun for example_branch_labels to 2024-12-31 00:00:00+00:00, run_after=2025-01-01 00:00:00+00:00
[2025-01-01T10:22:42.681+0000] {processor.py:208} INFO - Processing /home/airflow/.local/lib/python3.12/site-packages/airflow/example_dags/example_branch_labels.py took 0.110 seconds
[2025-01-01T10:23:12.988+0000] {processor.py:186} INFO - Started process (PID=1323) to work on /home/airflow/.local/lib/python3.12/site-packages/airflow/example_dags/example_branch_labels.py
[2025-01-01T10:23:12.989+0000] {processor.py:914} INFO - Processing file /home/airflow/.local/lib/python3.12/site-packages/airflow/example_dags/example_branch_labels.py for tasks to queue
[2025-01-01T10:23:12.994+0000] {logging_mixin.py:190} INFO - [2025-01-01T10:23:12.992+0000] {dagbag.py:588} INFO - Filling up the DagBag from /home/airflow/.local/lib/python3.12/site-packages/airflow/example_dags/example_branch_labels.py
[2025-01-01T10:23:13.016+0000] {processor.py:925} INFO - DAG(s) 'example_branch_labels' retrieved from /home/airflow/.local/lib/python3.12/site-packages/airflow/example_dags/example_branch_labels.py
[2025-01-01T10:23:13.047+0000] {logging_mixin.py:190} INFO - [2025-01-01T10:23:13.047+0000] {dag.py:3239} INFO - Sync 1 DAGs
[2025-01-01T10:23:13.085+0000] {logging_mixin.py:190} INFO - [2025-01-01T10:23:13.084+0000] {dag.py:4180} INFO - Setting next_dagrun for example_branch_labels to 2024-12-31 00:00:00+00:00, run_after=2025-01-01 00:00:00+00:00
[2025-01-01T10:23:13.114+0000] {processor.py:208} INFO - Processing /home/airflow/.local/lib/python3.12/site-packages/airflow/example_dags/example_branch_labels.py took 0.138 seconds
[2025-01-01T10:23:43.988+0000] {processor.py:186} INFO - Started process (PID=1385) to work on /home/airflow/.local/lib/python3.12/site-packages/airflow/example_dags/example_branch_labels.py
[2025-01-01T10:23:43.996+0000] {processor.py:914} INFO - Processing file /home/airflow/.local/lib/python3.12/site-packages/airflow/example_dags/example_branch_labels.py for tasks to queue
[2025-01-01T10:23:44.016+0000] {logging_mixin.py:190} INFO - [2025-01-01T10:23:44.015+0000] {dagbag.py:588} INFO - Filling up the DagBag from /home/airflow/.local/lib/python3.12/site-packages/airflow/example_dags/example_branch_labels.py
[2025-01-01T10:23:44.099+0000] {processor.py:925} INFO - DAG(s) 'example_branch_labels' retrieved from /home/airflow/.local/lib/python3.12/site-packages/airflow/example_dags/example_branch_labels.py
[2025-01-01T10:23:44.188+0000] {logging_mixin.py:190} INFO - [2025-01-01T10:23:44.187+0000] {dag.py:3239} INFO - Sync 1 DAGs
[2025-01-01T10:23:44.318+0000] {logging_mixin.py:190} INFO - [2025-01-01T10:23:44.317+0000] {dag.py:4180} INFO - Setting next_dagrun for example_branch_labels to 2024-12-31 00:00:00+00:00, run_after=2025-01-01 00:00:00+00:00
[2025-01-01T10:23:44.421+0000] {processor.py:208} INFO - Processing /home/airflow/.local/lib/python3.12/site-packages/airflow/example_dags/example_branch_labels.py took 0.467 seconds
[2025-01-01T10:24:18.757+0000] {processor.py:186} INFO - Started process (PID=1447) to work on /home/airflow/.local/lib/python3.12/site-packages/airflow/example_dags/example_branch_labels.py
[2025-01-01T10:24:18.761+0000] {processor.py:914} INFO - Processing file /home/airflow/.local/lib/python3.12/site-packages/airflow/example_dags/example_branch_labels.py for tasks to queue
[2025-01-01T10:24:18.768+0000] {logging_mixin.py:190} INFO - [2025-01-01T10:24:18.767+0000] {dagbag.py:588} INFO - Filling up the DagBag from /home/airflow/.local/lib/python3.12/site-packages/airflow/example_dags/example_branch_labels.py
[2025-01-01T10:24:18.800+0000] {processor.py:925} INFO - DAG(s) 'example_branch_labels' retrieved from /home/airflow/.local/lib/python3.12/site-packages/airflow/example_dags/example_branch_labels.py
[2025-01-01T10:24:18.862+0000] {logging_mixin.py:190} INFO - [2025-01-01T10:24:18.861+0000] {dag.py:3239} INFO - Sync 1 DAGs
[2025-01-01T10:24:18.929+0000] {logging_mixin.py:190} INFO - [2025-01-01T10:24:18.928+0000] {dag.py:4180} INFO - Setting next_dagrun for example_branch_labels to 2024-12-31 00:00:00+00:00, run_after=2025-01-01 00:00:00+00:00
[2025-01-01T10:24:18.981+0000] {processor.py:208} INFO - Processing /home/airflow/.local/lib/python3.12/site-packages/airflow/example_dags/example_branch_labels.py took 0.243 seconds
[2025-01-01T10:25:00.303+0000] {processor.py:186} INFO - Started process (PID=1502) to work on /home/airflow/.local/lib/python3.12/site-packages/airflow/example_dags/example_branch_labels.py
[2025-01-01T10:25:00.308+0000] {processor.py:914} INFO - Processing file /home/airflow/.local/lib/python3.12/site-packages/airflow/example_dags/example_branch_labels.py for tasks to queue
[2025-01-01T10:25:00.323+0000] {logging_mixin.py:190} INFO - [2025-01-01T10:25:00.322+0000] {dagbag.py:588} INFO - Filling up the DagBag from /home/airflow/.local/lib/python3.12/site-packages/airflow/example_dags/example_branch_labels.py
[2025-01-01T10:25:00.378+0000] {processor.py:925} INFO - DAG(s) 'example_branch_labels' retrieved from /home/airflow/.local/lib/python3.12/site-packages/airflow/example_dags/example_branch_labels.py
[2025-01-01T10:25:00.494+0000] {logging_mixin.py:190} INFO - [2025-01-01T10:25:00.493+0000] {dag.py:3239} INFO - Sync 1 DAGs
[2025-01-01T10:25:00.751+0000] {logging_mixin.py:190} INFO - [2025-01-01T10:25:00.750+0000] {dag.py:4180} INFO - Setting next_dagrun for example_branch_labels to 2024-12-31 00:00:00+00:00, run_after=2025-01-01 00:00:00+00:00
[2025-01-01T10:25:00.883+0000] {processor.py:208} INFO - Processing /home/airflow/.local/lib/python3.12/site-packages/airflow/example_dags/example_branch_labels.py took 0.620 seconds
[2025-01-01T10:25:45.603+0000] {processor.py:186} INFO - Started process (PID=1565) to work on /home/airflow/.local/lib/python3.12/site-packages/airflow/example_dags/example_branch_labels.py
[2025-01-01T10:25:45.612+0000] {processor.py:914} INFO - Processing file /home/airflow/.local/lib/python3.12/site-packages/airflow/example_dags/example_branch_labels.py for tasks to queue
[2025-01-01T10:25:45.644+0000] {logging_mixin.py:190} INFO - [2025-01-01T10:25:45.641+0000] {dagbag.py:588} INFO - Filling up the DagBag from /home/airflow/.local/lib/python3.12/site-packages/airflow/example_dags/example_branch_labels.py
[2025-01-01T10:25:45.739+0000] {processor.py:925} INFO - DAG(s) 'example_branch_labels' retrieved from /home/airflow/.local/lib/python3.12/site-packages/airflow/example_dags/example_branch_labels.py
[2025-01-01T10:25:45.960+0000] {logging_mixin.py:190} INFO - [2025-01-01T10:25:45.957+0000] {dag.py:3239} INFO - Sync 1 DAGs
[2025-01-01T10:25:46.163+0000] {logging_mixin.py:190} INFO - [2025-01-01T10:25:46.161+0000] {dag.py:4180} INFO - Setting next_dagrun for example_branch_labels to 2024-12-31 00:00:00+00:00, run_after=2025-01-01 00:00:00+00:00
[2025-01-01T10:25:46.351+0000] {processor.py:208} INFO - Processing /home/airflow/.local/lib/python3.12/site-packages/airflow/example_dags/example_branch_labels.py took 0.853 seconds
[2025-01-01T10:26:16.952+0000] {processor.py:186} INFO - Started process (PID=1626) to work on /home/airflow/.local/lib/python3.12/site-packages/airflow/example_dags/example_branch_labels.py
[2025-01-01T10:26:16.957+0000] {processor.py:914} INFO - Processing file /home/airflow/.local/lib/python3.12/site-packages/airflow/example_dags/example_branch_labels.py for tasks to queue
[2025-01-01T10:26:16.963+0000] {logging_mixin.py:190} INFO - [2025-01-01T10:26:16.962+0000] {dagbag.py:588} INFO - Filling up the DagBag from /home/airflow/.local/lib/python3.12/site-packages/airflow/example_dags/example_branch_labels.py
[2025-01-01T10:26:16.982+0000] {processor.py:925} INFO - DAG(s) 'example_branch_labels' retrieved from /home/airflow/.local/lib/python3.12/site-packages/airflow/example_dags/example_branch_labels.py
[2025-01-01T10:26:17.024+0000] {logging_mixin.py:190} INFO - [2025-01-01T10:26:17.023+0000] {dag.py:3239} INFO - Sync 1 DAGs
[2025-01-01T10:26:17.147+0000] {logging_mixin.py:190} INFO - [2025-01-01T10:26:17.146+0000] {dag.py:4180} INFO - Setting next_dagrun for example_branch_labels to 2024-12-31 00:00:00+00:00, run_after=2025-01-01 00:00:00+00:00
[2025-01-01T10:26:17.221+0000] {processor.py:208} INFO - Processing /home/airflow/.local/lib/python3.12/site-packages/airflow/example_dags/example_branch_labels.py took 0.295 seconds
[2025-01-01T10:26:49.375+0000] {processor.py:186} INFO - Started process (PID=1690) to work on /home/airflow/.local/lib/python3.12/site-packages/airflow/example_dags/example_branch_labels.py
[2025-01-01T10:26:49.378+0000] {processor.py:914} INFO - Processing file /home/airflow/.local/lib/python3.12/site-packages/airflow/example_dags/example_branch_labels.py for tasks to queue
[2025-01-01T10:26:49.384+0000] {logging_mixin.py:190} INFO - [2025-01-01T10:26:49.383+0000] {dagbag.py:588} INFO - Filling up the DagBag from /home/airflow/.local/lib/python3.12/site-packages/airflow/example_dags/example_branch_labels.py
[2025-01-01T10:26:49.409+0000] {processor.py:925} INFO - DAG(s) 'example_branch_labels' retrieved from /home/airflow/.local/lib/python3.12/site-packages/airflow/example_dags/example_branch_labels.py
[2025-01-01T10:26:49.461+0000] {logging_mixin.py:190} INFO - [2025-01-01T10:26:49.460+0000] {dag.py:3239} INFO - Sync 1 DAGs
[2025-01-01T10:26:49.518+0000] {logging_mixin.py:190} INFO - [2025-01-01T10:26:49.517+0000] {dag.py:4180} INFO - Setting next_dagrun for example_branch_labels to 2024-12-31 00:00:00+00:00, run_after=2025-01-01 00:00:00+00:00
[2025-01-01T10:26:49.563+0000] {processor.py:208} INFO - Processing /home/airflow/.local/lib/python3.12/site-packages/airflow/example_dags/example_branch_labels.py took 0.205 seconds
[2025-01-01T10:27:20.125+0000] {processor.py:186} INFO - Started process (PID=1752) to work on /home/airflow/.local/lib/python3.12/site-packages/airflow/example_dags/example_branch_labels.py
[2025-01-01T10:27:20.127+0000] {processor.py:914} INFO - Processing file /home/airflow/.local/lib/python3.12/site-packages/airflow/example_dags/example_branch_labels.py for tasks to queue
[2025-01-01T10:27:20.133+0000] {logging_mixin.py:190} INFO - [2025-01-01T10:27:20.132+0000] {dagbag.py:588} INFO - Filling up the DagBag from /home/airflow/.local/lib/python3.12/site-packages/airflow/example_dags/example_branch_labels.py
[2025-01-01T10:27:20.162+0000] {processor.py:925} INFO - DAG(s) 'example_branch_labels' retrieved from /home/airflow/.local/lib/python3.12/site-packages/airflow/example_dags/example_branch_labels.py
[2025-01-01T10:27:20.214+0000] {logging_mixin.py:190} INFO - [2025-01-01T10:27:20.213+0000] {dag.py:3239} INFO - Sync 1 DAGs
[2025-01-01T10:27:20.274+0000] {logging_mixin.py:190} INFO - [2025-01-01T10:27:20.273+0000] {dag.py:4180} INFO - Setting next_dagrun for example_branch_labels to 2024-12-31 00:00:00+00:00, run_after=2025-01-01 00:00:00+00:00
[2025-01-01T10:27:20.320+0000] {processor.py:208} INFO - Processing /home/airflow/.local/lib/python3.12/site-packages/airflow/example_dags/example_branch_labels.py took 0.210 seconds
[2025-01-01T10:27:51.040+0000] {processor.py:186} INFO - Started process (PID=1814) to work on /home/airflow/.local/lib/python3.12/site-packages/airflow/example_dags/example_branch_labels.py
[2025-01-01T10:27:51.042+0000] {processor.py:914} INFO - Processing file /home/airflow/.local/lib/python3.12/site-packages/airflow/example_dags/example_branch_labels.py for tasks to queue
[2025-01-01T10:27:51.050+0000] {logging_mixin.py:190} INFO - [2025-01-01T10:27:51.047+0000] {dagbag.py:588} INFO - Filling up the DagBag from /home/airflow/.local/lib/python3.12/site-packages/airflow/example_dags/example_branch_labels.py
[2025-01-01T10:27:51.077+0000] {processor.py:925} INFO - DAG(s) 'example_branch_labels' retrieved from /home/airflow/.local/lib/python3.12/site-packages/airflow/example_dags/example_branch_labels.py
[2025-01-01T10:27:51.108+0000] {logging_mixin.py:190} INFO - [2025-01-01T10:27:51.107+0000] {dag.py:3239} INFO - Sync 1 DAGs
[2025-01-01T10:27:51.150+0000] {logging_mixin.py:190} INFO - [2025-01-01T10:27:51.149+0000] {dag.py:4180} INFO - Setting next_dagrun for example_branch_labels to 2024-12-31 00:00:00+00:00, run_after=2025-01-01 00:00:00+00:00
[2025-01-01T10:27:51.175+0000] {processor.py:208} INFO - Processing /home/airflow/.local/lib/python3.12/site-packages/airflow/example_dags/example_branch_labels.py took 0.141 seconds
[2025-01-01T10:28:21.523+0000] {processor.py:186} INFO - Started process (PID=1877) to work on /home/airflow/.local/lib/python3.12/site-packages/airflow/example_dags/example_branch_labels.py
[2025-01-01T10:28:21.526+0000] {processor.py:914} INFO - Processing file /home/airflow/.local/lib/python3.12/site-packages/airflow/example_dags/example_branch_labels.py for tasks to queue
[2025-01-01T10:28:21.534+0000] {logging_mixin.py:190} INFO - [2025-01-01T10:28:21.533+0000] {dagbag.py:588} INFO - Filling up the DagBag from /home/airflow/.local/lib/python3.12/site-packages/airflow/example_dags/example_branch_labels.py
[2025-01-01T10:28:21.571+0000] {processor.py:925} INFO - DAG(s) 'example_branch_labels' retrieved from /home/airflow/.local/lib/python3.12/site-packages/airflow/example_dags/example_branch_labels.py
[2025-01-01T10:28:21.643+0000] {logging_mixin.py:190} INFO - [2025-01-01T10:28:21.642+0000] {dag.py:3239} INFO - Sync 1 DAGs
[2025-01-01T10:28:21.735+0000] {logging_mixin.py:190} INFO - [2025-01-01T10:28:21.734+0000] {dag.py:4180} INFO - Setting next_dagrun for example_branch_labels to 2024-12-31 00:00:00+00:00, run_after=2025-01-01 00:00:00+00:00
[2025-01-01T10:28:21.814+0000] {processor.py:208} INFO - Processing /home/airflow/.local/lib/python3.12/site-packages/airflow/example_dags/example_branch_labels.py took 0.311 seconds
[2025-01-01T10:29:12.413+0000] {processor.py:186} INFO - Started process (PID=1947) to work on /home/airflow/.local/lib/python3.12/site-packages/airflow/example_dags/example_branch_labels.py
[2025-01-01T10:29:12.417+0000] {processor.py:914} INFO - Processing file /home/airflow/.local/lib/python3.12/site-packages/airflow/example_dags/example_branch_labels.py for tasks to queue
[2025-01-01T10:29:12.430+0000] {logging_mixin.py:190} INFO - [2025-01-01T10:29:12.429+0000] {dagbag.py:588} INFO - Filling up the DagBag from /home/airflow/.local/lib/python3.12/site-packages/airflow/example_dags/example_branch_labels.py
[2025-01-01T10:29:12.494+0000] {processor.py:925} INFO - DAG(s) 'example_branch_labels' retrieved from /home/airflow/.local/lib/python3.12/site-packages/airflow/example_dags/example_branch_labels.py
[2025-01-01T10:29:12.630+0000] {logging_mixin.py:190} INFO - [2025-01-01T10:29:12.629+0000] {dag.py:3239} INFO - Sync 1 DAGs
[2025-01-01T10:29:12.759+0000] {logging_mixin.py:190} INFO - [2025-01-01T10:29:12.757+0000] {dag.py:4180} INFO - Setting next_dagrun for example_branch_labels to 2024-12-31 00:00:00+00:00, run_after=2025-01-01 00:00:00+00:00
[2025-01-01T10:29:12.873+0000] {processor.py:208} INFO - Processing /home/airflow/.local/lib/python3.12/site-packages/airflow/example_dags/example_branch_labels.py took 0.501 seconds
[2025-01-01T10:29:43.695+0000] {processor.py:186} INFO - Started process (PID=2009) to work on /home/airflow/.local/lib/python3.12/site-packages/airflow/example_dags/example_branch_labels.py
[2025-01-01T10:29:43.702+0000] {processor.py:914} INFO - Processing file /home/airflow/.local/lib/python3.12/site-packages/airflow/example_dags/example_branch_labels.py for tasks to queue
[2025-01-01T10:29:43.731+0000] {logging_mixin.py:190} INFO - [2025-01-01T10:29:43.729+0000] {dagbag.py:588} INFO - Filling up the DagBag from /home/airflow/.local/lib/python3.12/site-packages/airflow/example_dags/example_branch_labels.py
[2025-01-01T10:29:43.859+0000] {processor.py:925} INFO - DAG(s) 'example_branch_labels' retrieved from /home/airflow/.local/lib/python3.12/site-packages/airflow/example_dags/example_branch_labels.py
[2025-01-01T10:29:44.069+0000] {logging_mixin.py:190} INFO - [2025-01-01T10:29:44.064+0000] {dag.py:3239} INFO - Sync 1 DAGs
[2025-01-01T10:29:44.351+0000] {logging_mixin.py:190} INFO - [2025-01-01T10:29:44.350+0000] {dag.py:4180} INFO - Setting next_dagrun for example_branch_labels to 2024-12-31 00:00:00+00:00, run_after=2025-01-01 00:00:00+00:00
[2025-01-01T10:29:44.507+0000] {processor.py:208} INFO - Processing /home/airflow/.local/lib/python3.12/site-packages/airflow/example_dags/example_branch_labels.py took 0.876 seconds
[2025-01-01T10:30:18.972+0000] {processor.py:186} INFO - Started process (PID=2060) to work on /home/airflow/.local/lib/python3.12/site-packages/airflow/example_dags/example_branch_labels.py
[2025-01-01T10:30:19.008+0000] {processor.py:914} INFO - Processing file /home/airflow/.local/lib/python3.12/site-packages/airflow/example_dags/example_branch_labels.py for tasks to queue
[2025-01-01T10:30:19.092+0000] {logging_mixin.py:190} INFO - [2025-01-01T10:30:19.080+0000] {dagbag.py:588} INFO - Filling up the DagBag from /home/airflow/.local/lib/python3.12/site-packages/airflow/example_dags/example_branch_labels.py
[2025-01-01T10:30:19.280+0000] {processor.py:925} INFO - DAG(s) 'example_branch_labels' retrieved from /home/airflow/.local/lib/python3.12/site-packages/airflow/example_dags/example_branch_labels.py
[2025-01-01T10:30:19.502+0000] {logging_mixin.py:190} INFO - [2025-01-01T10:30:19.501+0000] {dag.py:3239} INFO - Sync 1 DAGs
[2025-01-01T10:30:19.916+0000] {logging_mixin.py:190} INFO - [2025-01-01T10:30:19.912+0000] {dag.py:4180} INFO - Setting next_dagrun for example_branch_labels to 2024-12-31 00:00:00+00:00, run_after=2025-01-01 00:00:00+00:00
[2025-01-01T10:30:20.150+0000] {processor.py:208} INFO - Processing /home/airflow/.local/lib/python3.12/site-packages/airflow/example_dags/example_branch_labels.py took 1.312 seconds
[2025-01-01T10:30:51.023+0000] {processor.py:186} INFO - Started process (PID=2124) to work on /home/airflow/.local/lib/python3.12/site-packages/airflow/example_dags/example_branch_labels.py
[2025-01-01T10:30:51.027+0000] {processor.py:914} INFO - Processing file /home/airflow/.local/lib/python3.12/site-packages/airflow/example_dags/example_branch_labels.py for tasks to queue
[2025-01-01T10:30:51.036+0000] {logging_mixin.py:190} INFO - [2025-01-01T10:30:51.035+0000] {dagbag.py:588} INFO - Filling up the DagBag from /home/airflow/.local/lib/python3.12/site-packages/airflow/example_dags/example_branch_labels.py
[2025-01-01T10:30:51.067+0000] {processor.py:925} INFO - DAG(s) 'example_branch_labels' retrieved from /home/airflow/.local/lib/python3.12/site-packages/airflow/example_dags/example_branch_labels.py
[2025-01-01T10:30:51.124+0000] {logging_mixin.py:190} INFO - [2025-01-01T10:30:51.123+0000] {dag.py:3239} INFO - Sync 1 DAGs
[2025-01-01T10:30:51.201+0000] {logging_mixin.py:190} INFO - [2025-01-01T10:30:51.200+0000] {dag.py:4180} INFO - Setting next_dagrun for example_branch_labels to 2024-12-31 00:00:00+00:00, run_after=2025-01-01 00:00:00+00:00
[2025-01-01T10:30:51.263+0000] {processor.py:208} INFO - Processing /home/airflow/.local/lib/python3.12/site-packages/airflow/example_dags/example_branch_labels.py took 0.277 seconds
[2025-01-01T10:31:29.503+0000] {processor.py:186} INFO - Started process (PID=2182) to work on /home/airflow/.local/lib/python3.12/site-packages/airflow/example_dags/example_branch_labels.py
[2025-01-01T10:31:29.514+0000] {processor.py:914} INFO - Processing file /home/airflow/.local/lib/python3.12/site-packages/airflow/example_dags/example_branch_labels.py for tasks to queue
[2025-01-01T10:31:29.542+0000] {logging_mixin.py:190} INFO - [2025-01-01T10:31:29.538+0000] {dagbag.py:588} INFO - Filling up the DagBag from /home/airflow/.local/lib/python3.12/site-packages/airflow/example_dags/example_branch_labels.py
[2025-01-01T10:31:29.663+0000] {processor.py:925} INFO - DAG(s) 'example_branch_labels' retrieved from /home/airflow/.local/lib/python3.12/site-packages/airflow/example_dags/example_branch_labels.py
[2025-01-01T10:31:29.943+0000] {logging_mixin.py:190} INFO - [2025-01-01T10:31:29.934+0000] {dag.py:3239} INFO - Sync 1 DAGs
[2025-01-01T10:31:30.191+0000] {logging_mixin.py:190} INFO - [2025-01-01T10:31:30.190+0000] {dag.py:4180} INFO - Setting next_dagrun for example_branch_labels to 2024-12-31 00:00:00+00:00, run_after=2025-01-01 00:00:00+00:00
[2025-01-01T10:31:30.358+0000] {processor.py:208} INFO - Processing /home/airflow/.local/lib/python3.12/site-packages/airflow/example_dags/example_branch_labels.py took 0.910 seconds
[2025-01-01T10:32:01.238+0000] {processor.py:186} INFO - Started process (PID=2245) to work on /home/airflow/.local/lib/python3.12/site-packages/airflow/example_dags/example_branch_labels.py
[2025-01-01T10:32:01.243+0000] {processor.py:914} INFO - Processing file /home/airflow/.local/lib/python3.12/site-packages/airflow/example_dags/example_branch_labels.py for tasks to queue
[2025-01-01T10:32:01.266+0000] {logging_mixin.py:190} INFO - [2025-01-01T10:32:01.264+0000] {dagbag.py:588} INFO - Filling up the DagBag from /home/airflow/.local/lib/python3.12/site-packages/airflow/example_dags/example_branch_labels.py
[2025-01-01T10:32:01.318+0000] {processor.py:925} INFO - DAG(s) 'example_branch_labels' retrieved from /home/airflow/.local/lib/python3.12/site-packages/airflow/example_dags/example_branch_labels.py
[2025-01-01T10:32:01.448+0000] {logging_mixin.py:190} INFO - [2025-01-01T10:32:01.447+0000] {dag.py:3239} INFO - Sync 1 DAGs
[2025-01-01T10:32:01.517+0000] {logging_mixin.py:190} INFO - [2025-01-01T10:32:01.516+0000] {dag.py:4180} INFO - Setting next_dagrun for example_branch_labels to 2024-12-31 00:00:00+00:00, run_after=2025-01-01 00:00:00+00:00
[2025-01-01T10:32:01.637+0000] {processor.py:208} INFO - Processing /home/airflow/.local/lib/python3.12/site-packages/airflow/example_dags/example_branch_labels.py took 0.434 seconds
[2025-01-01T10:32:32.480+0000] {processor.py:186} INFO - Started process (PID=2314) to work on /home/airflow/.local/lib/python3.12/site-packages/airflow/example_dags/example_branch_labels.py
[2025-01-01T10:32:32.482+0000] {processor.py:914} INFO - Processing file /home/airflow/.local/lib/python3.12/site-packages/airflow/example_dags/example_branch_labels.py for tasks to queue
[2025-01-01T10:32:32.485+0000] {logging_mixin.py:190} INFO - [2025-01-01T10:32:32.485+0000] {dagbag.py:588} INFO - Filling up the DagBag from /home/airflow/.local/lib/python3.12/site-packages/airflow/example_dags/example_branch_labels.py
[2025-01-01T10:32:32.499+0000] {processor.py:925} INFO - DAG(s) 'example_branch_labels' retrieved from /home/airflow/.local/lib/python3.12/site-packages/airflow/example_dags/example_branch_labels.py
[2025-01-01T10:32:32.528+0000] {logging_mixin.py:190} INFO - [2025-01-01T10:32:32.528+0000] {dag.py:3239} INFO - Sync 1 DAGs
[2025-01-01T10:32:32.563+0000] {logging_mixin.py:190} INFO - [2025-01-01T10:32:32.563+0000] {dag.py:4180} INFO - Setting next_dagrun for example_branch_labels to 2024-12-31 00:00:00+00:00, run_after=2025-01-01 00:00:00+00:00
[2025-01-01T10:32:32.593+0000] {processor.py:208} INFO - Processing /home/airflow/.local/lib/python3.12/site-packages/airflow/example_dags/example_branch_labels.py took 0.121 seconds
[2025-01-01T10:33:03.458+0000] {processor.py:186} INFO - Started process (PID=2378) to work on /home/airflow/.local/lib/python3.12/site-packages/airflow/example_dags/example_branch_labels.py
[2025-01-01T10:33:03.460+0000] {processor.py:914} INFO - Processing file /home/airflow/.local/lib/python3.12/site-packages/airflow/example_dags/example_branch_labels.py for tasks to queue
[2025-01-01T10:33:03.465+0000] {logging_mixin.py:190} INFO - [2025-01-01T10:33:03.465+0000] {dagbag.py:588} INFO - Filling up the DagBag from /home/airflow/.local/lib/python3.12/site-packages/airflow/example_dags/example_branch_labels.py
[2025-01-01T10:33:03.488+0000] {processor.py:925} INFO - DAG(s) 'example_branch_labels' retrieved from /home/airflow/.local/lib/python3.12/site-packages/airflow/example_dags/example_branch_labels.py
[2025-01-01T10:33:03.537+0000] {logging_mixin.py:190} INFO - [2025-01-01T10:33:03.536+0000] {dag.py:3239} INFO - Sync 1 DAGs
[2025-01-01T10:33:03.596+0000] {logging_mixin.py:190} INFO - [2025-01-01T10:33:03.595+0000] {dag.py:4180} INFO - Setting next_dagrun for example_branch_labels to 2024-12-31 00:00:00+00:00, run_after=2025-01-01 00:00:00+00:00
[2025-01-01T10:33:03.639+0000] {processor.py:208} INFO - Processing /home/airflow/.local/lib/python3.12/site-packages/airflow/example_dags/example_branch_labels.py took 0.191 seconds
[2025-01-01T10:33:34.531+0000] {processor.py:186} INFO - Started process (PID=2442) to work on /home/airflow/.local/lib/python3.12/site-packages/airflow/example_dags/example_branch_labels.py
[2025-01-01T10:33:34.535+0000] {processor.py:914} INFO - Processing file /home/airflow/.local/lib/python3.12/site-packages/airflow/example_dags/example_branch_labels.py for tasks to queue
[2025-01-01T10:33:34.547+0000] {logging_mixin.py:190} INFO - [2025-01-01T10:33:34.544+0000] {dagbag.py:588} INFO - Filling up the DagBag from /home/airflow/.local/lib/python3.12/site-packages/airflow/example_dags/example_branch_labels.py
[2025-01-01T10:33:34.593+0000] {processor.py:925} INFO - DAG(s) 'example_branch_labels' retrieved from /home/airflow/.local/lib/python3.12/site-packages/airflow/example_dags/example_branch_labels.py
[2025-01-01T10:33:34.680+0000] {logging_mixin.py:190} INFO - [2025-01-01T10:33:34.679+0000] {dag.py:3239} INFO - Sync 1 DAGs
[2025-01-01T10:33:34.782+0000] {logging_mixin.py:190} INFO - [2025-01-01T10:33:34.781+0000] {dag.py:4180} INFO - Setting next_dagrun for example_branch_labels to 2024-12-31 00:00:00+00:00, run_after=2025-01-01 00:00:00+00:00
[2025-01-01T10:33:34.856+0000] {processor.py:208} INFO - Processing /home/airflow/.local/lib/python3.12/site-packages/airflow/example_dags/example_branch_labels.py took 0.355 seconds
[2025-01-01T10:34:05.574+0000] {processor.py:186} INFO - Started process (PID=2504) to work on /home/airflow/.local/lib/python3.12/site-packages/airflow/example_dags/example_branch_labels.py
[2025-01-01T10:34:05.576+0000] {processor.py:914} INFO - Processing file /home/airflow/.local/lib/python3.12/site-packages/airflow/example_dags/example_branch_labels.py for tasks to queue
[2025-01-01T10:34:05.581+0000] {logging_mixin.py:190} INFO - [2025-01-01T10:34:05.581+0000] {dagbag.py:588} INFO - Filling up the DagBag from /home/airflow/.local/lib/python3.12/site-packages/airflow/example_dags/example_branch_labels.py
[2025-01-01T10:34:05.602+0000] {processor.py:925} INFO - DAG(s) 'example_branch_labels' retrieved from /home/airflow/.local/lib/python3.12/site-packages/airflow/example_dags/example_branch_labels.py
[2025-01-01T10:34:05.644+0000] {logging_mixin.py:190} INFO - [2025-01-01T10:34:05.644+0000] {dag.py:3239} INFO - Sync 1 DAGs
[2025-01-01T10:34:05.677+0000] {logging_mixin.py:190} INFO - [2025-01-01T10:34:05.677+0000] {dag.py:4180} INFO - Setting next_dagrun for example_branch_labels to 2024-12-31 00:00:00+00:00, run_after=2025-01-01 00:00:00+00:00
[2025-01-01T10:34:05.709+0000] {processor.py:208} INFO - Processing /home/airflow/.local/lib/python3.12/site-packages/airflow/example_dags/example_branch_labels.py took 0.147 seconds
[2025-01-01T10:34:36.077+0000] {processor.py:186} INFO - Started process (PID=2567) to work on /home/airflow/.local/lib/python3.12/site-packages/airflow/example_dags/example_branch_labels.py
[2025-01-01T10:34:36.079+0000] {processor.py:914} INFO - Processing file /home/airflow/.local/lib/python3.12/site-packages/airflow/example_dags/example_branch_labels.py for tasks to queue
[2025-01-01T10:34:36.085+0000] {logging_mixin.py:190} INFO - [2025-01-01T10:34:36.084+0000] {dagbag.py:588} INFO - Filling up the DagBag from /home/airflow/.local/lib/python3.12/site-packages/airflow/example_dags/example_branch_labels.py
[2025-01-01T10:34:36.100+0000] {processor.py:925} INFO - DAG(s) 'example_branch_labels' retrieved from /home/airflow/.local/lib/python3.12/site-packages/airflow/example_dags/example_branch_labels.py
[2025-01-01T10:34:36.127+0000] {logging_mixin.py:190} INFO - [2025-01-01T10:34:36.127+0000] {dag.py:3239} INFO - Sync 1 DAGs
[2025-01-01T10:34:36.162+0000] {logging_mixin.py:190} INFO - [2025-01-01T10:34:36.162+0000] {dag.py:4180} INFO - Setting next_dagrun for example_branch_labels to 2024-12-31 00:00:00+00:00, run_after=2025-01-01 00:00:00+00:00
[2025-01-01T10:34:36.193+0000] {processor.py:208} INFO - Processing /home/airflow/.local/lib/python3.12/site-packages/airflow/example_dags/example_branch_labels.py took 0.125 seconds
[2025-01-01T10:35:07.041+0000] {processor.py:186} INFO - Started process (PID=2629) to work on /home/airflow/.local/lib/python3.12/site-packages/airflow/example_dags/example_branch_labels.py
[2025-01-01T10:35:07.045+0000] {processor.py:914} INFO - Processing file /home/airflow/.local/lib/python3.12/site-packages/airflow/example_dags/example_branch_labels.py for tasks to queue
[2025-01-01T10:35:07.056+0000] {logging_mixin.py:190} INFO - [2025-01-01T10:35:07.055+0000] {dagbag.py:588} INFO - Filling up the DagBag from /home/airflow/.local/lib/python3.12/site-packages/airflow/example_dags/example_branch_labels.py
[2025-01-01T10:35:07.103+0000] {processor.py:925} INFO - DAG(s) 'example_branch_labels' retrieved from /home/airflow/.local/lib/python3.12/site-packages/airflow/example_dags/example_branch_labels.py
[2025-01-01T10:35:07.176+0000] {logging_mixin.py:190} INFO - [2025-01-01T10:35:07.175+0000] {dag.py:3239} INFO - Sync 1 DAGs
[2025-01-01T10:35:07.293+0000] {logging_mixin.py:190} INFO - [2025-01-01T10:35:07.292+0000] {dag.py:4180} INFO - Setting next_dagrun for example_branch_labels to 2024-12-31 00:00:00+00:00, run_after=2025-01-01 00:00:00+00:00
[2025-01-01T10:35:07.380+0000] {processor.py:208} INFO - Processing /home/airflow/.local/lib/python3.12/site-packages/airflow/example_dags/example_branch_labels.py took 0.371 seconds
[2025-01-01T10:35:37.883+0000] {processor.py:186} INFO - Started process (PID=2691) to work on /home/airflow/.local/lib/python3.12/site-packages/airflow/example_dags/example_branch_labels.py
[2025-01-01T10:35:37.886+0000] {processor.py:914} INFO - Processing file /home/airflow/.local/lib/python3.12/site-packages/airflow/example_dags/example_branch_labels.py for tasks to queue
[2025-01-01T10:35:37.896+0000] {logging_mixin.py:190} INFO - [2025-01-01T10:35:37.895+0000] {dagbag.py:588} INFO - Filling up the DagBag from /home/airflow/.local/lib/python3.12/site-packages/airflow/example_dags/example_branch_labels.py
[2025-01-01T10:35:37.948+0000] {processor.py:925} INFO - DAG(s) 'example_branch_labels' retrieved from /home/airflow/.local/lib/python3.12/site-packages/airflow/example_dags/example_branch_labels.py
[2025-01-01T10:35:38.062+0000] {logging_mixin.py:190} INFO - [2025-01-01T10:35:38.061+0000] {dag.py:3239} INFO - Sync 1 DAGs
[2025-01-01T10:35:38.195+0000] {logging_mixin.py:190} INFO - [2025-01-01T10:35:38.194+0000] {dag.py:4180} INFO - Setting next_dagrun for example_branch_labels to 2024-12-31 00:00:00+00:00, run_after=2025-01-01 00:00:00+00:00
[2025-01-01T10:35:38.285+0000] {processor.py:208} INFO - Processing /home/airflow/.local/lib/python3.12/site-packages/airflow/example_dags/example_branch_labels.py took 0.433 seconds
[2025-01-01T10:36:08.822+0000] {processor.py:186} INFO - Started process (PID=2754) to work on /home/airflow/.local/lib/python3.12/site-packages/airflow/example_dags/example_branch_labels.py
[2025-01-01T10:36:08.824+0000] {processor.py:914} INFO - Processing file /home/airflow/.local/lib/python3.12/site-packages/airflow/example_dags/example_branch_labels.py for tasks to queue
[2025-01-01T10:36:08.829+0000] {logging_mixin.py:190} INFO - [2025-01-01T10:36:08.828+0000] {dagbag.py:588} INFO - Filling up the DagBag from /home/airflow/.local/lib/python3.12/site-packages/airflow/example_dags/example_branch_labels.py
[2025-01-01T10:36:08.853+0000] {processor.py:925} INFO - DAG(s) 'example_branch_labels' retrieved from /home/airflow/.local/lib/python3.12/site-packages/airflow/example_dags/example_branch_labels.py
[2025-01-01T10:36:08.910+0000] {logging_mixin.py:190} INFO - [2025-01-01T10:36:08.909+0000] {dag.py:3239} INFO - Sync 1 DAGs
[2025-01-01T10:36:08.986+0000] {logging_mixin.py:190} INFO - [2025-01-01T10:36:08.985+0000] {dag.py:4180} INFO - Setting next_dagrun for example_branch_labels to 2024-12-31 00:00:00+00:00, run_after=2025-01-01 00:00:00+00:00
[2025-01-01T10:36:09.040+0000] {processor.py:208} INFO - Processing /home/airflow/.local/lib/python3.12/site-packages/airflow/example_dags/example_branch_labels.py took 0.231 seconds
[2025-01-01T10:36:40.529+0000] {processor.py:186} INFO - Started process (PID=2817) to work on /home/airflow/.local/lib/python3.12/site-packages/airflow/example_dags/example_branch_labels.py
[2025-01-01T10:36:40.534+0000] {processor.py:914} INFO - Processing file /home/airflow/.local/lib/python3.12/site-packages/airflow/example_dags/example_branch_labels.py for tasks to queue
[2025-01-01T10:36:40.545+0000] {logging_mixin.py:190} INFO - [2025-01-01T10:36:40.544+0000] {dagbag.py:588} INFO - Filling up the DagBag from /home/airflow/.local/lib/python3.12/site-packages/airflow/example_dags/example_branch_labels.py
[2025-01-01T10:36:40.597+0000] {processor.py:925} INFO - DAG(s) 'example_branch_labels' retrieved from /home/airflow/.local/lib/python3.12/site-packages/airflow/example_dags/example_branch_labels.py
[2025-01-01T10:36:40.678+0000] {logging_mixin.py:190} INFO - [2025-01-01T10:36:40.677+0000] {dag.py:3239} INFO - Sync 1 DAGs
[2025-01-01T10:36:40.783+0000] {logging_mixin.py:190} INFO - [2025-01-01T10:36:40.782+0000] {dag.py:4180} INFO - Setting next_dagrun for example_branch_labels to 2024-12-31 00:00:00+00:00, run_after=2025-01-01 00:00:00+00:00
[2025-01-01T10:36:40.862+0000] {processor.py:208} INFO - Processing /home/airflow/.local/lib/python3.12/site-packages/airflow/example_dags/example_branch_labels.py took 0.363 seconds
[2025-01-01T10:37:11.704+0000] {processor.py:186} INFO - Started process (PID=2880) to work on /home/airflow/.local/lib/python3.12/site-packages/airflow/example_dags/example_branch_labels.py
[2025-01-01T10:37:11.706+0000] {processor.py:914} INFO - Processing file /home/airflow/.local/lib/python3.12/site-packages/airflow/example_dags/example_branch_labels.py for tasks to queue
[2025-01-01T10:37:11.710+0000] {logging_mixin.py:190} INFO - [2025-01-01T10:37:11.709+0000] {dagbag.py:588} INFO - Filling up the DagBag from /home/airflow/.local/lib/python3.12/site-packages/airflow/example_dags/example_branch_labels.py
[2025-01-01T10:37:11.723+0000] {processor.py:925} INFO - DAG(s) 'example_branch_labels' retrieved from /home/airflow/.local/lib/python3.12/site-packages/airflow/example_dags/example_branch_labels.py
[2025-01-01T10:37:11.752+0000] {logging_mixin.py:190} INFO - [2025-01-01T10:37:11.752+0000] {dag.py:3239} INFO - Sync 1 DAGs
[2025-01-01T10:37:11.792+0000] {logging_mixin.py:190} INFO - [2025-01-01T10:37:11.792+0000] {dag.py:4180} INFO - Setting next_dagrun for example_branch_labels to 2024-12-31 00:00:00+00:00, run_after=2025-01-01 00:00:00+00:00
[2025-01-01T10:37:11.824+0000] {processor.py:208} INFO - Processing /home/airflow/.local/lib/python3.12/site-packages/airflow/example_dags/example_branch_labels.py took 0.128 seconds
[2025-01-01T10:37:42.538+0000] {processor.py:186} INFO - Started process (PID=2943) to work on /home/airflow/.local/lib/python3.12/site-packages/airflow/example_dags/example_branch_labels.py
[2025-01-01T10:37:42.539+0000] {processor.py:914} INFO - Processing file /home/airflow/.local/lib/python3.12/site-packages/airflow/example_dags/example_branch_labels.py for tasks to queue
[2025-01-01T10:37:42.541+0000] {logging_mixin.py:190} INFO - [2025-01-01T10:37:42.541+0000] {dagbag.py:588} INFO - Filling up the DagBag from /home/airflow/.local/lib/python3.12/site-packages/airflow/example_dags/example_branch_labels.py
[2025-01-01T10:37:42.550+0000] {processor.py:925} INFO - DAG(s) 'example_branch_labels' retrieved from /home/airflow/.local/lib/python3.12/site-packages/airflow/example_dags/example_branch_labels.py
[2025-01-01T10:37:42.572+0000] {logging_mixin.py:190} INFO - [2025-01-01T10:37:42.572+0000] {dag.py:3239} INFO - Sync 1 DAGs
[2025-01-01T10:37:42.595+0000] {logging_mixin.py:190} INFO - [2025-01-01T10:37:42.595+0000] {dag.py:4180} INFO - Setting next_dagrun for example_branch_labels to 2024-12-31 00:00:00+00:00, run_after=2025-01-01 00:00:00+00:00
[2025-01-01T10:37:42.619+0000] {processor.py:208} INFO - Processing /home/airflow/.local/lib/python3.12/site-packages/airflow/example_dags/example_branch_labels.py took 0.087 seconds
[2025-01-01T10:38:13.039+0000] {processor.py:186} INFO - Started process (PID=3006) to work on /home/airflow/.local/lib/python3.12/site-packages/airflow/example_dags/example_branch_labels.py
[2025-01-01T10:38:13.040+0000] {processor.py:914} INFO - Processing file /home/airflow/.local/lib/python3.12/site-packages/airflow/example_dags/example_branch_labels.py for tasks to queue
[2025-01-01T10:38:13.042+0000] {logging_mixin.py:190} INFO - [2025-01-01T10:38:13.042+0000] {dagbag.py:588} INFO - Filling up the DagBag from /home/airflow/.local/lib/python3.12/site-packages/airflow/example_dags/example_branch_labels.py
[2025-01-01T10:38:13.052+0000] {processor.py:925} INFO - DAG(s) 'example_branch_labels' retrieved from /home/airflow/.local/lib/python3.12/site-packages/airflow/example_dags/example_branch_labels.py
[2025-01-01T10:38:13.073+0000] {logging_mixin.py:190} INFO - [2025-01-01T10:38:13.073+0000] {dag.py:3239} INFO - Sync 1 DAGs
[2025-01-01T10:38:13.100+0000] {logging_mixin.py:190} INFO - [2025-01-01T10:38:13.100+0000] {dag.py:4180} INFO - Setting next_dagrun for example_branch_labels to 2024-12-31 00:00:00+00:00, run_after=2025-01-01 00:00:00+00:00
[2025-01-01T10:38:13.124+0000] {processor.py:208} INFO - Processing /home/airflow/.local/lib/python3.12/site-packages/airflow/example_dags/example_branch_labels.py took 0.092 seconds
[2025-01-01T10:38:43.352+0000] {processor.py:186} INFO - Started process (PID=3068) to work on /home/airflow/.local/lib/python3.12/site-packages/airflow/example_dags/example_branch_labels.py
[2025-01-01T10:38:43.354+0000] {processor.py:914} INFO - Processing file /home/airflow/.local/lib/python3.12/site-packages/airflow/example_dags/example_branch_labels.py for tasks to queue
[2025-01-01T10:38:43.360+0000] {logging_mixin.py:190} INFO - [2025-01-01T10:38:43.359+0000] {dagbag.py:588} INFO - Filling up the DagBag from /home/airflow/.local/lib/python3.12/site-packages/airflow/example_dags/example_branch_labels.py
[2025-01-01T10:38:43.386+0000] {processor.py:925} INFO - DAG(s) 'example_branch_labels' retrieved from /home/airflow/.local/lib/python3.12/site-packages/airflow/example_dags/example_branch_labels.py
[2025-01-01T10:38:43.436+0000] {logging_mixin.py:190} INFO - [2025-01-01T10:38:43.435+0000] {dag.py:3239} INFO - Sync 1 DAGs
[2025-01-01T10:38:43.501+0000] {logging_mixin.py:190} INFO - [2025-01-01T10:38:43.500+0000] {dag.py:4180} INFO - Setting next_dagrun for example_branch_labels to 2024-12-31 00:00:00+00:00, run_after=2025-01-01 00:00:00+00:00
[2025-01-01T10:38:43.548+0000] {processor.py:208} INFO - Processing /home/airflow/.local/lib/python3.12/site-packages/airflow/example_dags/example_branch_labels.py took 0.212 seconds
[2025-01-01T10:39:15.085+0000] {processor.py:186} INFO - Started process (PID=3132) to work on /home/airflow/.local/lib/python3.12/site-packages/airflow/example_dags/example_branch_labels.py
[2025-01-01T10:39:15.089+0000] {processor.py:914} INFO - Processing file /home/airflow/.local/lib/python3.12/site-packages/airflow/example_dags/example_branch_labels.py for tasks to queue
[2025-01-01T10:39:15.098+0000] {logging_mixin.py:190} INFO - [2025-01-01T10:39:15.097+0000] {dagbag.py:588} INFO - Filling up the DagBag from /home/airflow/.local/lib/python3.12/site-packages/airflow/example_dags/example_branch_labels.py
[2025-01-01T10:39:15.136+0000] {processor.py:925} INFO - DAG(s) 'example_branch_labels' retrieved from /home/airflow/.local/lib/python3.12/site-packages/airflow/example_dags/example_branch_labels.py
[2025-01-01T10:39:15.208+0000] {logging_mixin.py:190} INFO - [2025-01-01T10:39:15.207+0000] {dag.py:3239} INFO - Sync 1 DAGs
[2025-01-01T10:39:15.281+0000] {logging_mixin.py:190} INFO - [2025-01-01T10:39:15.280+0000] {dag.py:4180} INFO - Setting next_dagrun for example_branch_labels to 2024-12-31 00:00:00+00:00, run_after=2025-01-01 00:00:00+00:00
[2025-01-01T10:39:15.346+0000] {processor.py:208} INFO - Processing /home/airflow/.local/lib/python3.12/site-packages/airflow/example_dags/example_branch_labels.py took 0.279 seconds
[2025-01-01T10:40:06.703+0000] {processor.py:186} INFO - Started process (PID=3188) to work on /home/airflow/.local/lib/python3.12/site-packages/airflow/example_dags/example_branch_labels.py
[2025-01-01T10:40:06.768+0000] {processor.py:914} INFO - Processing file /home/airflow/.local/lib/python3.12/site-packages/airflow/example_dags/example_branch_labels.py for tasks to queue
[2025-01-01T10:40:06.795+0000] {logging_mixin.py:190} INFO - [2025-01-01T10:40:06.792+0000] {dagbag.py:588} INFO - Filling up the DagBag from /home/airflow/.local/lib/python3.12/site-packages/airflow/example_dags/example_branch_labels.py
[2025-01-01T10:40:06.885+0000] {processor.py:925} INFO - DAG(s) 'example_branch_labels' retrieved from /home/airflow/.local/lib/python3.12/site-packages/airflow/example_dags/example_branch_labels.py
[2025-01-01T10:40:07.064+0000] {logging_mixin.py:190} INFO - [2025-01-01T10:40:07.062+0000] {dag.py:3239} INFO - Sync 1 DAGs
[2025-01-01T10:40:07.313+0000] {logging_mixin.py:190} INFO - [2025-01-01T10:40:07.311+0000] {dag.py:4180} INFO - Setting next_dagrun for example_branch_labels to 2024-12-31 00:00:00+00:00, run_after=2025-01-01 00:00:00+00:00
[2025-01-01T10:40:07.496+0000] {processor.py:208} INFO - Processing /home/airflow/.local/lib/python3.12/site-packages/airflow/example_dags/example_branch_labels.py took 0.923 seconds
[2025-01-01T10:40:37.662+0000] {processor.py:186} INFO - Started process (PID=3250) to work on /home/airflow/.local/lib/python3.12/site-packages/airflow/example_dags/example_branch_labels.py
[2025-01-01T10:40:37.664+0000] {processor.py:914} INFO - Processing file /home/airflow/.local/lib/python3.12/site-packages/airflow/example_dags/example_branch_labels.py for tasks to queue
[2025-01-01T10:40:37.670+0000] {logging_mixin.py:190} INFO - [2025-01-01T10:40:37.670+0000] {dagbag.py:588} INFO - Filling up the DagBag from /home/airflow/.local/lib/python3.12/site-packages/airflow/example_dags/example_branch_labels.py
[2025-01-01T10:40:37.689+0000] {processor.py:925} INFO - DAG(s) 'example_branch_labels' retrieved from /home/airflow/.local/lib/python3.12/site-packages/airflow/example_dags/example_branch_labels.py
[2025-01-01T10:40:37.731+0000] {logging_mixin.py:190} INFO - [2025-01-01T10:40:37.730+0000] {dag.py:3239} INFO - Sync 1 DAGs
[2025-01-01T10:40:38.032+0000] {logging_mixin.py:190} INFO - [2025-01-01T10:40:38.031+0000] {dag.py:4180} INFO - Setting next_dagrun for example_branch_labels to 2024-12-31 00:00:00+00:00, run_after=2025-01-01 00:00:00+00:00
[2025-01-01T10:40:38.073+0000] {processor.py:208} INFO - Processing /home/airflow/.local/lib/python3.12/site-packages/airflow/example_dags/example_branch_labels.py took 0.421 seconds
[2025-01-01T10:41:09.960+0000] {processor.py:186} INFO - Started process (PID=3313) to work on /home/airflow/.local/lib/python3.12/site-packages/airflow/example_dags/example_branch_labels.py
[2025-01-01T10:41:09.967+0000] {processor.py:914} INFO - Processing file /home/airflow/.local/lib/python3.12/site-packages/airflow/example_dags/example_branch_labels.py for tasks to queue
[2025-01-01T10:41:09.988+0000] {logging_mixin.py:190} INFO - [2025-01-01T10:41:09.985+0000] {dagbag.py:588} INFO - Filling up the DagBag from /home/airflow/.local/lib/python3.12/site-packages/airflow/example_dags/example_branch_labels.py
[2025-01-01T10:41:10.080+0000] {processor.py:925} INFO - DAG(s) 'example_branch_labels' retrieved from /home/airflow/.local/lib/python3.12/site-packages/airflow/example_dags/example_branch_labels.py
[2025-01-01T10:41:10.277+0000] {logging_mixin.py:190} INFO - [2025-01-01T10:41:10.275+0000] {dag.py:3239} INFO - Sync 1 DAGs
[2025-01-01T10:41:10.470+0000] {logging_mixin.py:190} INFO - [2025-01-01T10:41:10.468+0000] {dag.py:4180} INFO - Setting next_dagrun for example_branch_labels to 2024-12-31 00:00:00+00:00, run_after=2025-01-01 00:00:00+00:00
[2025-01-01T10:41:10.617+0000] {processor.py:208} INFO - Processing /home/airflow/.local/lib/python3.12/site-packages/airflow/example_dags/example_branch_labels.py took 0.733 seconds
[2025-01-01T10:41:41.004+0000] {processor.py:186} INFO - Started process (PID=3375) to work on /home/airflow/.local/lib/python3.12/site-packages/airflow/example_dags/example_branch_labels.py
[2025-01-01T10:41:41.006+0000] {processor.py:914} INFO - Processing file /home/airflow/.local/lib/python3.12/site-packages/airflow/example_dags/example_branch_labels.py for tasks to queue
[2025-01-01T10:41:41.011+0000] {logging_mixin.py:190} INFO - [2025-01-01T10:41:41.011+0000] {dagbag.py:588} INFO - Filling up the DagBag from /home/airflow/.local/lib/python3.12/site-packages/airflow/example_dags/example_branch_labels.py
[2025-01-01T10:41:41.030+0000] {processor.py:925} INFO - DAG(s) 'example_branch_labels' retrieved from /home/airflow/.local/lib/python3.12/site-packages/airflow/example_dags/example_branch_labels.py
[2025-01-01T10:41:41.073+0000] {logging_mixin.py:190} INFO - [2025-01-01T10:41:41.072+0000] {dag.py:3239} INFO - Sync 1 DAGs
[2025-01-01T10:41:41.121+0000] {logging_mixin.py:190} INFO - [2025-01-01T10:41:41.121+0000] {dag.py:4180} INFO - Setting next_dagrun for example_branch_labels to 2024-12-31 00:00:00+00:00, run_after=2025-01-01 00:00:00+00:00
[2025-01-01T10:41:41.160+0000] {processor.py:208} INFO - Processing /home/airflow/.local/lib/python3.12/site-packages/airflow/example_dags/example_branch_labels.py took 0.167 seconds
[2025-01-01T10:42:11.331+0000] {processor.py:186} INFO - Started process (PID=3439) to work on /home/airflow/.local/lib/python3.12/site-packages/airflow/example_dags/example_branch_labels.py
[2025-01-01T10:42:11.332+0000] {processor.py:914} INFO - Processing file /home/airflow/.local/lib/python3.12/site-packages/airflow/example_dags/example_branch_labels.py for tasks to queue
[2025-01-01T10:42:11.336+0000] {logging_mixin.py:190} INFO - [2025-01-01T10:42:11.335+0000] {dagbag.py:588} INFO - Filling up the DagBag from /home/airflow/.local/lib/python3.12/site-packages/airflow/example_dags/example_branch_labels.py
[2025-01-01T10:42:11.345+0000] {processor.py:925} INFO - DAG(s) 'example_branch_labels' retrieved from /home/airflow/.local/lib/python3.12/site-packages/airflow/example_dags/example_branch_labels.py
[2025-01-01T10:42:11.368+0000] {logging_mixin.py:190} INFO - [2025-01-01T10:42:11.367+0000] {dag.py:3239} INFO - Sync 1 DAGs
[2025-01-01T10:42:11.392+0000] {logging_mixin.py:190} INFO - [2025-01-01T10:42:11.392+0000] {dag.py:4180} INFO - Setting next_dagrun for example_branch_labels to 2024-12-31 00:00:00+00:00, run_after=2025-01-01 00:00:00+00:00
[2025-01-01T10:42:11.415+0000] {processor.py:208} INFO - Processing /home/airflow/.local/lib/python3.12/site-packages/airflow/example_dags/example_branch_labels.py took 0.090 seconds
[2025-01-01T10:42:41.728+0000] {processor.py:186} INFO - Started process (PID=3502) to work on /home/airflow/.local/lib/python3.12/site-packages/airflow/example_dags/example_branch_labels.py
[2025-01-01T10:42:41.732+0000] {processor.py:914} INFO - Processing file /home/airflow/.local/lib/python3.12/site-packages/airflow/example_dags/example_branch_labels.py for tasks to queue
[2025-01-01T10:42:41.743+0000] {logging_mixin.py:190} INFO - [2025-01-01T10:42:41.742+0000] {dagbag.py:588} INFO - Filling up the DagBag from /home/airflow/.local/lib/python3.12/site-packages/airflow/example_dags/example_branch_labels.py
[2025-01-01T10:42:41.784+0000] {processor.py:925} INFO - DAG(s) 'example_branch_labels' retrieved from /home/airflow/.local/lib/python3.12/site-packages/airflow/example_dags/example_branch_labels.py
[2025-01-01T10:42:41.861+0000] {logging_mixin.py:190} INFO - [2025-01-01T10:42:41.860+0000] {dag.py:3239} INFO - Sync 1 DAGs
[2025-01-01T10:42:41.949+0000] {logging_mixin.py:190} INFO - [2025-01-01T10:42:41.949+0000] {dag.py:4180} INFO - Setting next_dagrun for example_branch_labels to 2024-12-31 00:00:00+00:00, run_after=2025-01-01 00:00:00+00:00
[2025-01-01T10:42:42.026+0000] {processor.py:208} INFO - Processing /home/airflow/.local/lib/python3.12/site-packages/airflow/example_dags/example_branch_labels.py took 0.321 seconds
[2025-01-01T10:43:12.354+0000] {processor.py:186} INFO - Started process (PID=3565) to work on /home/airflow/.local/lib/python3.12/site-packages/airflow/example_dags/example_branch_labels.py
[2025-01-01T10:43:12.359+0000] {processor.py:914} INFO - Processing file /home/airflow/.local/lib/python3.12/site-packages/airflow/example_dags/example_branch_labels.py for tasks to queue
[2025-01-01T10:43:12.373+0000] {logging_mixin.py:190} INFO - [2025-01-01T10:43:12.371+0000] {dagbag.py:588} INFO - Filling up the DagBag from /home/airflow/.local/lib/python3.12/site-packages/airflow/example_dags/example_branch_labels.py
[2025-01-01T10:43:12.420+0000] {processor.py:925} INFO - DAG(s) 'example_branch_labels' retrieved from /home/airflow/.local/lib/python3.12/site-packages/airflow/example_dags/example_branch_labels.py
[2025-01-01T10:43:12.517+0000] {logging_mixin.py:190} INFO - [2025-01-01T10:43:12.517+0000] {dag.py:3239} INFO - Sync 1 DAGs
[2025-01-01T10:43:12.632+0000] {logging_mixin.py:190} INFO - [2025-01-01T10:43:12.631+0000] {dag.py:4180} INFO - Setting next_dagrun for example_branch_labels to 2024-12-31 00:00:00+00:00, run_after=2025-01-01 00:00:00+00:00
[2025-01-01T10:43:12.726+0000] {processor.py:208} INFO - Processing /home/airflow/.local/lib/python3.12/site-packages/airflow/example_dags/example_branch_labels.py took 0.401 seconds
[2025-01-01T10:43:42.928+0000] {processor.py:186} INFO - Started process (PID=3626) to work on /home/airflow/.local/lib/python3.12/site-packages/airflow/example_dags/example_branch_labels.py
[2025-01-01T10:43:42.929+0000] {processor.py:914} INFO - Processing file /home/airflow/.local/lib/python3.12/site-packages/airflow/example_dags/example_branch_labels.py for tasks to queue
[2025-01-01T10:43:42.933+0000] {logging_mixin.py:190} INFO - [2025-01-01T10:43:42.933+0000] {dagbag.py:588} INFO - Filling up the DagBag from /home/airflow/.local/lib/python3.12/site-packages/airflow/example_dags/example_branch_labels.py
[2025-01-01T10:43:42.949+0000] {processor.py:925} INFO - DAG(s) 'example_branch_labels' retrieved from /home/airflow/.local/lib/python3.12/site-packages/airflow/example_dags/example_branch_labels.py
[2025-01-01T10:43:42.981+0000] {logging_mixin.py:190} INFO - [2025-01-01T10:43:42.981+0000] {dag.py:3239} INFO - Sync 1 DAGs
[2025-01-01T10:43:43.019+0000] {logging_mixin.py:190} INFO - [2025-01-01T10:43:43.019+0000] {dag.py:4180} INFO - Setting next_dagrun for example_branch_labels to 2024-12-31 00:00:00+00:00, run_after=2025-01-01 00:00:00+00:00
[2025-01-01T10:43:43.062+0000] {processor.py:208} INFO - Processing /home/airflow/.local/lib/python3.12/site-packages/airflow/example_dags/example_branch_labels.py took 0.144 seconds
[2025-01-01T10:44:13.682+0000] {processor.py:186} INFO - Started process (PID=3689) to work on /home/airflow/.local/lib/python3.12/site-packages/airflow/example_dags/example_branch_labels.py
[2025-01-01T10:44:13.684+0000] {processor.py:914} INFO - Processing file /home/airflow/.local/lib/python3.12/site-packages/airflow/example_dags/example_branch_labels.py for tasks to queue
[2025-01-01T10:44:13.690+0000] {logging_mixin.py:190} INFO - [2025-01-01T10:44:13.688+0000] {dagbag.py:588} INFO - Filling up the DagBag from /home/airflow/.local/lib/python3.12/site-packages/airflow/example_dags/example_branch_labels.py
[2025-01-01T10:44:13.709+0000] {processor.py:925} INFO - DAG(s) 'example_branch_labels' retrieved from /home/airflow/.local/lib/python3.12/site-packages/airflow/example_dags/example_branch_labels.py
[2025-01-01T10:44:13.751+0000] {logging_mixin.py:190} INFO - [2025-01-01T10:44:13.750+0000] {dag.py:3239} INFO - Sync 1 DAGs
[2025-01-01T10:44:13.805+0000] {logging_mixin.py:190} INFO - [2025-01-01T10:44:13.805+0000] {dag.py:4180} INFO - Setting next_dagrun for example_branch_labels to 2024-12-31 00:00:00+00:00, run_after=2025-01-01 00:00:00+00:00
[2025-01-01T10:44:13.851+0000] {processor.py:208} INFO - Processing /home/airflow/.local/lib/python3.12/site-packages/airflow/example_dags/example_branch_labels.py took 0.182 seconds
[2025-01-01T10:44:43.994+0000] {processor.py:186} INFO - Started process (PID=3752) to work on /home/airflow/.local/lib/python3.12/site-packages/airflow/example_dags/example_branch_labels.py
[2025-01-01T10:44:43.995+0000] {processor.py:914} INFO - Processing file /home/airflow/.local/lib/python3.12/site-packages/airflow/example_dags/example_branch_labels.py for tasks to queue
[2025-01-01T10:44:43.999+0000] {logging_mixin.py:190} INFO - [2025-01-01T10:44:43.998+0000] {dagbag.py:588} INFO - Filling up the DagBag from /home/airflow/.local/lib/python3.12/site-packages/airflow/example_dags/example_branch_labels.py
[2025-01-01T10:44:44.012+0000] {processor.py:925} INFO - DAG(s) 'example_branch_labels' retrieved from /home/airflow/.local/lib/python3.12/site-packages/airflow/example_dags/example_branch_labels.py
[2025-01-01T10:44:44.037+0000] {logging_mixin.py:190} INFO - [2025-01-01T10:44:44.037+0000] {dag.py:3239} INFO - Sync 1 DAGs
[2025-01-01T10:44:44.068+0000] {logging_mixin.py:190} INFO - [2025-01-01T10:44:44.067+0000] {dag.py:4180} INFO - Setting next_dagrun for example_branch_labels to 2024-12-31 00:00:00+00:00, run_after=2025-01-01 00:00:00+00:00
[2025-01-01T10:44:44.094+0000] {processor.py:208} INFO - Processing /home/airflow/.local/lib/python3.12/site-packages/airflow/example_dags/example_branch_labels.py took 0.107 seconds
[2025-01-01T10:45:14.868+0000] {processor.py:186} INFO - Started process (PID=3815) to work on /home/airflow/.local/lib/python3.12/site-packages/airflow/example_dags/example_branch_labels.py
[2025-01-01T10:45:14.870+0000] {processor.py:914} INFO - Processing file /home/airflow/.local/lib/python3.12/site-packages/airflow/example_dags/example_branch_labels.py for tasks to queue
[2025-01-01T10:45:14.872+0000] {logging_mixin.py:190} INFO - [2025-01-01T10:45:14.872+0000] {dagbag.py:588} INFO - Filling up the DagBag from /home/airflow/.local/lib/python3.12/site-packages/airflow/example_dags/example_branch_labels.py
[2025-01-01T10:45:14.882+0000] {processor.py:925} INFO - DAG(s) 'example_branch_labels' retrieved from /home/airflow/.local/lib/python3.12/site-packages/airflow/example_dags/example_branch_labels.py
[2025-01-01T10:45:14.902+0000] {logging_mixin.py:190} INFO - [2025-01-01T10:45:14.902+0000] {dag.py:3239} INFO - Sync 1 DAGs
[2025-01-01T10:45:14.925+0000] {logging_mixin.py:190} INFO - [2025-01-01T10:45:14.925+0000] {dag.py:4180} INFO - Setting next_dagrun for example_branch_labels to 2024-12-31 00:00:00+00:00, run_after=2025-01-01 00:00:00+00:00
[2025-01-01T10:45:14.947+0000] {processor.py:208} INFO - Processing /home/airflow/.local/lib/python3.12/site-packages/airflow/example_dags/example_branch_labels.py took 0.084 seconds
[2025-01-01T10:45:45.807+0000] {processor.py:186} INFO - Started process (PID=3878) to work on /home/airflow/.local/lib/python3.12/site-packages/airflow/example_dags/example_branch_labels.py
[2025-01-01T10:45:45.811+0000] {processor.py:914} INFO - Processing file /home/airflow/.local/lib/python3.12/site-packages/airflow/example_dags/example_branch_labels.py for tasks to queue
[2025-01-01T10:45:45.822+0000] {logging_mixin.py:190} INFO - [2025-01-01T10:45:45.820+0000] {dagbag.py:588} INFO - Filling up the DagBag from /home/airflow/.local/lib/python3.12/site-packages/airflow/example_dags/example_branch_labels.py
[2025-01-01T10:45:45.871+0000] {processor.py:925} INFO - DAG(s) 'example_branch_labels' retrieved from /home/airflow/.local/lib/python3.12/site-packages/airflow/example_dags/example_branch_labels.py
[2025-01-01T10:45:45.979+0000] {logging_mixin.py:190} INFO - [2025-01-01T10:45:45.977+0000] {dag.py:3239} INFO - Sync 1 DAGs
[2025-01-01T10:45:46.111+0000] {logging_mixin.py:190} INFO - [2025-01-01T10:45:46.110+0000] {dag.py:4180} INFO - Setting next_dagrun for example_branch_labels to 2024-12-31 00:00:00+00:00, run_after=2025-01-01 00:00:00+00:00
[2025-01-01T10:45:46.195+0000] {processor.py:208} INFO - Processing /home/airflow/.local/lib/python3.12/site-packages/airflow/example_dags/example_branch_labels.py took 0.419 seconds
[2025-01-01T10:46:16.453+0000] {processor.py:186} INFO - Started process (PID=3941) to work on /home/airflow/.local/lib/python3.12/site-packages/airflow/example_dags/example_branch_labels.py
[2025-01-01T10:46:16.457+0000] {processor.py:914} INFO - Processing file /home/airflow/.local/lib/python3.12/site-packages/airflow/example_dags/example_branch_labels.py for tasks to queue
[2025-01-01T10:46:16.466+0000] {logging_mixin.py:190} INFO - [2025-01-01T10:46:16.465+0000] {dagbag.py:588} INFO - Filling up the DagBag from /home/airflow/.local/lib/python3.12/site-packages/airflow/example_dags/example_branch_labels.py
[2025-01-01T10:46:16.498+0000] {processor.py:925} INFO - DAG(s) 'example_branch_labels' retrieved from /home/airflow/.local/lib/python3.12/site-packages/airflow/example_dags/example_branch_labels.py
[2025-01-01T10:46:16.569+0000] {logging_mixin.py:190} INFO - [2025-01-01T10:46:16.568+0000] {dag.py:3239} INFO - Sync 1 DAGs
[2025-01-01T10:46:16.662+0000] {logging_mixin.py:190} INFO - [2025-01-01T10:46:16.661+0000] {dag.py:4180} INFO - Setting next_dagrun for example_branch_labels to 2024-12-31 00:00:00+00:00, run_after=2025-01-01 00:00:00+00:00
[2025-01-01T10:46:16.720+0000] {processor.py:208} INFO - Processing /home/airflow/.local/lib/python3.12/site-packages/airflow/example_dags/example_branch_labels.py took 0.289 seconds
[2025-01-01T10:46:47.337+0000] {processor.py:186} INFO - Started process (PID=4004) to work on /home/airflow/.local/lib/python3.12/site-packages/airflow/example_dags/example_branch_labels.py
[2025-01-01T10:46:47.339+0000] {processor.py:914} INFO - Processing file /home/airflow/.local/lib/python3.12/site-packages/airflow/example_dags/example_branch_labels.py for tasks to queue
[2025-01-01T10:46:47.342+0000] {logging_mixin.py:190} INFO - [2025-01-01T10:46:47.342+0000] {dagbag.py:588} INFO - Filling up the DagBag from /home/airflow/.local/lib/python3.12/site-packages/airflow/example_dags/example_branch_labels.py
[2025-01-01T10:46:47.355+0000] {processor.py:925} INFO - DAG(s) 'example_branch_labels' retrieved from /home/airflow/.local/lib/python3.12/site-packages/airflow/example_dags/example_branch_labels.py
[2025-01-01T10:46:47.383+0000] {logging_mixin.py:190} INFO - [2025-01-01T10:46:47.382+0000] {dag.py:3239} INFO - Sync 1 DAGs
[2025-01-01T10:46:47.415+0000] {logging_mixin.py:190} INFO - [2025-01-01T10:46:47.415+0000] {dag.py:4180} INFO - Setting next_dagrun for example_branch_labels to 2024-12-31 00:00:00+00:00, run_after=2025-01-01 00:00:00+00:00
[2025-01-01T10:46:47.444+0000] {processor.py:208} INFO - Processing /home/airflow/.local/lib/python3.12/site-packages/airflow/example_dags/example_branch_labels.py took 0.114 seconds
[2025-01-01T10:47:18.117+0000] {processor.py:186} INFO - Started process (PID=4067) to work on /home/airflow/.local/lib/python3.12/site-packages/airflow/example_dags/example_branch_labels.py
[2025-01-01T10:47:18.119+0000] {processor.py:914} INFO - Processing file /home/airflow/.local/lib/python3.12/site-packages/airflow/example_dags/example_branch_labels.py for tasks to queue
[2025-01-01T10:47:18.123+0000] {logging_mixin.py:190} INFO - [2025-01-01T10:47:18.123+0000] {dagbag.py:588} INFO - Filling up the DagBag from /home/airflow/.local/lib/python3.12/site-packages/airflow/example_dags/example_branch_labels.py
[2025-01-01T10:47:18.138+0000] {processor.py:925} INFO - DAG(s) 'example_branch_labels' retrieved from /home/airflow/.local/lib/python3.12/site-packages/airflow/example_dags/example_branch_labels.py
[2025-01-01T10:47:18.168+0000] {logging_mixin.py:190} INFO - [2025-01-01T10:47:18.167+0000] {dag.py:3239} INFO - Sync 1 DAGs
[2025-01-01T10:47:18.202+0000] {logging_mixin.py:190} INFO - [2025-01-01T10:47:18.201+0000] {dag.py:4180} INFO - Setting next_dagrun for example_branch_labels to 2024-12-31 00:00:00+00:00, run_after=2025-01-01 00:00:00+00:00
[2025-01-01T10:47:18.234+0000] {processor.py:208} INFO - Processing /home/airflow/.local/lib/python3.12/site-packages/airflow/example_dags/example_branch_labels.py took 0.125 seconds
[2025-01-01T10:47:50.149+0000] {processor.py:186} INFO - Started process (PID=4124) to work on /home/airflow/.local/lib/python3.12/site-packages/airflow/example_dags/example_branch_labels.py
[2025-01-01T10:47:50.154+0000] {processor.py:914} INFO - Processing file /home/airflow/.local/lib/python3.12/site-packages/airflow/example_dags/example_branch_labels.py for tasks to queue
[2025-01-01T10:47:50.166+0000] {logging_mixin.py:190} INFO - [2025-01-01T10:47:50.164+0000] {dagbag.py:588} INFO - Filling up the DagBag from /home/airflow/.local/lib/python3.12/site-packages/airflow/example_dags/example_branch_labels.py
[2025-01-01T10:47:50.226+0000] {processor.py:925} INFO - DAG(s) 'example_branch_labels' retrieved from /home/airflow/.local/lib/python3.12/site-packages/airflow/example_dags/example_branch_labels.py
[2025-01-01T10:47:50.336+0000] {logging_mixin.py:190} INFO - [2025-01-01T10:47:50.335+0000] {dag.py:3239} INFO - Sync 1 DAGs
[2025-01-01T10:47:50.471+0000] {logging_mixin.py:190} INFO - [2025-01-01T10:47:50.470+0000] {dag.py:4180} INFO - Setting next_dagrun for example_branch_labels to 2024-12-31 00:00:00+00:00, run_after=2025-01-01 00:00:00+00:00
[2025-01-01T10:47:50.562+0000] {processor.py:208} INFO - Processing /home/airflow/.local/lib/python3.12/site-packages/airflow/example_dags/example_branch_labels.py took 0.442 seconds
[2025-01-01T10:48:20.913+0000] {processor.py:186} INFO - Started process (PID=4187) to work on /home/airflow/.local/lib/python3.12/site-packages/airflow/example_dags/example_branch_labels.py
[2025-01-01T10:48:20.914+0000] {processor.py:914} INFO - Processing file /home/airflow/.local/lib/python3.12/site-packages/airflow/example_dags/example_branch_labels.py for tasks to queue
[2025-01-01T10:48:20.918+0000] {logging_mixin.py:190} INFO - [2025-01-01T10:48:20.917+0000] {dagbag.py:588} INFO - Filling up the DagBag from /home/airflow/.local/lib/python3.12/site-packages/airflow/example_dags/example_branch_labels.py
[2025-01-01T10:48:20.930+0000] {processor.py:925} INFO - DAG(s) 'example_branch_labels' retrieved from /home/airflow/.local/lib/python3.12/site-packages/airflow/example_dags/example_branch_labels.py
[2025-01-01T10:48:20.955+0000] {logging_mixin.py:190} INFO - [2025-01-01T10:48:20.954+0000] {dag.py:3239} INFO - Sync 1 DAGs
[2025-01-01T10:48:20.982+0000] {logging_mixin.py:190} INFO - [2025-01-01T10:48:20.982+0000] {dag.py:4180} INFO - Setting next_dagrun for example_branch_labels to 2024-12-31 00:00:00+00:00, run_after=2025-01-01 00:00:00+00:00
[2025-01-01T10:48:21.009+0000] {processor.py:208} INFO - Processing /home/airflow/.local/lib/python3.12/site-packages/airflow/example_dags/example_branch_labels.py took 0.104 seconds
[2025-01-01T10:48:51.757+0000] {processor.py:186} INFO - Started process (PID=4250) to work on /home/airflow/.local/lib/python3.12/site-packages/airflow/example_dags/example_branch_labels.py
[2025-01-01T10:48:51.759+0000] {processor.py:914} INFO - Processing file /home/airflow/.local/lib/python3.12/site-packages/airflow/example_dags/example_branch_labels.py for tasks to queue
[2025-01-01T10:48:51.766+0000] {logging_mixin.py:190} INFO - [2025-01-01T10:48:51.765+0000] {dagbag.py:588} INFO - Filling up the DagBag from /home/airflow/.local/lib/python3.12/site-packages/airflow/example_dags/example_branch_labels.py
[2025-01-01T10:48:51.793+0000] {processor.py:925} INFO - DAG(s) 'example_branch_labels' retrieved from /home/airflow/.local/lib/python3.12/site-packages/airflow/example_dags/example_branch_labels.py
[2025-01-01T10:48:51.858+0000] {logging_mixin.py:190} INFO - [2025-01-01T10:48:51.857+0000] {dag.py:3239} INFO - Sync 1 DAGs
[2025-01-01T10:48:51.932+0000] {logging_mixin.py:190} INFO - [2025-01-01T10:48:51.931+0000] {dag.py:4180} INFO - Setting next_dagrun for example_branch_labels to 2024-12-31 00:00:00+00:00, run_after=2025-01-01 00:00:00+00:00
[2025-01-01T10:48:51.982+0000] {processor.py:208} INFO - Processing /home/airflow/.local/lib/python3.12/site-packages/airflow/example_dags/example_branch_labels.py took 0.242 seconds
[2025-01-01T10:49:22.640+0000] {processor.py:186} INFO - Started process (PID=4312) to work on /home/airflow/.local/lib/python3.12/site-packages/airflow/example_dags/example_branch_labels.py
[2025-01-01T10:49:22.642+0000] {processor.py:914} INFO - Processing file /home/airflow/.local/lib/python3.12/site-packages/airflow/example_dags/example_branch_labels.py for tasks to queue
[2025-01-01T10:49:22.648+0000] {logging_mixin.py:190} INFO - [2025-01-01T10:49:22.647+0000] {dagbag.py:588} INFO - Filling up the DagBag from /home/airflow/.local/lib/python3.12/site-packages/airflow/example_dags/example_branch_labels.py
[2025-01-01T10:49:22.665+0000] {processor.py:925} INFO - DAG(s) 'example_branch_labels' retrieved from /home/airflow/.local/lib/python3.12/site-packages/airflow/example_dags/example_branch_labels.py
[2025-01-01T10:49:22.700+0000] {logging_mixin.py:190} INFO - [2025-01-01T10:49:22.699+0000] {dag.py:3239} INFO - Sync 1 DAGs
[2025-01-01T10:49:22.742+0000] {logging_mixin.py:190} INFO - [2025-01-01T10:49:22.741+0000] {dag.py:4180} INFO - Setting next_dagrun for example_branch_labels to 2024-12-31 00:00:00+00:00, run_after=2025-01-01 00:00:00+00:00
[2025-01-01T10:49:22.779+0000] {processor.py:208} INFO - Processing /home/airflow/.local/lib/python3.12/site-packages/airflow/example_dags/example_branch_labels.py took 0.150 seconds
[2025-01-01T10:49:53.009+0000] {processor.py:186} INFO - Started process (PID=4374) to work on /home/airflow/.local/lib/python3.12/site-packages/airflow/example_dags/example_branch_labels.py
[2025-01-01T10:49:53.012+0000] {processor.py:914} INFO - Processing file /home/airflow/.local/lib/python3.12/site-packages/airflow/example_dags/example_branch_labels.py for tasks to queue
[2025-01-01T10:49:53.019+0000] {logging_mixin.py:190} INFO - [2025-01-01T10:49:53.019+0000] {dagbag.py:588} INFO - Filling up the DagBag from /home/airflow/.local/lib/python3.12/site-packages/airflow/example_dags/example_branch_labels.py
[2025-01-01T10:49:53.055+0000] {processor.py:925} INFO - DAG(s) 'example_branch_labels' retrieved from /home/airflow/.local/lib/python3.12/site-packages/airflow/example_dags/example_branch_labels.py
[2025-01-01T10:49:53.125+0000] {logging_mixin.py:190} INFO - [2025-01-01T10:49:53.124+0000] {dag.py:3239} INFO - Sync 1 DAGs
[2025-01-01T10:49:53.207+0000] {logging_mixin.py:190} INFO - [2025-01-01T10:49:53.206+0000] {dag.py:4180} INFO - Setting next_dagrun for example_branch_labels to 2024-12-31 00:00:00+00:00, run_after=2025-01-01 00:00:00+00:00
[2025-01-01T10:49:53.259+0000] {processor.py:208} INFO - Processing /home/airflow/.local/lib/python3.12/site-packages/airflow/example_dags/example_branch_labels.py took 0.266 seconds
[2025-01-01T10:50:24.026+0000] {processor.py:186} INFO - Started process (PID=4437) to work on /home/airflow/.local/lib/python3.12/site-packages/airflow/example_dags/example_branch_labels.py
[2025-01-01T10:50:24.031+0000] {processor.py:914} INFO - Processing file /home/airflow/.local/lib/python3.12/site-packages/airflow/example_dags/example_branch_labels.py for tasks to queue
[2025-01-01T10:50:24.044+0000] {logging_mixin.py:190} INFO - [2025-01-01T10:50:24.042+0000] {dagbag.py:588} INFO - Filling up the DagBag from /home/airflow/.local/lib/python3.12/site-packages/airflow/example_dags/example_branch_labels.py
[2025-01-01T10:50:24.097+0000] {processor.py:925} INFO - DAG(s) 'example_branch_labels' retrieved from /home/airflow/.local/lib/python3.12/site-packages/airflow/example_dags/example_branch_labels.py
[2025-01-01T10:50:24.236+0000] {logging_mixin.py:190} INFO - [2025-01-01T10:50:24.234+0000] {dag.py:3239} INFO - Sync 1 DAGs
[2025-01-01T10:50:24.392+0000] {logging_mixin.py:190} INFO - [2025-01-01T10:50:24.391+0000] {dag.py:4180} INFO - Setting next_dagrun for example_branch_labels to 2024-12-31 00:00:00+00:00, run_after=2025-01-01 00:00:00+00:00
[2025-01-01T10:50:24.499+0000] {processor.py:208} INFO - Processing /home/airflow/.local/lib/python3.12/site-packages/airflow/example_dags/example_branch_labels.py took 0.504 seconds
[2025-01-01T10:51:01.570+0000] {processor.py:186} INFO - Started process (PID=4497) to work on /home/airflow/.local/lib/python3.12/site-packages/airflow/example_dags/example_branch_labels.py
[2025-01-01T10:51:01.575+0000] {processor.py:914} INFO - Processing file /home/airflow/.local/lib/python3.12/site-packages/airflow/example_dags/example_branch_labels.py for tasks to queue
[2025-01-01T10:51:01.591+0000] {logging_mixin.py:190} INFO - [2025-01-01T10:51:01.588+0000] {dagbag.py:588} INFO - Filling up the DagBag from /home/airflow/.local/lib/python3.12/site-packages/airflow/example_dags/example_branch_labels.py
[2025-01-01T10:51:01.664+0000] {processor.py:925} INFO - DAG(s) 'example_branch_labels' retrieved from /home/airflow/.local/lib/python3.12/site-packages/airflow/example_dags/example_branch_labels.py
[2025-01-01T10:51:01.785+0000] {logging_mixin.py:190} INFO - [2025-01-01T10:51:01.784+0000] {dag.py:3239} INFO - Sync 1 DAGs
[2025-01-01T10:51:02.025+0000] {logging_mixin.py:190} INFO - [2025-01-01T10:51:02.024+0000] {dag.py:4180} INFO - Setting next_dagrun for example_branch_labels to 2024-12-31 00:00:00+00:00, run_after=2025-01-01 00:00:00+00:00
[2025-01-01T10:51:02.156+0000] {processor.py:208} INFO - Processing /home/airflow/.local/lib/python3.12/site-packages/airflow/example_dags/example_branch_labels.py took 0.627 seconds
[2025-01-01T12:15:48.191+0000] {processor.py:186} INFO - Started process (PID=4560) to work on /home/airflow/.local/lib/python3.12/site-packages/airflow/example_dags/example_branch_labels.py
[2025-01-01T12:15:48.211+0000] {processor.py:914} INFO - Processing file /home/airflow/.local/lib/python3.12/site-packages/airflow/example_dags/example_branch_labels.py for tasks to queue
[2025-01-01T12:15:48.229+0000] {logging_mixin.py:190} INFO - [2025-01-01T12:15:48.228+0000] {dagbag.py:588} INFO - Filling up the DagBag from /home/airflow/.local/lib/python3.12/site-packages/airflow/example_dags/example_branch_labels.py
[2025-01-01T12:15:48.264+0000] {processor.py:925} INFO - DAG(s) 'example_branch_labels' retrieved from /home/airflow/.local/lib/python3.12/site-packages/airflow/example_dags/example_branch_labels.py
[2025-01-01T12:15:48.341+0000] {logging_mixin.py:190} INFO - [2025-01-01T12:15:48.335+0000] {dag.py:3239} INFO - Sync 1 DAGs
[2025-01-01T12:15:48.442+0000] {logging_mixin.py:190} INFO - [2025-01-01T12:15:48.441+0000] {dag.py:4180} INFO - Setting next_dagrun for example_branch_labels to 2024-12-31 00:00:00+00:00, run_after=2025-01-01 00:00:00+00:00
[2025-01-01T12:15:48.535+0000] {processor.py:208} INFO - Processing /home/airflow/.local/lib/python3.12/site-packages/airflow/example_dags/example_branch_labels.py took 0.346 seconds
[2025-01-01T12:16:18.604+0000] {processor.py:186} INFO - Started process (PID=4622) to work on /home/airflow/.local/lib/python3.12/site-packages/airflow/example_dags/example_branch_labels.py
[2025-01-01T12:16:18.605+0000] {processor.py:914} INFO - Processing file /home/airflow/.local/lib/python3.12/site-packages/airflow/example_dags/example_branch_labels.py for tasks to queue
[2025-01-01T12:16:18.607+0000] {logging_mixin.py:190} INFO - [2025-01-01T12:16:18.607+0000] {dagbag.py:588} INFO - Filling up the DagBag from /home/airflow/.local/lib/python3.12/site-packages/airflow/example_dags/example_branch_labels.py
[2025-01-01T12:16:18.615+0000] {processor.py:925} INFO - DAG(s) 'example_branch_labels' retrieved from /home/airflow/.local/lib/python3.12/site-packages/airflow/example_dags/example_branch_labels.py
[2025-01-01T12:16:18.632+0000] {logging_mixin.py:190} INFO - [2025-01-01T12:16:18.632+0000] {dag.py:3239} INFO - Sync 1 DAGs
[2025-01-01T12:16:18.650+0000] {logging_mixin.py:190} INFO - [2025-01-01T12:16:18.650+0000] {dag.py:4180} INFO - Setting next_dagrun for example_branch_labels to 2024-12-31 00:00:00+00:00, run_after=2025-01-01 00:00:00+00:00
[2025-01-01T12:16:18.669+0000] {processor.py:208} INFO - Processing /home/airflow/.local/lib/python3.12/site-packages/airflow/example_dags/example_branch_labels.py took 0.070 seconds
[2025-01-01T12:16:48.946+0000] {processor.py:186} INFO - Started process (PID=4685) to work on /home/airflow/.local/lib/python3.12/site-packages/airflow/example_dags/example_branch_labels.py
[2025-01-01T12:16:48.947+0000] {processor.py:914} INFO - Processing file /home/airflow/.local/lib/python3.12/site-packages/airflow/example_dags/example_branch_labels.py for tasks to queue
[2025-01-01T12:16:48.950+0000] {logging_mixin.py:190} INFO - [2025-01-01T12:16:48.949+0000] {dagbag.py:588} INFO - Filling up the DagBag from /home/airflow/.local/lib/python3.12/site-packages/airflow/example_dags/example_branch_labels.py
[2025-01-01T12:16:48.959+0000] {processor.py:925} INFO - DAG(s) 'example_branch_labels' retrieved from /home/airflow/.local/lib/python3.12/site-packages/airflow/example_dags/example_branch_labels.py
[2025-01-01T12:16:48.980+0000] {logging_mixin.py:190} INFO - [2025-01-01T12:16:48.980+0000] {dag.py:3239} INFO - Sync 1 DAGs
[2025-01-01T12:16:49.003+0000] {logging_mixin.py:190} INFO - [2025-01-01T12:16:49.002+0000] {dag.py:4180} INFO - Setting next_dagrun for example_branch_labels to 2024-12-31 00:00:00+00:00, run_after=2025-01-01 00:00:00+00:00
[2025-01-01T12:16:49.024+0000] {processor.py:208} INFO - Processing /home/airflow/.local/lib/python3.12/site-packages/airflow/example_dags/example_branch_labels.py took 0.084 seconds
