[2025-01-01T10:09:14.589+0000] {processor.py:186} INFO - Started process (PID=248) to work on /home/airflow/.local/lib/python3.12/site-packages/airflow/example_dags/example_sensor_decorator.py
[2025-01-01T10:09:14.596+0000] {processor.py:914} INFO - Processing file /home/airflow/.local/lib/python3.12/site-packages/airflow/example_dags/example_sensor_decorator.py for tasks to queue
[2025-01-01T10:09:14.616+0000] {logging_mixin.py:190} INFO - [2025-01-01T10:09:14.614+0000] {dagbag.py:588} INFO - Filling up the DagBag from /home/airflow/.local/lib/python3.12/site-packages/airflow/example_dags/example_sensor_decorator.py
[2025-01-01T10:09:14.681+0000] {processor.py:925} INFO - DAG(s) 'example_sensor_decorator' retrieved from /home/airflow/.local/lib/python3.12/site-packages/airflow/example_dags/example_sensor_decorator.py
[2025-01-01T10:09:15.625+0000] {logging_mixin.py:190} INFO - [2025-01-01T10:09:15.621+0000] {override.py:1911} INFO - Created Permission View: can edit on DAG:example_sensor_decorator
[2025-01-01T10:09:15.700+0000] {logging_mixin.py:190} INFO - [2025-01-01T10:09:15.697+0000] {override.py:1911} INFO - Created Permission View: can delete on DAG:example_sensor_decorator
[2025-01-01T10:09:15.751+0000] {logging_mixin.py:190} INFO - [2025-01-01T10:09:15.749+0000] {override.py:1911} INFO - Created Permission View: can read on DAG:example_sensor_decorator
[2025-01-01T10:09:15.827+0000] {logging_mixin.py:190} INFO - [2025-01-01T10:09:15.825+0000] {override.py:1911} INFO - Created Permission View: can create on DAG Run:example_sensor_decorator
[2025-01-01T10:09:15.910+0000] {logging_mixin.py:190} INFO - [2025-01-01T10:09:15.908+0000] {override.py:1911} INFO - Created Permission View: menu access on DAG Run:example_sensor_decorator
[2025-01-01T10:09:15.971+0000] {logging_mixin.py:190} INFO - [2025-01-01T10:09:15.969+0000] {override.py:1911} INFO - Created Permission View: can delete on DAG Run:example_sensor_decorator
[2025-01-01T10:09:16.143+0000] {logging_mixin.py:190} INFO - [2025-01-01T10:09:16.141+0000] {override.py:1911} INFO - Created Permission View: can read on DAG Run:example_sensor_decorator
[2025-01-01T10:09:16.160+0000] {logging_mixin.py:190} INFO - [2025-01-01T10:09:16.158+0000] {dag.py:3239} INFO - Sync 1 DAGs
[2025-01-01T10:09:16.265+0000] {logging_mixin.py:190} INFO - [2025-01-01T10:09:16.263+0000] {dag.py:3262} INFO - Creating ORM DAG for example_sensor_decorator
[2025-01-01T10:09:16.271+0000] {logging_mixin.py:190} INFO - [2025-01-01T10:09:16.270+0000] {dag.py:4180} INFO - Setting next_dagrun for example_sensor_decorator to None, run_after=None
[2025-01-01T10:09:16.399+0000] {processor.py:208} INFO - Processing /home/airflow/.local/lib/python3.12/site-packages/airflow/example_dags/example_sensor_decorator.py took 1.859 seconds
[2025-01-01T10:14:50.572+0000] {processor.py:186} INFO - Started process (PID=342) to work on /home/airflow/.local/lib/python3.12/site-packages/airflow/example_dags/example_sensor_decorator.py
[2025-01-01T10:14:50.574+0000] {processor.py:914} INFO - Processing file /home/airflow/.local/lib/python3.12/site-packages/airflow/example_dags/example_sensor_decorator.py for tasks to queue
[2025-01-01T10:14:50.580+0000] {logging_mixin.py:190} INFO - [2025-01-01T10:14:50.579+0000] {dagbag.py:588} INFO - Filling up the DagBag from /home/airflow/.local/lib/python3.12/site-packages/airflow/example_dags/example_sensor_decorator.py
[2025-01-01T10:14:50.597+0000] {processor.py:925} INFO - DAG(s) 'example_sensor_decorator' retrieved from /home/airflow/.local/lib/python3.12/site-packages/airflow/example_dags/example_sensor_decorator.py
[2025-01-01T10:14:50.623+0000] {logging_mixin.py:190} INFO - [2025-01-01T10:14:50.622+0000] {dag.py:3239} INFO - Sync 1 DAGs
[2025-01-01T10:14:50.644+0000] {logging_mixin.py:190} INFO - [2025-01-01T10:14:50.644+0000] {dag.py:4180} INFO - Setting next_dagrun for example_sensor_decorator to None, run_after=None
[2025-01-01T10:14:50.675+0000] {processor.py:208} INFO - Processing /home/airflow/.local/lib/python3.12/site-packages/airflow/example_dags/example_sensor_decorator.py took 0.112 seconds
[2025-01-01T10:15:24.312+0000] {processor.py:186} INFO - Started process (PID=411) to work on /home/airflow/.local/lib/python3.12/site-packages/airflow/example_dags/example_sensor_decorator.py
[2025-01-01T10:15:24.314+0000] {processor.py:914} INFO - Processing file /home/airflow/.local/lib/python3.12/site-packages/airflow/example_dags/example_sensor_decorator.py for tasks to queue
[2025-01-01T10:15:24.317+0000] {logging_mixin.py:190} INFO - [2025-01-01T10:15:24.317+0000] {dagbag.py:588} INFO - Filling up the DagBag from /home/airflow/.local/lib/python3.12/site-packages/airflow/example_dags/example_sensor_decorator.py
[2025-01-01T10:15:24.329+0000] {processor.py:925} INFO - DAG(s) 'example_sensor_decorator' retrieved from /home/airflow/.local/lib/python3.12/site-packages/airflow/example_dags/example_sensor_decorator.py
[2025-01-01T10:15:24.357+0000] {logging_mixin.py:190} INFO - [2025-01-01T10:15:24.357+0000] {dag.py:3239} INFO - Sync 1 DAGs
[2025-01-01T10:15:24.377+0000] {logging_mixin.py:190} INFO - [2025-01-01T10:15:24.376+0000] {dag.py:4180} INFO - Setting next_dagrun for example_sensor_decorator to None, run_after=None
[2025-01-01T10:15:24.405+0000] {processor.py:208} INFO - Processing /home/airflow/.local/lib/python3.12/site-packages/airflow/example_dags/example_sensor_decorator.py took 0.102 seconds
[2025-01-01T10:15:56.460+0000] {processor.py:186} INFO - Started process (PID=474) to work on /home/airflow/.local/lib/python3.12/site-packages/airflow/example_dags/example_sensor_decorator.py
[2025-01-01T10:15:56.462+0000] {processor.py:914} INFO - Processing file /home/airflow/.local/lib/python3.12/site-packages/airflow/example_dags/example_sensor_decorator.py for tasks to queue
[2025-01-01T10:15:56.465+0000] {logging_mixin.py:190} INFO - [2025-01-01T10:15:56.464+0000] {dagbag.py:588} INFO - Filling up the DagBag from /home/airflow/.local/lib/python3.12/site-packages/airflow/example_dags/example_sensor_decorator.py
[2025-01-01T10:15:56.482+0000] {processor.py:925} INFO - DAG(s) 'example_sensor_decorator' retrieved from /home/airflow/.local/lib/python3.12/site-packages/airflow/example_dags/example_sensor_decorator.py
[2025-01-01T10:15:56.513+0000] {logging_mixin.py:190} INFO - [2025-01-01T10:15:56.513+0000] {dag.py:3239} INFO - Sync 1 DAGs
[2025-01-01T10:15:56.541+0000] {logging_mixin.py:190} INFO - [2025-01-01T10:15:56.540+0000] {dag.py:4180} INFO - Setting next_dagrun for example_sensor_decorator to None, run_after=None
[2025-01-01T10:15:56.566+0000] {processor.py:208} INFO - Processing /home/airflow/.local/lib/python3.12/site-packages/airflow/example_dags/example_sensor_decorator.py took 0.117 seconds
[2025-01-01T10:16:27.698+0000] {processor.py:186} INFO - Started process (PID=537) to work on /home/airflow/.local/lib/python3.12/site-packages/airflow/example_dags/example_sensor_decorator.py
[2025-01-01T10:16:27.700+0000] {processor.py:914} INFO - Processing file /home/airflow/.local/lib/python3.12/site-packages/airflow/example_dags/example_sensor_decorator.py for tasks to queue
[2025-01-01T10:16:27.703+0000] {logging_mixin.py:190} INFO - [2025-01-01T10:16:27.703+0000] {dagbag.py:588} INFO - Filling up the DagBag from /home/airflow/.local/lib/python3.12/site-packages/airflow/example_dags/example_sensor_decorator.py
[2025-01-01T10:16:27.713+0000] {processor.py:925} INFO - DAG(s) 'example_sensor_decorator' retrieved from /home/airflow/.local/lib/python3.12/site-packages/airflow/example_dags/example_sensor_decorator.py
[2025-01-01T10:16:27.741+0000] {logging_mixin.py:190} INFO - [2025-01-01T10:16:27.740+0000] {dag.py:3239} INFO - Sync 1 DAGs
[2025-01-01T10:16:27.757+0000] {logging_mixin.py:190} INFO - [2025-01-01T10:16:27.756+0000] {dag.py:4180} INFO - Setting next_dagrun for example_sensor_decorator to None, run_after=None
[2025-01-01T10:16:27.787+0000] {processor.py:208} INFO - Processing /home/airflow/.local/lib/python3.12/site-packages/airflow/example_dags/example_sensor_decorator.py took 0.095 seconds
[2025-01-01T10:16:58.138+0000] {processor.py:186} INFO - Started process (PID=600) to work on /home/airflow/.local/lib/python3.12/site-packages/airflow/example_dags/example_sensor_decorator.py
[2025-01-01T10:16:58.140+0000] {processor.py:914} INFO - Processing file /home/airflow/.local/lib/python3.12/site-packages/airflow/example_dags/example_sensor_decorator.py for tasks to queue
[2025-01-01T10:16:58.143+0000] {logging_mixin.py:190} INFO - [2025-01-01T10:16:58.143+0000] {dagbag.py:588} INFO - Filling up the DagBag from /home/airflow/.local/lib/python3.12/site-packages/airflow/example_dags/example_sensor_decorator.py
[2025-01-01T10:16:58.152+0000] {processor.py:925} INFO - DAG(s) 'example_sensor_decorator' retrieved from /home/airflow/.local/lib/python3.12/site-packages/airflow/example_dags/example_sensor_decorator.py
[2025-01-01T10:16:58.183+0000] {logging_mixin.py:190} INFO - [2025-01-01T10:16:58.182+0000] {dag.py:3239} INFO - Sync 1 DAGs
[2025-01-01T10:16:58.199+0000] {logging_mixin.py:190} INFO - [2025-01-01T10:16:58.198+0000] {dag.py:4180} INFO - Setting next_dagrun for example_sensor_decorator to None, run_after=None
[2025-01-01T10:16:58.227+0000] {processor.py:208} INFO - Processing /home/airflow/.local/lib/python3.12/site-packages/airflow/example_dags/example_sensor_decorator.py took 0.095 seconds
[2025-01-01T10:17:28.426+0000] {processor.py:186} INFO - Started process (PID=662) to work on /home/airflow/.local/lib/python3.12/site-packages/airflow/example_dags/example_sensor_decorator.py
[2025-01-01T10:17:28.428+0000] {processor.py:914} INFO - Processing file /home/airflow/.local/lib/python3.12/site-packages/airflow/example_dags/example_sensor_decorator.py for tasks to queue
[2025-01-01T10:17:28.432+0000] {logging_mixin.py:190} INFO - [2025-01-01T10:17:28.431+0000] {dagbag.py:588} INFO - Filling up the DagBag from /home/airflow/.local/lib/python3.12/site-packages/airflow/example_dags/example_sensor_decorator.py
[2025-01-01T10:17:28.441+0000] {processor.py:925} INFO - DAG(s) 'example_sensor_decorator' retrieved from /home/airflow/.local/lib/python3.12/site-packages/airflow/example_dags/example_sensor_decorator.py
[2025-01-01T10:17:28.466+0000] {logging_mixin.py:190} INFO - [2025-01-01T10:17:28.466+0000] {dag.py:3239} INFO - Sync 1 DAGs
[2025-01-01T10:17:28.482+0000] {logging_mixin.py:190} INFO - [2025-01-01T10:17:28.482+0000] {dag.py:4180} INFO - Setting next_dagrun for example_sensor_decorator to None, run_after=None
[2025-01-01T10:17:28.508+0000] {processor.py:208} INFO - Processing /home/airflow/.local/lib/python3.12/site-packages/airflow/example_dags/example_sensor_decorator.py took 0.087 seconds
[2025-01-01T10:18:12.796+0000] {processor.py:186} INFO - Started process (PID=726) to work on /home/airflow/.local/lib/python3.12/site-packages/airflow/example_dags/example_sensor_decorator.py
[2025-01-01T10:18:12.799+0000] {processor.py:914} INFO - Processing file /home/airflow/.local/lib/python3.12/site-packages/airflow/example_dags/example_sensor_decorator.py for tasks to queue
[2025-01-01T10:18:12.808+0000] {logging_mixin.py:190} INFO - [2025-01-01T10:18:12.807+0000] {dagbag.py:588} INFO - Filling up the DagBag from /home/airflow/.local/lib/python3.12/site-packages/airflow/example_dags/example_sensor_decorator.py
[2025-01-01T10:18:12.839+0000] {processor.py:925} INFO - DAG(s) 'example_sensor_decorator' retrieved from /home/airflow/.local/lib/python3.12/site-packages/airflow/example_dags/example_sensor_decorator.py
[2025-01-01T10:18:12.912+0000] {logging_mixin.py:190} INFO - [2025-01-01T10:18:12.911+0000] {dag.py:3239} INFO - Sync 1 DAGs
[2025-01-01T10:18:12.971+0000] {logging_mixin.py:190} INFO - [2025-01-01T10:18:12.971+0000] {dag.py:4180} INFO - Setting next_dagrun for example_sensor_decorator to None, run_after=None
[2025-01-01T10:18:13.038+0000] {processor.py:208} INFO - Processing /home/airflow/.local/lib/python3.12/site-packages/airflow/example_dags/example_sensor_decorator.py took 0.263 seconds
[2025-01-01T10:18:45.472+0000] {processor.py:186} INFO - Started process (PID=788) to work on /home/airflow/.local/lib/python3.12/site-packages/airflow/example_dags/example_sensor_decorator.py
[2025-01-01T10:18:45.478+0000] {processor.py:914} INFO - Processing file /home/airflow/.local/lib/python3.12/site-packages/airflow/example_dags/example_sensor_decorator.py for tasks to queue
[2025-01-01T10:18:45.501+0000] {logging_mixin.py:190} INFO - [2025-01-01T10:18:45.498+0000] {dagbag.py:588} INFO - Filling up the DagBag from /home/airflow/.local/lib/python3.12/site-packages/airflow/example_dags/example_sensor_decorator.py
[2025-01-01T10:18:45.555+0000] {processor.py:925} INFO - DAG(s) 'example_sensor_decorator' retrieved from /home/airflow/.local/lib/python3.12/site-packages/airflow/example_dags/example_sensor_decorator.py
[2025-01-01T10:18:45.715+0000] {logging_mixin.py:190} INFO - [2025-01-01T10:18:45.714+0000] {dag.py:3239} INFO - Sync 1 DAGs
[2025-01-01T10:18:45.843+0000] {logging_mixin.py:190} INFO - [2025-01-01T10:18:45.841+0000] {dag.py:4180} INFO - Setting next_dagrun for example_sensor_decorator to None, run_after=None
[2025-01-01T10:18:45.998+0000] {processor.py:208} INFO - Processing /home/airflow/.local/lib/python3.12/site-packages/airflow/example_dags/example_sensor_decorator.py took 0.587 seconds
[2025-01-01T10:19:29.406+0000] {processor.py:186} INFO - Started process (PID=856) to work on /home/airflow/.local/lib/python3.12/site-packages/airflow/example_dags/example_sensor_decorator.py
[2025-01-01T10:19:29.411+0000] {processor.py:914} INFO - Processing file /home/airflow/.local/lib/python3.12/site-packages/airflow/example_dags/example_sensor_decorator.py for tasks to queue
[2025-01-01T10:19:29.424+0000] {logging_mixin.py:190} INFO - [2025-01-01T10:19:29.421+0000] {dagbag.py:588} INFO - Filling up the DagBag from /home/airflow/.local/lib/python3.12/site-packages/airflow/example_dags/example_sensor_decorator.py
[2025-01-01T10:19:29.466+0000] {processor.py:925} INFO - DAG(s) 'example_sensor_decorator' retrieved from /home/airflow/.local/lib/python3.12/site-packages/airflow/example_dags/example_sensor_decorator.py
[2025-01-01T10:19:29.575+0000] {logging_mixin.py:190} INFO - [2025-01-01T10:19:29.573+0000] {dag.py:3239} INFO - Sync 1 DAGs
[2025-01-01T10:19:29.685+0000] {logging_mixin.py:190} INFO - [2025-01-01T10:19:29.683+0000] {dag.py:4180} INFO - Setting next_dagrun for example_sensor_decorator to None, run_after=None
[2025-01-01T10:19:29.831+0000] {processor.py:208} INFO - Processing /home/airflow/.local/lib/python3.12/site-packages/airflow/example_dags/example_sensor_decorator.py took 0.460 seconds
[2025-01-01T10:20:00.603+0000] {processor.py:186} INFO - Started process (PID=920) to work on /home/airflow/.local/lib/python3.12/site-packages/airflow/example_dags/example_sensor_decorator.py
[2025-01-01T10:20:00.604+0000] {processor.py:914} INFO - Processing file /home/airflow/.local/lib/python3.12/site-packages/airflow/example_dags/example_sensor_decorator.py for tasks to queue
[2025-01-01T10:20:00.608+0000] {logging_mixin.py:190} INFO - [2025-01-01T10:20:00.607+0000] {dagbag.py:588} INFO - Filling up the DagBag from /home/airflow/.local/lib/python3.12/site-packages/airflow/example_dags/example_sensor_decorator.py
[2025-01-01T10:20:00.619+0000] {processor.py:925} INFO - DAG(s) 'example_sensor_decorator' retrieved from /home/airflow/.local/lib/python3.12/site-packages/airflow/example_dags/example_sensor_decorator.py
[2025-01-01T10:20:00.649+0000] {logging_mixin.py:190} INFO - [2025-01-01T10:20:00.648+0000] {dag.py:3239} INFO - Sync 1 DAGs
[2025-01-01T10:20:00.687+0000] {logging_mixin.py:190} INFO - [2025-01-01T10:20:00.686+0000] {dag.py:4180} INFO - Setting next_dagrun for example_sensor_decorator to None, run_after=None
[2025-01-01T10:20:00.725+0000] {processor.py:208} INFO - Processing /home/airflow/.local/lib/python3.12/site-packages/airflow/example_dags/example_sensor_decorator.py took 0.130 seconds
[2025-01-01T10:20:31.430+0000] {processor.py:186} INFO - Started process (PID=983) to work on /home/airflow/.local/lib/python3.12/site-packages/airflow/example_dags/example_sensor_decorator.py
[2025-01-01T10:20:31.432+0000] {processor.py:914} INFO - Processing file /home/airflow/.local/lib/python3.12/site-packages/airflow/example_dags/example_sensor_decorator.py for tasks to queue
[2025-01-01T10:20:31.436+0000] {logging_mixin.py:190} INFO - [2025-01-01T10:20:31.435+0000] {dagbag.py:588} INFO - Filling up the DagBag from /home/airflow/.local/lib/python3.12/site-packages/airflow/example_dags/example_sensor_decorator.py
[2025-01-01T10:20:31.447+0000] {processor.py:925} INFO - DAG(s) 'example_sensor_decorator' retrieved from /home/airflow/.local/lib/python3.12/site-packages/airflow/example_dags/example_sensor_decorator.py
[2025-01-01T10:20:31.475+0000] {logging_mixin.py:190} INFO - [2025-01-01T10:20:31.475+0000] {dag.py:3239} INFO - Sync 1 DAGs
[2025-01-01T10:20:31.493+0000] {logging_mixin.py:190} INFO - [2025-01-01T10:20:31.493+0000] {dag.py:4180} INFO - Setting next_dagrun for example_sensor_decorator to None, run_after=None
[2025-01-01T10:20:31.523+0000] {processor.py:208} INFO - Processing /home/airflow/.local/lib/python3.12/site-packages/airflow/example_dags/example_sensor_decorator.py took 0.101 seconds
[2025-01-01T10:21:01.645+0000] {processor.py:186} INFO - Started process (PID=1046) to work on /home/airflow/.local/lib/python3.12/site-packages/airflow/example_dags/example_sensor_decorator.py
[2025-01-01T10:21:01.648+0000] {processor.py:914} INFO - Processing file /home/airflow/.local/lib/python3.12/site-packages/airflow/example_dags/example_sensor_decorator.py for tasks to queue
[2025-01-01T10:21:01.652+0000] {logging_mixin.py:190} INFO - [2025-01-01T10:21:01.651+0000] {dagbag.py:588} INFO - Filling up the DagBag from /home/airflow/.local/lib/python3.12/site-packages/airflow/example_dags/example_sensor_decorator.py
[2025-01-01T10:21:01.663+0000] {processor.py:925} INFO - DAG(s) 'example_sensor_decorator' retrieved from /home/airflow/.local/lib/python3.12/site-packages/airflow/example_dags/example_sensor_decorator.py
[2025-01-01T10:21:01.695+0000] {logging_mixin.py:190} INFO - [2025-01-01T10:21:01.694+0000] {dag.py:3239} INFO - Sync 1 DAGs
[2025-01-01T10:21:01.726+0000] {logging_mixin.py:190} INFO - [2025-01-01T10:21:01.726+0000] {dag.py:4180} INFO - Setting next_dagrun for example_sensor_decorator to None, run_after=None
[2025-01-01T10:21:01.757+0000] {processor.py:208} INFO - Processing /home/airflow/.local/lib/python3.12/site-packages/airflow/example_dags/example_sensor_decorator.py took 0.120 seconds
[2025-01-01T10:21:32.227+0000] {processor.py:186} INFO - Started process (PID=1110) to work on /home/airflow/.local/lib/python3.12/site-packages/airflow/example_dags/example_sensor_decorator.py
[2025-01-01T10:21:32.231+0000] {processor.py:914} INFO - Processing file /home/airflow/.local/lib/python3.12/site-packages/airflow/example_dags/example_sensor_decorator.py for tasks to queue
[2025-01-01T10:21:32.242+0000] {logging_mixin.py:190} INFO - [2025-01-01T10:21:32.240+0000] {dagbag.py:588} INFO - Filling up the DagBag from /home/airflow/.local/lib/python3.12/site-packages/airflow/example_dags/example_sensor_decorator.py
[2025-01-01T10:21:32.277+0000] {processor.py:925} INFO - DAG(s) 'example_sensor_decorator' retrieved from /home/airflow/.local/lib/python3.12/site-packages/airflow/example_dags/example_sensor_decorator.py
[2025-01-01T10:21:32.359+0000] {logging_mixin.py:190} INFO - [2025-01-01T10:21:32.357+0000] {dag.py:3239} INFO - Sync 1 DAGs
[2025-01-01T10:21:32.420+0000] {logging_mixin.py:190} INFO - [2025-01-01T10:21:32.419+0000] {dag.py:4180} INFO - Setting next_dagrun for example_sensor_decorator to None, run_after=None
[2025-01-01T10:21:32.496+0000] {processor.py:208} INFO - Processing /home/airflow/.local/lib/python3.12/site-packages/airflow/example_dags/example_sensor_decorator.py took 0.294 seconds
[2025-01-01T10:22:02.860+0000] {processor.py:186} INFO - Started process (PID=1173) to work on /home/airflow/.local/lib/python3.12/site-packages/airflow/example_dags/example_sensor_decorator.py
[2025-01-01T10:22:02.862+0000] {processor.py:914} INFO - Processing file /home/airflow/.local/lib/python3.12/site-packages/airflow/example_dags/example_sensor_decorator.py for tasks to queue
[2025-01-01T10:22:02.865+0000] {logging_mixin.py:190} INFO - [2025-01-01T10:22:02.865+0000] {dagbag.py:588} INFO - Filling up the DagBag from /home/airflow/.local/lib/python3.12/site-packages/airflow/example_dags/example_sensor_decorator.py
[2025-01-01T10:22:02.875+0000] {processor.py:925} INFO - DAG(s) 'example_sensor_decorator' retrieved from /home/airflow/.local/lib/python3.12/site-packages/airflow/example_dags/example_sensor_decorator.py
[2025-01-01T10:22:02.902+0000] {logging_mixin.py:190} INFO - [2025-01-01T10:22:02.902+0000] {dag.py:3239} INFO - Sync 1 DAGs
[2025-01-01T10:22:02.921+0000] {logging_mixin.py:190} INFO - [2025-01-01T10:22:02.921+0000] {dag.py:4180} INFO - Setting next_dagrun for example_sensor_decorator to None, run_after=None
[2025-01-01T10:22:02.951+0000] {processor.py:208} INFO - Processing /home/airflow/.local/lib/python3.12/site-packages/airflow/example_dags/example_sensor_decorator.py took 0.098 seconds
[2025-01-01T10:22:34.537+0000] {processor.py:186} INFO - Started process (PID=1236) to work on /home/airflow/.local/lib/python3.12/site-packages/airflow/example_dags/example_sensor_decorator.py
[2025-01-01T10:22:34.540+0000] {processor.py:914} INFO - Processing file /home/airflow/.local/lib/python3.12/site-packages/airflow/example_dags/example_sensor_decorator.py for tasks to queue
[2025-01-01T10:22:34.548+0000] {logging_mixin.py:190} INFO - [2025-01-01T10:22:34.547+0000] {dagbag.py:588} INFO - Filling up the DagBag from /home/airflow/.local/lib/python3.12/site-packages/airflow/example_dags/example_sensor_decorator.py
[2025-01-01T10:22:34.588+0000] {processor.py:925} INFO - DAG(s) 'example_sensor_decorator' retrieved from /home/airflow/.local/lib/python3.12/site-packages/airflow/example_dags/example_sensor_decorator.py
[2025-01-01T10:22:34.657+0000] {logging_mixin.py:190} INFO - [2025-01-01T10:22:34.656+0000] {dag.py:3239} INFO - Sync 1 DAGs
[2025-01-01T10:22:34.713+0000] {logging_mixin.py:190} INFO - [2025-01-01T10:22:34.712+0000] {dag.py:4180} INFO - Setting next_dagrun for example_sensor_decorator to None, run_after=None
[2025-01-01T10:22:34.793+0000] {processor.py:208} INFO - Processing /home/airflow/.local/lib/python3.12/site-packages/airflow/example_dags/example_sensor_decorator.py took 0.290 seconds
[2025-01-01T10:23:05.060+0000] {processor.py:186} INFO - Started process (PID=1298) to work on /home/airflow/.local/lib/python3.12/site-packages/airflow/example_dags/example_sensor_decorator.py
[2025-01-01T10:23:05.062+0000] {processor.py:914} INFO - Processing file /home/airflow/.local/lib/python3.12/site-packages/airflow/example_dags/example_sensor_decorator.py for tasks to queue
[2025-01-01T10:23:05.065+0000] {logging_mixin.py:190} INFO - [2025-01-01T10:23:05.065+0000] {dagbag.py:588} INFO - Filling up the DagBag from /home/airflow/.local/lib/python3.12/site-packages/airflow/example_dags/example_sensor_decorator.py
[2025-01-01T10:23:05.075+0000] {processor.py:925} INFO - DAG(s) 'example_sensor_decorator' retrieved from /home/airflow/.local/lib/python3.12/site-packages/airflow/example_dags/example_sensor_decorator.py
[2025-01-01T10:23:05.097+0000] {logging_mixin.py:190} INFO - [2025-01-01T10:23:05.097+0000] {dag.py:3239} INFO - Sync 1 DAGs
[2025-01-01T10:23:05.112+0000] {logging_mixin.py:190} INFO - [2025-01-01T10:23:05.111+0000] {dag.py:4180} INFO - Setting next_dagrun for example_sensor_decorator to None, run_after=None
[2025-01-01T10:23:05.138+0000] {processor.py:208} INFO - Processing /home/airflow/.local/lib/python3.12/site-packages/airflow/example_dags/example_sensor_decorator.py took 0.083 seconds
[2025-01-01T10:23:36.040+0000] {processor.py:186} INFO - Started process (PID=1360) to work on /home/airflow/.local/lib/python3.12/site-packages/airflow/example_dags/example_sensor_decorator.py
[2025-01-01T10:23:36.052+0000] {processor.py:914} INFO - Processing file /home/airflow/.local/lib/python3.12/site-packages/airflow/example_dags/example_sensor_decorator.py for tasks to queue
[2025-01-01T10:23:36.089+0000] {logging_mixin.py:190} INFO - [2025-01-01T10:23:36.087+0000] {dagbag.py:588} INFO - Filling up the DagBag from /home/airflow/.local/lib/python3.12/site-packages/airflow/example_dags/example_sensor_decorator.py
[2025-01-01T10:23:36.141+0000] {processor.py:925} INFO - DAG(s) 'example_sensor_decorator' retrieved from /home/airflow/.local/lib/python3.12/site-packages/airflow/example_dags/example_sensor_decorator.py
[2025-01-01T10:23:36.219+0000] {logging_mixin.py:190} INFO - [2025-01-01T10:23:36.218+0000] {dag.py:3239} INFO - Sync 1 DAGs
[2025-01-01T10:23:36.276+0000] {logging_mixin.py:190} INFO - [2025-01-01T10:23:36.275+0000] {dag.py:4180} INFO - Setting next_dagrun for example_sensor_decorator to None, run_after=None
[2025-01-01T10:23:36.342+0000] {processor.py:208} INFO - Processing /home/airflow/.local/lib/python3.12/site-packages/airflow/example_dags/example_sensor_decorator.py took 0.362 seconds
[2025-01-01T10:24:07.802+0000] {processor.py:186} INFO - Started process (PID=1421) to work on /home/airflow/.local/lib/python3.12/site-packages/airflow/example_dags/example_sensor_decorator.py
[2025-01-01T10:24:07.806+0000] {processor.py:914} INFO - Processing file /home/airflow/.local/lib/python3.12/site-packages/airflow/example_dags/example_sensor_decorator.py for tasks to queue
[2025-01-01T10:24:07.820+0000] {logging_mixin.py:190} INFO - [2025-01-01T10:24:07.819+0000] {dagbag.py:588} INFO - Filling up the DagBag from /home/airflow/.local/lib/python3.12/site-packages/airflow/example_dags/example_sensor_decorator.py
[2025-01-01T10:24:07.874+0000] {processor.py:925} INFO - DAG(s) 'example_sensor_decorator' retrieved from /home/airflow/.local/lib/python3.12/site-packages/airflow/example_dags/example_sensor_decorator.py
[2025-01-01T10:24:08.014+0000] {logging_mixin.py:190} INFO - [2025-01-01T10:24:08.011+0000] {dag.py:3239} INFO - Sync 1 DAGs
[2025-01-01T10:24:08.112+0000] {logging_mixin.py:190} INFO - [2025-01-01T10:24:08.111+0000] {dag.py:4180} INFO - Setting next_dagrun for example_sensor_decorator to None, run_after=None
[2025-01-01T10:24:08.214+0000] {processor.py:208} INFO - Processing /home/airflow/.local/lib/python3.12/site-packages/airflow/example_dags/example_sensor_decorator.py took 0.455 seconds
[2025-01-01T10:24:53.825+0000] {processor.py:186} INFO - Started process (PID=1490) to work on /home/airflow/.local/lib/python3.12/site-packages/airflow/example_dags/example_sensor_decorator.py
[2025-01-01T10:24:53.831+0000] {processor.py:914} INFO - Processing file /home/airflow/.local/lib/python3.12/site-packages/airflow/example_dags/example_sensor_decorator.py for tasks to queue
[2025-01-01T10:24:53.851+0000] {logging_mixin.py:190} INFO - [2025-01-01T10:24:53.848+0000] {dagbag.py:588} INFO - Filling up the DagBag from /home/airflow/.local/lib/python3.12/site-packages/airflow/example_dags/example_sensor_decorator.py
[2025-01-01T10:24:53.897+0000] {processor.py:925} INFO - DAG(s) 'example_sensor_decorator' retrieved from /home/airflow/.local/lib/python3.12/site-packages/airflow/example_dags/example_sensor_decorator.py
[2025-01-01T10:24:54.003+0000] {logging_mixin.py:190} INFO - [2025-01-01T10:24:54.000+0000] {dag.py:3239} INFO - Sync 1 DAGs
[2025-01-01T10:24:54.091+0000] {logging_mixin.py:190} INFO - [2025-01-01T10:24:54.090+0000] {dag.py:4180} INFO - Setting next_dagrun for example_sensor_decorator to None, run_after=None
[2025-01-01T10:24:54.211+0000] {processor.py:208} INFO - Processing /home/airflow/.local/lib/python3.12/site-packages/airflow/example_dags/example_sensor_decorator.py took 0.430 seconds
[2025-01-01T10:25:35.274+0000] {processor.py:186} INFO - Started process (PID=1557) to work on /home/airflow/.local/lib/python3.12/site-packages/airflow/example_dags/example_sensor_decorator.py
[2025-01-01T10:25:35.280+0000] {processor.py:914} INFO - Processing file /home/airflow/.local/lib/python3.12/site-packages/airflow/example_dags/example_sensor_decorator.py for tasks to queue
[2025-01-01T10:25:35.313+0000] {logging_mixin.py:190} INFO - [2025-01-01T10:25:35.301+0000] {dagbag.py:588} INFO - Filling up the DagBag from /home/airflow/.local/lib/python3.12/site-packages/airflow/example_dags/example_sensor_decorator.py
[2025-01-01T10:25:35.408+0000] {processor.py:925} INFO - DAG(s) 'example_sensor_decorator' retrieved from /home/airflow/.local/lib/python3.12/site-packages/airflow/example_dags/example_sensor_decorator.py
[2025-01-01T10:25:35.542+0000] {logging_mixin.py:190} INFO - [2025-01-01T10:25:35.541+0000] {dag.py:3239} INFO - Sync 1 DAGs
[2025-01-01T10:25:35.817+0000] {logging_mixin.py:190} INFO - [2025-01-01T10:25:35.814+0000] {dag.py:4180} INFO - Setting next_dagrun for example_sensor_decorator to None, run_after=None
[2025-01-01T10:25:36.109+0000] {processor.py:208} INFO - Processing /home/airflow/.local/lib/python3.12/site-packages/airflow/example_dags/example_sensor_decorator.py took 0.884 seconds
[2025-01-01T10:26:07.515+0000] {processor.py:186} INFO - Started process (PID=1619) to work on /home/airflow/.local/lib/python3.12/site-packages/airflow/example_dags/example_sensor_decorator.py
[2025-01-01T10:26:07.519+0000] {processor.py:914} INFO - Processing file /home/airflow/.local/lib/python3.12/site-packages/airflow/example_dags/example_sensor_decorator.py for tasks to queue
[2025-01-01T10:26:07.528+0000] {logging_mixin.py:190} INFO - [2025-01-01T10:26:07.526+0000] {dagbag.py:588} INFO - Filling up the DagBag from /home/airflow/.local/lib/python3.12/site-packages/airflow/example_dags/example_sensor_decorator.py
[2025-01-01T10:26:07.563+0000] {processor.py:925} INFO - DAG(s) 'example_sensor_decorator' retrieved from /home/airflow/.local/lib/python3.12/site-packages/airflow/example_dags/example_sensor_decorator.py
[2025-01-01T10:26:07.631+0000] {logging_mixin.py:190} INFO - [2025-01-01T10:26:07.630+0000] {dag.py:3239} INFO - Sync 1 DAGs
[2025-01-01T10:26:07.681+0000] {logging_mixin.py:190} INFO - [2025-01-01T10:26:07.680+0000] {dag.py:4180} INFO - Setting next_dagrun for example_sensor_decorator to None, run_after=None
[2025-01-01T10:26:07.752+0000] {processor.py:208} INFO - Processing /home/airflow/.local/lib/python3.12/site-packages/airflow/example_dags/example_sensor_decorator.py took 0.261 seconds
[2025-01-01T10:26:38.160+0000] {processor.py:186} INFO - Started process (PID=1683) to work on /home/airflow/.local/lib/python3.12/site-packages/airflow/example_dags/example_sensor_decorator.py
[2025-01-01T10:26:38.163+0000] {processor.py:914} INFO - Processing file /home/airflow/.local/lib/python3.12/site-packages/airflow/example_dags/example_sensor_decorator.py for tasks to queue
[2025-01-01T10:26:38.172+0000] {logging_mixin.py:190} INFO - [2025-01-01T10:26:38.171+0000] {dagbag.py:588} INFO - Filling up the DagBag from /home/airflow/.local/lib/python3.12/site-packages/airflow/example_dags/example_sensor_decorator.py
[2025-01-01T10:26:38.200+0000] {processor.py:925} INFO - DAG(s) 'example_sensor_decorator' retrieved from /home/airflow/.local/lib/python3.12/site-packages/airflow/example_dags/example_sensor_decorator.py
[2025-01-01T10:26:38.263+0000] {logging_mixin.py:190} INFO - [2025-01-01T10:26:38.262+0000] {dag.py:3239} INFO - Sync 1 DAGs
[2025-01-01T10:26:38.314+0000] {logging_mixin.py:190} INFO - [2025-01-01T10:26:38.313+0000] {dag.py:4180} INFO - Setting next_dagrun for example_sensor_decorator to None, run_after=None
[2025-01-01T10:26:38.370+0000] {processor.py:208} INFO - Processing /home/airflow/.local/lib/python3.12/site-packages/airflow/example_dags/example_sensor_decorator.py took 0.231 seconds
[2025-01-01T10:27:08.521+0000] {processor.py:186} INFO - Started process (PID=1746) to work on /home/airflow/.local/lib/python3.12/site-packages/airflow/example_dags/example_sensor_decorator.py
[2025-01-01T10:27:08.524+0000] {processor.py:914} INFO - Processing file /home/airflow/.local/lib/python3.12/site-packages/airflow/example_dags/example_sensor_decorator.py for tasks to queue
[2025-01-01T10:27:08.529+0000] {logging_mixin.py:190} INFO - [2025-01-01T10:27:08.528+0000] {dagbag.py:588} INFO - Filling up the DagBag from /home/airflow/.local/lib/python3.12/site-packages/airflow/example_dags/example_sensor_decorator.py
[2025-01-01T10:27:08.548+0000] {processor.py:925} INFO - DAG(s) 'example_sensor_decorator' retrieved from /home/airflow/.local/lib/python3.12/site-packages/airflow/example_dags/example_sensor_decorator.py
[2025-01-01T10:27:08.590+0000] {logging_mixin.py:190} INFO - [2025-01-01T10:27:08.589+0000] {dag.py:3239} INFO - Sync 1 DAGs
[2025-01-01T10:27:08.621+0000] {logging_mixin.py:190} INFO - [2025-01-01T10:27:08.620+0000] {dag.py:4180} INFO - Setting next_dagrun for example_sensor_decorator to None, run_after=None
[2025-01-01T10:27:08.663+0000] {processor.py:208} INFO - Processing /home/airflow/.local/lib/python3.12/site-packages/airflow/example_dags/example_sensor_decorator.py took 0.156 seconds
[2025-01-01T10:27:42.341+0000] {processor.py:186} INFO - Started process (PID=1809) to work on /home/airflow/.local/lib/python3.12/site-packages/airflow/example_dags/example_sensor_decorator.py
[2025-01-01T10:27:42.346+0000] {processor.py:914} INFO - Processing file /home/airflow/.local/lib/python3.12/site-packages/airflow/example_dags/example_sensor_decorator.py for tasks to queue
[2025-01-01T10:27:42.359+0000] {logging_mixin.py:190} INFO - [2025-01-01T10:27:42.358+0000] {dagbag.py:588} INFO - Filling up the DagBag from /home/airflow/.local/lib/python3.12/site-packages/airflow/example_dags/example_sensor_decorator.py
[2025-01-01T10:27:42.401+0000] {processor.py:925} INFO - DAG(s) 'example_sensor_decorator' retrieved from /home/airflow/.local/lib/python3.12/site-packages/airflow/example_dags/example_sensor_decorator.py
[2025-01-01T10:27:42.492+0000] {logging_mixin.py:190} INFO - [2025-01-01T10:27:42.492+0000] {dag.py:3239} INFO - Sync 1 DAGs
[2025-01-01T10:27:42.567+0000] {logging_mixin.py:190} INFO - [2025-01-01T10:27:42.565+0000] {dag.py:4180} INFO - Setting next_dagrun for example_sensor_decorator to None, run_after=None
[2025-01-01T10:27:42.642+0000] {processor.py:208} INFO - Processing /home/airflow/.local/lib/python3.12/site-packages/airflow/example_dags/example_sensor_decorator.py took 0.330 seconds
[2025-01-01T10:28:15.733+0000] {processor.py:186} INFO - Started process (PID=1872) to work on /home/airflow/.local/lib/python3.12/site-packages/airflow/example_dags/example_sensor_decorator.py
[2025-01-01T10:28:15.737+0000] {processor.py:914} INFO - Processing file /home/airflow/.local/lib/python3.12/site-packages/airflow/example_dags/example_sensor_decorator.py for tasks to queue
[2025-01-01T10:28:15.744+0000] {logging_mixin.py:190} INFO - [2025-01-01T10:28:15.743+0000] {dagbag.py:588} INFO - Filling up the DagBag from /home/airflow/.local/lib/python3.12/site-packages/airflow/example_dags/example_sensor_decorator.py
[2025-01-01T10:28:15.777+0000] {processor.py:925} INFO - DAG(s) 'example_sensor_decorator' retrieved from /home/airflow/.local/lib/python3.12/site-packages/airflow/example_dags/example_sensor_decorator.py
[2025-01-01T10:28:15.845+0000] {logging_mixin.py:190} INFO - [2025-01-01T10:28:15.844+0000] {dag.py:3239} INFO - Sync 1 DAGs
[2025-01-01T10:28:15.906+0000] {logging_mixin.py:190} INFO - [2025-01-01T10:28:15.905+0000] {dag.py:4180} INFO - Setting next_dagrun for example_sensor_decorator to None, run_after=None
[2025-01-01T10:28:15.989+0000] {processor.py:208} INFO - Processing /home/airflow/.local/lib/python3.12/site-packages/airflow/example_dags/example_sensor_decorator.py took 0.276 seconds
[2025-01-01T10:29:06.500+0000] {processor.py:186} INFO - Started process (PID=1935) to work on /home/airflow/.local/lib/python3.12/site-packages/airflow/example_dags/example_sensor_decorator.py
[2025-01-01T10:29:06.504+0000] {processor.py:914} INFO - Processing file /home/airflow/.local/lib/python3.12/site-packages/airflow/example_dags/example_sensor_decorator.py for tasks to queue
[2025-01-01T10:29:06.523+0000] {logging_mixin.py:190} INFO - [2025-01-01T10:29:06.519+0000] {dagbag.py:588} INFO - Filling up the DagBag from /home/airflow/.local/lib/python3.12/site-packages/airflow/example_dags/example_sensor_decorator.py
[2025-01-01T10:29:06.591+0000] {processor.py:925} INFO - DAG(s) 'example_sensor_decorator' retrieved from /home/airflow/.local/lib/python3.12/site-packages/airflow/example_dags/example_sensor_decorator.py
[2025-01-01T10:29:06.761+0000] {logging_mixin.py:190} INFO - [2025-01-01T10:29:06.760+0000] {dag.py:3239} INFO - Sync 1 DAGs
[2025-01-01T10:29:06.866+0000] {logging_mixin.py:190} INFO - [2025-01-01T10:29:06.863+0000] {dag.py:4180} INFO - Setting next_dagrun for example_sensor_decorator to None, run_after=None
[2025-01-01T10:29:07.060+0000] {processor.py:208} INFO - Processing /home/airflow/.local/lib/python3.12/site-packages/airflow/example_dags/example_sensor_decorator.py took 0.603 seconds
[2025-01-01T10:29:37.901+0000] {processor.py:186} INFO - Started process (PID=1998) to work on /home/airflow/.local/lib/python3.12/site-packages/airflow/example_dags/example_sensor_decorator.py
[2025-01-01T10:29:37.908+0000] {processor.py:914} INFO - Processing file /home/airflow/.local/lib/python3.12/site-packages/airflow/example_dags/example_sensor_decorator.py for tasks to queue
[2025-01-01T10:29:37.919+0000] {logging_mixin.py:190} INFO - [2025-01-01T10:29:37.918+0000] {dagbag.py:588} INFO - Filling up the DagBag from /home/airflow/.local/lib/python3.12/site-packages/airflow/example_dags/example_sensor_decorator.py
[2025-01-01T10:29:37.970+0000] {processor.py:925} INFO - DAG(s) 'example_sensor_decorator' retrieved from /home/airflow/.local/lib/python3.12/site-packages/airflow/example_dags/example_sensor_decorator.py
[2025-01-01T10:29:38.076+0000] {logging_mixin.py:190} INFO - [2025-01-01T10:29:38.075+0000] {dag.py:3239} INFO - Sync 1 DAGs
[2025-01-01T10:29:38.165+0000] {logging_mixin.py:190} INFO - [2025-01-01T10:29:38.165+0000] {dag.py:4180} INFO - Setting next_dagrun for example_sensor_decorator to None, run_after=None
[2025-01-01T10:29:38.257+0000] {processor.py:208} INFO - Processing /home/airflow/.local/lib/python3.12/site-packages/airflow/example_dags/example_sensor_decorator.py took 0.394 seconds
[2025-01-01T10:30:25.882+0000] {processor.py:186} INFO - Started process (PID=2066) to work on /home/airflow/.local/lib/python3.12/site-packages/airflow/example_dags/example_sensor_decorator.py
[2025-01-01T10:30:25.901+0000] {processor.py:914} INFO - Processing file /home/airflow/.local/lib/python3.12/site-packages/airflow/example_dags/example_sensor_decorator.py for tasks to queue
[2025-01-01T10:30:25.923+0000] {logging_mixin.py:190} INFO - [2025-01-01T10:30:25.914+0000] {dagbag.py:588} INFO - Filling up the DagBag from /home/airflow/.local/lib/python3.12/site-packages/airflow/example_dags/example_sensor_decorator.py
[2025-01-01T10:30:26.004+0000] {processor.py:925} INFO - DAG(s) 'example_sensor_decorator' retrieved from /home/airflow/.local/lib/python3.12/site-packages/airflow/example_dags/example_sensor_decorator.py
[2025-01-01T10:30:26.113+0000] {logging_mixin.py:190} INFO - [2025-01-01T10:30:26.112+0000] {dag.py:3239} INFO - Sync 1 DAGs
[2025-01-01T10:30:26.229+0000] {logging_mixin.py:190} INFO - [2025-01-01T10:30:26.228+0000] {dag.py:4180} INFO - Setting next_dagrun for example_sensor_decorator to None, run_after=None
[2025-01-01T10:30:26.371+0000] {processor.py:208} INFO - Processing /home/airflow/.local/lib/python3.12/site-packages/airflow/example_dags/example_sensor_decorator.py took 0.539 seconds
[2025-01-01T10:30:57.122+0000] {processor.py:186} INFO - Started process (PID=2129) to work on /home/airflow/.local/lib/python3.12/site-packages/airflow/example_dags/example_sensor_decorator.py
[2025-01-01T10:30:57.123+0000] {processor.py:914} INFO - Processing file /home/airflow/.local/lib/python3.12/site-packages/airflow/example_dags/example_sensor_decorator.py for tasks to queue
[2025-01-01T10:30:57.127+0000] {logging_mixin.py:190} INFO - [2025-01-01T10:30:57.127+0000] {dagbag.py:588} INFO - Filling up the DagBag from /home/airflow/.local/lib/python3.12/site-packages/airflow/example_dags/example_sensor_decorator.py
[2025-01-01T10:30:57.138+0000] {processor.py:925} INFO - DAG(s) 'example_sensor_decorator' retrieved from /home/airflow/.local/lib/python3.12/site-packages/airflow/example_dags/example_sensor_decorator.py
[2025-01-01T10:30:57.163+0000] {logging_mixin.py:190} INFO - [2025-01-01T10:30:57.163+0000] {dag.py:3239} INFO - Sync 1 DAGs
[2025-01-01T10:30:57.177+0000] {logging_mixin.py:190} INFO - [2025-01-01T10:30:57.177+0000] {dag.py:4180} INFO - Setting next_dagrun for example_sensor_decorator to None, run_after=None
[2025-01-01T10:30:57.202+0000] {processor.py:208} INFO - Processing /home/airflow/.local/lib/python3.12/site-packages/airflow/example_dags/example_sensor_decorator.py took 0.087 seconds
[2025-01-01T10:31:36.174+0000] {processor.py:186} INFO - Started process (PID=2199) to work on /home/airflow/.local/lib/python3.12/site-packages/airflow/example_dags/example_sensor_decorator.py
[2025-01-01T10:31:36.188+0000] {processor.py:914} INFO - Processing file /home/airflow/.local/lib/python3.12/site-packages/airflow/example_dags/example_sensor_decorator.py for tasks to queue
[2025-01-01T10:31:36.220+0000] {logging_mixin.py:190} INFO - [2025-01-01T10:31:36.219+0000] {dagbag.py:588} INFO - Filling up the DagBag from /home/airflow/.local/lib/python3.12/site-packages/airflow/example_dags/example_sensor_decorator.py
[2025-01-01T10:31:36.333+0000] {processor.py:925} INFO - DAG(s) 'example_sensor_decorator' retrieved from /home/airflow/.local/lib/python3.12/site-packages/airflow/example_dags/example_sensor_decorator.py
[2025-01-01T10:31:36.466+0000] {logging_mixin.py:190} INFO - [2025-01-01T10:31:36.465+0000] {dag.py:3239} INFO - Sync 1 DAGs
[2025-01-01T10:31:36.531+0000] {logging_mixin.py:190} INFO - [2025-01-01T10:31:36.529+0000] {dag.py:4180} INFO - Setting next_dagrun for example_sensor_decorator to None, run_after=None
[2025-01-01T10:31:36.681+0000] {processor.py:208} INFO - Processing /home/airflow/.local/lib/python3.12/site-packages/airflow/example_dags/example_sensor_decorator.py took 0.602 seconds
[2025-01-01T10:32:06.874+0000] {processor.py:186} INFO - Started process (PID=2260) to work on /home/airflow/.local/lib/python3.12/site-packages/airflow/example_dags/example_sensor_decorator.py
[2025-01-01T10:32:06.877+0000] {processor.py:914} INFO - Processing file /home/airflow/.local/lib/python3.12/site-packages/airflow/example_dags/example_sensor_decorator.py for tasks to queue
[2025-01-01T10:32:06.885+0000] {logging_mixin.py:190} INFO - [2025-01-01T10:32:06.884+0000] {dagbag.py:588} INFO - Filling up the DagBag from /home/airflow/.local/lib/python3.12/site-packages/airflow/example_dags/example_sensor_decorator.py
[2025-01-01T10:32:06.917+0000] {processor.py:925} INFO - DAG(s) 'example_sensor_decorator' retrieved from /home/airflow/.local/lib/python3.12/site-packages/airflow/example_dags/example_sensor_decorator.py
[2025-01-01T10:32:07.010+0000] {logging_mixin.py:190} INFO - [2025-01-01T10:32:07.009+0000] {dag.py:3239} INFO - Sync 1 DAGs
[2025-01-01T10:32:07.079+0000] {logging_mixin.py:190} INFO - [2025-01-01T10:32:07.079+0000] {dag.py:4180} INFO - Setting next_dagrun for example_sensor_decorator to None, run_after=None
[2025-01-01T10:32:07.161+0000] {processor.py:208} INFO - Processing /home/airflow/.local/lib/python3.12/site-packages/airflow/example_dags/example_sensor_decorator.py took 0.314 seconds
[2025-01-01T10:32:37.968+0000] {processor.py:186} INFO - Started process (PID=2323) to work on /home/airflow/.local/lib/python3.12/site-packages/airflow/example_dags/example_sensor_decorator.py
[2025-01-01T10:32:37.974+0000] {processor.py:914} INFO - Processing file /home/airflow/.local/lib/python3.12/site-packages/airflow/example_dags/example_sensor_decorator.py for tasks to queue
[2025-01-01T10:32:37.993+0000] {logging_mixin.py:190} INFO - [2025-01-01T10:32:37.991+0000] {dagbag.py:588} INFO - Filling up the DagBag from /home/airflow/.local/lib/python3.12/site-packages/airflow/example_dags/example_sensor_decorator.py
[2025-01-01T10:32:38.111+0000] {processor.py:925} INFO - DAG(s) 'example_sensor_decorator' retrieved from /home/airflow/.local/lib/python3.12/site-packages/airflow/example_dags/example_sensor_decorator.py
[2025-01-01T10:32:38.269+0000] {logging_mixin.py:190} INFO - [2025-01-01T10:32:38.268+0000] {dag.py:3239} INFO - Sync 1 DAGs
[2025-01-01T10:32:38.347+0000] {logging_mixin.py:190} INFO - [2025-01-01T10:32:38.345+0000] {dag.py:4180} INFO - Setting next_dagrun for example_sensor_decorator to None, run_after=None
[2025-01-01T10:32:38.431+0000] {processor.py:208} INFO - Processing /home/airflow/.local/lib/python3.12/site-packages/airflow/example_dags/example_sensor_decorator.py took 0.517 seconds
[2025-01-01T10:33:09.255+0000] {processor.py:186} INFO - Started process (PID=2387) to work on /home/airflow/.local/lib/python3.12/site-packages/airflow/example_dags/example_sensor_decorator.py
[2025-01-01T10:33:09.257+0000] {processor.py:914} INFO - Processing file /home/airflow/.local/lib/python3.12/site-packages/airflow/example_dags/example_sensor_decorator.py for tasks to queue
[2025-01-01T10:33:09.261+0000] {logging_mixin.py:190} INFO - [2025-01-01T10:33:09.260+0000] {dagbag.py:588} INFO - Filling up the DagBag from /home/airflow/.local/lib/python3.12/site-packages/airflow/example_dags/example_sensor_decorator.py
[2025-01-01T10:33:09.274+0000] {processor.py:925} INFO - DAG(s) 'example_sensor_decorator' retrieved from /home/airflow/.local/lib/python3.12/site-packages/airflow/example_dags/example_sensor_decorator.py
[2025-01-01T10:33:09.297+0000] {logging_mixin.py:190} INFO - [2025-01-01T10:33:09.296+0000] {dag.py:3239} INFO - Sync 1 DAGs
[2025-01-01T10:33:09.317+0000] {logging_mixin.py:190} INFO - [2025-01-01T10:33:09.317+0000] {dag.py:4180} INFO - Setting next_dagrun for example_sensor_decorator to None, run_after=None
[2025-01-01T10:33:09.342+0000] {processor.py:208} INFO - Processing /home/airflow/.local/lib/python3.12/site-packages/airflow/example_dags/example_sensor_decorator.py took 0.096 seconds
[2025-01-01T10:33:40.226+0000] {processor.py:186} INFO - Started process (PID=2451) to work on /home/airflow/.local/lib/python3.12/site-packages/airflow/example_dags/example_sensor_decorator.py
[2025-01-01T10:33:40.238+0000] {processor.py:914} INFO - Processing file /home/airflow/.local/lib/python3.12/site-packages/airflow/example_dags/example_sensor_decorator.py for tasks to queue
[2025-01-01T10:33:40.262+0000] {logging_mixin.py:190} INFO - [2025-01-01T10:33:40.261+0000] {dagbag.py:588} INFO - Filling up the DagBag from /home/airflow/.local/lib/python3.12/site-packages/airflow/example_dags/example_sensor_decorator.py
[2025-01-01T10:33:40.365+0000] {processor.py:925} INFO - DAG(s) 'example_sensor_decorator' retrieved from /home/airflow/.local/lib/python3.12/site-packages/airflow/example_dags/example_sensor_decorator.py
[2025-01-01T10:33:40.468+0000] {logging_mixin.py:190} INFO - [2025-01-01T10:33:40.467+0000] {dag.py:3239} INFO - Sync 1 DAGs
[2025-01-01T10:33:40.623+0000] {logging_mixin.py:190} INFO - [2025-01-01T10:33:40.622+0000] {dag.py:4180} INFO - Setting next_dagrun for example_sensor_decorator to None, run_after=None
[2025-01-01T10:33:40.718+0000] {processor.py:208} INFO - Processing /home/airflow/.local/lib/python3.12/site-packages/airflow/example_dags/example_sensor_decorator.py took 0.566 seconds
[2025-01-01T10:34:11.353+0000] {processor.py:186} INFO - Started process (PID=2514) to work on /home/airflow/.local/lib/python3.12/site-packages/airflow/example_dags/example_sensor_decorator.py
[2025-01-01T10:34:11.355+0000] {processor.py:914} INFO - Processing file /home/airflow/.local/lib/python3.12/site-packages/airflow/example_dags/example_sensor_decorator.py for tasks to queue
[2025-01-01T10:34:11.359+0000] {logging_mixin.py:190} INFO - [2025-01-01T10:34:11.359+0000] {dagbag.py:588} INFO - Filling up the DagBag from /home/airflow/.local/lib/python3.12/site-packages/airflow/example_dags/example_sensor_decorator.py
[2025-01-01T10:34:11.381+0000] {processor.py:925} INFO - DAG(s) 'example_sensor_decorator' retrieved from /home/airflow/.local/lib/python3.12/site-packages/airflow/example_dags/example_sensor_decorator.py
[2025-01-01T10:34:11.419+0000] {logging_mixin.py:190} INFO - [2025-01-01T10:34:11.419+0000] {dag.py:3239} INFO - Sync 1 DAGs
[2025-01-01T10:34:11.444+0000] {logging_mixin.py:190} INFO - [2025-01-01T10:34:11.443+0000] {dag.py:4180} INFO - Setting next_dagrun for example_sensor_decorator to None, run_after=None
[2025-01-01T10:34:11.484+0000] {processor.py:208} INFO - Processing /home/airflow/.local/lib/python3.12/site-packages/airflow/example_dags/example_sensor_decorator.py took 0.142 seconds
[2025-01-01T10:34:41.876+0000] {processor.py:186} INFO - Started process (PID=2577) to work on /home/airflow/.local/lib/python3.12/site-packages/airflow/example_dags/example_sensor_decorator.py
[2025-01-01T10:34:41.878+0000] {processor.py:914} INFO - Processing file /home/airflow/.local/lib/python3.12/site-packages/airflow/example_dags/example_sensor_decorator.py for tasks to queue
[2025-01-01T10:34:41.882+0000] {logging_mixin.py:190} INFO - [2025-01-01T10:34:41.882+0000] {dagbag.py:588} INFO - Filling up the DagBag from /home/airflow/.local/lib/python3.12/site-packages/airflow/example_dags/example_sensor_decorator.py
[2025-01-01T10:34:41.892+0000] {processor.py:925} INFO - DAG(s) 'example_sensor_decorator' retrieved from /home/airflow/.local/lib/python3.12/site-packages/airflow/example_dags/example_sensor_decorator.py
[2025-01-01T10:34:41.918+0000] {logging_mixin.py:190} INFO - [2025-01-01T10:34:41.918+0000] {dag.py:3239} INFO - Sync 1 DAGs
[2025-01-01T10:34:41.937+0000] {logging_mixin.py:190} INFO - [2025-01-01T10:34:41.937+0000] {dag.py:4180} INFO - Setting next_dagrun for example_sensor_decorator to None, run_after=None
[2025-01-01T10:34:41.972+0000] {processor.py:208} INFO - Processing /home/airflow/.local/lib/python3.12/site-packages/airflow/example_dags/example_sensor_decorator.py took 0.105 seconds
[2025-01-01T10:35:12.177+0000] {processor.py:186} INFO - Started process (PID=2639) to work on /home/airflow/.local/lib/python3.12/site-packages/airflow/example_dags/example_sensor_decorator.py
[2025-01-01T10:35:12.179+0000] {processor.py:914} INFO - Processing file /home/airflow/.local/lib/python3.12/site-packages/airflow/example_dags/example_sensor_decorator.py for tasks to queue
[2025-01-01T10:35:12.183+0000] {logging_mixin.py:190} INFO - [2025-01-01T10:35:12.182+0000] {dagbag.py:588} INFO - Filling up the DagBag from /home/airflow/.local/lib/python3.12/site-packages/airflow/example_dags/example_sensor_decorator.py
[2025-01-01T10:35:12.198+0000] {processor.py:925} INFO - DAG(s) 'example_sensor_decorator' retrieved from /home/airflow/.local/lib/python3.12/site-packages/airflow/example_dags/example_sensor_decorator.py
[2025-01-01T10:35:12.229+0000] {logging_mixin.py:190} INFO - [2025-01-01T10:35:12.228+0000] {dag.py:3239} INFO - Sync 1 DAGs
[2025-01-01T10:35:12.256+0000] {logging_mixin.py:190} INFO - [2025-01-01T10:35:12.256+0000] {dag.py:4180} INFO - Setting next_dagrun for example_sensor_decorator to None, run_after=None
[2025-01-01T10:35:12.292+0000] {processor.py:208} INFO - Processing /home/airflow/.local/lib/python3.12/site-packages/airflow/example_dags/example_sensor_decorator.py took 0.127 seconds
[2025-01-01T10:35:43.334+0000] {processor.py:186} INFO - Started process (PID=2701) to work on /home/airflow/.local/lib/python3.12/site-packages/airflow/example_dags/example_sensor_decorator.py
[2025-01-01T10:35:43.336+0000] {processor.py:914} INFO - Processing file /home/airflow/.local/lib/python3.12/site-packages/airflow/example_dags/example_sensor_decorator.py for tasks to queue
[2025-01-01T10:35:43.341+0000] {logging_mixin.py:190} INFO - [2025-01-01T10:35:43.340+0000] {dagbag.py:588} INFO - Filling up the DagBag from /home/airflow/.local/lib/python3.12/site-packages/airflow/example_dags/example_sensor_decorator.py
[2025-01-01T10:35:43.391+0000] {processor.py:925} INFO - DAG(s) 'example_sensor_decorator' retrieved from /home/airflow/.local/lib/python3.12/site-packages/airflow/example_dags/example_sensor_decorator.py
[2025-01-01T10:35:43.505+0000] {logging_mixin.py:190} INFO - [2025-01-01T10:35:43.504+0000] {dag.py:3239} INFO - Sync 1 DAGs
[2025-01-01T10:35:43.616+0000] {logging_mixin.py:190} INFO - [2025-01-01T10:35:43.615+0000] {dag.py:4180} INFO - Setting next_dagrun for example_sensor_decorator to None, run_after=None
[2025-01-01T10:35:43.728+0000] {processor.py:208} INFO - Processing /home/airflow/.local/lib/python3.12/site-packages/airflow/example_dags/example_sensor_decorator.py took 0.407 seconds
[2025-01-01T10:36:14.040+0000] {processor.py:186} INFO - Started process (PID=2763) to work on /home/airflow/.local/lib/python3.12/site-packages/airflow/example_dags/example_sensor_decorator.py
[2025-01-01T10:36:14.041+0000] {processor.py:914} INFO - Processing file /home/airflow/.local/lib/python3.12/site-packages/airflow/example_dags/example_sensor_decorator.py for tasks to queue
[2025-01-01T10:36:14.046+0000] {logging_mixin.py:190} INFO - [2025-01-01T10:36:14.045+0000] {dagbag.py:588} INFO - Filling up the DagBag from /home/airflow/.local/lib/python3.12/site-packages/airflow/example_dags/example_sensor_decorator.py
[2025-01-01T10:36:14.061+0000] {processor.py:925} INFO - DAG(s) 'example_sensor_decorator' retrieved from /home/airflow/.local/lib/python3.12/site-packages/airflow/example_dags/example_sensor_decorator.py
[2025-01-01T10:36:14.095+0000] {logging_mixin.py:190} INFO - [2025-01-01T10:36:14.095+0000] {dag.py:3239} INFO - Sync 1 DAGs
[2025-01-01T10:36:14.125+0000] {logging_mixin.py:190} INFO - [2025-01-01T10:36:14.124+0000] {dag.py:4180} INFO - Setting next_dagrun for example_sensor_decorator to None, run_after=None
[2025-01-01T10:36:14.161+0000] {processor.py:208} INFO - Processing /home/airflow/.local/lib/python3.12/site-packages/airflow/example_dags/example_sensor_decorator.py took 0.133 seconds
[2025-01-01T10:36:44.452+0000] {processor.py:186} INFO - Started process (PID=2823) to work on /home/airflow/.local/lib/python3.12/site-packages/airflow/example_dags/example_sensor_decorator.py
[2025-01-01T10:36:44.461+0000] {processor.py:914} INFO - Processing file /home/airflow/.local/lib/python3.12/site-packages/airflow/example_dags/example_sensor_decorator.py for tasks to queue
[2025-01-01T10:36:44.483+0000] {logging_mixin.py:190} INFO - [2025-01-01T10:36:44.481+0000] {dagbag.py:588} INFO - Filling up the DagBag from /home/airflow/.local/lib/python3.12/site-packages/airflow/example_dags/example_sensor_decorator.py
[2025-01-01T10:36:44.530+0000] {processor.py:925} INFO - DAG(s) 'example_sensor_decorator' retrieved from /home/airflow/.local/lib/python3.12/site-packages/airflow/example_dags/example_sensor_decorator.py
[2025-01-01T10:36:44.657+0000] {logging_mixin.py:190} INFO - [2025-01-01T10:36:44.655+0000] {dag.py:3239} INFO - Sync 1 DAGs
[2025-01-01T10:36:44.789+0000] {logging_mixin.py:190} INFO - [2025-01-01T10:36:44.788+0000] {dag.py:4180} INFO - Setting next_dagrun for example_sensor_decorator to None, run_after=None
[2025-01-01T10:36:44.927+0000] {processor.py:208} INFO - Processing /home/airflow/.local/lib/python3.12/site-packages/airflow/example_dags/example_sensor_decorator.py took 0.535 seconds
[2025-01-01T10:37:15.409+0000] {processor.py:186} INFO - Started process (PID=2886) to work on /home/airflow/.local/lib/python3.12/site-packages/airflow/example_dags/example_sensor_decorator.py
[2025-01-01T10:37:15.410+0000] {processor.py:914} INFO - Processing file /home/airflow/.local/lib/python3.12/site-packages/airflow/example_dags/example_sensor_decorator.py for tasks to queue
[2025-01-01T10:37:15.414+0000] {logging_mixin.py:190} INFO - [2025-01-01T10:37:15.414+0000] {dagbag.py:588} INFO - Filling up the DagBag from /home/airflow/.local/lib/python3.12/site-packages/airflow/example_dags/example_sensor_decorator.py
[2025-01-01T10:37:15.427+0000] {processor.py:925} INFO - DAG(s) 'example_sensor_decorator' retrieved from /home/airflow/.local/lib/python3.12/site-packages/airflow/example_dags/example_sensor_decorator.py
[2025-01-01T10:37:15.456+0000] {logging_mixin.py:190} INFO - [2025-01-01T10:37:15.455+0000] {dag.py:3239} INFO - Sync 1 DAGs
[2025-01-01T10:37:15.475+0000] {logging_mixin.py:190} INFO - [2025-01-01T10:37:15.475+0000] {dag.py:4180} INFO - Setting next_dagrun for example_sensor_decorator to None, run_after=None
[2025-01-01T10:37:15.504+0000] {processor.py:208} INFO - Processing /home/airflow/.local/lib/python3.12/site-packages/airflow/example_dags/example_sensor_decorator.py took 0.106 seconds
[2025-01-01T10:37:46.009+0000] {processor.py:186} INFO - Started process (PID=2949) to work on /home/airflow/.local/lib/python3.12/site-packages/airflow/example_dags/example_sensor_decorator.py
[2025-01-01T10:37:46.010+0000] {processor.py:914} INFO - Processing file /home/airflow/.local/lib/python3.12/site-packages/airflow/example_dags/example_sensor_decorator.py for tasks to queue
[2025-01-01T10:37:46.014+0000] {logging_mixin.py:190} INFO - [2025-01-01T10:37:46.014+0000] {dagbag.py:588} INFO - Filling up the DagBag from /home/airflow/.local/lib/python3.12/site-packages/airflow/example_dags/example_sensor_decorator.py
[2025-01-01T10:37:46.021+0000] {processor.py:925} INFO - DAG(s) 'example_sensor_decorator' retrieved from /home/airflow/.local/lib/python3.12/site-packages/airflow/example_dags/example_sensor_decorator.py
[2025-01-01T10:37:46.043+0000] {logging_mixin.py:190} INFO - [2025-01-01T10:37:46.043+0000] {dag.py:3239} INFO - Sync 1 DAGs
[2025-01-01T10:37:46.058+0000] {logging_mixin.py:190} INFO - [2025-01-01T10:37:46.058+0000] {dag.py:4180} INFO - Setting next_dagrun for example_sensor_decorator to None, run_after=None
[2025-01-01T10:37:46.085+0000] {processor.py:208} INFO - Processing /home/airflow/.local/lib/python3.12/site-packages/airflow/example_dags/example_sensor_decorator.py took 0.083 seconds
[2025-01-01T10:38:16.542+0000] {processor.py:186} INFO - Started process (PID=3012) to work on /home/airflow/.local/lib/python3.12/site-packages/airflow/example_dags/example_sensor_decorator.py
[2025-01-01T10:38:16.543+0000] {processor.py:914} INFO - Processing file /home/airflow/.local/lib/python3.12/site-packages/airflow/example_dags/example_sensor_decorator.py for tasks to queue
[2025-01-01T10:38:16.547+0000] {logging_mixin.py:190} INFO - [2025-01-01T10:38:16.546+0000] {dagbag.py:588} INFO - Filling up the DagBag from /home/airflow/.local/lib/python3.12/site-packages/airflow/example_dags/example_sensor_decorator.py
[2025-01-01T10:38:16.554+0000] {processor.py:925} INFO - DAG(s) 'example_sensor_decorator' retrieved from /home/airflow/.local/lib/python3.12/site-packages/airflow/example_dags/example_sensor_decorator.py
[2025-01-01T10:38:16.575+0000] {logging_mixin.py:190} INFO - [2025-01-01T10:38:16.575+0000] {dag.py:3239} INFO - Sync 1 DAGs
[2025-01-01T10:38:16.589+0000] {logging_mixin.py:190} INFO - [2025-01-01T10:38:16.589+0000] {dag.py:4180} INFO - Setting next_dagrun for example_sensor_decorator to None, run_after=None
[2025-01-01T10:38:16.614+0000] {processor.py:208} INFO - Processing /home/airflow/.local/lib/python3.12/site-packages/airflow/example_dags/example_sensor_decorator.py took 0.079 seconds
[2025-01-01T10:38:46.768+0000] {processor.py:186} INFO - Started process (PID=3075) to work on /home/airflow/.local/lib/python3.12/site-packages/airflow/example_dags/example_sensor_decorator.py
[2025-01-01T10:38:46.770+0000] {processor.py:914} INFO - Processing file /home/airflow/.local/lib/python3.12/site-packages/airflow/example_dags/example_sensor_decorator.py for tasks to queue
[2025-01-01T10:38:46.774+0000] {logging_mixin.py:190} INFO - [2025-01-01T10:38:46.773+0000] {dagbag.py:588} INFO - Filling up the DagBag from /home/airflow/.local/lib/python3.12/site-packages/airflow/example_dags/example_sensor_decorator.py
[2025-01-01T10:38:46.781+0000] {processor.py:925} INFO - DAG(s) 'example_sensor_decorator' retrieved from /home/airflow/.local/lib/python3.12/site-packages/airflow/example_dags/example_sensor_decorator.py
[2025-01-01T10:38:46.802+0000] {logging_mixin.py:190} INFO - [2025-01-01T10:38:46.802+0000] {dag.py:3239} INFO - Sync 1 DAGs
[2025-01-01T10:38:46.817+0000] {logging_mixin.py:190} INFO - [2025-01-01T10:38:46.817+0000] {dag.py:4180} INFO - Setting next_dagrun for example_sensor_decorator to None, run_after=None
[2025-01-01T10:38:46.846+0000] {processor.py:208} INFO - Processing /home/airflow/.local/lib/python3.12/site-packages/airflow/example_dags/example_sensor_decorator.py took 0.084 seconds
[2025-01-01T10:39:17.510+0000] {processor.py:186} INFO - Started process (PID=3138) to work on /home/airflow/.local/lib/python3.12/site-packages/airflow/example_dags/example_sensor_decorator.py
[2025-01-01T10:39:17.512+0000] {processor.py:914} INFO - Processing file /home/airflow/.local/lib/python3.12/site-packages/airflow/example_dags/example_sensor_decorator.py for tasks to queue
[2025-01-01T10:39:17.518+0000] {logging_mixin.py:190} INFO - [2025-01-01T10:39:17.517+0000] {dagbag.py:588} INFO - Filling up the DagBag from /home/airflow/.local/lib/python3.12/site-packages/airflow/example_dags/example_sensor_decorator.py
[2025-01-01T10:39:17.535+0000] {processor.py:925} INFO - DAG(s) 'example_sensor_decorator' retrieved from /home/airflow/.local/lib/python3.12/site-packages/airflow/example_dags/example_sensor_decorator.py
[2025-01-01T10:39:17.573+0000] {logging_mixin.py:190} INFO - [2025-01-01T10:39:17.573+0000] {dag.py:3239} INFO - Sync 1 DAGs
[2025-01-01T10:39:17.603+0000] {logging_mixin.py:190} INFO - [2025-01-01T10:39:17.603+0000] {dag.py:4180} INFO - Setting next_dagrun for example_sensor_decorator to None, run_after=None
[2025-01-01T10:39:17.644+0000] {processor.py:208} INFO - Processing /home/airflow/.local/lib/python3.12/site-packages/airflow/example_dags/example_sensor_decorator.py took 0.148 seconds
[2025-01-01T10:40:19.740+0000] {processor.py:186} INFO - Started process (PID=3205) to work on /home/airflow/.local/lib/python3.12/site-packages/airflow/example_dags/example_sensor_decorator.py
[2025-01-01T10:40:19.743+0000] {processor.py:914} INFO - Processing file /home/airflow/.local/lib/python3.12/site-packages/airflow/example_dags/example_sensor_decorator.py for tasks to queue
[2025-01-01T10:40:19.754+0000] {logging_mixin.py:190} INFO - [2025-01-01T10:40:19.752+0000] {dagbag.py:588} INFO - Filling up the DagBag from /home/airflow/.local/lib/python3.12/site-packages/airflow/example_dags/example_sensor_decorator.py
[2025-01-01T10:40:19.788+0000] {processor.py:925} INFO - DAG(s) 'example_sensor_decorator' retrieved from /home/airflow/.local/lib/python3.12/site-packages/airflow/example_dags/example_sensor_decorator.py
[2025-01-01T10:40:19.861+0000] {logging_mixin.py:190} INFO - [2025-01-01T10:40:19.861+0000] {dag.py:3239} INFO - Sync 1 DAGs
[2025-01-01T10:40:19.925+0000] {logging_mixin.py:190} INFO - [2025-01-01T10:40:19.924+0000] {dag.py:4180} INFO - Setting next_dagrun for example_sensor_decorator to None, run_after=None
[2025-01-01T10:40:19.996+0000] {processor.py:208} INFO - Processing /home/airflow/.local/lib/python3.12/site-packages/airflow/example_dags/example_sensor_decorator.py took 0.277 seconds
[2025-01-01T10:40:51.808+0000] {processor.py:186} INFO - Started process (PID=3268) to work on /home/airflow/.local/lib/python3.12/site-packages/airflow/example_dags/example_sensor_decorator.py
[2025-01-01T10:40:51.813+0000] {processor.py:914} INFO - Processing file /home/airflow/.local/lib/python3.12/site-packages/airflow/example_dags/example_sensor_decorator.py for tasks to queue
[2025-01-01T10:40:51.831+0000] {logging_mixin.py:190} INFO - [2025-01-01T10:40:51.827+0000] {dagbag.py:588} INFO - Filling up the DagBag from /home/airflow/.local/lib/python3.12/site-packages/airflow/example_dags/example_sensor_decorator.py
[2025-01-01T10:40:51.879+0000] {processor.py:925} INFO - DAG(s) 'example_sensor_decorator' retrieved from /home/airflow/.local/lib/python3.12/site-packages/airflow/example_dags/example_sensor_decorator.py
[2025-01-01T10:40:52.670+0000] {logging_mixin.py:190} INFO - [2025-01-01T10:40:52.668+0000] {dag.py:3239} INFO - Sync 1 DAGs
[2025-01-01T10:40:52.729+0000] {logging_mixin.py:190} INFO - [2025-01-01T10:40:52.728+0000] {dag.py:4180} INFO - Setting next_dagrun for example_sensor_decorator to None, run_after=None
[2025-01-01T10:40:52.813+0000] {processor.py:208} INFO - Processing /home/airflow/.local/lib/python3.12/site-packages/airflow/example_dags/example_sensor_decorator.py took 1.034 seconds
[2025-01-01T10:41:23.154+0000] {processor.py:186} INFO - Started process (PID=3331) to work on /home/airflow/.local/lib/python3.12/site-packages/airflow/example_dags/example_sensor_decorator.py
[2025-01-01T10:41:23.157+0000] {processor.py:914} INFO - Processing file /home/airflow/.local/lib/python3.12/site-packages/airflow/example_dags/example_sensor_decorator.py for tasks to queue
[2025-01-01T10:41:23.166+0000] {logging_mixin.py:190} INFO - [2025-01-01T10:41:23.165+0000] {dagbag.py:588} INFO - Filling up the DagBag from /home/airflow/.local/lib/python3.12/site-packages/airflow/example_dags/example_sensor_decorator.py
[2025-01-01T10:41:23.192+0000] {processor.py:925} INFO - DAG(s) 'example_sensor_decorator' retrieved from /home/airflow/.local/lib/python3.12/site-packages/airflow/example_dags/example_sensor_decorator.py
[2025-01-01T10:41:23.259+0000] {logging_mixin.py:190} INFO - [2025-01-01T10:41:23.258+0000] {dag.py:3239} INFO - Sync 1 DAGs
[2025-01-01T10:41:23.314+0000] {logging_mixin.py:190} INFO - [2025-01-01T10:41:23.313+0000] {dag.py:4180} INFO - Setting next_dagrun for example_sensor_decorator to None, run_after=None
[2025-01-01T10:41:23.384+0000] {processor.py:208} INFO - Processing /home/airflow/.local/lib/python3.12/site-packages/airflow/example_dags/example_sensor_decorator.py took 0.249 seconds
[2025-01-01T10:41:53.578+0000] {processor.py:186} INFO - Started process (PID=3393) to work on /home/airflow/.local/lib/python3.12/site-packages/airflow/example_dags/example_sensor_decorator.py
[2025-01-01T10:41:53.580+0000] {processor.py:914} INFO - Processing file /home/airflow/.local/lib/python3.12/site-packages/airflow/example_dags/example_sensor_decorator.py for tasks to queue
[2025-01-01T10:41:53.587+0000] {logging_mixin.py:190} INFO - [2025-01-01T10:41:53.586+0000] {dagbag.py:588} INFO - Filling up the DagBag from /home/airflow/.local/lib/python3.12/site-packages/airflow/example_dags/example_sensor_decorator.py
[2025-01-01T10:41:53.605+0000] {processor.py:925} INFO - DAG(s) 'example_sensor_decorator' retrieved from /home/airflow/.local/lib/python3.12/site-packages/airflow/example_dags/example_sensor_decorator.py
[2025-01-01T10:41:53.649+0000] {logging_mixin.py:190} INFO - [2025-01-01T10:41:53.648+0000] {dag.py:3239} INFO - Sync 1 DAGs
[2025-01-01T10:41:53.682+0000] {logging_mixin.py:190} INFO - [2025-01-01T10:41:53.681+0000] {dag.py:4180} INFO - Setting next_dagrun for example_sensor_decorator to None, run_after=None
[2025-01-01T10:41:53.727+0000] {processor.py:208} INFO - Processing /home/airflow/.local/lib/python3.12/site-packages/airflow/example_dags/example_sensor_decorator.py took 0.163 seconds
[2025-01-01T10:42:24.522+0000] {processor.py:186} INFO - Started process (PID=3457) to work on /home/airflow/.local/lib/python3.12/site-packages/airflow/example_dags/example_sensor_decorator.py
[2025-01-01T10:42:24.527+0000] {processor.py:914} INFO - Processing file /home/airflow/.local/lib/python3.12/site-packages/airflow/example_dags/example_sensor_decorator.py for tasks to queue
[2025-01-01T10:42:24.559+0000] {logging_mixin.py:190} INFO - [2025-01-01T10:42:24.558+0000] {dagbag.py:588} INFO - Filling up the DagBag from /home/airflow/.local/lib/python3.12/site-packages/airflow/example_dags/example_sensor_decorator.py
[2025-01-01T10:42:24.624+0000] {processor.py:925} INFO - DAG(s) 'example_sensor_decorator' retrieved from /home/airflow/.local/lib/python3.12/site-packages/airflow/example_dags/example_sensor_decorator.py
[2025-01-01T10:42:24.807+0000] {logging_mixin.py:190} INFO - [2025-01-01T10:42:24.805+0000] {dag.py:3239} INFO - Sync 1 DAGs
[2025-01-01T10:42:24.860+0000] {logging_mixin.py:190} INFO - [2025-01-01T10:42:24.859+0000] {dag.py:4180} INFO - Setting next_dagrun for example_sensor_decorator to None, run_after=None
[2025-01-01T10:42:24.928+0000] {processor.py:208} INFO - Processing /home/airflow/.local/lib/python3.12/site-packages/airflow/example_dags/example_sensor_decorator.py took 0.426 seconds
[2025-01-01T10:42:56.090+0000] {processor.py:186} INFO - Started process (PID=3520) to work on /home/airflow/.local/lib/python3.12/site-packages/airflow/example_dags/example_sensor_decorator.py
[2025-01-01T10:42:56.096+0000] {processor.py:914} INFO - Processing file /home/airflow/.local/lib/python3.12/site-packages/airflow/example_dags/example_sensor_decorator.py for tasks to queue
[2025-01-01T10:42:56.109+0000] {logging_mixin.py:190} INFO - [2025-01-01T10:42:56.108+0000] {dagbag.py:588} INFO - Filling up the DagBag from /home/airflow/.local/lib/python3.12/site-packages/airflow/example_dags/example_sensor_decorator.py
[2025-01-01T10:42:56.152+0000] {processor.py:925} INFO - DAG(s) 'example_sensor_decorator' retrieved from /home/airflow/.local/lib/python3.12/site-packages/airflow/example_dags/example_sensor_decorator.py
[2025-01-01T10:42:56.241+0000] {logging_mixin.py:190} INFO - [2025-01-01T10:42:56.240+0000] {dag.py:3239} INFO - Sync 1 DAGs
[2025-01-01T10:42:56.321+0000] {logging_mixin.py:190} INFO - [2025-01-01T10:42:56.320+0000] {dag.py:4180} INFO - Setting next_dagrun for example_sensor_decorator to None, run_after=None
[2025-01-01T10:42:56.410+0000] {processor.py:208} INFO - Processing /home/airflow/.local/lib/python3.12/site-packages/airflow/example_dags/example_sensor_decorator.py took 0.360 seconds
[2025-01-01T10:43:27.089+0000] {processor.py:186} INFO - Started process (PID=3583) to work on /home/airflow/.local/lib/python3.12/site-packages/airflow/example_dags/example_sensor_decorator.py
[2025-01-01T10:43:27.090+0000] {processor.py:914} INFO - Processing file /home/airflow/.local/lib/python3.12/site-packages/airflow/example_dags/example_sensor_decorator.py for tasks to queue
[2025-01-01T10:43:27.093+0000] {logging_mixin.py:190} INFO - [2025-01-01T10:43:27.093+0000] {dagbag.py:588} INFO - Filling up the DagBag from /home/airflow/.local/lib/python3.12/site-packages/airflow/example_dags/example_sensor_decorator.py
[2025-01-01T10:43:27.103+0000] {processor.py:925} INFO - DAG(s) 'example_sensor_decorator' retrieved from /home/airflow/.local/lib/python3.12/site-packages/airflow/example_dags/example_sensor_decorator.py
[2025-01-01T10:43:27.126+0000] {logging_mixin.py:190} INFO - [2025-01-01T10:43:27.126+0000] {dag.py:3239} INFO - Sync 1 DAGs
[2025-01-01T10:43:27.143+0000] {logging_mixin.py:190} INFO - [2025-01-01T10:43:27.142+0000] {dag.py:4180} INFO - Setting next_dagrun for example_sensor_decorator to None, run_after=None
[2025-01-01T10:43:27.168+0000] {processor.py:208} INFO - Processing /home/airflow/.local/lib/python3.12/site-packages/airflow/example_dags/example_sensor_decorator.py took 0.086 seconds
[2025-01-01T10:43:57.548+0000] {processor.py:186} INFO - Started process (PID=3644) to work on /home/airflow/.local/lib/python3.12/site-packages/airflow/example_dags/example_sensor_decorator.py
[2025-01-01T10:43:57.549+0000] {processor.py:914} INFO - Processing file /home/airflow/.local/lib/python3.12/site-packages/airflow/example_dags/example_sensor_decorator.py for tasks to queue
[2025-01-01T10:43:57.553+0000] {logging_mixin.py:190} INFO - [2025-01-01T10:43:57.552+0000] {dagbag.py:588} INFO - Filling up the DagBag from /home/airflow/.local/lib/python3.12/site-packages/airflow/example_dags/example_sensor_decorator.py
[2025-01-01T10:43:57.561+0000] {processor.py:925} INFO - DAG(s) 'example_sensor_decorator' retrieved from /home/airflow/.local/lib/python3.12/site-packages/airflow/example_dags/example_sensor_decorator.py
[2025-01-01T10:43:57.582+0000] {logging_mixin.py:190} INFO - [2025-01-01T10:43:57.582+0000] {dag.py:3239} INFO - Sync 1 DAGs
[2025-01-01T10:43:57.596+0000] {logging_mixin.py:190} INFO - [2025-01-01T10:43:57.596+0000] {dag.py:4180} INFO - Setting next_dagrun for example_sensor_decorator to None, run_after=None
[2025-01-01T10:43:57.620+0000] {processor.py:208} INFO - Processing /home/airflow/.local/lib/python3.12/site-packages/airflow/example_dags/example_sensor_decorator.py took 0.079 seconds
[2025-01-01T10:44:28.310+0000] {processor.py:186} INFO - Started process (PID=3707) to work on /home/airflow/.local/lib/python3.12/site-packages/airflow/example_dags/example_sensor_decorator.py
[2025-01-01T10:44:28.313+0000] {processor.py:914} INFO - Processing file /home/airflow/.local/lib/python3.12/site-packages/airflow/example_dags/example_sensor_decorator.py for tasks to queue
[2025-01-01T10:44:28.322+0000] {logging_mixin.py:190} INFO - [2025-01-01T10:44:28.321+0000] {dagbag.py:588} INFO - Filling up the DagBag from /home/airflow/.local/lib/python3.12/site-packages/airflow/example_dags/example_sensor_decorator.py
[2025-01-01T10:44:28.352+0000] {processor.py:925} INFO - DAG(s) 'example_sensor_decorator' retrieved from /home/airflow/.local/lib/python3.12/site-packages/airflow/example_dags/example_sensor_decorator.py
[2025-01-01T10:44:28.407+0000] {logging_mixin.py:190} INFO - [2025-01-01T10:44:28.406+0000] {dag.py:3239} INFO - Sync 1 DAGs
[2025-01-01T10:44:28.449+0000] {logging_mixin.py:190} INFO - [2025-01-01T10:44:28.449+0000] {dag.py:4180} INFO - Setting next_dagrun for example_sensor_decorator to None, run_after=None
[2025-01-01T10:44:28.506+0000] {processor.py:208} INFO - Processing /home/airflow/.local/lib/python3.12/site-packages/airflow/example_dags/example_sensor_decorator.py took 0.220 seconds
[2025-01-01T10:44:59.578+0000] {processor.py:186} INFO - Started process (PID=3770) to work on /home/airflow/.local/lib/python3.12/site-packages/airflow/example_dags/example_sensor_decorator.py
[2025-01-01T10:44:59.581+0000] {processor.py:914} INFO - Processing file /home/airflow/.local/lib/python3.12/site-packages/airflow/example_dags/example_sensor_decorator.py for tasks to queue
[2025-01-01T10:44:59.591+0000] {logging_mixin.py:190} INFO - [2025-01-01T10:44:59.589+0000] {dagbag.py:588} INFO - Filling up the DagBag from /home/airflow/.local/lib/python3.12/site-packages/airflow/example_dags/example_sensor_decorator.py
[2025-01-01T10:44:59.618+0000] {processor.py:925} INFO - DAG(s) 'example_sensor_decorator' retrieved from /home/airflow/.local/lib/python3.12/site-packages/airflow/example_dags/example_sensor_decorator.py
[2025-01-01T10:44:59.717+0000] {logging_mixin.py:190} INFO - [2025-01-01T10:44:59.716+0000] {dag.py:3239} INFO - Sync 1 DAGs
[2025-01-01T10:44:59.785+0000] {logging_mixin.py:190} INFO - [2025-01-01T10:44:59.784+0000] {dag.py:4180} INFO - Setting next_dagrun for example_sensor_decorator to None, run_after=None
[2025-01-01T10:44:59.834+0000] {processor.py:208} INFO - Processing /home/airflow/.local/lib/python3.12/site-packages/airflow/example_dags/example_sensor_decorator.py took 0.275 seconds
[2025-01-01T10:45:30.017+0000] {processor.py:186} INFO - Started process (PID=3832) to work on /home/airflow/.local/lib/python3.12/site-packages/airflow/example_dags/example_sensor_decorator.py
[2025-01-01T10:45:30.018+0000] {processor.py:914} INFO - Processing file /home/airflow/.local/lib/python3.12/site-packages/airflow/example_dags/example_sensor_decorator.py for tasks to queue
[2025-01-01T10:45:30.023+0000] {logging_mixin.py:190} INFO - [2025-01-01T10:45:30.022+0000] {dagbag.py:588} INFO - Filling up the DagBag from /home/airflow/.local/lib/python3.12/site-packages/airflow/example_dags/example_sensor_decorator.py
[2025-01-01T10:45:30.038+0000] {processor.py:925} INFO - DAG(s) 'example_sensor_decorator' retrieved from /home/airflow/.local/lib/python3.12/site-packages/airflow/example_dags/example_sensor_decorator.py
[2025-01-01T10:45:30.072+0000] {logging_mixin.py:190} INFO - [2025-01-01T10:45:30.071+0000] {dag.py:3239} INFO - Sync 1 DAGs
[2025-01-01T10:45:30.098+0000] {logging_mixin.py:190} INFO - [2025-01-01T10:45:30.097+0000] {dag.py:4180} INFO - Setting next_dagrun for example_sensor_decorator to None, run_after=None
[2025-01-01T10:45:30.137+0000] {processor.py:208} INFO - Processing /home/airflow/.local/lib/python3.12/site-packages/airflow/example_dags/example_sensor_decorator.py took 0.134 seconds
[2025-01-01T10:46:00.687+0000] {processor.py:186} INFO - Started process (PID=3895) to work on /home/airflow/.local/lib/python3.12/site-packages/airflow/example_dags/example_sensor_decorator.py
[2025-01-01T10:46:00.689+0000] {processor.py:914} INFO - Processing file /home/airflow/.local/lib/python3.12/site-packages/airflow/example_dags/example_sensor_decorator.py for tasks to queue
[2025-01-01T10:46:00.695+0000] {logging_mixin.py:190} INFO - [2025-01-01T10:46:00.694+0000] {dagbag.py:588} INFO - Filling up the DagBag from /home/airflow/.local/lib/python3.12/site-packages/airflow/example_dags/example_sensor_decorator.py
[2025-01-01T10:46:00.710+0000] {processor.py:925} INFO - DAG(s) 'example_sensor_decorator' retrieved from /home/airflow/.local/lib/python3.12/site-packages/airflow/example_dags/example_sensor_decorator.py
[2025-01-01T10:46:00.748+0000] {logging_mixin.py:190} INFO - [2025-01-01T10:46:00.747+0000] {dag.py:3239} INFO - Sync 1 DAGs
[2025-01-01T10:46:00.774+0000] {logging_mixin.py:190} INFO - [2025-01-01T10:46:00.774+0000] {dag.py:4180} INFO - Setting next_dagrun for example_sensor_decorator to None, run_after=None
[2025-01-01T10:46:00.814+0000] {processor.py:208} INFO - Processing /home/airflow/.local/lib/python3.12/site-packages/airflow/example_dags/example_sensor_decorator.py took 0.139 seconds
[2025-01-01T10:46:30.919+0000] {processor.py:186} INFO - Started process (PID=3958) to work on /home/airflow/.local/lib/python3.12/site-packages/airflow/example_dags/example_sensor_decorator.py
[2025-01-01T10:46:30.922+0000] {processor.py:914} INFO - Processing file /home/airflow/.local/lib/python3.12/site-packages/airflow/example_dags/example_sensor_decorator.py for tasks to queue
[2025-01-01T10:46:30.928+0000] {logging_mixin.py:190} INFO - [2025-01-01T10:46:30.928+0000] {dagbag.py:588} INFO - Filling up the DagBag from /home/airflow/.local/lib/python3.12/site-packages/airflow/example_dags/example_sensor_decorator.py
[2025-01-01T10:46:30.950+0000] {processor.py:925} INFO - DAG(s) 'example_sensor_decorator' retrieved from /home/airflow/.local/lib/python3.12/site-packages/airflow/example_dags/example_sensor_decorator.py
[2025-01-01T10:46:31.003+0000] {logging_mixin.py:190} INFO - [2025-01-01T10:46:31.002+0000] {dag.py:3239} INFO - Sync 1 DAGs
[2025-01-01T10:46:31.041+0000] {logging_mixin.py:190} INFO - [2025-01-01T10:46:31.040+0000] {dag.py:4180} INFO - Setting next_dagrun for example_sensor_decorator to None, run_after=None
[2025-01-01T10:46:31.091+0000] {processor.py:208} INFO - Processing /home/airflow/.local/lib/python3.12/site-packages/airflow/example_dags/example_sensor_decorator.py took 0.189 seconds
[2025-01-01T10:47:01.616+0000] {processor.py:186} INFO - Started process (PID=4021) to work on /home/airflow/.local/lib/python3.12/site-packages/airflow/example_dags/example_sensor_decorator.py
[2025-01-01T10:47:01.617+0000] {processor.py:914} INFO - Processing file /home/airflow/.local/lib/python3.12/site-packages/airflow/example_dags/example_sensor_decorator.py for tasks to queue
[2025-01-01T10:47:01.620+0000] {logging_mixin.py:190} INFO - [2025-01-01T10:47:01.620+0000] {dagbag.py:588} INFO - Filling up the DagBag from /home/airflow/.local/lib/python3.12/site-packages/airflow/example_dags/example_sensor_decorator.py
[2025-01-01T10:47:01.630+0000] {processor.py:925} INFO - DAG(s) 'example_sensor_decorator' retrieved from /home/airflow/.local/lib/python3.12/site-packages/airflow/example_dags/example_sensor_decorator.py
[2025-01-01T10:47:01.657+0000] {logging_mixin.py:190} INFO - [2025-01-01T10:47:01.657+0000] {dag.py:3239} INFO - Sync 1 DAGs
[2025-01-01T10:47:01.675+0000] {logging_mixin.py:190} INFO - [2025-01-01T10:47:01.675+0000] {dag.py:4180} INFO - Setting next_dagrun for example_sensor_decorator to None, run_after=None
[2025-01-01T10:47:01.704+0000] {processor.py:208} INFO - Processing /home/airflow/.local/lib/python3.12/site-packages/airflow/example_dags/example_sensor_decorator.py took 0.095 seconds
[2025-01-01T10:47:32.026+0000] {processor.py:186} INFO - Started process (PID=4083) to work on /home/airflow/.local/lib/python3.12/site-packages/airflow/example_dags/example_sensor_decorator.py
[2025-01-01T10:47:32.029+0000] {processor.py:914} INFO - Processing file /home/airflow/.local/lib/python3.12/site-packages/airflow/example_dags/example_sensor_decorator.py for tasks to queue
[2025-01-01T10:47:32.039+0000] {logging_mixin.py:190} INFO - [2025-01-01T10:47:32.037+0000] {dagbag.py:588} INFO - Filling up the DagBag from /home/airflow/.local/lib/python3.12/site-packages/airflow/example_dags/example_sensor_decorator.py
[2025-01-01T10:47:32.069+0000] {processor.py:925} INFO - DAG(s) 'example_sensor_decorator' retrieved from /home/airflow/.local/lib/python3.12/site-packages/airflow/example_dags/example_sensor_decorator.py
[2025-01-01T10:47:32.132+0000] {logging_mixin.py:190} INFO - [2025-01-01T10:47:32.131+0000] {dag.py:3239} INFO - Sync 1 DAGs
[2025-01-01T10:47:32.186+0000] {logging_mixin.py:190} INFO - [2025-01-01T10:47:32.185+0000] {dag.py:4180} INFO - Setting next_dagrun for example_sensor_decorator to None, run_after=None
[2025-01-01T10:47:32.247+0000] {processor.py:208} INFO - Processing /home/airflow/.local/lib/python3.12/site-packages/airflow/example_dags/example_sensor_decorator.py took 0.241 seconds
[2025-01-01T10:48:03.416+0000] {processor.py:186} INFO - Started process (PID=4146) to work on /home/airflow/.local/lib/python3.12/site-packages/airflow/example_dags/example_sensor_decorator.py
[2025-01-01T10:48:03.418+0000] {processor.py:914} INFO - Processing file /home/airflow/.local/lib/python3.12/site-packages/airflow/example_dags/example_sensor_decorator.py for tasks to queue
[2025-01-01T10:48:03.422+0000] {logging_mixin.py:190} INFO - [2025-01-01T10:48:03.422+0000] {dagbag.py:588} INFO - Filling up the DagBag from /home/airflow/.local/lib/python3.12/site-packages/airflow/example_dags/example_sensor_decorator.py
[2025-01-01T10:48:03.437+0000] {processor.py:925} INFO - DAG(s) 'example_sensor_decorator' retrieved from /home/airflow/.local/lib/python3.12/site-packages/airflow/example_dags/example_sensor_decorator.py
[2025-01-01T10:48:03.467+0000] {logging_mixin.py:190} INFO - [2025-01-01T10:48:03.467+0000] {dag.py:3239} INFO - Sync 1 DAGs
[2025-01-01T10:48:03.487+0000] {logging_mixin.py:190} INFO - [2025-01-01T10:48:03.487+0000] {dag.py:4180} INFO - Setting next_dagrun for example_sensor_decorator to None, run_after=None
[2025-01-01T10:48:03.525+0000] {processor.py:208} INFO - Processing /home/airflow/.local/lib/python3.12/site-packages/airflow/example_dags/example_sensor_decorator.py took 0.118 seconds
[2025-01-01T10:48:33.704+0000] {processor.py:186} INFO - Started process (PID=4209) to work on /home/airflow/.local/lib/python3.12/site-packages/airflow/example_dags/example_sensor_decorator.py
[2025-01-01T10:48:33.705+0000] {processor.py:914} INFO - Processing file /home/airflow/.local/lib/python3.12/site-packages/airflow/example_dags/example_sensor_decorator.py for tasks to queue
[2025-01-01T10:48:33.708+0000] {logging_mixin.py:190} INFO - [2025-01-01T10:48:33.708+0000] {dagbag.py:588} INFO - Filling up the DagBag from /home/airflow/.local/lib/python3.12/site-packages/airflow/example_dags/example_sensor_decorator.py
[2025-01-01T10:48:33.716+0000] {processor.py:925} INFO - DAG(s) 'example_sensor_decorator' retrieved from /home/airflow/.local/lib/python3.12/site-packages/airflow/example_dags/example_sensor_decorator.py
[2025-01-01T10:48:33.739+0000] {logging_mixin.py:190} INFO - [2025-01-01T10:48:33.739+0000] {dag.py:3239} INFO - Sync 1 DAGs
[2025-01-01T10:48:33.754+0000] {logging_mixin.py:190} INFO - [2025-01-01T10:48:33.754+0000] {dag.py:4180} INFO - Setting next_dagrun for example_sensor_decorator to None, run_after=None
[2025-01-01T10:48:33.779+0000] {processor.py:208} INFO - Processing /home/airflow/.local/lib/python3.12/site-packages/airflow/example_dags/example_sensor_decorator.py took 0.080 seconds
[2025-01-01T10:49:04.495+0000] {processor.py:186} INFO - Started process (PID=4274) to work on /home/airflow/.local/lib/python3.12/site-packages/airflow/example_dags/example_sensor_decorator.py
[2025-01-01T10:49:04.497+0000] {processor.py:914} INFO - Processing file /home/airflow/.local/lib/python3.12/site-packages/airflow/example_dags/example_sensor_decorator.py for tasks to queue
[2025-01-01T10:49:04.504+0000] {logging_mixin.py:190} INFO - [2025-01-01T10:49:04.503+0000] {dagbag.py:588} INFO - Filling up the DagBag from /home/airflow/.local/lib/python3.12/site-packages/airflow/example_dags/example_sensor_decorator.py
[2025-01-01T10:49:04.522+0000] {processor.py:925} INFO - DAG(s) 'example_sensor_decorator' retrieved from /home/airflow/.local/lib/python3.12/site-packages/airflow/example_dags/example_sensor_decorator.py
[2025-01-01T10:49:04.561+0000] {logging_mixin.py:190} INFO - [2025-01-01T10:49:04.560+0000] {dag.py:3239} INFO - Sync 1 DAGs
[2025-01-01T10:49:04.590+0000] {logging_mixin.py:190} INFO - [2025-01-01T10:49:04.590+0000] {dag.py:4180} INFO - Setting next_dagrun for example_sensor_decorator to None, run_after=None
[2025-01-01T10:49:04.633+0000] {processor.py:208} INFO - Processing /home/airflow/.local/lib/python3.12/site-packages/airflow/example_dags/example_sensor_decorator.py took 0.153 seconds
[2025-01-01T10:49:34.703+0000] {processor.py:186} INFO - Started process (PID=4336) to work on /home/airflow/.local/lib/python3.12/site-packages/airflow/example_dags/example_sensor_decorator.py
[2025-01-01T10:49:34.705+0000] {processor.py:914} INFO - Processing file /home/airflow/.local/lib/python3.12/site-packages/airflow/example_dags/example_sensor_decorator.py for tasks to queue
[2025-01-01T10:49:34.708+0000] {logging_mixin.py:190} INFO - [2025-01-01T10:49:34.707+0000] {dagbag.py:588} INFO - Filling up the DagBag from /home/airflow/.local/lib/python3.12/site-packages/airflow/example_dags/example_sensor_decorator.py
[2025-01-01T10:49:34.719+0000] {processor.py:925} INFO - DAG(s) 'example_sensor_decorator' retrieved from /home/airflow/.local/lib/python3.12/site-packages/airflow/example_dags/example_sensor_decorator.py
[2025-01-01T10:49:34.744+0000] {logging_mixin.py:190} INFO - [2025-01-01T10:49:34.743+0000] {dag.py:3239} INFO - Sync 1 DAGs
[2025-01-01T10:49:34.762+0000] {logging_mixin.py:190} INFO - [2025-01-01T10:49:34.762+0000] {dag.py:4180} INFO - Setting next_dagrun for example_sensor_decorator to None, run_after=None
[2025-01-01T10:49:34.793+0000] {processor.py:208} INFO - Processing /home/airflow/.local/lib/python3.12/site-packages/airflow/example_dags/example_sensor_decorator.py took 0.097 seconds
[2025-01-01T10:50:05.072+0000] {processor.py:186} INFO - Started process (PID=4398) to work on /home/airflow/.local/lib/python3.12/site-packages/airflow/example_dags/example_sensor_decorator.py
[2025-01-01T10:50:05.073+0000] {processor.py:914} INFO - Processing file /home/airflow/.local/lib/python3.12/site-packages/airflow/example_dags/example_sensor_decorator.py for tasks to queue
[2025-01-01T10:50:05.076+0000] {logging_mixin.py:190} INFO - [2025-01-01T10:50:05.076+0000] {dagbag.py:588} INFO - Filling up the DagBag from /home/airflow/.local/lib/python3.12/site-packages/airflow/example_dags/example_sensor_decorator.py
[2025-01-01T10:50:05.087+0000] {processor.py:925} INFO - DAG(s) 'example_sensor_decorator' retrieved from /home/airflow/.local/lib/python3.12/site-packages/airflow/example_dags/example_sensor_decorator.py
[2025-01-01T10:50:05.110+0000] {logging_mixin.py:190} INFO - [2025-01-01T10:50:05.110+0000] {dag.py:3239} INFO - Sync 1 DAGs
[2025-01-01T10:50:05.128+0000] {logging_mixin.py:190} INFO - [2025-01-01T10:50:05.127+0000] {dag.py:4180} INFO - Setting next_dagrun for example_sensor_decorator to None, run_after=None
[2025-01-01T10:50:05.154+0000] {processor.py:208} INFO - Processing /home/airflow/.local/lib/python3.12/site-packages/airflow/example_dags/example_sensor_decorator.py took 0.088 seconds
[2025-01-01T10:50:38.972+0000] {processor.py:186} INFO - Started process (PID=4468) to work on /home/airflow/.local/lib/python3.12/site-packages/airflow/example_dags/example_sensor_decorator.py
[2025-01-01T10:50:38.993+0000] {processor.py:914} INFO - Processing file /home/airflow/.local/lib/python3.12/site-packages/airflow/example_dags/example_sensor_decorator.py for tasks to queue
[2025-01-01T10:50:39.036+0000] {logging_mixin.py:190} INFO - [2025-01-01T10:50:39.033+0000] {dagbag.py:588} INFO - Filling up the DagBag from /home/airflow/.local/lib/python3.12/site-packages/airflow/example_dags/example_sensor_decorator.py
[2025-01-01T10:50:39.164+0000] {processor.py:925} INFO - DAG(s) 'example_sensor_decorator' retrieved from /home/airflow/.local/lib/python3.12/site-packages/airflow/example_dags/example_sensor_decorator.py
[2025-01-01T10:50:39.359+0000] {logging_mixin.py:190} INFO - [2025-01-01T10:50:39.358+0000] {dag.py:3239} INFO - Sync 1 DAGs
[2025-01-01T10:50:39.597+0000] {logging_mixin.py:190} INFO - [2025-01-01T10:50:39.584+0000] {dag.py:4180} INFO - Setting next_dagrun for example_sensor_decorator to None, run_after=None
[2025-01-01T10:50:39.864+0000] {processor.py:208} INFO - Processing /home/airflow/.local/lib/python3.12/site-packages/airflow/example_dags/example_sensor_decorator.py took 1.018 seconds
[2025-01-01T10:51:10.757+0000] {processor.py:186} INFO - Started process (PID=4531) to work on /home/airflow/.local/lib/python3.12/site-packages/airflow/example_dags/example_sensor_decorator.py
[2025-01-01T10:51:10.771+0000] {processor.py:914} INFO - Processing file /home/airflow/.local/lib/python3.12/site-packages/airflow/example_dags/example_sensor_decorator.py for tasks to queue
[2025-01-01T10:51:10.807+0000] {logging_mixin.py:190} INFO - [2025-01-01T10:51:10.802+0000] {dagbag.py:588} INFO - Filling up the DagBag from /home/airflow/.local/lib/python3.12/site-packages/airflow/example_dags/example_sensor_decorator.py
[2025-01-01T10:51:10.926+0000] {processor.py:925} INFO - DAG(s) 'example_sensor_decorator' retrieved from /home/airflow/.local/lib/python3.12/site-packages/airflow/example_dags/example_sensor_decorator.py
[2025-01-01T10:51:11.138+0000] {logging_mixin.py:190} INFO - [2025-01-01T10:51:11.136+0000] {dag.py:3239} INFO - Sync 1 DAGs
[2025-01-01T10:51:11.295+0000] {logging_mixin.py:190} INFO - [2025-01-01T10:51:11.294+0000] {dag.py:4180} INFO - Setting next_dagrun for example_sensor_decorator to None, run_after=None
[2025-01-01T10:51:11.461+0000] {processor.py:208} INFO - Processing /home/airflow/.local/lib/python3.12/site-packages/airflow/example_dags/example_sensor_decorator.py took 0.815 seconds
[2025-01-01T12:15:54.532+0000] {processor.py:186} INFO - Started process (PID=4588) to work on /home/airflow/.local/lib/python3.12/site-packages/airflow/example_dags/example_sensor_decorator.py
[2025-01-01T12:15:54.534+0000] {processor.py:914} INFO - Processing file /home/airflow/.local/lib/python3.12/site-packages/airflow/example_dags/example_sensor_decorator.py for tasks to queue
[2025-01-01T12:15:54.540+0000] {logging_mixin.py:190} INFO - [2025-01-01T12:15:54.539+0000] {dagbag.py:588} INFO - Filling up the DagBag from /home/airflow/.local/lib/python3.12/site-packages/airflow/example_dags/example_sensor_decorator.py
[2025-01-01T12:15:54.556+0000] {processor.py:925} INFO - DAG(s) 'example_sensor_decorator' retrieved from /home/airflow/.local/lib/python3.12/site-packages/airflow/example_dags/example_sensor_decorator.py
[2025-01-01T12:15:54.588+0000] {logging_mixin.py:190} INFO - [2025-01-01T12:15:54.588+0000] {dag.py:3239} INFO - Sync 1 DAGs
[2025-01-01T12:15:54.614+0000] {logging_mixin.py:190} INFO - [2025-01-01T12:15:54.613+0000] {dag.py:4180} INFO - Setting next_dagrun for example_sensor_decorator to None, run_after=None
[2025-01-01T12:15:54.646+0000] {processor.py:208} INFO - Processing /home/airflow/.local/lib/python3.12/site-packages/airflow/example_dags/example_sensor_decorator.py took 0.125 seconds
[2025-01-01T12:16:25.601+0000] {processor.py:186} INFO - Started process (PID=4651) to work on /home/airflow/.local/lib/python3.12/site-packages/airflow/example_dags/example_sensor_decorator.py
[2025-01-01T12:16:25.602+0000] {processor.py:914} INFO - Processing file /home/airflow/.local/lib/python3.12/site-packages/airflow/example_dags/example_sensor_decorator.py for tasks to queue
[2025-01-01T12:16:25.605+0000] {logging_mixin.py:190} INFO - [2025-01-01T12:16:25.604+0000] {dagbag.py:588} INFO - Filling up the DagBag from /home/airflow/.local/lib/python3.12/site-packages/airflow/example_dags/example_sensor_decorator.py
[2025-01-01T12:16:25.612+0000] {processor.py:925} INFO - DAG(s) 'example_sensor_decorator' retrieved from /home/airflow/.local/lib/python3.12/site-packages/airflow/example_dags/example_sensor_decorator.py
[2025-01-01T12:16:25.628+0000] {logging_mixin.py:190} INFO - [2025-01-01T12:16:25.627+0000] {dag.py:3239} INFO - Sync 1 DAGs
[2025-01-01T12:16:25.639+0000] {logging_mixin.py:190} INFO - [2025-01-01T12:16:25.639+0000] {dag.py:4180} INFO - Setting next_dagrun for example_sensor_decorator to None, run_after=None
[2025-01-01T12:16:25.660+0000] {processor.py:208} INFO - Processing /home/airflow/.local/lib/python3.12/site-packages/airflow/example_dags/example_sensor_decorator.py took 0.063 seconds
