[2025-01-01T10:08:31.533+0000] {processor.py:186} INFO - Started process (PID=213) to work on /home/airflow/.local/lib/python3.12/site-packages/airflow/example_dags/example_python_operator.py
[2025-01-01T10:08:31.548+0000] {processor.py:914} INFO - Processing file /home/airflow/.local/lib/python3.12/site-packages/airflow/example_dags/example_python_operator.py for tasks to queue
[2025-01-01T10:08:31.567+0000] {logging_mixin.py:190} INFO - [2025-01-01T10:08:31.564+0000] {dagbag.py:588} INFO - Filling up the DagBag from /home/airflow/.local/lib/python3.12/site-packages/airflow/example_dags/example_python_operator.py
[2025-01-01T10:08:31.864+0000] {processor.py:925} INFO - DAG(s) 'example_python_operator' retrieved from /home/airflow/.local/lib/python3.12/site-packages/airflow/example_dags/example_python_operator.py
[2025-01-01T10:08:34.230+0000] {logging_mixin.py:190} INFO - [2025-01-01T10:08:34.216+0000] {override.py:1911} INFO - Created Permission View: can edit on DAG:example_python_operator
[2025-01-01T10:08:34.410+0000] {logging_mixin.py:190} INFO - [2025-01-01T10:08:34.408+0000] {override.py:1911} INFO - Created Permission View: can delete on DAG:example_python_operator
[2025-01-01T10:08:34.567+0000] {logging_mixin.py:190} INFO - [2025-01-01T10:08:34.512+0000] {override.py:1911} INFO - Created Permission View: can read on DAG:example_python_operator
[2025-01-01T10:08:34.990+0000] {logging_mixin.py:190} INFO - [2025-01-01T10:08:34.988+0000] {override.py:1911} INFO - Created Permission View: can create on DAG Run:example_python_operator
[2025-01-01T10:08:35.197+0000] {logging_mixin.py:190} INFO - [2025-01-01T10:08:35.195+0000] {override.py:1911} INFO - Created Permission View: menu access on DAG Run:example_python_operator
[2025-01-01T10:08:35.354+0000] {logging_mixin.py:190} INFO - [2025-01-01T10:08:35.350+0000] {override.py:1911} INFO - Created Permission View: can delete on DAG Run:example_python_operator
[2025-01-01T10:08:35.476+0000] {logging_mixin.py:190} INFO - [2025-01-01T10:08:35.473+0000] {override.py:1911} INFO - Created Permission View: can read on DAG Run:example_python_operator
[2025-01-01T10:08:35.489+0000] {logging_mixin.py:190} INFO - [2025-01-01T10:08:35.483+0000] {dag.py:3239} INFO - Sync 1 DAGs
[2025-01-01T10:08:35.668+0000] {logging_mixin.py:190} INFO - [2025-01-01T10:08:35.666+0000] {dag.py:3262} INFO - Creating ORM DAG for example_python_operator
[2025-01-01T10:08:35.680+0000] {logging_mixin.py:190} INFO - [2025-01-01T10:08:35.679+0000] {dag.py:4180} INFO - Setting next_dagrun for example_python_operator to None, run_after=None
[2025-01-01T10:08:35.892+0000] {processor.py:208} INFO - Processing /home/airflow/.local/lib/python3.12/site-packages/airflow/example_dags/example_python_operator.py took 4.497 seconds
[2025-01-01T10:09:58.479+0000] {processor.py:186} INFO - Started process (PID=288) to work on /home/airflow/.local/lib/python3.12/site-packages/airflow/example_dags/example_python_operator.py
[2025-01-01T10:09:58.619+0000] {processor.py:914} INFO - Processing file /home/airflow/.local/lib/python3.12/site-packages/airflow/example_dags/example_python_operator.py for tasks to queue
[2025-01-01T10:09:58.639+0000] {logging_mixin.py:190} INFO - [2025-01-01T10:09:58.638+0000] {dagbag.py:588} INFO - Filling up the DagBag from /home/airflow/.local/lib/python3.12/site-packages/airflow/example_dags/example_python_operator.py
[2025-01-01T10:09:58.888+0000] {processor.py:925} INFO - DAG(s) 'example_python_operator' retrieved from /home/airflow/.local/lib/python3.12/site-packages/airflow/example_dags/example_python_operator.py
[2025-01-01T10:09:59.118+0000] {logging_mixin.py:190} INFO - [2025-01-01T10:09:59.117+0000] {dag.py:3239} INFO - Sync 1 DAGs
[2025-01-01T10:09:59.279+0000] {logging_mixin.py:190} INFO - [2025-01-01T10:09:59.279+0000] {dag.py:4180} INFO - Setting next_dagrun for example_python_operator to None, run_after=None
[2025-01-01T10:09:59.429+0000] {processor.py:208} INFO - Processing /home/airflow/.local/lib/python3.12/site-packages/airflow/example_dags/example_python_operator.py took 1.469 seconds
[2025-01-01T10:14:48.125+0000] {processor.py:186} INFO - Started process (PID=322) to work on /home/airflow/.local/lib/python3.12/site-packages/airflow/example_dags/example_python_operator.py
[2025-01-01T10:14:48.131+0000] {processor.py:914} INFO - Processing file /home/airflow/.local/lib/python3.12/site-packages/airflow/example_dags/example_python_operator.py for tasks to queue
[2025-01-01T10:14:48.136+0000] {logging_mixin.py:190} INFO - [2025-01-01T10:14:48.136+0000] {dagbag.py:588} INFO - Filling up the DagBag from /home/airflow/.local/lib/python3.12/site-packages/airflow/example_dags/example_python_operator.py
[2025-01-01T10:14:48.160+0000] {processor.py:925} INFO - DAG(s) 'example_python_operator' retrieved from /home/airflow/.local/lib/python3.12/site-packages/airflow/example_dags/example_python_operator.py
[2025-01-01T10:14:48.205+0000] {logging_mixin.py:190} INFO - [2025-01-01T10:14:48.204+0000] {dag.py:3239} INFO - Sync 1 DAGs
[2025-01-01T10:14:48.237+0000] {logging_mixin.py:190} INFO - [2025-01-01T10:14:48.237+0000] {dag.py:4180} INFO - Setting next_dagrun for example_python_operator to None, run_after=None
[2025-01-01T10:14:48.314+0000] {processor.py:208} INFO - Processing /home/airflow/.local/lib/python3.12/site-packages/airflow/example_dags/example_python_operator.py took 0.206 seconds
[2025-01-01T10:15:21.296+0000] {processor.py:186} INFO - Started process (PID=385) to work on /home/airflow/.local/lib/python3.12/site-packages/airflow/example_dags/example_python_operator.py
[2025-01-01T10:15:21.297+0000] {processor.py:914} INFO - Processing file /home/airflow/.local/lib/python3.12/site-packages/airflow/example_dags/example_python_operator.py for tasks to queue
[2025-01-01T10:15:21.302+0000] {logging_mixin.py:190} INFO - [2025-01-01T10:15:21.301+0000] {dagbag.py:588} INFO - Filling up the DagBag from /home/airflow/.local/lib/python3.12/site-packages/airflow/example_dags/example_python_operator.py
[2025-01-01T10:15:21.322+0000] {processor.py:925} INFO - DAG(s) 'example_python_operator' retrieved from /home/airflow/.local/lib/python3.12/site-packages/airflow/example_dags/example_python_operator.py
[2025-01-01T10:15:21.355+0000] {logging_mixin.py:190} INFO - [2025-01-01T10:15:21.354+0000] {dag.py:3239} INFO - Sync 1 DAGs
[2025-01-01T10:15:21.377+0000] {logging_mixin.py:190} INFO - [2025-01-01T10:15:21.376+0000] {dag.py:4180} INFO - Setting next_dagrun for example_python_operator to None, run_after=None
[2025-01-01T10:15:21.409+0000] {processor.py:208} INFO - Processing /home/airflow/.local/lib/python3.12/site-packages/airflow/example_dags/example_python_operator.py took 0.122 seconds
[2025-01-01T10:15:53.218+0000] {processor.py:186} INFO - Started process (PID=454) to work on /home/airflow/.local/lib/python3.12/site-packages/airflow/example_dags/example_python_operator.py
[2025-01-01T10:15:53.220+0000] {processor.py:914} INFO - Processing file /home/airflow/.local/lib/python3.12/site-packages/airflow/example_dags/example_python_operator.py for tasks to queue
[2025-01-01T10:15:53.224+0000] {logging_mixin.py:190} INFO - [2025-01-01T10:15:53.224+0000] {dagbag.py:588} INFO - Filling up the DagBag from /home/airflow/.local/lib/python3.12/site-packages/airflow/example_dags/example_python_operator.py
[2025-01-01T10:15:53.245+0000] {processor.py:925} INFO - DAG(s) 'example_python_operator' retrieved from /home/airflow/.local/lib/python3.12/site-packages/airflow/example_dags/example_python_operator.py
[2025-01-01T10:15:53.277+0000] {logging_mixin.py:190} INFO - [2025-01-01T10:15:53.276+0000] {dag.py:3239} INFO - Sync 1 DAGs
[2025-01-01T10:15:53.297+0000] {logging_mixin.py:190} INFO - [2025-01-01T10:15:53.297+0000] {dag.py:4180} INFO - Setting next_dagrun for example_python_operator to None, run_after=None
[2025-01-01T10:15:53.364+0000] {processor.py:208} INFO - Processing /home/airflow/.local/lib/python3.12/site-packages/airflow/example_dags/example_python_operator.py took 0.157 seconds
[2025-01-01T10:16:23.454+0000] {processor.py:186} INFO - Started process (PID=516) to work on /home/airflow/.local/lib/python3.12/site-packages/airflow/example_dags/example_python_operator.py
[2025-01-01T10:16:23.456+0000] {processor.py:914} INFO - Processing file /home/airflow/.local/lib/python3.12/site-packages/airflow/example_dags/example_python_operator.py for tasks to queue
[2025-01-01T10:16:23.459+0000] {logging_mixin.py:190} INFO - [2025-01-01T10:16:23.459+0000] {dagbag.py:588} INFO - Filling up the DagBag from /home/airflow/.local/lib/python3.12/site-packages/airflow/example_dags/example_python_operator.py
[2025-01-01T10:16:23.475+0000] {processor.py:925} INFO - DAG(s) 'example_python_operator' retrieved from /home/airflow/.local/lib/python3.12/site-packages/airflow/example_dags/example_python_operator.py
[2025-01-01T10:16:23.506+0000] {logging_mixin.py:190} INFO - [2025-01-01T10:16:23.506+0000] {dag.py:3239} INFO - Sync 1 DAGs
[2025-01-01T10:16:23.523+0000] {logging_mixin.py:190} INFO - [2025-01-01T10:16:23.523+0000] {dag.py:4180} INFO - Setting next_dagrun for example_python_operator to None, run_after=None
[2025-01-01T10:16:23.555+0000] {processor.py:208} INFO - Processing /home/airflow/.local/lib/python3.12/site-packages/airflow/example_dags/example_python_operator.py took 0.109 seconds
[2025-01-01T10:16:54.080+0000] {processor.py:186} INFO - Started process (PID=579) to work on /home/airflow/.local/lib/python3.12/site-packages/airflow/example_dags/example_python_operator.py
[2025-01-01T10:16:54.082+0000] {processor.py:914} INFO - Processing file /home/airflow/.local/lib/python3.12/site-packages/airflow/example_dags/example_python_operator.py for tasks to queue
[2025-01-01T10:16:54.086+0000] {logging_mixin.py:190} INFO - [2025-01-01T10:16:54.086+0000] {dagbag.py:588} INFO - Filling up the DagBag from /home/airflow/.local/lib/python3.12/site-packages/airflow/example_dags/example_python_operator.py
[2025-01-01T10:16:54.104+0000] {processor.py:925} INFO - DAG(s) 'example_python_operator' retrieved from /home/airflow/.local/lib/python3.12/site-packages/airflow/example_dags/example_python_operator.py
[2025-01-01T10:16:54.136+0000] {logging_mixin.py:190} INFO - [2025-01-01T10:16:54.136+0000] {dag.py:3239} INFO - Sync 1 DAGs
[2025-01-01T10:16:54.155+0000] {logging_mixin.py:190} INFO - [2025-01-01T10:16:54.154+0000] {dag.py:4180} INFO - Setting next_dagrun for example_python_operator to None, run_after=None
[2025-01-01T10:16:54.187+0000] {processor.py:208} INFO - Processing /home/airflow/.local/lib/python3.12/site-packages/airflow/example_dags/example_python_operator.py took 0.115 seconds
[2025-01-01T10:17:25.189+0000] {processor.py:186} INFO - Started process (PID=642) to work on /home/airflow/.local/lib/python3.12/site-packages/airflow/example_dags/example_python_operator.py
[2025-01-01T10:17:25.191+0000] {processor.py:914} INFO - Processing file /home/airflow/.local/lib/python3.12/site-packages/airflow/example_dags/example_python_operator.py for tasks to queue
[2025-01-01T10:17:25.196+0000] {logging_mixin.py:190} INFO - [2025-01-01T10:17:25.195+0000] {dagbag.py:588} INFO - Filling up the DagBag from /home/airflow/.local/lib/python3.12/site-packages/airflow/example_dags/example_python_operator.py
[2025-01-01T10:17:25.212+0000] {processor.py:925} INFO - DAG(s) 'example_python_operator' retrieved from /home/airflow/.local/lib/python3.12/site-packages/airflow/example_dags/example_python_operator.py
[2025-01-01T10:17:25.243+0000] {logging_mixin.py:190} INFO - [2025-01-01T10:17:25.243+0000] {dag.py:3239} INFO - Sync 1 DAGs
[2025-01-01T10:17:25.260+0000] {logging_mixin.py:190} INFO - [2025-01-01T10:17:25.260+0000] {dag.py:4180} INFO - Setting next_dagrun for example_python_operator to None, run_after=None
[2025-01-01T10:17:25.291+0000] {processor.py:208} INFO - Processing /home/airflow/.local/lib/python3.12/site-packages/airflow/example_dags/example_python_operator.py took 0.108 seconds
[2025-01-01T10:18:02.831+0000] {processor.py:186} INFO - Started process (PID=705) to work on /home/airflow/.local/lib/python3.12/site-packages/airflow/example_dags/example_python_operator.py
[2025-01-01T10:18:02.840+0000] {processor.py:914} INFO - Processing file /home/airflow/.local/lib/python3.12/site-packages/airflow/example_dags/example_python_operator.py for tasks to queue
[2025-01-01T10:18:02.856+0000] {logging_mixin.py:190} INFO - [2025-01-01T10:18:02.853+0000] {dagbag.py:588} INFO - Filling up the DagBag from /home/airflow/.local/lib/python3.12/site-packages/airflow/example_dags/example_python_operator.py
[2025-01-01T10:18:02.944+0000] {processor.py:925} INFO - DAG(s) 'example_python_operator' retrieved from /home/airflow/.local/lib/python3.12/site-packages/airflow/example_dags/example_python_operator.py
[2025-01-01T10:18:03.098+0000] {logging_mixin.py:190} INFO - [2025-01-01T10:18:03.093+0000] {dag.py:3239} INFO - Sync 1 DAGs
[2025-01-01T10:18:03.418+0000] {logging_mixin.py:190} INFO - [2025-01-01T10:18:03.416+0000] {dag.py:4180} INFO - Setting next_dagrun for example_python_operator to None, run_after=None
[2025-01-01T10:18:03.640+0000] {processor.py:208} INFO - Processing /home/airflow/.local/lib/python3.12/site-packages/airflow/example_dags/example_python_operator.py took 0.853 seconds
[2025-01-01T10:18:34.046+0000] {processor.py:186} INFO - Started process (PID=766) to work on /home/airflow/.local/lib/python3.12/site-packages/airflow/example_dags/example_python_operator.py
[2025-01-01T10:18:34.048+0000] {processor.py:914} INFO - Processing file /home/airflow/.local/lib/python3.12/site-packages/airflow/example_dags/example_python_operator.py for tasks to queue
[2025-01-01T10:18:34.057+0000] {logging_mixin.py:190} INFO - [2025-01-01T10:18:34.055+0000] {dagbag.py:588} INFO - Filling up the DagBag from /home/airflow/.local/lib/python3.12/site-packages/airflow/example_dags/example_python_operator.py
[2025-01-01T10:18:34.097+0000] {processor.py:925} INFO - DAG(s) 'example_python_operator' retrieved from /home/airflow/.local/lib/python3.12/site-packages/airflow/example_dags/example_python_operator.py
[2025-01-01T10:18:34.145+0000] {logging_mixin.py:190} INFO - [2025-01-01T10:18:34.143+0000] {dag.py:3239} INFO - Sync 1 DAGs
[2025-01-01T10:18:34.181+0000] {logging_mixin.py:190} INFO - [2025-01-01T10:18:34.181+0000] {dag.py:4180} INFO - Setting next_dagrun for example_python_operator to None, run_after=None
[2025-01-01T10:18:34.220+0000] {processor.py:208} INFO - Processing /home/airflow/.local/lib/python3.12/site-packages/airflow/example_dags/example_python_operator.py took 0.184 seconds
[2025-01-01T10:19:05.314+0000] {processor.py:186} INFO - Started process (PID=829) to work on /home/airflow/.local/lib/python3.12/site-packages/airflow/example_dags/example_python_operator.py
[2025-01-01T10:19:05.318+0000] {processor.py:914} INFO - Processing file /home/airflow/.local/lib/python3.12/site-packages/airflow/example_dags/example_python_operator.py for tasks to queue
[2025-01-01T10:19:05.332+0000] {logging_mixin.py:190} INFO - [2025-01-01T10:19:05.331+0000] {dagbag.py:588} INFO - Filling up the DagBag from /home/airflow/.local/lib/python3.12/site-packages/airflow/example_dags/example_python_operator.py
[2025-01-01T10:19:05.417+0000] {processor.py:925} INFO - DAG(s) 'example_python_operator' retrieved from /home/airflow/.local/lib/python3.12/site-packages/airflow/example_dags/example_python_operator.py
[2025-01-01T10:19:05.539+0000] {logging_mixin.py:190} INFO - [2025-01-01T10:19:05.538+0000] {dag.py:3239} INFO - Sync 1 DAGs
[2025-01-01T10:19:05.613+0000] {logging_mixin.py:190} INFO - [2025-01-01T10:19:05.612+0000] {dag.py:4180} INFO - Setting next_dagrun for example_python_operator to None, run_after=None
[2025-01-01T10:19:05.696+0000] {processor.py:208} INFO - Processing /home/airflow/.local/lib/python3.12/site-packages/airflow/example_dags/example_python_operator.py took 0.413 seconds
[2025-01-01T10:19:40.026+0000] {processor.py:186} INFO - Started process (PID=890) to work on /home/airflow/.local/lib/python3.12/site-packages/airflow/example_dags/example_python_operator.py
[2025-01-01T10:19:40.030+0000] {processor.py:914} INFO - Processing file /home/airflow/.local/lib/python3.12/site-packages/airflow/example_dags/example_python_operator.py for tasks to queue
[2025-01-01T10:19:40.041+0000] {logging_mixin.py:190} INFO - [2025-01-01T10:19:40.039+0000] {dagbag.py:588} INFO - Filling up the DagBag from /home/airflow/.local/lib/python3.12/site-packages/airflow/example_dags/example_python_operator.py
[2025-01-01T10:19:40.108+0000] {processor.py:925} INFO - DAG(s) 'example_python_operator' retrieved from /home/airflow/.local/lib/python3.12/site-packages/airflow/example_dags/example_python_operator.py
[2025-01-01T10:19:40.213+0000] {logging_mixin.py:190} INFO - [2025-01-01T10:19:40.212+0000] {dag.py:3239} INFO - Sync 1 DAGs
[2025-01-01T10:19:40.286+0000] {logging_mixin.py:190} INFO - [2025-01-01T10:19:40.285+0000] {dag.py:4180} INFO - Setting next_dagrun for example_python_operator to None, run_after=None
[2025-01-01T10:19:40.398+0000] {processor.py:208} INFO - Processing /home/airflow/.local/lib/python3.12/site-packages/airflow/example_dags/example_python_operator.py took 0.402 seconds
[2025-01-01T10:20:10.701+0000] {processor.py:186} INFO - Started process (PID=953) to work on /home/airflow/.local/lib/python3.12/site-packages/airflow/example_dags/example_python_operator.py
[2025-01-01T10:20:10.704+0000] {processor.py:914} INFO - Processing file /home/airflow/.local/lib/python3.12/site-packages/airflow/example_dags/example_python_operator.py for tasks to queue
[2025-01-01T10:20:10.711+0000] {logging_mixin.py:190} INFO - [2025-01-01T10:20:10.710+0000] {dagbag.py:588} INFO - Filling up the DagBag from /home/airflow/.local/lib/python3.12/site-packages/airflow/example_dags/example_python_operator.py
[2025-01-01T10:20:10.751+0000] {processor.py:925} INFO - DAG(s) 'example_python_operator' retrieved from /home/airflow/.local/lib/python3.12/site-packages/airflow/example_dags/example_python_operator.py
[2025-01-01T10:20:10.820+0000] {logging_mixin.py:190} INFO - [2025-01-01T10:20:10.819+0000] {dag.py:3239} INFO - Sync 1 DAGs
[2025-01-01T10:20:10.863+0000] {logging_mixin.py:190} INFO - [2025-01-01T10:20:10.862+0000] {dag.py:4180} INFO - Setting next_dagrun for example_python_operator to None, run_after=None
[2025-01-01T10:20:10.920+0000] {processor.py:208} INFO - Processing /home/airflow/.local/lib/python3.12/site-packages/airflow/example_dags/example_python_operator.py took 0.235 seconds
[2025-01-01T10:20:41.591+0000] {processor.py:186} INFO - Started process (PID=1016) to work on /home/airflow/.local/lib/python3.12/site-packages/airflow/example_dags/example_python_operator.py
[2025-01-01T10:20:41.592+0000] {processor.py:914} INFO - Processing file /home/airflow/.local/lib/python3.12/site-packages/airflow/example_dags/example_python_operator.py for tasks to queue
[2025-01-01T10:20:41.596+0000] {logging_mixin.py:190} INFO - [2025-01-01T10:20:41.596+0000] {dagbag.py:588} INFO - Filling up the DagBag from /home/airflow/.local/lib/python3.12/site-packages/airflow/example_dags/example_python_operator.py
[2025-01-01T10:20:41.617+0000] {processor.py:925} INFO - DAG(s) 'example_python_operator' retrieved from /home/airflow/.local/lib/python3.12/site-packages/airflow/example_dags/example_python_operator.py
[2025-01-01T10:20:41.649+0000] {logging_mixin.py:190} INFO - [2025-01-01T10:20:41.648+0000] {dag.py:3239} INFO - Sync 1 DAGs
[2025-01-01T10:20:41.670+0000] {logging_mixin.py:190} INFO - [2025-01-01T10:20:41.669+0000] {dag.py:4180} INFO - Setting next_dagrun for example_python_operator to None, run_after=None
[2025-01-01T10:20:41.705+0000] {processor.py:208} INFO - Processing /home/airflow/.local/lib/python3.12/site-packages/airflow/example_dags/example_python_operator.py took 0.124 seconds
[2025-01-01T10:21:12.520+0000] {processor.py:186} INFO - Started process (PID=1078) to work on /home/airflow/.local/lib/python3.12/site-packages/airflow/example_dags/example_python_operator.py
[2025-01-01T10:21:12.522+0000] {processor.py:914} INFO - Processing file /home/airflow/.local/lib/python3.12/site-packages/airflow/example_dags/example_python_operator.py for tasks to queue
[2025-01-01T10:21:12.526+0000] {logging_mixin.py:190} INFO - [2025-01-01T10:21:12.525+0000] {dagbag.py:588} INFO - Filling up the DagBag from /home/airflow/.local/lib/python3.12/site-packages/airflow/example_dags/example_python_operator.py
[2025-01-01T10:21:12.542+0000] {processor.py:925} INFO - DAG(s) 'example_python_operator' retrieved from /home/airflow/.local/lib/python3.12/site-packages/airflow/example_dags/example_python_operator.py
[2025-01-01T10:21:12.578+0000] {logging_mixin.py:190} INFO - [2025-01-01T10:21:12.577+0000] {dag.py:3239} INFO - Sync 1 DAGs
[2025-01-01T10:21:12.594+0000] {logging_mixin.py:190} INFO - [2025-01-01T10:21:12.593+0000] {dag.py:4180} INFO - Setting next_dagrun for example_python_operator to None, run_after=None
[2025-01-01T10:21:12.629+0000] {processor.py:208} INFO - Processing /home/airflow/.local/lib/python3.12/site-packages/airflow/example_dags/example_python_operator.py took 0.120 seconds
[2025-01-01T10:21:43.020+0000] {processor.py:186} INFO - Started process (PID=1142) to work on /home/airflow/.local/lib/python3.12/site-packages/airflow/example_dags/example_python_operator.py
[2025-01-01T10:21:43.023+0000] {processor.py:914} INFO - Processing file /home/airflow/.local/lib/python3.12/site-packages/airflow/example_dags/example_python_operator.py for tasks to queue
[2025-01-01T10:21:43.027+0000] {logging_mixin.py:190} INFO - [2025-01-01T10:21:43.027+0000] {dagbag.py:588} INFO - Filling up the DagBag from /home/airflow/.local/lib/python3.12/site-packages/airflow/example_dags/example_python_operator.py
[2025-01-01T10:21:43.049+0000] {processor.py:925} INFO - DAG(s) 'example_python_operator' retrieved from /home/airflow/.local/lib/python3.12/site-packages/airflow/example_dags/example_python_operator.py
[2025-01-01T10:21:43.090+0000] {logging_mixin.py:190} INFO - [2025-01-01T10:21:43.090+0000] {dag.py:3239} INFO - Sync 1 DAGs
[2025-01-01T10:21:43.116+0000] {logging_mixin.py:190} INFO - [2025-01-01T10:21:43.116+0000] {dag.py:4180} INFO - Setting next_dagrun for example_python_operator to None, run_after=None
[2025-01-01T10:21:43.153+0000] {processor.py:208} INFO - Processing /home/airflow/.local/lib/python3.12/site-packages/airflow/example_dags/example_python_operator.py took 0.144 seconds
[2025-01-01T10:22:13.640+0000] {processor.py:186} INFO - Started process (PID=1205) to work on /home/airflow/.local/lib/python3.12/site-packages/airflow/example_dags/example_python_operator.py
[2025-01-01T10:22:13.641+0000] {processor.py:914} INFO - Processing file /home/airflow/.local/lib/python3.12/site-packages/airflow/example_dags/example_python_operator.py for tasks to queue
[2025-01-01T10:22:13.646+0000] {logging_mixin.py:190} INFO - [2025-01-01T10:22:13.645+0000] {dagbag.py:588} INFO - Filling up the DagBag from /home/airflow/.local/lib/python3.12/site-packages/airflow/example_dags/example_python_operator.py
[2025-01-01T10:22:13.670+0000] {processor.py:925} INFO - DAG(s) 'example_python_operator' retrieved from /home/airflow/.local/lib/python3.12/site-packages/airflow/example_dags/example_python_operator.py
[2025-01-01T10:22:13.702+0000] {logging_mixin.py:190} INFO - [2025-01-01T10:22:13.701+0000] {dag.py:3239} INFO - Sync 1 DAGs
[2025-01-01T10:22:13.731+0000] {logging_mixin.py:190} INFO - [2025-01-01T10:22:13.730+0000] {dag.py:4180} INFO - Setting next_dagrun for example_python_operator to None, run_after=None
[2025-01-01T10:22:13.770+0000] {processor.py:208} INFO - Processing /home/airflow/.local/lib/python3.12/site-packages/airflow/example_dags/example_python_operator.py took 0.140 seconds
[2025-01-01T10:22:44.212+0000] {processor.py:186} INFO - Started process (PID=1267) to work on /home/airflow/.local/lib/python3.12/site-packages/airflow/example_dags/example_python_operator.py
[2025-01-01T10:22:44.214+0000] {processor.py:914} INFO - Processing file /home/airflow/.local/lib/python3.12/site-packages/airflow/example_dags/example_python_operator.py for tasks to queue
[2025-01-01T10:22:44.218+0000] {logging_mixin.py:190} INFO - [2025-01-01T10:22:44.217+0000] {dagbag.py:588} INFO - Filling up the DagBag from /home/airflow/.local/lib/python3.12/site-packages/airflow/example_dags/example_python_operator.py
[2025-01-01T10:22:44.232+0000] {processor.py:925} INFO - DAG(s) 'example_python_operator' retrieved from /home/airflow/.local/lib/python3.12/site-packages/airflow/example_dags/example_python_operator.py
[2025-01-01T10:22:44.260+0000] {logging_mixin.py:190} INFO - [2025-01-01T10:22:44.259+0000] {dag.py:3239} INFO - Sync 1 DAGs
[2025-01-01T10:22:44.276+0000] {logging_mixin.py:190} INFO - [2025-01-01T10:22:44.276+0000] {dag.py:4180} INFO - Setting next_dagrun for example_python_operator to None, run_after=None
[2025-01-01T10:22:44.302+0000] {processor.py:208} INFO - Processing /home/airflow/.local/lib/python3.12/site-packages/airflow/example_dags/example_python_operator.py took 0.099 seconds
[2025-01-01T10:23:14.657+0000] {processor.py:186} INFO - Started process (PID=1330) to work on /home/airflow/.local/lib/python3.12/site-packages/airflow/example_dags/example_python_operator.py
[2025-01-01T10:23:14.659+0000] {processor.py:914} INFO - Processing file /home/airflow/.local/lib/python3.12/site-packages/airflow/example_dags/example_python_operator.py for tasks to queue
[2025-01-01T10:23:14.663+0000] {logging_mixin.py:190} INFO - [2025-01-01T10:23:14.663+0000] {dagbag.py:588} INFO - Filling up the DagBag from /home/airflow/.local/lib/python3.12/site-packages/airflow/example_dags/example_python_operator.py
[2025-01-01T10:23:14.685+0000] {processor.py:925} INFO - DAG(s) 'example_python_operator' retrieved from /home/airflow/.local/lib/python3.12/site-packages/airflow/example_dags/example_python_operator.py
[2025-01-01T10:23:14.721+0000] {logging_mixin.py:190} INFO - [2025-01-01T10:23:14.721+0000] {dag.py:3239} INFO - Sync 1 DAGs
[2025-01-01T10:23:14.746+0000] {logging_mixin.py:190} INFO - [2025-01-01T10:23:14.746+0000] {dag.py:4180} INFO - Setting next_dagrun for example_python_operator to None, run_after=None
[2025-01-01T10:23:14.780+0000] {processor.py:208} INFO - Processing /home/airflow/.local/lib/python3.12/site-packages/airflow/example_dags/example_python_operator.py took 0.133 seconds
[2025-01-01T10:23:46.279+0000] {processor.py:186} INFO - Started process (PID=1392) to work on /home/airflow/.local/lib/python3.12/site-packages/airflow/example_dags/example_python_operator.py
[2025-01-01T10:23:46.292+0000] {processor.py:914} INFO - Processing file /home/airflow/.local/lib/python3.12/site-packages/airflow/example_dags/example_python_operator.py for tasks to queue
[2025-01-01T10:23:46.307+0000] {logging_mixin.py:190} INFO - [2025-01-01T10:23:46.303+0000] {dagbag.py:588} INFO - Filling up the DagBag from /home/airflow/.local/lib/python3.12/site-packages/airflow/example_dags/example_python_operator.py
[2025-01-01T10:23:46.368+0000] {processor.py:925} INFO - DAG(s) 'example_python_operator' retrieved from /home/airflow/.local/lib/python3.12/site-packages/airflow/example_dags/example_python_operator.py
[2025-01-01T10:23:46.449+0000] {logging_mixin.py:190} INFO - [2025-01-01T10:23:46.448+0000] {dag.py:3239} INFO - Sync 1 DAGs
[2025-01-01T10:23:46.509+0000] {logging_mixin.py:190} INFO - [2025-01-01T10:23:46.508+0000] {dag.py:4180} INFO - Setting next_dagrun for example_python_operator to None, run_after=None
[2025-01-01T10:23:46.583+0000] {processor.py:208} INFO - Processing /home/airflow/.local/lib/python3.12/site-packages/airflow/example_dags/example_python_operator.py took 0.362 seconds
[2025-01-01T10:24:20.089+0000] {processor.py:186} INFO - Started process (PID=1454) to work on /home/airflow/.local/lib/python3.12/site-packages/airflow/example_dags/example_python_operator.py
[2025-01-01T10:24:20.092+0000] {processor.py:914} INFO - Processing file /home/airflow/.local/lib/python3.12/site-packages/airflow/example_dags/example_python_operator.py for tasks to queue
[2025-01-01T10:24:20.100+0000] {logging_mixin.py:190} INFO - [2025-01-01T10:24:20.098+0000] {dagbag.py:588} INFO - Filling up the DagBag from /home/airflow/.local/lib/python3.12/site-packages/airflow/example_dags/example_python_operator.py
[2025-01-01T10:24:20.139+0000] {processor.py:925} INFO - DAG(s) 'example_python_operator' retrieved from /home/airflow/.local/lib/python3.12/site-packages/airflow/example_dags/example_python_operator.py
[2025-01-01T10:24:20.206+0000] {logging_mixin.py:190} INFO - [2025-01-01T10:24:20.205+0000] {dag.py:3239} INFO - Sync 1 DAGs
[2025-01-01T10:24:20.246+0000] {logging_mixin.py:190} INFO - [2025-01-01T10:24:20.245+0000] {dag.py:4180} INFO - Setting next_dagrun for example_python_operator to None, run_after=None
[2025-01-01T10:24:20.304+0000] {processor.py:208} INFO - Processing /home/airflow/.local/lib/python3.12/site-packages/airflow/example_dags/example_python_operator.py took 0.236 seconds
[2025-01-01T10:25:07.004+0000] {processor.py:186} INFO - Started process (PID=1510) to work on /home/airflow/.local/lib/python3.12/site-packages/airflow/example_dags/example_python_operator.py
[2025-01-01T10:25:07.010+0000] {processor.py:914} INFO - Processing file /home/airflow/.local/lib/python3.12/site-packages/airflow/example_dags/example_python_operator.py for tasks to queue
[2025-01-01T10:25:07.025+0000] {logging_mixin.py:190} INFO - [2025-01-01T10:25:07.023+0000] {dagbag.py:588} INFO - Filling up the DagBag from /home/airflow/.local/lib/python3.12/site-packages/airflow/example_dags/example_python_operator.py
[2025-01-01T10:25:07.131+0000] {processor.py:925} INFO - DAG(s) 'example_python_operator' retrieved from /home/airflow/.local/lib/python3.12/site-packages/airflow/example_dags/example_python_operator.py
[2025-01-01T10:25:07.333+0000] {logging_mixin.py:190} INFO - [2025-01-01T10:25:07.332+0000] {dag.py:3239} INFO - Sync 1 DAGs
[2025-01-01T10:25:07.435+0000] {logging_mixin.py:190} INFO - [2025-01-01T10:25:07.434+0000] {dag.py:4180} INFO - Setting next_dagrun for example_python_operator to None, run_after=None
[2025-01-01T10:25:07.597+0000] {processor.py:208} INFO - Processing /home/airflow/.local/lib/python3.12/site-packages/airflow/example_dags/example_python_operator.py took 0.634 seconds
[2025-01-01T10:25:55.970+0000] {processor.py:186} INFO - Started process (PID=1573) to work on /home/airflow/.local/lib/python3.12/site-packages/airflow/example_dags/example_python_operator.py
[2025-01-01T10:25:55.978+0000] {processor.py:914} INFO - Processing file /home/airflow/.local/lib/python3.12/site-packages/airflow/example_dags/example_python_operator.py for tasks to queue
[2025-01-01T10:25:55.998+0000] {logging_mixin.py:190} INFO - [2025-01-01T10:25:55.994+0000] {dagbag.py:588} INFO - Filling up the DagBag from /home/airflow/.local/lib/python3.12/site-packages/airflow/example_dags/example_python_operator.py
[2025-01-01T10:25:56.101+0000] {processor.py:925} INFO - DAG(s) 'example_python_operator' retrieved from /home/airflow/.local/lib/python3.12/site-packages/airflow/example_dags/example_python_operator.py
[2025-01-01T10:25:56.217+0000] {logging_mixin.py:190} INFO - [2025-01-01T10:25:56.216+0000] {dag.py:3239} INFO - Sync 1 DAGs
[2025-01-01T10:25:56.301+0000] {logging_mixin.py:190} INFO - [2025-01-01T10:25:56.300+0000] {dag.py:4180} INFO - Setting next_dagrun for example_python_operator to None, run_after=None
[2025-01-01T10:25:56.412+0000] {processor.py:208} INFO - Processing /home/airflow/.local/lib/python3.12/site-packages/airflow/example_dags/example_python_operator.py took 0.516 seconds
[2025-01-01T10:26:27.457+0000] {processor.py:186} INFO - Started process (PID=1635) to work on /home/airflow/.local/lib/python3.12/site-packages/airflow/example_dags/example_python_operator.py
[2025-01-01T10:26:27.469+0000] {processor.py:914} INFO - Processing file /home/airflow/.local/lib/python3.12/site-packages/airflow/example_dags/example_python_operator.py for tasks to queue
[2025-01-01T10:26:27.477+0000] {logging_mixin.py:190} INFO - [2025-01-01T10:26:27.476+0000] {dagbag.py:588} INFO - Filling up the DagBag from /home/airflow/.local/lib/python3.12/site-packages/airflow/example_dags/example_python_operator.py
[2025-01-01T10:26:27.549+0000] {processor.py:925} INFO - DAG(s) 'example_python_operator' retrieved from /home/airflow/.local/lib/python3.12/site-packages/airflow/example_dags/example_python_operator.py
[2025-01-01T10:26:27.732+0000] {logging_mixin.py:190} INFO - [2025-01-01T10:26:27.731+0000] {dag.py:3239} INFO - Sync 1 DAGs
[2025-01-01T10:26:27.920+0000] {logging_mixin.py:190} INFO - [2025-01-01T10:26:27.907+0000] {dag.py:4180} INFO - Setting next_dagrun for example_python_operator to None, run_after=None
[2025-01-01T10:26:28.082+0000] {processor.py:208} INFO - Processing /home/airflow/.local/lib/python3.12/site-packages/airflow/example_dags/example_python_operator.py took 0.647 seconds
[2025-01-01T10:26:58.617+0000] {processor.py:186} INFO - Started process (PID=1705) to work on /home/airflow/.local/lib/python3.12/site-packages/airflow/example_dags/example_python_operator.py
[2025-01-01T10:26:58.618+0000] {processor.py:914} INFO - Processing file /home/airflow/.local/lib/python3.12/site-packages/airflow/example_dags/example_python_operator.py for tasks to queue
[2025-01-01T10:26:58.622+0000] {logging_mixin.py:190} INFO - [2025-01-01T10:26:58.622+0000] {dagbag.py:588} INFO - Filling up the DagBag from /home/airflow/.local/lib/python3.12/site-packages/airflow/example_dags/example_python_operator.py
[2025-01-01T10:26:58.639+0000] {processor.py:925} INFO - DAG(s) 'example_python_operator' retrieved from /home/airflow/.local/lib/python3.12/site-packages/airflow/example_dags/example_python_operator.py
[2025-01-01T10:26:58.671+0000] {logging_mixin.py:190} INFO - [2025-01-01T10:26:58.670+0000] {dag.py:3239} INFO - Sync 1 DAGs
[2025-01-01T10:26:58.690+0000] {logging_mixin.py:190} INFO - [2025-01-01T10:26:58.690+0000] {dag.py:4180} INFO - Setting next_dagrun for example_python_operator to None, run_after=None
[2025-01-01T10:26:58.720+0000] {processor.py:208} INFO - Processing /home/airflow/.local/lib/python3.12/site-packages/airflow/example_dags/example_python_operator.py took 0.111 seconds
[2025-01-01T10:27:29.300+0000] {processor.py:186} INFO - Started process (PID=1768) to work on /home/airflow/.local/lib/python3.12/site-packages/airflow/example_dags/example_python_operator.py
[2025-01-01T10:27:29.302+0000] {processor.py:914} INFO - Processing file /home/airflow/.local/lib/python3.12/site-packages/airflow/example_dags/example_python_operator.py for tasks to queue
[2025-01-01T10:27:29.307+0000] {logging_mixin.py:190} INFO - [2025-01-01T10:27:29.307+0000] {dagbag.py:588} INFO - Filling up the DagBag from /home/airflow/.local/lib/python3.12/site-packages/airflow/example_dags/example_python_operator.py
[2025-01-01T10:27:29.332+0000] {processor.py:925} INFO - DAG(s) 'example_python_operator' retrieved from /home/airflow/.local/lib/python3.12/site-packages/airflow/example_dags/example_python_operator.py
[2025-01-01T10:27:29.379+0000] {logging_mixin.py:190} INFO - [2025-01-01T10:27:29.379+0000] {dag.py:3239} INFO - Sync 1 DAGs
[2025-01-01T10:27:29.413+0000] {logging_mixin.py:190} INFO - [2025-01-01T10:27:29.413+0000] {dag.py:4180} INFO - Setting next_dagrun for example_python_operator to None, run_after=None
[2025-01-01T10:27:29.456+0000] {processor.py:208} INFO - Processing /home/airflow/.local/lib/python3.12/site-packages/airflow/example_dags/example_python_operator.py took 0.169 seconds
[2025-01-01T10:28:00.503+0000] {processor.py:186} INFO - Started process (PID=1831) to work on /home/airflow/.local/lib/python3.12/site-packages/airflow/example_dags/example_python_operator.py
[2025-01-01T10:28:00.507+0000] {processor.py:914} INFO - Processing file /home/airflow/.local/lib/python3.12/site-packages/airflow/example_dags/example_python_operator.py for tasks to queue
[2025-01-01T10:28:00.528+0000] {logging_mixin.py:190} INFO - [2025-01-01T10:28:00.521+0000] {dagbag.py:588} INFO - Filling up the DagBag from /home/airflow/.local/lib/python3.12/site-packages/airflow/example_dags/example_python_operator.py
[2025-01-01T10:28:00.613+0000] {processor.py:925} INFO - DAG(s) 'example_python_operator' retrieved from /home/airflow/.local/lib/python3.12/site-packages/airflow/example_dags/example_python_operator.py
[2025-01-01T10:28:00.732+0000] {logging_mixin.py:190} INFO - [2025-01-01T10:28:00.730+0000] {dag.py:3239} INFO - Sync 1 DAGs
[2025-01-01T10:28:00.814+0000] {logging_mixin.py:190} INFO - [2025-01-01T10:28:00.813+0000] {dag.py:4180} INFO - Setting next_dagrun for example_python_operator to None, run_after=None
[2025-01-01T10:28:00.922+0000] {processor.py:208} INFO - Processing /home/airflow/.local/lib/python3.12/site-packages/airflow/example_dags/example_python_operator.py took 0.462 seconds
[2025-01-01T10:28:31.399+0000] {processor.py:186} INFO - Started process (PID=1894) to work on /home/airflow/.local/lib/python3.12/site-packages/airflow/example_dags/example_python_operator.py
[2025-01-01T10:28:31.404+0000] {processor.py:914} INFO - Processing file /home/airflow/.local/lib/python3.12/site-packages/airflow/example_dags/example_python_operator.py for tasks to queue
[2025-01-01T10:28:31.414+0000] {logging_mixin.py:190} INFO - [2025-01-01T10:28:31.412+0000] {dagbag.py:588} INFO - Filling up the DagBag from /home/airflow/.local/lib/python3.12/site-packages/airflow/example_dags/example_python_operator.py
[2025-01-01T10:28:31.481+0000] {processor.py:925} INFO - DAG(s) 'example_python_operator' retrieved from /home/airflow/.local/lib/python3.12/site-packages/airflow/example_dags/example_python_operator.py
[2025-01-01T10:28:31.568+0000] {logging_mixin.py:190} INFO - [2025-01-01T10:28:31.566+0000] {dag.py:3239} INFO - Sync 1 DAGs
[2025-01-01T10:28:31.637+0000] {logging_mixin.py:190} INFO - [2025-01-01T10:28:31.636+0000] {dag.py:4180} INFO - Setting next_dagrun for example_python_operator to None, run_after=None
[2025-01-01T10:28:31.711+0000] {processor.py:208} INFO - Processing /home/airflow/.local/lib/python3.12/site-packages/airflow/example_dags/example_python_operator.py took 0.338 seconds
[2025-01-01T10:29:19.421+0000] {processor.py:186} INFO - Started process (PID=1955) to work on /home/airflow/.local/lib/python3.12/site-packages/airflow/example_dags/example_python_operator.py
[2025-01-01T10:29:19.430+0000] {processor.py:914} INFO - Processing file /home/airflow/.local/lib/python3.12/site-packages/airflow/example_dags/example_python_operator.py for tasks to queue
[2025-01-01T10:29:19.439+0000] {logging_mixin.py:190} INFO - [2025-01-01T10:29:19.439+0000] {dagbag.py:588} INFO - Filling up the DagBag from /home/airflow/.local/lib/python3.12/site-packages/airflow/example_dags/example_python_operator.py
[2025-01-01T10:29:19.524+0000] {processor.py:925} INFO - DAG(s) 'example_python_operator' retrieved from /home/airflow/.local/lib/python3.12/site-packages/airflow/example_dags/example_python_operator.py
[2025-01-01T10:29:19.717+0000] {logging_mixin.py:190} INFO - [2025-01-01T10:29:19.716+0000] {dag.py:3239} INFO - Sync 1 DAGs
[2025-01-01T10:29:19.918+0000] {logging_mixin.py:190} INFO - [2025-01-01T10:29:19.916+0000] {dag.py:4180} INFO - Setting next_dagrun for example_python_operator to None, run_after=None
[2025-01-01T10:29:20.048+0000] {processor.py:208} INFO - Processing /home/airflow/.local/lib/python3.12/site-packages/airflow/example_dags/example_python_operator.py took 0.686 seconds
[2025-01-01T10:29:57.526+0000] {processor.py:186} INFO - Started process (PID=2018) to work on /home/airflow/.local/lib/python3.12/site-packages/airflow/example_dags/example_python_operator.py
[2025-01-01T10:29:57.591+0000] {processor.py:914} INFO - Processing file /home/airflow/.local/lib/python3.12/site-packages/airflow/example_dags/example_python_operator.py for tasks to queue
[2025-01-01T10:29:57.733+0000] {logging_mixin.py:190} INFO - [2025-01-01T10:29:57.724+0000] {dagbag.py:588} INFO - Filling up the DagBag from /home/airflow/.local/lib/python3.12/site-packages/airflow/example_dags/example_python_operator.py
[2025-01-01T10:29:57.978+0000] {processor.py:925} INFO - DAG(s) 'example_python_operator' retrieved from /home/airflow/.local/lib/python3.12/site-packages/airflow/example_dags/example_python_operator.py
[2025-01-01T10:29:58.426+0000] {logging_mixin.py:190} INFO - [2025-01-01T10:29:58.415+0000] {dag.py:3239} INFO - Sync 1 DAGs
[2025-01-01T10:29:58.631+0000] {logging_mixin.py:190} INFO - [2025-01-01T10:29:58.630+0000] {dag.py:4180} INFO - Setting next_dagrun for example_python_operator to None, run_after=None
[2025-01-01T10:29:58.731+0000] {processor.py:208} INFO - Processing /home/airflow/.local/lib/python3.12/site-packages/airflow/example_dags/example_python_operator.py took 1.303 seconds
[2025-01-01T10:30:36.448+0000] {processor.py:186} INFO - Started process (PID=2088) to work on /home/airflow/.local/lib/python3.12/site-packages/airflow/example_dags/example_python_operator.py
[2025-01-01T10:30:36.452+0000] {processor.py:914} INFO - Processing file /home/airflow/.local/lib/python3.12/site-packages/airflow/example_dags/example_python_operator.py for tasks to queue
[2025-01-01T10:30:36.463+0000] {logging_mixin.py:190} INFO - [2025-01-01T10:30:36.461+0000] {dagbag.py:588} INFO - Filling up the DagBag from /home/airflow/.local/lib/python3.12/site-packages/airflow/example_dags/example_python_operator.py
[2025-01-01T10:30:36.524+0000] {processor.py:925} INFO - DAG(s) 'example_python_operator' retrieved from /home/airflow/.local/lib/python3.12/site-packages/airflow/example_dags/example_python_operator.py
[2025-01-01T10:30:36.743+0000] {logging_mixin.py:190} INFO - [2025-01-01T10:30:36.742+0000] {dag.py:3239} INFO - Sync 1 DAGs
[2025-01-01T10:30:36.899+0000] {logging_mixin.py:190} INFO - [2025-01-01T10:30:36.897+0000] {dag.py:4180} INFO - Setting next_dagrun for example_python_operator to None, run_after=None
[2025-01-01T10:30:37.097+0000] {processor.py:208} INFO - Processing /home/airflow/.local/lib/python3.12/site-packages/airflow/example_dags/example_python_operator.py took 0.681 seconds
[2025-01-01T10:31:08.245+0000] {processor.py:186} INFO - Started process (PID=2153) to work on /home/airflow/.local/lib/python3.12/site-packages/airflow/example_dags/example_python_operator.py
[2025-01-01T10:31:08.247+0000] {processor.py:914} INFO - Processing file /home/airflow/.local/lib/python3.12/site-packages/airflow/example_dags/example_python_operator.py for tasks to queue
[2025-01-01T10:31:08.249+0000] {logging_mixin.py:190} INFO - [2025-01-01T10:31:08.249+0000] {dagbag.py:588} INFO - Filling up the DagBag from /home/airflow/.local/lib/python3.12/site-packages/airflow/example_dags/example_python_operator.py
[2025-01-01T10:31:08.262+0000] {processor.py:925} INFO - DAG(s) 'example_python_operator' retrieved from /home/airflow/.local/lib/python3.12/site-packages/airflow/example_dags/example_python_operator.py
[2025-01-01T10:31:08.286+0000] {logging_mixin.py:190} INFO - [2025-01-01T10:31:08.286+0000] {dag.py:3239} INFO - Sync 1 DAGs
[2025-01-01T10:31:08.301+0000] {logging_mixin.py:190} INFO - [2025-01-01T10:31:08.301+0000] {dag.py:4180} INFO - Setting next_dagrun for example_python_operator to None, run_after=None
[2025-01-01T10:31:08.328+0000] {processor.py:208} INFO - Processing /home/airflow/.local/lib/python3.12/site-packages/airflow/example_dags/example_python_operator.py took 0.089 seconds
[2025-01-01T10:31:44.175+0000] {processor.py:186} INFO - Started process (PID=2216) to work on /home/airflow/.local/lib/python3.12/site-packages/airflow/example_dags/example_python_operator.py
[2025-01-01T10:31:44.180+0000] {processor.py:914} INFO - Processing file /home/airflow/.local/lib/python3.12/site-packages/airflow/example_dags/example_python_operator.py for tasks to queue
[2025-01-01T10:31:44.191+0000] {logging_mixin.py:190} INFO - [2025-01-01T10:31:44.190+0000] {dagbag.py:588} INFO - Filling up the DagBag from /home/airflow/.local/lib/python3.12/site-packages/airflow/example_dags/example_python_operator.py
[2025-01-01T10:31:44.245+0000] {processor.py:925} INFO - DAG(s) 'example_python_operator' retrieved from /home/airflow/.local/lib/python3.12/site-packages/airflow/example_dags/example_python_operator.py
[2025-01-01T10:31:44.310+0000] {logging_mixin.py:190} INFO - [2025-01-01T10:31:44.307+0000] {dag.py:3239} INFO - Sync 1 DAGs
[2025-01-01T10:31:44.402+0000] {logging_mixin.py:190} INFO - [2025-01-01T10:31:44.400+0000] {dag.py:4180} INFO - Setting next_dagrun for example_python_operator to None, run_after=None
[2025-01-01T10:31:44.566+0000] {processor.py:208} INFO - Processing /home/airflow/.local/lib/python3.12/site-packages/airflow/example_dags/example_python_operator.py took 0.424 seconds
[2025-01-01T10:32:14.710+0000] {processor.py:186} INFO - Started process (PID=2279) to work on /home/airflow/.local/lib/python3.12/site-packages/airflow/example_dags/example_python_operator.py
[2025-01-01T10:32:14.713+0000] {processor.py:914} INFO - Processing file /home/airflow/.local/lib/python3.12/site-packages/airflow/example_dags/example_python_operator.py for tasks to queue
[2025-01-01T10:32:14.723+0000] {logging_mixin.py:190} INFO - [2025-01-01T10:32:14.722+0000] {dagbag.py:588} INFO - Filling up the DagBag from /home/airflow/.local/lib/python3.12/site-packages/airflow/example_dags/example_python_operator.py
[2025-01-01T10:32:14.775+0000] {processor.py:925} INFO - DAG(s) 'example_python_operator' retrieved from /home/airflow/.local/lib/python3.12/site-packages/airflow/example_dags/example_python_operator.py
[2025-01-01T10:32:14.838+0000] {logging_mixin.py:190} INFO - [2025-01-01T10:32:14.838+0000] {dag.py:3239} INFO - Sync 1 DAGs
[2025-01-01T10:32:14.884+0000] {logging_mixin.py:190} INFO - [2025-01-01T10:32:14.883+0000] {dag.py:4180} INFO - Setting next_dagrun for example_python_operator to None, run_after=None
[2025-01-01T10:32:14.945+0000] {processor.py:208} INFO - Processing /home/airflow/.local/lib/python3.12/site-packages/airflow/example_dags/example_python_operator.py took 0.254 seconds
[2025-01-01T10:32:50.047+0000] {processor.py:186} INFO - Started process (PID=2345) to work on /home/airflow/.local/lib/python3.12/site-packages/airflow/example_dags/example_python_operator.py
[2025-01-01T10:32:50.052+0000] {processor.py:914} INFO - Processing file /home/airflow/.local/lib/python3.12/site-packages/airflow/example_dags/example_python_operator.py for tasks to queue
[2025-01-01T10:32:50.065+0000] {logging_mixin.py:190} INFO - [2025-01-01T10:32:50.063+0000] {dagbag.py:588} INFO - Filling up the DagBag from /home/airflow/.local/lib/python3.12/site-packages/airflow/example_dags/example_python_operator.py
[2025-01-01T10:32:50.124+0000] {processor.py:925} INFO - DAG(s) 'example_python_operator' retrieved from /home/airflow/.local/lib/python3.12/site-packages/airflow/example_dags/example_python_operator.py
[2025-01-01T10:32:50.216+0000] {logging_mixin.py:190} INFO - [2025-01-01T10:32:50.216+0000] {dag.py:3239} INFO - Sync 1 DAGs
[2025-01-01T10:32:50.306+0000] {logging_mixin.py:190} INFO - [2025-01-01T10:32:50.305+0000] {dag.py:4180} INFO - Setting next_dagrun for example_python_operator to None, run_after=None
[2025-01-01T10:32:50.419+0000] {processor.py:208} INFO - Processing /home/airflow/.local/lib/python3.12/site-packages/airflow/example_dags/example_python_operator.py took 0.407 seconds
[2025-01-01T10:33:21.207+0000] {processor.py:186} INFO - Started process (PID=2411) to work on /home/airflow/.local/lib/python3.12/site-packages/airflow/example_dags/example_python_operator.py
[2025-01-01T10:33:21.209+0000] {processor.py:914} INFO - Processing file /home/airflow/.local/lib/python3.12/site-packages/airflow/example_dags/example_python_operator.py for tasks to queue
[2025-01-01T10:33:21.212+0000] {logging_mixin.py:190} INFO - [2025-01-01T10:33:21.212+0000] {dagbag.py:588} INFO - Filling up the DagBag from /home/airflow/.local/lib/python3.12/site-packages/airflow/example_dags/example_python_operator.py
[2025-01-01T10:33:21.229+0000] {processor.py:925} INFO - DAG(s) 'example_python_operator' retrieved from /home/airflow/.local/lib/python3.12/site-packages/airflow/example_dags/example_python_operator.py
[2025-01-01T10:33:21.257+0000] {logging_mixin.py:190} INFO - [2025-01-01T10:33:21.256+0000] {dag.py:3239} INFO - Sync 1 DAGs
[2025-01-01T10:33:21.278+0000] {logging_mixin.py:190} INFO - [2025-01-01T10:33:21.277+0000] {dag.py:4180} INFO - Setting next_dagrun for example_python_operator to None, run_after=None
[2025-01-01T10:33:21.309+0000] {processor.py:208} INFO - Processing /home/airflow/.local/lib/python3.12/site-packages/airflow/example_dags/example_python_operator.py took 0.110 seconds
[2025-01-01T10:33:52.642+0000] {processor.py:186} INFO - Started process (PID=2475) to work on /home/airflow/.local/lib/python3.12/site-packages/airflow/example_dags/example_python_operator.py
[2025-01-01T10:33:52.643+0000] {processor.py:914} INFO - Processing file /home/airflow/.local/lib/python3.12/site-packages/airflow/example_dags/example_python_operator.py for tasks to queue
[2025-01-01T10:33:52.647+0000] {logging_mixin.py:190} INFO - [2025-01-01T10:33:52.647+0000] {dagbag.py:588} INFO - Filling up the DagBag from /home/airflow/.local/lib/python3.12/site-packages/airflow/example_dags/example_python_operator.py
[2025-01-01T10:33:52.663+0000] {processor.py:925} INFO - DAG(s) 'example_python_operator' retrieved from /home/airflow/.local/lib/python3.12/site-packages/airflow/example_dags/example_python_operator.py
[2025-01-01T10:33:52.694+0000] {logging_mixin.py:190} INFO - [2025-01-01T10:33:52.694+0000] {dag.py:3239} INFO - Sync 1 DAGs
[2025-01-01T10:33:52.713+0000] {logging_mixin.py:190} INFO - [2025-01-01T10:33:52.713+0000] {dag.py:4180} INFO - Setting next_dagrun for example_python_operator to None, run_after=None
[2025-01-01T10:33:52.742+0000] {processor.py:208} INFO - Processing /home/airflow/.local/lib/python3.12/site-packages/airflow/example_dags/example_python_operator.py took 0.109 seconds
[2025-01-01T10:34:23.224+0000] {processor.py:186} INFO - Started process (PID=2538) to work on /home/airflow/.local/lib/python3.12/site-packages/airflow/example_dags/example_python_operator.py
[2025-01-01T10:34:23.227+0000] {processor.py:914} INFO - Processing file /home/airflow/.local/lib/python3.12/site-packages/airflow/example_dags/example_python_operator.py for tasks to queue
[2025-01-01T10:34:23.230+0000] {logging_mixin.py:190} INFO - [2025-01-01T10:34:23.229+0000] {dagbag.py:588} INFO - Filling up the DagBag from /home/airflow/.local/lib/python3.12/site-packages/airflow/example_dags/example_python_operator.py
[2025-01-01T10:34:23.246+0000] {processor.py:925} INFO - DAG(s) 'example_python_operator' retrieved from /home/airflow/.local/lib/python3.12/site-packages/airflow/example_dags/example_python_operator.py
[2025-01-01T10:34:23.274+0000] {logging_mixin.py:190} INFO - [2025-01-01T10:34:23.273+0000] {dag.py:3239} INFO - Sync 1 DAGs
[2025-01-01T10:34:23.294+0000] {logging_mixin.py:190} INFO - [2025-01-01T10:34:23.293+0000] {dag.py:4180} INFO - Setting next_dagrun for example_python_operator to None, run_after=None
[2025-01-01T10:34:23.324+0000] {processor.py:208} INFO - Processing /home/airflow/.local/lib/python3.12/site-packages/airflow/example_dags/example_python_operator.py took 0.108 seconds
[2025-01-01T10:34:53.550+0000] {processor.py:186} INFO - Started process (PID=2600) to work on /home/airflow/.local/lib/python3.12/site-packages/airflow/example_dags/example_python_operator.py
[2025-01-01T10:34:53.551+0000] {processor.py:914} INFO - Processing file /home/airflow/.local/lib/python3.12/site-packages/airflow/example_dags/example_python_operator.py for tasks to queue
[2025-01-01T10:34:53.555+0000] {logging_mixin.py:190} INFO - [2025-01-01T10:34:53.554+0000] {dagbag.py:588} INFO - Filling up the DagBag from /home/airflow/.local/lib/python3.12/site-packages/airflow/example_dags/example_python_operator.py
[2025-01-01T10:34:53.571+0000] {processor.py:925} INFO - DAG(s) 'example_python_operator' retrieved from /home/airflow/.local/lib/python3.12/site-packages/airflow/example_dags/example_python_operator.py
[2025-01-01T10:34:53.605+0000] {logging_mixin.py:190} INFO - [2025-01-01T10:34:53.604+0000] {dag.py:3239} INFO - Sync 1 DAGs
[2025-01-01T10:34:53.625+0000] {logging_mixin.py:190} INFO - [2025-01-01T10:34:53.624+0000] {dag.py:4180} INFO - Setting next_dagrun for example_python_operator to None, run_after=None
[2025-01-01T10:34:53.650+0000] {processor.py:208} INFO - Processing /home/airflow/.local/lib/python3.12/site-packages/airflow/example_dags/example_python_operator.py took 0.110 seconds
[2025-01-01T10:35:25.531+0000] {processor.py:186} INFO - Started process (PID=2662) to work on /home/airflow/.local/lib/python3.12/site-packages/airflow/example_dags/example_python_operator.py
[2025-01-01T10:35:25.535+0000] {processor.py:914} INFO - Processing file /home/airflow/.local/lib/python3.12/site-packages/airflow/example_dags/example_python_operator.py for tasks to queue
[2025-01-01T10:35:25.544+0000] {logging_mixin.py:190} INFO - [2025-01-01T10:35:25.542+0000] {dagbag.py:588} INFO - Filling up the DagBag from /home/airflow/.local/lib/python3.12/site-packages/airflow/example_dags/example_python_operator.py
[2025-01-01T10:35:25.598+0000] {processor.py:925} INFO - DAG(s) 'example_python_operator' retrieved from /home/airflow/.local/lib/python3.12/site-packages/airflow/example_dags/example_python_operator.py
[2025-01-01T10:35:25.686+0000] {logging_mixin.py:190} INFO - [2025-01-01T10:35:25.685+0000] {dag.py:3239} INFO - Sync 1 DAGs
[2025-01-01T10:35:25.749+0000] {logging_mixin.py:190} INFO - [2025-01-01T10:35:25.748+0000] {dag.py:4180} INFO - Setting next_dagrun for example_python_operator to None, run_after=None
[2025-01-01T10:35:25.830+0000] {processor.py:208} INFO - Processing /home/airflow/.local/lib/python3.12/site-packages/airflow/example_dags/example_python_operator.py took 0.327 seconds
[2025-01-01T10:35:55.938+0000] {processor.py:186} INFO - Started process (PID=2723) to work on /home/airflow/.local/lib/python3.12/site-packages/airflow/example_dags/example_python_operator.py
[2025-01-01T10:35:55.940+0000] {processor.py:914} INFO - Processing file /home/airflow/.local/lib/python3.12/site-packages/airflow/example_dags/example_python_operator.py for tasks to queue
[2025-01-01T10:35:55.943+0000] {logging_mixin.py:190} INFO - [2025-01-01T10:35:55.943+0000] {dagbag.py:588} INFO - Filling up the DagBag from /home/airflow/.local/lib/python3.12/site-packages/airflow/example_dags/example_python_operator.py
[2025-01-01T10:35:55.962+0000] {processor.py:925} INFO - DAG(s) 'example_python_operator' retrieved from /home/airflow/.local/lib/python3.12/site-packages/airflow/example_dags/example_python_operator.py
[2025-01-01T10:35:55.996+0000] {logging_mixin.py:190} INFO - [2025-01-01T10:35:55.995+0000] {dag.py:3239} INFO - Sync 1 DAGs
[2025-01-01T10:35:56.022+0000] {logging_mixin.py:190} INFO - [2025-01-01T10:35:56.022+0000] {dag.py:4180} INFO - Setting next_dagrun for example_python_operator to None, run_after=None
[2025-01-01T10:35:56.055+0000] {processor.py:208} INFO - Processing /home/airflow/.local/lib/python3.12/site-packages/airflow/example_dags/example_python_operator.py took 0.126 seconds
[2025-01-01T10:36:28.492+0000] {processor.py:186} INFO - Started process (PID=2786) to work on /home/airflow/.local/lib/python3.12/site-packages/airflow/example_dags/example_python_operator.py
[2025-01-01T10:36:28.497+0000] {processor.py:914} INFO - Processing file /home/airflow/.local/lib/python3.12/site-packages/airflow/example_dags/example_python_operator.py for tasks to queue
[2025-01-01T10:36:28.513+0000] {logging_mixin.py:190} INFO - [2025-01-01T10:36:28.511+0000] {dagbag.py:588} INFO - Filling up the DagBag from /home/airflow/.local/lib/python3.12/site-packages/airflow/example_dags/example_python_operator.py
[2025-01-01T10:36:28.597+0000] {processor.py:925} INFO - DAG(s) 'example_python_operator' retrieved from /home/airflow/.local/lib/python3.12/site-packages/airflow/example_dags/example_python_operator.py
[2025-01-01T10:36:28.755+0000] {logging_mixin.py:190} INFO - [2025-01-01T10:36:28.753+0000] {dag.py:3239} INFO - Sync 1 DAGs
[2025-01-01T10:36:28.956+0000] {logging_mixin.py:190} INFO - [2025-01-01T10:36:28.954+0000] {dag.py:4180} INFO - Setting next_dagrun for example_python_operator to None, run_after=None
[2025-01-01T10:36:29.060+0000] {processor.py:208} INFO - Processing /home/airflow/.local/lib/python3.12/site-packages/airflow/example_dags/example_python_operator.py took 0.607 seconds
[2025-01-01T10:36:59.601+0000] {processor.py:186} INFO - Started process (PID=2849) to work on /home/airflow/.local/lib/python3.12/site-packages/airflow/example_dags/example_python_operator.py
[2025-01-01T10:36:59.602+0000] {processor.py:914} INFO - Processing file /home/airflow/.local/lib/python3.12/site-packages/airflow/example_dags/example_python_operator.py for tasks to queue
[2025-01-01T10:36:59.607+0000] {logging_mixin.py:190} INFO - [2025-01-01T10:36:59.607+0000] {dagbag.py:588} INFO - Filling up the DagBag from /home/airflow/.local/lib/python3.12/site-packages/airflow/example_dags/example_python_operator.py
[2025-01-01T10:36:59.626+0000] {processor.py:925} INFO - DAG(s) 'example_python_operator' retrieved from /home/airflow/.local/lib/python3.12/site-packages/airflow/example_dags/example_python_operator.py
[2025-01-01T10:36:59.661+0000] {logging_mixin.py:190} INFO - [2025-01-01T10:36:59.660+0000] {dag.py:3239} INFO - Sync 1 DAGs
[2025-01-01T10:36:59.683+0000] {logging_mixin.py:190} INFO - [2025-01-01T10:36:59.682+0000] {dag.py:4180} INFO - Setting next_dagrun for example_python_operator to None, run_after=None
[2025-01-01T10:36:59.714+0000] {processor.py:208} INFO - Processing /home/airflow/.local/lib/python3.12/site-packages/airflow/example_dags/example_python_operator.py took 0.122 seconds
[2025-01-01T10:37:29.811+0000] {processor.py:186} INFO - Started process (PID=2912) to work on /home/airflow/.local/lib/python3.12/site-packages/airflow/example_dags/example_python_operator.py
[2025-01-01T10:37:29.814+0000] {processor.py:914} INFO - Processing file /home/airflow/.local/lib/python3.12/site-packages/airflow/example_dags/example_python_operator.py for tasks to queue
[2025-01-01T10:37:29.820+0000] {logging_mixin.py:190} INFO - [2025-01-01T10:37:29.819+0000] {dagbag.py:588} INFO - Filling up the DagBag from /home/airflow/.local/lib/python3.12/site-packages/airflow/example_dags/example_python_operator.py
[2025-01-01T10:37:29.851+0000] {processor.py:925} INFO - DAG(s) 'example_python_operator' retrieved from /home/airflow/.local/lib/python3.12/site-packages/airflow/example_dags/example_python_operator.py
[2025-01-01T10:37:29.895+0000] {logging_mixin.py:190} INFO - [2025-01-01T10:37:29.895+0000] {dag.py:3239} INFO - Sync 1 DAGs
[2025-01-01T10:37:29.929+0000] {logging_mixin.py:190} INFO - [2025-01-01T10:37:29.929+0000] {dag.py:4180} INFO - Setting next_dagrun for example_python_operator to None, run_after=None
[2025-01-01T10:37:29.978+0000] {processor.py:208} INFO - Processing /home/airflow/.local/lib/python3.12/site-packages/airflow/example_dags/example_python_operator.py took 0.181 seconds
[2025-01-01T10:38:00.652+0000] {processor.py:186} INFO - Started process (PID=2975) to work on /home/airflow/.local/lib/python3.12/site-packages/airflow/example_dags/example_python_operator.py
[2025-01-01T10:38:00.654+0000] {processor.py:914} INFO - Processing file /home/airflow/.local/lib/python3.12/site-packages/airflow/example_dags/example_python_operator.py for tasks to queue
[2025-01-01T10:38:00.657+0000] {logging_mixin.py:190} INFO - [2025-01-01T10:38:00.656+0000] {dagbag.py:588} INFO - Filling up the DagBag from /home/airflow/.local/lib/python3.12/site-packages/airflow/example_dags/example_python_operator.py
[2025-01-01T10:38:00.669+0000] {processor.py:925} INFO - DAG(s) 'example_python_operator' retrieved from /home/airflow/.local/lib/python3.12/site-packages/airflow/example_dags/example_python_operator.py
[2025-01-01T10:38:00.698+0000] {logging_mixin.py:190} INFO - [2025-01-01T10:38:00.698+0000] {dag.py:3239} INFO - Sync 1 DAGs
[2025-01-01T10:38:00.712+0000] {logging_mixin.py:190} INFO - [2025-01-01T10:38:00.712+0000] {dag.py:4180} INFO - Setting next_dagrun for example_python_operator to None, run_after=None
[2025-01-01T10:38:00.737+0000] {processor.py:208} INFO - Processing /home/airflow/.local/lib/python3.12/site-packages/airflow/example_dags/example_python_operator.py took 0.093 seconds
[2025-01-01T10:38:31.421+0000] {processor.py:186} INFO - Started process (PID=3037) to work on /home/airflow/.local/lib/python3.12/site-packages/airflow/example_dags/example_python_operator.py
[2025-01-01T10:38:31.422+0000] {processor.py:914} INFO - Processing file /home/airflow/.local/lib/python3.12/site-packages/airflow/example_dags/example_python_operator.py for tasks to queue
[2025-01-01T10:38:31.425+0000] {logging_mixin.py:190} INFO - [2025-01-01T10:38:31.424+0000] {dagbag.py:588} INFO - Filling up the DagBag from /home/airflow/.local/lib/python3.12/site-packages/airflow/example_dags/example_python_operator.py
[2025-01-01T10:38:31.437+0000] {processor.py:925} INFO - DAG(s) 'example_python_operator' retrieved from /home/airflow/.local/lib/python3.12/site-packages/airflow/example_dags/example_python_operator.py
[2025-01-01T10:38:31.458+0000] {logging_mixin.py:190} INFO - [2025-01-01T10:38:31.458+0000] {dag.py:3239} INFO - Sync 1 DAGs
[2025-01-01T10:38:31.648+0000] {logging_mixin.py:190} INFO - [2025-01-01T10:38:31.648+0000] {dag.py:4180} INFO - Setting next_dagrun for example_python_operator to None, run_after=None
[2025-01-01T10:38:31.669+0000] {processor.py:208} INFO - Processing /home/airflow/.local/lib/python3.12/site-packages/airflow/example_dags/example_python_operator.py took 0.253 seconds
[2025-01-01T10:39:01.740+0000] {processor.py:186} INFO - Started process (PID=3100) to work on /home/airflow/.local/lib/python3.12/site-packages/airflow/example_dags/example_python_operator.py
[2025-01-01T10:39:01.742+0000] {processor.py:914} INFO - Processing file /home/airflow/.local/lib/python3.12/site-packages/airflow/example_dags/example_python_operator.py for tasks to queue
[2025-01-01T10:39:01.749+0000] {logging_mixin.py:190} INFO - [2025-01-01T10:39:01.748+0000] {dagbag.py:588} INFO - Filling up the DagBag from /home/airflow/.local/lib/python3.12/site-packages/airflow/example_dags/example_python_operator.py
[2025-01-01T10:39:01.779+0000] {processor.py:925} INFO - DAG(s) 'example_python_operator' retrieved from /home/airflow/.local/lib/python3.12/site-packages/airflow/example_dags/example_python_operator.py
[2025-01-01T10:39:01.822+0000] {logging_mixin.py:190} INFO - [2025-01-01T10:39:01.821+0000] {dag.py:3239} INFO - Sync 1 DAGs
[2025-01-01T10:39:01.856+0000] {logging_mixin.py:190} INFO - [2025-01-01T10:39:01.856+0000] {dag.py:4180} INFO - Setting next_dagrun for example_python_operator to None, run_after=None
[2025-01-01T10:39:01.901+0000] {processor.py:208} INFO - Processing /home/airflow/.local/lib/python3.12/site-packages/airflow/example_dags/example_python_operator.py took 0.174 seconds
[2025-01-01T10:39:43.193+0000] {processor.py:186} INFO - Started process (PID=3168) to work on /home/airflow/.local/lib/python3.12/site-packages/airflow/example_dags/example_python_operator.py
[2025-01-01T10:39:43.203+0000] {processor.py:914} INFO - Processing file /home/airflow/.local/lib/python3.12/site-packages/airflow/example_dags/example_python_operator.py for tasks to queue
[2025-01-01T10:39:43.297+0000] {logging_mixin.py:190} INFO - [2025-01-01T10:39:43.281+0000] {dagbag.py:588} INFO - Filling up the DagBag from /home/airflow/.local/lib/python3.12/site-packages/airflow/example_dags/example_python_operator.py
[2025-01-01T10:39:43.703+0000] {processor.py:925} INFO - DAG(s) 'example_python_operator' retrieved from /home/airflow/.local/lib/python3.12/site-packages/airflow/example_dags/example_python_operator.py
[2025-01-01T10:39:44.091+0000] {logging_mixin.py:190} INFO - [2025-01-01T10:39:44.089+0000] {dag.py:3239} INFO - Sync 1 DAGs
[2025-01-01T10:39:44.285+0000] {logging_mixin.py:190} INFO - [2025-01-01T10:39:44.283+0000] {dag.py:4180} INFO - Setting next_dagrun for example_python_operator to None, run_after=None
[2025-01-01T10:39:44.490+0000] {processor.py:208} INFO - Processing /home/airflow/.local/lib/python3.12/site-packages/airflow/example_dags/example_python_operator.py took 1.507 seconds
[2025-01-01T10:40:23.376+0000] {processor.py:186} INFO - Started process (PID=3224) to work on /home/airflow/.local/lib/python3.12/site-packages/airflow/example_dags/example_python_operator.py
[2025-01-01T10:40:23.380+0000] {processor.py:914} INFO - Processing file /home/airflow/.local/lib/python3.12/site-packages/airflow/example_dags/example_python_operator.py for tasks to queue
[2025-01-01T10:40:23.388+0000] {logging_mixin.py:190} INFO - [2025-01-01T10:40:23.387+0000] {dagbag.py:588} INFO - Filling up the DagBag from /home/airflow/.local/lib/python3.12/site-packages/airflow/example_dags/example_python_operator.py
[2025-01-01T10:40:23.438+0000] {processor.py:925} INFO - DAG(s) 'example_python_operator' retrieved from /home/airflow/.local/lib/python3.12/site-packages/airflow/example_dags/example_python_operator.py
[2025-01-01T10:40:23.520+0000] {logging_mixin.py:190} INFO - [2025-01-01T10:40:23.519+0000] {dag.py:3239} INFO - Sync 1 DAGs
[2025-01-01T10:40:23.579+0000] {logging_mixin.py:190} INFO - [2025-01-01T10:40:23.578+0000] {dag.py:4180} INFO - Setting next_dagrun for example_python_operator to None, run_after=None
[2025-01-01T10:40:23.644+0000] {processor.py:208} INFO - Processing /home/airflow/.local/lib/python3.12/site-packages/airflow/example_dags/example_python_operator.py took 0.289 seconds
[2025-01-01T10:41:01.519+0000] {processor.py:186} INFO - Started process (PID=3288) to work on /home/airflow/.local/lib/python3.12/site-packages/airflow/example_dags/example_python_operator.py
[2025-01-01T10:41:01.533+0000] {processor.py:914} INFO - Processing file /home/airflow/.local/lib/python3.12/site-packages/airflow/example_dags/example_python_operator.py for tasks to queue
[2025-01-01T10:41:01.574+0000] {logging_mixin.py:190} INFO - [2025-01-01T10:41:01.565+0000] {dagbag.py:588} INFO - Filling up the DagBag from /home/airflow/.local/lib/python3.12/site-packages/airflow/example_dags/example_python_operator.py
[2025-01-01T10:41:01.727+0000] {processor.py:925} INFO - DAG(s) 'example_python_operator' retrieved from /home/airflow/.local/lib/python3.12/site-packages/airflow/example_dags/example_python_operator.py
[2025-01-01T10:41:01.978+0000] {logging_mixin.py:190} INFO - [2025-01-01T10:41:01.977+0000] {dag.py:3239} INFO - Sync 1 DAGs
[2025-01-01T10:41:02.113+0000] {logging_mixin.py:190} INFO - [2025-01-01T10:41:02.111+0000] {dag.py:4180} INFO - Setting next_dagrun for example_python_operator to None, run_after=None
[2025-01-01T10:41:02.249+0000] {processor.py:208} INFO - Processing /home/airflow/.local/lib/python3.12/site-packages/airflow/example_dags/example_python_operator.py took 0.803 seconds
[2025-01-01T10:41:32.735+0000] {processor.py:186} INFO - Started process (PID=3351) to work on /home/airflow/.local/lib/python3.12/site-packages/airflow/example_dags/example_python_operator.py
[2025-01-01T10:41:32.736+0000] {processor.py:914} INFO - Processing file /home/airflow/.local/lib/python3.12/site-packages/airflow/example_dags/example_python_operator.py for tasks to queue
[2025-01-01T10:41:32.739+0000] {logging_mixin.py:190} INFO - [2025-01-01T10:41:32.739+0000] {dagbag.py:588} INFO - Filling up the DagBag from /home/airflow/.local/lib/python3.12/site-packages/airflow/example_dags/example_python_operator.py
[2025-01-01T10:41:32.753+0000] {processor.py:925} INFO - DAG(s) 'example_python_operator' retrieved from /home/airflow/.local/lib/python3.12/site-packages/airflow/example_dags/example_python_operator.py
[2025-01-01T10:41:32.778+0000] {logging_mixin.py:190} INFO - [2025-01-01T10:41:32.777+0000] {dag.py:3239} INFO - Sync 1 DAGs
[2025-01-01T10:41:32.793+0000] {logging_mixin.py:190} INFO - [2025-01-01T10:41:32.793+0000] {dag.py:4180} INFO - Setting next_dagrun for example_python_operator to None, run_after=None
[2025-01-01T10:41:32.820+0000] {processor.py:208} INFO - Processing /home/airflow/.local/lib/python3.12/site-packages/airflow/example_dags/example_python_operator.py took 0.092 seconds
[2025-01-01T10:42:03.077+0000] {processor.py:186} INFO - Started process (PID=3414) to work on /home/airflow/.local/lib/python3.12/site-packages/airflow/example_dags/example_python_operator.py
[2025-01-01T10:42:03.078+0000] {processor.py:914} INFO - Processing file /home/airflow/.local/lib/python3.12/site-packages/airflow/example_dags/example_python_operator.py for tasks to queue
[2025-01-01T10:42:03.082+0000] {logging_mixin.py:190} INFO - [2025-01-01T10:42:03.082+0000] {dagbag.py:588} INFO - Filling up the DagBag from /home/airflow/.local/lib/python3.12/site-packages/airflow/example_dags/example_python_operator.py
[2025-01-01T10:42:03.095+0000] {processor.py:925} INFO - DAG(s) 'example_python_operator' retrieved from /home/airflow/.local/lib/python3.12/site-packages/airflow/example_dags/example_python_operator.py
[2025-01-01T10:42:03.122+0000] {logging_mixin.py:190} INFO - [2025-01-01T10:42:03.121+0000] {dag.py:3239} INFO - Sync 1 DAGs
[2025-01-01T10:42:03.137+0000] {logging_mixin.py:190} INFO - [2025-01-01T10:42:03.137+0000] {dag.py:4180} INFO - Setting next_dagrun for example_python_operator to None, run_after=None
[2025-01-01T10:42:03.164+0000] {processor.py:208} INFO - Processing /home/airflow/.local/lib/python3.12/site-packages/airflow/example_dags/example_python_operator.py took 0.094 seconds
[2025-01-01T10:42:33.368+0000] {processor.py:186} INFO - Started process (PID=3478) to work on /home/airflow/.local/lib/python3.12/site-packages/airflow/example_dags/example_python_operator.py
[2025-01-01T10:42:33.370+0000] {processor.py:914} INFO - Processing file /home/airflow/.local/lib/python3.12/site-packages/airflow/example_dags/example_python_operator.py for tasks to queue
[2025-01-01T10:42:33.376+0000] {logging_mixin.py:190} INFO - [2025-01-01T10:42:33.375+0000] {dagbag.py:588} INFO - Filling up the DagBag from /home/airflow/.local/lib/python3.12/site-packages/airflow/example_dags/example_python_operator.py
[2025-01-01T10:42:33.408+0000] {processor.py:925} INFO - DAG(s) 'example_python_operator' retrieved from /home/airflow/.local/lib/python3.12/site-packages/airflow/example_dags/example_python_operator.py
[2025-01-01T10:42:33.461+0000] {logging_mixin.py:190} INFO - [2025-01-01T10:42:33.460+0000] {dag.py:3239} INFO - Sync 1 DAGs
[2025-01-01T10:42:33.496+0000] {logging_mixin.py:190} INFO - [2025-01-01T10:42:33.495+0000] {dag.py:4180} INFO - Setting next_dagrun for example_python_operator to None, run_after=None
[2025-01-01T10:42:33.542+0000] {processor.py:208} INFO - Processing /home/airflow/.local/lib/python3.12/site-packages/airflow/example_dags/example_python_operator.py took 0.189 seconds
[2025-01-01T10:43:04.321+0000] {processor.py:186} INFO - Started process (PID=3541) to work on /home/airflow/.local/lib/python3.12/site-packages/airflow/example_dags/example_python_operator.py
[2025-01-01T10:43:04.325+0000] {processor.py:914} INFO - Processing file /home/airflow/.local/lib/python3.12/site-packages/airflow/example_dags/example_python_operator.py for tasks to queue
[2025-01-01T10:43:04.339+0000] {logging_mixin.py:190} INFO - [2025-01-01T10:43:04.337+0000] {dagbag.py:588} INFO - Filling up the DagBag from /home/airflow/.local/lib/python3.12/site-packages/airflow/example_dags/example_python_operator.py
[2025-01-01T10:43:04.404+0000] {processor.py:925} INFO - DAG(s) 'example_python_operator' retrieved from /home/airflow/.local/lib/python3.12/site-packages/airflow/example_dags/example_python_operator.py
[2025-01-01T10:43:04.500+0000] {logging_mixin.py:190} INFO - [2025-01-01T10:43:04.499+0000] {dag.py:3239} INFO - Sync 1 DAGs
[2025-01-01T10:43:04.567+0000] {logging_mixin.py:190} INFO - [2025-01-01T10:43:04.566+0000] {dag.py:4180} INFO - Setting next_dagrun for example_python_operator to None, run_after=None
[2025-01-01T10:43:04.645+0000] {processor.py:208} INFO - Processing /home/airflow/.local/lib/python3.12/site-packages/airflow/example_dags/example_python_operator.py took 0.357 seconds
[2025-01-01T10:43:35.052+0000] {processor.py:186} INFO - Started process (PID=3604) to work on /home/airflow/.local/lib/python3.12/site-packages/airflow/example_dags/example_python_operator.py
[2025-01-01T10:43:35.055+0000] {processor.py:914} INFO - Processing file /home/airflow/.local/lib/python3.12/site-packages/airflow/example_dags/example_python_operator.py for tasks to queue
[2025-01-01T10:43:35.061+0000] {logging_mixin.py:190} INFO - [2025-01-01T10:43:35.060+0000] {dagbag.py:588} INFO - Filling up the DagBag from /home/airflow/.local/lib/python3.12/site-packages/airflow/example_dags/example_python_operator.py
[2025-01-01T10:43:35.090+0000] {processor.py:925} INFO - DAG(s) 'example_python_operator' retrieved from /home/airflow/.local/lib/python3.12/site-packages/airflow/example_dags/example_python_operator.py
[2025-01-01T10:43:35.140+0000] {logging_mixin.py:190} INFO - [2025-01-01T10:43:35.140+0000] {dag.py:3239} INFO - Sync 1 DAGs
[2025-01-01T10:43:35.176+0000] {logging_mixin.py:190} INFO - [2025-01-01T10:43:35.175+0000] {dag.py:4180} INFO - Setting next_dagrun for example_python_operator to None, run_after=None
[2025-01-01T10:43:35.222+0000] {processor.py:208} INFO - Processing /home/airflow/.local/lib/python3.12/site-packages/airflow/example_dags/example_python_operator.py took 0.185 seconds
[2025-01-01T10:44:05.640+0000] {processor.py:186} INFO - Started process (PID=3666) to work on /home/airflow/.local/lib/python3.12/site-packages/airflow/example_dags/example_python_operator.py
[2025-01-01T10:44:05.642+0000] {processor.py:914} INFO - Processing file /home/airflow/.local/lib/python3.12/site-packages/airflow/example_dags/example_python_operator.py for tasks to queue
[2025-01-01T10:44:05.646+0000] {logging_mixin.py:190} INFO - [2025-01-01T10:44:05.646+0000] {dagbag.py:588} INFO - Filling up the DagBag from /home/airflow/.local/lib/python3.12/site-packages/airflow/example_dags/example_python_operator.py
[2025-01-01T10:44:05.670+0000] {processor.py:925} INFO - DAG(s) 'example_python_operator' retrieved from /home/airflow/.local/lib/python3.12/site-packages/airflow/example_dags/example_python_operator.py
[2025-01-01T10:44:05.712+0000] {logging_mixin.py:190} INFO - [2025-01-01T10:44:05.711+0000] {dag.py:3239} INFO - Sync 1 DAGs
[2025-01-01T10:44:05.744+0000] {logging_mixin.py:190} INFO - [2025-01-01T10:44:05.743+0000] {dag.py:4180} INFO - Setting next_dagrun for example_python_operator to None, run_after=None
[2025-01-01T10:44:05.783+0000] {processor.py:208} INFO - Processing /home/airflow/.local/lib/python3.12/site-packages/airflow/example_dags/example_python_operator.py took 0.154 seconds
[2025-01-01T10:44:36.161+0000] {processor.py:186} INFO - Started process (PID=3729) to work on /home/airflow/.local/lib/python3.12/site-packages/airflow/example_dags/example_python_operator.py
[2025-01-01T10:44:36.163+0000] {processor.py:914} INFO - Processing file /home/airflow/.local/lib/python3.12/site-packages/airflow/example_dags/example_python_operator.py for tasks to queue
[2025-01-01T10:44:36.167+0000] {logging_mixin.py:190} INFO - [2025-01-01T10:44:36.166+0000] {dagbag.py:588} INFO - Filling up the DagBag from /home/airflow/.local/lib/python3.12/site-packages/airflow/example_dags/example_python_operator.py
[2025-01-01T10:44:36.190+0000] {processor.py:925} INFO - DAG(s) 'example_python_operator' retrieved from /home/airflow/.local/lib/python3.12/site-packages/airflow/example_dags/example_python_operator.py
[2025-01-01T10:44:36.230+0000] {logging_mixin.py:190} INFO - [2025-01-01T10:44:36.229+0000] {dag.py:3239} INFO - Sync 1 DAGs
[2025-01-01T10:44:36.254+0000] {logging_mixin.py:190} INFO - [2025-01-01T10:44:36.254+0000] {dag.py:4180} INFO - Setting next_dagrun for example_python_operator to None, run_after=None
[2025-01-01T10:44:36.290+0000] {processor.py:208} INFO - Processing /home/airflow/.local/lib/python3.12/site-packages/airflow/example_dags/example_python_operator.py took 0.140 seconds
[2025-01-01T10:45:06.541+0000] {processor.py:186} INFO - Started process (PID=3792) to work on /home/airflow/.local/lib/python3.12/site-packages/airflow/example_dags/example_python_operator.py
[2025-01-01T10:45:06.545+0000] {processor.py:914} INFO - Processing file /home/airflow/.local/lib/python3.12/site-packages/airflow/example_dags/example_python_operator.py for tasks to queue
[2025-01-01T10:45:06.557+0000] {logging_mixin.py:190} INFO - [2025-01-01T10:45:06.555+0000] {dagbag.py:588} INFO - Filling up the DagBag from /home/airflow/.local/lib/python3.12/site-packages/airflow/example_dags/example_python_operator.py
[2025-01-01T10:45:06.609+0000] {processor.py:925} INFO - DAG(s) 'example_python_operator' retrieved from /home/airflow/.local/lib/python3.12/site-packages/airflow/example_dags/example_python_operator.py
[2025-01-01T10:45:06.690+0000] {logging_mixin.py:190} INFO - [2025-01-01T10:45:06.689+0000] {dag.py:3239} INFO - Sync 1 DAGs
[2025-01-01T10:45:06.722+0000] {logging_mixin.py:190} INFO - [2025-01-01T10:45:06.721+0000] {dag.py:4180} INFO - Setting next_dagrun for example_python_operator to None, run_after=None
[2025-01-01T10:45:06.768+0000] {processor.py:208} INFO - Processing /home/airflow/.local/lib/python3.12/site-packages/airflow/example_dags/example_python_operator.py took 0.248 seconds
[2025-01-01T10:45:38.516+0000] {processor.py:186} INFO - Started process (PID=3858) to work on /home/airflow/.local/lib/python3.12/site-packages/airflow/example_dags/example_python_operator.py
[2025-01-01T10:45:38.520+0000] {processor.py:914} INFO - Processing file /home/airflow/.local/lib/python3.12/site-packages/airflow/example_dags/example_python_operator.py for tasks to queue
[2025-01-01T10:45:38.534+0000] {logging_mixin.py:190} INFO - [2025-01-01T10:45:38.532+0000] {dagbag.py:588} INFO - Filling up the DagBag from /home/airflow/.local/lib/python3.12/site-packages/airflow/example_dags/example_python_operator.py
[2025-01-01T10:45:38.608+0000] {processor.py:925} INFO - DAG(s) 'example_python_operator' retrieved from /home/airflow/.local/lib/python3.12/site-packages/airflow/example_dags/example_python_operator.py
[2025-01-01T10:45:38.754+0000] {logging_mixin.py:190} INFO - [2025-01-01T10:45:38.753+0000] {dag.py:3239} INFO - Sync 1 DAGs
[2025-01-01T10:45:38.825+0000] {logging_mixin.py:190} INFO - [2025-01-01T10:45:38.824+0000] {dag.py:4180} INFO - Setting next_dagrun for example_python_operator to None, run_after=None
[2025-01-01T10:45:38.921+0000] {processor.py:208} INFO - Processing /home/airflow/.local/lib/python3.12/site-packages/airflow/example_dags/example_python_operator.py took 0.442 seconds
[2025-01-01T10:46:09.919+0000] {processor.py:186} INFO - Started process (PID=3921) to work on /home/airflow/.local/lib/python3.12/site-packages/airflow/example_dags/example_python_operator.py
[2025-01-01T10:46:09.921+0000] {processor.py:914} INFO - Processing file /home/airflow/.local/lib/python3.12/site-packages/airflow/example_dags/example_python_operator.py for tasks to queue
[2025-01-01T10:46:09.925+0000] {logging_mixin.py:190} INFO - [2025-01-01T10:46:09.924+0000] {dagbag.py:588} INFO - Filling up the DagBag from /home/airflow/.local/lib/python3.12/site-packages/airflow/example_dags/example_python_operator.py
[2025-01-01T10:46:09.939+0000] {processor.py:925} INFO - DAG(s) 'example_python_operator' retrieved from /home/airflow/.local/lib/python3.12/site-packages/airflow/example_dags/example_python_operator.py
[2025-01-01T10:46:09.965+0000] {logging_mixin.py:190} INFO - [2025-01-01T10:46:09.965+0000] {dag.py:3239} INFO - Sync 1 DAGs
[2025-01-01T10:46:09.980+0000] {logging_mixin.py:190} INFO - [2025-01-01T10:46:09.980+0000] {dag.py:4180} INFO - Setting next_dagrun for example_python_operator to None, run_after=None
[2025-01-01T10:46:10.006+0000] {processor.py:208} INFO - Processing /home/airflow/.local/lib/python3.12/site-packages/airflow/example_dags/example_python_operator.py took 0.093 seconds
[2025-01-01T10:46:40.899+0000] {processor.py:186} INFO - Started process (PID=3984) to work on /home/airflow/.local/lib/python3.12/site-packages/airflow/example_dags/example_python_operator.py
[2025-01-01T10:46:40.901+0000] {processor.py:914} INFO - Processing file /home/airflow/.local/lib/python3.12/site-packages/airflow/example_dags/example_python_operator.py for tasks to queue
[2025-01-01T10:46:40.905+0000] {logging_mixin.py:190} INFO - [2025-01-01T10:46:40.905+0000] {dagbag.py:588} INFO - Filling up the DagBag from /home/airflow/.local/lib/python3.12/site-packages/airflow/example_dags/example_python_operator.py
[2025-01-01T10:46:40.928+0000] {processor.py:925} INFO - DAG(s) 'example_python_operator' retrieved from /home/airflow/.local/lib/python3.12/site-packages/airflow/example_dags/example_python_operator.py
[2025-01-01T10:46:40.964+0000] {logging_mixin.py:190} INFO - [2025-01-01T10:46:40.963+0000] {dag.py:3239} INFO - Sync 1 DAGs
[2025-01-01T10:46:40.988+0000] {logging_mixin.py:190} INFO - [2025-01-01T10:46:40.988+0000] {dag.py:4180} INFO - Setting next_dagrun for example_python_operator to None, run_after=None
[2025-01-01T10:46:41.024+0000] {processor.py:208} INFO - Processing /home/airflow/.local/lib/python3.12/site-packages/airflow/example_dags/example_python_operator.py took 0.136 seconds
[2025-01-01T10:47:12.022+0000] {processor.py:186} INFO - Started process (PID=4047) to work on /home/airflow/.local/lib/python3.12/site-packages/airflow/example_dags/example_python_operator.py
[2025-01-01T10:47:12.025+0000] {processor.py:914} INFO - Processing file /home/airflow/.local/lib/python3.12/site-packages/airflow/example_dags/example_python_operator.py for tasks to queue
[2025-01-01T10:47:12.035+0000] {logging_mixin.py:190} INFO - [2025-01-01T10:47:12.033+0000] {dagbag.py:588} INFO - Filling up the DagBag from /home/airflow/.local/lib/python3.12/site-packages/airflow/example_dags/example_python_operator.py
[2025-01-01T10:47:12.088+0000] {processor.py:925} INFO - DAG(s) 'example_python_operator' retrieved from /home/airflow/.local/lib/python3.12/site-packages/airflow/example_dags/example_python_operator.py
[2025-01-01T10:47:12.171+0000] {logging_mixin.py:190} INFO - [2025-01-01T10:47:12.170+0000] {dag.py:3239} INFO - Sync 1 DAGs
[2025-01-01T10:47:12.223+0000] {logging_mixin.py:190} INFO - [2025-01-01T10:47:12.223+0000] {dag.py:4180} INFO - Setting next_dagrun for example_python_operator to None, run_after=None
[2025-01-01T10:47:12.297+0000] {processor.py:208} INFO - Processing /home/airflow/.local/lib/python3.12/site-packages/airflow/example_dags/example_python_operator.py took 0.300 seconds
[2025-01-01T10:47:42.806+0000] {processor.py:186} INFO - Started process (PID=4110) to work on /home/airflow/.local/lib/python3.12/site-packages/airflow/example_dags/example_python_operator.py
[2025-01-01T10:47:42.835+0000] {processor.py:914} INFO - Processing file /home/airflow/.local/lib/python3.12/site-packages/airflow/example_dags/example_python_operator.py for tasks to queue
[2025-01-01T10:47:42.861+0000] {logging_mixin.py:190} INFO - [2025-01-01T10:47:42.859+0000] {dagbag.py:588} INFO - Filling up the DagBag from /home/airflow/.local/lib/python3.12/site-packages/airflow/example_dags/example_python_operator.py
[2025-01-01T10:47:42.980+0000] {processor.py:925} INFO - DAG(s) 'example_python_operator' retrieved from /home/airflow/.local/lib/python3.12/site-packages/airflow/example_dags/example_python_operator.py
[2025-01-01T10:47:43.192+0000] {logging_mixin.py:190} INFO - [2025-01-01T10:47:43.191+0000] {dag.py:3239} INFO - Sync 1 DAGs
[2025-01-01T10:47:43.352+0000] {logging_mixin.py:190} INFO - [2025-01-01T10:47:43.351+0000] {dag.py:4180} INFO - Setting next_dagrun for example_python_operator to None, run_after=None
[2025-01-01T10:47:43.496+0000] {processor.py:208} INFO - Processing /home/airflow/.local/lib/python3.12/site-packages/airflow/example_dags/example_python_operator.py took 0.765 seconds
[2025-01-01T10:48:13.959+0000] {processor.py:186} INFO - Started process (PID=4173) to work on /home/airflow/.local/lib/python3.12/site-packages/airflow/example_dags/example_python_operator.py
[2025-01-01T10:48:13.960+0000] {processor.py:914} INFO - Processing file /home/airflow/.local/lib/python3.12/site-packages/airflow/example_dags/example_python_operator.py for tasks to queue
[2025-01-01T10:48:13.963+0000] {logging_mixin.py:190} INFO - [2025-01-01T10:48:13.963+0000] {dagbag.py:588} INFO - Filling up the DagBag from /home/airflow/.local/lib/python3.12/site-packages/airflow/example_dags/example_python_operator.py
[2025-01-01T10:48:13.978+0000] {processor.py:925} INFO - DAG(s) 'example_python_operator' retrieved from /home/airflow/.local/lib/python3.12/site-packages/airflow/example_dags/example_python_operator.py
[2025-01-01T10:48:14.006+0000] {logging_mixin.py:190} INFO - [2025-01-01T10:48:14.006+0000] {dag.py:3239} INFO - Sync 1 DAGs
[2025-01-01T10:48:14.022+0000] {logging_mixin.py:190} INFO - [2025-01-01T10:48:14.022+0000] {dag.py:4180} INFO - Setting next_dagrun for example_python_operator to None, run_after=None
[2025-01-01T10:48:14.049+0000] {processor.py:208} INFO - Processing /home/airflow/.local/lib/python3.12/site-packages/airflow/example_dags/example_python_operator.py took 0.097 seconds
[2025-01-01T10:48:44.227+0000] {processor.py:186} INFO - Started process (PID=4236) to work on /home/airflow/.local/lib/python3.12/site-packages/airflow/example_dags/example_python_operator.py
[2025-01-01T10:48:44.230+0000] {processor.py:914} INFO - Processing file /home/airflow/.local/lib/python3.12/site-packages/airflow/example_dags/example_python_operator.py for tasks to queue
[2025-01-01T10:48:44.237+0000] {logging_mixin.py:190} INFO - [2025-01-01T10:48:44.236+0000] {dagbag.py:588} INFO - Filling up the DagBag from /home/airflow/.local/lib/python3.12/site-packages/airflow/example_dags/example_python_operator.py
[2025-01-01T10:48:44.273+0000] {processor.py:925} INFO - DAG(s) 'example_python_operator' retrieved from /home/airflow/.local/lib/python3.12/site-packages/airflow/example_dags/example_python_operator.py
[2025-01-01T10:48:44.331+0000] {logging_mixin.py:190} INFO - [2025-01-01T10:48:44.331+0000] {dag.py:3239} INFO - Sync 1 DAGs
[2025-01-01T10:48:44.377+0000] {logging_mixin.py:190} INFO - [2025-01-01T10:48:44.376+0000] {dag.py:4180} INFO - Setting next_dagrun for example_python_operator to None, run_after=None
[2025-01-01T10:48:44.431+0000] {processor.py:208} INFO - Processing /home/airflow/.local/lib/python3.12/site-packages/airflow/example_dags/example_python_operator.py took 0.227 seconds
[2025-01-01T10:49:14.825+0000] {processor.py:186} INFO - Started process (PID=4298) to work on /home/airflow/.local/lib/python3.12/site-packages/airflow/example_dags/example_python_operator.py
[2025-01-01T10:49:14.826+0000] {processor.py:914} INFO - Processing file /home/airflow/.local/lib/python3.12/site-packages/airflow/example_dags/example_python_operator.py for tasks to queue
[2025-01-01T10:49:14.830+0000] {logging_mixin.py:190} INFO - [2025-01-01T10:49:14.829+0000] {dagbag.py:588} INFO - Filling up the DagBag from /home/airflow/.local/lib/python3.12/site-packages/airflow/example_dags/example_python_operator.py
[2025-01-01T10:49:14.848+0000] {processor.py:925} INFO - DAG(s) 'example_python_operator' retrieved from /home/airflow/.local/lib/python3.12/site-packages/airflow/example_dags/example_python_operator.py
[2025-01-01T10:49:14.881+0000] {logging_mixin.py:190} INFO - [2025-01-01T10:49:14.880+0000] {dag.py:3239} INFO - Sync 1 DAGs
[2025-01-01T10:49:14.902+0000] {logging_mixin.py:190} INFO - [2025-01-01T10:49:14.902+0000] {dag.py:4180} INFO - Setting next_dagrun for example_python_operator to None, run_after=None
[2025-01-01T10:49:14.928+0000] {processor.py:208} INFO - Processing /home/airflow/.local/lib/python3.12/site-packages/airflow/example_dags/example_python_operator.py took 0.111 seconds
[2025-01-01T10:49:45.170+0000] {processor.py:186} INFO - Started process (PID=4359) to work on /home/airflow/.local/lib/python3.12/site-packages/airflow/example_dags/example_python_operator.py
[2025-01-01T10:49:45.174+0000] {processor.py:914} INFO - Processing file /home/airflow/.local/lib/python3.12/site-packages/airflow/example_dags/example_python_operator.py for tasks to queue
[2025-01-01T10:49:45.180+0000] {logging_mixin.py:190} INFO - [2025-01-01T10:49:45.179+0000] {dagbag.py:588} INFO - Filling up the DagBag from /home/airflow/.local/lib/python3.12/site-packages/airflow/example_dags/example_python_operator.py
[2025-01-01T10:49:45.208+0000] {processor.py:925} INFO - DAG(s) 'example_python_operator' retrieved from /home/airflow/.local/lib/python3.12/site-packages/airflow/example_dags/example_python_operator.py
[2025-01-01T10:49:45.256+0000] {logging_mixin.py:190} INFO - [2025-01-01T10:49:45.255+0000] {dag.py:3239} INFO - Sync 1 DAGs
[2025-01-01T10:49:45.289+0000] {logging_mixin.py:190} INFO - [2025-01-01T10:49:45.288+0000] {dag.py:4180} INFO - Setting next_dagrun for example_python_operator to None, run_after=None
[2025-01-01T10:49:45.333+0000] {processor.py:208} INFO - Processing /home/airflow/.local/lib/python3.12/site-packages/airflow/example_dags/example_python_operator.py took 0.181 seconds
[2025-01-01T10:50:19.363+0000] {processor.py:186} INFO - Started process (PID=4423) to work on /home/airflow/.local/lib/python3.12/site-packages/airflow/example_dags/example_python_operator.py
[2025-01-01T10:50:19.368+0000] {processor.py:914} INFO - Processing file /home/airflow/.local/lib/python3.12/site-packages/airflow/example_dags/example_python_operator.py for tasks to queue
[2025-01-01T10:50:19.379+0000] {logging_mixin.py:190} INFO - [2025-01-01T10:50:19.378+0000] {dagbag.py:588} INFO - Filling up the DagBag from /home/airflow/.local/lib/python3.12/site-packages/airflow/example_dags/example_python_operator.py
[2025-01-01T10:50:19.440+0000] {processor.py:925} INFO - DAG(s) 'example_python_operator' retrieved from /home/airflow/.local/lib/python3.12/site-packages/airflow/example_dags/example_python_operator.py
[2025-01-01T10:50:19.533+0000] {logging_mixin.py:190} INFO - [2025-01-01T10:50:19.532+0000] {dag.py:3239} INFO - Sync 1 DAGs
[2025-01-01T10:50:19.596+0000] {logging_mixin.py:190} INFO - [2025-01-01T10:50:19.595+0000] {dag.py:4180} INFO - Setting next_dagrun for example_python_operator to None, run_after=None
[2025-01-01T10:50:19.676+0000] {processor.py:208} INFO - Processing /home/airflow/.local/lib/python3.12/site-packages/airflow/example_dags/example_python_operator.py took 0.340 seconds
[2025-01-01T10:50:50.881+0000] {processor.py:186} INFO - Started process (PID=4485) to work on /home/airflow/.local/lib/python3.12/site-packages/airflow/example_dags/example_python_operator.py
[2025-01-01T10:50:50.897+0000] {processor.py:914} INFO - Processing file /home/airflow/.local/lib/python3.12/site-packages/airflow/example_dags/example_python_operator.py for tasks to queue
[2025-01-01T10:50:50.942+0000] {logging_mixin.py:190} INFO - [2025-01-01T10:50:50.939+0000] {dagbag.py:588} INFO - Filling up the DagBag from /home/airflow/.local/lib/python3.12/site-packages/airflow/example_dags/example_python_operator.py
[2025-01-01T10:50:51.052+0000] {processor.py:925} INFO - DAG(s) 'example_python_operator' retrieved from /home/airflow/.local/lib/python3.12/site-packages/airflow/example_dags/example_python_operator.py
[2025-01-01T10:50:51.222+0000] {logging_mixin.py:190} INFO - [2025-01-01T10:50:51.221+0000] {dag.py:3239} INFO - Sync 1 DAGs
[2025-01-01T10:50:51.329+0000] {logging_mixin.py:190} INFO - [2025-01-01T10:50:51.328+0000] {dag.py:4180} INFO - Setting next_dagrun for example_python_operator to None, run_after=None
[2025-01-01T10:50:51.446+0000] {processor.py:208} INFO - Processing /home/airflow/.local/lib/python3.12/site-packages/airflow/example_dags/example_python_operator.py took 0.666 seconds
[2025-01-01T12:15:41.628+0000] {processor.py:186} INFO - Started process (PID=4547) to work on /home/airflow/.local/lib/python3.12/site-packages/airflow/example_dags/example_python_operator.py
[2025-01-01T12:15:41.629+0000] {processor.py:914} INFO - Processing file /home/airflow/.local/lib/python3.12/site-packages/airflow/example_dags/example_python_operator.py for tasks to queue
[2025-01-01T12:15:41.637+0000] {logging_mixin.py:190} INFO - [2025-01-01T12:15:41.637+0000] {dagbag.py:588} INFO - Filling up the DagBag from /home/airflow/.local/lib/python3.12/site-packages/airflow/example_dags/example_python_operator.py
[2025-01-01T12:15:41.667+0000] {processor.py:925} INFO - DAG(s) 'example_python_operator' retrieved from /home/airflow/.local/lib/python3.12/site-packages/airflow/example_dags/example_python_operator.py
[2025-01-01T12:15:41.721+0000] {logging_mixin.py:190} INFO - [2025-01-01T12:15:41.720+0000] {dag.py:3239} INFO - Sync 1 DAGs
[2025-01-01T12:15:41.768+0000] {logging_mixin.py:190} INFO - [2025-01-01T12:15:41.767+0000] {dag.py:4180} INFO - Setting next_dagrun for example_python_operator to None, run_after=None
[2025-01-01T12:15:41.828+0000] {processor.py:208} INFO - Processing /home/airflow/.local/lib/python3.12/site-packages/airflow/example_dags/example_python_operator.py took 0.217 seconds
[2025-01-01T12:16:11.884+0000] {processor.py:186} INFO - Started process (PID=4610) to work on /home/airflow/.local/lib/python3.12/site-packages/airflow/example_dags/example_python_operator.py
[2025-01-01T12:16:11.886+0000] {processor.py:914} INFO - Processing file /home/airflow/.local/lib/python3.12/site-packages/airflow/example_dags/example_python_operator.py for tasks to queue
[2025-01-01T12:16:11.888+0000] {logging_mixin.py:190} INFO - [2025-01-01T12:16:11.888+0000] {dagbag.py:588} INFO - Filling up the DagBag from /home/airflow/.local/lib/python3.12/site-packages/airflow/example_dags/example_python_operator.py
[2025-01-01T12:16:11.899+0000] {processor.py:925} INFO - DAG(s) 'example_python_operator' retrieved from /home/airflow/.local/lib/python3.12/site-packages/airflow/example_dags/example_python_operator.py
[2025-01-01T12:16:11.917+0000] {logging_mixin.py:190} INFO - [2025-01-01T12:16:11.916+0000] {dag.py:3239} INFO - Sync 1 DAGs
[2025-01-01T12:16:11.928+0000] {logging_mixin.py:190} INFO - [2025-01-01T12:16:11.928+0000] {dag.py:4180} INFO - Setting next_dagrun for example_python_operator to None, run_after=None
[2025-01-01T12:16:11.948+0000] {processor.py:208} INFO - Processing /home/airflow/.local/lib/python3.12/site-packages/airflow/example_dags/example_python_operator.py took 0.069 seconds
[2025-01-01T12:16:42.120+0000] {processor.py:186} INFO - Started process (PID=4673) to work on /home/airflow/.local/lib/python3.12/site-packages/airflow/example_dags/example_python_operator.py
[2025-01-01T12:16:42.121+0000] {processor.py:914} INFO - Processing file /home/airflow/.local/lib/python3.12/site-packages/airflow/example_dags/example_python_operator.py for tasks to queue
[2025-01-01T12:16:42.123+0000] {logging_mixin.py:190} INFO - [2025-01-01T12:16:42.123+0000] {dagbag.py:588} INFO - Filling up the DagBag from /home/airflow/.local/lib/python3.12/site-packages/airflow/example_dags/example_python_operator.py
[2025-01-01T12:16:42.133+0000] {processor.py:925} INFO - DAG(s) 'example_python_operator' retrieved from /home/airflow/.local/lib/python3.12/site-packages/airflow/example_dags/example_python_operator.py
[2025-01-01T12:16:42.153+0000] {logging_mixin.py:190} INFO - [2025-01-01T12:16:42.153+0000] {dag.py:3239} INFO - Sync 1 DAGs
[2025-01-01T12:16:42.165+0000] {logging_mixin.py:190} INFO - [2025-01-01T12:16:42.165+0000] {dag.py:4180} INFO - Setting next_dagrun for example_python_operator to None, run_after=None
[2025-01-01T12:16:42.186+0000] {processor.py:208} INFO - Processing /home/airflow/.local/lib/python3.12/site-packages/airflow/example_dags/example_python_operator.py took 0.071 seconds
