[2025-01-01T10:08:36.170+0000] {processor.py:186} INFO - Started process (PID=215) to work on /home/airflow/.local/lib/python3.12/site-packages/airflow/example_dags/example_task_group_decorator.py
[2025-01-01T10:08:36.183+0000] {processor.py:914} INFO - Processing file /home/airflow/.local/lib/python3.12/site-packages/airflow/example_dags/example_task_group_decorator.py for tasks to queue
[2025-01-01T10:08:36.208+0000] {logging_mixin.py:190} INFO - [2025-01-01T10:08:36.205+0000] {dagbag.py:588} INFO - Filling up the DagBag from /home/airflow/.local/lib/python3.12/site-packages/airflow/example_dags/example_task_group_decorator.py
[2025-01-01T10:08:36.492+0000] {processor.py:925} INFO - DAG(s) 'example_task_group_decorator' retrieved from /home/airflow/.local/lib/python3.12/site-packages/airflow/example_dags/example_task_group_decorator.py
[2025-01-01T10:08:37.951+0000] {logging_mixin.py:190} INFO - [2025-01-01T10:08:37.945+0000] {override.py:1911} INFO - Created Permission View: can edit on DAG:example_task_group_decorator
[2025-01-01T10:08:38.130+0000] {logging_mixin.py:190} INFO - [2025-01-01T10:08:38.124+0000] {override.py:1911} INFO - Created Permission View: can delete on DAG:example_task_group_decorator
[2025-01-01T10:08:38.292+0000] {logging_mixin.py:190} INFO - [2025-01-01T10:08:38.290+0000] {override.py:1911} INFO - Created Permission View: can read on DAG:example_task_group_decorator
[2025-01-01T10:08:38.552+0000] {logging_mixin.py:190} INFO - [2025-01-01T10:08:38.550+0000] {override.py:1911} INFO - Created Permission View: can create on DAG Run:example_task_group_decorator
[2025-01-01T10:08:38.699+0000] {logging_mixin.py:190} INFO - [2025-01-01T10:08:38.697+0000] {override.py:1911} INFO - Created Permission View: menu access on DAG Run:example_task_group_decorator
[2025-01-01T10:08:38.911+0000] {logging_mixin.py:190} INFO - [2025-01-01T10:08:38.909+0000] {override.py:1911} INFO - Created Permission View: can delete on DAG Run:example_task_group_decorator
[2025-01-01T10:08:39.044+0000] {logging_mixin.py:190} INFO - [2025-01-01T10:08:39.042+0000] {override.py:1911} INFO - Created Permission View: can read on DAG Run:example_task_group_decorator
[2025-01-01T10:08:39.053+0000] {logging_mixin.py:190} INFO - [2025-01-01T10:08:39.047+0000] {dag.py:3239} INFO - Sync 1 DAGs
[2025-01-01T10:08:39.246+0000] {logging_mixin.py:190} INFO - [2025-01-01T10:08:39.242+0000] {dag.py:3262} INFO - Creating ORM DAG for example_task_group_decorator
[2025-01-01T10:08:39.251+0000] {logging_mixin.py:190} INFO - [2025-01-01T10:08:39.250+0000] {dag.py:4180} INFO - Setting next_dagrun for example_task_group_decorator to None, run_after=None
[2025-01-01T10:08:39.456+0000] {processor.py:208} INFO - Processing /home/airflow/.local/lib/python3.12/site-packages/airflow/example_dags/example_task_group_decorator.py took 3.343 seconds
[2025-01-01T10:09:59.906+0000] {processor.py:186} INFO - Started process (PID=290) to work on /home/airflow/.local/lib/python3.12/site-packages/airflow/example_dags/example_task_group_decorator.py
[2025-01-01T10:09:59.912+0000] {processor.py:914} INFO - Processing file /home/airflow/.local/lib/python3.12/site-packages/airflow/example_dags/example_task_group_decorator.py for tasks to queue
[2025-01-01T10:09:59.923+0000] {logging_mixin.py:190} INFO - [2025-01-01T10:09:59.922+0000] {dagbag.py:588} INFO - Filling up the DagBag from /home/airflow/.local/lib/python3.12/site-packages/airflow/example_dags/example_task_group_decorator.py
[2025-01-01T10:10:00.043+0000] {processor.py:925} INFO - DAG(s) 'example_task_group_decorator' retrieved from /home/airflow/.local/lib/python3.12/site-packages/airflow/example_dags/example_task_group_decorator.py
[2025-01-01T10:10:00.167+0000] {logging_mixin.py:190} INFO - [2025-01-01T10:10:00.167+0000] {dag.py:3239} INFO - Sync 1 DAGs
[2025-01-01T10:10:00.259+0000] {logging_mixin.py:190} INFO - [2025-01-01T10:10:00.259+0000] {dag.py:4180} INFO - Setting next_dagrun for example_task_group_decorator to None, run_after=None
[2025-01-01T10:10:00.399+0000] {processor.py:208} INFO - Processing /home/airflow/.local/lib/python3.12/site-packages/airflow/example_dags/example_task_group_decorator.py took 0.527 seconds
[2025-01-01T10:14:48.398+0000] {processor.py:186} INFO - Started process (PID=324) to work on /home/airflow/.local/lib/python3.12/site-packages/airflow/example_dags/example_task_group_decorator.py
[2025-01-01T10:14:48.402+0000] {processor.py:914} INFO - Processing file /home/airflow/.local/lib/python3.12/site-packages/airflow/example_dags/example_task_group_decorator.py for tasks to queue
[2025-01-01T10:14:48.407+0000] {logging_mixin.py:190} INFO - [2025-01-01T10:14:48.407+0000] {dagbag.py:588} INFO - Filling up the DagBag from /home/airflow/.local/lib/python3.12/site-packages/airflow/example_dags/example_task_group_decorator.py
[2025-01-01T10:14:48.452+0000] {processor.py:925} INFO - DAG(s) 'example_task_group_decorator' retrieved from /home/airflow/.local/lib/python3.12/site-packages/airflow/example_dags/example_task_group_decorator.py
[2025-01-01T10:14:48.513+0000] {logging_mixin.py:190} INFO - [2025-01-01T10:14:48.512+0000] {dag.py:3239} INFO - Sync 1 DAGs
[2025-01-01T10:14:48.548+0000] {logging_mixin.py:190} INFO - [2025-01-01T10:14:48.546+0000] {dag.py:4180} INFO - Setting next_dagrun for example_task_group_decorator to None, run_after=None
[2025-01-01T10:14:48.589+0000] {processor.py:208} INFO - Processing /home/airflow/.local/lib/python3.12/site-packages/airflow/example_dags/example_task_group_decorator.py took 0.204 seconds
[2025-01-01T10:15:21.463+0000] {processor.py:186} INFO - Started process (PID=387) to work on /home/airflow/.local/lib/python3.12/site-packages/airflow/example_dags/example_task_group_decorator.py
[2025-01-01T10:15:21.465+0000] {processor.py:914} INFO - Processing file /home/airflow/.local/lib/python3.12/site-packages/airflow/example_dags/example_task_group_decorator.py for tasks to queue
[2025-01-01T10:15:21.470+0000] {logging_mixin.py:190} INFO - [2025-01-01T10:15:21.470+0000] {dagbag.py:588} INFO - Filling up the DagBag from /home/airflow/.local/lib/python3.12/site-packages/airflow/example_dags/example_task_group_decorator.py
[2025-01-01T10:15:21.494+0000] {processor.py:925} INFO - DAG(s) 'example_task_group_decorator' retrieved from /home/airflow/.local/lib/python3.12/site-packages/airflow/example_dags/example_task_group_decorator.py
[2025-01-01T10:15:21.533+0000] {logging_mixin.py:190} INFO - [2025-01-01T10:15:21.533+0000] {dag.py:3239} INFO - Sync 1 DAGs
[2025-01-01T10:15:21.553+0000] {logging_mixin.py:190} INFO - [2025-01-01T10:15:21.553+0000] {dag.py:4180} INFO - Setting next_dagrun for example_task_group_decorator to None, run_after=None
[2025-01-01T10:15:21.584+0000] {processor.py:208} INFO - Processing /home/airflow/.local/lib/python3.12/site-packages/airflow/example_dags/example_task_group_decorator.py took 0.132 seconds
[2025-01-01T10:15:53.622+0000] {processor.py:186} INFO - Started process (PID=456) to work on /home/airflow/.local/lib/python3.12/site-packages/airflow/example_dags/example_task_group_decorator.py
[2025-01-01T10:15:53.623+0000] {processor.py:914} INFO - Processing file /home/airflow/.local/lib/python3.12/site-packages/airflow/example_dags/example_task_group_decorator.py for tasks to queue
[2025-01-01T10:15:53.629+0000] {logging_mixin.py:190} INFO - [2025-01-01T10:15:53.628+0000] {dagbag.py:588} INFO - Filling up the DagBag from /home/airflow/.local/lib/python3.12/site-packages/airflow/example_dags/example_task_group_decorator.py
[2025-01-01T10:15:53.659+0000] {processor.py:925} INFO - DAG(s) 'example_task_group_decorator' retrieved from /home/airflow/.local/lib/python3.12/site-packages/airflow/example_dags/example_task_group_decorator.py
[2025-01-01T10:15:53.697+0000] {logging_mixin.py:190} INFO - [2025-01-01T10:15:53.697+0000] {dag.py:3239} INFO - Sync 1 DAGs
[2025-01-01T10:15:53.725+0000] {logging_mixin.py:190} INFO - [2025-01-01T10:15:53.725+0000] {dag.py:4180} INFO - Setting next_dagrun for example_task_group_decorator to None, run_after=None
[2025-01-01T10:15:53.792+0000] {processor.py:208} INFO - Processing /home/airflow/.local/lib/python3.12/site-packages/airflow/example_dags/example_task_group_decorator.py took 0.182 seconds
[2025-01-01T10:16:24.608+0000] {processor.py:186} INFO - Started process (PID=519) to work on /home/airflow/.local/lib/python3.12/site-packages/airflow/example_dags/example_task_group_decorator.py
[2025-01-01T10:16:24.610+0000] {processor.py:914} INFO - Processing file /home/airflow/.local/lib/python3.12/site-packages/airflow/example_dags/example_task_group_decorator.py for tasks to queue
[2025-01-01T10:16:24.614+0000] {logging_mixin.py:190} INFO - [2025-01-01T10:16:24.613+0000] {dagbag.py:588} INFO - Filling up the DagBag from /home/airflow/.local/lib/python3.12/site-packages/airflow/example_dags/example_task_group_decorator.py
[2025-01-01T10:16:24.634+0000] {processor.py:925} INFO - DAG(s) 'example_task_group_decorator' retrieved from /home/airflow/.local/lib/python3.12/site-packages/airflow/example_dags/example_task_group_decorator.py
[2025-01-01T10:16:24.672+0000] {logging_mixin.py:190} INFO - [2025-01-01T10:16:24.671+0000] {dag.py:3239} INFO - Sync 1 DAGs
[2025-01-01T10:16:24.691+0000] {logging_mixin.py:190} INFO - [2025-01-01T10:16:24.690+0000] {dag.py:4180} INFO - Setting next_dagrun for example_task_group_decorator to None, run_after=None
[2025-01-01T10:16:24.727+0000] {processor.py:208} INFO - Processing /home/airflow/.local/lib/python3.12/site-packages/airflow/example_dags/example_task_group_decorator.py took 0.131 seconds
[2025-01-01T10:16:55.448+0000] {processor.py:186} INFO - Started process (PID=582) to work on /home/airflow/.local/lib/python3.12/site-packages/airflow/example_dags/example_task_group_decorator.py
[2025-01-01T10:16:55.450+0000] {processor.py:914} INFO - Processing file /home/airflow/.local/lib/python3.12/site-packages/airflow/example_dags/example_task_group_decorator.py for tasks to queue
[2025-01-01T10:16:55.457+0000] {logging_mixin.py:190} INFO - [2025-01-01T10:16:55.456+0000] {dagbag.py:588} INFO - Filling up the DagBag from /home/airflow/.local/lib/python3.12/site-packages/airflow/example_dags/example_task_group_decorator.py
[2025-01-01T10:16:55.485+0000] {processor.py:925} INFO - DAG(s) 'example_task_group_decorator' retrieved from /home/airflow/.local/lib/python3.12/site-packages/airflow/example_dags/example_task_group_decorator.py
[2025-01-01T10:16:55.526+0000] {logging_mixin.py:190} INFO - [2025-01-01T10:16:55.526+0000] {dag.py:3239} INFO - Sync 1 DAGs
[2025-01-01T10:16:55.546+0000] {logging_mixin.py:190} INFO - [2025-01-01T10:16:55.546+0000] {dag.py:4180} INFO - Setting next_dagrun for example_task_group_decorator to None, run_after=None
[2025-01-01T10:16:55.571+0000] {processor.py:208} INFO - Processing /home/airflow/.local/lib/python3.12/site-packages/airflow/example_dags/example_task_group_decorator.py took 0.134 seconds
[2025-01-01T10:17:25.928+0000] {processor.py:186} INFO - Started process (PID=644) to work on /home/airflow/.local/lib/python3.12/site-packages/airflow/example_dags/example_task_group_decorator.py
[2025-01-01T10:17:25.930+0000] {processor.py:914} INFO - Processing file /home/airflow/.local/lib/python3.12/site-packages/airflow/example_dags/example_task_group_decorator.py for tasks to queue
[2025-01-01T10:17:25.933+0000] {logging_mixin.py:190} INFO - [2025-01-01T10:17:25.933+0000] {dagbag.py:588} INFO - Filling up the DagBag from /home/airflow/.local/lib/python3.12/site-packages/airflow/example_dags/example_task_group_decorator.py
[2025-01-01T10:17:25.951+0000] {processor.py:925} INFO - DAG(s) 'example_task_group_decorator' retrieved from /home/airflow/.local/lib/python3.12/site-packages/airflow/example_dags/example_task_group_decorator.py
[2025-01-01T10:17:25.984+0000] {logging_mixin.py:190} INFO - [2025-01-01T10:17:25.984+0000] {dag.py:3239} INFO - Sync 1 DAGs
[2025-01-01T10:17:26.002+0000] {logging_mixin.py:190} INFO - [2025-01-01T10:17:26.001+0000] {dag.py:4180} INFO - Setting next_dagrun for example_task_group_decorator to None, run_after=None
[2025-01-01T10:17:26.032+0000] {processor.py:208} INFO - Processing /home/airflow/.local/lib/python3.12/site-packages/airflow/example_dags/example_task_group_decorator.py took 0.111 seconds
[2025-01-01T10:18:04.539+0000] {processor.py:186} INFO - Started process (PID=707) to work on /home/airflow/.local/lib/python3.12/site-packages/airflow/example_dags/example_task_group_decorator.py
[2025-01-01T10:18:04.544+0000] {processor.py:914} INFO - Processing file /home/airflow/.local/lib/python3.12/site-packages/airflow/example_dags/example_task_group_decorator.py for tasks to queue
[2025-01-01T10:18:04.558+0000] {logging_mixin.py:190} INFO - [2025-01-01T10:18:04.556+0000] {dagbag.py:588} INFO - Filling up the DagBag from /home/airflow/.local/lib/python3.12/site-packages/airflow/example_dags/example_task_group_decorator.py
[2025-01-01T10:18:04.772+0000] {processor.py:925} INFO - DAG(s) 'example_task_group_decorator' retrieved from /home/airflow/.local/lib/python3.12/site-packages/airflow/example_dags/example_task_group_decorator.py
[2025-01-01T10:18:04.990+0000] {logging_mixin.py:190} INFO - [2025-01-01T10:18:04.987+0000] {dag.py:3239} INFO - Sync 1 DAGs
[2025-01-01T10:18:05.103+0000] {logging_mixin.py:190} INFO - [2025-01-01T10:18:05.102+0000] {dag.py:4180} INFO - Setting next_dagrun for example_task_group_decorator to None, run_after=None
[2025-01-01T10:18:05.258+0000] {processor.py:208} INFO - Processing /home/airflow/.local/lib/python3.12/site-packages/airflow/example_dags/example_task_group_decorator.py took 0.751 seconds
[2025-01-01T10:18:35.449+0000] {processor.py:186} INFO - Started process (PID=769) to work on /home/airflow/.local/lib/python3.12/site-packages/airflow/example_dags/example_task_group_decorator.py
[2025-01-01T10:18:35.451+0000] {processor.py:914} INFO - Processing file /home/airflow/.local/lib/python3.12/site-packages/airflow/example_dags/example_task_group_decorator.py for tasks to queue
[2025-01-01T10:18:35.455+0000] {logging_mixin.py:190} INFO - [2025-01-01T10:18:35.454+0000] {dagbag.py:588} INFO - Filling up the DagBag from /home/airflow/.local/lib/python3.12/site-packages/airflow/example_dags/example_task_group_decorator.py
[2025-01-01T10:18:35.475+0000] {processor.py:925} INFO - DAG(s) 'example_task_group_decorator' retrieved from /home/airflow/.local/lib/python3.12/site-packages/airflow/example_dags/example_task_group_decorator.py
[2025-01-01T10:18:35.510+0000] {logging_mixin.py:190} INFO - [2025-01-01T10:18:35.510+0000] {dag.py:3239} INFO - Sync 1 DAGs
[2025-01-01T10:18:35.534+0000] {logging_mixin.py:190} INFO - [2025-01-01T10:18:35.534+0000] {dag.py:4180} INFO - Setting next_dagrun for example_task_group_decorator to None, run_after=None
[2025-01-01T10:18:35.563+0000] {processor.py:208} INFO - Processing /home/airflow/.local/lib/python3.12/site-packages/airflow/example_dags/example_task_group_decorator.py took 0.123 seconds
[2025-01-01T10:19:05.847+0000] {processor.py:186} INFO - Started process (PID=831) to work on /home/airflow/.local/lib/python3.12/site-packages/airflow/example_dags/example_task_group_decorator.py
[2025-01-01T10:19:05.852+0000] {processor.py:914} INFO - Processing file /home/airflow/.local/lib/python3.12/site-packages/airflow/example_dags/example_task_group_decorator.py for tasks to queue
[2025-01-01T10:19:05.861+0000] {logging_mixin.py:190} INFO - [2025-01-01T10:19:05.860+0000] {dagbag.py:588} INFO - Filling up the DagBag from /home/airflow/.local/lib/python3.12/site-packages/airflow/example_dags/example_task_group_decorator.py
[2025-01-01T10:19:05.943+0000] {processor.py:925} INFO - DAG(s) 'example_task_group_decorator' retrieved from /home/airflow/.local/lib/python3.12/site-packages/airflow/example_dags/example_task_group_decorator.py
[2025-01-01T10:19:06.051+0000] {logging_mixin.py:190} INFO - [2025-01-01T10:19:06.050+0000] {dag.py:3239} INFO - Sync 1 DAGs
[2025-01-01T10:19:06.117+0000] {logging_mixin.py:190} INFO - [2025-01-01T10:19:06.115+0000] {dag.py:4180} INFO - Setting next_dagrun for example_task_group_decorator to None, run_after=None
[2025-01-01T10:19:06.251+0000] {processor.py:208} INFO - Processing /home/airflow/.local/lib/python3.12/site-packages/airflow/example_dags/example_task_group_decorator.py took 0.429 seconds
[2025-01-01T10:19:40.572+0000] {processor.py:186} INFO - Started process (PID=892) to work on /home/airflow/.local/lib/python3.12/site-packages/airflow/example_dags/example_task_group_decorator.py
[2025-01-01T10:19:40.578+0000] {processor.py:914} INFO - Processing file /home/airflow/.local/lib/python3.12/site-packages/airflow/example_dags/example_task_group_decorator.py for tasks to queue
[2025-01-01T10:19:40.600+0000] {logging_mixin.py:190} INFO - [2025-01-01T10:19:40.598+0000] {dagbag.py:588} INFO - Filling up the DagBag from /home/airflow/.local/lib/python3.12/site-packages/airflow/example_dags/example_task_group_decorator.py
[2025-01-01T10:19:40.702+0000] {processor.py:925} INFO - DAG(s) 'example_task_group_decorator' retrieved from /home/airflow/.local/lib/python3.12/site-packages/airflow/example_dags/example_task_group_decorator.py
[2025-01-01T10:19:40.829+0000] {logging_mixin.py:190} INFO - [2025-01-01T10:19:40.828+0000] {dag.py:3239} INFO - Sync 1 DAGs
[2025-01-01T10:19:40.909+0000] {logging_mixin.py:190} INFO - [2025-01-01T10:19:40.908+0000] {dag.py:4180} INFO - Setting next_dagrun for example_task_group_decorator to None, run_after=None
[2025-01-01T10:19:41.015+0000] {processor.py:208} INFO - Processing /home/airflow/.local/lib/python3.12/site-packages/airflow/example_dags/example_task_group_decorator.py took 0.479 seconds
[2025-01-01T10:20:11.251+0000] {processor.py:186} INFO - Started process (PID=955) to work on /home/airflow/.local/lib/python3.12/site-packages/airflow/example_dags/example_task_group_decorator.py
[2025-01-01T10:20:11.254+0000] {processor.py:914} INFO - Processing file /home/airflow/.local/lib/python3.12/site-packages/airflow/example_dags/example_task_group_decorator.py for tasks to queue
[2025-01-01T10:20:11.260+0000] {logging_mixin.py:190} INFO - [2025-01-01T10:20:11.260+0000] {dagbag.py:588} INFO - Filling up the DagBag from /home/airflow/.local/lib/python3.12/site-packages/airflow/example_dags/example_task_group_decorator.py
[2025-01-01T10:20:11.301+0000] {processor.py:925} INFO - DAG(s) 'example_task_group_decorator' retrieved from /home/airflow/.local/lib/python3.12/site-packages/airflow/example_dags/example_task_group_decorator.py
[2025-01-01T10:20:11.364+0000] {logging_mixin.py:190} INFO - [2025-01-01T10:20:11.364+0000] {dag.py:3239} INFO - Sync 1 DAGs
[2025-01-01T10:20:11.399+0000] {logging_mixin.py:190} INFO - [2025-01-01T10:20:11.399+0000] {dag.py:4180} INFO - Setting next_dagrun for example_task_group_decorator to None, run_after=None
[2025-01-01T10:20:11.449+0000] {processor.py:208} INFO - Processing /home/airflow/.local/lib/python3.12/site-packages/airflow/example_dags/example_task_group_decorator.py took 0.213 seconds
[2025-01-01T10:20:41.777+0000] {processor.py:186} INFO - Started process (PID=1018) to work on /home/airflow/.local/lib/python3.12/site-packages/airflow/example_dags/example_task_group_decorator.py
[2025-01-01T10:20:41.779+0000] {processor.py:914} INFO - Processing file /home/airflow/.local/lib/python3.12/site-packages/airflow/example_dags/example_task_group_decorator.py for tasks to queue
[2025-01-01T10:20:41.785+0000] {logging_mixin.py:190} INFO - [2025-01-01T10:20:41.784+0000] {dagbag.py:588} INFO - Filling up the DagBag from /home/airflow/.local/lib/python3.12/site-packages/airflow/example_dags/example_task_group_decorator.py
[2025-01-01T10:20:41.816+0000] {processor.py:925} INFO - DAG(s) 'example_task_group_decorator' retrieved from /home/airflow/.local/lib/python3.12/site-packages/airflow/example_dags/example_task_group_decorator.py
[2025-01-01T10:20:41.862+0000] {logging_mixin.py:190} INFO - [2025-01-01T10:20:41.862+0000] {dag.py:3239} INFO - Sync 1 DAGs
[2025-01-01T10:20:41.891+0000] {logging_mixin.py:190} INFO - [2025-01-01T10:20:41.890+0000] {dag.py:4180} INFO - Setting next_dagrun for example_task_group_decorator to None, run_after=None
[2025-01-01T10:20:41.926+0000] {processor.py:208} INFO - Processing /home/airflow/.local/lib/python3.12/site-packages/airflow/example_dags/example_task_group_decorator.py took 0.161 seconds
[2025-01-01T10:21:12.876+0000] {processor.py:186} INFO - Started process (PID=1080) to work on /home/airflow/.local/lib/python3.12/site-packages/airflow/example_dags/example_task_group_decorator.py
[2025-01-01T10:21:12.878+0000] {processor.py:914} INFO - Processing file /home/airflow/.local/lib/python3.12/site-packages/airflow/example_dags/example_task_group_decorator.py for tasks to queue
[2025-01-01T10:21:12.881+0000] {logging_mixin.py:190} INFO - [2025-01-01T10:21:12.881+0000] {dagbag.py:588} INFO - Filling up the DagBag from /home/airflow/.local/lib/python3.12/site-packages/airflow/example_dags/example_task_group_decorator.py
[2025-01-01T10:21:12.900+0000] {processor.py:925} INFO - DAG(s) 'example_task_group_decorator' retrieved from /home/airflow/.local/lib/python3.12/site-packages/airflow/example_dags/example_task_group_decorator.py
[2025-01-01T10:21:12.937+0000] {logging_mixin.py:190} INFO - [2025-01-01T10:21:12.937+0000] {dag.py:3239} INFO - Sync 1 DAGs
[2025-01-01T10:21:12.954+0000] {logging_mixin.py:190} INFO - [2025-01-01T10:21:12.954+0000] {dag.py:4180} INFO - Setting next_dagrun for example_task_group_decorator to None, run_after=None
[2025-01-01T10:21:12.985+0000] {processor.py:208} INFO - Processing /home/airflow/.local/lib/python3.12/site-packages/airflow/example_dags/example_task_group_decorator.py took 0.117 seconds
[2025-01-01T10:21:43.233+0000] {processor.py:186} INFO - Started process (PID=1144) to work on /home/airflow/.local/lib/python3.12/site-packages/airflow/example_dags/example_task_group_decorator.py
[2025-01-01T10:21:43.235+0000] {processor.py:914} INFO - Processing file /home/airflow/.local/lib/python3.12/site-packages/airflow/example_dags/example_task_group_decorator.py for tasks to queue
[2025-01-01T10:21:43.239+0000] {logging_mixin.py:190} INFO - [2025-01-01T10:21:43.238+0000] {dagbag.py:588} INFO - Filling up the DagBag from /home/airflow/.local/lib/python3.12/site-packages/airflow/example_dags/example_task_group_decorator.py
[2025-01-01T10:21:43.268+0000] {processor.py:925} INFO - DAG(s) 'example_task_group_decorator' retrieved from /home/airflow/.local/lib/python3.12/site-packages/airflow/example_dags/example_task_group_decorator.py
[2025-01-01T10:21:43.309+0000] {logging_mixin.py:190} INFO - [2025-01-01T10:21:43.308+0000] {dag.py:3239} INFO - Sync 1 DAGs
[2025-01-01T10:21:43.333+0000] {logging_mixin.py:190} INFO - [2025-01-01T10:21:43.333+0000] {dag.py:4180} INFO - Setting next_dagrun for example_task_group_decorator to None, run_after=None
[2025-01-01T10:21:43.364+0000] {processor.py:208} INFO - Processing /home/airflow/.local/lib/python3.12/site-packages/airflow/example_dags/example_task_group_decorator.py took 0.142 seconds
[2025-01-01T10:22:14.087+0000] {processor.py:186} INFO - Started process (PID=1207) to work on /home/airflow/.local/lib/python3.12/site-packages/airflow/example_dags/example_task_group_decorator.py
[2025-01-01T10:22:14.092+0000] {processor.py:914} INFO - Processing file /home/airflow/.local/lib/python3.12/site-packages/airflow/example_dags/example_task_group_decorator.py for tasks to queue
[2025-01-01T10:22:14.098+0000] {logging_mixin.py:190} INFO - [2025-01-01T10:22:14.098+0000] {dagbag.py:588} INFO - Filling up the DagBag from /home/airflow/.local/lib/python3.12/site-packages/airflow/example_dags/example_task_group_decorator.py
[2025-01-01T10:22:14.136+0000] {processor.py:925} INFO - DAG(s) 'example_task_group_decorator' retrieved from /home/airflow/.local/lib/python3.12/site-packages/airflow/example_dags/example_task_group_decorator.py
[2025-01-01T10:22:14.217+0000] {logging_mixin.py:190} INFO - [2025-01-01T10:22:14.216+0000] {dag.py:3239} INFO - Sync 1 DAGs
[2025-01-01T10:22:14.264+0000] {logging_mixin.py:190} INFO - [2025-01-01T10:22:14.263+0000] {dag.py:4180} INFO - Setting next_dagrun for example_task_group_decorator to None, run_after=None
[2025-01-01T10:22:14.319+0000] {processor.py:208} INFO - Processing /home/airflow/.local/lib/python3.12/site-packages/airflow/example_dags/example_task_group_decorator.py took 0.246 seconds
[2025-01-01T10:22:44.418+0000] {processor.py:186} INFO - Started process (PID=1269) to work on /home/airflow/.local/lib/python3.12/site-packages/airflow/example_dags/example_task_group_decorator.py
[2025-01-01T10:22:44.420+0000] {processor.py:914} INFO - Processing file /home/airflow/.local/lib/python3.12/site-packages/airflow/example_dags/example_task_group_decorator.py for tasks to queue
[2025-01-01T10:22:44.423+0000] {logging_mixin.py:190} INFO - [2025-01-01T10:22:44.423+0000] {dagbag.py:588} INFO - Filling up the DagBag from /home/airflow/.local/lib/python3.12/site-packages/airflow/example_dags/example_task_group_decorator.py
[2025-01-01T10:22:44.437+0000] {processor.py:925} INFO - DAG(s) 'example_task_group_decorator' retrieved from /home/airflow/.local/lib/python3.12/site-packages/airflow/example_dags/example_task_group_decorator.py
[2025-01-01T10:22:44.467+0000] {logging_mixin.py:190} INFO - [2025-01-01T10:22:44.466+0000] {dag.py:3239} INFO - Sync 1 DAGs
[2025-01-01T10:22:44.481+0000] {logging_mixin.py:190} INFO - [2025-01-01T10:22:44.481+0000] {dag.py:4180} INFO - Setting next_dagrun for example_task_group_decorator to None, run_after=None
[2025-01-01T10:22:44.510+0000] {processor.py:208} INFO - Processing /home/airflow/.local/lib/python3.12/site-packages/airflow/example_dags/example_task_group_decorator.py took 0.100 seconds
[2025-01-01T10:23:14.830+0000] {processor.py:186} INFO - Started process (PID=1332) to work on /home/airflow/.local/lib/python3.12/site-packages/airflow/example_dags/example_task_group_decorator.py
[2025-01-01T10:23:14.832+0000] {processor.py:914} INFO - Processing file /home/airflow/.local/lib/python3.12/site-packages/airflow/example_dags/example_task_group_decorator.py for tasks to queue
[2025-01-01T10:23:14.836+0000] {logging_mixin.py:190} INFO - [2025-01-01T10:23:14.835+0000] {dagbag.py:588} INFO - Filling up the DagBag from /home/airflow/.local/lib/python3.12/site-packages/airflow/example_dags/example_task_group_decorator.py
[2025-01-01T10:23:14.860+0000] {processor.py:925} INFO - DAG(s) 'example_task_group_decorator' retrieved from /home/airflow/.local/lib/python3.12/site-packages/airflow/example_dags/example_task_group_decorator.py
[2025-01-01T10:23:14.896+0000] {logging_mixin.py:190} INFO - [2025-01-01T10:23:14.896+0000] {dag.py:3239} INFO - Sync 1 DAGs
[2025-01-01T10:23:14.917+0000] {logging_mixin.py:190} INFO - [2025-01-01T10:23:14.917+0000] {dag.py:4180} INFO - Setting next_dagrun for example_task_group_decorator to None, run_after=None
[2025-01-01T10:23:14.950+0000] {processor.py:208} INFO - Processing /home/airflow/.local/lib/python3.12/site-packages/airflow/example_dags/example_task_group_decorator.py took 0.129 seconds
[2025-01-01T10:23:46.723+0000] {processor.py:186} INFO - Started process (PID=1394) to work on /home/airflow/.local/lib/python3.12/site-packages/airflow/example_dags/example_task_group_decorator.py
[2025-01-01T10:23:46.727+0000] {processor.py:914} INFO - Processing file /home/airflow/.local/lib/python3.12/site-packages/airflow/example_dags/example_task_group_decorator.py for tasks to queue
[2025-01-01T10:23:46.739+0000] {logging_mixin.py:190} INFO - [2025-01-01T10:23:46.738+0000] {dagbag.py:588} INFO - Filling up the DagBag from /home/airflow/.local/lib/python3.12/site-packages/airflow/example_dags/example_task_group_decorator.py
[2025-01-01T10:23:46.815+0000] {processor.py:925} INFO - DAG(s) 'example_task_group_decorator' retrieved from /home/airflow/.local/lib/python3.12/site-packages/airflow/example_dags/example_task_group_decorator.py
[2025-01-01T10:23:46.923+0000] {logging_mixin.py:190} INFO - [2025-01-01T10:23:46.922+0000] {dag.py:3239} INFO - Sync 1 DAGs
[2025-01-01T10:23:46.997+0000] {logging_mixin.py:190} INFO - [2025-01-01T10:23:46.996+0000] {dag.py:4180} INFO - Setting next_dagrun for example_task_group_decorator to None, run_after=None
[2025-01-01T10:23:47.086+0000] {processor.py:208} INFO - Processing /home/airflow/.local/lib/python3.12/site-packages/airflow/example_dags/example_task_group_decorator.py took 0.394 seconds
[2025-01-01T10:24:20.407+0000] {processor.py:186} INFO - Started process (PID=1456) to work on /home/airflow/.local/lib/python3.12/site-packages/airflow/example_dags/example_task_group_decorator.py
[2025-01-01T10:24:20.411+0000] {processor.py:914} INFO - Processing file /home/airflow/.local/lib/python3.12/site-packages/airflow/example_dags/example_task_group_decorator.py for tasks to queue
[2025-01-01T10:24:20.418+0000] {logging_mixin.py:190} INFO - [2025-01-01T10:24:20.417+0000] {dagbag.py:588} INFO - Filling up the DagBag from /home/airflow/.local/lib/python3.12/site-packages/airflow/example_dags/example_task_group_decorator.py
[2025-01-01T10:24:20.462+0000] {processor.py:925} INFO - DAG(s) 'example_task_group_decorator' retrieved from /home/airflow/.local/lib/python3.12/site-packages/airflow/example_dags/example_task_group_decorator.py
[2025-01-01T10:24:20.533+0000] {logging_mixin.py:190} INFO - [2025-01-01T10:24:20.532+0000] {dag.py:3239} INFO - Sync 1 DAGs
[2025-01-01T10:24:20.577+0000] {logging_mixin.py:190} INFO - [2025-01-01T10:24:20.576+0000] {dag.py:4180} INFO - Setting next_dagrun for example_task_group_decorator to None, run_after=None
[2025-01-01T10:24:20.635+0000] {processor.py:208} INFO - Processing /home/airflow/.local/lib/python3.12/site-packages/airflow/example_dags/example_task_group_decorator.py took 0.248 seconds
[2025-01-01T10:25:07.821+0000] {processor.py:186} INFO - Started process (PID=1512) to work on /home/airflow/.local/lib/python3.12/site-packages/airflow/example_dags/example_task_group_decorator.py
[2025-01-01T10:25:07.830+0000] {processor.py:914} INFO - Processing file /home/airflow/.local/lib/python3.12/site-packages/airflow/example_dags/example_task_group_decorator.py for tasks to queue
[2025-01-01T10:25:07.851+0000] {logging_mixin.py:190} INFO - [2025-01-01T10:25:07.849+0000] {dagbag.py:588} INFO - Filling up the DagBag from /home/airflow/.local/lib/python3.12/site-packages/airflow/example_dags/example_task_group_decorator.py
[2025-01-01T10:25:07.955+0000] {processor.py:925} INFO - DAG(s) 'example_task_group_decorator' retrieved from /home/airflow/.local/lib/python3.12/site-packages/airflow/example_dags/example_task_group_decorator.py
[2025-01-01T10:25:08.151+0000] {logging_mixin.py:190} INFO - [2025-01-01T10:25:08.149+0000] {dag.py:3239} INFO - Sync 1 DAGs
[2025-01-01T10:25:08.286+0000] {logging_mixin.py:190} INFO - [2025-01-01T10:25:08.285+0000] {dag.py:4180} INFO - Setting next_dagrun for example_task_group_decorator to None, run_after=None
[2025-01-01T10:25:08.459+0000] {processor.py:208} INFO - Processing /home/airflow/.local/lib/python3.12/site-packages/airflow/example_dags/example_task_group_decorator.py took 0.684 seconds
[2025-01-01T10:25:56.598+0000] {processor.py:186} INFO - Started process (PID=1575) to work on /home/airflow/.local/lib/python3.12/site-packages/airflow/example_dags/example_task_group_decorator.py
[2025-01-01T10:25:56.603+0000] {processor.py:914} INFO - Processing file /home/airflow/.local/lib/python3.12/site-packages/airflow/example_dags/example_task_group_decorator.py for tasks to queue
[2025-01-01T10:25:56.617+0000] {logging_mixin.py:190} INFO - [2025-01-01T10:25:56.615+0000] {dagbag.py:588} INFO - Filling up the DagBag from /home/airflow/.local/lib/python3.12/site-packages/airflow/example_dags/example_task_group_decorator.py
[2025-01-01T10:25:56.723+0000] {processor.py:925} INFO - DAG(s) 'example_task_group_decorator' retrieved from /home/airflow/.local/lib/python3.12/site-packages/airflow/example_dags/example_task_group_decorator.py
[2025-01-01T10:25:56.819+0000] {logging_mixin.py:190} INFO - [2025-01-01T10:25:56.818+0000] {dag.py:3239} INFO - Sync 1 DAGs
[2025-01-01T10:25:56.888+0000] {logging_mixin.py:190} INFO - [2025-01-01T10:25:56.887+0000] {dag.py:4180} INFO - Setting next_dagrun for example_task_group_decorator to None, run_after=None
[2025-01-01T10:25:56.972+0000] {processor.py:208} INFO - Processing /home/airflow/.local/lib/python3.12/site-packages/airflow/example_dags/example_task_group_decorator.py took 0.438 seconds
[2025-01-01T10:26:28.323+0000] {processor.py:186} INFO - Started process (PID=1644) to work on /home/airflow/.local/lib/python3.12/site-packages/airflow/example_dags/example_task_group_decorator.py
[2025-01-01T10:26:28.328+0000] {processor.py:914} INFO - Processing file /home/airflow/.local/lib/python3.12/site-packages/airflow/example_dags/example_task_group_decorator.py for tasks to queue
[2025-01-01T10:26:28.349+0000] {logging_mixin.py:190} INFO - [2025-01-01T10:26:28.347+0000] {dagbag.py:588} INFO - Filling up the DagBag from /home/airflow/.local/lib/python3.12/site-packages/airflow/example_dags/example_task_group_decorator.py
[2025-01-01T10:26:28.509+0000] {processor.py:925} INFO - DAG(s) 'example_task_group_decorator' retrieved from /home/airflow/.local/lib/python3.12/site-packages/airflow/example_dags/example_task_group_decorator.py
[2025-01-01T10:26:28.722+0000] {logging_mixin.py:190} INFO - [2025-01-01T10:26:28.721+0000] {dag.py:3239} INFO - Sync 1 DAGs
[2025-01-01T10:26:28.816+0000] {logging_mixin.py:190} INFO - [2025-01-01T10:26:28.813+0000] {dag.py:4180} INFO - Setting next_dagrun for example_task_group_decorator to None, run_after=None
[2025-01-01T10:26:28.932+0000] {processor.py:208} INFO - Processing /home/airflow/.local/lib/python3.12/site-packages/airflow/example_dags/example_task_group_decorator.py took 0.662 seconds
[2025-01-01T10:26:59.797+0000] {processor.py:186} INFO - Started process (PID=1707) to work on /home/airflow/.local/lib/python3.12/site-packages/airflow/example_dags/example_task_group_decorator.py
[2025-01-01T10:26:59.798+0000] {processor.py:914} INFO - Processing file /home/airflow/.local/lib/python3.12/site-packages/airflow/example_dags/example_task_group_decorator.py for tasks to queue
[2025-01-01T10:26:59.802+0000] {logging_mixin.py:190} INFO - [2025-01-01T10:26:59.802+0000] {dagbag.py:588} INFO - Filling up the DagBag from /home/airflow/.local/lib/python3.12/site-packages/airflow/example_dags/example_task_group_decorator.py
[2025-01-01T10:26:59.824+0000] {processor.py:925} INFO - DAG(s) 'example_task_group_decorator' retrieved from /home/airflow/.local/lib/python3.12/site-packages/airflow/example_dags/example_task_group_decorator.py
[2025-01-01T10:26:59.857+0000] {logging_mixin.py:190} INFO - [2025-01-01T10:26:59.857+0000] {dag.py:3239} INFO - Sync 1 DAGs
[2025-01-01T10:26:59.876+0000] {logging_mixin.py:190} INFO - [2025-01-01T10:26:59.876+0000] {dag.py:4180} INFO - Setting next_dagrun for example_task_group_decorator to None, run_after=None
[2025-01-01T10:26:59.907+0000] {processor.py:208} INFO - Processing /home/airflow/.local/lib/python3.12/site-packages/airflow/example_dags/example_task_group_decorator.py took 0.120 seconds
[2025-01-01T10:27:30.541+0000] {processor.py:186} INFO - Started process (PID=1770) to work on /home/airflow/.local/lib/python3.12/site-packages/airflow/example_dags/example_task_group_decorator.py
[2025-01-01T10:27:30.543+0000] {processor.py:914} INFO - Processing file /home/airflow/.local/lib/python3.12/site-packages/airflow/example_dags/example_task_group_decorator.py for tasks to queue
[2025-01-01T10:27:30.546+0000] {logging_mixin.py:190} INFO - [2025-01-01T10:27:30.546+0000] {dagbag.py:588} INFO - Filling up the DagBag from /home/airflow/.local/lib/python3.12/site-packages/airflow/example_dags/example_task_group_decorator.py
[2025-01-01T10:27:30.566+0000] {processor.py:925} INFO - DAG(s) 'example_task_group_decorator' retrieved from /home/airflow/.local/lib/python3.12/site-packages/airflow/example_dags/example_task_group_decorator.py
[2025-01-01T10:27:30.598+0000] {logging_mixin.py:190} INFO - [2025-01-01T10:27:30.598+0000] {dag.py:3239} INFO - Sync 1 DAGs
[2025-01-01T10:27:30.640+0000] {logging_mixin.py:190} INFO - [2025-01-01T10:27:30.639+0000] {dag.py:4180} INFO - Setting next_dagrun for example_task_group_decorator to None, run_after=None
[2025-01-01T10:27:30.671+0000] {processor.py:208} INFO - Processing /home/airflow/.local/lib/python3.12/site-packages/airflow/example_dags/example_task_group_decorator.py took 0.137 seconds
[2025-01-01T10:28:01.992+0000] {processor.py:186} INFO - Started process (PID=1833) to work on /home/airflow/.local/lib/python3.12/site-packages/airflow/example_dags/example_task_group_decorator.py
[2025-01-01T10:28:01.996+0000] {processor.py:914} INFO - Processing file /home/airflow/.local/lib/python3.12/site-packages/airflow/example_dags/example_task_group_decorator.py for tasks to queue
[2025-01-01T10:28:02.009+0000] {logging_mixin.py:190} INFO - [2025-01-01T10:28:02.007+0000] {dagbag.py:588} INFO - Filling up the DagBag from /home/airflow/.local/lib/python3.12/site-packages/airflow/example_dags/example_task_group_decorator.py
[2025-01-01T10:28:02.081+0000] {processor.py:925} INFO - DAG(s) 'example_task_group_decorator' retrieved from /home/airflow/.local/lib/python3.12/site-packages/airflow/example_dags/example_task_group_decorator.py
[2025-01-01T10:28:02.187+0000] {logging_mixin.py:190} INFO - [2025-01-01T10:28:02.186+0000] {dag.py:3239} INFO - Sync 1 DAGs
[2025-01-01T10:28:02.363+0000] {logging_mixin.py:190} INFO - [2025-01-01T10:28:02.362+0000] {dag.py:4180} INFO - Setting next_dagrun for example_task_group_decorator to None, run_after=None
[2025-01-01T10:28:02.546+0000] {processor.py:208} INFO - Processing /home/airflow/.local/lib/python3.12/site-packages/airflow/example_dags/example_task_group_decorator.py took 0.598 seconds
[2025-01-01T10:28:32.890+0000] {processor.py:186} INFO - Started process (PID=1896) to work on /home/airflow/.local/lib/python3.12/site-packages/airflow/example_dags/example_task_group_decorator.py
[2025-01-01T10:28:32.896+0000] {processor.py:914} INFO - Processing file /home/airflow/.local/lib/python3.12/site-packages/airflow/example_dags/example_task_group_decorator.py for tasks to queue
[2025-01-01T10:28:32.943+0000] {logging_mixin.py:190} INFO - [2025-01-01T10:28:32.923+0000] {dagbag.py:588} INFO - Filling up the DagBag from /home/airflow/.local/lib/python3.12/site-packages/airflow/example_dags/example_task_group_decorator.py
[2025-01-01T10:28:33.115+0000] {processor.py:925} INFO - DAG(s) 'example_task_group_decorator' retrieved from /home/airflow/.local/lib/python3.12/site-packages/airflow/example_dags/example_task_group_decorator.py
[2025-01-01T10:28:33.181+0000] {logging_mixin.py:190} INFO - [2025-01-01T10:28:33.181+0000] {dag.py:3239} INFO - Sync 1 DAGs
[2025-01-01T10:28:33.257+0000] {logging_mixin.py:190} INFO - [2025-01-01T10:28:33.256+0000] {dag.py:4180} INFO - Setting next_dagrun for example_task_group_decorator to None, run_after=None
[2025-01-01T10:28:33.341+0000] {processor.py:208} INFO - Processing /home/airflow/.local/lib/python3.12/site-packages/airflow/example_dags/example_task_group_decorator.py took 0.506 seconds
[2025-01-01T10:29:20.219+0000] {processor.py:186} INFO - Started process (PID=1957) to work on /home/airflow/.local/lib/python3.12/site-packages/airflow/example_dags/example_task_group_decorator.py
[2025-01-01T10:29:20.223+0000] {processor.py:914} INFO - Processing file /home/airflow/.local/lib/python3.12/site-packages/airflow/example_dags/example_task_group_decorator.py for tasks to queue
[2025-01-01T10:29:20.236+0000] {logging_mixin.py:190} INFO - [2025-01-01T10:29:20.234+0000] {dagbag.py:588} INFO - Filling up the DagBag from /home/airflow/.local/lib/python3.12/site-packages/airflow/example_dags/example_task_group_decorator.py
[2025-01-01T10:29:20.324+0000] {processor.py:925} INFO - DAG(s) 'example_task_group_decorator' retrieved from /home/airflow/.local/lib/python3.12/site-packages/airflow/example_dags/example_task_group_decorator.py
[2025-01-01T10:29:20.538+0000] {logging_mixin.py:190} INFO - [2025-01-01T10:29:20.536+0000] {dag.py:3239} INFO - Sync 1 DAGs
[2025-01-01T10:29:20.655+0000] {logging_mixin.py:190} INFO - [2025-01-01T10:29:20.654+0000] {dag.py:4180} INFO - Setting next_dagrun for example_task_group_decorator to None, run_after=None
[2025-01-01T10:29:20.783+0000] {processor.py:208} INFO - Processing /home/airflow/.local/lib/python3.12/site-packages/airflow/example_dags/example_task_group_decorator.py took 0.597 seconds
[2025-01-01T10:29:58.859+0000] {processor.py:186} INFO - Started process (PID=2020) to work on /home/airflow/.local/lib/python3.12/site-packages/airflow/example_dags/example_task_group_decorator.py
[2025-01-01T10:29:58.864+0000] {processor.py:914} INFO - Processing file /home/airflow/.local/lib/python3.12/site-packages/airflow/example_dags/example_task_group_decorator.py for tasks to queue
[2025-01-01T10:29:58.874+0000] {logging_mixin.py:190} INFO - [2025-01-01T10:29:58.873+0000] {dagbag.py:588} INFO - Filling up the DagBag from /home/airflow/.local/lib/python3.12/site-packages/airflow/example_dags/example_task_group_decorator.py
[2025-01-01T10:29:58.956+0000] {processor.py:925} INFO - DAG(s) 'example_task_group_decorator' retrieved from /home/airflow/.local/lib/python3.12/site-packages/airflow/example_dags/example_task_group_decorator.py
[2025-01-01T10:29:59.037+0000] {logging_mixin.py:190} INFO - [2025-01-01T10:29:59.036+0000] {dag.py:3239} INFO - Sync 1 DAGs
[2025-01-01T10:29:59.113+0000] {logging_mixin.py:190} INFO - [2025-01-01T10:29:59.112+0000] {dag.py:4180} INFO - Setting next_dagrun for example_task_group_decorator to None, run_after=None
[2025-01-01T10:29:59.215+0000] {processor.py:208} INFO - Processing /home/airflow/.local/lib/python3.12/site-packages/airflow/example_dags/example_task_group_decorator.py took 0.382 seconds
[2025-01-01T10:30:40.076+0000] {processor.py:186} INFO - Started process (PID=2097) to work on /home/airflow/.local/lib/python3.12/site-packages/airflow/example_dags/example_task_group_decorator.py
[2025-01-01T10:30:40.092+0000] {processor.py:914} INFO - Processing file /home/airflow/.local/lib/python3.12/site-packages/airflow/example_dags/example_task_group_decorator.py for tasks to queue
[2025-01-01T10:30:40.119+0000] {logging_mixin.py:190} INFO - [2025-01-01T10:30:40.116+0000] {dagbag.py:588} INFO - Filling up the DagBag from /home/airflow/.local/lib/python3.12/site-packages/airflow/example_dags/example_task_group_decorator.py
[2025-01-01T10:30:40.299+0000] {processor.py:925} INFO - DAG(s) 'example_task_group_decorator' retrieved from /home/airflow/.local/lib/python3.12/site-packages/airflow/example_dags/example_task_group_decorator.py
[2025-01-01T10:30:40.635+0000] {logging_mixin.py:190} INFO - [2025-01-01T10:30:40.623+0000] {dag.py:3239} INFO - Sync 1 DAGs
[2025-01-01T10:30:40.728+0000] {logging_mixin.py:190} INFO - [2025-01-01T10:30:40.727+0000] {dag.py:4180} INFO - Setting next_dagrun for example_task_group_decorator to None, run_after=None
[2025-01-01T10:30:40.844+0000] {processor.py:208} INFO - Processing /home/airflow/.local/lib/python3.12/site-packages/airflow/example_dags/example_task_group_decorator.py took 0.867 seconds
[2025-01-01T10:31:11.652+0000] {processor.py:186} INFO - Started process (PID=2160) to work on /home/airflow/.local/lib/python3.12/site-packages/airflow/example_dags/example_task_group_decorator.py
[2025-01-01T10:31:11.654+0000] {processor.py:914} INFO - Processing file /home/airflow/.local/lib/python3.12/site-packages/airflow/example_dags/example_task_group_decorator.py for tasks to queue
[2025-01-01T10:31:11.658+0000] {logging_mixin.py:190} INFO - [2025-01-01T10:31:11.657+0000] {dagbag.py:588} INFO - Filling up the DagBag from /home/airflow/.local/lib/python3.12/site-packages/airflow/example_dags/example_task_group_decorator.py
[2025-01-01T10:31:11.676+0000] {processor.py:925} INFO - DAG(s) 'example_task_group_decorator' retrieved from /home/airflow/.local/lib/python3.12/site-packages/airflow/example_dags/example_task_group_decorator.py
[2025-01-01T10:31:11.710+0000] {logging_mixin.py:190} INFO - [2025-01-01T10:31:11.710+0000] {dag.py:3239} INFO - Sync 1 DAGs
[2025-01-01T10:31:11.727+0000] {logging_mixin.py:190} INFO - [2025-01-01T10:31:11.727+0000] {dag.py:4180} INFO - Setting next_dagrun for example_task_group_decorator to None, run_after=None
[2025-01-01T10:31:11.756+0000] {processor.py:208} INFO - Processing /home/airflow/.local/lib/python3.12/site-packages/airflow/example_dags/example_task_group_decorator.py took 0.112 seconds
[2025-01-01T10:31:46.223+0000] {processor.py:186} INFO - Started process (PID=2223) to work on /home/airflow/.local/lib/python3.12/site-packages/airflow/example_dags/example_task_group_decorator.py
[2025-01-01T10:31:46.228+0000] {processor.py:914} INFO - Processing file /home/airflow/.local/lib/python3.12/site-packages/airflow/example_dags/example_task_group_decorator.py for tasks to queue
[2025-01-01T10:31:46.242+0000] {logging_mixin.py:190} INFO - [2025-01-01T10:31:46.240+0000] {dagbag.py:588} INFO - Filling up the DagBag from /home/airflow/.local/lib/python3.12/site-packages/airflow/example_dags/example_task_group_decorator.py
[2025-01-01T10:31:46.332+0000] {processor.py:925} INFO - DAG(s) 'example_task_group_decorator' retrieved from /home/airflow/.local/lib/python3.12/site-packages/airflow/example_dags/example_task_group_decorator.py
[2025-01-01T10:31:46.502+0000] {logging_mixin.py:190} INFO - [2025-01-01T10:31:46.500+0000] {dag.py:3239} INFO - Sync 1 DAGs
[2025-01-01T10:31:46.581+0000] {logging_mixin.py:190} INFO - [2025-01-01T10:31:46.580+0000] {dag.py:4180} INFO - Setting next_dagrun for example_task_group_decorator to None, run_after=None
[2025-01-01T10:31:46.682+0000] {processor.py:208} INFO - Processing /home/airflow/.local/lib/python3.12/site-packages/airflow/example_dags/example_task_group_decorator.py took 0.496 seconds
[2025-01-01T10:32:16.876+0000] {processor.py:186} INFO - Started process (PID=2286) to work on /home/airflow/.local/lib/python3.12/site-packages/airflow/example_dags/example_task_group_decorator.py
[2025-01-01T10:32:16.878+0000] {processor.py:914} INFO - Processing file /home/airflow/.local/lib/python3.12/site-packages/airflow/example_dags/example_task_group_decorator.py for tasks to queue
[2025-01-01T10:32:16.883+0000] {logging_mixin.py:190} INFO - [2025-01-01T10:32:16.883+0000] {dagbag.py:588} INFO - Filling up the DagBag from /home/airflow/.local/lib/python3.12/site-packages/airflow/example_dags/example_task_group_decorator.py
[2025-01-01T10:32:16.912+0000] {processor.py:925} INFO - DAG(s) 'example_task_group_decorator' retrieved from /home/airflow/.local/lib/python3.12/site-packages/airflow/example_dags/example_task_group_decorator.py
[2025-01-01T10:32:16.958+0000] {logging_mixin.py:190} INFO - [2025-01-01T10:32:16.958+0000] {dag.py:3239} INFO - Sync 1 DAGs
[2025-01-01T10:32:16.985+0000] {logging_mixin.py:190} INFO - [2025-01-01T10:32:16.984+0000] {dag.py:4180} INFO - Setting next_dagrun for example_task_group_decorator to None, run_after=None
[2025-01-01T10:32:17.023+0000] {processor.py:208} INFO - Processing /home/airflow/.local/lib/python3.12/site-packages/airflow/example_dags/example_task_group_decorator.py took 0.158 seconds
[2025-01-01T10:32:50.994+0000] {processor.py:186} INFO - Started process (PID=2349) to work on /home/airflow/.local/lib/python3.12/site-packages/airflow/example_dags/example_task_group_decorator.py
[2025-01-01T10:32:50.996+0000] {processor.py:914} INFO - Processing file /home/airflow/.local/lib/python3.12/site-packages/airflow/example_dags/example_task_group_decorator.py for tasks to queue
[2025-01-01T10:32:51.000+0000] {logging_mixin.py:190} INFO - [2025-01-01T10:32:50.999+0000] {dagbag.py:588} INFO - Filling up the DagBag from /home/airflow/.local/lib/python3.12/site-packages/airflow/example_dags/example_task_group_decorator.py
[2025-01-01T10:32:51.033+0000] {processor.py:925} INFO - DAG(s) 'example_task_group_decorator' retrieved from /home/airflow/.local/lib/python3.12/site-packages/airflow/example_dags/example_task_group_decorator.py
[2025-01-01T10:32:51.298+0000] {logging_mixin.py:190} INFO - [2025-01-01T10:32:51.292+0000] {dag.py:3239} INFO - Sync 1 DAGs
[2025-01-01T10:32:51.459+0000] {logging_mixin.py:190} INFO - [2025-01-01T10:32:51.458+0000] {dag.py:4180} INFO - Setting next_dagrun for example_task_group_decorator to None, run_after=None
[2025-01-01T10:32:51.622+0000] {processor.py:208} INFO - Processing /home/airflow/.local/lib/python3.12/site-packages/airflow/example_dags/example_task_group_decorator.py took 0.651 seconds
[2025-01-01T10:33:22.423+0000] {processor.py:186} INFO - Started process (PID=2413) to work on /home/airflow/.local/lib/python3.12/site-packages/airflow/example_dags/example_task_group_decorator.py
[2025-01-01T10:33:22.425+0000] {processor.py:914} INFO - Processing file /home/airflow/.local/lib/python3.12/site-packages/airflow/example_dags/example_task_group_decorator.py for tasks to queue
[2025-01-01T10:33:22.429+0000] {logging_mixin.py:190} INFO - [2025-01-01T10:33:22.428+0000] {dagbag.py:588} INFO - Filling up the DagBag from /home/airflow/.local/lib/python3.12/site-packages/airflow/example_dags/example_task_group_decorator.py
[2025-01-01T10:33:22.452+0000] {processor.py:925} INFO - DAG(s) 'example_task_group_decorator' retrieved from /home/airflow/.local/lib/python3.12/site-packages/airflow/example_dags/example_task_group_decorator.py
[2025-01-01T10:33:22.486+0000] {logging_mixin.py:190} INFO - [2025-01-01T10:33:22.486+0000] {dag.py:3239} INFO - Sync 1 DAGs
[2025-01-01T10:33:22.509+0000] {logging_mixin.py:190} INFO - [2025-01-01T10:33:22.509+0000] {dag.py:4180} INFO - Setting next_dagrun for example_task_group_decorator to None, run_after=None
[2025-01-01T10:33:22.540+0000] {processor.py:208} INFO - Processing /home/airflow/.local/lib/python3.12/site-packages/airflow/example_dags/example_task_group_decorator.py took 0.127 seconds
[2025-01-01T10:33:52.792+0000] {processor.py:186} INFO - Started process (PID=2477) to work on /home/airflow/.local/lib/python3.12/site-packages/airflow/example_dags/example_task_group_decorator.py
[2025-01-01T10:33:52.794+0000] {processor.py:914} INFO - Processing file /home/airflow/.local/lib/python3.12/site-packages/airflow/example_dags/example_task_group_decorator.py for tasks to queue
[2025-01-01T10:33:52.797+0000] {logging_mixin.py:190} INFO - [2025-01-01T10:33:52.796+0000] {dagbag.py:588} INFO - Filling up the DagBag from /home/airflow/.local/lib/python3.12/site-packages/airflow/example_dags/example_task_group_decorator.py
[2025-01-01T10:33:52.821+0000] {processor.py:925} INFO - DAG(s) 'example_task_group_decorator' retrieved from /home/airflow/.local/lib/python3.12/site-packages/airflow/example_dags/example_task_group_decorator.py
[2025-01-01T10:33:52.860+0000] {logging_mixin.py:190} INFO - [2025-01-01T10:33:52.859+0000] {dag.py:3239} INFO - Sync 1 DAGs
[2025-01-01T10:33:52.884+0000] {logging_mixin.py:190} INFO - [2025-01-01T10:33:52.883+0000] {dag.py:4180} INFO - Setting next_dagrun for example_task_group_decorator to None, run_after=None
[2025-01-01T10:33:52.913+0000] {processor.py:208} INFO - Processing /home/airflow/.local/lib/python3.12/site-packages/airflow/example_dags/example_task_group_decorator.py took 0.130 seconds
[2025-01-01T10:34:23.550+0000] {processor.py:186} INFO - Started process (PID=2540) to work on /home/airflow/.local/lib/python3.12/site-packages/airflow/example_dags/example_task_group_decorator.py
[2025-01-01T10:34:23.553+0000] {processor.py:914} INFO - Processing file /home/airflow/.local/lib/python3.12/site-packages/airflow/example_dags/example_task_group_decorator.py for tasks to queue
[2025-01-01T10:34:23.558+0000] {logging_mixin.py:190} INFO - [2025-01-01T10:34:23.558+0000] {dagbag.py:588} INFO - Filling up the DagBag from /home/airflow/.local/lib/python3.12/site-packages/airflow/example_dags/example_task_group_decorator.py
[2025-01-01T10:34:23.585+0000] {processor.py:925} INFO - DAG(s) 'example_task_group_decorator' retrieved from /home/airflow/.local/lib/python3.12/site-packages/airflow/example_dags/example_task_group_decorator.py
[2025-01-01T10:34:23.615+0000] {logging_mixin.py:190} INFO - [2025-01-01T10:34:23.615+0000] {dag.py:3239} INFO - Sync 1 DAGs
[2025-01-01T10:34:23.638+0000] {logging_mixin.py:190} INFO - [2025-01-01T10:34:23.638+0000] {dag.py:4180} INFO - Setting next_dagrun for example_task_group_decorator to None, run_after=None
[2025-01-01T10:34:23.669+0000] {processor.py:208} INFO - Processing /home/airflow/.local/lib/python3.12/site-packages/airflow/example_dags/example_task_group_decorator.py took 0.132 seconds
[2025-01-01T10:34:53.728+0000] {processor.py:186} INFO - Started process (PID=2602) to work on /home/airflow/.local/lib/python3.12/site-packages/airflow/example_dags/example_task_group_decorator.py
[2025-01-01T10:34:53.729+0000] {processor.py:914} INFO - Processing file /home/airflow/.local/lib/python3.12/site-packages/airflow/example_dags/example_task_group_decorator.py for tasks to queue
[2025-01-01T10:34:53.733+0000] {logging_mixin.py:190} INFO - [2025-01-01T10:34:53.732+0000] {dagbag.py:588} INFO - Filling up the DagBag from /home/airflow/.local/lib/python3.12/site-packages/airflow/example_dags/example_task_group_decorator.py
[2025-01-01T10:34:53.779+0000] {processor.py:925} INFO - DAG(s) 'example_task_group_decorator' retrieved from /home/airflow/.local/lib/python3.12/site-packages/airflow/example_dags/example_task_group_decorator.py
[2025-01-01T10:34:53.819+0000] {logging_mixin.py:190} INFO - [2025-01-01T10:34:53.818+0000] {dag.py:3239} INFO - Sync 1 DAGs
[2025-01-01T10:34:53.839+0000] {logging_mixin.py:190} INFO - [2025-01-01T10:34:53.838+0000] {dag.py:4180} INFO - Setting next_dagrun for example_task_group_decorator to None, run_after=None
[2025-01-01T10:34:53.865+0000] {processor.py:208} INFO - Processing /home/airflow/.local/lib/python3.12/site-packages/airflow/example_dags/example_task_group_decorator.py took 0.144 seconds
[2025-01-01T10:35:26.458+0000] {processor.py:186} INFO - Started process (PID=2664) to work on /home/airflow/.local/lib/python3.12/site-packages/airflow/example_dags/example_task_group_decorator.py
[2025-01-01T10:35:26.463+0000] {processor.py:914} INFO - Processing file /home/airflow/.local/lib/python3.12/site-packages/airflow/example_dags/example_task_group_decorator.py for tasks to queue
[2025-01-01T10:35:26.477+0000] {logging_mixin.py:190} INFO - [2025-01-01T10:35:26.473+0000] {dagbag.py:588} INFO - Filling up the DagBag from /home/airflow/.local/lib/python3.12/site-packages/airflow/example_dags/example_task_group_decorator.py
[2025-01-01T10:35:26.568+0000] {processor.py:925} INFO - DAG(s) 'example_task_group_decorator' retrieved from /home/airflow/.local/lib/python3.12/site-packages/airflow/example_dags/example_task_group_decorator.py
[2025-01-01T10:35:26.717+0000] {logging_mixin.py:190} INFO - [2025-01-01T10:35:26.716+0000] {dag.py:3239} INFO - Sync 1 DAGs
[2025-01-01T10:35:26.948+0000] {logging_mixin.py:190} INFO - [2025-01-01T10:35:26.946+0000] {dag.py:4180} INFO - Setting next_dagrun for example_task_group_decorator to None, run_after=None
[2025-01-01T10:35:27.111+0000] {processor.py:208} INFO - Processing /home/airflow/.local/lib/python3.12/site-packages/airflow/example_dags/example_task_group_decorator.py took 0.681 seconds
[2025-01-01T10:35:57.307+0000] {processor.py:186} INFO - Started process (PID=2727) to work on /home/airflow/.local/lib/python3.12/site-packages/airflow/example_dags/example_task_group_decorator.py
[2025-01-01T10:35:57.309+0000] {processor.py:914} INFO - Processing file /home/airflow/.local/lib/python3.12/site-packages/airflow/example_dags/example_task_group_decorator.py for tasks to queue
[2025-01-01T10:35:57.315+0000] {logging_mixin.py:190} INFO - [2025-01-01T10:35:57.314+0000] {dagbag.py:588} INFO - Filling up the DagBag from /home/airflow/.local/lib/python3.12/site-packages/airflow/example_dags/example_task_group_decorator.py
[2025-01-01T10:35:57.351+0000] {processor.py:925} INFO - DAG(s) 'example_task_group_decorator' retrieved from /home/airflow/.local/lib/python3.12/site-packages/airflow/example_dags/example_task_group_decorator.py
[2025-01-01T10:35:57.415+0000] {logging_mixin.py:190} INFO - [2025-01-01T10:35:57.415+0000] {dag.py:3239} INFO - Sync 1 DAGs
[2025-01-01T10:35:57.449+0000] {logging_mixin.py:190} INFO - [2025-01-01T10:35:57.449+0000] {dag.py:4180} INFO - Setting next_dagrun for example_task_group_decorator to None, run_after=None
[2025-01-01T10:35:57.507+0000] {processor.py:208} INFO - Processing /home/airflow/.local/lib/python3.12/site-packages/airflow/example_dags/example_task_group_decorator.py took 0.211 seconds
[2025-01-01T10:36:29.343+0000] {processor.py:186} INFO - Started process (PID=2788) to work on /home/airflow/.local/lib/python3.12/site-packages/airflow/example_dags/example_task_group_decorator.py
[2025-01-01T10:36:29.347+0000] {processor.py:914} INFO - Processing file /home/airflow/.local/lib/python3.12/site-packages/airflow/example_dags/example_task_group_decorator.py for tasks to queue
[2025-01-01T10:36:29.357+0000] {logging_mixin.py:190} INFO - [2025-01-01T10:36:29.356+0000] {dagbag.py:588} INFO - Filling up the DagBag from /home/airflow/.local/lib/python3.12/site-packages/airflow/example_dags/example_task_group_decorator.py
[2025-01-01T10:36:29.441+0000] {processor.py:925} INFO - DAG(s) 'example_task_group_decorator' retrieved from /home/airflow/.local/lib/python3.12/site-packages/airflow/example_dags/example_task_group_decorator.py
[2025-01-01T10:36:29.569+0000] {logging_mixin.py:190} INFO - [2025-01-01T10:36:29.568+0000] {dag.py:3239} INFO - Sync 1 DAGs
[2025-01-01T10:36:29.599+0000] {logging_mixin.py:190} INFO - [2025-01-01T10:36:29.598+0000] {dag.py:4180} INFO - Setting next_dagrun for example_task_group_decorator to None, run_after=None
[2025-01-01T10:36:29.687+0000] {processor.py:208} INFO - Processing /home/airflow/.local/lib/python3.12/site-packages/airflow/example_dags/example_task_group_decorator.py took 0.375 seconds
[2025-01-01T10:36:59.943+0000] {processor.py:186} INFO - Started process (PID=2851) to work on /home/airflow/.local/lib/python3.12/site-packages/airflow/example_dags/example_task_group_decorator.py
[2025-01-01T10:36:59.945+0000] {processor.py:914} INFO - Processing file /home/airflow/.local/lib/python3.12/site-packages/airflow/example_dags/example_task_group_decorator.py for tasks to queue
[2025-01-01T10:36:59.948+0000] {logging_mixin.py:190} INFO - [2025-01-01T10:36:59.948+0000] {dagbag.py:588} INFO - Filling up the DagBag from /home/airflow/.local/lib/python3.12/site-packages/airflow/example_dags/example_task_group_decorator.py
[2025-01-01T10:36:59.971+0000] {processor.py:925} INFO - DAG(s) 'example_task_group_decorator' retrieved from /home/airflow/.local/lib/python3.12/site-packages/airflow/example_dags/example_task_group_decorator.py
[2025-01-01T10:37:00.008+0000] {logging_mixin.py:190} INFO - [2025-01-01T10:37:00.008+0000] {dag.py:3239} INFO - Sync 1 DAGs
[2025-01-01T10:37:00.047+0000] {logging_mixin.py:190} INFO - [2025-01-01T10:37:00.046+0000] {dag.py:4180} INFO - Setting next_dagrun for example_task_group_decorator to None, run_after=None
[2025-01-01T10:37:00.096+0000] {processor.py:208} INFO - Processing /home/airflow/.local/lib/python3.12/site-packages/airflow/example_dags/example_task_group_decorator.py took 0.162 seconds
[2025-01-01T10:37:30.401+0000] {processor.py:186} INFO - Started process (PID=2914) to work on /home/airflow/.local/lib/python3.12/site-packages/airflow/example_dags/example_task_group_decorator.py
[2025-01-01T10:37:30.405+0000] {processor.py:914} INFO - Processing file /home/airflow/.local/lib/python3.12/site-packages/airflow/example_dags/example_task_group_decorator.py for tasks to queue
[2025-01-01T10:37:30.411+0000] {logging_mixin.py:190} INFO - [2025-01-01T10:37:30.410+0000] {dagbag.py:588} INFO - Filling up the DagBag from /home/airflow/.local/lib/python3.12/site-packages/airflow/example_dags/example_task_group_decorator.py
[2025-01-01T10:37:30.454+0000] {processor.py:925} INFO - DAG(s) 'example_task_group_decorator' retrieved from /home/airflow/.local/lib/python3.12/site-packages/airflow/example_dags/example_task_group_decorator.py
[2025-01-01T10:37:30.543+0000] {logging_mixin.py:190} INFO - [2025-01-01T10:37:30.543+0000] {dag.py:3239} INFO - Sync 1 DAGs
[2025-01-01T10:37:30.588+0000] {logging_mixin.py:190} INFO - [2025-01-01T10:37:30.587+0000] {dag.py:4180} INFO - Setting next_dagrun for example_task_group_decorator to None, run_after=None
[2025-01-01T10:37:30.648+0000] {processor.py:208} INFO - Processing /home/airflow/.local/lib/python3.12/site-packages/airflow/example_dags/example_task_group_decorator.py took 0.260 seconds
[2025-01-01T10:38:00.905+0000] {processor.py:186} INFO - Started process (PID=2977) to work on /home/airflow/.local/lib/python3.12/site-packages/airflow/example_dags/example_task_group_decorator.py
[2025-01-01T10:38:00.906+0000] {processor.py:914} INFO - Processing file /home/airflow/.local/lib/python3.12/site-packages/airflow/example_dags/example_task_group_decorator.py for tasks to queue
[2025-01-01T10:38:00.908+0000] {logging_mixin.py:190} INFO - [2025-01-01T10:38:00.908+0000] {dagbag.py:588} INFO - Filling up the DagBag from /home/airflow/.local/lib/python3.12/site-packages/airflow/example_dags/example_task_group_decorator.py
[2025-01-01T10:38:00.921+0000] {processor.py:925} INFO - DAG(s) 'example_task_group_decorator' retrieved from /home/airflow/.local/lib/python3.12/site-packages/airflow/example_dags/example_task_group_decorator.py
[2025-01-01T10:38:00.948+0000] {logging_mixin.py:190} INFO - [2025-01-01T10:38:00.948+0000] {dag.py:3239} INFO - Sync 1 DAGs
[2025-01-01T10:38:00.960+0000] {logging_mixin.py:190} INFO - [2025-01-01T10:38:00.960+0000] {dag.py:4180} INFO - Setting next_dagrun for example_task_group_decorator to None, run_after=None
[2025-01-01T10:38:00.983+0000] {processor.py:208} INFO - Processing /home/airflow/.local/lib/python3.12/site-packages/airflow/example_dags/example_task_group_decorator.py took 0.084 seconds
[2025-01-01T10:38:31.845+0000] {processor.py:186} INFO - Started process (PID=3040) to work on /home/airflow/.local/lib/python3.12/site-packages/airflow/example_dags/example_task_group_decorator.py
[2025-01-01T10:38:31.846+0000] {processor.py:914} INFO - Processing file /home/airflow/.local/lib/python3.12/site-packages/airflow/example_dags/example_task_group_decorator.py for tasks to queue
[2025-01-01T10:38:31.849+0000] {logging_mixin.py:190} INFO - [2025-01-01T10:38:31.849+0000] {dagbag.py:588} INFO - Filling up the DagBag from /home/airflow/.local/lib/python3.12/site-packages/airflow/example_dags/example_task_group_decorator.py
[2025-01-01T10:38:31.867+0000] {processor.py:925} INFO - DAG(s) 'example_task_group_decorator' retrieved from /home/airflow/.local/lib/python3.12/site-packages/airflow/example_dags/example_task_group_decorator.py
[2025-01-01T10:38:31.898+0000] {logging_mixin.py:190} INFO - [2025-01-01T10:38:31.898+0000] {dag.py:3239} INFO - Sync 1 DAGs
[2025-01-01T10:38:31.914+0000] {logging_mixin.py:190} INFO - [2025-01-01T10:38:31.914+0000] {dag.py:4180} INFO - Setting next_dagrun for example_task_group_decorator to None, run_after=None
[2025-01-01T10:38:31.943+0000] {processor.py:208} INFO - Processing /home/airflow/.local/lib/python3.12/site-packages/airflow/example_dags/example_task_group_decorator.py took 0.105 seconds
[2025-01-01T10:39:02.484+0000] {processor.py:186} INFO - Started process (PID=3102) to work on /home/airflow/.local/lib/python3.12/site-packages/airflow/example_dags/example_task_group_decorator.py
[2025-01-01T10:39:02.488+0000] {processor.py:914} INFO - Processing file /home/airflow/.local/lib/python3.12/site-packages/airflow/example_dags/example_task_group_decorator.py for tasks to queue
[2025-01-01T10:39:02.495+0000] {logging_mixin.py:190} INFO - [2025-01-01T10:39:02.494+0000] {dagbag.py:588} INFO - Filling up the DagBag from /home/airflow/.local/lib/python3.12/site-packages/airflow/example_dags/example_task_group_decorator.py
[2025-01-01T10:39:02.541+0000] {processor.py:925} INFO - DAG(s) 'example_task_group_decorator' retrieved from /home/airflow/.local/lib/python3.12/site-packages/airflow/example_dags/example_task_group_decorator.py
[2025-01-01T10:39:02.599+0000] {logging_mixin.py:190} INFO - [2025-01-01T10:39:02.598+0000] {dag.py:3239} INFO - Sync 1 DAGs
[2025-01-01T10:39:02.631+0000] {logging_mixin.py:190} INFO - [2025-01-01T10:39:02.631+0000] {dag.py:4180} INFO - Setting next_dagrun for example_task_group_decorator to None, run_after=None
[2025-01-01T10:39:02.961+0000] {processor.py:208} INFO - Processing /home/airflow/.local/lib/python3.12/site-packages/airflow/example_dags/example_task_group_decorator.py took 0.489 seconds
[2025-01-01T10:39:45.181+0000] {processor.py:186} INFO - Started process (PID=3170) to work on /home/airflow/.local/lib/python3.12/site-packages/airflow/example_dags/example_task_group_decorator.py
[2025-01-01T10:39:45.197+0000] {processor.py:914} INFO - Processing file /home/airflow/.local/lib/python3.12/site-packages/airflow/example_dags/example_task_group_decorator.py for tasks to queue
[2025-01-01T10:39:45.287+0000] {logging_mixin.py:190} INFO - [2025-01-01T10:39:45.284+0000] {dagbag.py:588} INFO - Filling up the DagBag from /home/airflow/.local/lib/python3.12/site-packages/airflow/example_dags/example_task_group_decorator.py
[2025-01-01T10:39:45.692+0000] {processor.py:925} INFO - DAG(s) 'example_task_group_decorator' retrieved from /home/airflow/.local/lib/python3.12/site-packages/airflow/example_dags/example_task_group_decorator.py
[2025-01-01T10:39:45.986+0000] {logging_mixin.py:190} INFO - [2025-01-01T10:39:45.984+0000] {dag.py:3239} INFO - Sync 1 DAGs
[2025-01-01T10:39:47.430+0000] {logging_mixin.py:190} INFO - [2025-01-01T10:39:47.428+0000] {dag.py:4180} INFO - Setting next_dagrun for example_task_group_decorator to None, run_after=None
[2025-01-01T10:39:47.574+0000] {processor.py:208} INFO - Processing /home/airflow/.local/lib/python3.12/site-packages/airflow/example_dags/example_task_group_decorator.py took 2.488 seconds
[2025-01-01T10:40:23.757+0000] {processor.py:186} INFO - Started process (PID=3226) to work on /home/airflow/.local/lib/python3.12/site-packages/airflow/example_dags/example_task_group_decorator.py
[2025-01-01T10:40:23.760+0000] {processor.py:914} INFO - Processing file /home/airflow/.local/lib/python3.12/site-packages/airflow/example_dags/example_task_group_decorator.py for tasks to queue
[2025-01-01T10:40:23.769+0000] {logging_mixin.py:190} INFO - [2025-01-01T10:40:23.767+0000] {dagbag.py:588} INFO - Filling up the DagBag from /home/airflow/.local/lib/python3.12/site-packages/airflow/example_dags/example_task_group_decorator.py
[2025-01-01T10:40:23.825+0000] {processor.py:925} INFO - DAG(s) 'example_task_group_decorator' retrieved from /home/airflow/.local/lib/python3.12/site-packages/airflow/example_dags/example_task_group_decorator.py
[2025-01-01T10:40:23.916+0000] {logging_mixin.py:190} INFO - [2025-01-01T10:40:23.916+0000] {dag.py:3239} INFO - Sync 1 DAGs
[2025-01-01T10:40:23.964+0000] {logging_mixin.py:190} INFO - [2025-01-01T10:40:23.964+0000] {dag.py:4180} INFO - Setting next_dagrun for example_task_group_decorator to None, run_after=None
[2025-01-01T10:40:24.027+0000] {processor.py:208} INFO - Processing /home/airflow/.local/lib/python3.12/site-packages/airflow/example_dags/example_task_group_decorator.py took 0.293 seconds
[2025-01-01T10:41:02.465+0000] {processor.py:186} INFO - Started process (PID=3290) to work on /home/airflow/.local/lib/python3.12/site-packages/airflow/example_dags/example_task_group_decorator.py
[2025-01-01T10:41:02.470+0000] {processor.py:914} INFO - Processing file /home/airflow/.local/lib/python3.12/site-packages/airflow/example_dags/example_task_group_decorator.py for tasks to queue
[2025-01-01T10:41:02.487+0000] {logging_mixin.py:190} INFO - [2025-01-01T10:41:02.482+0000] {dagbag.py:588} INFO - Filling up the DagBag from /home/airflow/.local/lib/python3.12/site-packages/airflow/example_dags/example_task_group_decorator.py
[2025-01-01T10:41:02.629+0000] {processor.py:925} INFO - DAG(s) 'example_task_group_decorator' retrieved from /home/airflow/.local/lib/python3.12/site-packages/airflow/example_dags/example_task_group_decorator.py
[2025-01-01T10:41:02.831+0000] {logging_mixin.py:190} INFO - [2025-01-01T10:41:02.830+0000] {dag.py:3239} INFO - Sync 1 DAGs
[2025-01-01T10:41:02.944+0000] {logging_mixin.py:190} INFO - [2025-01-01T10:41:02.942+0000] {dag.py:4180} INFO - Setting next_dagrun for example_task_group_decorator to None, run_after=None
[2025-01-01T10:41:03.074+0000] {processor.py:208} INFO - Processing /home/airflow/.local/lib/python3.12/site-packages/airflow/example_dags/example_task_group_decorator.py took 0.642 seconds
[2025-01-01T10:41:33.875+0000] {processor.py:186} INFO - Started process (PID=3353) to work on /home/airflow/.local/lib/python3.12/site-packages/airflow/example_dags/example_task_group_decorator.py
[2025-01-01T10:41:33.876+0000] {processor.py:914} INFO - Processing file /home/airflow/.local/lib/python3.12/site-packages/airflow/example_dags/example_task_group_decorator.py for tasks to queue
[2025-01-01T10:41:33.879+0000] {logging_mixin.py:190} INFO - [2025-01-01T10:41:33.879+0000] {dagbag.py:588} INFO - Filling up the DagBag from /home/airflow/.local/lib/python3.12/site-packages/airflow/example_dags/example_task_group_decorator.py
[2025-01-01T10:41:33.894+0000] {processor.py:925} INFO - DAG(s) 'example_task_group_decorator' retrieved from /home/airflow/.local/lib/python3.12/site-packages/airflow/example_dags/example_task_group_decorator.py
[2025-01-01T10:41:33.920+0000] {logging_mixin.py:190} INFO - [2025-01-01T10:41:33.920+0000] {dag.py:3239} INFO - Sync 1 DAGs
[2025-01-01T10:41:33.935+0000] {logging_mixin.py:190} INFO - [2025-01-01T10:41:33.935+0000] {dag.py:4180} INFO - Setting next_dagrun for example_task_group_decorator to None, run_after=None
[2025-01-01T10:41:33.959+0000] {processor.py:208} INFO - Processing /home/airflow/.local/lib/python3.12/site-packages/airflow/example_dags/example_task_group_decorator.py took 0.090 seconds
[2025-01-01T10:42:04.226+0000] {processor.py:186} INFO - Started process (PID=3416) to work on /home/airflow/.local/lib/python3.12/site-packages/airflow/example_dags/example_task_group_decorator.py
[2025-01-01T10:42:04.228+0000] {processor.py:914} INFO - Processing file /home/airflow/.local/lib/python3.12/site-packages/airflow/example_dags/example_task_group_decorator.py for tasks to queue
[2025-01-01T10:42:04.230+0000] {logging_mixin.py:190} INFO - [2025-01-01T10:42:04.230+0000] {dagbag.py:588} INFO - Filling up the DagBag from /home/airflow/.local/lib/python3.12/site-packages/airflow/example_dags/example_task_group_decorator.py
[2025-01-01T10:42:04.246+0000] {processor.py:925} INFO - DAG(s) 'example_task_group_decorator' retrieved from /home/airflow/.local/lib/python3.12/site-packages/airflow/example_dags/example_task_group_decorator.py
[2025-01-01T10:42:04.272+0000] {logging_mixin.py:190} INFO - [2025-01-01T10:42:04.272+0000] {dag.py:3239} INFO - Sync 1 DAGs
[2025-01-01T10:42:04.287+0000] {logging_mixin.py:190} INFO - [2025-01-01T10:42:04.287+0000] {dag.py:4180} INFO - Setting next_dagrun for example_task_group_decorator to None, run_after=None
[2025-01-01T10:42:04.313+0000] {processor.py:208} INFO - Processing /home/airflow/.local/lib/python3.12/site-packages/airflow/example_dags/example_task_group_decorator.py took 0.093 seconds
[2025-01-01T10:42:34.638+0000] {processor.py:186} INFO - Started process (PID=3480) to work on /home/airflow/.local/lib/python3.12/site-packages/airflow/example_dags/example_task_group_decorator.py
[2025-01-01T10:42:34.640+0000] {processor.py:914} INFO - Processing file /home/airflow/.local/lib/python3.12/site-packages/airflow/example_dags/example_task_group_decorator.py for tasks to queue
[2025-01-01T10:42:34.645+0000] {logging_mixin.py:190} INFO - [2025-01-01T10:42:34.645+0000] {dagbag.py:588} INFO - Filling up the DagBag from /home/airflow/.local/lib/python3.12/site-packages/airflow/example_dags/example_task_group_decorator.py
[2025-01-01T10:42:34.674+0000] {processor.py:925} INFO - DAG(s) 'example_task_group_decorator' retrieved from /home/airflow/.local/lib/python3.12/site-packages/airflow/example_dags/example_task_group_decorator.py
[2025-01-01T10:42:34.730+0000] {logging_mixin.py:190} INFO - [2025-01-01T10:42:34.730+0000] {dag.py:3239} INFO - Sync 1 DAGs
[2025-01-01T10:42:34.757+0000] {logging_mixin.py:190} INFO - [2025-01-01T10:42:34.757+0000] {dag.py:4180} INFO - Setting next_dagrun for example_task_group_decorator to None, run_after=None
[2025-01-01T10:42:34.796+0000] {processor.py:208} INFO - Processing /home/airflow/.local/lib/python3.12/site-packages/airflow/example_dags/example_task_group_decorator.py took 0.170 seconds
[2025-01-01T10:43:05.236+0000] {processor.py:186} INFO - Started process (PID=3543) to work on /home/airflow/.local/lib/python3.12/site-packages/airflow/example_dags/example_task_group_decorator.py
[2025-01-01T10:43:05.241+0000] {processor.py:914} INFO - Processing file /home/airflow/.local/lib/python3.12/site-packages/airflow/example_dags/example_task_group_decorator.py for tasks to queue
[2025-01-01T10:43:05.252+0000] {logging_mixin.py:190} INFO - [2025-01-01T10:43:05.251+0000] {dagbag.py:588} INFO - Filling up the DagBag from /home/airflow/.local/lib/python3.12/site-packages/airflow/example_dags/example_task_group_decorator.py
[2025-01-01T10:43:05.324+0000] {processor.py:925} INFO - DAG(s) 'example_task_group_decorator' retrieved from /home/airflow/.local/lib/python3.12/site-packages/airflow/example_dags/example_task_group_decorator.py
[2025-01-01T10:43:05.441+0000] {logging_mixin.py:190} INFO - [2025-01-01T10:43:05.440+0000] {dag.py:3239} INFO - Sync 1 DAGs
[2025-01-01T10:43:05.515+0000] {logging_mixin.py:190} INFO - [2025-01-01T10:43:05.514+0000] {dag.py:4180} INFO - Setting next_dagrun for example_task_group_decorator to None, run_after=None
[2025-01-01T10:43:05.611+0000] {processor.py:208} INFO - Processing /home/airflow/.local/lib/python3.12/site-packages/airflow/example_dags/example_task_group_decorator.py took 0.406 seconds
[2025-01-01T10:43:36.381+0000] {processor.py:186} INFO - Started process (PID=3606) to work on /home/airflow/.local/lib/python3.12/site-packages/airflow/example_dags/example_task_group_decorator.py
[2025-01-01T10:43:36.384+0000] {processor.py:914} INFO - Processing file /home/airflow/.local/lib/python3.12/site-packages/airflow/example_dags/example_task_group_decorator.py for tasks to queue
[2025-01-01T10:43:36.391+0000] {logging_mixin.py:190} INFO - [2025-01-01T10:43:36.389+0000] {dagbag.py:588} INFO - Filling up the DagBag from /home/airflow/.local/lib/python3.12/site-packages/airflow/example_dags/example_task_group_decorator.py
[2025-01-01T10:43:36.466+0000] {processor.py:925} INFO - DAG(s) 'example_task_group_decorator' retrieved from /home/airflow/.local/lib/python3.12/site-packages/airflow/example_dags/example_task_group_decorator.py
[2025-01-01T10:43:36.526+0000] {logging_mixin.py:190} INFO - [2025-01-01T10:43:36.525+0000] {dag.py:3239} INFO - Sync 1 DAGs
[2025-01-01T10:43:36.558+0000] {logging_mixin.py:190} INFO - [2025-01-01T10:43:36.558+0000] {dag.py:4180} INFO - Setting next_dagrun for example_task_group_decorator to None, run_after=None
[2025-01-01T10:43:36.599+0000] {processor.py:208} INFO - Processing /home/airflow/.local/lib/python3.12/site-packages/airflow/example_dags/example_task_group_decorator.py took 0.236 seconds
[2025-01-01T10:44:06.859+0000] {processor.py:186} INFO - Started process (PID=3674) to work on /home/airflow/.local/lib/python3.12/site-packages/airflow/example_dags/example_task_group_decorator.py
[2025-01-01T10:44:06.860+0000] {processor.py:914} INFO - Processing file /home/airflow/.local/lib/python3.12/site-packages/airflow/example_dags/example_task_group_decorator.py for tasks to queue
[2025-01-01T10:44:06.864+0000] {logging_mixin.py:190} INFO - [2025-01-01T10:44:06.863+0000] {dagbag.py:588} INFO - Filling up the DagBag from /home/airflow/.local/lib/python3.12/site-packages/airflow/example_dags/example_task_group_decorator.py
[2025-01-01T10:44:06.885+0000] {processor.py:925} INFO - DAG(s) 'example_task_group_decorator' retrieved from /home/airflow/.local/lib/python3.12/site-packages/airflow/example_dags/example_task_group_decorator.py
[2025-01-01T10:44:06.919+0000] {logging_mixin.py:190} INFO - [2025-01-01T10:44:06.918+0000] {dag.py:3239} INFO - Sync 1 DAGs
[2025-01-01T10:44:06.937+0000] {logging_mixin.py:190} INFO - [2025-01-01T10:44:06.936+0000] {dag.py:4180} INFO - Setting next_dagrun for example_task_group_decorator to None, run_after=None
[2025-01-01T10:44:06.965+0000] {processor.py:208} INFO - Processing /home/airflow/.local/lib/python3.12/site-packages/airflow/example_dags/example_task_group_decorator.py took 0.113 seconds
[2025-01-01T10:44:37.363+0000] {processor.py:186} INFO - Started process (PID=3737) to work on /home/airflow/.local/lib/python3.12/site-packages/airflow/example_dags/example_task_group_decorator.py
[2025-01-01T10:44:37.365+0000] {processor.py:914} INFO - Processing file /home/airflow/.local/lib/python3.12/site-packages/airflow/example_dags/example_task_group_decorator.py for tasks to queue
[2025-01-01T10:44:37.368+0000] {logging_mixin.py:190} INFO - [2025-01-01T10:44:37.367+0000] {dagbag.py:588} INFO - Filling up the DagBag from /home/airflow/.local/lib/python3.12/site-packages/airflow/example_dags/example_task_group_decorator.py
[2025-01-01T10:44:37.387+0000] {processor.py:925} INFO - DAG(s) 'example_task_group_decorator' retrieved from /home/airflow/.local/lib/python3.12/site-packages/airflow/example_dags/example_task_group_decorator.py
[2025-01-01T10:44:37.418+0000] {logging_mixin.py:190} INFO - [2025-01-01T10:44:37.418+0000] {dag.py:3239} INFO - Sync 1 DAGs
[2025-01-01T10:44:37.437+0000] {logging_mixin.py:190} INFO - [2025-01-01T10:44:37.436+0000] {dag.py:4180} INFO - Setting next_dagrun for example_task_group_decorator to None, run_after=None
[2025-01-01T10:44:37.464+0000] {processor.py:208} INFO - Processing /home/airflow/.local/lib/python3.12/site-packages/airflow/example_dags/example_task_group_decorator.py took 0.108 seconds
[2025-01-01T10:45:07.848+0000] {processor.py:186} INFO - Started process (PID=3800) to work on /home/airflow/.local/lib/python3.12/site-packages/airflow/example_dags/example_task_group_decorator.py
[2025-01-01T10:45:07.850+0000] {processor.py:914} INFO - Processing file /home/airflow/.local/lib/python3.12/site-packages/airflow/example_dags/example_task_group_decorator.py for tasks to queue
[2025-01-01T10:45:07.853+0000] {logging_mixin.py:190} INFO - [2025-01-01T10:45:07.852+0000] {dagbag.py:588} INFO - Filling up the DagBag from /home/airflow/.local/lib/python3.12/site-packages/airflow/example_dags/example_task_group_decorator.py
[2025-01-01T10:45:07.872+0000] {processor.py:925} INFO - DAG(s) 'example_task_group_decorator' retrieved from /home/airflow/.local/lib/python3.12/site-packages/airflow/example_dags/example_task_group_decorator.py
[2025-01-01T10:45:07.902+0000] {logging_mixin.py:190} INFO - [2025-01-01T10:45:07.902+0000] {dag.py:3239} INFO - Sync 1 DAGs
[2025-01-01T10:45:07.919+0000] {logging_mixin.py:190} INFO - [2025-01-01T10:45:07.919+0000] {dag.py:4180} INFO - Setting next_dagrun for example_task_group_decorator to None, run_after=None
[2025-01-01T10:45:07.946+0000] {processor.py:208} INFO - Processing /home/airflow/.local/lib/python3.12/site-packages/airflow/example_dags/example_task_group_decorator.py took 0.105 seconds
[2025-01-01T10:45:40.547+0000] {processor.py:186} INFO - Started process (PID=3863) to work on /home/airflow/.local/lib/python3.12/site-packages/airflow/example_dags/example_task_group_decorator.py
[2025-01-01T10:45:40.552+0000] {processor.py:914} INFO - Processing file /home/airflow/.local/lib/python3.12/site-packages/airflow/example_dags/example_task_group_decorator.py for tasks to queue
[2025-01-01T10:45:40.571+0000] {logging_mixin.py:190} INFO - [2025-01-01T10:45:40.569+0000] {dagbag.py:588} INFO - Filling up the DagBag from /home/airflow/.local/lib/python3.12/site-packages/airflow/example_dags/example_task_group_decorator.py
[2025-01-01T10:45:40.733+0000] {processor.py:925} INFO - DAG(s) 'example_task_group_decorator' retrieved from /home/airflow/.local/lib/python3.12/site-packages/airflow/example_dags/example_task_group_decorator.py
[2025-01-01T10:45:40.971+0000] {logging_mixin.py:190} INFO - [2025-01-01T10:45:40.970+0000] {dag.py:3239} INFO - Sync 1 DAGs
[2025-01-01T10:45:41.120+0000] {logging_mixin.py:190} INFO - [2025-01-01T10:45:41.119+0000] {dag.py:4180} INFO - Setting next_dagrun for example_task_group_decorator to None, run_after=None
[2025-01-01T10:45:41.365+0000] {processor.py:208} INFO - Processing /home/airflow/.local/lib/python3.12/site-packages/airflow/example_dags/example_task_group_decorator.py took 0.882 seconds
[2025-01-01T10:46:12.227+0000] {processor.py:186} INFO - Started process (PID=3925) to work on /home/airflow/.local/lib/python3.12/site-packages/airflow/example_dags/example_task_group_decorator.py
[2025-01-01T10:46:12.229+0000] {processor.py:914} INFO - Processing file /home/airflow/.local/lib/python3.12/site-packages/airflow/example_dags/example_task_group_decorator.py for tasks to queue
[2025-01-01T10:46:12.233+0000] {logging_mixin.py:190} INFO - [2025-01-01T10:46:12.232+0000] {dagbag.py:588} INFO - Filling up the DagBag from /home/airflow/.local/lib/python3.12/site-packages/airflow/example_dags/example_task_group_decorator.py
[2025-01-01T10:46:12.254+0000] {processor.py:925} INFO - DAG(s) 'example_task_group_decorator' retrieved from /home/airflow/.local/lib/python3.12/site-packages/airflow/example_dags/example_task_group_decorator.py
[2025-01-01T10:46:12.290+0000] {logging_mixin.py:190} INFO - [2025-01-01T10:46:12.290+0000] {dag.py:3239} INFO - Sync 1 DAGs
[2025-01-01T10:46:12.312+0000] {logging_mixin.py:190} INFO - [2025-01-01T10:46:12.312+0000] {dag.py:4180} INFO - Setting next_dagrun for example_task_group_decorator to None, run_after=None
[2025-01-01T10:46:12.343+0000] {processor.py:208} INFO - Processing /home/airflow/.local/lib/python3.12/site-packages/airflow/example_dags/example_task_group_decorator.py took 0.125 seconds
[2025-01-01T10:46:42.564+0000] {processor.py:186} INFO - Started process (PID=3988) to work on /home/airflow/.local/lib/python3.12/site-packages/airflow/example_dags/example_task_group_decorator.py
[2025-01-01T10:46:42.566+0000] {processor.py:914} INFO - Processing file /home/airflow/.local/lib/python3.12/site-packages/airflow/example_dags/example_task_group_decorator.py for tasks to queue
[2025-01-01T10:46:42.569+0000] {logging_mixin.py:190} INFO - [2025-01-01T10:46:42.568+0000] {dagbag.py:588} INFO - Filling up the DagBag from /home/airflow/.local/lib/python3.12/site-packages/airflow/example_dags/example_task_group_decorator.py
[2025-01-01T10:46:42.586+0000] {processor.py:925} INFO - DAG(s) 'example_task_group_decorator' retrieved from /home/airflow/.local/lib/python3.12/site-packages/airflow/example_dags/example_task_group_decorator.py
[2025-01-01T10:46:42.616+0000] {logging_mixin.py:190} INFO - [2025-01-01T10:46:42.615+0000] {dag.py:3239} INFO - Sync 1 DAGs
[2025-01-01T10:46:42.633+0000] {logging_mixin.py:190} INFO - [2025-01-01T10:46:42.633+0000] {dag.py:4180} INFO - Setting next_dagrun for example_task_group_decorator to None, run_after=None
[2025-01-01T10:46:42.659+0000] {processor.py:208} INFO - Processing /home/airflow/.local/lib/python3.12/site-packages/airflow/example_dags/example_task_group_decorator.py took 0.102 seconds
[2025-01-01T10:47:12.805+0000] {processor.py:186} INFO - Started process (PID=4051) to work on /home/airflow/.local/lib/python3.12/site-packages/airflow/example_dags/example_task_group_decorator.py
[2025-01-01T10:47:12.809+0000] {processor.py:914} INFO - Processing file /home/airflow/.local/lib/python3.12/site-packages/airflow/example_dags/example_task_group_decorator.py for tasks to queue
[2025-01-01T10:47:12.821+0000] {logging_mixin.py:190} INFO - [2025-01-01T10:47:12.819+0000] {dagbag.py:588} INFO - Filling up the DagBag from /home/airflow/.local/lib/python3.12/site-packages/airflow/example_dags/example_task_group_decorator.py
[2025-01-01T10:47:12.883+0000] {processor.py:925} INFO - DAG(s) 'example_task_group_decorator' retrieved from /home/airflow/.local/lib/python3.12/site-packages/airflow/example_dags/example_task_group_decorator.py
[2025-01-01T10:47:12.980+0000] {logging_mixin.py:190} INFO - [2025-01-01T10:47:12.979+0000] {dag.py:3239} INFO - Sync 1 DAGs
[2025-01-01T10:47:13.042+0000] {logging_mixin.py:190} INFO - [2025-01-01T10:47:13.041+0000] {dag.py:4180} INFO - Setting next_dagrun for example_task_group_decorator to None, run_after=None
[2025-01-01T10:47:13.130+0000] {processor.py:208} INFO - Processing /home/airflow/.local/lib/python3.12/site-packages/airflow/example_dags/example_task_group_decorator.py took 0.349 seconds
[2025-01-01T10:47:43.739+0000] {processor.py:186} INFO - Started process (PID=4112) to work on /home/airflow/.local/lib/python3.12/site-packages/airflow/example_dags/example_task_group_decorator.py
[2025-01-01T10:47:43.749+0000] {processor.py:914} INFO - Processing file /home/airflow/.local/lib/python3.12/site-packages/airflow/example_dags/example_task_group_decorator.py for tasks to queue
[2025-01-01T10:47:43.769+0000] {logging_mixin.py:190} INFO - [2025-01-01T10:47:43.764+0000] {dagbag.py:588} INFO - Filling up the DagBag from /home/airflow/.local/lib/python3.12/site-packages/airflow/example_dags/example_task_group_decorator.py
[2025-01-01T10:47:43.916+0000] {processor.py:925} INFO - DAG(s) 'example_task_group_decorator' retrieved from /home/airflow/.local/lib/python3.12/site-packages/airflow/example_dags/example_task_group_decorator.py
[2025-01-01T10:47:44.130+0000] {logging_mixin.py:190} INFO - [2025-01-01T10:47:44.123+0000] {dag.py:3239} INFO - Sync 1 DAGs
[2025-01-01T10:47:44.397+0000] {logging_mixin.py:190} INFO - [2025-01-01T10:47:44.395+0000] {dag.py:4180} INFO - Setting next_dagrun for example_task_group_decorator to None, run_after=None
[2025-01-01T10:47:44.766+0000] {processor.py:208} INFO - Processing /home/airflow/.local/lib/python3.12/site-packages/airflow/example_dags/example_task_group_decorator.py took 1.084 seconds
[2025-01-01T10:48:15.112+0000] {processor.py:186} INFO - Started process (PID=4175) to work on /home/airflow/.local/lib/python3.12/site-packages/airflow/example_dags/example_task_group_decorator.py
[2025-01-01T10:48:15.113+0000] {processor.py:914} INFO - Processing file /home/airflow/.local/lib/python3.12/site-packages/airflow/example_dags/example_task_group_decorator.py for tasks to queue
[2025-01-01T10:48:15.116+0000] {logging_mixin.py:190} INFO - [2025-01-01T10:48:15.116+0000] {dagbag.py:588} INFO - Filling up the DagBag from /home/airflow/.local/lib/python3.12/site-packages/airflow/example_dags/example_task_group_decorator.py
[2025-01-01T10:48:15.132+0000] {processor.py:925} INFO - DAG(s) 'example_task_group_decorator' retrieved from /home/airflow/.local/lib/python3.12/site-packages/airflow/example_dags/example_task_group_decorator.py
[2025-01-01T10:48:15.157+0000] {logging_mixin.py:190} INFO - [2025-01-01T10:48:15.157+0000] {dag.py:3239} INFO - Sync 1 DAGs
[2025-01-01T10:48:15.173+0000] {logging_mixin.py:190} INFO - [2025-01-01T10:48:15.172+0000] {dag.py:4180} INFO - Setting next_dagrun for example_task_group_decorator to None, run_after=None
[2025-01-01T10:48:15.196+0000] {processor.py:208} INFO - Processing /home/airflow/.local/lib/python3.12/site-packages/airflow/example_dags/example_task_group_decorator.py took 0.089 seconds
[2025-01-01T10:48:45.674+0000] {processor.py:186} INFO - Started process (PID=4238) to work on /home/airflow/.local/lib/python3.12/site-packages/airflow/example_dags/example_task_group_decorator.py
[2025-01-01T10:48:45.677+0000] {processor.py:914} INFO - Processing file /home/airflow/.local/lib/python3.12/site-packages/airflow/example_dags/example_task_group_decorator.py for tasks to queue
[2025-01-01T10:48:45.685+0000] {logging_mixin.py:190} INFO - [2025-01-01T10:48:45.683+0000] {dagbag.py:588} INFO - Filling up the DagBag from /home/airflow/.local/lib/python3.12/site-packages/airflow/example_dags/example_task_group_decorator.py
[2025-01-01T10:48:45.727+0000] {processor.py:925} INFO - DAG(s) 'example_task_group_decorator' retrieved from /home/airflow/.local/lib/python3.12/site-packages/airflow/example_dags/example_task_group_decorator.py
[2025-01-01T10:48:45.792+0000] {logging_mixin.py:190} INFO - [2025-01-01T10:48:45.791+0000] {dag.py:3239} INFO - Sync 1 DAGs
[2025-01-01T10:48:45.826+0000] {logging_mixin.py:190} INFO - [2025-01-01T10:48:45.826+0000] {dag.py:4180} INFO - Setting next_dagrun for example_task_group_decorator to None, run_after=None
[2025-01-01T10:48:45.876+0000] {processor.py:208} INFO - Processing /home/airflow/.local/lib/python3.12/site-packages/airflow/example_dags/example_task_group_decorator.py took 0.220 seconds
[2025-01-01T10:49:16.225+0000] {processor.py:186} INFO - Started process (PID=4300) to work on /home/airflow/.local/lib/python3.12/site-packages/airflow/example_dags/example_task_group_decorator.py
[2025-01-01T10:49:16.227+0000] {processor.py:914} INFO - Processing file /home/airflow/.local/lib/python3.12/site-packages/airflow/example_dags/example_task_group_decorator.py for tasks to queue
[2025-01-01T10:49:16.233+0000] {logging_mixin.py:190} INFO - [2025-01-01T10:49:16.232+0000] {dagbag.py:588} INFO - Filling up the DagBag from /home/airflow/.local/lib/python3.12/site-packages/airflow/example_dags/example_task_group_decorator.py
[2025-01-01T10:49:16.301+0000] {processor.py:925} INFO - DAG(s) 'example_task_group_decorator' retrieved from /home/airflow/.local/lib/python3.12/site-packages/airflow/example_dags/example_task_group_decorator.py
[2025-01-01T10:49:16.361+0000] {logging_mixin.py:190} INFO - [2025-01-01T10:49:16.361+0000] {dag.py:3239} INFO - Sync 1 DAGs
[2025-01-01T10:49:16.415+0000] {logging_mixin.py:190} INFO - [2025-01-01T10:49:16.415+0000] {dag.py:4180} INFO - Setting next_dagrun for example_task_group_decorator to None, run_after=None
[2025-01-01T10:49:16.455+0000] {processor.py:208} INFO - Processing /home/airflow/.local/lib/python3.12/site-packages/airflow/example_dags/example_task_group_decorator.py took 0.242 seconds
[2025-01-01T10:49:46.703+0000] {processor.py:186} INFO - Started process (PID=4362) to work on /home/airflow/.local/lib/python3.12/site-packages/airflow/example_dags/example_task_group_decorator.py
[2025-01-01T10:49:46.706+0000] {processor.py:914} INFO - Processing file /home/airflow/.local/lib/python3.12/site-packages/airflow/example_dags/example_task_group_decorator.py for tasks to queue
[2025-01-01T10:49:46.712+0000] {logging_mixin.py:190} INFO - [2025-01-01T10:49:46.710+0000] {dagbag.py:588} INFO - Filling up the DagBag from /home/airflow/.local/lib/python3.12/site-packages/airflow/example_dags/example_task_group_decorator.py
[2025-01-01T10:49:46.750+0000] {processor.py:925} INFO - DAG(s) 'example_task_group_decorator' retrieved from /home/airflow/.local/lib/python3.12/site-packages/airflow/example_dags/example_task_group_decorator.py
[2025-01-01T10:49:46.808+0000] {logging_mixin.py:190} INFO - [2025-01-01T10:49:46.808+0000] {dag.py:3239} INFO - Sync 1 DAGs
[2025-01-01T10:49:46.841+0000] {logging_mixin.py:190} INFO - [2025-01-01T10:49:46.841+0000] {dag.py:4180} INFO - Setting next_dagrun for example_task_group_decorator to None, run_after=None
[2025-01-01T10:49:46.888+0000] {processor.py:208} INFO - Processing /home/airflow/.local/lib/python3.12/site-packages/airflow/example_dags/example_task_group_decorator.py took 0.200 seconds
[2025-01-01T10:50:19.827+0000] {processor.py:186} INFO - Started process (PID=4425) to work on /home/airflow/.local/lib/python3.12/site-packages/airflow/example_dags/example_task_group_decorator.py
[2025-01-01T10:50:19.832+0000] {processor.py:914} INFO - Processing file /home/airflow/.local/lib/python3.12/site-packages/airflow/example_dags/example_task_group_decorator.py for tasks to queue
[2025-01-01T10:50:19.845+0000] {logging_mixin.py:190} INFO - [2025-01-01T10:50:19.843+0000] {dagbag.py:588} INFO - Filling up the DagBag from /home/airflow/.local/lib/python3.12/site-packages/airflow/example_dags/example_task_group_decorator.py
[2025-01-01T10:50:19.928+0000] {processor.py:925} INFO - DAG(s) 'example_task_group_decorator' retrieved from /home/airflow/.local/lib/python3.12/site-packages/airflow/example_dags/example_task_group_decorator.py
[2025-01-01T10:50:20.052+0000] {logging_mixin.py:190} INFO - [2025-01-01T10:50:20.051+0000] {dag.py:3239} INFO - Sync 1 DAGs
[2025-01-01T10:50:20.133+0000] {logging_mixin.py:190} INFO - [2025-01-01T10:50:20.131+0000] {dag.py:4180} INFO - Setting next_dagrun for example_task_group_decorator to None, run_after=None
[2025-01-01T10:50:20.226+0000] {processor.py:208} INFO - Processing /home/airflow/.local/lib/python3.12/site-packages/airflow/example_dags/example_task_group_decorator.py took 0.427 seconds
[2025-01-01T10:50:57.531+0000] {processor.py:186} INFO - Started process (PID=4489) to work on /home/airflow/.local/lib/python3.12/site-packages/airflow/example_dags/example_task_group_decorator.py
[2025-01-01T10:50:57.536+0000] {processor.py:914} INFO - Processing file /home/airflow/.local/lib/python3.12/site-packages/airflow/example_dags/example_task_group_decorator.py for tasks to queue
[2025-01-01T10:50:57.553+0000] {logging_mixin.py:190} INFO - [2025-01-01T10:50:57.551+0000] {dagbag.py:588} INFO - Filling up the DagBag from /home/airflow/.local/lib/python3.12/site-packages/airflow/example_dags/example_task_group_decorator.py
[2025-01-01T10:50:57.654+0000] {processor.py:925} INFO - DAG(s) 'example_task_group_decorator' retrieved from /home/airflow/.local/lib/python3.12/site-packages/airflow/example_dags/example_task_group_decorator.py
[2025-01-01T10:50:57.792+0000] {logging_mixin.py:190} INFO - [2025-01-01T10:50:57.791+0000] {dag.py:3239} INFO - Sync 1 DAGs
[2025-01-01T10:50:57.883+0000] {logging_mixin.py:190} INFO - [2025-01-01T10:50:57.878+0000] {dag.py:4180} INFO - Setting next_dagrun for example_task_group_decorator to None, run_after=None
[2025-01-01T10:50:58.062+0000] {processor.py:208} INFO - Processing /home/airflow/.local/lib/python3.12/site-packages/airflow/example_dags/example_task_group_decorator.py took 0.568 seconds
[2025-01-01T12:15:50.687+0000] {processor.py:186} INFO - Started process (PID=4567) to work on /home/airflow/.local/lib/python3.12/site-packages/airflow/example_dags/example_task_group_decorator.py
[2025-01-01T12:15:50.700+0000] {processor.py:914} INFO - Processing file /home/airflow/.local/lib/python3.12/site-packages/airflow/example_dags/example_task_group_decorator.py for tasks to queue
[2025-01-01T12:15:50.706+0000] {logging_mixin.py:190} INFO - [2025-01-01T12:15:50.705+0000] {dagbag.py:588} INFO - Filling up the DagBag from /home/airflow/.local/lib/python3.12/site-packages/airflow/example_dags/example_task_group_decorator.py
[2025-01-01T12:15:50.776+0000] {processor.py:925} INFO - DAG(s) 'example_task_group_decorator' retrieved from /home/airflow/.local/lib/python3.12/site-packages/airflow/example_dags/example_task_group_decorator.py
[2025-01-01T12:15:50.887+0000] {logging_mixin.py:190} INFO - [2025-01-01T12:15:50.886+0000] {dag.py:3239} INFO - Sync 1 DAGs
[2025-01-01T12:15:50.935+0000] {logging_mixin.py:190} INFO - [2025-01-01T12:15:50.933+0000] {dag.py:4180} INFO - Setting next_dagrun for example_task_group_decorator to None, run_after=None
[2025-01-01T12:15:51.009+0000] {processor.py:208} INFO - Processing /home/airflow/.local/lib/python3.12/site-packages/airflow/example_dags/example_task_group_decorator.py took 0.344 seconds
[2025-01-01T12:16:21.959+0000] {processor.py:186} INFO - Started process (PID=4630) to work on /home/airflow/.local/lib/python3.12/site-packages/airflow/example_dags/example_task_group_decorator.py
[2025-01-01T12:16:21.960+0000] {processor.py:914} INFO - Processing file /home/airflow/.local/lib/python3.12/site-packages/airflow/example_dags/example_task_group_decorator.py for tasks to queue
[2025-01-01T12:16:21.962+0000] {logging_mixin.py:190} INFO - [2025-01-01T12:16:21.961+0000] {dagbag.py:588} INFO - Filling up the DagBag from /home/airflow/.local/lib/python3.12/site-packages/airflow/example_dags/example_task_group_decorator.py
[2025-01-01T12:16:21.975+0000] {processor.py:925} INFO - DAG(s) 'example_task_group_decorator' retrieved from /home/airflow/.local/lib/python3.12/site-packages/airflow/example_dags/example_task_group_decorator.py
[2025-01-01T12:16:21.995+0000] {logging_mixin.py:190} INFO - [2025-01-01T12:16:21.995+0000] {dag.py:3239} INFO - Sync 1 DAGs
[2025-01-01T12:16:22.007+0000] {logging_mixin.py:190} INFO - [2025-01-01T12:16:22.007+0000] {dag.py:4180} INFO - Setting next_dagrun for example_task_group_decorator to None, run_after=None
[2025-01-01T12:16:22.024+0000] {processor.py:208} INFO - Processing /home/airflow/.local/lib/python3.12/site-packages/airflow/example_dags/example_task_group_decorator.py took 0.071 seconds
