[2025-01-01T10:08:38.883+0000] {processor.py:186} INFO - Started process (PID=216) to work on /home/airflow/.local/lib/python3.12/site-packages/airflow/example_dags/example_task_group.py
[2025-01-01T10:08:38.900+0000] {processor.py:914} INFO - Processing file /home/airflow/.local/lib/python3.12/site-packages/airflow/example_dags/example_task_group.py for tasks to queue
[2025-01-01T10:08:38.963+0000] {logging_mixin.py:190} INFO - [2025-01-01T10:08:38.955+0000] {dagbag.py:588} INFO - Filling up the DagBag from /home/airflow/.local/lib/python3.12/site-packages/airflow/example_dags/example_task_group.py
[2025-01-01T10:08:39.217+0000] {processor.py:925} INFO - DAG(s) 'example_task_group' retrieved from /home/airflow/.local/lib/python3.12/site-packages/airflow/example_dags/example_task_group.py
[2025-01-01T10:08:41.026+0000] {logging_mixin.py:190} INFO - [2025-01-01T10:08:41.021+0000] {override.py:1911} INFO - Created Permission View: can edit on DAG:example_task_group
[2025-01-01T10:08:41.212+0000] {logging_mixin.py:190} INFO - [2025-01-01T10:08:41.209+0000] {override.py:1911} INFO - Created Permission View: can delete on DAG:example_task_group
[2025-01-01T10:08:41.393+0000] {logging_mixin.py:190} INFO - [2025-01-01T10:08:41.381+0000] {override.py:1911} INFO - Created Permission View: can read on DAG:example_task_group
[2025-01-01T10:08:41.503+0000] {logging_mixin.py:190} INFO - [2025-01-01T10:08:41.499+0000] {override.py:1911} INFO - Created Permission View: can create on DAG Run:example_task_group
[2025-01-01T10:08:41.654+0000] {logging_mixin.py:190} INFO - [2025-01-01T10:08:41.651+0000] {override.py:1911} INFO - Created Permission View: menu access on DAG Run:example_task_group
[2025-01-01T10:08:41.739+0000] {logging_mixin.py:190} INFO - [2025-01-01T10:08:41.734+0000] {override.py:1911} INFO - Created Permission View: can delete on DAG Run:example_task_group
[2025-01-01T10:08:41.928+0000] {logging_mixin.py:190} INFO - [2025-01-01T10:08:41.926+0000] {override.py:1911} INFO - Created Permission View: can read on DAG Run:example_task_group
[2025-01-01T10:08:41.938+0000] {logging_mixin.py:190} INFO - [2025-01-01T10:08:41.932+0000] {dag.py:3239} INFO - Sync 1 DAGs
[2025-01-01T10:08:42.127+0000] {logging_mixin.py:190} INFO - [2025-01-01T10:08:42.120+0000] {dag.py:3262} INFO - Creating ORM DAG for example_task_group
[2025-01-01T10:08:42.155+0000] {logging_mixin.py:190} INFO - [2025-01-01T10:08:42.153+0000] {dag.py:4180} INFO - Setting next_dagrun for example_task_group to None, run_after=None
[2025-01-01T10:08:42.528+0000] {processor.py:208} INFO - Processing /home/airflow/.local/lib/python3.12/site-packages/airflow/example_dags/example_task_group.py took 3.704 seconds
[2025-01-01T10:10:00.681+0000] {processor.py:186} INFO - Started process (PID=291) to work on /home/airflow/.local/lib/python3.12/site-packages/airflow/example_dags/example_task_group.py
[2025-01-01T10:10:00.683+0000] {processor.py:914} INFO - Processing file /home/airflow/.local/lib/python3.12/site-packages/airflow/example_dags/example_task_group.py for tasks to queue
[2025-01-01T10:10:00.689+0000] {logging_mixin.py:190} INFO - [2025-01-01T10:10:00.688+0000] {dagbag.py:588} INFO - Filling up the DagBag from /home/airflow/.local/lib/python3.12/site-packages/airflow/example_dags/example_task_group.py
[2025-01-01T10:10:00.723+0000] {processor.py:925} INFO - DAG(s) 'example_task_group' retrieved from /home/airflow/.local/lib/python3.12/site-packages/airflow/example_dags/example_task_group.py
[2025-01-01T10:10:00.792+0000] {logging_mixin.py:190} INFO - [2025-01-01T10:10:00.792+0000] {dag.py:3239} INFO - Sync 1 DAGs
[2025-01-01T10:10:00.844+0000] {logging_mixin.py:190} INFO - [2025-01-01T10:10:00.842+0000] {dag.py:4180} INFO - Setting next_dagrun for example_task_group to None, run_after=None
[2025-01-01T10:10:00.919+0000] {processor.py:208} INFO - Processing /home/airflow/.local/lib/python3.12/site-packages/airflow/example_dags/example_task_group.py took 0.258 seconds
[2025-01-01T10:14:48.582+0000] {processor.py:186} INFO - Started process (PID=325) to work on /home/airflow/.local/lib/python3.12/site-packages/airflow/example_dags/example_task_group.py
[2025-01-01T10:14:48.585+0000] {processor.py:914} INFO - Processing file /home/airflow/.local/lib/python3.12/site-packages/airflow/example_dags/example_task_group.py for tasks to queue
[2025-01-01T10:14:48.589+0000] {logging_mixin.py:190} INFO - [2025-01-01T10:14:48.588+0000] {dagbag.py:588} INFO - Filling up the DagBag from /home/airflow/.local/lib/python3.12/site-packages/airflow/example_dags/example_task_group.py
[2025-01-01T10:14:48.605+0000] {processor.py:925} INFO - DAG(s) 'example_task_group' retrieved from /home/airflow/.local/lib/python3.12/site-packages/airflow/example_dags/example_task_group.py
[2025-01-01T10:14:48.639+0000] {logging_mixin.py:190} INFO - [2025-01-01T10:14:48.638+0000] {dag.py:3239} INFO - Sync 1 DAGs
[2025-01-01T10:14:48.659+0000] {logging_mixin.py:190} INFO - [2025-01-01T10:14:48.658+0000] {dag.py:4180} INFO - Setting next_dagrun for example_task_group to None, run_after=None
[2025-01-01T10:14:48.689+0000] {processor.py:208} INFO - Processing /home/airflow/.local/lib/python3.12/site-packages/airflow/example_dags/example_task_group.py took 0.119 seconds
[2025-01-01T10:15:21.506+0000] {processor.py:186} INFO - Started process (PID=388) to work on /home/airflow/.local/lib/python3.12/site-packages/airflow/example_dags/example_task_group.py
[2025-01-01T10:15:21.507+0000] {processor.py:914} INFO - Processing file /home/airflow/.local/lib/python3.12/site-packages/airflow/example_dags/example_task_group.py for tasks to queue
[2025-01-01T10:15:21.511+0000] {logging_mixin.py:190} INFO - [2025-01-01T10:15:21.511+0000] {dagbag.py:588} INFO - Filling up the DagBag from /home/airflow/.local/lib/python3.12/site-packages/airflow/example_dags/example_task_group.py
[2025-01-01T10:15:21.525+0000] {processor.py:925} INFO - DAG(s) 'example_task_group' retrieved from /home/airflow/.local/lib/python3.12/site-packages/airflow/example_dags/example_task_group.py
[2025-01-01T10:15:21.556+0000] {logging_mixin.py:190} INFO - [2025-01-01T10:15:21.556+0000] {dag.py:3239} INFO - Sync 1 DAGs
[2025-01-01T10:15:21.580+0000] {logging_mixin.py:190} INFO - [2025-01-01T10:15:21.580+0000] {dag.py:4180} INFO - Setting next_dagrun for example_task_group to None, run_after=None
[2025-01-01T10:15:21.612+0000] {processor.py:208} INFO - Processing /home/airflow/.local/lib/python3.12/site-packages/airflow/example_dags/example_task_group.py took 0.116 seconds
[2025-01-01T10:15:53.742+0000] {processor.py:186} INFO - Started process (PID=457) to work on /home/airflow/.local/lib/python3.12/site-packages/airflow/example_dags/example_task_group.py
[2025-01-01T10:15:53.744+0000] {processor.py:914} INFO - Processing file /home/airflow/.local/lib/python3.12/site-packages/airflow/example_dags/example_task_group.py for tasks to queue
[2025-01-01T10:15:53.747+0000] {logging_mixin.py:190} INFO - [2025-01-01T10:15:53.747+0000] {dagbag.py:588} INFO - Filling up the DagBag from /home/airflow/.local/lib/python3.12/site-packages/airflow/example_dags/example_task_group.py
[2025-01-01T10:15:53.762+0000] {processor.py:925} INFO - DAG(s) 'example_task_group' retrieved from /home/airflow/.local/lib/python3.12/site-packages/airflow/example_dags/example_task_group.py
[2025-01-01T10:15:53.795+0000] {logging_mixin.py:190} INFO - [2025-01-01T10:15:53.795+0000] {dag.py:3239} INFO - Sync 1 DAGs
[2025-01-01T10:15:53.816+0000] {logging_mixin.py:190} INFO - [2025-01-01T10:15:53.816+0000] {dag.py:4180} INFO - Setting next_dagrun for example_task_group to None, run_after=None
[2025-01-01T10:15:53.843+0000] {processor.py:208} INFO - Processing /home/airflow/.local/lib/python3.12/site-packages/airflow/example_dags/example_task_group.py took 0.110 seconds
[2025-01-01T10:16:24.607+0000] {processor.py:186} INFO - Started process (PID=520) to work on /home/airflow/.local/lib/python3.12/site-packages/airflow/example_dags/example_task_group.py
[2025-01-01T10:16:24.609+0000] {processor.py:914} INFO - Processing file /home/airflow/.local/lib/python3.12/site-packages/airflow/example_dags/example_task_group.py for tasks to queue
[2025-01-01T10:16:24.613+0000] {logging_mixin.py:190} INFO - [2025-01-01T10:16:24.612+0000] {dagbag.py:588} INFO - Filling up the DagBag from /home/airflow/.local/lib/python3.12/site-packages/airflow/example_dags/example_task_group.py
[2025-01-01T10:16:24.625+0000] {processor.py:925} INFO - DAG(s) 'example_task_group' retrieved from /home/airflow/.local/lib/python3.12/site-packages/airflow/example_dags/example_task_group.py
[2025-01-01T10:16:24.660+0000] {logging_mixin.py:190} INFO - [2025-01-01T10:16:24.659+0000] {dag.py:3239} INFO - Sync 1 DAGs
[2025-01-01T10:16:24.678+0000] {logging_mixin.py:190} INFO - [2025-01-01T10:16:24.677+0000] {dag.py:4180} INFO - Setting next_dagrun for example_task_group to None, run_after=None
[2025-01-01T10:16:24.709+0000] {processor.py:208} INFO - Processing /home/airflow/.local/lib/python3.12/site-packages/airflow/example_dags/example_task_group.py took 0.112 seconds
[2025-01-01T10:16:55.614+0000] {processor.py:186} INFO - Started process (PID=583) to work on /home/airflow/.local/lib/python3.12/site-packages/airflow/example_dags/example_task_group.py
[2025-01-01T10:16:55.615+0000] {processor.py:914} INFO - Processing file /home/airflow/.local/lib/python3.12/site-packages/airflow/example_dags/example_task_group.py for tasks to queue
[2025-01-01T10:16:55.619+0000] {logging_mixin.py:190} INFO - [2025-01-01T10:16:55.618+0000] {dagbag.py:588} INFO - Filling up the DagBag from /home/airflow/.local/lib/python3.12/site-packages/airflow/example_dags/example_task_group.py
[2025-01-01T10:16:55.631+0000] {processor.py:925} INFO - DAG(s) 'example_task_group' retrieved from /home/airflow/.local/lib/python3.12/site-packages/airflow/example_dags/example_task_group.py
[2025-01-01T10:16:55.661+0000] {logging_mixin.py:190} INFO - [2025-01-01T10:16:55.661+0000] {dag.py:3239} INFO - Sync 1 DAGs
[2025-01-01T10:16:55.680+0000] {logging_mixin.py:190} INFO - [2025-01-01T10:16:55.679+0000] {dag.py:4180} INFO - Setting next_dagrun for example_task_group to None, run_after=None
[2025-01-01T10:16:55.707+0000] {processor.py:208} INFO - Processing /home/airflow/.local/lib/python3.12/site-packages/airflow/example_dags/example_task_group.py took 0.101 seconds
[2025-01-01T10:17:25.932+0000] {processor.py:186} INFO - Started process (PID=645) to work on /home/airflow/.local/lib/python3.12/site-packages/airflow/example_dags/example_task_group.py
[2025-01-01T10:17:25.933+0000] {processor.py:914} INFO - Processing file /home/airflow/.local/lib/python3.12/site-packages/airflow/example_dags/example_task_group.py for tasks to queue
[2025-01-01T10:17:25.937+0000] {logging_mixin.py:190} INFO - [2025-01-01T10:17:25.936+0000] {dagbag.py:588} INFO - Filling up the DagBag from /home/airflow/.local/lib/python3.12/site-packages/airflow/example_dags/example_task_group.py
[2025-01-01T10:17:25.947+0000] {processor.py:925} INFO - DAG(s) 'example_task_group' retrieved from /home/airflow/.local/lib/python3.12/site-packages/airflow/example_dags/example_task_group.py
[2025-01-01T10:17:25.976+0000] {logging_mixin.py:190} INFO - [2025-01-01T10:17:25.975+0000] {dag.py:3239} INFO - Sync 1 DAGs
[2025-01-01T10:17:25.991+0000] {logging_mixin.py:190} INFO - [2025-01-01T10:17:25.991+0000] {dag.py:4180} INFO - Setting next_dagrun for example_task_group to None, run_after=None
[2025-01-01T10:17:26.022+0000] {processor.py:208} INFO - Processing /home/airflow/.local/lib/python3.12/site-packages/airflow/example_dags/example_task_group.py took 0.098 seconds
[2025-01-01T10:18:04.774+0000] {processor.py:186} INFO - Started process (PID=708) to work on /home/airflow/.local/lib/python3.12/site-packages/airflow/example_dags/example_task_group.py
[2025-01-01T10:18:04.780+0000] {processor.py:914} INFO - Processing file /home/airflow/.local/lib/python3.12/site-packages/airflow/example_dags/example_task_group.py for tasks to queue
[2025-01-01T10:18:04.798+0000] {logging_mixin.py:190} INFO - [2025-01-01T10:18:04.796+0000] {dagbag.py:588} INFO - Filling up the DagBag from /home/airflow/.local/lib/python3.12/site-packages/airflow/example_dags/example_task_group.py
[2025-01-01T10:18:04.864+0000] {processor.py:925} INFO - DAG(s) 'example_task_group' retrieved from /home/airflow/.local/lib/python3.12/site-packages/airflow/example_dags/example_task_group.py
[2025-01-01T10:18:05.059+0000] {logging_mixin.py:190} INFO - [2025-01-01T10:18:05.058+0000] {dag.py:3239} INFO - Sync 1 DAGs
[2025-01-01T10:18:05.186+0000] {logging_mixin.py:190} INFO - [2025-01-01T10:18:05.185+0000] {dag.py:4180} INFO - Setting next_dagrun for example_task_group to None, run_after=None
[2025-01-01T10:18:05.312+0000] {processor.py:208} INFO - Processing /home/airflow/.local/lib/python3.12/site-packages/airflow/example_dags/example_task_group.py took 0.590 seconds
[2025-01-01T10:18:35.608+0000] {processor.py:186} INFO - Started process (PID=770) to work on /home/airflow/.local/lib/python3.12/site-packages/airflow/example_dags/example_task_group.py
[2025-01-01T10:18:35.610+0000] {processor.py:914} INFO - Processing file /home/airflow/.local/lib/python3.12/site-packages/airflow/example_dags/example_task_group.py for tasks to queue
[2025-01-01T10:18:35.613+0000] {logging_mixin.py:190} INFO - [2025-01-01T10:18:35.613+0000] {dagbag.py:588} INFO - Filling up the DagBag from /home/airflow/.local/lib/python3.12/site-packages/airflow/example_dags/example_task_group.py
[2025-01-01T10:18:35.627+0000] {processor.py:925} INFO - DAG(s) 'example_task_group' retrieved from /home/airflow/.local/lib/python3.12/site-packages/airflow/example_dags/example_task_group.py
[2025-01-01T10:18:35.659+0000] {logging_mixin.py:190} INFO - [2025-01-01T10:18:35.659+0000] {dag.py:3239} INFO - Sync 1 DAGs
[2025-01-01T10:18:35.681+0000] {logging_mixin.py:190} INFO - [2025-01-01T10:18:35.681+0000] {dag.py:4180} INFO - Setting next_dagrun for example_task_group to None, run_after=None
[2025-01-01T10:18:35.712+0000] {processor.py:208} INFO - Processing /home/airflow/.local/lib/python3.12/site-packages/airflow/example_dags/example_task_group.py took 0.113 seconds
[2025-01-01T10:19:06.392+0000] {processor.py:186} INFO - Started process (PID=832) to work on /home/airflow/.local/lib/python3.12/site-packages/airflow/example_dags/example_task_group.py
[2025-01-01T10:19:06.396+0000] {processor.py:914} INFO - Processing file /home/airflow/.local/lib/python3.12/site-packages/airflow/example_dags/example_task_group.py for tasks to queue
[2025-01-01T10:19:06.407+0000] {logging_mixin.py:190} INFO - [2025-01-01T10:19:06.405+0000] {dagbag.py:588} INFO - Filling up the DagBag from /home/airflow/.local/lib/python3.12/site-packages/airflow/example_dags/example_task_group.py
[2025-01-01T10:19:06.446+0000] {processor.py:925} INFO - DAG(s) 'example_task_group' retrieved from /home/airflow/.local/lib/python3.12/site-packages/airflow/example_dags/example_task_group.py
[2025-01-01T10:19:06.542+0000] {logging_mixin.py:190} INFO - [2025-01-01T10:19:06.541+0000] {dag.py:3239} INFO - Sync 1 DAGs
[2025-01-01T10:19:06.620+0000] {logging_mixin.py:190} INFO - [2025-01-01T10:19:06.618+0000] {dag.py:4180} INFO - Setting next_dagrun for example_task_group to None, run_after=None
[2025-01-01T10:19:06.744+0000] {processor.py:208} INFO - Processing /home/airflow/.local/lib/python3.12/site-packages/airflow/example_dags/example_task_group.py took 0.380 seconds
[2025-01-01T10:19:40.798+0000] {processor.py:186} INFO - Started process (PID=893) to work on /home/airflow/.local/lib/python3.12/site-packages/airflow/example_dags/example_task_group.py
[2025-01-01T10:19:40.803+0000] {processor.py:914} INFO - Processing file /home/airflow/.local/lib/python3.12/site-packages/airflow/example_dags/example_task_group.py for tasks to queue
[2025-01-01T10:19:40.814+0000] {logging_mixin.py:190} INFO - [2025-01-01T10:19:40.813+0000] {dagbag.py:588} INFO - Filling up the DagBag from /home/airflow/.local/lib/python3.12/site-packages/airflow/example_dags/example_task_group.py
[2025-01-01T10:19:40.864+0000] {processor.py:925} INFO - DAG(s) 'example_task_group' retrieved from /home/airflow/.local/lib/python3.12/site-packages/airflow/example_dags/example_task_group.py
[2025-01-01T10:19:40.987+0000] {logging_mixin.py:190} INFO - [2025-01-01T10:19:40.986+0000] {dag.py:3239} INFO - Sync 1 DAGs
[2025-01-01T10:19:41.070+0000] {logging_mixin.py:190} INFO - [2025-01-01T10:19:41.069+0000] {dag.py:4180} INFO - Setting next_dagrun for example_task_group to None, run_after=None
[2025-01-01T10:19:41.162+0000] {processor.py:208} INFO - Processing /home/airflow/.local/lib/python3.12/site-packages/airflow/example_dags/example_task_group.py took 0.399 seconds
[2025-01-01T10:20:11.562+0000] {processor.py:186} INFO - Started process (PID=956) to work on /home/airflow/.local/lib/python3.12/site-packages/airflow/example_dags/example_task_group.py
[2025-01-01T10:20:11.565+0000] {processor.py:914} INFO - Processing file /home/airflow/.local/lib/python3.12/site-packages/airflow/example_dags/example_task_group.py for tasks to queue
[2025-01-01T10:20:11.572+0000] {logging_mixin.py:190} INFO - [2025-01-01T10:20:11.571+0000] {dagbag.py:588} INFO - Filling up the DagBag from /home/airflow/.local/lib/python3.12/site-packages/airflow/example_dags/example_task_group.py
[2025-01-01T10:20:11.593+0000] {processor.py:925} INFO - DAG(s) 'example_task_group' retrieved from /home/airflow/.local/lib/python3.12/site-packages/airflow/example_dags/example_task_group.py
[2025-01-01T10:20:11.644+0000] {logging_mixin.py:190} INFO - [2025-01-01T10:20:11.644+0000] {dag.py:3239} INFO - Sync 1 DAGs
[2025-01-01T10:20:11.678+0000] {logging_mixin.py:190} INFO - [2025-01-01T10:20:11.677+0000] {dag.py:4180} INFO - Setting next_dagrun for example_task_group to None, run_after=None
[2025-01-01T10:20:11.723+0000] {processor.py:208} INFO - Processing /home/airflow/.local/lib/python3.12/site-packages/airflow/example_dags/example_task_group.py took 0.177 seconds
[2025-01-01T10:20:41.843+0000] {processor.py:186} INFO - Started process (PID=1019) to work on /home/airflow/.local/lib/python3.12/site-packages/airflow/example_dags/example_task_group.py
[2025-01-01T10:20:41.845+0000] {processor.py:914} INFO - Processing file /home/airflow/.local/lib/python3.12/site-packages/airflow/example_dags/example_task_group.py for tasks to queue
[2025-01-01T10:20:41.850+0000] {logging_mixin.py:190} INFO - [2025-01-01T10:20:41.850+0000] {dagbag.py:588} INFO - Filling up the DagBag from /home/airflow/.local/lib/python3.12/site-packages/airflow/example_dags/example_task_group.py
[2025-01-01T10:20:41.868+0000] {processor.py:925} INFO - DAG(s) 'example_task_group' retrieved from /home/airflow/.local/lib/python3.12/site-packages/airflow/example_dags/example_task_group.py
[2025-01-01T10:20:41.909+0000] {logging_mixin.py:190} INFO - [2025-01-01T10:20:41.908+0000] {dag.py:3239} INFO - Sync 1 DAGs
[2025-01-01T10:20:41.936+0000] {logging_mixin.py:190} INFO - [2025-01-01T10:20:41.935+0000] {dag.py:4180} INFO - Setting next_dagrun for example_task_group to None, run_after=None
[2025-01-01T10:20:41.973+0000] {processor.py:208} INFO - Processing /home/airflow/.local/lib/python3.12/site-packages/airflow/example_dags/example_task_group.py took 0.142 seconds
[2025-01-01T10:21:12.876+0000] {processor.py:186} INFO - Started process (PID=1081) to work on /home/airflow/.local/lib/python3.12/site-packages/airflow/example_dags/example_task_group.py
[2025-01-01T10:21:12.877+0000] {processor.py:914} INFO - Processing file /home/airflow/.local/lib/python3.12/site-packages/airflow/example_dags/example_task_group.py for tasks to queue
[2025-01-01T10:21:12.881+0000] {logging_mixin.py:190} INFO - [2025-01-01T10:21:12.881+0000] {dagbag.py:588} INFO - Filling up the DagBag from /home/airflow/.local/lib/python3.12/site-packages/airflow/example_dags/example_task_group.py
[2025-01-01T10:21:12.891+0000] {processor.py:925} INFO - DAG(s) 'example_task_group' retrieved from /home/airflow/.local/lib/python3.12/site-packages/airflow/example_dags/example_task_group.py
[2025-01-01T10:21:12.926+0000] {logging_mixin.py:190} INFO - [2025-01-01T10:21:12.926+0000] {dag.py:3239} INFO - Sync 1 DAGs
[2025-01-01T10:21:12.944+0000] {logging_mixin.py:190} INFO - [2025-01-01T10:21:12.944+0000] {dag.py:4180} INFO - Setting next_dagrun for example_task_group to None, run_after=None
[2025-01-01T10:21:12.978+0000] {processor.py:208} INFO - Processing /home/airflow/.local/lib/python3.12/site-packages/airflow/example_dags/example_task_group.py took 0.110 seconds
[2025-01-01T10:21:43.423+0000] {processor.py:186} INFO - Started process (PID=1145) to work on /home/airflow/.local/lib/python3.12/site-packages/airflow/example_dags/example_task_group.py
[2025-01-01T10:21:43.425+0000] {processor.py:914} INFO - Processing file /home/airflow/.local/lib/python3.12/site-packages/airflow/example_dags/example_task_group.py for tasks to queue
[2025-01-01T10:21:43.429+0000] {logging_mixin.py:190} INFO - [2025-01-01T10:21:43.429+0000] {dagbag.py:588} INFO - Filling up the DagBag from /home/airflow/.local/lib/python3.12/site-packages/airflow/example_dags/example_task_group.py
[2025-01-01T10:21:43.444+0000] {processor.py:925} INFO - DAG(s) 'example_task_group' retrieved from /home/airflow/.local/lib/python3.12/site-packages/airflow/example_dags/example_task_group.py
[2025-01-01T10:21:43.477+0000] {logging_mixin.py:190} INFO - [2025-01-01T10:21:43.477+0000] {dag.py:3239} INFO - Sync 1 DAGs
[2025-01-01T10:21:43.499+0000] {logging_mixin.py:190} INFO - [2025-01-01T10:21:43.499+0000] {dag.py:4180} INFO - Setting next_dagrun for example_task_group to None, run_after=None
[2025-01-01T10:21:43.531+0000] {processor.py:208} INFO - Processing /home/airflow/.local/lib/python3.12/site-packages/airflow/example_dags/example_task_group.py took 0.118 seconds
[2025-01-01T10:22:14.398+0000] {processor.py:186} INFO - Started process (PID=1208) to work on /home/airflow/.local/lib/python3.12/site-packages/airflow/example_dags/example_task_group.py
[2025-01-01T10:22:14.401+0000] {processor.py:914} INFO - Processing file /home/airflow/.local/lib/python3.12/site-packages/airflow/example_dags/example_task_group.py for tasks to queue
[2025-01-01T10:22:14.406+0000] {logging_mixin.py:190} INFO - [2025-01-01T10:22:14.405+0000] {dagbag.py:588} INFO - Filling up the DagBag from /home/airflow/.local/lib/python3.12/site-packages/airflow/example_dags/example_task_group.py
[2025-01-01T10:22:14.436+0000] {processor.py:925} INFO - DAG(s) 'example_task_group' retrieved from /home/airflow/.local/lib/python3.12/site-packages/airflow/example_dags/example_task_group.py
[2025-01-01T10:22:14.534+0000] {logging_mixin.py:190} INFO - [2025-01-01T10:22:14.533+0000] {dag.py:3239} INFO - Sync 1 DAGs
[2025-01-01T10:22:14.722+0000] {logging_mixin.py:190} INFO - [2025-01-01T10:22:14.721+0000] {dag.py:4180} INFO - Setting next_dagrun for example_task_group to None, run_after=None
[2025-01-01T10:22:14.836+0000] {processor.py:208} INFO - Processing /home/airflow/.local/lib/python3.12/site-packages/airflow/example_dags/example_task_group.py took 0.456 seconds
[2025-01-01T10:22:45.437+0000] {processor.py:186} INFO - Started process (PID=1270) to work on /home/airflow/.local/lib/python3.12/site-packages/airflow/example_dags/example_task_group.py
[2025-01-01T10:22:45.439+0000] {processor.py:914} INFO - Processing file /home/airflow/.local/lib/python3.12/site-packages/airflow/example_dags/example_task_group.py for tasks to queue
[2025-01-01T10:22:45.442+0000] {logging_mixin.py:190} INFO - [2025-01-01T10:22:45.442+0000] {dagbag.py:588} INFO - Filling up the DagBag from /home/airflow/.local/lib/python3.12/site-packages/airflow/example_dags/example_task_group.py
[2025-01-01T10:22:45.453+0000] {processor.py:925} INFO - DAG(s) 'example_task_group' retrieved from /home/airflow/.local/lib/python3.12/site-packages/airflow/example_dags/example_task_group.py
[2025-01-01T10:22:45.483+0000] {logging_mixin.py:190} INFO - [2025-01-01T10:22:45.483+0000] {dag.py:3239} INFO - Sync 1 DAGs
[2025-01-01T10:22:45.504+0000] {logging_mixin.py:190} INFO - [2025-01-01T10:22:45.503+0000] {dag.py:4180} INFO - Setting next_dagrun for example_task_group to None, run_after=None
[2025-01-01T10:22:45.536+0000] {processor.py:208} INFO - Processing /home/airflow/.local/lib/python3.12/site-packages/airflow/example_dags/example_task_group.py took 0.106 seconds
[2025-01-01T10:23:15.918+0000] {processor.py:186} INFO - Started process (PID=1333) to work on /home/airflow/.local/lib/python3.12/site-packages/airflow/example_dags/example_task_group.py
[2025-01-01T10:23:15.919+0000] {processor.py:914} INFO - Processing file /home/airflow/.local/lib/python3.12/site-packages/airflow/example_dags/example_task_group.py for tasks to queue
[2025-01-01T10:23:15.923+0000] {logging_mixin.py:190} INFO - [2025-01-01T10:23:15.922+0000] {dagbag.py:588} INFO - Filling up the DagBag from /home/airflow/.local/lib/python3.12/site-packages/airflow/example_dags/example_task_group.py
[2025-01-01T10:23:15.935+0000] {processor.py:925} INFO - DAG(s) 'example_task_group' retrieved from /home/airflow/.local/lib/python3.12/site-packages/airflow/example_dags/example_task_group.py
[2025-01-01T10:23:15.964+0000] {logging_mixin.py:190} INFO - [2025-01-01T10:23:15.963+0000] {dag.py:3239} INFO - Sync 1 DAGs
[2025-01-01T10:23:15.982+0000] {logging_mixin.py:190} INFO - [2025-01-01T10:23:15.982+0000] {dag.py:4180} INFO - Setting next_dagrun for example_task_group to None, run_after=None
[2025-01-01T10:23:16.009+0000] {processor.py:208} INFO - Processing /home/airflow/.local/lib/python3.12/site-packages/airflow/example_dags/example_task_group.py took 0.099 seconds
[2025-01-01T10:23:46.946+0000] {processor.py:186} INFO - Started process (PID=1395) to work on /home/airflow/.local/lib/python3.12/site-packages/airflow/example_dags/example_task_group.py
[2025-01-01T10:23:46.951+0000] {processor.py:914} INFO - Processing file /home/airflow/.local/lib/python3.12/site-packages/airflow/example_dags/example_task_group.py for tasks to queue
[2025-01-01T10:23:46.964+0000] {logging_mixin.py:190} INFO - [2025-01-01T10:23:46.962+0000] {dagbag.py:588} INFO - Filling up the DagBag from /home/airflow/.local/lib/python3.12/site-packages/airflow/example_dags/example_task_group.py
[2025-01-01T10:23:47.017+0000] {processor.py:925} INFO - DAG(s) 'example_task_group' retrieved from /home/airflow/.local/lib/python3.12/site-packages/airflow/example_dags/example_task_group.py
[2025-01-01T10:23:47.107+0000] {logging_mixin.py:190} INFO - [2025-01-01T10:23:47.106+0000] {dag.py:3239} INFO - Sync 1 DAGs
[2025-01-01T10:23:47.173+0000] {logging_mixin.py:190} INFO - [2025-01-01T10:23:47.172+0000] {dag.py:4180} INFO - Setting next_dagrun for example_task_group to None, run_after=None
[2025-01-01T10:23:47.244+0000] {processor.py:208} INFO - Processing /home/airflow/.local/lib/python3.12/site-packages/airflow/example_dags/example_task_group.py took 0.328 seconds
[2025-01-01T10:24:20.665+0000] {processor.py:186} INFO - Started process (PID=1457) to work on /home/airflow/.local/lib/python3.12/site-packages/airflow/example_dags/example_task_group.py
[2025-01-01T10:24:20.668+0000] {processor.py:914} INFO - Processing file /home/airflow/.local/lib/python3.12/site-packages/airflow/example_dags/example_task_group.py for tasks to queue
[2025-01-01T10:24:20.676+0000] {logging_mixin.py:190} INFO - [2025-01-01T10:24:20.674+0000] {dagbag.py:588} INFO - Filling up the DagBag from /home/airflow/.local/lib/python3.12/site-packages/airflow/example_dags/example_task_group.py
[2025-01-01T10:24:20.702+0000] {processor.py:925} INFO - DAG(s) 'example_task_group' retrieved from /home/airflow/.local/lib/python3.12/site-packages/airflow/example_dags/example_task_group.py
[2025-01-01T10:24:20.758+0000] {logging_mixin.py:190} INFO - [2025-01-01T10:24:20.757+0000] {dag.py:3239} INFO - Sync 1 DAGs
[2025-01-01T10:24:20.799+0000] {logging_mixin.py:190} INFO - [2025-01-01T10:24:20.798+0000] {dag.py:4180} INFO - Setting next_dagrun for example_task_group to None, run_after=None
[2025-01-01T10:24:20.851+0000] {processor.py:208} INFO - Processing /home/airflow/.local/lib/python3.12/site-packages/airflow/example_dags/example_task_group.py took 0.204 seconds
[2025-01-01T10:25:07.961+0000] {processor.py:186} INFO - Started process (PID=1513) to work on /home/airflow/.local/lib/python3.12/site-packages/airflow/example_dags/example_task_group.py
[2025-01-01T10:25:07.966+0000] {processor.py:914} INFO - Processing file /home/airflow/.local/lib/python3.12/site-packages/airflow/example_dags/example_task_group.py for tasks to queue
[2025-01-01T10:25:07.980+0000] {logging_mixin.py:190} INFO - [2025-01-01T10:25:07.978+0000] {dagbag.py:588} INFO - Filling up the DagBag from /home/airflow/.local/lib/python3.12/site-packages/airflow/example_dags/example_task_group.py
[2025-01-01T10:25:08.042+0000] {processor.py:925} INFO - DAG(s) 'example_task_group' retrieved from /home/airflow/.local/lib/python3.12/site-packages/airflow/example_dags/example_task_group.py
[2025-01-01T10:25:08.219+0000] {logging_mixin.py:190} INFO - [2025-01-01T10:25:08.218+0000] {dag.py:3239} INFO - Sync 1 DAGs
[2025-01-01T10:25:08.370+0000] {logging_mixin.py:190} INFO - [2025-01-01T10:25:08.369+0000] {dag.py:4180} INFO - Setting next_dagrun for example_task_group to None, run_after=None
[2025-01-01T10:25:08.588+0000] {processor.py:208} INFO - Processing /home/airflow/.local/lib/python3.12/site-packages/airflow/example_dags/example_task_group.py took 0.662 seconds
[2025-01-01T10:25:56.761+0000] {processor.py:186} INFO - Started process (PID=1576) to work on /home/airflow/.local/lib/python3.12/site-packages/airflow/example_dags/example_task_group.py
[2025-01-01T10:25:56.765+0000] {processor.py:914} INFO - Processing file /home/airflow/.local/lib/python3.12/site-packages/airflow/example_dags/example_task_group.py for tasks to queue
[2025-01-01T10:25:56.776+0000] {logging_mixin.py:190} INFO - [2025-01-01T10:25:56.775+0000] {dagbag.py:588} INFO - Filling up the DagBag from /home/airflow/.local/lib/python3.12/site-packages/airflow/example_dags/example_task_group.py
[2025-01-01T10:25:56.813+0000] {processor.py:925} INFO - DAG(s) 'example_task_group' retrieved from /home/airflow/.local/lib/python3.12/site-packages/airflow/example_dags/example_task_group.py
[2025-01-01T10:25:56.903+0000] {logging_mixin.py:190} INFO - [2025-01-01T10:25:56.902+0000] {dag.py:3239} INFO - Sync 1 DAGs
[2025-01-01T10:25:56.973+0000] {logging_mixin.py:190} INFO - [2025-01-01T10:25:56.972+0000] {dag.py:4180} INFO - Setting next_dagrun for example_task_group to None, run_after=None
[2025-01-01T10:25:57.055+0000] {processor.py:208} INFO - Processing /home/airflow/.local/lib/python3.12/site-packages/airflow/example_dags/example_task_group.py took 0.319 seconds
[2025-01-01T10:26:28.411+0000] {processor.py:186} INFO - Started process (PID=1645) to work on /home/airflow/.local/lib/python3.12/site-packages/airflow/example_dags/example_task_group.py
[2025-01-01T10:26:28.430+0000] {processor.py:914} INFO - Processing file /home/airflow/.local/lib/python3.12/site-packages/airflow/example_dags/example_task_group.py for tasks to queue
[2025-01-01T10:26:28.447+0000] {logging_mixin.py:190} INFO - [2025-01-01T10:26:28.446+0000] {dagbag.py:588} INFO - Filling up the DagBag from /home/airflow/.local/lib/python3.12/site-packages/airflow/example_dags/example_task_group.py
[2025-01-01T10:26:28.535+0000] {processor.py:925} INFO - DAG(s) 'example_task_group' retrieved from /home/airflow/.local/lib/python3.12/site-packages/airflow/example_dags/example_task_group.py
[2025-01-01T10:26:28.688+0000] {logging_mixin.py:190} INFO - [2025-01-01T10:26:28.686+0000] {dag.py:3239} INFO - Sync 1 DAGs
[2025-01-01T10:26:28.785+0000] {logging_mixin.py:190} INFO - [2025-01-01T10:26:28.784+0000] {dag.py:4180} INFO - Setting next_dagrun for example_task_group to None, run_after=None
[2025-01-01T10:26:28.894+0000] {processor.py:208} INFO - Processing /home/airflow/.local/lib/python3.12/site-packages/airflow/example_dags/example_task_group.py took 0.530 seconds
[2025-01-01T10:26:59.800+0000] {processor.py:186} INFO - Started process (PID=1708) to work on /home/airflow/.local/lib/python3.12/site-packages/airflow/example_dags/example_task_group.py
[2025-01-01T10:26:59.801+0000] {processor.py:914} INFO - Processing file /home/airflow/.local/lib/python3.12/site-packages/airflow/example_dags/example_task_group.py for tasks to queue
[2025-01-01T10:26:59.805+0000] {logging_mixin.py:190} INFO - [2025-01-01T10:26:59.805+0000] {dagbag.py:588} INFO - Filling up the DagBag from /home/airflow/.local/lib/python3.12/site-packages/airflow/example_dags/example_task_group.py
[2025-01-01T10:26:59.816+0000] {processor.py:925} INFO - DAG(s) 'example_task_group' retrieved from /home/airflow/.local/lib/python3.12/site-packages/airflow/example_dags/example_task_group.py
[2025-01-01T10:26:59.848+0000] {logging_mixin.py:190} INFO - [2025-01-01T10:26:59.848+0000] {dag.py:3239} INFO - Sync 1 DAGs
[2025-01-01T10:26:59.866+0000] {logging_mixin.py:190} INFO - [2025-01-01T10:26:59.866+0000] {dag.py:4180} INFO - Setting next_dagrun for example_task_group to None, run_after=None
[2025-01-01T10:26:59.900+0000] {processor.py:208} INFO - Processing /home/airflow/.local/lib/python3.12/site-packages/airflow/example_dags/example_task_group.py took 0.108 seconds
[2025-01-01T10:27:30.541+0000] {processor.py:186} INFO - Started process (PID=1771) to work on /home/airflow/.local/lib/python3.12/site-packages/airflow/example_dags/example_task_group.py
[2025-01-01T10:27:30.543+0000] {processor.py:914} INFO - Processing file /home/airflow/.local/lib/python3.12/site-packages/airflow/example_dags/example_task_group.py for tasks to queue
[2025-01-01T10:27:30.546+0000] {logging_mixin.py:190} INFO - [2025-01-01T10:27:30.546+0000] {dagbag.py:588} INFO - Filling up the DagBag from /home/airflow/.local/lib/python3.12/site-packages/airflow/example_dags/example_task_group.py
[2025-01-01T10:27:30.558+0000] {processor.py:925} INFO - DAG(s) 'example_task_group' retrieved from /home/airflow/.local/lib/python3.12/site-packages/airflow/example_dags/example_task_group.py
[2025-01-01T10:27:30.589+0000] {logging_mixin.py:190} INFO - [2025-01-01T10:27:30.588+0000] {dag.py:3239} INFO - Sync 1 DAGs
[2025-01-01T10:27:30.631+0000] {logging_mixin.py:190} INFO - [2025-01-01T10:27:30.630+0000] {dag.py:4180} INFO - Setting next_dagrun for example_task_group to None, run_after=None
[2025-01-01T10:27:30.666+0000] {processor.py:208} INFO - Processing /home/airflow/.local/lib/python3.12/site-packages/airflow/example_dags/example_task_group.py took 0.133 seconds
[2025-01-01T10:28:02.688+0000] {processor.py:186} INFO - Started process (PID=1834) to work on /home/airflow/.local/lib/python3.12/site-packages/airflow/example_dags/example_task_group.py
[2025-01-01T10:28:02.694+0000] {processor.py:914} INFO - Processing file /home/airflow/.local/lib/python3.12/site-packages/airflow/example_dags/example_task_group.py for tasks to queue
[2025-01-01T10:28:02.705+0000] {logging_mixin.py:190} INFO - [2025-01-01T10:28:02.704+0000] {dagbag.py:588} INFO - Filling up the DagBag from /home/airflow/.local/lib/python3.12/site-packages/airflow/example_dags/example_task_group.py
[2025-01-01T10:28:02.762+0000] {processor.py:925} INFO - DAG(s) 'example_task_group' retrieved from /home/airflow/.local/lib/python3.12/site-packages/airflow/example_dags/example_task_group.py
[2025-01-01T10:28:02.881+0000] {logging_mixin.py:190} INFO - [2025-01-01T10:28:02.880+0000] {dag.py:3239} INFO - Sync 1 DAGs
[2025-01-01T10:28:02.973+0000] {logging_mixin.py:190} INFO - [2025-01-01T10:28:02.972+0000] {dag.py:4180} INFO - Setting next_dagrun for example_task_group to None, run_after=None
[2025-01-01T10:28:03.025+0000] {processor.py:208} INFO - Processing /home/airflow/.local/lib/python3.12/site-packages/airflow/example_dags/example_task_group.py took 0.369 seconds
[2025-01-01T10:28:33.270+0000] {processor.py:186} INFO - Started process (PID=1897) to work on /home/airflow/.local/lib/python3.12/site-packages/airflow/example_dags/example_task_group.py
[2025-01-01T10:28:33.274+0000] {processor.py:914} INFO - Processing file /home/airflow/.local/lib/python3.12/site-packages/airflow/example_dags/example_task_group.py for tasks to queue
[2025-01-01T10:28:33.286+0000] {logging_mixin.py:190} INFO - [2025-01-01T10:28:33.285+0000] {dagbag.py:588} INFO - Filling up the DagBag from /home/airflow/.local/lib/python3.12/site-packages/airflow/example_dags/example_task_group.py
[2025-01-01T10:28:33.330+0000] {processor.py:925} INFO - DAG(s) 'example_task_group' retrieved from /home/airflow/.local/lib/python3.12/site-packages/airflow/example_dags/example_task_group.py
[2025-01-01T10:28:33.445+0000] {logging_mixin.py:190} INFO - [2025-01-01T10:28:33.444+0000] {dag.py:3239} INFO - Sync 1 DAGs
[2025-01-01T10:28:33.555+0000] {logging_mixin.py:190} INFO - [2025-01-01T10:28:33.554+0000] {dag.py:4180} INFO - Setting next_dagrun for example_task_group to None, run_after=None
[2025-01-01T10:28:33.631+0000] {processor.py:208} INFO - Processing /home/airflow/.local/lib/python3.12/site-packages/airflow/example_dags/example_task_group.py took 0.390 seconds
[2025-01-01T10:29:20.527+0000] {processor.py:186} INFO - Started process (PID=1958) to work on /home/airflow/.local/lib/python3.12/site-packages/airflow/example_dags/example_task_group.py
[2025-01-01T10:29:20.532+0000] {processor.py:914} INFO - Processing file /home/airflow/.local/lib/python3.12/site-packages/airflow/example_dags/example_task_group.py for tasks to queue
[2025-01-01T10:29:20.553+0000] {logging_mixin.py:190} INFO - [2025-01-01T10:29:20.552+0000] {dagbag.py:588} INFO - Filling up the DagBag from /home/airflow/.local/lib/python3.12/site-packages/airflow/example_dags/example_task_group.py
[2025-01-01T10:29:20.627+0000] {processor.py:925} INFO - DAG(s) 'example_task_group' retrieved from /home/airflow/.local/lib/python3.12/site-packages/airflow/example_dags/example_task_group.py
[2025-01-01T10:29:20.764+0000] {logging_mixin.py:190} INFO - [2025-01-01T10:29:20.763+0000] {dag.py:3239} INFO - Sync 1 DAGs
[2025-01-01T10:29:20.879+0000] {logging_mixin.py:190} INFO - [2025-01-01T10:29:20.876+0000] {dag.py:4180} INFO - Setting next_dagrun for example_task_group to None, run_after=None
[2025-01-01T10:29:20.991+0000] {processor.py:208} INFO - Processing /home/airflow/.local/lib/python3.12/site-packages/airflow/example_dags/example_task_group.py took 0.546 seconds
[2025-01-01T10:29:59.119+0000] {processor.py:186} INFO - Started process (PID=2021) to work on /home/airflow/.local/lib/python3.12/site-packages/airflow/example_dags/example_task_group.py
[2025-01-01T10:29:59.124+0000] {processor.py:914} INFO - Processing file /home/airflow/.local/lib/python3.12/site-packages/airflow/example_dags/example_task_group.py for tasks to queue
[2025-01-01T10:29:59.137+0000] {logging_mixin.py:190} INFO - [2025-01-01T10:29:59.135+0000] {dagbag.py:588} INFO - Filling up the DagBag from /home/airflow/.local/lib/python3.12/site-packages/airflow/example_dags/example_task_group.py
[2025-01-01T10:29:59.192+0000] {processor.py:925} INFO - DAG(s) 'example_task_group' retrieved from /home/airflow/.local/lib/python3.12/site-packages/airflow/example_dags/example_task_group.py
[2025-01-01T10:29:59.456+0000] {logging_mixin.py:190} INFO - [2025-01-01T10:29:59.455+0000] {dag.py:3239} INFO - Sync 1 DAGs
[2025-01-01T10:29:59.689+0000] {logging_mixin.py:190} INFO - [2025-01-01T10:29:59.688+0000] {dag.py:4180} INFO - Setting next_dagrun for example_task_group to None, run_after=None
[2025-01-01T10:29:59.890+0000] {processor.py:208} INFO - Processing /home/airflow/.local/lib/python3.12/site-packages/airflow/example_dags/example_task_group.py took 0.805 seconds
[2025-01-01T10:30:40.953+0000] {processor.py:186} INFO - Started process (PID=2098) to work on /home/airflow/.local/lib/python3.12/site-packages/airflow/example_dags/example_task_group.py
[2025-01-01T10:30:40.956+0000] {processor.py:914} INFO - Processing file /home/airflow/.local/lib/python3.12/site-packages/airflow/example_dags/example_task_group.py for tasks to queue
[2025-01-01T10:30:40.965+0000] {logging_mixin.py:190} INFO - [2025-01-01T10:30:40.963+0000] {dagbag.py:588} INFO - Filling up the DagBag from /home/airflow/.local/lib/python3.12/site-packages/airflow/example_dags/example_task_group.py
[2025-01-01T10:30:41.008+0000] {processor.py:925} INFO - DAG(s) 'example_task_group' retrieved from /home/airflow/.local/lib/python3.12/site-packages/airflow/example_dags/example_task_group.py
[2025-01-01T10:30:41.105+0000] {logging_mixin.py:190} INFO - [2025-01-01T10:30:41.103+0000] {dag.py:3239} INFO - Sync 1 DAGs
[2025-01-01T10:30:41.172+0000] {logging_mixin.py:190} INFO - [2025-01-01T10:30:41.171+0000] {dag.py:4180} INFO - Setting next_dagrun for example_task_group to None, run_after=None
[2025-01-01T10:30:41.262+0000] {processor.py:208} INFO - Processing /home/airflow/.local/lib/python3.12/site-packages/airflow/example_dags/example_task_group.py took 0.351 seconds
[2025-01-01T10:31:11.829+0000] {processor.py:186} INFO - Started process (PID=2161) to work on /home/airflow/.local/lib/python3.12/site-packages/airflow/example_dags/example_task_group.py
[2025-01-01T10:31:11.830+0000] {processor.py:914} INFO - Processing file /home/airflow/.local/lib/python3.12/site-packages/airflow/example_dags/example_task_group.py for tasks to queue
[2025-01-01T10:31:11.832+0000] {logging_mixin.py:190} INFO - [2025-01-01T10:31:11.832+0000] {dagbag.py:588} INFO - Filling up the DagBag from /home/airflow/.local/lib/python3.12/site-packages/airflow/example_dags/example_task_group.py
[2025-01-01T10:31:11.841+0000] {processor.py:925} INFO - DAG(s) 'example_task_group' retrieved from /home/airflow/.local/lib/python3.12/site-packages/airflow/example_dags/example_task_group.py
[2025-01-01T10:31:11.872+0000] {logging_mixin.py:190} INFO - [2025-01-01T10:31:11.871+0000] {dag.py:3239} INFO - Sync 1 DAGs
[2025-01-01T10:31:11.889+0000] {logging_mixin.py:190} INFO - [2025-01-01T10:31:11.888+0000] {dag.py:4180} INFO - Setting next_dagrun for example_task_group to None, run_after=None
[2025-01-01T10:31:11.915+0000] {processor.py:208} INFO - Processing /home/airflow/.local/lib/python3.12/site-packages/airflow/example_dags/example_task_group.py took 0.091 seconds
[2025-01-01T10:31:46.549+0000] {processor.py:186} INFO - Started process (PID=2224) to work on /home/airflow/.local/lib/python3.12/site-packages/airflow/example_dags/example_task_group.py
[2025-01-01T10:31:46.555+0000] {processor.py:914} INFO - Processing file /home/airflow/.local/lib/python3.12/site-packages/airflow/example_dags/example_task_group.py for tasks to queue
[2025-01-01T10:31:46.567+0000] {logging_mixin.py:190} INFO - [2025-01-01T10:31:46.565+0000] {dagbag.py:588} INFO - Filling up the DagBag from /home/airflow/.local/lib/python3.12/site-packages/airflow/example_dags/example_task_group.py
[2025-01-01T10:31:46.616+0000] {processor.py:925} INFO - DAG(s) 'example_task_group' retrieved from /home/airflow/.local/lib/python3.12/site-packages/airflow/example_dags/example_task_group.py
[2025-01-01T10:31:46.724+0000] {logging_mixin.py:190} INFO - [2025-01-01T10:31:46.722+0000] {dag.py:3239} INFO - Sync 1 DAGs
[2025-01-01T10:31:46.819+0000] {logging_mixin.py:190} INFO - [2025-01-01T10:31:46.818+0000] {dag.py:4180} INFO - Setting next_dagrun for example_task_group to None, run_after=None
[2025-01-01T10:31:46.930+0000] {processor.py:208} INFO - Processing /home/airflow/.local/lib/python3.12/site-packages/airflow/example_dags/example_task_group.py took 0.415 seconds
[2025-01-01T10:32:17.118+0000] {processor.py:186} INFO - Started process (PID=2287) to work on /home/airflow/.local/lib/python3.12/site-packages/airflow/example_dags/example_task_group.py
[2025-01-01T10:32:17.120+0000] {processor.py:914} INFO - Processing file /home/airflow/.local/lib/python3.12/site-packages/airflow/example_dags/example_task_group.py for tasks to queue
[2025-01-01T10:32:17.125+0000] {logging_mixin.py:190} INFO - [2025-01-01T10:32:17.124+0000] {dagbag.py:588} INFO - Filling up the DagBag from /home/airflow/.local/lib/python3.12/site-packages/airflow/example_dags/example_task_group.py
[2025-01-01T10:32:17.142+0000] {processor.py:925} INFO - DAG(s) 'example_task_group' retrieved from /home/airflow/.local/lib/python3.12/site-packages/airflow/example_dags/example_task_group.py
[2025-01-01T10:32:17.185+0000] {logging_mixin.py:190} INFO - [2025-01-01T10:32:17.185+0000] {dag.py:3239} INFO - Sync 1 DAGs
[2025-01-01T10:32:17.213+0000] {logging_mixin.py:190} INFO - [2025-01-01T10:32:17.213+0000] {dag.py:4180} INFO - Setting next_dagrun for example_task_group to None, run_after=None
[2025-01-01T10:32:17.254+0000] {processor.py:208} INFO - Processing /home/airflow/.local/lib/python3.12/site-packages/airflow/example_dags/example_task_group.py took 0.147 seconds
[2025-01-01T10:32:51.296+0000] {processor.py:186} INFO - Started process (PID=2350) to work on /home/airflow/.local/lib/python3.12/site-packages/airflow/example_dags/example_task_group.py
[2025-01-01T10:32:51.303+0000] {processor.py:914} INFO - Processing file /home/airflow/.local/lib/python3.12/site-packages/airflow/example_dags/example_task_group.py for tasks to queue
[2025-01-01T10:32:51.337+0000] {logging_mixin.py:190} INFO - [2025-01-01T10:32:51.335+0000] {dagbag.py:588} INFO - Filling up the DagBag from /home/airflow/.local/lib/python3.12/site-packages/airflow/example_dags/example_task_group.py
[2025-01-01T10:32:51.433+0000] {processor.py:925} INFO - DAG(s) 'example_task_group' retrieved from /home/airflow/.local/lib/python3.12/site-packages/airflow/example_dags/example_task_group.py
[2025-01-01T10:32:51.625+0000] {logging_mixin.py:190} INFO - [2025-01-01T10:32:51.623+0000] {dag.py:3239} INFO - Sync 1 DAGs
[2025-01-01T10:32:51.761+0000] {logging_mixin.py:190} INFO - [2025-01-01T10:32:51.760+0000] {dag.py:4180} INFO - Setting next_dagrun for example_task_group to None, run_after=None
[2025-01-01T10:32:51.927+0000] {processor.py:208} INFO - Processing /home/airflow/.local/lib/python3.12/site-packages/airflow/example_dags/example_task_group.py took 0.689 seconds
[2025-01-01T10:33:22.423+0000] {processor.py:186} INFO - Started process (PID=2414) to work on /home/airflow/.local/lib/python3.12/site-packages/airflow/example_dags/example_task_group.py
[2025-01-01T10:33:22.425+0000] {processor.py:914} INFO - Processing file /home/airflow/.local/lib/python3.12/site-packages/airflow/example_dags/example_task_group.py for tasks to queue
[2025-01-01T10:33:22.429+0000] {logging_mixin.py:190} INFO - [2025-01-01T10:33:22.428+0000] {dagbag.py:588} INFO - Filling up the DagBag from /home/airflow/.local/lib/python3.12/site-packages/airflow/example_dags/example_task_group.py
[2025-01-01T10:33:22.442+0000] {processor.py:925} INFO - DAG(s) 'example_task_group' retrieved from /home/airflow/.local/lib/python3.12/site-packages/airflow/example_dags/example_task_group.py
[2025-01-01T10:33:22.469+0000] {logging_mixin.py:190} INFO - [2025-01-01T10:33:22.469+0000] {dag.py:3239} INFO - Sync 1 DAGs
[2025-01-01T10:33:22.489+0000] {logging_mixin.py:190} INFO - [2025-01-01T10:33:22.489+0000] {dag.py:4180} INFO - Setting next_dagrun for example_task_group to None, run_after=None
[2025-01-01T10:33:22.516+0000] {processor.py:208} INFO - Processing /home/airflow/.local/lib/python3.12/site-packages/airflow/example_dags/example_task_group.py took 0.101 seconds
[2025-01-01T10:33:52.880+0000] {processor.py:186} INFO - Started process (PID=2478) to work on /home/airflow/.local/lib/python3.12/site-packages/airflow/example_dags/example_task_group.py
[2025-01-01T10:33:52.881+0000] {processor.py:914} INFO - Processing file /home/airflow/.local/lib/python3.12/site-packages/airflow/example_dags/example_task_group.py for tasks to queue
[2025-01-01T10:33:52.886+0000] {logging_mixin.py:190} INFO - [2025-01-01T10:33:52.885+0000] {dagbag.py:588} INFO - Filling up the DagBag from /home/airflow/.local/lib/python3.12/site-packages/airflow/example_dags/example_task_group.py
[2025-01-01T10:33:52.899+0000] {processor.py:925} INFO - DAG(s) 'example_task_group' retrieved from /home/airflow/.local/lib/python3.12/site-packages/airflow/example_dags/example_task_group.py
[2025-01-01T10:33:52.931+0000] {logging_mixin.py:190} INFO - [2025-01-01T10:33:52.931+0000] {dag.py:3239} INFO - Sync 1 DAGs
[2025-01-01T10:33:52.952+0000] {logging_mixin.py:190} INFO - [2025-01-01T10:33:52.952+0000] {dag.py:4180} INFO - Setting next_dagrun for example_task_group to None, run_after=None
[2025-01-01T10:33:52.979+0000] {processor.py:208} INFO - Processing /home/airflow/.local/lib/python3.12/site-packages/airflow/example_dags/example_task_group.py took 0.110 seconds
[2025-01-01T10:34:23.717+0000] {processor.py:186} INFO - Started process (PID=2541) to work on /home/airflow/.local/lib/python3.12/site-packages/airflow/example_dags/example_task_group.py
[2025-01-01T10:34:23.718+0000] {processor.py:914} INFO - Processing file /home/airflow/.local/lib/python3.12/site-packages/airflow/example_dags/example_task_group.py for tasks to queue
[2025-01-01T10:34:23.722+0000] {logging_mixin.py:190} INFO - [2025-01-01T10:34:23.721+0000] {dagbag.py:588} INFO - Filling up the DagBag from /home/airflow/.local/lib/python3.12/site-packages/airflow/example_dags/example_task_group.py
[2025-01-01T10:34:23.734+0000] {processor.py:925} INFO - DAG(s) 'example_task_group' retrieved from /home/airflow/.local/lib/python3.12/site-packages/airflow/example_dags/example_task_group.py
[2025-01-01T10:34:23.782+0000] {logging_mixin.py:190} INFO - [2025-01-01T10:34:23.781+0000] {dag.py:3239} INFO - Sync 1 DAGs
[2025-01-01T10:34:23.799+0000] {logging_mixin.py:190} INFO - [2025-01-01T10:34:23.798+0000] {dag.py:4180} INFO - Setting next_dagrun for example_task_group to None, run_after=None
[2025-01-01T10:34:23.826+0000] {processor.py:208} INFO - Processing /home/airflow/.local/lib/python3.12/site-packages/airflow/example_dags/example_task_group.py took 0.117 seconds
[2025-01-01T10:34:53.914+0000] {processor.py:186} INFO - Started process (PID=2603) to work on /home/airflow/.local/lib/python3.12/site-packages/airflow/example_dags/example_task_group.py
[2025-01-01T10:34:53.915+0000] {processor.py:914} INFO - Processing file /home/airflow/.local/lib/python3.12/site-packages/airflow/example_dags/example_task_group.py for tasks to queue
[2025-01-01T10:34:53.918+0000] {logging_mixin.py:190} INFO - [2025-01-01T10:34:53.918+0000] {dagbag.py:588} INFO - Filling up the DagBag from /home/airflow/.local/lib/python3.12/site-packages/airflow/example_dags/example_task_group.py
[2025-01-01T10:34:53.929+0000] {processor.py:925} INFO - DAG(s) 'example_task_group' retrieved from /home/airflow/.local/lib/python3.12/site-packages/airflow/example_dags/example_task_group.py
[2025-01-01T10:34:53.956+0000] {logging_mixin.py:190} INFO - [2025-01-01T10:34:53.956+0000] {dag.py:3239} INFO - Sync 1 DAGs
[2025-01-01T10:34:53.976+0000] {logging_mixin.py:190} INFO - [2025-01-01T10:34:53.976+0000] {dag.py:4180} INFO - Setting next_dagrun for example_task_group to None, run_after=None
[2025-01-01T10:34:54.002+0000] {processor.py:208} INFO - Processing /home/airflow/.local/lib/python3.12/site-packages/airflow/example_dags/example_task_group.py took 0.098 seconds
[2025-01-01T10:35:26.577+0000] {processor.py:186} INFO - Started process (PID=2665) to work on /home/airflow/.local/lib/python3.12/site-packages/airflow/example_dags/example_task_group.py
[2025-01-01T10:35:26.583+0000] {processor.py:914} INFO - Processing file /home/airflow/.local/lib/python3.12/site-packages/airflow/example_dags/example_task_group.py for tasks to queue
[2025-01-01T10:35:26.596+0000] {logging_mixin.py:190} INFO - [2025-01-01T10:35:26.594+0000] {dagbag.py:588} INFO - Filling up the DagBag from /home/airflow/.local/lib/python3.12/site-packages/airflow/example_dags/example_task_group.py
[2025-01-01T10:35:26.654+0000] {processor.py:925} INFO - DAG(s) 'example_task_group' retrieved from /home/airflow/.local/lib/python3.12/site-packages/airflow/example_dags/example_task_group.py
[2025-01-01T10:35:26.821+0000] {logging_mixin.py:190} INFO - [2025-01-01T10:35:26.819+0000] {dag.py:3239} INFO - Sync 1 DAGs
[2025-01-01T10:35:27.017+0000] {logging_mixin.py:190} INFO - [2025-01-01T10:35:27.015+0000] {dag.py:4180} INFO - Setting next_dagrun for example_task_group to None, run_after=None
[2025-01-01T10:35:27.133+0000] {processor.py:208} INFO - Processing /home/airflow/.local/lib/python3.12/site-packages/airflow/example_dags/example_task_group.py took 0.592 seconds
[2025-01-01T10:35:57.592+0000] {processor.py:186} INFO - Started process (PID=2728) to work on /home/airflow/.local/lib/python3.12/site-packages/airflow/example_dags/example_task_group.py
[2025-01-01T10:35:57.595+0000] {processor.py:914} INFO - Processing file /home/airflow/.local/lib/python3.12/site-packages/airflow/example_dags/example_task_group.py for tasks to queue
[2025-01-01T10:35:57.604+0000] {logging_mixin.py:190} INFO - [2025-01-01T10:35:57.602+0000] {dagbag.py:588} INFO - Filling up the DagBag from /home/airflow/.local/lib/python3.12/site-packages/airflow/example_dags/example_task_group.py
[2025-01-01T10:35:57.666+0000] {processor.py:925} INFO - DAG(s) 'example_task_group' retrieved from /home/airflow/.local/lib/python3.12/site-packages/airflow/example_dags/example_task_group.py
[2025-01-01T10:35:57.873+0000] {logging_mixin.py:190} INFO - [2025-01-01T10:35:57.872+0000] {dag.py:3239} INFO - Sync 1 DAGs
[2025-01-01T10:35:57.904+0000] {logging_mixin.py:190} INFO - [2025-01-01T10:35:57.904+0000] {dag.py:4180} INFO - Setting next_dagrun for example_task_group to None, run_after=None
[2025-01-01T10:35:58.000+0000] {processor.py:208} INFO - Processing /home/airflow/.local/lib/python3.12/site-packages/airflow/example_dags/example_task_group.py took 0.425 seconds
[2025-01-01T10:36:29.733+0000] {processor.py:186} INFO - Started process (PID=2789) to work on /home/airflow/.local/lib/python3.12/site-packages/airflow/example_dags/example_task_group.py
[2025-01-01T10:36:29.738+0000] {processor.py:914} INFO - Processing file /home/airflow/.local/lib/python3.12/site-packages/airflow/example_dags/example_task_group.py for tasks to queue
[2025-01-01T10:36:29.750+0000] {logging_mixin.py:190} INFO - [2025-01-01T10:36:29.748+0000] {dagbag.py:588} INFO - Filling up the DagBag from /home/airflow/.local/lib/python3.12/site-packages/airflow/example_dags/example_task_group.py
[2025-01-01T10:36:29.795+0000] {processor.py:925} INFO - DAG(s) 'example_task_group' retrieved from /home/airflow/.local/lib/python3.12/site-packages/airflow/example_dags/example_task_group.py
[2025-01-01T10:36:29.891+0000] {logging_mixin.py:190} INFO - [2025-01-01T10:36:29.890+0000] {dag.py:3239} INFO - Sync 1 DAGs
[2025-01-01T10:36:29.946+0000] {logging_mixin.py:190} INFO - [2025-01-01T10:36:29.945+0000] {dag.py:4180} INFO - Setting next_dagrun for example_task_group to None, run_after=None
[2025-01-01T10:36:30.031+0000] {processor.py:208} INFO - Processing /home/airflow/.local/lib/python3.12/site-packages/airflow/example_dags/example_task_group.py took 0.331 seconds
[2025-01-01T10:37:00.210+0000] {processor.py:186} INFO - Started process (PID=2852) to work on /home/airflow/.local/lib/python3.12/site-packages/airflow/example_dags/example_task_group.py
[2025-01-01T10:37:00.212+0000] {processor.py:914} INFO - Processing file /home/airflow/.local/lib/python3.12/site-packages/airflow/example_dags/example_task_group.py for tasks to queue
[2025-01-01T10:37:00.218+0000] {logging_mixin.py:190} INFO - [2025-01-01T10:37:00.217+0000] {dagbag.py:588} INFO - Filling up the DagBag from /home/airflow/.local/lib/python3.12/site-packages/airflow/example_dags/example_task_group.py
[2025-01-01T10:37:00.239+0000] {processor.py:925} INFO - DAG(s) 'example_task_group' retrieved from /home/airflow/.local/lib/python3.12/site-packages/airflow/example_dags/example_task_group.py
[2025-01-01T10:37:00.284+0000] {logging_mixin.py:190} INFO - [2025-01-01T10:37:00.283+0000] {dag.py:3239} INFO - Sync 1 DAGs
[2025-01-01T10:37:00.314+0000] {logging_mixin.py:190} INFO - [2025-01-01T10:37:00.314+0000] {dag.py:4180} INFO - Setting next_dagrun for example_task_group to None, run_after=None
[2025-01-01T10:37:00.355+0000] {processor.py:208} INFO - Processing /home/airflow/.local/lib/python3.12/site-packages/airflow/example_dags/example_task_group.py took 0.159 seconds
[2025-01-01T10:37:30.747+0000] {processor.py:186} INFO - Started process (PID=2915) to work on /home/airflow/.local/lib/python3.12/site-packages/airflow/example_dags/example_task_group.py
[2025-01-01T10:37:30.750+0000] {processor.py:914} INFO - Processing file /home/airflow/.local/lib/python3.12/site-packages/airflow/example_dags/example_task_group.py for tasks to queue
[2025-01-01T10:37:30.757+0000] {logging_mixin.py:190} INFO - [2025-01-01T10:37:30.756+0000] {dagbag.py:588} INFO - Filling up the DagBag from /home/airflow/.local/lib/python3.12/site-packages/airflow/example_dags/example_task_group.py
[2025-01-01T10:37:30.782+0000] {processor.py:925} INFO - DAG(s) 'example_task_group' retrieved from /home/airflow/.local/lib/python3.12/site-packages/airflow/example_dags/example_task_group.py
[2025-01-01T10:37:30.842+0000] {logging_mixin.py:190} INFO - [2025-01-01T10:37:30.841+0000] {dag.py:3239} INFO - Sync 1 DAGs
[2025-01-01T10:37:30.883+0000] {logging_mixin.py:190} INFO - [2025-01-01T10:37:30.882+0000] {dag.py:4180} INFO - Setting next_dagrun for example_task_group to None, run_after=None
[2025-01-01T10:37:30.949+0000] {processor.py:208} INFO - Processing /home/airflow/.local/lib/python3.12/site-packages/airflow/example_dags/example_task_group.py took 0.219 seconds
[2025-01-01T10:38:01.036+0000] {processor.py:186} INFO - Started process (PID=2978) to work on /home/airflow/.local/lib/python3.12/site-packages/airflow/example_dags/example_task_group.py
[2025-01-01T10:38:01.038+0000] {processor.py:914} INFO - Processing file /home/airflow/.local/lib/python3.12/site-packages/airflow/example_dags/example_task_group.py for tasks to queue
[2025-01-01T10:38:01.040+0000] {logging_mixin.py:190} INFO - [2025-01-01T10:38:01.039+0000] {dagbag.py:588} INFO - Filling up the DagBag from /home/airflow/.local/lib/python3.12/site-packages/airflow/example_dags/example_task_group.py
[2025-01-01T10:38:01.047+0000] {processor.py:925} INFO - DAG(s) 'example_task_group' retrieved from /home/airflow/.local/lib/python3.12/site-packages/airflow/example_dags/example_task_group.py
[2025-01-01T10:38:01.070+0000] {logging_mixin.py:190} INFO - [2025-01-01T10:38:01.070+0000] {dag.py:3239} INFO - Sync 1 DAGs
[2025-01-01T10:38:01.083+0000] {logging_mixin.py:190} INFO - [2025-01-01T10:38:01.083+0000] {dag.py:4180} INFO - Setting next_dagrun for example_task_group to None, run_after=None
[2025-01-01T10:38:01.105+0000] {processor.py:208} INFO - Processing /home/airflow/.local/lib/python3.12/site-packages/airflow/example_dags/example_task_group.py took 0.075 seconds
[2025-01-01T10:38:31.995+0000] {processor.py:186} INFO - Started process (PID=3041) to work on /home/airflow/.local/lib/python3.12/site-packages/airflow/example_dags/example_task_group.py
[2025-01-01T10:38:31.997+0000] {processor.py:914} INFO - Processing file /home/airflow/.local/lib/python3.12/site-packages/airflow/example_dags/example_task_group.py for tasks to queue
[2025-01-01T10:38:32.000+0000] {logging_mixin.py:190} INFO - [2025-01-01T10:38:32.000+0000] {dagbag.py:588} INFO - Filling up the DagBag from /home/airflow/.local/lib/python3.12/site-packages/airflow/example_dags/example_task_group.py
[2025-01-01T10:38:32.012+0000] {processor.py:925} INFO - DAG(s) 'example_task_group' retrieved from /home/airflow/.local/lib/python3.12/site-packages/airflow/example_dags/example_task_group.py
[2025-01-01T10:38:32.040+0000] {logging_mixin.py:190} INFO - [2025-01-01T10:38:32.040+0000] {dag.py:3239} INFO - Sync 1 DAGs
[2025-01-01T10:38:32.057+0000] {logging_mixin.py:190} INFO - [2025-01-01T10:38:32.057+0000] {dag.py:4180} INFO - Setting next_dagrun for example_task_group to None, run_after=None
[2025-01-01T10:38:32.086+0000] {processor.py:208} INFO - Processing /home/airflow/.local/lib/python3.12/site-packages/airflow/example_dags/example_task_group.py took 0.098 seconds
[2025-01-01T10:39:02.497+0000] {processor.py:186} INFO - Started process (PID=3103) to work on /home/airflow/.local/lib/python3.12/site-packages/airflow/example_dags/example_task_group.py
[2025-01-01T10:39:02.499+0000] {processor.py:914} INFO - Processing file /home/airflow/.local/lib/python3.12/site-packages/airflow/example_dags/example_task_group.py for tasks to queue
[2025-01-01T10:39:02.505+0000] {logging_mixin.py:190} INFO - [2025-01-01T10:39:02.505+0000] {dagbag.py:588} INFO - Filling up the DagBag from /home/airflow/.local/lib/python3.12/site-packages/airflow/example_dags/example_task_group.py
[2025-01-01T10:39:02.527+0000] {processor.py:925} INFO - DAG(s) 'example_task_group' retrieved from /home/airflow/.local/lib/python3.12/site-packages/airflow/example_dags/example_task_group.py
[2025-01-01T10:39:02.572+0000] {logging_mixin.py:190} INFO - [2025-01-01T10:39:02.572+0000] {dag.py:3239} INFO - Sync 1 DAGs
[2025-01-01T10:39:02.609+0000] {logging_mixin.py:190} INFO - [2025-01-01T10:39:02.609+0000] {dag.py:4180} INFO - Setting next_dagrun for example_task_group to None, run_after=None
[2025-01-01T10:39:02.951+0000] {processor.py:208} INFO - Processing /home/airflow/.local/lib/python3.12/site-packages/airflow/example_dags/example_task_group.py took 0.470 seconds
[2025-01-01T10:39:47.871+0000] {processor.py:186} INFO - Started process (PID=3171) to work on /home/airflow/.local/lib/python3.12/site-packages/airflow/example_dags/example_task_group.py
[2025-01-01T10:39:47.879+0000] {processor.py:914} INFO - Processing file /home/airflow/.local/lib/python3.12/site-packages/airflow/example_dags/example_task_group.py for tasks to queue
[2025-01-01T10:39:47.900+0000] {logging_mixin.py:190} INFO - [2025-01-01T10:39:47.897+0000] {dagbag.py:588} INFO - Filling up the DagBag from /home/airflow/.local/lib/python3.12/site-packages/airflow/example_dags/example_task_group.py
[2025-01-01T10:39:47.999+0000] {processor.py:925} INFO - DAG(s) 'example_task_group' retrieved from /home/airflow/.local/lib/python3.12/site-packages/airflow/example_dags/example_task_group.py
[2025-01-01T10:39:48.239+0000] {logging_mixin.py:190} INFO - [2025-01-01T10:39:48.237+0000] {dag.py:3239} INFO - Sync 1 DAGs
[2025-01-01T10:39:48.413+0000] {logging_mixin.py:190} INFO - [2025-01-01T10:39:48.410+0000] {dag.py:4180} INFO - Setting next_dagrun for example_task_group to None, run_after=None
[2025-01-01T10:39:49.607+0000] {processor.py:208} INFO - Processing /home/airflow/.local/lib/python3.12/site-packages/airflow/example_dags/example_task_group.py took 1.799 seconds
[2025-01-01T10:40:23.949+0000] {processor.py:186} INFO - Started process (PID=3227) to work on /home/airflow/.local/lib/python3.12/site-packages/airflow/example_dags/example_task_group.py
[2025-01-01T10:40:23.952+0000] {processor.py:914} INFO - Processing file /home/airflow/.local/lib/python3.12/site-packages/airflow/example_dags/example_task_group.py for tasks to queue
[2025-01-01T10:40:23.960+0000] {logging_mixin.py:190} INFO - [2025-01-01T10:40:23.959+0000] {dagbag.py:588} INFO - Filling up the DagBag from /home/airflow/.local/lib/python3.12/site-packages/airflow/example_dags/example_task_group.py
[2025-01-01T10:40:23.989+0000] {processor.py:925} INFO - DAG(s) 'example_task_group' retrieved from /home/airflow/.local/lib/python3.12/site-packages/airflow/example_dags/example_task_group.py
[2025-01-01T10:40:24.063+0000] {logging_mixin.py:190} INFO - [2025-01-01T10:40:24.062+0000] {dag.py:3239} INFO - Sync 1 DAGs
[2025-01-01T10:40:24.111+0000] {logging_mixin.py:190} INFO - [2025-01-01T10:40:24.111+0000] {dag.py:4180} INFO - Setting next_dagrun for example_task_group to None, run_after=None
[2025-01-01T10:40:24.185+0000] {processor.py:208} INFO - Processing /home/airflow/.local/lib/python3.12/site-packages/airflow/example_dags/example_task_group.py took 0.256 seconds
[2025-01-01T10:41:02.665+0000] {processor.py:186} INFO - Started process (PID=3291) to work on /home/airflow/.local/lib/python3.12/site-packages/airflow/example_dags/example_task_group.py
[2025-01-01T10:41:02.674+0000] {processor.py:914} INFO - Processing file /home/airflow/.local/lib/python3.12/site-packages/airflow/example_dags/example_task_group.py for tasks to queue
[2025-01-01T10:41:02.696+0000] {logging_mixin.py:190} INFO - [2025-01-01T10:41:02.693+0000] {dagbag.py:588} INFO - Filling up the DagBag from /home/airflow/.local/lib/python3.12/site-packages/airflow/example_dags/example_task_group.py
[2025-01-01T10:41:02.782+0000] {processor.py:925} INFO - DAG(s) 'example_task_group' retrieved from /home/airflow/.local/lib/python3.12/site-packages/airflow/example_dags/example_task_group.py
[2025-01-01T10:41:02.937+0000] {logging_mixin.py:190} INFO - [2025-01-01T10:41:02.935+0000] {dag.py:3239} INFO - Sync 1 DAGs
[2025-01-01T10:41:03.029+0000] {logging_mixin.py:190} INFO - [2025-01-01T10:41:03.027+0000] {dag.py:4180} INFO - Setting next_dagrun for example_task_group to None, run_after=None
[2025-01-01T10:41:03.202+0000] {processor.py:208} INFO - Processing /home/airflow/.local/lib/python3.12/site-packages/airflow/example_dags/example_task_group.py took 0.580 seconds
[2025-01-01T10:41:33.875+0000] {processor.py:186} INFO - Started process (PID=3354) to work on /home/airflow/.local/lib/python3.12/site-packages/airflow/example_dags/example_task_group.py
[2025-01-01T10:41:33.876+0000] {processor.py:914} INFO - Processing file /home/airflow/.local/lib/python3.12/site-packages/airflow/example_dags/example_task_group.py for tasks to queue
[2025-01-01T10:41:33.879+0000] {logging_mixin.py:190} INFO - [2025-01-01T10:41:33.879+0000] {dagbag.py:588} INFO - Filling up the DagBag from /home/airflow/.local/lib/python3.12/site-packages/airflow/example_dags/example_task_group.py
[2025-01-01T10:41:33.889+0000] {processor.py:925} INFO - DAG(s) 'example_task_group' retrieved from /home/airflow/.local/lib/python3.12/site-packages/airflow/example_dags/example_task_group.py
[2025-01-01T10:41:33.912+0000] {logging_mixin.py:190} INFO - [2025-01-01T10:41:33.912+0000] {dag.py:3239} INFO - Sync 1 DAGs
[2025-01-01T10:41:33.927+0000] {logging_mixin.py:190} INFO - [2025-01-01T10:41:33.927+0000] {dag.py:4180} INFO - Setting next_dagrun for example_task_group to None, run_after=None
[2025-01-01T10:41:33.951+0000] {processor.py:208} INFO - Processing /home/airflow/.local/lib/python3.12/site-packages/airflow/example_dags/example_task_group.py took 0.082 seconds
[2025-01-01T10:42:04.226+0000] {processor.py:186} INFO - Started process (PID=3417) to work on /home/airflow/.local/lib/python3.12/site-packages/airflow/example_dags/example_task_group.py
[2025-01-01T10:42:04.228+0000] {processor.py:914} INFO - Processing file /home/airflow/.local/lib/python3.12/site-packages/airflow/example_dags/example_task_group.py for tasks to queue
[2025-01-01T10:42:04.230+0000] {logging_mixin.py:190} INFO - [2025-01-01T10:42:04.230+0000] {dagbag.py:588} INFO - Filling up the DagBag from /home/airflow/.local/lib/python3.12/site-packages/airflow/example_dags/example_task_group.py
[2025-01-01T10:42:04.240+0000] {processor.py:925} INFO - DAG(s) 'example_task_group' retrieved from /home/airflow/.local/lib/python3.12/site-packages/airflow/example_dags/example_task_group.py
[2025-01-01T10:42:04.264+0000] {logging_mixin.py:190} INFO - [2025-01-01T10:42:04.264+0000] {dag.py:3239} INFO - Sync 1 DAGs
[2025-01-01T10:42:04.279+0000] {logging_mixin.py:190} INFO - [2025-01-01T10:42:04.279+0000] {dag.py:4180} INFO - Setting next_dagrun for example_task_group to None, run_after=None
[2025-01-01T10:42:04.306+0000] {processor.py:208} INFO - Processing /home/airflow/.local/lib/python3.12/site-packages/airflow/example_dags/example_task_group.py took 0.085 seconds
[2025-01-01T10:42:34.638+0000] {processor.py:186} INFO - Started process (PID=3481) to work on /home/airflow/.local/lib/python3.12/site-packages/airflow/example_dags/example_task_group.py
[2025-01-01T10:42:34.640+0000] {processor.py:914} INFO - Processing file /home/airflow/.local/lib/python3.12/site-packages/airflow/example_dags/example_task_group.py for tasks to queue
[2025-01-01T10:42:34.645+0000] {logging_mixin.py:190} INFO - [2025-01-01T10:42:34.645+0000] {dagbag.py:588} INFO - Filling up the DagBag from /home/airflow/.local/lib/python3.12/site-packages/airflow/example_dags/example_task_group.py
[2025-01-01T10:42:34.663+0000] {processor.py:925} INFO - DAG(s) 'example_task_group' retrieved from /home/airflow/.local/lib/python3.12/site-packages/airflow/example_dags/example_task_group.py
[2025-01-01T10:42:34.714+0000] {logging_mixin.py:190} INFO - [2025-01-01T10:42:34.713+0000] {dag.py:3239} INFO - Sync 1 DAGs
[2025-01-01T10:42:34.746+0000] {logging_mixin.py:190} INFO - [2025-01-01T10:42:34.745+0000] {dag.py:4180} INFO - Setting next_dagrun for example_task_group to None, run_after=None
[2025-01-01T10:42:34.783+0000] {processor.py:208} INFO - Processing /home/airflow/.local/lib/python3.12/site-packages/airflow/example_dags/example_task_group.py took 0.156 seconds
[2025-01-01T10:43:05.252+0000] {processor.py:186} INFO - Started process (PID=3544) to work on /home/airflow/.local/lib/python3.12/site-packages/airflow/example_dags/example_task_group.py
[2025-01-01T10:43:05.256+0000] {processor.py:914} INFO - Processing file /home/airflow/.local/lib/python3.12/site-packages/airflow/example_dags/example_task_group.py for tasks to queue
[2025-01-01T10:43:05.268+0000] {logging_mixin.py:190} INFO - [2025-01-01T10:43:05.266+0000] {dagbag.py:588} INFO - Filling up the DagBag from /home/airflow/.local/lib/python3.12/site-packages/airflow/example_dags/example_task_group.py
[2025-01-01T10:43:05.318+0000] {processor.py:925} INFO - DAG(s) 'example_task_group' retrieved from /home/airflow/.local/lib/python3.12/site-packages/airflow/example_dags/example_task_group.py
[2025-01-01T10:43:05.413+0000] {logging_mixin.py:190} INFO - [2025-01-01T10:43:05.412+0000] {dag.py:3239} INFO - Sync 1 DAGs
[2025-01-01T10:43:05.485+0000] {logging_mixin.py:190} INFO - [2025-01-01T10:43:05.484+0000] {dag.py:4180} INFO - Setting next_dagrun for example_task_group to None, run_after=None
[2025-01-01T10:43:05.573+0000] {processor.py:208} INFO - Processing /home/airflow/.local/lib/python3.12/site-packages/airflow/example_dags/example_task_group.py took 0.354 seconds
[2025-01-01T10:43:36.383+0000] {processor.py:186} INFO - Started process (PID=3607) to work on /home/airflow/.local/lib/python3.12/site-packages/airflow/example_dags/example_task_group.py
[2025-01-01T10:43:36.385+0000] {processor.py:914} INFO - Processing file /home/airflow/.local/lib/python3.12/site-packages/airflow/example_dags/example_task_group.py for tasks to queue
[2025-01-01T10:43:36.392+0000] {logging_mixin.py:190} INFO - [2025-01-01T10:43:36.391+0000] {dagbag.py:588} INFO - Filling up the DagBag from /home/airflow/.local/lib/python3.12/site-packages/airflow/example_dags/example_task_group.py
[2025-01-01T10:43:36.445+0000] {processor.py:925} INFO - DAG(s) 'example_task_group' retrieved from /home/airflow/.local/lib/python3.12/site-packages/airflow/example_dags/example_task_group.py
[2025-01-01T10:43:36.502+0000] {logging_mixin.py:190} INFO - [2025-01-01T10:43:36.501+0000] {dag.py:3239} INFO - Sync 1 DAGs
[2025-01-01T10:43:36.544+0000] {logging_mixin.py:190} INFO - [2025-01-01T10:43:36.544+0000] {dag.py:4180} INFO - Setting next_dagrun for example_task_group to None, run_after=None
[2025-01-01T10:43:36.588+0000] {processor.py:208} INFO - Processing /home/airflow/.local/lib/python3.12/site-packages/airflow/example_dags/example_task_group.py took 0.223 seconds
[2025-01-01T10:44:06.859+0000] {processor.py:186} INFO - Started process (PID=3675) to work on /home/airflow/.local/lib/python3.12/site-packages/airflow/example_dags/example_task_group.py
[2025-01-01T10:44:06.860+0000] {processor.py:914} INFO - Processing file /home/airflow/.local/lib/python3.12/site-packages/airflow/example_dags/example_task_group.py for tasks to queue
[2025-01-01T10:44:06.864+0000] {logging_mixin.py:190} INFO - [2025-01-01T10:44:06.863+0000] {dagbag.py:588} INFO - Filling up the DagBag from /home/airflow/.local/lib/python3.12/site-packages/airflow/example_dags/example_task_group.py
[2025-01-01T10:44:06.875+0000] {processor.py:925} INFO - DAG(s) 'example_task_group' retrieved from /home/airflow/.local/lib/python3.12/site-packages/airflow/example_dags/example_task_group.py
[2025-01-01T10:44:06.903+0000] {logging_mixin.py:190} INFO - [2025-01-01T10:44:06.903+0000] {dag.py:3239} INFO - Sync 1 DAGs
[2025-01-01T10:44:06.922+0000] {logging_mixin.py:190} INFO - [2025-01-01T10:44:06.922+0000] {dag.py:4180} INFO - Setting next_dagrun for example_task_group to None, run_after=None
[2025-01-01T10:44:06.950+0000] {processor.py:208} INFO - Processing /home/airflow/.local/lib/python3.12/site-packages/airflow/example_dags/example_task_group.py took 0.098 seconds
[2025-01-01T10:44:37.365+0000] {processor.py:186} INFO - Started process (PID=3738) to work on /home/airflow/.local/lib/python3.12/site-packages/airflow/example_dags/example_task_group.py
[2025-01-01T10:44:37.366+0000] {processor.py:914} INFO - Processing file /home/airflow/.local/lib/python3.12/site-packages/airflow/example_dags/example_task_group.py for tasks to queue
[2025-01-01T10:44:37.369+0000] {logging_mixin.py:190} INFO - [2025-01-01T10:44:37.369+0000] {dagbag.py:588} INFO - Filling up the DagBag from /home/airflow/.local/lib/python3.12/site-packages/airflow/example_dags/example_task_group.py
[2025-01-01T10:44:37.381+0000] {processor.py:925} INFO - DAG(s) 'example_task_group' retrieved from /home/airflow/.local/lib/python3.12/site-packages/airflow/example_dags/example_task_group.py
[2025-01-01T10:44:37.409+0000] {logging_mixin.py:190} INFO - [2025-01-01T10:44:37.408+0000] {dag.py:3239} INFO - Sync 1 DAGs
[2025-01-01T10:44:37.426+0000] {logging_mixin.py:190} INFO - [2025-01-01T10:44:37.426+0000] {dag.py:4180} INFO - Setting next_dagrun for example_task_group to None, run_after=None
[2025-01-01T10:44:37.454+0000] {processor.py:208} INFO - Processing /home/airflow/.local/lib/python3.12/site-packages/airflow/example_dags/example_task_group.py took 0.096 seconds
[2025-01-01T10:45:07.848+0000] {processor.py:186} INFO - Started process (PID=3801) to work on /home/airflow/.local/lib/python3.12/site-packages/airflow/example_dags/example_task_group.py
[2025-01-01T10:45:07.849+0000] {processor.py:914} INFO - Processing file /home/airflow/.local/lib/python3.12/site-packages/airflow/example_dags/example_task_group.py for tasks to queue
[2025-01-01T10:45:07.853+0000] {logging_mixin.py:190} INFO - [2025-01-01T10:45:07.852+0000] {dagbag.py:588} INFO - Filling up the DagBag from /home/airflow/.local/lib/python3.12/site-packages/airflow/example_dags/example_task_group.py
[2025-01-01T10:45:07.864+0000] {processor.py:925} INFO - DAG(s) 'example_task_group' retrieved from /home/airflow/.local/lib/python3.12/site-packages/airflow/example_dags/example_task_group.py
[2025-01-01T10:45:07.893+0000] {logging_mixin.py:190} INFO - [2025-01-01T10:45:07.892+0000] {dag.py:3239} INFO - Sync 1 DAGs
[2025-01-01T10:45:07.910+0000] {logging_mixin.py:190} INFO - [2025-01-01T10:45:07.910+0000] {dag.py:4180} INFO - Setting next_dagrun for example_task_group to None, run_after=None
[2025-01-01T10:45:07.939+0000] {processor.py:208} INFO - Processing /home/airflow/.local/lib/python3.12/site-packages/airflow/example_dags/example_task_group.py took 0.099 seconds
[2025-01-01T10:45:41.591+0000] {processor.py:186} INFO - Started process (PID=3864) to work on /home/airflow/.local/lib/python3.12/site-packages/airflow/example_dags/example_task_group.py
[2025-01-01T10:45:41.596+0000] {processor.py:914} INFO - Processing file /home/airflow/.local/lib/python3.12/site-packages/airflow/example_dags/example_task_group.py for tasks to queue
[2025-01-01T10:45:41.608+0000] {logging_mixin.py:190} INFO - [2025-01-01T10:45:41.606+0000] {dagbag.py:588} INFO - Filling up the DagBag from /home/airflow/.local/lib/python3.12/site-packages/airflow/example_dags/example_task_group.py
[2025-01-01T10:45:41.649+0000] {processor.py:925} INFO - DAG(s) 'example_task_group' retrieved from /home/airflow/.local/lib/python3.12/site-packages/airflow/example_dags/example_task_group.py
[2025-01-01T10:45:41.745+0000] {logging_mixin.py:190} INFO - [2025-01-01T10:45:41.744+0000] {dag.py:3239} INFO - Sync 1 DAGs
[2025-01-01T10:45:41.817+0000] {logging_mixin.py:190} INFO - [2025-01-01T10:45:41.816+0000] {dag.py:4180} INFO - Setting next_dagrun for example_task_group to None, run_after=None
[2025-01-01T10:45:41.895+0000] {processor.py:208} INFO - Processing /home/airflow/.local/lib/python3.12/site-packages/airflow/example_dags/example_task_group.py took 0.333 seconds
[2025-01-01T10:46:12.229+0000] {processor.py:186} INFO - Started process (PID=3926) to work on /home/airflow/.local/lib/python3.12/site-packages/airflow/example_dags/example_task_group.py
[2025-01-01T10:46:12.230+0000] {processor.py:914} INFO - Processing file /home/airflow/.local/lib/python3.12/site-packages/airflow/example_dags/example_task_group.py for tasks to queue
[2025-01-01T10:46:12.234+0000] {logging_mixin.py:190} INFO - [2025-01-01T10:46:12.233+0000] {dagbag.py:588} INFO - Filling up the DagBag from /home/airflow/.local/lib/python3.12/site-packages/airflow/example_dags/example_task_group.py
[2025-01-01T10:46:12.246+0000] {processor.py:925} INFO - DAG(s) 'example_task_group' retrieved from /home/airflow/.local/lib/python3.12/site-packages/airflow/example_dags/example_task_group.py
[2025-01-01T10:46:12.279+0000] {logging_mixin.py:190} INFO - [2025-01-01T10:46:12.279+0000] {dag.py:3239} INFO - Sync 1 DAGs
[2025-01-01T10:46:12.301+0000] {logging_mixin.py:190} INFO - [2025-01-01T10:46:12.301+0000] {dag.py:4180} INFO - Setting next_dagrun for example_task_group to None, run_after=None
[2025-01-01T10:46:12.335+0000] {processor.py:208} INFO - Processing /home/airflow/.local/lib/python3.12/site-packages/airflow/example_dags/example_task_group.py took 0.114 seconds
[2025-01-01T10:46:42.564+0000] {processor.py:186} INFO - Started process (PID=3989) to work on /home/airflow/.local/lib/python3.12/site-packages/airflow/example_dags/example_task_group.py
[2025-01-01T10:46:42.566+0000] {processor.py:914} INFO - Processing file /home/airflow/.local/lib/python3.12/site-packages/airflow/example_dags/example_task_group.py for tasks to queue
[2025-01-01T10:46:42.569+0000] {logging_mixin.py:190} INFO - [2025-01-01T10:46:42.569+0000] {dagbag.py:588} INFO - Filling up the DagBag from /home/airflow/.local/lib/python3.12/site-packages/airflow/example_dags/example_task_group.py
[2025-01-01T10:46:42.580+0000] {processor.py:925} INFO - DAG(s) 'example_task_group' retrieved from /home/airflow/.local/lib/python3.12/site-packages/airflow/example_dags/example_task_group.py
[2025-01-01T10:46:42.606+0000] {logging_mixin.py:190} INFO - [2025-01-01T10:46:42.606+0000] {dag.py:3239} INFO - Sync 1 DAGs
[2025-01-01T10:46:42.623+0000] {logging_mixin.py:190} INFO - [2025-01-01T10:46:42.623+0000] {dag.py:4180} INFO - Setting next_dagrun for example_task_group to None, run_after=None
[2025-01-01T10:46:42.650+0000] {processor.py:208} INFO - Processing /home/airflow/.local/lib/python3.12/site-packages/airflow/example_dags/example_task_group.py took 0.092 seconds
[2025-01-01T10:47:12.868+0000] {processor.py:186} INFO - Started process (PID=4052) to work on /home/airflow/.local/lib/python3.12/site-packages/airflow/example_dags/example_task_group.py
[2025-01-01T10:47:12.873+0000] {processor.py:914} INFO - Processing file /home/airflow/.local/lib/python3.12/site-packages/airflow/example_dags/example_task_group.py for tasks to queue
[2025-01-01T10:47:12.882+0000] {logging_mixin.py:190} INFO - [2025-01-01T10:47:12.881+0000] {dagbag.py:588} INFO - Filling up the DagBag from /home/airflow/.local/lib/python3.12/site-packages/airflow/example_dags/example_task_group.py
[2025-01-01T10:47:12.924+0000] {processor.py:925} INFO - DAG(s) 'example_task_group' retrieved from /home/airflow/.local/lib/python3.12/site-packages/airflow/example_dags/example_task_group.py
[2025-01-01T10:47:13.008+0000] {logging_mixin.py:190} INFO - [2025-01-01T10:47:13.007+0000] {dag.py:3239} INFO - Sync 1 DAGs
[2025-01-01T10:47:13.072+0000] {logging_mixin.py:190} INFO - [2025-01-01T10:47:13.071+0000] {dag.py:4180} INFO - Setting next_dagrun for example_task_group to None, run_after=None
[2025-01-01T10:47:13.159+0000] {processor.py:208} INFO - Processing /home/airflow/.local/lib/python3.12/site-packages/airflow/example_dags/example_task_group.py took 0.314 seconds
[2025-01-01T10:47:45.738+0000] {processor.py:186} INFO - Started process (PID=4115) to work on /home/airflow/.local/lib/python3.12/site-packages/airflow/example_dags/example_task_group.py
[2025-01-01T10:47:45.754+0000] {processor.py:914} INFO - Processing file /home/airflow/.local/lib/python3.12/site-packages/airflow/example_dags/example_task_group.py for tasks to queue
[2025-01-01T10:47:45.783+0000] {logging_mixin.py:190} INFO - [2025-01-01T10:47:45.781+0000] {dagbag.py:588} INFO - Filling up the DagBag from /home/airflow/.local/lib/python3.12/site-packages/airflow/example_dags/example_task_group.py
[2025-01-01T10:47:46.004+0000] {processor.py:925} INFO - DAG(s) 'example_task_group' retrieved from /home/airflow/.local/lib/python3.12/site-packages/airflow/example_dags/example_task_group.py
[2025-01-01T10:47:46.222+0000] {logging_mixin.py:190} INFO - [2025-01-01T10:47:46.221+0000] {dag.py:3239} INFO - Sync 1 DAGs
[2025-01-01T10:47:46.384+0000] {logging_mixin.py:190} INFO - [2025-01-01T10:47:46.382+0000] {dag.py:4180} INFO - Setting next_dagrun for example_task_group to None, run_after=None
[2025-01-01T10:47:46.599+0000] {processor.py:208} INFO - Processing /home/airflow/.local/lib/python3.12/site-packages/airflow/example_dags/example_task_group.py took 0.966 seconds
[2025-01-01T10:48:17.274+0000] {processor.py:186} INFO - Started process (PID=4177) to work on /home/airflow/.local/lib/python3.12/site-packages/airflow/example_dags/example_task_group.py
[2025-01-01T10:48:17.276+0000] {processor.py:914} INFO - Processing file /home/airflow/.local/lib/python3.12/site-packages/airflow/example_dags/example_task_group.py for tasks to queue
[2025-01-01T10:48:17.280+0000] {logging_mixin.py:190} INFO - [2025-01-01T10:48:17.280+0000] {dagbag.py:588} INFO - Filling up the DagBag from /home/airflow/.local/lib/python3.12/site-packages/airflow/example_dags/example_task_group.py
[2025-01-01T10:48:17.291+0000] {processor.py:925} INFO - DAG(s) 'example_task_group' retrieved from /home/airflow/.local/lib/python3.12/site-packages/airflow/example_dags/example_task_group.py
[2025-01-01T10:48:17.315+0000] {logging_mixin.py:190} INFO - [2025-01-01T10:48:17.315+0000] {dag.py:3239} INFO - Sync 1 DAGs
[2025-01-01T10:48:17.331+0000] {logging_mixin.py:190} INFO - [2025-01-01T10:48:17.330+0000] {dag.py:4180} INFO - Setting next_dagrun for example_task_group to None, run_after=None
[2025-01-01T10:48:17.356+0000] {processor.py:208} INFO - Processing /home/airflow/.local/lib/python3.12/site-packages/airflow/example_dags/example_task_group.py took 0.088 seconds
[2025-01-01T10:48:48.035+0000] {processor.py:186} INFO - Started process (PID=4240) to work on /home/airflow/.local/lib/python3.12/site-packages/airflow/example_dags/example_task_group.py
[2025-01-01T10:48:48.038+0000] {processor.py:914} INFO - Processing file /home/airflow/.local/lib/python3.12/site-packages/airflow/example_dags/example_task_group.py for tasks to queue
[2025-01-01T10:48:48.044+0000] {logging_mixin.py:190} INFO - [2025-01-01T10:48:48.043+0000] {dagbag.py:588} INFO - Filling up the DagBag from /home/airflow/.local/lib/python3.12/site-packages/airflow/example_dags/example_task_group.py
[2025-01-01T10:48:48.082+0000] {processor.py:925} INFO - DAG(s) 'example_task_group' retrieved from /home/airflow/.local/lib/python3.12/site-packages/airflow/example_dags/example_task_group.py
[2025-01-01T10:48:48.171+0000] {logging_mixin.py:190} INFO - [2025-01-01T10:48:48.170+0000] {dag.py:3239} INFO - Sync 1 DAGs
[2025-01-01T10:48:48.237+0000] {logging_mixin.py:190} INFO - [2025-01-01T10:48:48.236+0000] {dag.py:4180} INFO - Setting next_dagrun for example_task_group to None, run_after=None
[2025-01-01T10:48:48.296+0000] {processor.py:208} INFO - Processing /home/airflow/.local/lib/python3.12/site-packages/airflow/example_dags/example_task_group.py took 0.279 seconds
[2025-01-01T10:49:18.555+0000] {processor.py:186} INFO - Started process (PID=4302) to work on /home/airflow/.local/lib/python3.12/site-packages/airflow/example_dags/example_task_group.py
[2025-01-01T10:49:18.557+0000] {processor.py:914} INFO - Processing file /home/airflow/.local/lib/python3.12/site-packages/airflow/example_dags/example_task_group.py for tasks to queue
[2025-01-01T10:49:18.561+0000] {logging_mixin.py:190} INFO - [2025-01-01T10:49:18.561+0000] {dagbag.py:588} INFO - Filling up the DagBag from /home/airflow/.local/lib/python3.12/site-packages/airflow/example_dags/example_task_group.py
[2025-01-01T10:49:18.575+0000] {processor.py:925} INFO - DAG(s) 'example_task_group' retrieved from /home/airflow/.local/lib/python3.12/site-packages/airflow/example_dags/example_task_group.py
[2025-01-01T10:49:18.608+0000] {logging_mixin.py:190} INFO - [2025-01-01T10:49:18.608+0000] {dag.py:3239} INFO - Sync 1 DAGs
[2025-01-01T10:49:18.634+0000] {logging_mixin.py:190} INFO - [2025-01-01T10:49:18.633+0000] {dag.py:4180} INFO - Setting next_dagrun for example_task_group to None, run_after=None
[2025-01-01T10:49:18.671+0000] {processor.py:208} INFO - Processing /home/airflow/.local/lib/python3.12/site-packages/airflow/example_dags/example_task_group.py took 0.125 seconds
[2025-01-01T10:49:48.989+0000] {processor.py:186} INFO - Started process (PID=4364) to work on /home/airflow/.local/lib/python3.12/site-packages/airflow/example_dags/example_task_group.py
[2025-01-01T10:49:48.990+0000] {processor.py:914} INFO - Processing file /home/airflow/.local/lib/python3.12/site-packages/airflow/example_dags/example_task_group.py for tasks to queue
[2025-01-01T10:49:48.993+0000] {logging_mixin.py:190} INFO - [2025-01-01T10:49:48.993+0000] {dagbag.py:588} INFO - Filling up the DagBag from /home/airflow/.local/lib/python3.12/site-packages/airflow/example_dags/example_task_group.py
[2025-01-01T10:49:49.006+0000] {processor.py:925} INFO - DAG(s) 'example_task_group' retrieved from /home/airflow/.local/lib/python3.12/site-packages/airflow/example_dags/example_task_group.py
[2025-01-01T10:49:49.029+0000] {logging_mixin.py:190} INFO - [2025-01-01T10:49:49.029+0000] {dag.py:3239} INFO - Sync 1 DAGs
[2025-01-01T10:49:49.043+0000] {logging_mixin.py:190} INFO - [2025-01-01T10:49:49.043+0000] {dag.py:4180} INFO - Setting next_dagrun for example_task_group to None, run_after=None
[2025-01-01T10:49:49.069+0000] {processor.py:208} INFO - Processing /home/airflow/.local/lib/python3.12/site-packages/airflow/example_dags/example_task_group.py took 0.086 seconds
[2025-01-01T10:50:20.192+0000] {processor.py:186} INFO - Started process (PID=4426) to work on /home/airflow/.local/lib/python3.12/site-packages/airflow/example_dags/example_task_group.py
[2025-01-01T10:50:20.196+0000] {processor.py:914} INFO - Processing file /home/airflow/.local/lib/python3.12/site-packages/airflow/example_dags/example_task_group.py for tasks to queue
[2025-01-01T10:50:20.209+0000] {logging_mixin.py:190} INFO - [2025-01-01T10:50:20.207+0000] {dagbag.py:588} INFO - Filling up the DagBag from /home/airflow/.local/lib/python3.12/site-packages/airflow/example_dags/example_task_group.py
[2025-01-01T10:50:20.254+0000] {processor.py:925} INFO - DAG(s) 'example_task_group' retrieved from /home/airflow/.local/lib/python3.12/site-packages/airflow/example_dags/example_task_group.py
[2025-01-01T10:50:20.359+0000] {logging_mixin.py:190} INFO - [2025-01-01T10:50:20.358+0000] {dag.py:3239} INFO - Sync 1 DAGs
[2025-01-01T10:50:20.428+0000] {logging_mixin.py:190} INFO - [2025-01-01T10:50:20.427+0000] {dag.py:4180} INFO - Setting next_dagrun for example_task_group to None, run_after=None
[2025-01-01T10:50:20.510+0000] {processor.py:208} INFO - Processing /home/airflow/.local/lib/python3.12/site-packages/airflow/example_dags/example_task_group.py took 0.348 seconds
[2025-01-01T10:50:58.265+0000] {processor.py:186} INFO - Started process (PID=4490) to work on /home/airflow/.local/lib/python3.12/site-packages/airflow/example_dags/example_task_group.py
[2025-01-01T10:50:58.270+0000] {processor.py:914} INFO - Processing file /home/airflow/.local/lib/python3.12/site-packages/airflow/example_dags/example_task_group.py for tasks to queue
[2025-01-01T10:50:58.281+0000] {logging_mixin.py:190} INFO - [2025-01-01T10:50:58.279+0000] {dagbag.py:588} INFO - Filling up the DagBag from /home/airflow/.local/lib/python3.12/site-packages/airflow/example_dags/example_task_group.py
[2025-01-01T10:50:58.324+0000] {processor.py:925} INFO - DAG(s) 'example_task_group' retrieved from /home/airflow/.local/lib/python3.12/site-packages/airflow/example_dags/example_task_group.py
[2025-01-01T10:50:58.536+0000] {logging_mixin.py:190} INFO - [2025-01-01T10:50:58.535+0000] {dag.py:3239} INFO - Sync 1 DAGs
[2025-01-01T10:50:58.692+0000] {logging_mixin.py:190} INFO - [2025-01-01T10:50:58.681+0000] {dag.py:4180} INFO - Setting next_dagrun for example_task_group to None, run_after=None
[2025-01-01T10:50:58.850+0000] {processor.py:208} INFO - Processing /home/airflow/.local/lib/python3.12/site-packages/airflow/example_dags/example_task_group.py took 0.618 seconds
[2025-01-01T12:15:50.872+0000] {processor.py:186} INFO - Started process (PID=4568) to work on /home/airflow/.local/lib/python3.12/site-packages/airflow/example_dags/example_task_group.py
[2025-01-01T12:15:50.874+0000] {processor.py:914} INFO - Processing file /home/airflow/.local/lib/python3.12/site-packages/airflow/example_dags/example_task_group.py for tasks to queue
[2025-01-01T12:15:50.884+0000] {logging_mixin.py:190} INFO - [2025-01-01T12:15:50.883+0000] {dagbag.py:588} INFO - Filling up the DagBag from /home/airflow/.local/lib/python3.12/site-packages/airflow/example_dags/example_task_group.py
[2025-01-01T12:15:50.913+0000] {processor.py:925} INFO - DAG(s) 'example_task_group' retrieved from /home/airflow/.local/lib/python3.12/site-packages/airflow/example_dags/example_task_group.py
[2025-01-01T12:15:50.968+0000] {logging_mixin.py:190} INFO - [2025-01-01T12:15:50.967+0000] {dag.py:3239} INFO - Sync 1 DAGs
[2025-01-01T12:15:51.019+0000] {logging_mixin.py:190} INFO - [2025-01-01T12:15:51.019+0000] {dag.py:4180} INFO - Setting next_dagrun for example_task_group to None, run_after=None
[2025-01-01T12:15:51.097+0000] {processor.py:208} INFO - Processing /home/airflow/.local/lib/python3.12/site-packages/airflow/example_dags/example_task_group.py took 0.242 seconds
[2025-01-01T12:16:21.959+0000] {processor.py:186} INFO - Started process (PID=4631) to work on /home/airflow/.local/lib/python3.12/site-packages/airflow/example_dags/example_task_group.py
[2025-01-01T12:16:21.960+0000] {processor.py:914} INFO - Processing file /home/airflow/.local/lib/python3.12/site-packages/airflow/example_dags/example_task_group.py for tasks to queue
[2025-01-01T12:16:21.962+0000] {logging_mixin.py:190} INFO - [2025-01-01T12:16:21.962+0000] {dagbag.py:588} INFO - Filling up the DagBag from /home/airflow/.local/lib/python3.12/site-packages/airflow/example_dags/example_task_group.py
[2025-01-01T12:16:21.969+0000] {processor.py:925} INFO - DAG(s) 'example_task_group' retrieved from /home/airflow/.local/lib/python3.12/site-packages/airflow/example_dags/example_task_group.py
[2025-01-01T12:16:21.988+0000] {logging_mixin.py:190} INFO - [2025-01-01T12:16:21.988+0000] {dag.py:3239} INFO - Sync 1 DAGs
[2025-01-01T12:16:22.000+0000] {logging_mixin.py:190} INFO - [2025-01-01T12:16:22.000+0000] {dag.py:4180} INFO - Setting next_dagrun for example_task_group to None, run_after=None
[2025-01-01T12:16:22.019+0000] {processor.py:208} INFO - Processing /home/airflow/.local/lib/python3.12/site-packages/airflow/example_dags/example_task_group.py took 0.065 seconds
