[2025-01-01T10:07:10.760+0000] {processor.py:186} INFO - Started process (PID=183) to work on /home/airflow/.local/lib/python3.12/site-packages/airflow/example_dags/example_sla_dag.py
[2025-01-01T10:07:10.781+0000] {processor.py:914} INFO - Processing file /home/airflow/.local/lib/python3.12/site-packages/airflow/example_dags/example_sla_dag.py for tasks to queue
[2025-01-01T10:07:11.020+0000] {logging_mixin.py:190} INFO - [2025-01-01T10:07:10.956+0000] {dagbag.py:588} INFO - Filling up the DagBag from /home/airflow/.local/lib/python3.12/site-packages/airflow/example_dags/example_sla_dag.py
[2025-01-01T10:07:11.528+0000] {processor.py:925} INFO - DAG(s) 'example_sla_dag' retrieved from /home/airflow/.local/lib/python3.12/site-packages/airflow/example_dags/example_sla_dag.py
[2025-01-01T10:07:17.778+0000] {logging_mixin.py:190} INFO - [2025-01-01T10:07:17.771+0000] {override.py:1911} INFO - Created Permission View: can edit on DAG:example_sla_dag
[2025-01-01T10:07:18.059+0000] {logging_mixin.py:190} INFO - [2025-01-01T10:07:18.056+0000] {override.py:1911} INFO - Created Permission View: can delete on DAG:example_sla_dag
[2025-01-01T10:07:18.251+0000] {logging_mixin.py:190} INFO - [2025-01-01T10:07:18.249+0000] {override.py:1911} INFO - Created Permission View: can read on DAG:example_sla_dag
[2025-01-01T10:07:18.389+0000] {logging_mixin.py:190} INFO - [2025-01-01T10:07:18.383+0000] {override.py:1911} INFO - Created Permission View: can create on DAG Run:example_sla_dag
[2025-01-01T10:07:18.482+0000] {logging_mixin.py:190} INFO - [2025-01-01T10:07:18.480+0000] {override.py:1911} INFO - Created Permission View: menu access on DAG Run:example_sla_dag
[2025-01-01T10:07:18.650+0000] {logging_mixin.py:190} INFO - [2025-01-01T10:07:18.648+0000] {override.py:1911} INFO - Created Permission View: can delete on DAG Run:example_sla_dag
[2025-01-01T10:07:18.781+0000] {logging_mixin.py:190} INFO - [2025-01-01T10:07:18.779+0000] {override.py:1911} INFO - Created Permission View: can read on DAG Run:example_sla_dag
[2025-01-01T10:07:18.798+0000] {logging_mixin.py:190} INFO - [2025-01-01T10:07:18.789+0000] {dag.py:3239} INFO - Sync 1 DAGs
[2025-01-01T10:07:19.202+0000] {logging_mixin.py:190} INFO - [2025-01-01T10:07:19.200+0000] {dag.py:3262} INFO - Creating ORM DAG for example_sla_dag
[2025-01-01T10:07:19.427+0000] {logging_mixin.py:190} INFO - [2025-01-01T10:07:19.425+0000] {dag.py:4180} INFO - Setting next_dagrun for example_sla_dag to 2025-01-01 10:04:00+00:00, run_after=2025-01-01 10:06:00+00:00
[2025-01-01T10:07:19.676+0000] {processor.py:208} INFO - Processing /home/airflow/.local/lib/python3.12/site-packages/airflow/example_dags/example_sla_dag.py took 9.297 seconds
[2025-01-01T10:09:33.067+0000] {processor.py:186} INFO - Started process (PID=263) to work on /home/airflow/.local/lib/python3.12/site-packages/airflow/example_dags/example_sla_dag.py
[2025-01-01T10:09:33.073+0000] {processor.py:914} INFO - Processing file /home/airflow/.local/lib/python3.12/site-packages/airflow/example_dags/example_sla_dag.py for tasks to queue
[2025-01-01T10:09:33.096+0000] {logging_mixin.py:190} INFO - [2025-01-01T10:09:33.093+0000] {dagbag.py:588} INFO - Filling up the DagBag from /home/airflow/.local/lib/python3.12/site-packages/airflow/example_dags/example_sla_dag.py
[2025-01-01T10:09:33.213+0000] {processor.py:925} INFO - DAG(s) 'example_sla_dag' retrieved from /home/airflow/.local/lib/python3.12/site-packages/airflow/example_dags/example_sla_dag.py
[2025-01-01T10:09:33.375+0000] {logging_mixin.py:190} INFO - [2025-01-01T10:09:33.374+0000] {dag.py:3239} INFO - Sync 1 DAGs
[2025-01-01T10:09:33.575+0000] {logging_mixin.py:190} INFO - [2025-01-01T10:09:33.573+0000] {dag.py:4180} INFO - Setting next_dagrun for example_sla_dag to 2025-01-01 10:06:00+00:00, run_after=2025-01-01 10:08:00+00:00
[2025-01-01T10:09:33.713+0000] {processor.py:208} INFO - Processing /home/airflow/.local/lib/python3.12/site-packages/airflow/example_dags/example_sla_dag.py took 0.706 seconds
[2025-01-01T10:14:43.736+0000] {processor.py:186} INFO - Started process (PID=303) to work on /home/airflow/.local/lib/python3.12/site-packages/airflow/example_dags/example_sla_dag.py
[2025-01-01T10:14:43.738+0000] {processor.py:914} INFO - Processing file /home/airflow/.local/lib/python3.12/site-packages/airflow/example_dags/example_sla_dag.py for tasks to queue
[2025-01-01T10:14:43.746+0000] {logging_mixin.py:190} INFO - [2025-01-01T10:14:43.745+0000] {dagbag.py:588} INFO - Filling up the DagBag from /home/airflow/.local/lib/python3.12/site-packages/airflow/example_dags/example_sla_dag.py
[2025-01-01T10:14:43.767+0000] {processor.py:925} INFO - DAG(s) 'example_sla_dag' retrieved from /home/airflow/.local/lib/python3.12/site-packages/airflow/example_dags/example_sla_dag.py
[2025-01-01T10:14:43.807+0000] {logging_mixin.py:190} INFO - [2025-01-01T10:14:43.807+0000] {dag.py:3239} INFO - Sync 1 DAGs
[2025-01-01T10:14:43.863+0000] {logging_mixin.py:190} INFO - [2025-01-01T10:14:43.862+0000] {dag.py:4180} INFO - Setting next_dagrun for example_sla_dag to 2025-01-01 10:12:00+00:00, run_after=2025-01-01 10:14:00+00:00
[2025-01-01T10:14:43.909+0000] {processor.py:208} INFO - Processing /home/airflow/.local/lib/python3.12/site-packages/airflow/example_dags/example_sla_dag.py took 0.188 seconds
[2025-01-01T10:15:14.694+0000] {processor.py:186} INFO - Started process (PID=365) to work on /home/airflow/.local/lib/python3.12/site-packages/airflow/example_dags/example_sla_dag.py
[2025-01-01T10:15:14.696+0000] {processor.py:914} INFO - Processing file /home/airflow/.local/lib/python3.12/site-packages/airflow/example_dags/example_sla_dag.py for tasks to queue
[2025-01-01T10:15:14.699+0000] {logging_mixin.py:190} INFO - [2025-01-01T10:15:14.699+0000] {dagbag.py:588} INFO - Filling up the DagBag from /home/airflow/.local/lib/python3.12/site-packages/airflow/example_dags/example_sla_dag.py
[2025-01-01T10:15:14.714+0000] {processor.py:925} INFO - DAG(s) 'example_sla_dag' retrieved from /home/airflow/.local/lib/python3.12/site-packages/airflow/example_dags/example_sla_dag.py
[2025-01-01T10:15:14.741+0000] {logging_mixin.py:190} INFO - [2025-01-01T10:15:14.740+0000] {dag.py:3239} INFO - Sync 1 DAGs
[2025-01-01T10:15:14.773+0000] {logging_mixin.py:190} INFO - [2025-01-01T10:15:14.772+0000] {dag.py:4180} INFO - Setting next_dagrun for example_sla_dag to 2025-01-01 10:12:00+00:00, run_after=2025-01-01 10:14:00+00:00
[2025-01-01T10:15:14.801+0000] {processor.py:208} INFO - Processing /home/airflow/.local/lib/python3.12/site-packages/airflow/example_dags/example_sla_dag.py took 0.114 seconds
[2025-01-01T10:15:45.235+0000] {processor.py:186} INFO - Started process (PID=428) to work on /home/airflow/.local/lib/python3.12/site-packages/airflow/example_dags/example_sla_dag.py
[2025-01-01T10:15:45.237+0000] {processor.py:914} INFO - Processing file /home/airflow/.local/lib/python3.12/site-packages/airflow/example_dags/example_sla_dag.py for tasks to queue
[2025-01-01T10:15:45.240+0000] {logging_mixin.py:190} INFO - [2025-01-01T10:15:45.240+0000] {dagbag.py:588} INFO - Filling up the DagBag from /home/airflow/.local/lib/python3.12/site-packages/airflow/example_dags/example_sla_dag.py
[2025-01-01T10:15:45.252+0000] {processor.py:925} INFO - DAG(s) 'example_sla_dag' retrieved from /home/airflow/.local/lib/python3.12/site-packages/airflow/example_dags/example_sla_dag.py
[2025-01-01T10:15:45.280+0000] {logging_mixin.py:190} INFO - [2025-01-01T10:15:45.280+0000] {dag.py:3239} INFO - Sync 1 DAGs
[2025-01-01T10:15:45.310+0000] {logging_mixin.py:190} INFO - [2025-01-01T10:15:45.310+0000] {dag.py:4180} INFO - Setting next_dagrun for example_sla_dag to 2025-01-01 10:12:00+00:00, run_after=2025-01-01 10:14:00+00:00
[2025-01-01T10:15:45.342+0000] {processor.py:208} INFO - Processing /home/airflow/.local/lib/python3.12/site-packages/airflow/example_dags/example_sla_dag.py took 0.113 seconds
[2025-01-01T10:16:15.688+0000] {processor.py:186} INFO - Started process (PID=491) to work on /home/airflow/.local/lib/python3.12/site-packages/airflow/example_dags/example_sla_dag.py
[2025-01-01T10:16:15.689+0000] {processor.py:914} INFO - Processing file /home/airflow/.local/lib/python3.12/site-packages/airflow/example_dags/example_sla_dag.py for tasks to queue
[2025-01-01T10:16:15.715+0000] {logging_mixin.py:190} INFO - [2025-01-01T10:16:15.711+0000] {dagbag.py:588} INFO - Filling up the DagBag from /home/airflow/.local/lib/python3.12/site-packages/airflow/example_dags/example_sla_dag.py
[2025-01-01T10:16:15.845+0000] {processor.py:925} INFO - DAG(s) 'example_sla_dag' retrieved from /home/airflow/.local/lib/python3.12/site-packages/airflow/example_dags/example_sla_dag.py
[2025-01-01T10:16:15.925+0000] {logging_mixin.py:190} INFO - [2025-01-01T10:16:15.925+0000] {dag.py:3239} INFO - Sync 1 DAGs
[2025-01-01T10:16:15.971+0000] {logging_mixin.py:190} INFO - [2025-01-01T10:16:15.970+0000] {dag.py:4180} INFO - Setting next_dagrun for example_sla_dag to 2025-01-01 10:14:00+00:00, run_after=2025-01-01 10:16:00+00:00
[2025-01-01T10:16:16.003+0000] {processor.py:208} INFO - Processing /home/airflow/.local/lib/python3.12/site-packages/airflow/example_dags/example_sla_dag.py took 0.323 seconds
[2025-01-01T10:16:46.163+0000] {processor.py:186} INFO - Started process (PID=554) to work on /home/airflow/.local/lib/python3.12/site-packages/airflow/example_dags/example_sla_dag.py
[2025-01-01T10:16:46.167+0000] {processor.py:914} INFO - Processing file /home/airflow/.local/lib/python3.12/site-packages/airflow/example_dags/example_sla_dag.py for tasks to queue
[2025-01-01T10:16:46.172+0000] {logging_mixin.py:190} INFO - [2025-01-01T10:16:46.171+0000] {dagbag.py:588} INFO - Filling up the DagBag from /home/airflow/.local/lib/python3.12/site-packages/airflow/example_dags/example_sla_dag.py
[2025-01-01T10:16:46.189+0000] {processor.py:925} INFO - DAG(s) 'example_sla_dag' retrieved from /home/airflow/.local/lib/python3.12/site-packages/airflow/example_dags/example_sla_dag.py
[2025-01-01T10:16:46.219+0000] {logging_mixin.py:190} INFO - [2025-01-01T10:16:46.219+0000] {dag.py:3239} INFO - Sync 1 DAGs
[2025-01-01T10:16:46.249+0000] {logging_mixin.py:190} INFO - [2025-01-01T10:16:46.249+0000] {dag.py:4180} INFO - Setting next_dagrun for example_sla_dag to 2025-01-01 10:14:00+00:00, run_after=2025-01-01 10:16:00+00:00
[2025-01-01T10:16:46.293+0000] {processor.py:208} INFO - Processing /home/airflow/.local/lib/python3.12/site-packages/airflow/example_dags/example_sla_dag.py took 0.138 seconds
[2025-01-01T10:17:16.566+0000] {processor.py:186} INFO - Started process (PID=617) to work on /home/airflow/.local/lib/python3.12/site-packages/airflow/example_dags/example_sla_dag.py
[2025-01-01T10:17:16.568+0000] {processor.py:914} INFO - Processing file /home/airflow/.local/lib/python3.12/site-packages/airflow/example_dags/example_sla_dag.py for tasks to queue
[2025-01-01T10:17:16.572+0000] {logging_mixin.py:190} INFO - [2025-01-01T10:17:16.571+0000] {dagbag.py:588} INFO - Filling up the DagBag from /home/airflow/.local/lib/python3.12/site-packages/airflow/example_dags/example_sla_dag.py
[2025-01-01T10:17:16.585+0000] {processor.py:925} INFO - DAG(s) 'example_sla_dag' retrieved from /home/airflow/.local/lib/python3.12/site-packages/airflow/example_dags/example_sla_dag.py
[2025-01-01T10:17:16.614+0000] {logging_mixin.py:190} INFO - [2025-01-01T10:17:16.614+0000] {dag.py:3239} INFO - Sync 1 DAGs
[2025-01-01T10:17:16.659+0000] {logging_mixin.py:190} INFO - [2025-01-01T10:17:16.659+0000] {dag.py:4180} INFO - Setting next_dagrun for example_sla_dag to 2025-01-01 10:14:00+00:00, run_after=2025-01-01 10:16:00+00:00
[2025-01-01T10:17:16.703+0000] {processor.py:208} INFO - Processing /home/airflow/.local/lib/python3.12/site-packages/airflow/example_dags/example_sla_dag.py took 0.143 seconds
[2025-01-01T10:17:46.992+0000] {processor.py:186} INFO - Started process (PID=680) to work on /home/airflow/.local/lib/python3.12/site-packages/airflow/example_dags/example_sla_dag.py
[2025-01-01T10:17:46.995+0000] {processor.py:914} INFO - Processing file /home/airflow/.local/lib/python3.12/site-packages/airflow/example_dags/example_sla_dag.py for tasks to queue
[2025-01-01T10:17:47.003+0000] {logging_mixin.py:190} INFO - [2025-01-01T10:17:47.002+0000] {dagbag.py:588} INFO - Filling up the DagBag from /home/airflow/.local/lib/python3.12/site-packages/airflow/example_dags/example_sla_dag.py
[2025-01-01T10:17:47.095+0000] {processor.py:925} INFO - DAG(s) 'example_sla_dag' retrieved from /home/airflow/.local/lib/python3.12/site-packages/airflow/example_dags/example_sla_dag.py
[2025-01-01T10:17:47.148+0000] {logging_mixin.py:190} INFO - [2025-01-01T10:17:47.147+0000] {dag.py:3239} INFO - Sync 1 DAGs
[2025-01-01T10:17:47.204+0000] {logging_mixin.py:190} INFO - [2025-01-01T10:17:47.203+0000] {dag.py:4180} INFO - Setting next_dagrun for example_sla_dag to 2025-01-01 10:14:00+00:00, run_after=2025-01-01 10:16:00+00:00
[2025-01-01T10:17:47.236+0000] {processor.py:208} INFO - Processing /home/airflow/.local/lib/python3.12/site-packages/airflow/example_dags/example_sla_dag.py took 0.263 seconds
[2025-01-01T10:18:18.344+0000] {processor.py:186} INFO - Started process (PID=743) to work on /home/airflow/.local/lib/python3.12/site-packages/airflow/example_dags/example_sla_dag.py
[2025-01-01T10:18:18.349+0000] {processor.py:914} INFO - Processing file /home/airflow/.local/lib/python3.12/site-packages/airflow/example_dags/example_sla_dag.py for tasks to queue
[2025-01-01T10:18:18.361+0000] {logging_mixin.py:190} INFO - [2025-01-01T10:18:18.359+0000] {dagbag.py:588} INFO - Filling up the DagBag from /home/airflow/.local/lib/python3.12/site-packages/airflow/example_dags/example_sla_dag.py
[2025-01-01T10:18:18.406+0000] {processor.py:925} INFO - DAG(s) 'example_sla_dag' retrieved from /home/airflow/.local/lib/python3.12/site-packages/airflow/example_dags/example_sla_dag.py
[2025-01-01T10:18:18.476+0000] {logging_mixin.py:190} INFO - [2025-01-01T10:18:18.475+0000] {dag.py:3239} INFO - Sync 1 DAGs
[2025-01-01T10:18:18.579+0000] {logging_mixin.py:190} INFO - [2025-01-01T10:18:18.578+0000] {dag.py:4180} INFO - Setting next_dagrun for example_sla_dag to 2025-01-01 10:16:00+00:00, run_after=2025-01-01 10:18:00+00:00
[2025-01-01T10:18:18.658+0000] {processor.py:208} INFO - Processing /home/airflow/.local/lib/python3.12/site-packages/airflow/example_dags/example_sla_dag.py took 0.339 seconds
[2025-01-01T10:18:51.178+0000] {processor.py:186} INFO - Started process (PID=796) to work on /home/airflow/.local/lib/python3.12/site-packages/airflow/example_dags/example_sla_dag.py
[2025-01-01T10:18:51.184+0000] {processor.py:914} INFO - Processing file /home/airflow/.local/lib/python3.12/site-packages/airflow/example_dags/example_sla_dag.py for tasks to queue
[2025-01-01T10:18:51.201+0000] {logging_mixin.py:190} INFO - [2025-01-01T10:18:51.198+0000] {dagbag.py:588} INFO - Filling up the DagBag from /home/airflow/.local/lib/python3.12/site-packages/airflow/example_dags/example_sla_dag.py
[2025-01-01T10:18:51.273+0000] {processor.py:925} INFO - DAG(s) 'example_sla_dag' retrieved from /home/airflow/.local/lib/python3.12/site-packages/airflow/example_dags/example_sla_dag.py
[2025-01-01T10:18:51.399+0000] {logging_mixin.py:190} INFO - [2025-01-01T10:18:51.397+0000] {dag.py:3239} INFO - Sync 1 DAGs
[2025-01-01T10:18:51.540+0000] {logging_mixin.py:190} INFO - [2025-01-01T10:18:51.539+0000] {dag.py:4180} INFO - Setting next_dagrun for example_sla_dag to 2025-01-01 10:16:00+00:00, run_after=2025-01-01 10:18:00+00:00
[2025-01-01T10:18:51.644+0000] {processor.py:208} INFO - Processing /home/airflow/.local/lib/python3.12/site-packages/airflow/example_dags/example_sla_dag.py took 0.500 seconds
[2025-01-01T10:19:30.075+0000] {processor.py:186} INFO - Started process (PID=858) to work on /home/airflow/.local/lib/python3.12/site-packages/airflow/example_dags/example_sla_dag.py
[2025-01-01T10:19:30.082+0000] {processor.py:914} INFO - Processing file /home/airflow/.local/lib/python3.12/site-packages/airflow/example_dags/example_sla_dag.py for tasks to queue
[2025-01-01T10:19:30.096+0000] {logging_mixin.py:190} INFO - [2025-01-01T10:19:30.094+0000] {dagbag.py:588} INFO - Filling up the DagBag from /home/airflow/.local/lib/python3.12/site-packages/airflow/example_dags/example_sla_dag.py
[2025-01-01T10:19:30.174+0000] {processor.py:925} INFO - DAG(s) 'example_sla_dag' retrieved from /home/airflow/.local/lib/python3.12/site-packages/airflow/example_dags/example_sla_dag.py
[2025-01-01T10:19:30.294+0000] {logging_mixin.py:190} INFO - [2025-01-01T10:19:30.291+0000] {dag.py:3239} INFO - Sync 1 DAGs
[2025-01-01T10:19:30.577+0000] {logging_mixin.py:190} INFO - [2025-01-01T10:19:30.576+0000] {dag.py:4180} INFO - Setting next_dagrun for example_sla_dag to 2025-01-01 10:16:00+00:00, run_after=2025-01-01 10:18:00+00:00
[2025-01-01T10:19:30.754+0000] {processor.py:208} INFO - Processing /home/airflow/.local/lib/python3.12/site-packages/airflow/example_dags/example_sla_dag.py took 0.723 seconds
[2025-01-01T10:20:01.821+0000] {processor.py:186} INFO - Started process (PID=921) to work on /home/airflow/.local/lib/python3.12/site-packages/airflow/example_dags/example_sla_dag.py
[2025-01-01T10:20:01.823+0000] {processor.py:914} INFO - Processing file /home/airflow/.local/lib/python3.12/site-packages/airflow/example_dags/example_sla_dag.py for tasks to queue
[2025-01-01T10:20:01.826+0000] {logging_mixin.py:190} INFO - [2025-01-01T10:20:01.826+0000] {dagbag.py:588} INFO - Filling up the DagBag from /home/airflow/.local/lib/python3.12/site-packages/airflow/example_dags/example_sla_dag.py
[2025-01-01T10:20:01.840+0000] {processor.py:925} INFO - DAG(s) 'example_sla_dag' retrieved from /home/airflow/.local/lib/python3.12/site-packages/airflow/example_dags/example_sla_dag.py
[2025-01-01T10:20:01.867+0000] {logging_mixin.py:190} INFO - [2025-01-01T10:20:01.867+0000] {dag.py:3239} INFO - Sync 1 DAGs
[2025-01-01T10:20:01.898+0000] {logging_mixin.py:190} INFO - [2025-01-01T10:20:01.897+0000] {dag.py:4180} INFO - Setting next_dagrun for example_sla_dag to 2025-01-01 10:18:00+00:00, run_after=2025-01-01 10:20:00+00:00
[2025-01-01T10:20:01.929+0000] {processor.py:208} INFO - Processing /home/airflow/.local/lib/python3.12/site-packages/airflow/example_dags/example_sla_dag.py took 0.119 seconds
[2025-01-01T10:20:32.600+0000] {processor.py:186} INFO - Started process (PID=984) to work on /home/airflow/.local/lib/python3.12/site-packages/airflow/example_dags/example_sla_dag.py
[2025-01-01T10:20:32.602+0000] {processor.py:914} INFO - Processing file /home/airflow/.local/lib/python3.12/site-packages/airflow/example_dags/example_sla_dag.py for tasks to queue
[2025-01-01T10:20:32.605+0000] {logging_mixin.py:190} INFO - [2025-01-01T10:20:32.605+0000] {dagbag.py:588} INFO - Filling up the DagBag from /home/airflow/.local/lib/python3.12/site-packages/airflow/example_dags/example_sla_dag.py
[2025-01-01T10:20:32.622+0000] {processor.py:925} INFO - DAG(s) 'example_sla_dag' retrieved from /home/airflow/.local/lib/python3.12/site-packages/airflow/example_dags/example_sla_dag.py
[2025-01-01T10:20:32.652+0000] {logging_mixin.py:190} INFO - [2025-01-01T10:20:32.652+0000] {dag.py:3239} INFO - Sync 1 DAGs
[2025-01-01T10:20:32.684+0000] {logging_mixin.py:190} INFO - [2025-01-01T10:20:32.683+0000] {dag.py:4180} INFO - Setting next_dagrun for example_sla_dag to 2025-01-01 10:18:00+00:00, run_after=2025-01-01 10:20:00+00:00
[2025-01-01T10:20:32.713+0000] {processor.py:208} INFO - Processing /home/airflow/.local/lib/python3.12/site-packages/airflow/example_dags/example_sla_dag.py took 0.122 seconds
[2025-01-01T10:21:02.830+0000] {processor.py:186} INFO - Started process (PID=1047) to work on /home/airflow/.local/lib/python3.12/site-packages/airflow/example_dags/example_sla_dag.py
[2025-01-01T10:21:02.832+0000] {processor.py:914} INFO - Processing file /home/airflow/.local/lib/python3.12/site-packages/airflow/example_dags/example_sla_dag.py for tasks to queue
[2025-01-01T10:21:02.835+0000] {logging_mixin.py:190} INFO - [2025-01-01T10:21:02.835+0000] {dagbag.py:588} INFO - Filling up the DagBag from /home/airflow/.local/lib/python3.12/site-packages/airflow/example_dags/example_sla_dag.py
[2025-01-01T10:21:02.848+0000] {processor.py:925} INFO - DAG(s) 'example_sla_dag' retrieved from /home/airflow/.local/lib/python3.12/site-packages/airflow/example_dags/example_sla_dag.py
[2025-01-01T10:21:02.876+0000] {logging_mixin.py:190} INFO - [2025-01-01T10:21:02.876+0000] {dag.py:3239} INFO - Sync 1 DAGs
[2025-01-01T10:21:02.909+0000] {logging_mixin.py:190} INFO - [2025-01-01T10:21:02.909+0000] {dag.py:4180} INFO - Setting next_dagrun for example_sla_dag to 2025-01-01 10:18:00+00:00, run_after=2025-01-01 10:20:00+00:00
[2025-01-01T10:21:02.941+0000] {processor.py:208} INFO - Processing /home/airflow/.local/lib/python3.12/site-packages/airflow/example_dags/example_sla_dag.py took 0.118 seconds
[2025-01-01T10:21:33.547+0000] {processor.py:186} INFO - Started process (PID=1111) to work on /home/airflow/.local/lib/python3.12/site-packages/airflow/example_dags/example_sla_dag.py
[2025-01-01T10:21:33.550+0000] {processor.py:914} INFO - Processing file /home/airflow/.local/lib/python3.12/site-packages/airflow/example_dags/example_sla_dag.py for tasks to queue
[2025-01-01T10:21:33.556+0000] {logging_mixin.py:190} INFO - [2025-01-01T10:21:33.555+0000] {dagbag.py:588} INFO - Filling up the DagBag from /home/airflow/.local/lib/python3.12/site-packages/airflow/example_dags/example_sla_dag.py
[2025-01-01T10:21:33.584+0000] {processor.py:925} INFO - DAG(s) 'example_sla_dag' retrieved from /home/airflow/.local/lib/python3.12/site-packages/airflow/example_dags/example_sla_dag.py
[2025-01-01T10:21:33.631+0000] {logging_mixin.py:190} INFO - [2025-01-01T10:21:33.631+0000] {dag.py:3239} INFO - Sync 1 DAGs
[2025-01-01T10:21:33.701+0000] {logging_mixin.py:190} INFO - [2025-01-01T10:21:33.700+0000] {dag.py:4180} INFO - Setting next_dagrun for example_sla_dag to 2025-01-01 10:18:00+00:00, run_after=2025-01-01 10:20:00+00:00
[2025-01-01T10:21:33.755+0000] {processor.py:208} INFO - Processing /home/airflow/.local/lib/python3.12/site-packages/airflow/example_dags/example_sla_dag.py took 0.227 seconds
[2025-01-01T10:22:03.989+0000] {processor.py:186} INFO - Started process (PID=1174) to work on /home/airflow/.local/lib/python3.12/site-packages/airflow/example_dags/example_sla_dag.py
[2025-01-01T10:22:03.992+0000] {processor.py:914} INFO - Processing file /home/airflow/.local/lib/python3.12/site-packages/airflow/example_dags/example_sla_dag.py for tasks to queue
[2025-01-01T10:22:03.996+0000] {logging_mixin.py:190} INFO - [2025-01-01T10:22:03.995+0000] {dagbag.py:588} INFO - Filling up the DagBag from /home/airflow/.local/lib/python3.12/site-packages/airflow/example_dags/example_sla_dag.py
[2025-01-01T10:22:04.011+0000] {processor.py:925} INFO - DAG(s) 'example_sla_dag' retrieved from /home/airflow/.local/lib/python3.12/site-packages/airflow/example_dags/example_sla_dag.py
[2025-01-01T10:22:04.042+0000] {logging_mixin.py:190} INFO - [2025-01-01T10:22:04.042+0000] {dag.py:3239} INFO - Sync 1 DAGs
[2025-01-01T10:22:04.072+0000] {logging_mixin.py:190} INFO - [2025-01-01T10:22:04.072+0000] {dag.py:4180} INFO - Setting next_dagrun for example_sla_dag to 2025-01-01 10:20:00+00:00, run_after=2025-01-01 10:22:00+00:00
[2025-01-01T10:22:04.102+0000] {processor.py:208} INFO - Processing /home/airflow/.local/lib/python3.12/site-packages/airflow/example_dags/example_sla_dag.py took 0.121 seconds
[2025-01-01T10:22:34.947+0000] {processor.py:186} INFO - Started process (PID=1237) to work on /home/airflow/.local/lib/python3.12/site-packages/airflow/example_dags/example_sla_dag.py
[2025-01-01T10:22:34.953+0000] {processor.py:914} INFO - Processing file /home/airflow/.local/lib/python3.12/site-packages/airflow/example_dags/example_sla_dag.py for tasks to queue
[2025-01-01T10:22:34.994+0000] {logging_mixin.py:190} INFO - [2025-01-01T10:22:34.991+0000] {dagbag.py:588} INFO - Filling up the DagBag from /home/airflow/.local/lib/python3.12/site-packages/airflow/example_dags/example_sla_dag.py
[2025-01-01T10:22:35.151+0000] {processor.py:925} INFO - DAG(s) 'example_sla_dag' retrieved from /home/airflow/.local/lib/python3.12/site-packages/airflow/example_dags/example_sla_dag.py
[2025-01-01T10:22:35.283+0000] {logging_mixin.py:190} INFO - [2025-01-01T10:22:35.281+0000] {dag.py:3239} INFO - Sync 1 DAGs
[2025-01-01T10:22:35.427+0000] {logging_mixin.py:190} INFO - [2025-01-01T10:22:35.426+0000] {dag.py:4180} INFO - Setting next_dagrun for example_sla_dag to 2025-01-01 10:20:00+00:00, run_after=2025-01-01 10:22:00+00:00
[2025-01-01T10:22:35.497+0000] {processor.py:208} INFO - Processing /home/airflow/.local/lib/python3.12/site-packages/airflow/example_dags/example_sla_dag.py took 0.606 seconds
[2025-01-01T10:23:06.072+0000] {processor.py:186} INFO - Started process (PID=1299) to work on /home/airflow/.local/lib/python3.12/site-packages/airflow/example_dags/example_sla_dag.py
[2025-01-01T10:23:06.074+0000] {processor.py:914} INFO - Processing file /home/airflow/.local/lib/python3.12/site-packages/airflow/example_dags/example_sla_dag.py for tasks to queue
[2025-01-01T10:23:06.078+0000] {logging_mixin.py:190} INFO - [2025-01-01T10:23:06.078+0000] {dagbag.py:588} INFO - Filling up the DagBag from /home/airflow/.local/lib/python3.12/site-packages/airflow/example_dags/example_sla_dag.py
[2025-01-01T10:23:06.091+0000] {processor.py:925} INFO - DAG(s) 'example_sla_dag' retrieved from /home/airflow/.local/lib/python3.12/site-packages/airflow/example_dags/example_sla_dag.py
[2025-01-01T10:23:06.120+0000] {logging_mixin.py:190} INFO - [2025-01-01T10:23:06.120+0000] {dag.py:3239} INFO - Sync 1 DAGs
[2025-01-01T10:23:06.152+0000] {logging_mixin.py:190} INFO - [2025-01-01T10:23:06.152+0000] {dag.py:4180} INFO - Setting next_dagrun for example_sla_dag to 2025-01-01 10:20:00+00:00, run_after=2025-01-01 10:22:00+00:00
[2025-01-01T10:23:06.186+0000] {processor.py:208} INFO - Processing /home/airflow/.local/lib/python3.12/site-packages/airflow/example_dags/example_sla_dag.py took 0.119 seconds
[2025-01-01T10:23:36.456+0000] {processor.py:186} INFO - Started process (PID=1361) to work on /home/airflow/.local/lib/python3.12/site-packages/airflow/example_dags/example_sla_dag.py
[2025-01-01T10:23:36.459+0000] {processor.py:914} INFO - Processing file /home/airflow/.local/lib/python3.12/site-packages/airflow/example_dags/example_sla_dag.py for tasks to queue
[2025-01-01T10:23:36.468+0000] {logging_mixin.py:190} INFO - [2025-01-01T10:23:36.466+0000] {dagbag.py:588} INFO - Filling up the DagBag from /home/airflow/.local/lib/python3.12/site-packages/airflow/example_dags/example_sla_dag.py
[2025-01-01T10:23:36.504+0000] {processor.py:925} INFO - DAG(s) 'example_sla_dag' retrieved from /home/airflow/.local/lib/python3.12/site-packages/airflow/example_dags/example_sla_dag.py
[2025-01-01T10:23:36.586+0000] {logging_mixin.py:190} INFO - [2025-01-01T10:23:36.585+0000] {dag.py:3239} INFO - Sync 1 DAGs
[2025-01-01T10:23:36.705+0000] {logging_mixin.py:190} INFO - [2025-01-01T10:23:36.704+0000] {dag.py:4180} INFO - Setting next_dagrun for example_sla_dag to 2025-01-01 10:20:00+00:00, run_after=2025-01-01 10:22:00+00:00
[2025-01-01T10:23:36.761+0000] {processor.py:208} INFO - Processing /home/airflow/.local/lib/python3.12/site-packages/airflow/example_dags/example_sla_dag.py took 0.327 seconds
[2025-01-01T10:24:08.392+0000] {processor.py:186} INFO - Started process (PID=1422) to work on /home/airflow/.local/lib/python3.12/site-packages/airflow/example_dags/example_sla_dag.py
[2025-01-01T10:24:08.398+0000] {processor.py:914} INFO - Processing file /home/airflow/.local/lib/python3.12/site-packages/airflow/example_dags/example_sla_dag.py for tasks to queue
[2025-01-01T10:24:08.415+0000] {logging_mixin.py:190} INFO - [2025-01-01T10:24:08.413+0000] {dagbag.py:588} INFO - Filling up the DagBag from /home/airflow/.local/lib/python3.12/site-packages/airflow/example_dags/example_sla_dag.py
[2025-01-01T10:24:08.472+0000] {processor.py:925} INFO - DAG(s) 'example_sla_dag' retrieved from /home/airflow/.local/lib/python3.12/site-packages/airflow/example_dags/example_sla_dag.py
[2025-01-01T10:24:08.563+0000] {logging_mixin.py:190} INFO - [2025-01-01T10:24:08.562+0000] {dag.py:3239} INFO - Sync 1 DAGs
[2025-01-01T10:24:08.738+0000] {logging_mixin.py:190} INFO - [2025-01-01T10:24:08.737+0000] {dag.py:4180} INFO - Setting next_dagrun for example_sla_dag to 2025-01-01 10:22:00+00:00, run_after=2025-01-01 10:24:00+00:00
[2025-01-01T10:24:08.853+0000] {processor.py:208} INFO - Processing /home/airflow/.local/lib/python3.12/site-packages/airflow/example_dags/example_sla_dag.py took 0.514 seconds
[2025-01-01T10:24:45.631+0000] {processor.py:186} INFO - Started process (PID=1481) to work on /home/airflow/.local/lib/python3.12/site-packages/airflow/example_dags/example_sla_dag.py
[2025-01-01T10:24:45.639+0000] {processor.py:914} INFO - Processing file /home/airflow/.local/lib/python3.12/site-packages/airflow/example_dags/example_sla_dag.py for tasks to queue
[2025-01-01T10:24:45.656+0000] {logging_mixin.py:190} INFO - [2025-01-01T10:24:45.653+0000] {dagbag.py:588} INFO - Filling up the DagBag from /home/airflow/.local/lib/python3.12/site-packages/airflow/example_dags/example_sla_dag.py
[2025-01-01T10:24:45.745+0000] {processor.py:925} INFO - DAG(s) 'example_sla_dag' retrieved from /home/airflow/.local/lib/python3.12/site-packages/airflow/example_dags/example_sla_dag.py
[2025-01-01T10:24:45.892+0000] {logging_mixin.py:190} INFO - [2025-01-01T10:24:45.889+0000] {dag.py:3239} INFO - Sync 1 DAGs
[2025-01-01T10:24:46.164+0000] {logging_mixin.py:190} INFO - [2025-01-01T10:24:46.161+0000] {dag.py:4180} INFO - Setting next_dagrun for example_sla_dag to 2025-01-01 10:22:00+00:00, run_after=2025-01-01 10:24:00+00:00
[2025-01-01T10:24:46.339+0000] {processor.py:208} INFO - Processing /home/airflow/.local/lib/python3.12/site-packages/airflow/example_dags/example_sla_dag.py took 0.780 seconds
[2025-01-01T10:25:24.862+0000] {processor.py:186} INFO - Started process (PID=1535) to work on /home/airflow/.local/lib/python3.12/site-packages/airflow/example_dags/example_sla_dag.py
[2025-01-01T10:25:24.868+0000] {processor.py:914} INFO - Processing file /home/airflow/.local/lib/python3.12/site-packages/airflow/example_dags/example_sla_dag.py for tasks to queue
[2025-01-01T10:25:24.887+0000] {logging_mixin.py:190} INFO - [2025-01-01T10:25:24.885+0000] {dagbag.py:588} INFO - Filling up the DagBag from /home/airflow/.local/lib/python3.12/site-packages/airflow/example_dags/example_sla_dag.py
[2025-01-01T10:25:24.988+0000] {processor.py:925} INFO - DAG(s) 'example_sla_dag' retrieved from /home/airflow/.local/lib/python3.12/site-packages/airflow/example_dags/example_sla_dag.py
[2025-01-01T10:25:25.193+0000] {logging_mixin.py:190} INFO - [2025-01-01T10:25:25.191+0000] {dag.py:3239} INFO - Sync 1 DAGs
[2025-01-01T10:25:25.465+0000] {logging_mixin.py:190} INFO - [2025-01-01T10:25:25.463+0000] {dag.py:4180} INFO - Setting next_dagrun for example_sla_dag to 2025-01-01 10:22:00+00:00, run_after=2025-01-01 10:24:00+00:00
[2025-01-01T10:25:25.606+0000] {processor.py:208} INFO - Processing /home/airflow/.local/lib/python3.12/site-packages/airflow/example_dags/example_sla_dag.py took 0.791 seconds
[2025-01-01T10:26:03.436+0000] {processor.py:186} INFO - Started process (PID=1603) to work on /home/airflow/.local/lib/python3.12/site-packages/airflow/example_dags/example_sla_dag.py
[2025-01-01T10:26:03.440+0000] {processor.py:914} INFO - Processing file /home/airflow/.local/lib/python3.12/site-packages/airflow/example_dags/example_sla_dag.py for tasks to queue
[2025-01-01T10:26:03.447+0000] {logging_mixin.py:190} INFO - [2025-01-01T10:26:03.446+0000] {dagbag.py:588} INFO - Filling up the DagBag from /home/airflow/.local/lib/python3.12/site-packages/airflow/example_dags/example_sla_dag.py
[2025-01-01T10:26:03.483+0000] {processor.py:925} INFO - DAG(s) 'example_sla_dag' retrieved from /home/airflow/.local/lib/python3.12/site-packages/airflow/example_dags/example_sla_dag.py
[2025-01-01T10:26:03.567+0000] {logging_mixin.py:190} INFO - [2025-01-01T10:26:03.566+0000] {dag.py:3239} INFO - Sync 1 DAGs
[2025-01-01T10:26:03.668+0000] {logging_mixin.py:190} INFO - [2025-01-01T10:26:03.667+0000] {dag.py:4180} INFO - Setting next_dagrun for example_sla_dag to 2025-01-01 10:24:00+00:00, run_after=2025-01-01 10:26:00+00:00
[2025-01-01T10:26:03.850+0000] {processor.py:208} INFO - Processing /home/airflow/.local/lib/python3.12/site-packages/airflow/example_dags/example_sla_dag.py took 0.438 seconds
[2025-01-01T10:26:35.468+0000] {processor.py:186} INFO - Started process (PID=1667) to work on /home/airflow/.local/lib/python3.12/site-packages/airflow/example_dags/example_sla_dag.py
[2025-01-01T10:26:35.470+0000] {processor.py:914} INFO - Processing file /home/airflow/.local/lib/python3.12/site-packages/airflow/example_dags/example_sla_dag.py for tasks to queue
[2025-01-01T10:26:35.475+0000] {logging_mixin.py:190} INFO - [2025-01-01T10:26:35.475+0000] {dagbag.py:588} INFO - Filling up the DagBag from /home/airflow/.local/lib/python3.12/site-packages/airflow/example_dags/example_sla_dag.py
[2025-01-01T10:26:35.498+0000] {processor.py:925} INFO - DAG(s) 'example_sla_dag' retrieved from /home/airflow/.local/lib/python3.12/site-packages/airflow/example_dags/example_sla_dag.py
[2025-01-01T10:26:35.539+0000] {logging_mixin.py:190} INFO - [2025-01-01T10:26:35.539+0000] {dag.py:3239} INFO - Sync 1 DAGs
[2025-01-01T10:26:35.591+0000] {logging_mixin.py:190} INFO - [2025-01-01T10:26:35.591+0000] {dag.py:4180} INFO - Setting next_dagrun for example_sla_dag to 2025-01-01 10:24:00+00:00, run_after=2025-01-01 10:26:00+00:00
[2025-01-01T10:26:35.629+0000] {processor.py:208} INFO - Processing /home/airflow/.local/lib/python3.12/site-packages/airflow/example_dags/example_sla_dag.py took 0.177 seconds
[2025-01-01T10:27:06.110+0000] {processor.py:186} INFO - Started process (PID=1730) to work on /home/airflow/.local/lib/python3.12/site-packages/airflow/example_dags/example_sla_dag.py
[2025-01-01T10:27:06.112+0000] {processor.py:914} INFO - Processing file /home/airflow/.local/lib/python3.12/site-packages/airflow/example_dags/example_sla_dag.py for tasks to queue
[2025-01-01T10:27:06.115+0000] {logging_mixin.py:190} INFO - [2025-01-01T10:27:06.115+0000] {dagbag.py:588} INFO - Filling up the DagBag from /home/airflow/.local/lib/python3.12/site-packages/airflow/example_dags/example_sla_dag.py
[2025-01-01T10:27:06.130+0000] {processor.py:925} INFO - DAG(s) 'example_sla_dag' retrieved from /home/airflow/.local/lib/python3.12/site-packages/airflow/example_dags/example_sla_dag.py
[2025-01-01T10:27:06.156+0000] {logging_mixin.py:190} INFO - [2025-01-01T10:27:06.156+0000] {dag.py:3239} INFO - Sync 1 DAGs
[2025-01-01T10:27:06.196+0000] {logging_mixin.py:190} INFO - [2025-01-01T10:27:06.196+0000] {dag.py:4180} INFO - Setting next_dagrun for example_sla_dag to 2025-01-01 10:24:00+00:00, run_after=2025-01-01 10:26:00+00:00
[2025-01-01T10:27:06.223+0000] {processor.py:208} INFO - Processing /home/airflow/.local/lib/python3.12/site-packages/airflow/example_dags/example_sla_dag.py took 0.121 seconds
[2025-01-01T10:27:36.481+0000] {processor.py:186} INFO - Started process (PID=1792) to work on /home/airflow/.local/lib/python3.12/site-packages/airflow/example_dags/example_sla_dag.py
[2025-01-01T10:27:36.484+0000] {processor.py:914} INFO - Processing file /home/airflow/.local/lib/python3.12/site-packages/airflow/example_dags/example_sla_dag.py for tasks to queue
[2025-01-01T10:27:36.489+0000] {logging_mixin.py:190} INFO - [2025-01-01T10:27:36.489+0000] {dagbag.py:588} INFO - Filling up the DagBag from /home/airflow/.local/lib/python3.12/site-packages/airflow/example_dags/example_sla_dag.py
[2025-01-01T10:27:36.514+0000] {processor.py:925} INFO - DAG(s) 'example_sla_dag' retrieved from /home/airflow/.local/lib/python3.12/site-packages/airflow/example_dags/example_sla_dag.py
[2025-01-01T10:27:36.561+0000] {logging_mixin.py:190} INFO - [2025-01-01T10:27:36.560+0000] {dag.py:3239} INFO - Sync 1 DAGs
[2025-01-01T10:27:36.626+0000] {logging_mixin.py:190} INFO - [2025-01-01T10:27:36.626+0000] {dag.py:4180} INFO - Setting next_dagrun for example_sla_dag to 2025-01-01 10:24:00+00:00, run_after=2025-01-01 10:26:00+00:00
[2025-01-01T10:27:36.674+0000] {processor.py:208} INFO - Processing /home/airflow/.local/lib/python3.12/site-packages/airflow/example_dags/example_sla_dag.py took 0.207 seconds
[2025-01-01T10:28:08.197+0000] {processor.py:186} INFO - Started process (PID=1849) to work on /home/airflow/.local/lib/python3.12/site-packages/airflow/example_dags/example_sla_dag.py
[2025-01-01T10:28:08.203+0000] {processor.py:914} INFO - Processing file /home/airflow/.local/lib/python3.12/site-packages/airflow/example_dags/example_sla_dag.py for tasks to queue
[2025-01-01T10:28:08.215+0000] {logging_mixin.py:190} INFO - [2025-01-01T10:28:08.213+0000] {dagbag.py:588} INFO - Filling up the DagBag from /home/airflow/.local/lib/python3.12/site-packages/airflow/example_dags/example_sla_dag.py
[2025-01-01T10:28:08.263+0000] {processor.py:925} INFO - DAG(s) 'example_sla_dag' retrieved from /home/airflow/.local/lib/python3.12/site-packages/airflow/example_dags/example_sla_dag.py
[2025-01-01T10:28:08.343+0000] {logging_mixin.py:190} INFO - [2025-01-01T10:28:08.340+0000] {dag.py:3239} INFO - Sync 1 DAGs
[2025-01-01T10:28:08.494+0000] {logging_mixin.py:190} INFO - [2025-01-01T10:28:08.493+0000] {dag.py:4180} INFO - Setting next_dagrun for example_sla_dag to 2025-01-01 10:26:00+00:00, run_after=2025-01-01 10:28:00+00:00
[2025-01-01T10:28:08.605+0000] {processor.py:208} INFO - Processing /home/airflow/.local/lib/python3.12/site-packages/airflow/example_dags/example_sla_dag.py took 0.444 seconds
[2025-01-01T10:28:48.183+0000] {processor.py:186} INFO - Started process (PID=1913) to work on /home/airflow/.local/lib/python3.12/site-packages/airflow/example_dags/example_sla_dag.py
[2025-01-01T10:28:48.205+0000] {processor.py:914} INFO - Processing file /home/airflow/.local/lib/python3.12/site-packages/airflow/example_dags/example_sla_dag.py for tasks to queue
[2025-01-01T10:28:48.235+0000] {logging_mixin.py:190} INFO - [2025-01-01T10:28:48.233+0000] {dagbag.py:588} INFO - Filling up the DagBag from /home/airflow/.local/lib/python3.12/site-packages/airflow/example_dags/example_sla_dag.py
[2025-01-01T10:28:48.324+0000] {processor.py:925} INFO - DAG(s) 'example_sla_dag' retrieved from /home/airflow/.local/lib/python3.12/site-packages/airflow/example_dags/example_sla_dag.py
[2025-01-01T10:28:48.552+0000] {logging_mixin.py:190} INFO - [2025-01-01T10:28:48.550+0000] {dag.py:3239} INFO - Sync 1 DAGs
[2025-01-01T10:28:48.893+0000] {logging_mixin.py:190} INFO - [2025-01-01T10:28:48.891+0000] {dag.py:4180} INFO - Setting next_dagrun for example_sla_dag to 2025-01-01 10:26:00+00:00, run_after=2025-01-01 10:28:00+00:00
[2025-01-01T10:28:49.046+0000] {processor.py:208} INFO - Processing /home/airflow/.local/lib/python3.12/site-packages/airflow/example_dags/example_sla_dag.py took 0.938 seconds
[2025-01-01T10:29:28.179+0000] {processor.py:186} INFO - Started process (PID=1966) to work on /home/airflow/.local/lib/python3.12/site-packages/airflow/example_dags/example_sla_dag.py
[2025-01-01T10:29:28.183+0000] {processor.py:914} INFO - Processing file /home/airflow/.local/lib/python3.12/site-packages/airflow/example_dags/example_sla_dag.py for tasks to queue
[2025-01-01T10:29:28.192+0000] {logging_mixin.py:190} INFO - [2025-01-01T10:29:28.191+0000] {dagbag.py:588} INFO - Filling up the DagBag from /home/airflow/.local/lib/python3.12/site-packages/airflow/example_dags/example_sla_dag.py
[2025-01-01T10:29:28.246+0000] {processor.py:925} INFO - DAG(s) 'example_sla_dag' retrieved from /home/airflow/.local/lib/python3.12/site-packages/airflow/example_dags/example_sla_dag.py
[2025-01-01T10:29:28.346+0000] {logging_mixin.py:190} INFO - [2025-01-01T10:29:28.345+0000] {dag.py:3239} INFO - Sync 1 DAGs
[2025-01-01T10:29:28.510+0000] {logging_mixin.py:190} INFO - [2025-01-01T10:29:28.509+0000] {dag.py:4180} INFO - Setting next_dagrun for example_sla_dag to 2025-01-01 10:26:00+00:00, run_after=2025-01-01 10:28:00+00:00
[2025-01-01T10:29:28.627+0000] {processor.py:208} INFO - Processing /home/airflow/.local/lib/python3.12/site-packages/airflow/example_dags/example_sla_dag.py took 0.475 seconds
[2025-01-01T10:30:01.114+0000] {processor.py:186} INFO - Started process (PID=2033) to work on /home/airflow/.local/lib/python3.12/site-packages/airflow/example_dags/example_sla_dag.py
[2025-01-01T10:30:01.118+0000] {processor.py:914} INFO - Processing file /home/airflow/.local/lib/python3.12/site-packages/airflow/example_dags/example_sla_dag.py for tasks to queue
[2025-01-01T10:30:01.127+0000] {logging_mixin.py:190} INFO - [2025-01-01T10:30:01.126+0000] {dagbag.py:588} INFO - Filling up the DagBag from /home/airflow/.local/lib/python3.12/site-packages/airflow/example_dags/example_sla_dag.py
[2025-01-01T10:30:01.163+0000] {processor.py:925} INFO - DAG(s) 'example_sla_dag' retrieved from /home/airflow/.local/lib/python3.12/site-packages/airflow/example_dags/example_sla_dag.py
[2025-01-01T10:30:01.213+0000] {logging_mixin.py:190} INFO - [2025-01-01T10:30:01.212+0000] {dag.py:3239} INFO - Sync 1 DAGs
[2025-01-01T10:30:01.260+0000] {logging_mixin.py:190} INFO - [2025-01-01T10:30:01.259+0000] {dag.py:4180} INFO - Setting next_dagrun for example_sla_dag to 2025-01-01 10:28:00+00:00, run_after=2025-01-01 10:30:00+00:00
[2025-01-01T10:30:01.346+0000] {processor.py:208} INFO - Processing /home/airflow/.local/lib/python3.12/site-packages/airflow/example_dags/example_sla_dag.py took 0.255 seconds
[2025-01-01T10:30:37.347+0000] {processor.py:186} INFO - Started process (PID=2090) to work on /home/airflow/.local/lib/python3.12/site-packages/airflow/example_dags/example_sla_dag.py
[2025-01-01T10:30:37.351+0000] {processor.py:914} INFO - Processing file /home/airflow/.local/lib/python3.12/site-packages/airflow/example_dags/example_sla_dag.py for tasks to queue
[2025-01-01T10:30:37.370+0000] {logging_mixin.py:190} INFO - [2025-01-01T10:30:37.368+0000] {dagbag.py:588} INFO - Filling up the DagBag from /home/airflow/.local/lib/python3.12/site-packages/airflow/example_dags/example_sla_dag.py
[2025-01-01T10:30:37.450+0000] {processor.py:925} INFO - DAG(s) 'example_sla_dag' retrieved from /home/airflow/.local/lib/python3.12/site-packages/airflow/example_dags/example_sla_dag.py
[2025-01-01T10:30:37.576+0000] {logging_mixin.py:190} INFO - [2025-01-01T10:30:37.574+0000] {dag.py:3239} INFO - Sync 1 DAGs
[2025-01-01T10:30:37.722+0000] {logging_mixin.py:190} INFO - [2025-01-01T10:30:37.721+0000] {dag.py:4180} INFO - Setting next_dagrun for example_sla_dag to 2025-01-01 10:28:00+00:00, run_after=2025-01-01 10:30:00+00:00
[2025-01-01T10:30:37.827+0000] {processor.py:208} INFO - Processing /home/airflow/.local/lib/python3.12/site-packages/airflow/example_dags/example_sla_dag.py took 0.513 seconds
[2025-01-01T10:31:08.088+0000] {processor.py:186} INFO - Started process (PID=2152) to work on /home/airflow/.local/lib/python3.12/site-packages/airflow/example_dags/example_sla_dag.py
[2025-01-01T10:31:08.090+0000] {processor.py:914} INFO - Processing file /home/airflow/.local/lib/python3.12/site-packages/airflow/example_dags/example_sla_dag.py for tasks to queue
[2025-01-01T10:31:08.094+0000] {logging_mixin.py:190} INFO - [2025-01-01T10:31:08.093+0000] {dagbag.py:588} INFO - Filling up the DagBag from /home/airflow/.local/lib/python3.12/site-packages/airflow/example_dags/example_sla_dag.py
[2025-01-01T10:31:08.106+0000] {processor.py:925} INFO - DAG(s) 'example_sla_dag' retrieved from /home/airflow/.local/lib/python3.12/site-packages/airflow/example_dags/example_sla_dag.py
[2025-01-01T10:31:08.133+0000] {logging_mixin.py:190} INFO - [2025-01-01T10:31:08.133+0000] {dag.py:3239} INFO - Sync 1 DAGs
[2025-01-01T10:31:08.167+0000] {logging_mixin.py:190} INFO - [2025-01-01T10:31:08.167+0000] {dag.py:4180} INFO - Setting next_dagrun for example_sla_dag to 2025-01-01 10:28:00+00:00, run_after=2025-01-01 10:30:00+00:00
[2025-01-01T10:31:08.198+0000] {processor.py:208} INFO - Processing /home/airflow/.local/lib/python3.12/site-packages/airflow/example_dags/example_sla_dag.py took 0.117 seconds
[2025-01-01T10:31:39.167+0000] {processor.py:186} INFO - Started process (PID=2207) to work on /home/airflow/.local/lib/python3.12/site-packages/airflow/example_dags/example_sla_dag.py
[2025-01-01T10:31:39.171+0000] {processor.py:914} INFO - Processing file /home/airflow/.local/lib/python3.12/site-packages/airflow/example_dags/example_sla_dag.py for tasks to queue
[2025-01-01T10:31:39.181+0000] {logging_mixin.py:190} INFO - [2025-01-01T10:31:39.179+0000] {dagbag.py:588} INFO - Filling up the DagBag from /home/airflow/.local/lib/python3.12/site-packages/airflow/example_dags/example_sla_dag.py
[2025-01-01T10:31:39.231+0000] {processor.py:925} INFO - DAG(s) 'example_sla_dag' retrieved from /home/airflow/.local/lib/python3.12/site-packages/airflow/example_dags/example_sla_dag.py
[2025-01-01T10:31:39.322+0000] {logging_mixin.py:190} INFO - [2025-01-01T10:31:39.320+0000] {dag.py:3239} INFO - Sync 1 DAGs
[2025-01-01T10:31:39.445+0000] {logging_mixin.py:190} INFO - [2025-01-01T10:31:39.444+0000] {dag.py:4180} INFO - Setting next_dagrun for example_sla_dag to 2025-01-01 10:28:00+00:00, run_after=2025-01-01 10:30:00+00:00
[2025-01-01T10:31:39.529+0000] {processor.py:208} INFO - Processing /home/airflow/.local/lib/python3.12/site-packages/airflow/example_dags/example_sla_dag.py took 0.393 seconds
[2025-01-01T10:32:10.780+0000] {processor.py:186} INFO - Started process (PID=2270) to work on /home/airflow/.local/lib/python3.12/site-packages/airflow/example_dags/example_sla_dag.py
[2025-01-01T10:32:10.785+0000] {processor.py:914} INFO - Processing file /home/airflow/.local/lib/python3.12/site-packages/airflow/example_dags/example_sla_dag.py for tasks to queue
[2025-01-01T10:32:10.802+0000] {logging_mixin.py:190} INFO - [2025-01-01T10:32:10.799+0000] {dagbag.py:588} INFO - Filling up the DagBag from /home/airflow/.local/lib/python3.12/site-packages/airflow/example_dags/example_sla_dag.py
[2025-01-01T10:32:10.864+0000] {processor.py:925} INFO - DAG(s) 'example_sla_dag' retrieved from /home/airflow/.local/lib/python3.12/site-packages/airflow/example_dags/example_sla_dag.py
[2025-01-01T10:32:10.953+0000] {logging_mixin.py:190} INFO - [2025-01-01T10:32:10.952+0000] {dag.py:3239} INFO - Sync 1 DAGs
[2025-01-01T10:32:11.079+0000] {logging_mixin.py:190} INFO - [2025-01-01T10:32:11.078+0000] {dag.py:4180} INFO - Setting next_dagrun for example_sla_dag to 2025-01-01 10:30:00+00:00, run_after=2025-01-01 10:32:00+00:00
[2025-01-01T10:32:11.172+0000] {processor.py:208} INFO - Processing /home/airflow/.local/lib/python3.12/site-packages/airflow/example_dags/example_sla_dag.py took 0.431 seconds
[2025-01-01T10:32:41.600+0000] {processor.py:186} INFO - Started process (PID=2332) to work on /home/airflow/.local/lib/python3.12/site-packages/airflow/example_dags/example_sla_dag.py
[2025-01-01T10:32:41.680+0000] {processor.py:914} INFO - Processing file /home/airflow/.local/lib/python3.12/site-packages/airflow/example_dags/example_sla_dag.py for tasks to queue
[2025-01-01T10:32:41.858+0000] {logging_mixin.py:190} INFO - [2025-01-01T10:32:41.856+0000] {dagbag.py:588} INFO - Filling up the DagBag from /home/airflow/.local/lib/python3.12/site-packages/airflow/example_dags/example_sla_dag.py
[2025-01-01T10:32:42.081+0000] {processor.py:925} INFO - DAG(s) 'example_sla_dag' retrieved from /home/airflow/.local/lib/python3.12/site-packages/airflow/example_dags/example_sla_dag.py
[2025-01-01T10:32:42.264+0000] {logging_mixin.py:190} INFO - [2025-01-01T10:32:42.262+0000] {dag.py:3239} INFO - Sync 1 DAGs
[2025-01-01T10:32:42.448+0000] {logging_mixin.py:190} INFO - [2025-01-01T10:32:42.447+0000] {dag.py:4180} INFO - Setting next_dagrun for example_sla_dag to 2025-01-01 10:30:00+00:00, run_after=2025-01-01 10:32:00+00:00
[2025-01-01T10:32:42.563+0000] {processor.py:208} INFO - Processing /home/airflow/.local/lib/python3.12/site-packages/airflow/example_dags/example_sla_dag.py took 1.033 seconds
[2025-01-01T10:33:12.702+0000] {processor.py:186} INFO - Started process (PID=2396) to work on /home/airflow/.local/lib/python3.12/site-packages/airflow/example_dags/example_sla_dag.py
[2025-01-01T10:33:12.703+0000] {processor.py:914} INFO - Processing file /home/airflow/.local/lib/python3.12/site-packages/airflow/example_dags/example_sla_dag.py for tasks to queue
[2025-01-01T10:33:12.707+0000] {logging_mixin.py:190} INFO - [2025-01-01T10:33:12.706+0000] {dagbag.py:588} INFO - Filling up the DagBag from /home/airflow/.local/lib/python3.12/site-packages/airflow/example_dags/example_sla_dag.py
[2025-01-01T10:33:12.720+0000] {processor.py:925} INFO - DAG(s) 'example_sla_dag' retrieved from /home/airflow/.local/lib/python3.12/site-packages/airflow/example_dags/example_sla_dag.py
[2025-01-01T10:33:12.748+0000] {logging_mixin.py:190} INFO - [2025-01-01T10:33:12.747+0000] {dag.py:3239} INFO - Sync 1 DAGs
[2025-01-01T10:33:12.784+0000] {logging_mixin.py:190} INFO - [2025-01-01T10:33:12.783+0000] {dag.py:4180} INFO - Setting next_dagrun for example_sla_dag to 2025-01-01 10:30:00+00:00, run_after=2025-01-01 10:32:00+00:00
[2025-01-01T10:33:12.813+0000] {processor.py:208} INFO - Processing /home/airflow/.local/lib/python3.12/site-packages/airflow/example_dags/example_sla_dag.py took 0.120 seconds
[2025-01-01T10:33:43.654+0000] {processor.py:186} INFO - Started process (PID=2460) to work on /home/airflow/.local/lib/python3.12/site-packages/airflow/example_dags/example_sla_dag.py
[2025-01-01T10:33:43.656+0000] {processor.py:914} INFO - Processing file /home/airflow/.local/lib/python3.12/site-packages/airflow/example_dags/example_sla_dag.py for tasks to queue
[2025-01-01T10:33:43.659+0000] {logging_mixin.py:190} INFO - [2025-01-01T10:33:43.659+0000] {dagbag.py:588} INFO - Filling up the DagBag from /home/airflow/.local/lib/python3.12/site-packages/airflow/example_dags/example_sla_dag.py
[2025-01-01T10:33:43.671+0000] {processor.py:925} INFO - DAG(s) 'example_sla_dag' retrieved from /home/airflow/.local/lib/python3.12/site-packages/airflow/example_dags/example_sla_dag.py
[2025-01-01T10:33:43.699+0000] {logging_mixin.py:190} INFO - [2025-01-01T10:33:43.698+0000] {dag.py:3239} INFO - Sync 1 DAGs
[2025-01-01T10:33:43.735+0000] {logging_mixin.py:190} INFO - [2025-01-01T10:33:43.735+0000] {dag.py:4180} INFO - Setting next_dagrun for example_sla_dag to 2025-01-01 10:30:00+00:00, run_after=2025-01-01 10:32:00+00:00
[2025-01-01T10:33:43.768+0000] {processor.py:208} INFO - Processing /home/airflow/.local/lib/python3.12/site-packages/airflow/example_dags/example_sla_dag.py took 0.121 seconds
[2025-01-01T10:34:13.869+0000] {processor.py:186} INFO - Started process (PID=2523) to work on /home/airflow/.local/lib/python3.12/site-packages/airflow/example_dags/example_sla_dag.py
[2025-01-01T10:34:13.870+0000] {processor.py:914} INFO - Processing file /home/airflow/.local/lib/python3.12/site-packages/airflow/example_dags/example_sla_dag.py for tasks to queue
[2025-01-01T10:34:13.873+0000] {logging_mixin.py:190} INFO - [2025-01-01T10:34:13.873+0000] {dagbag.py:588} INFO - Filling up the DagBag from /home/airflow/.local/lib/python3.12/site-packages/airflow/example_dags/example_sla_dag.py
[2025-01-01T10:34:13.888+0000] {processor.py:925} INFO - DAG(s) 'example_sla_dag' retrieved from /home/airflow/.local/lib/python3.12/site-packages/airflow/example_dags/example_sla_dag.py
[2025-01-01T10:34:13.920+0000] {logging_mixin.py:190} INFO - [2025-01-01T10:34:13.920+0000] {dag.py:3239} INFO - Sync 1 DAGs
[2025-01-01T10:34:13.973+0000] {logging_mixin.py:190} INFO - [2025-01-01T10:34:13.972+0000] {dag.py:4180} INFO - Setting next_dagrun for example_sla_dag to 2025-01-01 10:32:00+00:00, run_after=2025-01-01 10:34:00+00:00
[2025-01-01T10:34:14.020+0000] {processor.py:208} INFO - Processing /home/airflow/.local/lib/python3.12/site-packages/airflow/example_dags/example_sla_dag.py took 0.160 seconds
[2025-01-01T10:34:44.487+0000] {processor.py:186} INFO - Started process (PID=2586) to work on /home/airflow/.local/lib/python3.12/site-packages/airflow/example_dags/example_sla_dag.py
[2025-01-01T10:34:44.488+0000] {processor.py:914} INFO - Processing file /home/airflow/.local/lib/python3.12/site-packages/airflow/example_dags/example_sla_dag.py for tasks to queue
[2025-01-01T10:34:44.491+0000] {logging_mixin.py:190} INFO - [2025-01-01T10:34:44.491+0000] {dagbag.py:588} INFO - Filling up the DagBag from /home/airflow/.local/lib/python3.12/site-packages/airflow/example_dags/example_sla_dag.py
[2025-01-01T10:34:44.512+0000] {processor.py:925} INFO - DAG(s) 'example_sla_dag' retrieved from /home/airflow/.local/lib/python3.12/site-packages/airflow/example_dags/example_sla_dag.py
[2025-01-01T10:34:44.545+0000] {logging_mixin.py:190} INFO - [2025-01-01T10:34:44.544+0000] {dag.py:3239} INFO - Sync 1 DAGs
[2025-01-01T10:34:44.598+0000] {logging_mixin.py:190} INFO - [2025-01-01T10:34:44.598+0000] {dag.py:4180} INFO - Setting next_dagrun for example_sla_dag to 2025-01-01 10:32:00+00:00, run_after=2025-01-01 10:34:00+00:00
[2025-01-01T10:34:44.631+0000] {processor.py:208} INFO - Processing /home/airflow/.local/lib/python3.12/site-packages/airflow/example_dags/example_sla_dag.py took 0.152 seconds
[2025-01-01T10:35:14.865+0000] {processor.py:186} INFO - Started process (PID=2648) to work on /home/airflow/.local/lib/python3.12/site-packages/airflow/example_dags/example_sla_dag.py
[2025-01-01T10:35:14.866+0000] {processor.py:914} INFO - Processing file /home/airflow/.local/lib/python3.12/site-packages/airflow/example_dags/example_sla_dag.py for tasks to queue
[2025-01-01T10:35:14.869+0000] {logging_mixin.py:190} INFO - [2025-01-01T10:35:14.869+0000] {dagbag.py:588} INFO - Filling up the DagBag from /home/airflow/.local/lib/python3.12/site-packages/airflow/example_dags/example_sla_dag.py
[2025-01-01T10:35:14.890+0000] {processor.py:925} INFO - DAG(s) 'example_sla_dag' retrieved from /home/airflow/.local/lib/python3.12/site-packages/airflow/example_dags/example_sla_dag.py
[2025-01-01T10:35:14.934+0000] {logging_mixin.py:190} INFO - [2025-01-01T10:35:14.933+0000] {dag.py:3239} INFO - Sync 1 DAGs
[2025-01-01T10:35:14.985+0000] {logging_mixin.py:190} INFO - [2025-01-01T10:35:14.985+0000] {dag.py:4180} INFO - Setting next_dagrun for example_sla_dag to 2025-01-01 10:32:00+00:00, run_after=2025-01-01 10:34:00+00:00
[2025-01-01T10:35:15.019+0000] {processor.py:208} INFO - Processing /home/airflow/.local/lib/python3.12/site-packages/airflow/example_dags/example_sla_dag.py took 0.164 seconds
[2025-01-01T10:35:46.587+0000] {processor.py:186} INFO - Started process (PID=2710) to work on /home/airflow/.local/lib/python3.12/site-packages/airflow/example_dags/example_sla_dag.py
[2025-01-01T10:35:46.590+0000] {processor.py:914} INFO - Processing file /home/airflow/.local/lib/python3.12/site-packages/airflow/example_dags/example_sla_dag.py for tasks to queue
[2025-01-01T10:35:46.599+0000] {logging_mixin.py:190} INFO - [2025-01-01T10:35:46.598+0000] {dagbag.py:588} INFO - Filling up the DagBag from /home/airflow/.local/lib/python3.12/site-packages/airflow/example_dags/example_sla_dag.py
[2025-01-01T10:35:46.641+0000] {processor.py:925} INFO - DAG(s) 'example_sla_dag' retrieved from /home/airflow/.local/lib/python3.12/site-packages/airflow/example_dags/example_sla_dag.py
[2025-01-01T10:35:46.704+0000] {logging_mixin.py:190} INFO - [2025-01-01T10:35:46.703+0000] {dag.py:3239} INFO - Sync 1 DAGs
[2025-01-01T10:35:46.801+0000] {logging_mixin.py:190} INFO - [2025-01-01T10:35:46.801+0000] {dag.py:4180} INFO - Setting next_dagrun for example_sla_dag to 2025-01-01 10:32:00+00:00, run_after=2025-01-01 10:34:00+00:00
[2025-01-01T10:35:46.836+0000] {processor.py:208} INFO - Processing /home/airflow/.local/lib/python3.12/site-packages/airflow/example_dags/example_sla_dag.py took 0.271 seconds
[2025-01-01T10:36:19.805+0000] {processor.py:186} INFO - Started process (PID=2771) to work on /home/airflow/.local/lib/python3.12/site-packages/airflow/example_dags/example_sla_dag.py
[2025-01-01T10:36:19.812+0000] {processor.py:914} INFO - Processing file /home/airflow/.local/lib/python3.12/site-packages/airflow/example_dags/example_sla_dag.py for tasks to queue
[2025-01-01T10:36:19.841+0000] {logging_mixin.py:190} INFO - [2025-01-01T10:36:19.837+0000] {dagbag.py:588} INFO - Filling up the DagBag from /home/airflow/.local/lib/python3.12/site-packages/airflow/example_dags/example_sla_dag.py
[2025-01-01T10:36:19.985+0000] {processor.py:925} INFO - DAG(s) 'example_sla_dag' retrieved from /home/airflow/.local/lib/python3.12/site-packages/airflow/example_dags/example_sla_dag.py
[2025-01-01T10:36:20.160+0000] {logging_mixin.py:190} INFO - [2025-01-01T10:36:20.159+0000] {dag.py:3239} INFO - Sync 1 DAGs
[2025-01-01T10:36:20.476+0000] {logging_mixin.py:190} INFO - [2025-01-01T10:36:20.475+0000] {dag.py:4180} INFO - Setting next_dagrun for example_sla_dag to 2025-01-01 10:34:00+00:00, run_after=2025-01-01 10:36:00+00:00
[2025-01-01T10:36:20.636+0000] {processor.py:208} INFO - Processing /home/airflow/.local/lib/python3.12/site-packages/airflow/example_dags/example_sla_dag.py took 0.923 seconds
[2025-01-01T10:36:51.029+0000] {processor.py:186} INFO - Started process (PID=2834) to work on /home/airflow/.local/lib/python3.12/site-packages/airflow/example_dags/example_sla_dag.py
[2025-01-01T10:36:51.032+0000] {processor.py:914} INFO - Processing file /home/airflow/.local/lib/python3.12/site-packages/airflow/example_dags/example_sla_dag.py for tasks to queue
[2025-01-01T10:36:51.042+0000] {logging_mixin.py:190} INFO - [2025-01-01T10:36:51.040+0000] {dagbag.py:588} INFO - Filling up the DagBag from /home/airflow/.local/lib/python3.12/site-packages/airflow/example_dags/example_sla_dag.py
[2025-01-01T10:36:51.079+0000] {processor.py:925} INFO - DAG(s) 'example_sla_dag' retrieved from /home/airflow/.local/lib/python3.12/site-packages/airflow/example_dags/example_sla_dag.py
[2025-01-01T10:36:51.138+0000] {logging_mixin.py:190} INFO - [2025-01-01T10:36:51.137+0000] {dag.py:3239} INFO - Sync 1 DAGs
[2025-01-01T10:36:51.230+0000] {logging_mixin.py:190} INFO - [2025-01-01T10:36:51.229+0000] {dag.py:4180} INFO - Setting next_dagrun for example_sla_dag to 2025-01-01 10:34:00+00:00, run_after=2025-01-01 10:36:00+00:00
[2025-01-01T10:36:51.293+0000] {processor.py:208} INFO - Processing /home/airflow/.local/lib/python3.12/site-packages/airflow/example_dags/example_sla_dag.py took 0.282 seconds
[2025-01-01T10:37:21.667+0000] {processor.py:186} INFO - Started process (PID=2898) to work on /home/airflow/.local/lib/python3.12/site-packages/airflow/example_dags/example_sla_dag.py
[2025-01-01T10:37:21.669+0000] {processor.py:914} INFO - Processing file /home/airflow/.local/lib/python3.12/site-packages/airflow/example_dags/example_sla_dag.py for tasks to queue
[2025-01-01T10:37:21.676+0000] {logging_mixin.py:190} INFO - [2025-01-01T10:37:21.675+0000] {dagbag.py:588} INFO - Filling up the DagBag from /home/airflow/.local/lib/python3.12/site-packages/airflow/example_dags/example_sla_dag.py
[2025-01-01T10:37:21.702+0000] {processor.py:925} INFO - DAG(s) 'example_sla_dag' retrieved from /home/airflow/.local/lib/python3.12/site-packages/airflow/example_dags/example_sla_dag.py
[2025-01-01T10:37:21.739+0000] {logging_mixin.py:190} INFO - [2025-01-01T10:37:21.737+0000] {dag.py:3239} INFO - Sync 1 DAGs
[2025-01-01T10:37:21.798+0000] {logging_mixin.py:190} INFO - [2025-01-01T10:37:21.797+0000] {dag.py:4180} INFO - Setting next_dagrun for example_sla_dag to 2025-01-01 10:34:00+00:00, run_after=2025-01-01 10:36:00+00:00
[2025-01-01T10:37:21.843+0000] {processor.py:208} INFO - Processing /home/airflow/.local/lib/python3.12/site-packages/airflow/example_dags/example_sla_dag.py took 0.197 seconds
[2025-01-01T10:37:52.790+0000] {processor.py:186} INFO - Started process (PID=2960) to work on /home/airflow/.local/lib/python3.12/site-packages/airflow/example_dags/example_sla_dag.py
[2025-01-01T10:37:52.791+0000] {processor.py:914} INFO - Processing file /home/airflow/.local/lib/python3.12/site-packages/airflow/example_dags/example_sla_dag.py for tasks to queue
[2025-01-01T10:37:52.794+0000] {logging_mixin.py:190} INFO - [2025-01-01T10:37:52.794+0000] {dagbag.py:588} INFO - Filling up the DagBag from /home/airflow/.local/lib/python3.12/site-packages/airflow/example_dags/example_sla_dag.py
[2025-01-01T10:37:52.805+0000] {processor.py:925} INFO - DAG(s) 'example_sla_dag' retrieved from /home/airflow/.local/lib/python3.12/site-packages/airflow/example_dags/example_sla_dag.py
[2025-01-01T10:37:52.829+0000] {logging_mixin.py:190} INFO - [2025-01-01T10:37:52.829+0000] {dag.py:3239} INFO - Sync 1 DAGs
[2025-01-01T10:37:52.861+0000] {logging_mixin.py:190} INFO - [2025-01-01T10:37:52.861+0000] {dag.py:4180} INFO - Setting next_dagrun for example_sla_dag to 2025-01-01 10:34:00+00:00, run_after=2025-01-01 10:36:00+00:00
[2025-01-01T10:37:53.105+0000] {processor.py:208} INFO - Processing /home/airflow/.local/lib/python3.12/site-packages/airflow/example_dags/example_sla_dag.py took 0.324 seconds
[2025-01-01T10:38:23.229+0000] {processor.py:186} INFO - Started process (PID=3023) to work on /home/airflow/.local/lib/python3.12/site-packages/airflow/example_dags/example_sla_dag.py
[2025-01-01T10:38:23.231+0000] {processor.py:914} INFO - Processing file /home/airflow/.local/lib/python3.12/site-packages/airflow/example_dags/example_sla_dag.py for tasks to queue
[2025-01-01T10:38:23.234+0000] {logging_mixin.py:190} INFO - [2025-01-01T10:38:23.234+0000] {dagbag.py:588} INFO - Filling up the DagBag from /home/airflow/.local/lib/python3.12/site-packages/airflow/example_dags/example_sla_dag.py
[2025-01-01T10:38:23.249+0000] {processor.py:925} INFO - DAG(s) 'example_sla_dag' retrieved from /home/airflow/.local/lib/python3.12/site-packages/airflow/example_dags/example_sla_dag.py
[2025-01-01T10:38:23.274+0000] {logging_mixin.py:190} INFO - [2025-01-01T10:38:23.274+0000] {dag.py:3239} INFO - Sync 1 DAGs
[2025-01-01T10:38:23.300+0000] {logging_mixin.py:190} INFO - [2025-01-01T10:38:23.300+0000] {dag.py:4180} INFO - Setting next_dagrun for example_sla_dag to 2025-01-01 10:36:00+00:00, run_after=2025-01-01 10:38:00+00:00
[2025-01-01T10:38:23.366+0000] {processor.py:208} INFO - Processing /home/airflow/.local/lib/python3.12/site-packages/airflow/example_dags/example_sla_dag.py took 0.143 seconds
[2025-01-01T10:38:53.475+0000] {processor.py:186} INFO - Started process (PID=3086) to work on /home/airflow/.local/lib/python3.12/site-packages/airflow/example_dags/example_sla_dag.py
[2025-01-01T10:38:53.476+0000] {processor.py:914} INFO - Processing file /home/airflow/.local/lib/python3.12/site-packages/airflow/example_dags/example_sla_dag.py for tasks to queue
[2025-01-01T10:38:53.479+0000] {logging_mixin.py:190} INFO - [2025-01-01T10:38:53.479+0000] {dagbag.py:588} INFO - Filling up the DagBag from /home/airflow/.local/lib/python3.12/site-packages/airflow/example_dags/example_sla_dag.py
[2025-01-01T10:38:53.491+0000] {processor.py:925} INFO - DAG(s) 'example_sla_dag' retrieved from /home/airflow/.local/lib/python3.12/site-packages/airflow/example_dags/example_sla_dag.py
[2025-01-01T10:38:53.513+0000] {logging_mixin.py:190} INFO - [2025-01-01T10:38:53.513+0000] {dag.py:3239} INFO - Sync 1 DAGs
[2025-01-01T10:38:53.540+0000] {logging_mixin.py:190} INFO - [2025-01-01T10:38:53.539+0000] {dag.py:4180} INFO - Setting next_dagrun for example_sla_dag to 2025-01-01 10:36:00+00:00, run_after=2025-01-01 10:38:00+00:00
[2025-01-01T10:38:53.560+0000] {processor.py:208} INFO - Processing /home/airflow/.local/lib/python3.12/site-packages/airflow/example_dags/example_sla_dag.py took 0.092 seconds
[2025-01-01T10:39:27.226+0000] {processor.py:186} INFO - Started process (PID=3149) to work on /home/airflow/.local/lib/python3.12/site-packages/airflow/example_dags/example_sla_dag.py
[2025-01-01T10:39:27.236+0000] {processor.py:914} INFO - Processing file /home/airflow/.local/lib/python3.12/site-packages/airflow/example_dags/example_sla_dag.py for tasks to queue
[2025-01-01T10:39:27.260+0000] {logging_mixin.py:190} INFO - [2025-01-01T10:39:27.258+0000] {dagbag.py:588} INFO - Filling up the DagBag from /home/airflow/.local/lib/python3.12/site-packages/airflow/example_dags/example_sla_dag.py
[2025-01-01T10:39:27.370+0000] {processor.py:925} INFO - DAG(s) 'example_sla_dag' retrieved from /home/airflow/.local/lib/python3.12/site-packages/airflow/example_dags/example_sla_dag.py
[2025-01-01T10:39:27.559+0000] {logging_mixin.py:190} INFO - [2025-01-01T10:39:27.557+0000] {dag.py:3239} INFO - Sync 1 DAGs
[2025-01-01T10:39:27.833+0000] {logging_mixin.py:190} INFO - [2025-01-01T10:39:27.831+0000] {dag.py:4180} INFO - Setting next_dagrun for example_sla_dag to 2025-01-01 10:36:00+00:00, run_after=2025-01-01 10:38:00+00:00
[2025-01-01T10:39:28.021+0000] {processor.py:208} INFO - Processing /home/airflow/.local/lib/python3.12/site-packages/airflow/example_dags/example_sla_dag.py took 0.880 seconds
[2025-01-01T10:40:21.122+0000] {processor.py:186} INFO - Started process (PID=3212) to work on /home/airflow/.local/lib/python3.12/site-packages/airflow/example_dags/example_sla_dag.py
[2025-01-01T10:40:21.125+0000] {processor.py:914} INFO - Processing file /home/airflow/.local/lib/python3.12/site-packages/airflow/example_dags/example_sla_dag.py for tasks to queue
[2025-01-01T10:40:21.134+0000] {logging_mixin.py:190} INFO - [2025-01-01T10:40:21.133+0000] {dagbag.py:588} INFO - Filling up the DagBag from /home/airflow/.local/lib/python3.12/site-packages/airflow/example_dags/example_sla_dag.py
[2025-01-01T10:40:21.176+0000] {processor.py:925} INFO - DAG(s) 'example_sla_dag' retrieved from /home/airflow/.local/lib/python3.12/site-packages/airflow/example_dags/example_sla_dag.py
[2025-01-01T10:40:21.242+0000] {logging_mixin.py:190} INFO - [2025-01-01T10:40:21.241+0000] {dag.py:3239} INFO - Sync 1 DAGs
[2025-01-01T10:40:21.332+0000] {logging_mixin.py:190} INFO - [2025-01-01T10:40:21.332+0000] {dag.py:4180} INFO - Setting next_dagrun for example_sla_dag to 2025-01-01 10:38:00+00:00, run_after=2025-01-01 10:40:00+00:00
[2025-01-01T10:40:21.393+0000] {processor.py:208} INFO - Processing /home/airflow/.local/lib/python3.12/site-packages/airflow/example_dags/example_sla_dag.py took 0.291 seconds
[2025-01-01T10:40:53.283+0000] {processor.py:186} INFO - Started process (PID=3271) to work on /home/airflow/.local/lib/python3.12/site-packages/airflow/example_dags/example_sla_dag.py
[2025-01-01T10:40:53.288+0000] {processor.py:914} INFO - Processing file /home/airflow/.local/lib/python3.12/site-packages/airflow/example_dags/example_sla_dag.py for tasks to queue
[2025-01-01T10:40:53.300+0000] {logging_mixin.py:190} INFO - [2025-01-01T10:40:53.298+0000] {dagbag.py:588} INFO - Filling up the DagBag from /home/airflow/.local/lib/python3.12/site-packages/airflow/example_dags/example_sla_dag.py
[2025-01-01T10:40:53.983+0000] {processor.py:925} INFO - DAG(s) 'example_sla_dag' retrieved from /home/airflow/.local/lib/python3.12/site-packages/airflow/example_dags/example_sla_dag.py
[2025-01-01T10:40:54.040+0000] {logging_mixin.py:190} INFO - [2025-01-01T10:40:54.039+0000] {dag.py:3239} INFO - Sync 1 DAGs
[2025-01-01T10:40:54.134+0000] {logging_mixin.py:190} INFO - [2025-01-01T10:40:54.133+0000] {dag.py:4180} INFO - Setting next_dagrun for example_sla_dag to 2025-01-01 10:38:00+00:00, run_after=2025-01-01 10:40:00+00:00
[2025-01-01T10:40:54.223+0000] {processor.py:208} INFO - Processing /home/airflow/.local/lib/python3.12/site-packages/airflow/example_dags/example_sla_dag.py took 0.970 seconds
[2025-01-01T10:41:24.974+0000] {processor.py:186} INFO - Started process (PID=3334) to work on /home/airflow/.local/lib/python3.12/site-packages/airflow/example_dags/example_sla_dag.py
[2025-01-01T10:41:24.977+0000] {processor.py:914} INFO - Processing file /home/airflow/.local/lib/python3.12/site-packages/airflow/example_dags/example_sla_dag.py for tasks to queue
[2025-01-01T10:41:24.982+0000] {logging_mixin.py:190} INFO - [2025-01-01T10:41:24.982+0000] {dagbag.py:588} INFO - Filling up the DagBag from /home/airflow/.local/lib/python3.12/site-packages/airflow/example_dags/example_sla_dag.py
[2025-01-01T10:41:25.005+0000] {processor.py:925} INFO - DAG(s) 'example_sla_dag' retrieved from /home/airflow/.local/lib/python3.12/site-packages/airflow/example_dags/example_sla_dag.py
[2025-01-01T10:41:25.047+0000] {logging_mixin.py:190} INFO - [2025-01-01T10:41:25.047+0000] {dag.py:3239} INFO - Sync 1 DAGs
[2025-01-01T10:41:25.109+0000] {logging_mixin.py:190} INFO - [2025-01-01T10:41:25.108+0000] {dag.py:4180} INFO - Setting next_dagrun for example_sla_dag to 2025-01-01 10:38:00+00:00, run_after=2025-01-01 10:40:00+00:00
[2025-01-01T10:41:25.154+0000] {processor.py:208} INFO - Processing /home/airflow/.local/lib/python3.12/site-packages/airflow/example_dags/example_sla_dag.py took 0.193 seconds
[2025-01-01T10:41:55.667+0000] {processor.py:186} INFO - Started process (PID=3397) to work on /home/airflow/.local/lib/python3.12/site-packages/airflow/example_dags/example_sla_dag.py
[2025-01-01T10:41:55.669+0000] {processor.py:914} INFO - Processing file /home/airflow/.local/lib/python3.12/site-packages/airflow/example_dags/example_sla_dag.py for tasks to queue
[2025-01-01T10:41:55.673+0000] {logging_mixin.py:190} INFO - [2025-01-01T10:41:55.673+0000] {dagbag.py:588} INFO - Filling up the DagBag from /home/airflow/.local/lib/python3.12/site-packages/airflow/example_dags/example_sla_dag.py
[2025-01-01T10:41:55.692+0000] {processor.py:925} INFO - DAG(s) 'example_sla_dag' retrieved from /home/airflow/.local/lib/python3.12/site-packages/airflow/example_dags/example_sla_dag.py
[2025-01-01T10:41:55.728+0000] {logging_mixin.py:190} INFO - [2025-01-01T10:41:55.727+0000] {dag.py:3239} INFO - Sync 1 DAGs
[2025-01-01T10:41:55.774+0000] {logging_mixin.py:190} INFO - [2025-01-01T10:41:55.773+0000] {dag.py:4180} INFO - Setting next_dagrun for example_sla_dag to 2025-01-01 10:38:00+00:00, run_after=2025-01-01 10:40:00+00:00
[2025-01-01T10:41:55.810+0000] {processor.py:208} INFO - Processing /home/airflow/.local/lib/python3.12/site-packages/airflow/example_dags/example_sla_dag.py took 0.153 seconds
[2025-01-01T10:42:27.114+0000] {processor.py:186} INFO - Started process (PID=3461) to work on /home/airflow/.local/lib/python3.12/site-packages/airflow/example_dags/example_sla_dag.py
[2025-01-01T10:42:27.117+0000] {processor.py:914} INFO - Processing file /home/airflow/.local/lib/python3.12/site-packages/airflow/example_dags/example_sla_dag.py for tasks to queue
[2025-01-01T10:42:27.126+0000] {logging_mixin.py:190} INFO - [2025-01-01T10:42:27.124+0000] {dagbag.py:588} INFO - Filling up the DagBag from /home/airflow/.local/lib/python3.12/site-packages/airflow/example_dags/example_sla_dag.py
[2025-01-01T10:42:27.172+0000] {processor.py:925} INFO - DAG(s) 'example_sla_dag' retrieved from /home/airflow/.local/lib/python3.12/site-packages/airflow/example_dags/example_sla_dag.py
[2025-01-01T10:42:27.252+0000] {logging_mixin.py:190} INFO - [2025-01-01T10:42:27.251+0000] {dag.py:3239} INFO - Sync 1 DAGs
[2025-01-01T10:42:27.381+0000] {logging_mixin.py:190} INFO - [2025-01-01T10:42:27.380+0000] {dag.py:4180} INFO - Setting next_dagrun for example_sla_dag to 2025-01-01 10:40:00+00:00, run_after=2025-01-01 10:42:00+00:00
[2025-01-01T10:42:27.462+0000] {processor.py:208} INFO - Processing /home/airflow/.local/lib/python3.12/site-packages/airflow/example_dags/example_sla_dag.py took 0.376 seconds
[2025-01-01T10:42:57.782+0000] {processor.py:186} INFO - Started process (PID=3523) to work on /home/airflow/.local/lib/python3.12/site-packages/airflow/example_dags/example_sla_dag.py
[2025-01-01T10:42:57.785+0000] {processor.py:914} INFO - Processing file /home/airflow/.local/lib/python3.12/site-packages/airflow/example_dags/example_sla_dag.py for tasks to queue
[2025-01-01T10:42:57.794+0000] {logging_mixin.py:190} INFO - [2025-01-01T10:42:57.792+0000] {dagbag.py:588} INFO - Filling up the DagBag from /home/airflow/.local/lib/python3.12/site-packages/airflow/example_dags/example_sla_dag.py
[2025-01-01T10:42:57.832+0000] {processor.py:925} INFO - DAG(s) 'example_sla_dag' retrieved from /home/airflow/.local/lib/python3.12/site-packages/airflow/example_dags/example_sla_dag.py
[2025-01-01T10:42:57.893+0000] {logging_mixin.py:190} INFO - [2025-01-01T10:42:57.893+0000] {dag.py:3239} INFO - Sync 1 DAGs
[2025-01-01T10:42:57.985+0000] {logging_mixin.py:190} INFO - [2025-01-01T10:42:57.984+0000] {dag.py:4180} INFO - Setting next_dagrun for example_sla_dag to 2025-01-01 10:40:00+00:00, run_after=2025-01-01 10:42:00+00:00
[2025-01-01T10:42:58.045+0000] {processor.py:208} INFO - Processing /home/airflow/.local/lib/python3.12/site-packages/airflow/example_dags/example_sla_dag.py took 0.289 seconds
[2025-01-01T10:43:28.408+0000] {processor.py:186} INFO - Started process (PID=3586) to work on /home/airflow/.local/lib/python3.12/site-packages/airflow/example_dags/example_sla_dag.py
[2025-01-01T10:43:28.409+0000] {processor.py:914} INFO - Processing file /home/airflow/.local/lib/python3.12/site-packages/airflow/example_dags/example_sla_dag.py for tasks to queue
[2025-01-01T10:43:28.413+0000] {logging_mixin.py:190} INFO - [2025-01-01T10:43:28.413+0000] {dagbag.py:588} INFO - Filling up the DagBag from /home/airflow/.local/lib/python3.12/site-packages/airflow/example_dags/example_sla_dag.py
[2025-01-01T10:43:28.425+0000] {processor.py:925} INFO - DAG(s) 'example_sla_dag' retrieved from /home/airflow/.local/lib/python3.12/site-packages/airflow/example_dags/example_sla_dag.py
[2025-01-01T10:43:28.450+0000] {logging_mixin.py:190} INFO - [2025-01-01T10:43:28.450+0000] {dag.py:3239} INFO - Sync 1 DAGs
[2025-01-01T10:43:28.479+0000] {logging_mixin.py:190} INFO - [2025-01-01T10:43:28.479+0000] {dag.py:4180} INFO - Setting next_dagrun for example_sla_dag to 2025-01-01 10:40:00+00:00, run_after=2025-01-01 10:42:00+00:00
[2025-01-01T10:43:28.506+0000] {processor.py:208} INFO - Processing /home/airflow/.local/lib/python3.12/site-packages/airflow/example_dags/example_sla_dag.py took 0.105 seconds
[2025-01-01T10:43:58.861+0000] {processor.py:186} INFO - Started process (PID=3648) to work on /home/airflow/.local/lib/python3.12/site-packages/airflow/example_dags/example_sla_dag.py
[2025-01-01T10:43:58.863+0000] {processor.py:914} INFO - Processing file /home/airflow/.local/lib/python3.12/site-packages/airflow/example_dags/example_sla_dag.py for tasks to queue
[2025-01-01T10:43:58.867+0000] {logging_mixin.py:190} INFO - [2025-01-01T10:43:58.866+0000] {dagbag.py:588} INFO - Filling up the DagBag from /home/airflow/.local/lib/python3.12/site-packages/airflow/example_dags/example_sla_dag.py
[2025-01-01T10:43:58.881+0000] {processor.py:925} INFO - DAG(s) 'example_sla_dag' retrieved from /home/airflow/.local/lib/python3.12/site-packages/airflow/example_dags/example_sla_dag.py
[2025-01-01T10:43:58.910+0000] {logging_mixin.py:190} INFO - [2025-01-01T10:43:58.910+0000] {dag.py:3239} INFO - Sync 1 DAGs
[2025-01-01T10:43:58.945+0000] {logging_mixin.py:190} INFO - [2025-01-01T10:43:58.945+0000] {dag.py:4180} INFO - Setting next_dagrun for example_sla_dag to 2025-01-01 10:40:00+00:00, run_after=2025-01-01 10:42:00+00:00
[2025-01-01T10:43:58.972+0000] {processor.py:208} INFO - Processing /home/airflow/.local/lib/python3.12/site-packages/airflow/example_dags/example_sla_dag.py took 0.121 seconds
[2025-01-01T10:44:29.945+0000] {processor.py:186} INFO - Started process (PID=3711) to work on /home/airflow/.local/lib/python3.12/site-packages/airflow/example_dags/example_sla_dag.py
[2025-01-01T10:44:29.948+0000] {processor.py:914} INFO - Processing file /home/airflow/.local/lib/python3.12/site-packages/airflow/example_dags/example_sla_dag.py for tasks to queue
[2025-01-01T10:44:29.954+0000] {logging_mixin.py:190} INFO - [2025-01-01T10:44:29.953+0000] {dagbag.py:588} INFO - Filling up the DagBag from /home/airflow/.local/lib/python3.12/site-packages/airflow/example_dags/example_sla_dag.py
[2025-01-01T10:44:29.982+0000] {processor.py:925} INFO - DAG(s) 'example_sla_dag' retrieved from /home/airflow/.local/lib/python3.12/site-packages/airflow/example_dags/example_sla_dag.py
[2025-01-01T10:44:30.027+0000] {logging_mixin.py:190} INFO - [2025-01-01T10:44:30.026+0000] {dag.py:3239} INFO - Sync 1 DAGs
[2025-01-01T10:44:30.097+0000] {logging_mixin.py:190} INFO - [2025-01-01T10:44:30.096+0000] {dag.py:4180} INFO - Setting next_dagrun for example_sla_dag to 2025-01-01 10:42:00+00:00, run_after=2025-01-01 10:44:00+00:00
[2025-01-01T10:44:30.146+0000] {processor.py:208} INFO - Processing /home/airflow/.local/lib/python3.12/site-packages/airflow/example_dags/example_sla_dag.py took 0.215 seconds
[2025-01-01T10:45:00.319+0000] {processor.py:186} INFO - Started process (PID=3773) to work on /home/airflow/.local/lib/python3.12/site-packages/airflow/example_dags/example_sla_dag.py
[2025-01-01T10:45:00.323+0000] {processor.py:914} INFO - Processing file /home/airflow/.local/lib/python3.12/site-packages/airflow/example_dags/example_sla_dag.py for tasks to queue
[2025-01-01T10:45:00.333+0000] {logging_mixin.py:190} INFO - [2025-01-01T10:45:00.332+0000] {dagbag.py:588} INFO - Filling up the DagBag from /home/airflow/.local/lib/python3.12/site-packages/airflow/example_dags/example_sla_dag.py
[2025-01-01T10:45:00.383+0000] {processor.py:925} INFO - DAG(s) 'example_sla_dag' retrieved from /home/airflow/.local/lib/python3.12/site-packages/airflow/example_dags/example_sla_dag.py
[2025-01-01T10:45:00.460+0000] {logging_mixin.py:190} INFO - [2025-01-01T10:45:00.460+0000] {dag.py:3239} INFO - Sync 1 DAGs
[2025-01-01T10:45:00.549+0000] {logging_mixin.py:190} INFO - [2025-01-01T10:45:00.548+0000] {dag.py:4180} INFO - Setting next_dagrun for example_sla_dag to 2025-01-01 10:42:00+00:00, run_after=2025-01-01 10:44:00+00:00
[2025-01-01T10:45:00.614+0000] {processor.py:208} INFO - Processing /home/airflow/.local/lib/python3.12/site-packages/airflow/example_dags/example_sla_dag.py took 0.322 seconds
[2025-01-01T10:45:31.332+0000] {processor.py:186} INFO - Started process (PID=3835) to work on /home/airflow/.local/lib/python3.12/site-packages/airflow/example_dags/example_sla_dag.py
[2025-01-01T10:45:31.335+0000] {processor.py:914} INFO - Processing file /home/airflow/.local/lib/python3.12/site-packages/airflow/example_dags/example_sla_dag.py for tasks to queue
[2025-01-01T10:45:31.341+0000] {logging_mixin.py:190} INFO - [2025-01-01T10:45:31.340+0000] {dagbag.py:588} INFO - Filling up the DagBag from /home/airflow/.local/lib/python3.12/site-packages/airflow/example_dags/example_sla_dag.py
[2025-01-01T10:45:31.376+0000] {processor.py:925} INFO - DAG(s) 'example_sla_dag' retrieved from /home/airflow/.local/lib/python3.12/site-packages/airflow/example_dags/example_sla_dag.py
[2025-01-01T10:45:31.424+0000] {logging_mixin.py:190} INFO - [2025-01-01T10:45:31.423+0000] {dag.py:3239} INFO - Sync 1 DAGs
[2025-01-01T10:45:31.512+0000] {logging_mixin.py:190} INFO - [2025-01-01T10:45:31.511+0000] {dag.py:4180} INFO - Setting next_dagrun for example_sla_dag to 2025-01-01 10:42:00+00:00, run_after=2025-01-01 10:44:00+00:00
[2025-01-01T10:45:31.590+0000] {processor.py:208} INFO - Processing /home/airflow/.local/lib/python3.12/site-packages/airflow/example_dags/example_sla_dag.py took 0.277 seconds
[2025-01-01T10:46:01.870+0000] {processor.py:186} INFO - Started process (PID=3897) to work on /home/airflow/.local/lib/python3.12/site-packages/airflow/example_dags/example_sla_dag.py
[2025-01-01T10:46:01.871+0000] {processor.py:914} INFO - Processing file /home/airflow/.local/lib/python3.12/site-packages/airflow/example_dags/example_sla_dag.py for tasks to queue
[2025-01-01T10:46:01.874+0000] {logging_mixin.py:190} INFO - [2025-01-01T10:46:01.874+0000] {dagbag.py:588} INFO - Filling up the DagBag from /home/airflow/.local/lib/python3.12/site-packages/airflow/example_dags/example_sla_dag.py
[2025-01-01T10:46:01.890+0000] {processor.py:925} INFO - DAG(s) 'example_sla_dag' retrieved from /home/airflow/.local/lib/python3.12/site-packages/airflow/example_dags/example_sla_dag.py
[2025-01-01T10:46:01.915+0000] {logging_mixin.py:190} INFO - [2025-01-01T10:46:01.915+0000] {dag.py:3239} INFO - Sync 1 DAGs
[2025-01-01T10:46:01.942+0000] {logging_mixin.py:190} INFO - [2025-01-01T10:46:01.942+0000] {dag.py:4180} INFO - Setting next_dagrun for example_sla_dag to 2025-01-01 10:44:00+00:00, run_after=2025-01-01 10:46:00+00:00
[2025-01-01T10:46:01.969+0000] {processor.py:208} INFO - Processing /home/airflow/.local/lib/python3.12/site-packages/airflow/example_dags/example_sla_dag.py took 0.106 seconds
[2025-01-01T10:46:32.187+0000] {processor.py:186} INFO - Started process (PID=3960) to work on /home/airflow/.local/lib/python3.12/site-packages/airflow/example_dags/example_sla_dag.py
[2025-01-01T10:46:32.190+0000] {processor.py:914} INFO - Processing file /home/airflow/.local/lib/python3.12/site-packages/airflow/example_dags/example_sla_dag.py for tasks to queue
[2025-01-01T10:46:32.196+0000] {logging_mixin.py:190} INFO - [2025-01-01T10:46:32.195+0000] {dagbag.py:588} INFO - Filling up the DagBag from /home/airflow/.local/lib/python3.12/site-packages/airflow/example_dags/example_sla_dag.py
[2025-01-01T10:46:32.221+0000] {processor.py:925} INFO - DAG(s) 'example_sla_dag' retrieved from /home/airflow/.local/lib/python3.12/site-packages/airflow/example_dags/example_sla_dag.py
[2025-01-01T10:46:32.265+0000] {logging_mixin.py:190} INFO - [2025-01-01T10:46:32.264+0000] {dag.py:3239} INFO - Sync 1 DAGs
[2025-01-01T10:46:32.327+0000] {logging_mixin.py:190} INFO - [2025-01-01T10:46:32.326+0000] {dag.py:4180} INFO - Setting next_dagrun for example_sla_dag to 2025-01-01 10:44:00+00:00, run_after=2025-01-01 10:46:00+00:00
[2025-01-01T10:46:32.373+0000] {processor.py:208} INFO - Processing /home/airflow/.local/lib/python3.12/site-packages/airflow/example_dags/example_sla_dag.py took 0.197 seconds
[2025-01-01T10:47:02.778+0000] {processor.py:186} INFO - Started process (PID=4023) to work on /home/airflow/.local/lib/python3.12/site-packages/airflow/example_dags/example_sla_dag.py
[2025-01-01T10:47:02.780+0000] {processor.py:914} INFO - Processing file /home/airflow/.local/lib/python3.12/site-packages/airflow/example_dags/example_sla_dag.py for tasks to queue
[2025-01-01T10:47:02.784+0000] {logging_mixin.py:190} INFO - [2025-01-01T10:47:02.783+0000] {dagbag.py:588} INFO - Filling up the DagBag from /home/airflow/.local/lib/python3.12/site-packages/airflow/example_dags/example_sla_dag.py
[2025-01-01T10:47:02.799+0000] {processor.py:925} INFO - DAG(s) 'example_sla_dag' retrieved from /home/airflow/.local/lib/python3.12/site-packages/airflow/example_dags/example_sla_dag.py
[2025-01-01T10:47:02.829+0000] {logging_mixin.py:190} INFO - [2025-01-01T10:47:02.829+0000] {dag.py:3239} INFO - Sync 1 DAGs
[2025-01-01T10:47:02.871+0000] {logging_mixin.py:190} INFO - [2025-01-01T10:47:02.871+0000] {dag.py:4180} INFO - Setting next_dagrun for example_sla_dag to 2025-01-01 10:44:00+00:00, run_after=2025-01-01 10:46:00+00:00
[2025-01-01T10:47:02.908+0000] {processor.py:208} INFO - Processing /home/airflow/.local/lib/python3.12/site-packages/airflow/example_dags/example_sla_dag.py took 0.138 seconds
[2025-01-01T10:47:33.059+0000] {processor.py:186} INFO - Started process (PID=4085) to work on /home/airflow/.local/lib/python3.12/site-packages/airflow/example_dags/example_sla_dag.py
[2025-01-01T10:47:33.062+0000] {processor.py:914} INFO - Processing file /home/airflow/.local/lib/python3.12/site-packages/airflow/example_dags/example_sla_dag.py for tasks to queue
[2025-01-01T10:47:33.068+0000] {logging_mixin.py:190} INFO - [2025-01-01T10:47:33.067+0000] {dagbag.py:588} INFO - Filling up the DagBag from /home/airflow/.local/lib/python3.12/site-packages/airflow/example_dags/example_sla_dag.py
[2025-01-01T10:47:33.094+0000] {processor.py:925} INFO - DAG(s) 'example_sla_dag' retrieved from /home/airflow/.local/lib/python3.12/site-packages/airflow/example_dags/example_sla_dag.py
[2025-01-01T10:47:33.140+0000] {logging_mixin.py:190} INFO - [2025-01-01T10:47:33.139+0000] {dag.py:3239} INFO - Sync 1 DAGs
[2025-01-01T10:47:33.218+0000] {logging_mixin.py:190} INFO - [2025-01-01T10:47:33.218+0000] {dag.py:4180} INFO - Setting next_dagrun for example_sla_dag to 2025-01-01 10:44:00+00:00, run_after=2025-01-01 10:46:00+00:00
[2025-01-01T10:47:33.271+0000] {processor.py:208} INFO - Processing /home/airflow/.local/lib/python3.12/site-packages/airflow/example_dags/example_sla_dag.py took 0.228 seconds
[2025-01-01T10:48:03.588+0000] {processor.py:186} INFO - Started process (PID=4148) to work on /home/airflow/.local/lib/python3.12/site-packages/airflow/example_dags/example_sla_dag.py
[2025-01-01T10:48:03.590+0000] {processor.py:914} INFO - Processing file /home/airflow/.local/lib/python3.12/site-packages/airflow/example_dags/example_sla_dag.py for tasks to queue
[2025-01-01T10:48:03.595+0000] {logging_mixin.py:190} INFO - [2025-01-01T10:48:03.594+0000] {dagbag.py:588} INFO - Filling up the DagBag from /home/airflow/.local/lib/python3.12/site-packages/airflow/example_dags/example_sla_dag.py
[2025-01-01T10:48:03.613+0000] {processor.py:925} INFO - DAG(s) 'example_sla_dag' retrieved from /home/airflow/.local/lib/python3.12/site-packages/airflow/example_dags/example_sla_dag.py
[2025-01-01T10:48:03.649+0000] {logging_mixin.py:190} INFO - [2025-01-01T10:48:03.649+0000] {dag.py:3239} INFO - Sync 1 DAGs
[2025-01-01T10:48:03.696+0000] {logging_mixin.py:190} INFO - [2025-01-01T10:48:03.696+0000] {dag.py:4180} INFO - Setting next_dagrun for example_sla_dag to 2025-01-01 10:46:00+00:00, run_after=2025-01-01 10:48:00+00:00
[2025-01-01T10:48:03.732+0000] {processor.py:208} INFO - Processing /home/airflow/.local/lib/python3.12/site-packages/airflow/example_dags/example_sla_dag.py took 0.155 seconds
[2025-01-01T10:48:33.989+0000] {processor.py:186} INFO - Started process (PID=4211) to work on /home/airflow/.local/lib/python3.12/site-packages/airflow/example_dags/example_sla_dag.py
[2025-01-01T10:48:33.991+0000] {processor.py:914} INFO - Processing file /home/airflow/.local/lib/python3.12/site-packages/airflow/example_dags/example_sla_dag.py for tasks to queue
[2025-01-01T10:48:33.993+0000] {logging_mixin.py:190} INFO - [2025-01-01T10:48:33.993+0000] {dagbag.py:588} INFO - Filling up the DagBag from /home/airflow/.local/lib/python3.12/site-packages/airflow/example_dags/example_sla_dag.py
[2025-01-01T10:48:34.006+0000] {processor.py:925} INFO - DAG(s) 'example_sla_dag' retrieved from /home/airflow/.local/lib/python3.12/site-packages/airflow/example_dags/example_sla_dag.py
[2025-01-01T10:48:34.030+0000] {logging_mixin.py:190} INFO - [2025-01-01T10:48:34.030+0000] {dag.py:3239} INFO - Sync 1 DAGs
[2025-01-01T10:48:34.059+0000] {logging_mixin.py:190} INFO - [2025-01-01T10:48:34.059+0000] {dag.py:4180} INFO - Setting next_dagrun for example_sla_dag to 2025-01-01 10:46:00+00:00, run_after=2025-01-01 10:48:00+00:00
[2025-01-01T10:48:34.084+0000] {processor.py:208} INFO - Processing /home/airflow/.local/lib/python3.12/site-packages/airflow/example_dags/example_sla_dag.py took 0.102 seconds
[2025-01-01T10:49:04.269+0000] {processor.py:186} INFO - Started process (PID=4273) to work on /home/airflow/.local/lib/python3.12/site-packages/airflow/example_dags/example_sla_dag.py
[2025-01-01T10:49:04.271+0000] {processor.py:914} INFO - Processing file /home/airflow/.local/lib/python3.12/site-packages/airflow/example_dags/example_sla_dag.py for tasks to queue
[2025-01-01T10:49:04.276+0000] {logging_mixin.py:190} INFO - [2025-01-01T10:49:04.275+0000] {dagbag.py:588} INFO - Filling up the DagBag from /home/airflow/.local/lib/python3.12/site-packages/airflow/example_dags/example_sla_dag.py
[2025-01-01T10:49:04.295+0000] {processor.py:925} INFO - DAG(s) 'example_sla_dag' retrieved from /home/airflow/.local/lib/python3.12/site-packages/airflow/example_dags/example_sla_dag.py
[2025-01-01T10:49:04.334+0000] {logging_mixin.py:190} INFO - [2025-01-01T10:49:04.333+0000] {dag.py:3239} INFO - Sync 1 DAGs
[2025-01-01T10:49:04.386+0000] {logging_mixin.py:190} INFO - [2025-01-01T10:49:04.386+0000] {dag.py:4180} INFO - Setting next_dagrun for example_sla_dag to 2025-01-01 10:46:00+00:00, run_after=2025-01-01 10:48:00+00:00
[2025-01-01T10:49:04.428+0000] {processor.py:208} INFO - Processing /home/airflow/.local/lib/python3.12/site-packages/airflow/example_dags/example_sla_dag.py took 0.171 seconds
[2025-01-01T10:49:34.547+0000] {processor.py:186} INFO - Started process (PID=4335) to work on /home/airflow/.local/lib/python3.12/site-packages/airflow/example_dags/example_sla_dag.py
[2025-01-01T10:49:34.548+0000] {processor.py:914} INFO - Processing file /home/airflow/.local/lib/python3.12/site-packages/airflow/example_dags/example_sla_dag.py for tasks to queue
[2025-01-01T10:49:34.552+0000] {logging_mixin.py:190} INFO - [2025-01-01T10:49:34.552+0000] {dagbag.py:588} INFO - Filling up the DagBag from /home/airflow/.local/lib/python3.12/site-packages/airflow/example_dags/example_sla_dag.py
[2025-01-01T10:49:34.565+0000] {processor.py:925} INFO - DAG(s) 'example_sla_dag' retrieved from /home/airflow/.local/lib/python3.12/site-packages/airflow/example_dags/example_sla_dag.py
[2025-01-01T10:49:34.590+0000] {logging_mixin.py:190} INFO - [2025-01-01T10:49:34.590+0000] {dag.py:3239} INFO - Sync 1 DAGs
[2025-01-01T10:49:34.621+0000] {logging_mixin.py:190} INFO - [2025-01-01T10:49:34.621+0000] {dag.py:4180} INFO - Setting next_dagrun for example_sla_dag to 2025-01-01 10:46:00+00:00, run_after=2025-01-01 10:48:00+00:00
[2025-01-01T10:49:34.648+0000] {processor.py:208} INFO - Processing /home/airflow/.local/lib/python3.12/site-packages/airflow/example_dags/example_sla_dag.py took 0.109 seconds
[2025-01-01T10:50:04.919+0000] {processor.py:186} INFO - Started process (PID=4397) to work on /home/airflow/.local/lib/python3.12/site-packages/airflow/example_dags/example_sla_dag.py
[2025-01-01T10:50:04.920+0000] {processor.py:914} INFO - Processing file /home/airflow/.local/lib/python3.12/site-packages/airflow/example_dags/example_sla_dag.py for tasks to queue
[2025-01-01T10:50:04.923+0000] {logging_mixin.py:190} INFO - [2025-01-01T10:50:04.922+0000] {dagbag.py:588} INFO - Filling up the DagBag from /home/airflow/.local/lib/python3.12/site-packages/airflow/example_dags/example_sla_dag.py
[2025-01-01T10:50:04.933+0000] {processor.py:925} INFO - DAG(s) 'example_sla_dag' retrieved from /home/airflow/.local/lib/python3.12/site-packages/airflow/example_dags/example_sla_dag.py
[2025-01-01T10:50:04.957+0000] {logging_mixin.py:190} INFO - [2025-01-01T10:50:04.956+0000] {dag.py:3239} INFO - Sync 1 DAGs
[2025-01-01T10:50:04.984+0000] {logging_mixin.py:190} INFO - [2025-01-01T10:50:04.984+0000] {dag.py:4180} INFO - Setting next_dagrun for example_sla_dag to 2025-01-01 10:48:00+00:00, run_after=2025-01-01 10:50:00+00:00
[2025-01-01T10:50:05.014+0000] {processor.py:208} INFO - Processing /home/airflow/.local/lib/python3.12/site-packages/airflow/example_dags/example_sla_dag.py took 0.101 seconds
[2025-01-01T10:50:37.023+0000] {processor.py:186} INFO - Started process (PID=4460) to work on /home/airflow/.local/lib/python3.12/site-packages/airflow/example_dags/example_sla_dag.py
[2025-01-01T10:50:37.028+0000] {processor.py:914} INFO - Processing file /home/airflow/.local/lib/python3.12/site-packages/airflow/example_dags/example_sla_dag.py for tasks to queue
[2025-01-01T10:50:37.043+0000] {logging_mixin.py:190} INFO - [2025-01-01T10:50:37.041+0000] {dagbag.py:588} INFO - Filling up the DagBag from /home/airflow/.local/lib/python3.12/site-packages/airflow/example_dags/example_sla_dag.py
[2025-01-01T10:50:37.167+0000] {processor.py:925} INFO - DAG(s) 'example_sla_dag' retrieved from /home/airflow/.local/lib/python3.12/site-packages/airflow/example_dags/example_sla_dag.py
[2025-01-01T10:50:37.295+0000] {logging_mixin.py:190} INFO - [2025-01-01T10:50:37.294+0000] {dag.py:3239} INFO - Sync 1 DAGs
[2025-01-01T10:50:37.513+0000] {logging_mixin.py:190} INFO - [2025-01-01T10:50:37.512+0000] {dag.py:4180} INFO - Setting next_dagrun for example_sla_dag to 2025-01-01 10:48:00+00:00, run_after=2025-01-01 10:50:00+00:00
[2025-01-01T10:50:37.937+0000] {processor.py:208} INFO - Processing /home/airflow/.local/lib/python3.12/site-packages/airflow/example_dags/example_sla_dag.py took 0.951 seconds
[2025-01-01T10:51:09.504+0000] {processor.py:186} INFO - Started process (PID=4529) to work on /home/airflow/.local/lib/python3.12/site-packages/airflow/example_dags/example_sla_dag.py
[2025-01-01T10:51:09.506+0000] {processor.py:914} INFO - Processing file /home/airflow/.local/lib/python3.12/site-packages/airflow/example_dags/example_sla_dag.py for tasks to queue
[2025-01-01T10:51:09.512+0000] {logging_mixin.py:190} INFO - [2025-01-01T10:51:09.511+0000] {dagbag.py:588} INFO - Filling up the DagBag from /home/airflow/.local/lib/python3.12/site-packages/airflow/example_dags/example_sla_dag.py
[2025-01-01T10:51:09.554+0000] {processor.py:925} INFO - DAG(s) 'example_sla_dag' retrieved from /home/airflow/.local/lib/python3.12/site-packages/airflow/example_dags/example_sla_dag.py
[2025-01-01T10:51:09.614+0000] {logging_mixin.py:190} INFO - [2025-01-01T10:51:09.610+0000] {dag.py:3239} INFO - Sync 1 DAGs
[2025-01-01T10:51:09.847+0000] {logging_mixin.py:190} INFO - [2025-01-01T10:51:09.846+0000] {dag.py:4180} INFO - Setting next_dagrun for example_sla_dag to 2025-01-01 10:48:00+00:00, run_after=2025-01-01 10:50:00+00:00
[2025-01-01T10:51:10.032+0000] {processor.py:208} INFO - Processing /home/airflow/.local/lib/python3.12/site-packages/airflow/example_dags/example_sla_dag.py took 0.531 seconds
[2025-01-01T12:15:41.904+0000] {processor.py:186} INFO - Started process (PID=4549) to work on /home/airflow/.local/lib/python3.12/site-packages/airflow/example_dags/example_sla_dag.py
[2025-01-01T12:15:41.906+0000] {processor.py:914} INFO - Processing file /home/airflow/.local/lib/python3.12/site-packages/airflow/example_dags/example_sla_dag.py for tasks to queue
[2025-01-01T12:15:41.912+0000] {logging_mixin.py:190} INFO - [2025-01-01T12:15:41.911+0000] {dagbag.py:588} INFO - Filling up the DagBag from /home/airflow/.local/lib/python3.12/site-packages/airflow/example_dags/example_sla_dag.py
[2025-01-01T12:15:41.935+0000] {processor.py:925} INFO - DAG(s) 'example_sla_dag' retrieved from /home/airflow/.local/lib/python3.12/site-packages/airflow/example_dags/example_sla_dag.py
[2025-01-01T12:15:41.974+0000] {logging_mixin.py:190} INFO - [2025-01-01T12:15:41.974+0000] {dag.py:3239} INFO - Sync 1 DAGs
[2025-01-01T12:15:42.023+0000] {logging_mixin.py:190} INFO - [2025-01-01T12:15:42.023+0000] {dag.py:4180} INFO - Setting next_dagrun for example_sla_dag to 2025-01-01 12:12:00+00:00, run_after=2025-01-01 12:14:00+00:00
[2025-01-01T12:15:42.066+0000] {processor.py:208} INFO - Processing /home/airflow/.local/lib/python3.12/site-packages/airflow/example_dags/example_sla_dag.py took 0.172 seconds
[2025-01-01T12:16:12.994+0000] {processor.py:186} INFO - Started process (PID=4612) to work on /home/airflow/.local/lib/python3.12/site-packages/airflow/example_dags/example_sla_dag.py
[2025-01-01T12:16:12.995+0000] {processor.py:914} INFO - Processing file /home/airflow/.local/lib/python3.12/site-packages/airflow/example_dags/example_sla_dag.py for tasks to queue
[2025-01-01T12:16:12.997+0000] {logging_mixin.py:190} INFO - [2025-01-01T12:16:12.997+0000] {dagbag.py:588} INFO - Filling up the DagBag from /home/airflow/.local/lib/python3.12/site-packages/airflow/example_dags/example_sla_dag.py
[2025-01-01T12:16:13.005+0000] {processor.py:925} INFO - DAG(s) 'example_sla_dag' retrieved from /home/airflow/.local/lib/python3.12/site-packages/airflow/example_dags/example_sla_dag.py
[2025-01-01T12:16:13.020+0000] {logging_mixin.py:190} INFO - [2025-01-01T12:16:13.020+0000] {dag.py:3239} INFO - Sync 1 DAGs
[2025-01-01T12:16:13.040+0000] {logging_mixin.py:190} INFO - [2025-01-01T12:16:13.040+0000] {dag.py:4180} INFO - Setting next_dagrun for example_sla_dag to 2025-01-01 12:14:00+00:00, run_after=2025-01-01 12:16:00+00:00
[2025-01-01T12:16:13.059+0000] {processor.py:208} INFO - Processing /home/airflow/.local/lib/python3.12/site-packages/airflow/example_dags/example_sla_dag.py took 0.070 seconds
[2025-01-01T12:16:43.139+0000] {processor.py:186} INFO - Started process (PID=4675) to work on /home/airflow/.local/lib/python3.12/site-packages/airflow/example_dags/example_sla_dag.py
[2025-01-01T12:16:43.140+0000] {processor.py:914} INFO - Processing file /home/airflow/.local/lib/python3.12/site-packages/airflow/example_dags/example_sla_dag.py for tasks to queue
[2025-01-01T12:16:43.142+0000] {logging_mixin.py:190} INFO - [2025-01-01T12:16:43.142+0000] {dagbag.py:588} INFO - Filling up the DagBag from /home/airflow/.local/lib/python3.12/site-packages/airflow/example_dags/example_sla_dag.py
[2025-01-01T12:16:43.151+0000] {processor.py:925} INFO - DAG(s) 'example_sla_dag' retrieved from /home/airflow/.local/lib/python3.12/site-packages/airflow/example_dags/example_sla_dag.py
[2025-01-01T12:16:43.173+0000] {logging_mixin.py:190} INFO - [2025-01-01T12:16:43.172+0000] {dag.py:3239} INFO - Sync 1 DAGs
[2025-01-01T12:16:43.198+0000] {logging_mixin.py:190} INFO - [2025-01-01T12:16:43.197+0000] {dag.py:4180} INFO - Setting next_dagrun for example_sla_dag to 2025-01-01 12:14:00+00:00, run_after=2025-01-01 12:16:00+00:00
[2025-01-01T12:16:43.222+0000] {processor.py:208} INFO - Processing /home/airflow/.local/lib/python3.12/site-packages/airflow/example_dags/example_sla_dag.py took 0.089 seconds
