[2025-01-01T10:09:19.498+0000] {processor.py:186} INFO - Started process (PID=252) to work on /home/airflow/.local/lib/python3.12/site-packages/airflow/example_dags/example_skip_dag.py
[2025-01-01T10:09:19.505+0000] {processor.py:914} INFO - Processing file /home/airflow/.local/lib/python3.12/site-packages/airflow/example_dags/example_skip_dag.py for tasks to queue
[2025-01-01T10:09:19.525+0000] {logging_mixin.py:190} INFO - [2025-01-01T10:09:19.523+0000] {dagbag.py:588} INFO - Filling up the DagBag from /home/airflow/.local/lib/python3.12/site-packages/airflow/example_dags/example_skip_dag.py
[2025-01-01T10:09:19.608+0000] {processor.py:925} INFO - DAG(s) 'example_skip_dag' retrieved from /home/airflow/.local/lib/python3.12/site-packages/airflow/example_dags/example_skip_dag.py
[2025-01-01T10:09:20.322+0000] {logging_mixin.py:190} INFO - [2025-01-01T10:09:20.317+0000] {override.py:1911} INFO - Created Permission View: can edit on DAG:example_skip_dag
[2025-01-01T10:09:20.355+0000] {logging_mixin.py:190} INFO - [2025-01-01T10:09:20.353+0000] {override.py:1911} INFO - Created Permission View: can delete on DAG:example_skip_dag
[2025-01-01T10:09:20.399+0000] {logging_mixin.py:190} INFO - [2025-01-01T10:09:20.398+0000] {override.py:1911} INFO - Created Permission View: can read on DAG:example_skip_dag
[2025-01-01T10:09:20.458+0000] {logging_mixin.py:190} INFO - [2025-01-01T10:09:20.457+0000] {override.py:1911} INFO - Created Permission View: can create on DAG Run:example_skip_dag
[2025-01-01T10:09:20.504+0000] {logging_mixin.py:190} INFO - [2025-01-01T10:09:20.503+0000] {override.py:1911} INFO - Created Permission View: menu access on DAG Run:example_skip_dag
[2025-01-01T10:09:20.552+0000] {logging_mixin.py:190} INFO - [2025-01-01T10:09:20.550+0000] {override.py:1911} INFO - Created Permission View: can delete on DAG Run:example_skip_dag
[2025-01-01T10:09:20.609+0000] {logging_mixin.py:190} INFO - [2025-01-01T10:09:20.607+0000] {override.py:1911} INFO - Created Permission View: can read on DAG Run:example_skip_dag
[2025-01-01T10:09:20.613+0000] {logging_mixin.py:190} INFO - [2025-01-01T10:09:20.612+0000] {dag.py:3239} INFO - Sync 1 DAGs
[2025-01-01T10:09:20.688+0000] {logging_mixin.py:190} INFO - [2025-01-01T10:09:20.686+0000] {dag.py:3262} INFO - Creating ORM DAG for example_skip_dag
[2025-01-01T10:09:20.760+0000] {logging_mixin.py:190} INFO - [2025-01-01T10:09:20.759+0000] {dag.py:4180} INFO - Setting next_dagrun for example_skip_dag to 2024-12-31 00:00:00+00:00, run_after=2025-01-01 00:00:00+00:00
[2025-01-01T10:09:20.885+0000] {processor.py:208} INFO - Processing /home/airflow/.local/lib/python3.12/site-packages/airflow/example_dags/example_skip_dag.py took 1.480 seconds
[2025-01-01T10:14:50.957+0000] {processor.py:186} INFO - Started process (PID=346) to work on /home/airflow/.local/lib/python3.12/site-packages/airflow/example_dags/example_skip_dag.py
[2025-01-01T10:14:50.958+0000] {processor.py:914} INFO - Processing file /home/airflow/.local/lib/python3.12/site-packages/airflow/example_dags/example_skip_dag.py for tasks to queue
[2025-01-01T10:14:50.961+0000] {logging_mixin.py:190} INFO - [2025-01-01T10:14:50.961+0000] {dagbag.py:588} INFO - Filling up the DagBag from /home/airflow/.local/lib/python3.12/site-packages/airflow/example_dags/example_skip_dag.py
[2025-01-01T10:14:50.971+0000] {processor.py:925} INFO - DAG(s) 'example_skip_dag' retrieved from /home/airflow/.local/lib/python3.12/site-packages/airflow/example_dags/example_skip_dag.py
[2025-01-01T10:14:50.999+0000] {logging_mixin.py:190} INFO - [2025-01-01T10:14:50.999+0000] {dag.py:3239} INFO - Sync 1 DAGs
[2025-01-01T10:14:51.038+0000] {logging_mixin.py:190} INFO - [2025-01-01T10:14:51.037+0000] {dag.py:4180} INFO - Setting next_dagrun for example_skip_dag to 2024-12-31 00:00:00+00:00, run_after=2025-01-01 00:00:00+00:00
[2025-01-01T10:14:51.069+0000] {processor.py:208} INFO - Processing /home/airflow/.local/lib/python3.12/site-packages/airflow/example_dags/example_skip_dag.py took 0.119 seconds
[2025-01-01T10:15:24.608+0000] {processor.py:186} INFO - Started process (PID=415) to work on /home/airflow/.local/lib/python3.12/site-packages/airflow/example_dags/example_skip_dag.py
[2025-01-01T10:15:24.609+0000] {processor.py:914} INFO - Processing file /home/airflow/.local/lib/python3.12/site-packages/airflow/example_dags/example_skip_dag.py for tasks to queue
[2025-01-01T10:15:24.612+0000] {logging_mixin.py:190} INFO - [2025-01-01T10:15:24.612+0000] {dagbag.py:588} INFO - Filling up the DagBag from /home/airflow/.local/lib/python3.12/site-packages/airflow/example_dags/example_skip_dag.py
[2025-01-01T10:15:24.622+0000] {processor.py:925} INFO - DAG(s) 'example_skip_dag' retrieved from /home/airflow/.local/lib/python3.12/site-packages/airflow/example_dags/example_skip_dag.py
[2025-01-01T10:15:24.648+0000] {logging_mixin.py:190} INFO - [2025-01-01T10:15:24.647+0000] {dag.py:3239} INFO - Sync 1 DAGs
[2025-01-01T10:15:24.716+0000] {logging_mixin.py:190} INFO - [2025-01-01T10:15:24.716+0000] {dag.py:4180} INFO - Setting next_dagrun for example_skip_dag to 2024-12-31 00:00:00+00:00, run_after=2025-01-01 00:00:00+00:00
[2025-01-01T10:15:24.744+0000] {processor.py:208} INFO - Processing /home/airflow/.local/lib/python3.12/site-packages/airflow/example_dags/example_skip_dag.py took 0.143 seconds
[2025-01-01T10:15:56.868+0000] {processor.py:186} INFO - Started process (PID=478) to work on /home/airflow/.local/lib/python3.12/site-packages/airflow/example_dags/example_skip_dag.py
[2025-01-01T10:15:56.870+0000] {processor.py:914} INFO - Processing file /home/airflow/.local/lib/python3.12/site-packages/airflow/example_dags/example_skip_dag.py for tasks to queue
[2025-01-01T10:15:56.874+0000] {logging_mixin.py:190} INFO - [2025-01-01T10:15:56.873+0000] {dagbag.py:588} INFO - Filling up the DagBag from /home/airflow/.local/lib/python3.12/site-packages/airflow/example_dags/example_skip_dag.py
[2025-01-01T10:15:56.928+0000] {processor.py:925} INFO - DAG(s) 'example_skip_dag' retrieved from /home/airflow/.local/lib/python3.12/site-packages/airflow/example_dags/example_skip_dag.py
[2025-01-01T10:15:57.131+0000] {logging_mixin.py:190} INFO - [2025-01-01T10:15:57.131+0000] {dag.py:3239} INFO - Sync 1 DAGs
[2025-01-01T10:15:57.490+0000] {logging_mixin.py:190} INFO - [2025-01-01T10:15:57.488+0000] {dag.py:4180} INFO - Setting next_dagrun for example_skip_dag to 2024-12-31 00:00:00+00:00, run_after=2025-01-01 00:00:00+00:00
[2025-01-01T10:15:57.628+0000] {processor.py:208} INFO - Processing /home/airflow/.local/lib/python3.12/site-packages/airflow/example_dags/example_skip_dag.py took 0.767 seconds
[2025-01-01T10:16:27.998+0000] {processor.py:186} INFO - Started process (PID=540) to work on /home/airflow/.local/lib/python3.12/site-packages/airflow/example_dags/example_skip_dag.py
[2025-01-01T10:16:27.999+0000] {processor.py:914} INFO - Processing file /home/airflow/.local/lib/python3.12/site-packages/airflow/example_dags/example_skip_dag.py for tasks to queue
[2025-01-01T10:16:28.003+0000] {logging_mixin.py:190} INFO - [2025-01-01T10:16:28.002+0000] {dagbag.py:588} INFO - Filling up the DagBag from /home/airflow/.local/lib/python3.12/site-packages/airflow/example_dags/example_skip_dag.py
[2025-01-01T10:16:28.011+0000] {processor.py:925} INFO - DAG(s) 'example_skip_dag' retrieved from /home/airflow/.local/lib/python3.12/site-packages/airflow/example_dags/example_skip_dag.py
[2025-01-01T10:16:28.038+0000] {logging_mixin.py:190} INFO - [2025-01-01T10:16:28.037+0000] {dag.py:3239} INFO - Sync 1 DAGs
[2025-01-01T10:16:28.063+0000] {logging_mixin.py:190} INFO - [2025-01-01T10:16:28.063+0000] {dag.py:4180} INFO - Setting next_dagrun for example_skip_dag to 2024-12-31 00:00:00+00:00, run_after=2025-01-01 00:00:00+00:00
[2025-01-01T10:16:28.090+0000] {processor.py:208} INFO - Processing /home/airflow/.local/lib/python3.12/site-packages/airflow/example_dags/example_skip_dag.py took 0.098 seconds
[2025-01-01T10:16:58.657+0000] {processor.py:186} INFO - Started process (PID=603) to work on /home/airflow/.local/lib/python3.12/site-packages/airflow/example_dags/example_skip_dag.py
[2025-01-01T10:16:58.659+0000] {processor.py:914} INFO - Processing file /home/airflow/.local/lib/python3.12/site-packages/airflow/example_dags/example_skip_dag.py for tasks to queue
[2025-01-01T10:16:58.663+0000] {logging_mixin.py:190} INFO - [2025-01-01T10:16:58.662+0000] {dagbag.py:588} INFO - Filling up the DagBag from /home/airflow/.local/lib/python3.12/site-packages/airflow/example_dags/example_skip_dag.py
[2025-01-01T10:16:58.675+0000] {processor.py:925} INFO - DAG(s) 'example_skip_dag' retrieved from /home/airflow/.local/lib/python3.12/site-packages/airflow/example_dags/example_skip_dag.py
[2025-01-01T10:16:58.746+0000] {logging_mixin.py:190} INFO - [2025-01-01T10:16:58.746+0000] {dag.py:3239} INFO - Sync 1 DAGs
[2025-01-01T10:16:58.793+0000] {logging_mixin.py:190} INFO - [2025-01-01T10:16:58.792+0000] {dag.py:4180} INFO - Setting next_dagrun for example_skip_dag to 2024-12-31 00:00:00+00:00, run_after=2025-01-01 00:00:00+00:00
[2025-01-01T10:16:58.829+0000] {processor.py:208} INFO - Processing /home/airflow/.local/lib/python3.12/site-packages/airflow/example_dags/example_skip_dag.py took 0.183 seconds
[2025-01-01T10:17:28.902+0000] {processor.py:186} INFO - Started process (PID=666) to work on /home/airflow/.local/lib/python3.12/site-packages/airflow/example_dags/example_skip_dag.py
[2025-01-01T10:17:28.904+0000] {processor.py:914} INFO - Processing file /home/airflow/.local/lib/python3.12/site-packages/airflow/example_dags/example_skip_dag.py for tasks to queue
[2025-01-01T10:17:28.906+0000] {logging_mixin.py:190} INFO - [2025-01-01T10:17:28.906+0000] {dagbag.py:588} INFO - Filling up the DagBag from /home/airflow/.local/lib/python3.12/site-packages/airflow/example_dags/example_skip_dag.py
[2025-01-01T10:17:28.918+0000] {processor.py:925} INFO - DAG(s) 'example_skip_dag' retrieved from /home/airflow/.local/lib/python3.12/site-packages/airflow/example_dags/example_skip_dag.py
[2025-01-01T10:17:28.947+0000] {logging_mixin.py:190} INFO - [2025-01-01T10:17:28.947+0000] {dag.py:3239} INFO - Sync 1 DAGs
[2025-01-01T10:17:28.973+0000] {logging_mixin.py:190} INFO - [2025-01-01T10:17:28.973+0000] {dag.py:4180} INFO - Setting next_dagrun for example_skip_dag to 2024-12-31 00:00:00+00:00, run_after=2025-01-01 00:00:00+00:00
[2025-01-01T10:17:29.004+0000] {processor.py:208} INFO - Processing /home/airflow/.local/lib/python3.12/site-packages/airflow/example_dags/example_skip_dag.py took 0.108 seconds
[2025-01-01T10:18:13.688+0000] {processor.py:186} INFO - Started process (PID=730) to work on /home/airflow/.local/lib/python3.12/site-packages/airflow/example_dags/example_skip_dag.py
[2025-01-01T10:18:13.692+0000] {processor.py:914} INFO - Processing file /home/airflow/.local/lib/python3.12/site-packages/airflow/example_dags/example_skip_dag.py for tasks to queue
[2025-01-01T10:18:13.707+0000] {logging_mixin.py:190} INFO - [2025-01-01T10:18:13.705+0000] {dagbag.py:588} INFO - Filling up the DagBag from /home/airflow/.local/lib/python3.12/site-packages/airflow/example_dags/example_skip_dag.py
[2025-01-01T10:18:13.764+0000] {processor.py:925} INFO - DAG(s) 'example_skip_dag' retrieved from /home/airflow/.local/lib/python3.12/site-packages/airflow/example_dags/example_skip_dag.py
[2025-01-01T10:18:13.822+0000] {logging_mixin.py:190} INFO - [2025-01-01T10:18:13.821+0000] {dag.py:3239} INFO - Sync 1 DAGs
[2025-01-01T10:18:13.912+0000] {logging_mixin.py:190} INFO - [2025-01-01T10:18:13.912+0000] {dag.py:4180} INFO - Setting next_dagrun for example_skip_dag to 2024-12-31 00:00:00+00:00, run_after=2025-01-01 00:00:00+00:00
[2025-01-01T10:18:13.958+0000] {processor.py:208} INFO - Processing /home/airflow/.local/lib/python3.12/site-packages/airflow/example_dags/example_skip_dag.py took 0.286 seconds
[2025-01-01T10:18:47.809+0000] {processor.py:186} INFO - Started process (PID=792) to work on /home/airflow/.local/lib/python3.12/site-packages/airflow/example_dags/example_skip_dag.py
[2025-01-01T10:18:47.815+0000] {processor.py:914} INFO - Processing file /home/airflow/.local/lib/python3.12/site-packages/airflow/example_dags/example_skip_dag.py for tasks to queue
[2025-01-01T10:18:47.828+0000] {logging_mixin.py:190} INFO - [2025-01-01T10:18:47.827+0000] {dagbag.py:588} INFO - Filling up the DagBag from /home/airflow/.local/lib/python3.12/site-packages/airflow/example_dags/example_skip_dag.py
[2025-01-01T10:18:47.870+0000] {processor.py:925} INFO - DAG(s) 'example_skip_dag' retrieved from /home/airflow/.local/lib/python3.12/site-packages/airflow/example_dags/example_skip_dag.py
[2025-01-01T10:18:47.963+0000] {logging_mixin.py:190} INFO - [2025-01-01T10:18:47.962+0000] {dag.py:3239} INFO - Sync 1 DAGs
[2025-01-01T10:18:48.068+0000] {logging_mixin.py:190} INFO - [2025-01-01T10:18:48.067+0000] {dag.py:4180} INFO - Setting next_dagrun for example_skip_dag to 2024-12-31 00:00:00+00:00, run_after=2025-01-01 00:00:00+00:00
[2025-01-01T10:18:48.154+0000] {processor.py:208} INFO - Processing /home/airflow/.local/lib/python3.12/site-packages/airflow/example_dags/example_skip_dag.py took 0.376 seconds
[2025-01-01T10:19:34.002+0000] {processor.py:186} INFO - Started process (PID=871) to work on /home/airflow/.local/lib/python3.12/site-packages/airflow/example_dags/example_skip_dag.py
[2025-01-01T10:19:34.006+0000] {processor.py:914} INFO - Processing file /home/airflow/.local/lib/python3.12/site-packages/airflow/example_dags/example_skip_dag.py for tasks to queue
[2025-01-01T10:19:34.015+0000] {logging_mixin.py:190} INFO - [2025-01-01T10:19:34.013+0000] {dagbag.py:588} INFO - Filling up the DagBag from /home/airflow/.local/lib/python3.12/site-packages/airflow/example_dags/example_skip_dag.py
[2025-01-01T10:19:34.044+0000] {processor.py:925} INFO - DAG(s) 'example_skip_dag' retrieved from /home/airflow/.local/lib/python3.12/site-packages/airflow/example_dags/example_skip_dag.py
[2025-01-01T10:19:34.123+0000] {logging_mixin.py:190} INFO - [2025-01-01T10:19:34.122+0000] {dag.py:3239} INFO - Sync 1 DAGs
[2025-01-01T10:19:34.218+0000] {logging_mixin.py:190} INFO - [2025-01-01T10:19:34.217+0000] {dag.py:4180} INFO - Setting next_dagrun for example_skip_dag to 2024-12-31 00:00:00+00:00, run_after=2025-01-01 00:00:00+00:00
[2025-01-01T10:19:34.283+0000] {processor.py:208} INFO - Processing /home/airflow/.local/lib/python3.12/site-packages/airflow/example_dags/example_skip_dag.py took 0.309 seconds
[2025-01-01T10:20:05.088+0000] {processor.py:186} INFO - Started process (PID=933) to work on /home/airflow/.local/lib/python3.12/site-packages/airflow/example_dags/example_skip_dag.py
[2025-01-01T10:20:05.090+0000] {processor.py:914} INFO - Processing file /home/airflow/.local/lib/python3.12/site-packages/airflow/example_dags/example_skip_dag.py for tasks to queue
[2025-01-01T10:20:05.093+0000] {logging_mixin.py:190} INFO - [2025-01-01T10:20:05.092+0000] {dagbag.py:588} INFO - Filling up the DagBag from /home/airflow/.local/lib/python3.12/site-packages/airflow/example_dags/example_skip_dag.py
[2025-01-01T10:20:05.103+0000] {processor.py:925} INFO - DAG(s) 'example_skip_dag' retrieved from /home/airflow/.local/lib/python3.12/site-packages/airflow/example_dags/example_skip_dag.py
[2025-01-01T10:20:05.136+0000] {logging_mixin.py:190} INFO - [2025-01-01T10:20:05.136+0000] {dag.py:3239} INFO - Sync 1 DAGs
[2025-01-01T10:20:05.174+0000] {logging_mixin.py:190} INFO - [2025-01-01T10:20:05.174+0000] {dag.py:4180} INFO - Setting next_dagrun for example_skip_dag to 2024-12-31 00:00:00+00:00, run_after=2025-01-01 00:00:00+00:00
[2025-01-01T10:20:05.203+0000] {processor.py:208} INFO - Processing /home/airflow/.local/lib/python3.12/site-packages/airflow/example_dags/example_skip_dag.py took 0.123 seconds
[2025-01-01T10:20:35.780+0000] {processor.py:186} INFO - Started process (PID=996) to work on /home/airflow/.local/lib/python3.12/site-packages/airflow/example_dags/example_skip_dag.py
[2025-01-01T10:20:35.781+0000] {processor.py:914} INFO - Processing file /home/airflow/.local/lib/python3.12/site-packages/airflow/example_dags/example_skip_dag.py for tasks to queue
[2025-01-01T10:20:35.785+0000] {logging_mixin.py:190} INFO - [2025-01-01T10:20:35.784+0000] {dagbag.py:588} INFO - Filling up the DagBag from /home/airflow/.local/lib/python3.12/site-packages/airflow/example_dags/example_skip_dag.py
[2025-01-01T10:20:35.796+0000] {processor.py:925} INFO - DAG(s) 'example_skip_dag' retrieved from /home/airflow/.local/lib/python3.12/site-packages/airflow/example_dags/example_skip_dag.py
[2025-01-01T10:20:35.829+0000] {logging_mixin.py:190} INFO - [2025-01-01T10:20:35.828+0000] {dag.py:3239} INFO - Sync 1 DAGs
[2025-01-01T10:20:35.864+0000] {logging_mixin.py:190} INFO - [2025-01-01T10:20:35.864+0000] {dag.py:4180} INFO - Setting next_dagrun for example_skip_dag to 2024-12-31 00:00:00+00:00, run_after=2025-01-01 00:00:00+00:00
[2025-01-01T10:20:35.896+0000] {processor.py:208} INFO - Processing /home/airflow/.local/lib/python3.12/site-packages/airflow/example_dags/example_skip_dag.py took 0.124 seconds
[2025-01-01T10:21:06.306+0000] {processor.py:186} INFO - Started process (PID=1059) to work on /home/airflow/.local/lib/python3.12/site-packages/airflow/example_dags/example_skip_dag.py
[2025-01-01T10:21:06.308+0000] {processor.py:914} INFO - Processing file /home/airflow/.local/lib/python3.12/site-packages/airflow/example_dags/example_skip_dag.py for tasks to queue
[2025-01-01T10:21:06.311+0000] {logging_mixin.py:190} INFO - [2025-01-01T10:21:06.311+0000] {dagbag.py:588} INFO - Filling up the DagBag from /home/airflow/.local/lib/python3.12/site-packages/airflow/example_dags/example_skip_dag.py
[2025-01-01T10:21:06.323+0000] {processor.py:925} INFO - DAG(s) 'example_skip_dag' retrieved from /home/airflow/.local/lib/python3.12/site-packages/airflow/example_dags/example_skip_dag.py
[2025-01-01T10:21:06.356+0000] {logging_mixin.py:190} INFO - [2025-01-01T10:21:06.355+0000] {dag.py:3239} INFO - Sync 1 DAGs
[2025-01-01T10:21:06.387+0000] {logging_mixin.py:190} INFO - [2025-01-01T10:21:06.387+0000] {dag.py:4180} INFO - Setting next_dagrun for example_skip_dag to 2024-12-31 00:00:00+00:00, run_after=2025-01-01 00:00:00+00:00
[2025-01-01T10:21:06.419+0000] {processor.py:208} INFO - Processing /home/airflow/.local/lib/python3.12/site-packages/airflow/example_dags/example_skip_dag.py took 0.120 seconds
[2025-01-01T10:21:36.697+0000] {processor.py:186} INFO - Started process (PID=1123) to work on /home/airflow/.local/lib/python3.12/site-packages/airflow/example_dags/example_skip_dag.py
[2025-01-01T10:21:36.701+0000] {processor.py:914} INFO - Processing file /home/airflow/.local/lib/python3.12/site-packages/airflow/example_dags/example_skip_dag.py for tasks to queue
[2025-01-01T10:21:36.710+0000] {logging_mixin.py:190} INFO - [2025-01-01T10:21:36.709+0000] {dagbag.py:588} INFO - Filling up the DagBag from /home/airflow/.local/lib/python3.12/site-packages/airflow/example_dags/example_skip_dag.py
[2025-01-01T10:21:36.756+0000] {processor.py:925} INFO - DAG(s) 'example_skip_dag' retrieved from /home/airflow/.local/lib/python3.12/site-packages/airflow/example_dags/example_skip_dag.py
[2025-01-01T10:21:36.836+0000] {logging_mixin.py:190} INFO - [2025-01-01T10:21:36.835+0000] {dag.py:3239} INFO - Sync 1 DAGs
[2025-01-01T10:21:36.933+0000] {logging_mixin.py:190} INFO - [2025-01-01T10:21:36.932+0000] {dag.py:4180} INFO - Setting next_dagrun for example_skip_dag to 2024-12-31 00:00:00+00:00, run_after=2025-01-01 00:00:00+00:00
[2025-01-01T10:21:37.003+0000] {processor.py:208} INFO - Processing /home/airflow/.local/lib/python3.12/site-packages/airflow/example_dags/example_skip_dag.py took 0.327 seconds
[2025-01-01T10:22:07.915+0000] {processor.py:186} INFO - Started process (PID=1186) to work on /home/airflow/.local/lib/python3.12/site-packages/airflow/example_dags/example_skip_dag.py
[2025-01-01T10:22:07.916+0000] {processor.py:914} INFO - Processing file /home/airflow/.local/lib/python3.12/site-packages/airflow/example_dags/example_skip_dag.py for tasks to queue
[2025-01-01T10:22:07.920+0000] {logging_mixin.py:190} INFO - [2025-01-01T10:22:07.920+0000] {dagbag.py:588} INFO - Filling up the DagBag from /home/airflow/.local/lib/python3.12/site-packages/airflow/example_dags/example_skip_dag.py
[2025-01-01T10:22:07.932+0000] {processor.py:925} INFO - DAG(s) 'example_skip_dag' retrieved from /home/airflow/.local/lib/python3.12/site-packages/airflow/example_dags/example_skip_dag.py
[2025-01-01T10:22:07.960+0000] {logging_mixin.py:190} INFO - [2025-01-01T10:22:07.960+0000] {dag.py:3239} INFO - Sync 1 DAGs
[2025-01-01T10:22:07.994+0000] {logging_mixin.py:190} INFO - [2025-01-01T10:22:07.993+0000] {dag.py:4180} INFO - Setting next_dagrun for example_skip_dag to 2024-12-31 00:00:00+00:00, run_after=2025-01-01 00:00:00+00:00
[2025-01-01T10:22:08.023+0000] {processor.py:208} INFO - Processing /home/airflow/.local/lib/python3.12/site-packages/airflow/example_dags/example_skip_dag.py took 0.116 seconds
[2025-01-01T10:22:38.668+0000] {processor.py:186} INFO - Started process (PID=1249) to work on /home/airflow/.local/lib/python3.12/site-packages/airflow/example_dags/example_skip_dag.py
[2025-01-01T10:22:38.671+0000] {processor.py:914} INFO - Processing file /home/airflow/.local/lib/python3.12/site-packages/airflow/example_dags/example_skip_dag.py for tasks to queue
[2025-01-01T10:22:38.677+0000] {logging_mixin.py:190} INFO - [2025-01-01T10:22:38.676+0000] {dagbag.py:588} INFO - Filling up the DagBag from /home/airflow/.local/lib/python3.12/site-packages/airflow/example_dags/example_skip_dag.py
[2025-01-01T10:22:38.695+0000] {processor.py:925} INFO - DAG(s) 'example_skip_dag' retrieved from /home/airflow/.local/lib/python3.12/site-packages/airflow/example_dags/example_skip_dag.py
[2025-01-01T10:22:38.746+0000] {logging_mixin.py:190} INFO - [2025-01-01T10:22:38.745+0000] {dag.py:3239} INFO - Sync 1 DAGs
[2025-01-01T10:22:38.797+0000] {logging_mixin.py:190} INFO - [2025-01-01T10:22:38.796+0000] {dag.py:4180} INFO - Setting next_dagrun for example_skip_dag to 2024-12-31 00:00:00+00:00, run_after=2025-01-01 00:00:00+00:00
[2025-01-01T10:22:38.837+0000] {processor.py:208} INFO - Processing /home/airflow/.local/lib/python3.12/site-packages/airflow/example_dags/example_skip_dag.py took 0.183 seconds
[2025-01-01T10:23:09.080+0000] {processor.py:186} INFO - Started process (PID=1312) to work on /home/airflow/.local/lib/python3.12/site-packages/airflow/example_dags/example_skip_dag.py
[2025-01-01T10:23:09.082+0000] {processor.py:914} INFO - Processing file /home/airflow/.local/lib/python3.12/site-packages/airflow/example_dags/example_skip_dag.py for tasks to queue
[2025-01-01T10:23:09.085+0000] {logging_mixin.py:190} INFO - [2025-01-01T10:23:09.084+0000] {dagbag.py:588} INFO - Filling up the DagBag from /home/airflow/.local/lib/python3.12/site-packages/airflow/example_dags/example_skip_dag.py
[2025-01-01T10:23:09.093+0000] {processor.py:925} INFO - DAG(s) 'example_skip_dag' retrieved from /home/airflow/.local/lib/python3.12/site-packages/airflow/example_dags/example_skip_dag.py
[2025-01-01T10:23:09.119+0000] {logging_mixin.py:190} INFO - [2025-01-01T10:23:09.119+0000] {dag.py:3239} INFO - Sync 1 DAGs
[2025-01-01T10:23:09.143+0000] {logging_mixin.py:190} INFO - [2025-01-01T10:23:09.143+0000] {dag.py:4180} INFO - Setting next_dagrun for example_skip_dag to 2024-12-31 00:00:00+00:00, run_after=2025-01-01 00:00:00+00:00
[2025-01-01T10:23:09.169+0000] {processor.py:208} INFO - Processing /home/airflow/.local/lib/python3.12/site-packages/airflow/example_dags/example_skip_dag.py took 0.094 seconds
[2025-01-01T10:23:40.863+0000] {processor.py:186} INFO - Started process (PID=1374) to work on /home/airflow/.local/lib/python3.12/site-packages/airflow/example_dags/example_skip_dag.py
[2025-01-01T10:23:40.866+0000] {processor.py:914} INFO - Processing file /home/airflow/.local/lib/python3.12/site-packages/airflow/example_dags/example_skip_dag.py for tasks to queue
[2025-01-01T10:23:40.876+0000] {logging_mixin.py:190} INFO - [2025-01-01T10:23:40.874+0000] {dagbag.py:588} INFO - Filling up the DagBag from /home/airflow/.local/lib/python3.12/site-packages/airflow/example_dags/example_skip_dag.py
[2025-01-01T10:23:40.941+0000] {processor.py:925} INFO - DAG(s) 'example_skip_dag' retrieved from /home/airflow/.local/lib/python3.12/site-packages/airflow/example_dags/example_skip_dag.py
[2025-01-01T10:23:41.124+0000] {logging_mixin.py:190} INFO - [2025-01-01T10:23:41.123+0000] {dag.py:3239} INFO - Sync 1 DAGs
[2025-01-01T10:23:41.240+0000] {logging_mixin.py:190} INFO - [2025-01-01T10:23:41.239+0000] {dag.py:4180} INFO - Setting next_dagrun for example_skip_dag to 2024-12-31 00:00:00+00:00, run_after=2025-01-01 00:00:00+00:00
[2025-01-01T10:23:41.357+0000] {processor.py:208} INFO - Processing /home/airflow/.local/lib/python3.12/site-packages/airflow/example_dags/example_skip_dag.py took 0.528 seconds
[2025-01-01T10:24:16.233+0000] {processor.py:186} INFO - Started process (PID=1437) to work on /home/airflow/.local/lib/python3.12/site-packages/airflow/example_dags/example_skip_dag.py
[2025-01-01T10:24:16.237+0000] {processor.py:914} INFO - Processing file /home/airflow/.local/lib/python3.12/site-packages/airflow/example_dags/example_skip_dag.py for tasks to queue
[2025-01-01T10:24:16.249+0000] {logging_mixin.py:190} INFO - [2025-01-01T10:24:16.247+0000] {dagbag.py:588} INFO - Filling up the DagBag from /home/airflow/.local/lib/python3.12/site-packages/airflow/example_dags/example_skip_dag.py
[2025-01-01T10:24:16.288+0000] {processor.py:925} INFO - DAG(s) 'example_skip_dag' retrieved from /home/airflow/.local/lib/python3.12/site-packages/airflow/example_dags/example_skip_dag.py
[2025-01-01T10:24:16.369+0000] {logging_mixin.py:190} INFO - [2025-01-01T10:24:16.368+0000] {dag.py:3239} INFO - Sync 1 DAGs
[2025-01-01T10:24:16.462+0000] {logging_mixin.py:190} INFO - [2025-01-01T10:24:16.461+0000] {dag.py:4180} INFO - Setting next_dagrun for example_skip_dag to 2024-12-31 00:00:00+00:00, run_after=2025-01-01 00:00:00+00:00
[2025-01-01T10:24:16.648+0000] {processor.py:208} INFO - Processing /home/airflow/.local/lib/python3.12/site-packages/airflow/example_dags/example_skip_dag.py took 0.444 seconds
[2025-01-01T10:25:17.379+0000] {processor.py:186} INFO - Started process (PID=1525) to work on /home/airflow/.local/lib/python3.12/site-packages/airflow/example_dags/example_skip_dag.py
[2025-01-01T10:25:17.382+0000] {processor.py:914} INFO - Processing file /home/airflow/.local/lib/python3.12/site-packages/airflow/example_dags/example_skip_dag.py for tasks to queue
[2025-01-01T10:25:17.412+0000] {logging_mixin.py:190} INFO - [2025-01-01T10:25:17.410+0000] {dagbag.py:588} INFO - Filling up the DagBag from /home/airflow/.local/lib/python3.12/site-packages/airflow/example_dags/example_skip_dag.py
[2025-01-01T10:25:17.506+0000] {processor.py:925} INFO - DAG(s) 'example_skip_dag' retrieved from /home/airflow/.local/lib/python3.12/site-packages/airflow/example_dags/example_skip_dag.py
[2025-01-01T10:25:17.743+0000] {logging_mixin.py:190} INFO - [2025-01-01T10:25:17.742+0000] {dag.py:3239} INFO - Sync 1 DAGs
[2025-01-01T10:25:18.127+0000] {logging_mixin.py:190} INFO - [2025-01-01T10:25:18.123+0000] {dag.py:4180} INFO - Setting next_dagrun for example_skip_dag to 2024-12-31 00:00:00+00:00, run_after=2025-01-01 00:00:00+00:00
[2025-01-01T10:25:18.410+0000] {processor.py:208} INFO - Processing /home/airflow/.local/lib/python3.12/site-packages/airflow/example_dags/example_skip_dag.py took 1.103 seconds
[2025-01-01T10:26:01.510+0000] {processor.py:186} INFO - Started process (PID=1593) to work on /home/airflow/.local/lib/python3.12/site-packages/airflow/example_dags/example_skip_dag.py
[2025-01-01T10:26:01.515+0000] {processor.py:914} INFO - Processing file /home/airflow/.local/lib/python3.12/site-packages/airflow/example_dags/example_skip_dag.py for tasks to queue
[2025-01-01T10:26:01.529+0000] {logging_mixin.py:190} INFO - [2025-01-01T10:26:01.527+0000] {dagbag.py:588} INFO - Filling up the DagBag from /home/airflow/.local/lib/python3.12/site-packages/airflow/example_dags/example_skip_dag.py
[2025-01-01T10:26:01.565+0000] {processor.py:925} INFO - DAG(s) 'example_skip_dag' retrieved from /home/airflow/.local/lib/python3.12/site-packages/airflow/example_dags/example_skip_dag.py
[2025-01-01T10:26:01.657+0000] {logging_mixin.py:190} INFO - [2025-01-01T10:26:01.656+0000] {dag.py:3239} INFO - Sync 1 DAGs
[2025-01-01T10:26:01.756+0000] {logging_mixin.py:190} INFO - [2025-01-01T10:26:01.755+0000] {dag.py:4180} INFO - Setting next_dagrun for example_skip_dag to 2024-12-31 00:00:00+00:00, run_after=2025-01-01 00:00:00+00:00
[2025-01-01T10:26:01.828+0000] {processor.py:208} INFO - Processing /home/airflow/.local/lib/python3.12/site-packages/airflow/example_dags/example_skip_dag.py took 0.353 seconds
[2025-01-01T10:26:32.620+0000] {processor.py:186} INFO - Started process (PID=1656) to work on /home/airflow/.local/lib/python3.12/site-packages/airflow/example_dags/example_skip_dag.py
[2025-01-01T10:26:32.623+0000] {processor.py:914} INFO - Processing file /home/airflow/.local/lib/python3.12/site-packages/airflow/example_dags/example_skip_dag.py for tasks to queue
[2025-01-01T10:26:32.632+0000] {logging_mixin.py:190} INFO - [2025-01-01T10:26:32.631+0000] {dagbag.py:588} INFO - Filling up the DagBag from /home/airflow/.local/lib/python3.12/site-packages/airflow/example_dags/example_skip_dag.py
[2025-01-01T10:26:32.662+0000] {processor.py:925} INFO - DAG(s) 'example_skip_dag' retrieved from /home/airflow/.local/lib/python3.12/site-packages/airflow/example_dags/example_skip_dag.py
[2025-01-01T10:26:32.768+0000] {logging_mixin.py:190} INFO - [2025-01-01T10:26:32.767+0000] {dag.py:3239} INFO - Sync 1 DAGs
[2025-01-01T10:26:32.855+0000] {logging_mixin.py:190} INFO - [2025-01-01T10:26:32.854+0000] {dag.py:4180} INFO - Setting next_dagrun for example_skip_dag to 2024-12-31 00:00:00+00:00, run_after=2025-01-01 00:00:00+00:00
[2025-01-01T10:26:32.915+0000] {processor.py:208} INFO - Processing /home/airflow/.local/lib/python3.12/site-packages/airflow/example_dags/example_skip_dag.py took 0.318 seconds
[2025-01-01T10:27:03.067+0000] {processor.py:186} INFO - Started process (PID=1719) to work on /home/airflow/.local/lib/python3.12/site-packages/airflow/example_dags/example_skip_dag.py
[2025-01-01T10:27:03.068+0000] {processor.py:914} INFO - Processing file /home/airflow/.local/lib/python3.12/site-packages/airflow/example_dags/example_skip_dag.py for tasks to queue
[2025-01-01T10:27:03.072+0000] {logging_mixin.py:190} INFO - [2025-01-01T10:27:03.072+0000] {dagbag.py:588} INFO - Filling up the DagBag from /home/airflow/.local/lib/python3.12/site-packages/airflow/example_dags/example_skip_dag.py
[2025-01-01T10:27:03.084+0000] {processor.py:925} INFO - DAG(s) 'example_skip_dag' retrieved from /home/airflow/.local/lib/python3.12/site-packages/airflow/example_dags/example_skip_dag.py
[2025-01-01T10:27:03.115+0000] {logging_mixin.py:190} INFO - [2025-01-01T10:27:03.115+0000] {dag.py:3239} INFO - Sync 1 DAGs
[2025-01-01T10:27:03.153+0000] {logging_mixin.py:190} INFO - [2025-01-01T10:27:03.153+0000] {dag.py:4180} INFO - Setting next_dagrun for example_skip_dag to 2024-12-31 00:00:00+00:00, run_after=2025-01-01 00:00:00+00:00
[2025-01-01T10:27:03.181+0000] {processor.py:208} INFO - Processing /home/airflow/.local/lib/python3.12/site-packages/airflow/example_dags/example_skip_dag.py took 0.124 seconds
[2025-01-01T10:27:33.448+0000] {processor.py:186} INFO - Started process (PID=1782) to work on /home/airflow/.local/lib/python3.12/site-packages/airflow/example_dags/example_skip_dag.py
[2025-01-01T10:27:33.450+0000] {processor.py:914} INFO - Processing file /home/airflow/.local/lib/python3.12/site-packages/airflow/example_dags/example_skip_dag.py for tasks to queue
[2025-01-01T10:27:33.453+0000] {logging_mixin.py:190} INFO - [2025-01-01T10:27:33.453+0000] {dagbag.py:588} INFO - Filling up the DagBag from /home/airflow/.local/lib/python3.12/site-packages/airflow/example_dags/example_skip_dag.py
[2025-01-01T10:27:33.466+0000] {processor.py:925} INFO - DAG(s) 'example_skip_dag' retrieved from /home/airflow/.local/lib/python3.12/site-packages/airflow/example_dags/example_skip_dag.py
[2025-01-01T10:27:33.503+0000] {logging_mixin.py:190} INFO - [2025-01-01T10:27:33.502+0000] {dag.py:3239} INFO - Sync 1 DAGs
[2025-01-01T10:27:33.547+0000] {logging_mixin.py:190} INFO - [2025-01-01T10:27:33.546+0000] {dag.py:4180} INFO - Setting next_dagrun for example_skip_dag to 2024-12-31 00:00:00+00:00, run_after=2025-01-01 00:00:00+00:00
[2025-01-01T10:27:33.588+0000] {processor.py:208} INFO - Processing /home/airflow/.local/lib/python3.12/site-packages/airflow/example_dags/example_skip_dag.py took 0.151 seconds
[2025-01-01T10:28:07.095+0000] {processor.py:186} INFO - Started process (PID=1845) to work on /home/airflow/.local/lib/python3.12/site-packages/airflow/example_dags/example_skip_dag.py
[2025-01-01T10:28:07.100+0000] {processor.py:914} INFO - Processing file /home/airflow/.local/lib/python3.12/site-packages/airflow/example_dags/example_skip_dag.py for tasks to queue
[2025-01-01T10:28:07.114+0000] {logging_mixin.py:190} INFO - [2025-01-01T10:28:07.112+0000] {dagbag.py:588} INFO - Filling up the DagBag from /home/airflow/.local/lib/python3.12/site-packages/airflow/example_dags/example_skip_dag.py
[2025-01-01T10:28:07.161+0000] {processor.py:925} INFO - DAG(s) 'example_skip_dag' retrieved from /home/airflow/.local/lib/python3.12/site-packages/airflow/example_dags/example_skip_dag.py
[2025-01-01T10:28:07.260+0000] {logging_mixin.py:190} INFO - [2025-01-01T10:28:07.259+0000] {dag.py:3239} INFO - Sync 1 DAGs
[2025-01-01T10:28:07.377+0000] {logging_mixin.py:190} INFO - [2025-01-01T10:28:07.376+0000] {dag.py:4180} INFO - Setting next_dagrun for example_skip_dag to 2024-12-31 00:00:00+00:00, run_after=2025-01-01 00:00:00+00:00
[2025-01-01T10:28:07.452+0000] {processor.py:208} INFO - Processing /home/airflow/.local/lib/python3.12/site-packages/airflow/example_dags/example_skip_dag.py took 0.388 seconds
[2025-01-01T10:28:45.724+0000] {processor.py:186} INFO - Started process (PID=1909) to work on /home/airflow/.local/lib/python3.12/site-packages/airflow/example_dags/example_skip_dag.py
[2025-01-01T10:28:45.730+0000] {processor.py:914} INFO - Processing file /home/airflow/.local/lib/python3.12/site-packages/airflow/example_dags/example_skip_dag.py for tasks to queue
[2025-01-01T10:28:45.763+0000] {logging_mixin.py:190} INFO - [2025-01-01T10:28:45.759+0000] {dagbag.py:588} INFO - Filling up the DagBag from /home/airflow/.local/lib/python3.12/site-packages/airflow/example_dags/example_skip_dag.py
[2025-01-01T10:28:45.901+0000] {processor.py:925} INFO - DAG(s) 'example_skip_dag' retrieved from /home/airflow/.local/lib/python3.12/site-packages/airflow/example_dags/example_skip_dag.py
[2025-01-01T10:28:46.128+0000] {logging_mixin.py:190} INFO - [2025-01-01T10:28:46.126+0000] {dag.py:3239} INFO - Sync 1 DAGs
[2025-01-01T10:28:46.504+0000] {logging_mixin.py:190} INFO - [2025-01-01T10:28:46.503+0000] {dag.py:4180} INFO - Setting next_dagrun for example_skip_dag to 2024-12-31 00:00:00+00:00, run_after=2025-01-01 00:00:00+00:00
[2025-01-01T10:28:46.753+0000] {processor.py:208} INFO - Processing /home/airflow/.local/lib/python3.12/site-packages/airflow/example_dags/example_skip_dag.py took 1.156 seconds
[2025-01-01T10:29:32.049+0000] {processor.py:186} INFO - Started process (PID=1986) to work on /home/airflow/.local/lib/python3.12/site-packages/airflow/example_dags/example_skip_dag.py
[2025-01-01T10:29:32.052+0000] {processor.py:914} INFO - Processing file /home/airflow/.local/lib/python3.12/site-packages/airflow/example_dags/example_skip_dag.py for tasks to queue
[2025-01-01T10:29:32.063+0000] {logging_mixin.py:190} INFO - [2025-01-01T10:29:32.062+0000] {dagbag.py:588} INFO - Filling up the DagBag from /home/airflow/.local/lib/python3.12/site-packages/airflow/example_dags/example_skip_dag.py
[2025-01-01T10:29:32.093+0000] {processor.py:925} INFO - DAG(s) 'example_skip_dag' retrieved from /home/airflow/.local/lib/python3.12/site-packages/airflow/example_dags/example_skip_dag.py
[2025-01-01T10:29:32.158+0000] {logging_mixin.py:190} INFO - [2025-01-01T10:29:32.157+0000] {dag.py:3239} INFO - Sync 1 DAGs
[2025-01-01T10:29:32.227+0000] {logging_mixin.py:190} INFO - [2025-01-01T10:29:32.226+0000] {dag.py:4180} INFO - Setting next_dagrun for example_skip_dag to 2024-12-31 00:00:00+00:00, run_after=2025-01-01 00:00:00+00:00
[2025-01-01T10:29:32.290+0000] {processor.py:208} INFO - Processing /home/airflow/.local/lib/python3.12/site-packages/airflow/example_dags/example_skip_dag.py took 0.262 seconds
[2025-01-01T10:30:14.748+0000] {processor.py:186} INFO - Started process (PID=2053) to work on /home/airflow/.local/lib/python3.12/site-packages/airflow/example_dags/example_skip_dag.py
[2025-01-01T10:30:14.783+0000] {processor.py:914} INFO - Processing file /home/airflow/.local/lib/python3.12/site-packages/airflow/example_dags/example_skip_dag.py for tasks to queue
[2025-01-01T10:30:14.814+0000] {logging_mixin.py:190} INFO - [2025-01-01T10:30:14.806+0000] {dagbag.py:588} INFO - Filling up the DagBag from /home/airflow/.local/lib/python3.12/site-packages/airflow/example_dags/example_skip_dag.py
[2025-01-01T10:30:14.895+0000] {processor.py:925} INFO - DAG(s) 'example_skip_dag' retrieved from /home/airflow/.local/lib/python3.12/site-packages/airflow/example_dags/example_skip_dag.py
[2025-01-01T10:30:15.106+0000] {logging_mixin.py:190} INFO - [2025-01-01T10:30:15.105+0000] {dag.py:3239} INFO - Sync 1 DAGs
[2025-01-01T10:30:15.313+0000] {logging_mixin.py:190} INFO - [2025-01-01T10:30:15.312+0000] {dag.py:4180} INFO - Setting next_dagrun for example_skip_dag to 2024-12-31 00:00:00+00:00, run_after=2025-01-01 00:00:00+00:00
[2025-01-01T10:30:15.539+0000] {processor.py:208} INFO - Processing /home/airflow/.local/lib/python3.12/site-packages/airflow/example_dags/example_skip_dag.py took 0.838 seconds
[2025-01-01T10:30:50.290+0000] {processor.py:186} INFO - Started process (PID=2121) to work on /home/airflow/.local/lib/python3.12/site-packages/airflow/example_dags/example_skip_dag.py
[2025-01-01T10:30:50.293+0000] {processor.py:914} INFO - Processing file /home/airflow/.local/lib/python3.12/site-packages/airflow/example_dags/example_skip_dag.py for tasks to queue
[2025-01-01T10:30:50.302+0000] {logging_mixin.py:190} INFO - [2025-01-01T10:30:50.301+0000] {dagbag.py:588} INFO - Filling up the DagBag from /home/airflow/.local/lib/python3.12/site-packages/airflow/example_dags/example_skip_dag.py
[2025-01-01T10:30:50.337+0000] {processor.py:925} INFO - DAG(s) 'example_skip_dag' retrieved from /home/airflow/.local/lib/python3.12/site-packages/airflow/example_dags/example_skip_dag.py
[2025-01-01T10:30:50.406+0000] {logging_mixin.py:190} INFO - [2025-01-01T10:30:50.406+0000] {dag.py:3239} INFO - Sync 1 DAGs
[2025-01-01T10:30:50.486+0000] {logging_mixin.py:190} INFO - [2025-01-01T10:30:50.486+0000] {dag.py:4180} INFO - Setting next_dagrun for example_skip_dag to 2024-12-31 00:00:00+00:00, run_after=2025-01-01 00:00:00+00:00
[2025-01-01T10:30:50.539+0000] {processor.py:208} INFO - Processing /home/airflow/.local/lib/python3.12/site-packages/airflow/example_dags/example_skip_dag.py took 0.270 seconds
[2025-01-01T10:31:34.606+0000] {processor.py:186} INFO - Started process (PID=2195) to work on /home/airflow/.local/lib/python3.12/site-packages/airflow/example_dags/example_skip_dag.py
[2025-01-01T10:31:34.610+0000] {processor.py:914} INFO - Processing file /home/airflow/.local/lib/python3.12/site-packages/airflow/example_dags/example_skip_dag.py for tasks to queue
[2025-01-01T10:31:34.625+0000] {logging_mixin.py:190} INFO - [2025-01-01T10:31:34.624+0000] {dagbag.py:588} INFO - Filling up the DagBag from /home/airflow/.local/lib/python3.12/site-packages/airflow/example_dags/example_skip_dag.py
[2025-01-01T10:31:34.667+0000] {processor.py:925} INFO - DAG(s) 'example_skip_dag' retrieved from /home/airflow/.local/lib/python3.12/site-packages/airflow/example_dags/example_skip_dag.py
[2025-01-01T10:31:34.773+0000] {logging_mixin.py:190} INFO - [2025-01-01T10:31:34.772+0000] {dag.py:3239} INFO - Sync 1 DAGs
[2025-01-01T10:31:34.908+0000] {logging_mixin.py:190} INFO - [2025-01-01T10:31:34.906+0000] {dag.py:4180} INFO - Setting next_dagrun for example_skip_dag to 2024-12-31 00:00:00+00:00, run_after=2025-01-01 00:00:00+00:00
[2025-01-01T10:31:35.004+0000] {processor.py:208} INFO - Processing /home/airflow/.local/lib/python3.12/site-packages/airflow/example_dags/example_skip_dag.py took 0.428 seconds
[2025-01-01T10:32:05.561+0000] {processor.py:186} INFO - Started process (PID=2258) to work on /home/airflow/.local/lib/python3.12/site-packages/airflow/example_dags/example_skip_dag.py
[2025-01-01T10:32:05.564+0000] {processor.py:914} INFO - Processing file /home/airflow/.local/lib/python3.12/site-packages/airflow/example_dags/example_skip_dag.py for tasks to queue
[2025-01-01T10:32:05.571+0000] {logging_mixin.py:190} INFO - [2025-01-01T10:32:05.570+0000] {dagbag.py:588} INFO - Filling up the DagBag from /home/airflow/.local/lib/python3.12/site-packages/airflow/example_dags/example_skip_dag.py
[2025-01-01T10:32:05.593+0000] {processor.py:925} INFO - DAG(s) 'example_skip_dag' retrieved from /home/airflow/.local/lib/python3.12/site-packages/airflow/example_dags/example_skip_dag.py
[2025-01-01T10:32:05.648+0000] {logging_mixin.py:190} INFO - [2025-01-01T10:32:05.647+0000] {dag.py:3239} INFO - Sync 1 DAGs
[2025-01-01T10:32:05.709+0000] {logging_mixin.py:190} INFO - [2025-01-01T10:32:05.708+0000] {dag.py:4180} INFO - Setting next_dagrun for example_skip_dag to 2024-12-31 00:00:00+00:00, run_after=2025-01-01 00:00:00+00:00
[2025-01-01T10:32:05.756+0000] {processor.py:208} INFO - Processing /home/airflow/.local/lib/python3.12/site-packages/airflow/example_dags/example_skip_dag.py took 0.211 seconds
[2025-01-01T10:32:36.425+0000] {processor.py:186} INFO - Started process (PID=2321) to work on /home/airflow/.local/lib/python3.12/site-packages/airflow/example_dags/example_skip_dag.py
[2025-01-01T10:32:36.431+0000] {processor.py:914} INFO - Processing file /home/airflow/.local/lib/python3.12/site-packages/airflow/example_dags/example_skip_dag.py for tasks to queue
[2025-01-01T10:32:36.445+0000] {logging_mixin.py:190} INFO - [2025-01-01T10:32:36.443+0000] {dagbag.py:588} INFO - Filling up the DagBag from /home/airflow/.local/lib/python3.12/site-packages/airflow/example_dags/example_skip_dag.py
[2025-01-01T10:32:36.509+0000] {processor.py:925} INFO - DAG(s) 'example_skip_dag' retrieved from /home/airflow/.local/lib/python3.12/site-packages/airflow/example_dags/example_skip_dag.py
[2025-01-01T10:32:36.640+0000] {logging_mixin.py:190} INFO - [2025-01-01T10:32:36.639+0000] {dag.py:3239} INFO - Sync 1 DAGs
[2025-01-01T10:32:36.800+0000] {logging_mixin.py:190} INFO - [2025-01-01T10:32:36.798+0000] {dag.py:4180} INFO - Setting next_dagrun for example_skip_dag to 2024-12-31 00:00:00+00:00, run_after=2025-01-01 00:00:00+00:00
[2025-01-01T10:32:36.921+0000] {processor.py:208} INFO - Processing /home/airflow/.local/lib/python3.12/site-packages/airflow/example_dags/example_skip_dag.py took 0.539 seconds
[2025-01-01T10:33:07.020+0000] {processor.py:186} INFO - Started process (PID=2385) to work on /home/airflow/.local/lib/python3.12/site-packages/airflow/example_dags/example_skip_dag.py
[2025-01-01T10:33:07.021+0000] {processor.py:914} INFO - Processing file /home/airflow/.local/lib/python3.12/site-packages/airflow/example_dags/example_skip_dag.py for tasks to queue
[2025-01-01T10:33:07.024+0000] {logging_mixin.py:190} INFO - [2025-01-01T10:33:07.023+0000] {dagbag.py:588} INFO - Filling up the DagBag from /home/airflow/.local/lib/python3.12/site-packages/airflow/example_dags/example_skip_dag.py
[2025-01-01T10:33:07.037+0000] {processor.py:925} INFO - DAG(s) 'example_skip_dag' retrieved from /home/airflow/.local/lib/python3.12/site-packages/airflow/example_dags/example_skip_dag.py
[2025-01-01T10:33:07.077+0000] {logging_mixin.py:190} INFO - [2025-01-01T10:33:07.077+0000] {dag.py:3239} INFO - Sync 1 DAGs
[2025-01-01T10:33:07.126+0000] {logging_mixin.py:190} INFO - [2025-01-01T10:33:07.125+0000] {dag.py:4180} INFO - Setting next_dagrun for example_skip_dag to 2024-12-31 00:00:00+00:00, run_after=2025-01-01 00:00:00+00:00
[2025-01-01T10:33:07.154+0000] {processor.py:208} INFO - Processing /home/airflow/.local/lib/python3.12/site-packages/airflow/example_dags/example_skip_dag.py took 0.143 seconds
[2025-01-01T10:33:37.778+0000] {processor.py:186} INFO - Started process (PID=2449) to work on /home/airflow/.local/lib/python3.12/site-packages/airflow/example_dags/example_skip_dag.py
[2025-01-01T10:33:37.781+0000] {processor.py:914} INFO - Processing file /home/airflow/.local/lib/python3.12/site-packages/airflow/example_dags/example_skip_dag.py for tasks to queue
[2025-01-01T10:33:37.788+0000] {logging_mixin.py:190} INFO - [2025-01-01T10:33:37.787+0000] {dagbag.py:588} INFO - Filling up the DagBag from /home/airflow/.local/lib/python3.12/site-packages/airflow/example_dags/example_skip_dag.py
[2025-01-01T10:33:37.809+0000] {processor.py:925} INFO - DAG(s) 'example_skip_dag' retrieved from /home/airflow/.local/lib/python3.12/site-packages/airflow/example_dags/example_skip_dag.py
[2025-01-01T10:33:37.869+0000] {logging_mixin.py:190} INFO - [2025-01-01T10:33:37.868+0000] {dag.py:3239} INFO - Sync 1 DAGs
[2025-01-01T10:33:37.942+0000] {logging_mixin.py:190} INFO - [2025-01-01T10:33:37.941+0000] {dag.py:4180} INFO - Setting next_dagrun for example_skip_dag to 2024-12-31 00:00:00+00:00, run_after=2025-01-01 00:00:00+00:00
[2025-01-01T10:33:38.005+0000] {processor.py:208} INFO - Processing /home/airflow/.local/lib/python3.12/site-packages/airflow/example_dags/example_skip_dag.py took 0.246 seconds
[2025-01-01T10:34:08.134+0000] {processor.py:186} INFO - Started process (PID=2512) to work on /home/airflow/.local/lib/python3.12/site-packages/airflow/example_dags/example_skip_dag.py
[2025-01-01T10:34:08.136+0000] {processor.py:914} INFO - Processing file /home/airflow/.local/lib/python3.12/site-packages/airflow/example_dags/example_skip_dag.py for tasks to queue
[2025-01-01T10:34:08.139+0000] {logging_mixin.py:190} INFO - [2025-01-01T10:34:08.139+0000] {dagbag.py:588} INFO - Filling up the DagBag from /home/airflow/.local/lib/python3.12/site-packages/airflow/example_dags/example_skip_dag.py
[2025-01-01T10:34:08.150+0000] {processor.py:925} INFO - DAG(s) 'example_skip_dag' retrieved from /home/airflow/.local/lib/python3.12/site-packages/airflow/example_dags/example_skip_dag.py
[2025-01-01T10:34:08.176+0000] {logging_mixin.py:190} INFO - [2025-01-01T10:34:08.176+0000] {dag.py:3239} INFO - Sync 1 DAGs
[2025-01-01T10:34:08.207+0000] {logging_mixin.py:190} INFO - [2025-01-01T10:34:08.207+0000] {dag.py:4180} INFO - Setting next_dagrun for example_skip_dag to 2024-12-31 00:00:00+00:00, run_after=2025-01-01 00:00:00+00:00
[2025-01-01T10:34:08.260+0000] {processor.py:208} INFO - Processing /home/airflow/.local/lib/python3.12/site-packages/airflow/example_dags/example_skip_dag.py took 0.133 seconds
[2025-01-01T10:34:38.696+0000] {processor.py:186} INFO - Started process (PID=2575) to work on /home/airflow/.local/lib/python3.12/site-packages/airflow/example_dags/example_skip_dag.py
[2025-01-01T10:34:38.698+0000] {processor.py:914} INFO - Processing file /home/airflow/.local/lib/python3.12/site-packages/airflow/example_dags/example_skip_dag.py for tasks to queue
[2025-01-01T10:34:38.701+0000] {logging_mixin.py:190} INFO - [2025-01-01T10:34:38.701+0000] {dagbag.py:588} INFO - Filling up the DagBag from /home/airflow/.local/lib/python3.12/site-packages/airflow/example_dags/example_skip_dag.py
[2025-01-01T10:34:38.711+0000] {processor.py:925} INFO - DAG(s) 'example_skip_dag' retrieved from /home/airflow/.local/lib/python3.12/site-packages/airflow/example_dags/example_skip_dag.py
[2025-01-01T10:34:38.737+0000] {logging_mixin.py:190} INFO - [2025-01-01T10:34:38.736+0000] {dag.py:3239} INFO - Sync 1 DAGs
[2025-01-01T10:34:38.763+0000] {logging_mixin.py:190} INFO - [2025-01-01T10:34:38.763+0000] {dag.py:4180} INFO - Setting next_dagrun for example_skip_dag to 2024-12-31 00:00:00+00:00, run_after=2025-01-01 00:00:00+00:00
[2025-01-01T10:34:38.789+0000] {processor.py:208} INFO - Processing /home/airflow/.local/lib/python3.12/site-packages/airflow/example_dags/example_skip_dag.py took 0.099 seconds
[2025-01-01T10:35:10.530+0000] {processor.py:186} INFO - Started process (PID=2637) to work on /home/airflow/.local/lib/python3.12/site-packages/airflow/example_dags/example_skip_dag.py
[2025-01-01T10:35:10.534+0000] {processor.py:914} INFO - Processing file /home/airflow/.local/lib/python3.12/site-packages/airflow/example_dags/example_skip_dag.py for tasks to queue
[2025-01-01T10:35:10.546+0000] {logging_mixin.py:190} INFO - [2025-01-01T10:35:10.545+0000] {dagbag.py:588} INFO - Filling up the DagBag from /home/airflow/.local/lib/python3.12/site-packages/airflow/example_dags/example_skip_dag.py
[2025-01-01T10:35:10.600+0000] {processor.py:925} INFO - DAG(s) 'example_skip_dag' retrieved from /home/airflow/.local/lib/python3.12/site-packages/airflow/example_dags/example_skip_dag.py
[2025-01-01T10:35:10.697+0000] {logging_mixin.py:190} INFO - [2025-01-01T10:35:10.696+0000] {dag.py:3239} INFO - Sync 1 DAGs
[2025-01-01T10:35:10.777+0000] {logging_mixin.py:190} INFO - [2025-01-01T10:35:10.776+0000] {dag.py:4180} INFO - Setting next_dagrun for example_skip_dag to 2024-12-31 00:00:00+00:00, run_after=2025-01-01 00:00:00+00:00
[2025-01-01T10:35:10.847+0000] {processor.py:208} INFO - Processing /home/airflow/.local/lib/python3.12/site-packages/airflow/example_dags/example_skip_dag.py took 0.336 seconds
[2025-01-01T10:35:42.863+0000] {processor.py:186} INFO - Started process (PID=2699) to work on /home/airflow/.local/lib/python3.12/site-packages/airflow/example_dags/example_skip_dag.py
[2025-01-01T10:35:42.867+0000] {processor.py:914} INFO - Processing file /home/airflow/.local/lib/python3.12/site-packages/airflow/example_dags/example_skip_dag.py for tasks to queue
[2025-01-01T10:35:42.885+0000] {logging_mixin.py:190} INFO - [2025-01-01T10:35:42.882+0000] {dagbag.py:588} INFO - Filling up the DagBag from /home/airflow/.local/lib/python3.12/site-packages/airflow/example_dags/example_skip_dag.py
[2025-01-01T10:35:42.930+0000] {processor.py:925} INFO - DAG(s) 'example_skip_dag' retrieved from /home/airflow/.local/lib/python3.12/site-packages/airflow/example_dags/example_skip_dag.py
[2025-01-01T10:35:43.034+0000] {logging_mixin.py:190} INFO - [2025-01-01T10:35:43.033+0000] {dag.py:3239} INFO - Sync 1 DAGs
[2025-01-01T10:35:43.166+0000] {logging_mixin.py:190} INFO - [2025-01-01T10:35:43.165+0000] {dag.py:4180} INFO - Setting next_dagrun for example_skip_dag to 2024-12-31 00:00:00+00:00, run_after=2025-01-01 00:00:00+00:00
[2025-01-01T10:35:43.258+0000] {processor.py:208} INFO - Processing /home/airflow/.local/lib/python3.12/site-packages/airflow/example_dags/example_skip_dag.py took 0.425 seconds
[2025-01-01T10:36:13.771+0000] {processor.py:186} INFO - Started process (PID=2762) to work on /home/airflow/.local/lib/python3.12/site-packages/airflow/example_dags/example_skip_dag.py
[2025-01-01T10:36:13.772+0000] {processor.py:914} INFO - Processing file /home/airflow/.local/lib/python3.12/site-packages/airflow/example_dags/example_skip_dag.py for tasks to queue
[2025-01-01T10:36:13.776+0000] {logging_mixin.py:190} INFO - [2025-01-01T10:36:13.776+0000] {dagbag.py:588} INFO - Filling up the DagBag from /home/airflow/.local/lib/python3.12/site-packages/airflow/example_dags/example_skip_dag.py
[2025-01-01T10:36:13.792+0000] {processor.py:925} INFO - DAG(s) 'example_skip_dag' retrieved from /home/airflow/.local/lib/python3.12/site-packages/airflow/example_dags/example_skip_dag.py
[2025-01-01T10:36:13.828+0000] {logging_mixin.py:190} INFO - [2025-01-01T10:36:13.828+0000] {dag.py:3239} INFO - Sync 1 DAGs
[2025-01-01T10:36:13.888+0000] {logging_mixin.py:190} INFO - [2025-01-01T10:36:13.888+0000] {dag.py:4180} INFO - Setting next_dagrun for example_skip_dag to 2024-12-31 00:00:00+00:00, run_after=2025-01-01 00:00:00+00:00
[2025-01-01T10:36:13.950+0000] {processor.py:208} INFO - Processing /home/airflow/.local/lib/python3.12/site-packages/airflow/example_dags/example_skip_dag.py took 0.190 seconds
[2025-01-01T10:36:45.248+0000] {processor.py:186} INFO - Started process (PID=2825) to work on /home/airflow/.local/lib/python3.12/site-packages/airflow/example_dags/example_skip_dag.py
[2025-01-01T10:36:45.257+0000] {processor.py:914} INFO - Processing file /home/airflow/.local/lib/python3.12/site-packages/airflow/example_dags/example_skip_dag.py for tasks to queue
[2025-01-01T10:36:45.276+0000] {logging_mixin.py:190} INFO - [2025-01-01T10:36:45.274+0000] {dagbag.py:588} INFO - Filling up the DagBag from /home/airflow/.local/lib/python3.12/site-packages/airflow/example_dags/example_skip_dag.py
[2025-01-01T10:36:45.322+0000] {processor.py:925} INFO - DAG(s) 'example_skip_dag' retrieved from /home/airflow/.local/lib/python3.12/site-packages/airflow/example_dags/example_skip_dag.py
[2025-01-01T10:36:45.467+0000] {logging_mixin.py:190} INFO - [2025-01-01T10:36:45.466+0000] {dag.py:3239} INFO - Sync 1 DAGs
[2025-01-01T10:36:45.556+0000] {logging_mixin.py:190} INFO - [2025-01-01T10:36:45.555+0000] {dag.py:4180} INFO - Setting next_dagrun for example_skip_dag to 2024-12-31 00:00:00+00:00, run_after=2025-01-01 00:00:00+00:00
[2025-01-01T10:36:45.678+0000] {processor.py:208} INFO - Processing /home/airflow/.local/lib/python3.12/site-packages/airflow/example_dags/example_skip_dag.py took 0.473 seconds
[2025-01-01T10:37:16.456+0000] {processor.py:186} INFO - Started process (PID=2888) to work on /home/airflow/.local/lib/python3.12/site-packages/airflow/example_dags/example_skip_dag.py
[2025-01-01T10:37:16.458+0000] {processor.py:914} INFO - Processing file /home/airflow/.local/lib/python3.12/site-packages/airflow/example_dags/example_skip_dag.py for tasks to queue
[2025-01-01T10:37:16.461+0000] {logging_mixin.py:190} INFO - [2025-01-01T10:37:16.461+0000] {dagbag.py:588} INFO - Filling up the DagBag from /home/airflow/.local/lib/python3.12/site-packages/airflow/example_dags/example_skip_dag.py
[2025-01-01T10:37:16.473+0000] {processor.py:925} INFO - DAG(s) 'example_skip_dag' retrieved from /home/airflow/.local/lib/python3.12/site-packages/airflow/example_dags/example_skip_dag.py
[2025-01-01T10:37:16.501+0000] {logging_mixin.py:190} INFO - [2025-01-01T10:37:16.501+0000] {dag.py:3239} INFO - Sync 1 DAGs
[2025-01-01T10:37:16.531+0000] {logging_mixin.py:190} INFO - [2025-01-01T10:37:16.531+0000] {dag.py:4180} INFO - Setting next_dagrun for example_skip_dag to 2024-12-31 00:00:00+00:00, run_after=2025-01-01 00:00:00+00:00
[2025-01-01T10:37:16.562+0000] {processor.py:208} INFO - Processing /home/airflow/.local/lib/python3.12/site-packages/airflow/example_dags/example_skip_dag.py took 0.115 seconds
[2025-01-01T10:37:47.034+0000] {processor.py:186} INFO - Started process (PID=2951) to work on /home/airflow/.local/lib/python3.12/site-packages/airflow/example_dags/example_skip_dag.py
[2025-01-01T10:37:47.035+0000] {processor.py:914} INFO - Processing file /home/airflow/.local/lib/python3.12/site-packages/airflow/example_dags/example_skip_dag.py for tasks to queue
[2025-01-01T10:37:47.039+0000] {logging_mixin.py:190} INFO - [2025-01-01T10:37:47.038+0000] {dagbag.py:588} INFO - Filling up the DagBag from /home/airflow/.local/lib/python3.12/site-packages/airflow/example_dags/example_skip_dag.py
[2025-01-01T10:37:47.046+0000] {processor.py:925} INFO - DAG(s) 'example_skip_dag' retrieved from /home/airflow/.local/lib/python3.12/site-packages/airflow/example_dags/example_skip_dag.py
[2025-01-01T10:37:47.068+0000] {logging_mixin.py:190} INFO - [2025-01-01T10:37:47.068+0000] {dag.py:3239} INFO - Sync 1 DAGs
[2025-01-01T10:37:47.090+0000] {logging_mixin.py:190} INFO - [2025-01-01T10:37:47.090+0000] {dag.py:4180} INFO - Setting next_dagrun for example_skip_dag to 2024-12-31 00:00:00+00:00, run_after=2025-01-01 00:00:00+00:00
[2025-01-01T10:37:47.251+0000] {processor.py:208} INFO - Processing /home/airflow/.local/lib/python3.12/site-packages/airflow/example_dags/example_skip_dag.py took 0.223 seconds
[2025-01-01T10:38:17.618+0000] {processor.py:186} INFO - Started process (PID=3014) to work on /home/airflow/.local/lib/python3.12/site-packages/airflow/example_dags/example_skip_dag.py
[2025-01-01T10:38:17.619+0000] {processor.py:914} INFO - Processing file /home/airflow/.local/lib/python3.12/site-packages/airflow/example_dags/example_skip_dag.py for tasks to queue
[2025-01-01T10:38:17.622+0000] {logging_mixin.py:190} INFO - [2025-01-01T10:38:17.621+0000] {dagbag.py:588} INFO - Filling up the DagBag from /home/airflow/.local/lib/python3.12/site-packages/airflow/example_dags/example_skip_dag.py
[2025-01-01T10:38:17.628+0000] {processor.py:925} INFO - DAG(s) 'example_skip_dag' retrieved from /home/airflow/.local/lib/python3.12/site-packages/airflow/example_dags/example_skip_dag.py
[2025-01-01T10:38:17.650+0000] {logging_mixin.py:190} INFO - [2025-01-01T10:38:17.650+0000] {dag.py:3239} INFO - Sync 1 DAGs
[2025-01-01T10:38:17.671+0000] {logging_mixin.py:190} INFO - [2025-01-01T10:38:17.671+0000] {dag.py:4180} INFO - Setting next_dagrun for example_skip_dag to 2024-12-31 00:00:00+00:00, run_after=2025-01-01 00:00:00+00:00
[2025-01-01T10:38:17.694+0000] {processor.py:208} INFO - Processing /home/airflow/.local/lib/python3.12/site-packages/airflow/example_dags/example_skip_dag.py took 0.082 seconds
[2025-01-01T10:38:47.796+0000] {processor.py:186} INFO - Started process (PID=3077) to work on /home/airflow/.local/lib/python3.12/site-packages/airflow/example_dags/example_skip_dag.py
[2025-01-01T10:38:47.797+0000] {processor.py:914} INFO - Processing file /home/airflow/.local/lib/python3.12/site-packages/airflow/example_dags/example_skip_dag.py for tasks to queue
[2025-01-01T10:38:47.801+0000] {logging_mixin.py:190} INFO - [2025-01-01T10:38:47.800+0000] {dagbag.py:588} INFO - Filling up the DagBag from /home/airflow/.local/lib/python3.12/site-packages/airflow/example_dags/example_skip_dag.py
[2025-01-01T10:38:47.811+0000] {processor.py:925} INFO - DAG(s) 'example_skip_dag' retrieved from /home/airflow/.local/lib/python3.12/site-packages/airflow/example_dags/example_skip_dag.py
[2025-01-01T10:38:47.837+0000] {logging_mixin.py:190} INFO - [2025-01-01T10:38:47.837+0000] {dag.py:3239} INFO - Sync 1 DAGs
[2025-01-01T10:38:47.862+0000] {logging_mixin.py:190} INFO - [2025-01-01T10:38:47.862+0000] {dag.py:4180} INFO - Setting next_dagrun for example_skip_dag to 2024-12-31 00:00:00+00:00, run_after=2025-01-01 00:00:00+00:00
[2025-01-01T10:38:47.890+0000] {processor.py:208} INFO - Processing /home/airflow/.local/lib/python3.12/site-packages/airflow/example_dags/example_skip_dag.py took 0.100 seconds
[2025-01-01T10:39:18.684+0000] {processor.py:186} INFO - Started process (PID=3140) to work on /home/airflow/.local/lib/python3.12/site-packages/airflow/example_dags/example_skip_dag.py
[2025-01-01T10:39:18.686+0000] {processor.py:914} INFO - Processing file /home/airflow/.local/lib/python3.12/site-packages/airflow/example_dags/example_skip_dag.py for tasks to queue
[2025-01-01T10:39:18.689+0000] {logging_mixin.py:190} INFO - [2025-01-01T10:39:18.689+0000] {dagbag.py:588} INFO - Filling up the DagBag from /home/airflow/.local/lib/python3.12/site-packages/airflow/example_dags/example_skip_dag.py
[2025-01-01T10:39:18.700+0000] {processor.py:925} INFO - DAG(s) 'example_skip_dag' retrieved from /home/airflow/.local/lib/python3.12/site-packages/airflow/example_dags/example_skip_dag.py
[2025-01-01T10:39:18.728+0000] {logging_mixin.py:190} INFO - [2025-01-01T10:39:18.728+0000] {dag.py:3239} INFO - Sync 1 DAGs
[2025-01-01T10:39:18.757+0000] {logging_mixin.py:190} INFO - [2025-01-01T10:39:18.756+0000] {dag.py:4180} INFO - Setting next_dagrun for example_skip_dag to 2024-12-31 00:00:00+00:00, run_after=2025-01-01 00:00:00+00:00
[2025-01-01T10:39:18.784+0000] {processor.py:208} INFO - Processing /home/airflow/.local/lib/python3.12/site-packages/airflow/example_dags/example_skip_dag.py took 0.106 seconds
[2025-01-01T10:40:20.350+0000] {processor.py:186} INFO - Started process (PID=3208) to work on /home/airflow/.local/lib/python3.12/site-packages/airflow/example_dags/example_skip_dag.py
[2025-01-01T10:40:20.354+0000] {processor.py:914} INFO - Processing file /home/airflow/.local/lib/python3.12/site-packages/airflow/example_dags/example_skip_dag.py for tasks to queue
[2025-01-01T10:40:20.364+0000] {logging_mixin.py:190} INFO - [2025-01-01T10:40:20.362+0000] {dagbag.py:588} INFO - Filling up the DagBag from /home/airflow/.local/lib/python3.12/site-packages/airflow/example_dags/example_skip_dag.py
[2025-01-01T10:40:20.403+0000] {processor.py:925} INFO - DAG(s) 'example_skip_dag' retrieved from /home/airflow/.local/lib/python3.12/site-packages/airflow/example_dags/example_skip_dag.py
[2025-01-01T10:40:20.486+0000] {logging_mixin.py:190} INFO - [2025-01-01T10:40:20.485+0000] {dag.py:3239} INFO - Sync 1 DAGs
[2025-01-01T10:40:20.573+0000] {logging_mixin.py:190} INFO - [2025-01-01T10:40:20.572+0000] {dag.py:4180} INFO - Setting next_dagrun for example_skip_dag to 2024-12-31 00:00:00+00:00, run_after=2025-01-01 00:00:00+00:00
[2025-01-01T10:40:20.634+0000] {processor.py:208} INFO - Processing /home/airflow/.local/lib/python3.12/site-packages/airflow/example_dags/example_skip_dag.py took 0.309 seconds
[2025-01-01T10:40:58.093+0000] {processor.py:186} INFO - Started process (PID=3280) to work on /home/airflow/.local/lib/python3.12/site-packages/airflow/example_dags/example_skip_dag.py
[2025-01-01T10:40:58.101+0000] {processor.py:914} INFO - Processing file /home/airflow/.local/lib/python3.12/site-packages/airflow/example_dags/example_skip_dag.py for tasks to queue
[2025-01-01T10:40:58.121+0000] {logging_mixin.py:190} INFO - [2025-01-01T10:40:58.117+0000] {dagbag.py:588} INFO - Filling up the DagBag from /home/airflow/.local/lib/python3.12/site-packages/airflow/example_dags/example_skip_dag.py
[2025-01-01T10:40:58.178+0000] {processor.py:925} INFO - DAG(s) 'example_skip_dag' retrieved from /home/airflow/.local/lib/python3.12/site-packages/airflow/example_dags/example_skip_dag.py
[2025-01-01T10:40:58.324+0000] {logging_mixin.py:190} INFO - [2025-01-01T10:40:58.323+0000] {dag.py:3239} INFO - Sync 1 DAGs
[2025-01-01T10:40:58.471+0000] {logging_mixin.py:190} INFO - [2025-01-01T10:40:58.470+0000] {dag.py:4180} INFO - Setting next_dagrun for example_skip_dag to 2024-12-31 00:00:00+00:00, run_after=2025-01-01 00:00:00+00:00
[2025-01-01T10:40:58.569+0000] {processor.py:208} INFO - Processing /home/airflow/.local/lib/python3.12/site-packages/airflow/example_dags/example_skip_dag.py took 0.517 seconds
[2025-01-01T10:41:28.943+0000] {processor.py:186} INFO - Started process (PID=3343) to work on /home/airflow/.local/lib/python3.12/site-packages/airflow/example_dags/example_skip_dag.py
[2025-01-01T10:41:28.944+0000] {processor.py:914} INFO - Processing file /home/airflow/.local/lib/python3.12/site-packages/airflow/example_dags/example_skip_dag.py for tasks to queue
[2025-01-01T10:41:28.948+0000] {logging_mixin.py:190} INFO - [2025-01-01T10:41:28.948+0000] {dagbag.py:588} INFO - Filling up the DagBag from /home/airflow/.local/lib/python3.12/site-packages/airflow/example_dags/example_skip_dag.py
[2025-01-01T10:41:28.960+0000] {processor.py:925} INFO - DAG(s) 'example_skip_dag' retrieved from /home/airflow/.local/lib/python3.12/site-packages/airflow/example_dags/example_skip_dag.py
[2025-01-01T10:41:28.990+0000] {logging_mixin.py:190} INFO - [2025-01-01T10:41:28.990+0000] {dag.py:3239} INFO - Sync 1 DAGs
[2025-01-01T10:41:29.023+0000] {logging_mixin.py:190} INFO - [2025-01-01T10:41:29.022+0000] {dag.py:4180} INFO - Setting next_dagrun for example_skip_dag to 2024-12-31 00:00:00+00:00, run_after=2025-01-01 00:00:00+00:00
[2025-01-01T10:41:29.056+0000] {processor.py:208} INFO - Processing /home/airflow/.local/lib/python3.12/site-packages/airflow/example_dags/example_skip_dag.py took 0.122 seconds
[2025-01-01T10:41:59.465+0000] {processor.py:186} INFO - Started process (PID=3406) to work on /home/airflow/.local/lib/python3.12/site-packages/airflow/example_dags/example_skip_dag.py
[2025-01-01T10:41:59.467+0000] {processor.py:914} INFO - Processing file /home/airflow/.local/lib/python3.12/site-packages/airflow/example_dags/example_skip_dag.py for tasks to queue
[2025-01-01T10:41:59.470+0000] {logging_mixin.py:190} INFO - [2025-01-01T10:41:59.470+0000] {dagbag.py:588} INFO - Filling up the DagBag from /home/airflow/.local/lib/python3.12/site-packages/airflow/example_dags/example_skip_dag.py
[2025-01-01T10:41:59.481+0000] {processor.py:925} INFO - DAG(s) 'example_skip_dag' retrieved from /home/airflow/.local/lib/python3.12/site-packages/airflow/example_dags/example_skip_dag.py
[2025-01-01T10:41:59.509+0000] {logging_mixin.py:190} INFO - [2025-01-01T10:41:59.509+0000] {dag.py:3239} INFO - Sync 1 DAGs
[2025-01-01T10:41:59.537+0000] {logging_mixin.py:190} INFO - [2025-01-01T10:41:59.537+0000] {dag.py:4180} INFO - Setting next_dagrun for example_skip_dag to 2024-12-31 00:00:00+00:00, run_after=2025-01-01 00:00:00+00:00
[2025-01-01T10:41:59.565+0000] {processor.py:208} INFO - Processing /home/airflow/.local/lib/python3.12/site-packages/airflow/example_dags/example_skip_dag.py took 0.107 seconds
[2025-01-01T10:42:30.611+0000] {processor.py:186} INFO - Started process (PID=3470) to work on /home/airflow/.local/lib/python3.12/site-packages/airflow/example_dags/example_skip_dag.py
[2025-01-01T10:42:30.615+0000] {processor.py:914} INFO - Processing file /home/airflow/.local/lib/python3.12/site-packages/airflow/example_dags/example_skip_dag.py for tasks to queue
[2025-01-01T10:42:30.626+0000] {logging_mixin.py:190} INFO - [2025-01-01T10:42:30.624+0000] {dagbag.py:588} INFO - Filling up the DagBag from /home/airflow/.local/lib/python3.12/site-packages/airflow/example_dags/example_skip_dag.py
[2025-01-01T10:42:30.660+0000] {processor.py:925} INFO - DAG(s) 'example_skip_dag' retrieved from /home/airflow/.local/lib/python3.12/site-packages/airflow/example_dags/example_skip_dag.py
[2025-01-01T10:42:30.746+0000] {logging_mixin.py:190} INFO - [2025-01-01T10:42:30.745+0000] {dag.py:3239} INFO - Sync 1 DAGs
[2025-01-01T10:42:30.833+0000] {logging_mixin.py:190} INFO - [2025-01-01T10:42:30.832+0000] {dag.py:4180} INFO - Setting next_dagrun for example_skip_dag to 2024-12-31 00:00:00+00:00, run_after=2025-01-01 00:00:00+00:00
[2025-01-01T10:42:30.897+0000] {processor.py:208} INFO - Processing /home/airflow/.local/lib/python3.12/site-packages/airflow/example_dags/example_skip_dag.py took 0.312 seconds
[2025-01-01T10:43:02.085+0000] {processor.py:186} INFO - Started process (PID=3533) to work on /home/airflow/.local/lib/python3.12/site-packages/airflow/example_dags/example_skip_dag.py
[2025-01-01T10:43:02.090+0000] {processor.py:914} INFO - Processing file /home/airflow/.local/lib/python3.12/site-packages/airflow/example_dags/example_skip_dag.py for tasks to queue
[2025-01-01T10:43:02.104+0000] {logging_mixin.py:190} INFO - [2025-01-01T10:43:02.103+0000] {dagbag.py:588} INFO - Filling up the DagBag from /home/airflow/.local/lib/python3.12/site-packages/airflow/example_dags/example_skip_dag.py
[2025-01-01T10:43:02.150+0000] {processor.py:925} INFO - DAG(s) 'example_skip_dag' retrieved from /home/airflow/.local/lib/python3.12/site-packages/airflow/example_dags/example_skip_dag.py
[2025-01-01T10:43:02.268+0000] {logging_mixin.py:190} INFO - [2025-01-01T10:43:02.267+0000] {dag.py:3239} INFO - Sync 1 DAGs
[2025-01-01T10:43:02.403+0000] {logging_mixin.py:190} INFO - [2025-01-01T10:43:02.402+0000] {dag.py:4180} INFO - Setting next_dagrun for example_skip_dag to 2024-12-31 00:00:00+00:00, run_after=2025-01-01 00:00:00+00:00
[2025-01-01T10:43:02.509+0000] {processor.py:208} INFO - Processing /home/airflow/.local/lib/python3.12/site-packages/airflow/example_dags/example_skip_dag.py took 0.460 seconds
[2025-01-01T10:43:32.704+0000] {processor.py:186} INFO - Started process (PID=3596) to work on /home/airflow/.local/lib/python3.12/site-packages/airflow/example_dags/example_skip_dag.py
[2025-01-01T10:43:32.706+0000] {processor.py:914} INFO - Processing file /home/airflow/.local/lib/python3.12/site-packages/airflow/example_dags/example_skip_dag.py for tasks to queue
[2025-01-01T10:43:32.712+0000] {logging_mixin.py:190} INFO - [2025-01-01T10:43:32.711+0000] {dagbag.py:588} INFO - Filling up the DagBag from /home/airflow/.local/lib/python3.12/site-packages/airflow/example_dags/example_skip_dag.py
[2025-01-01T10:43:32.727+0000] {processor.py:925} INFO - DAG(s) 'example_skip_dag' retrieved from /home/airflow/.local/lib/python3.12/site-packages/airflow/example_dags/example_skip_dag.py
[2025-01-01T10:43:32.767+0000] {logging_mixin.py:190} INFO - [2025-01-01T10:43:32.767+0000] {dag.py:3239} INFO - Sync 1 DAGs
[2025-01-01T10:43:32.808+0000] {logging_mixin.py:190} INFO - [2025-01-01T10:43:32.807+0000] {dag.py:4180} INFO - Setting next_dagrun for example_skip_dag to 2024-12-31 00:00:00+00:00, run_after=2025-01-01 00:00:00+00:00
[2025-01-01T10:43:32.843+0000] {processor.py:208} INFO - Processing /home/airflow/.local/lib/python3.12/site-packages/airflow/example_dags/example_skip_dag.py took 0.150 seconds
[2025-01-01T10:44:03.517+0000] {processor.py:186} INFO - Started process (PID=3658) to work on /home/airflow/.local/lib/python3.12/site-packages/airflow/example_dags/example_skip_dag.py
[2025-01-01T10:44:03.518+0000] {processor.py:914} INFO - Processing file /home/airflow/.local/lib/python3.12/site-packages/airflow/example_dags/example_skip_dag.py for tasks to queue
[2025-01-01T10:44:03.522+0000] {logging_mixin.py:190} INFO - [2025-01-01T10:44:03.521+0000] {dagbag.py:588} INFO - Filling up the DagBag from /home/airflow/.local/lib/python3.12/site-packages/airflow/example_dags/example_skip_dag.py
[2025-01-01T10:44:03.532+0000] {processor.py:925} INFO - DAG(s) 'example_skip_dag' retrieved from /home/airflow/.local/lib/python3.12/site-packages/airflow/example_dags/example_skip_dag.py
[2025-01-01T10:44:03.559+0000] {logging_mixin.py:190} INFO - [2025-01-01T10:44:03.559+0000] {dag.py:3239} INFO - Sync 1 DAGs
[2025-01-01T10:44:03.588+0000] {logging_mixin.py:190} INFO - [2025-01-01T10:44:03.587+0000] {dag.py:4180} INFO - Setting next_dagrun for example_skip_dag to 2024-12-31 00:00:00+00:00, run_after=2025-01-01 00:00:00+00:00
[2025-01-01T10:44:03.616+0000] {processor.py:208} INFO - Processing /home/airflow/.local/lib/python3.12/site-packages/airflow/example_dags/example_skip_dag.py took 0.106 seconds
[2025-01-01T10:44:33.852+0000] {processor.py:186} INFO - Started process (PID=3720) to work on /home/airflow/.local/lib/python3.12/site-packages/airflow/example_dags/example_skip_dag.py
[2025-01-01T10:44:33.854+0000] {processor.py:914} INFO - Processing file /home/airflow/.local/lib/python3.12/site-packages/airflow/example_dags/example_skip_dag.py for tasks to queue
[2025-01-01T10:44:33.857+0000] {logging_mixin.py:190} INFO - [2025-01-01T10:44:33.857+0000] {dagbag.py:588} INFO - Filling up the DagBag from /home/airflow/.local/lib/python3.12/site-packages/airflow/example_dags/example_skip_dag.py
[2025-01-01T10:44:33.868+0000] {processor.py:925} INFO - DAG(s) 'example_skip_dag' retrieved from /home/airflow/.local/lib/python3.12/site-packages/airflow/example_dags/example_skip_dag.py
[2025-01-01T10:44:33.897+0000] {logging_mixin.py:190} INFO - [2025-01-01T10:44:33.897+0000] {dag.py:3239} INFO - Sync 1 DAGs
[2025-01-01T10:44:33.928+0000] {logging_mixin.py:190} INFO - [2025-01-01T10:44:33.928+0000] {dag.py:4180} INFO - Setting next_dagrun for example_skip_dag to 2024-12-31 00:00:00+00:00, run_after=2025-01-01 00:00:00+00:00
[2025-01-01T10:44:33.955+0000] {processor.py:208} INFO - Processing /home/airflow/.local/lib/python3.12/site-packages/airflow/example_dags/example_skip_dag.py took 0.111 seconds
[2025-01-01T10:45:04.696+0000] {processor.py:186} INFO - Started process (PID=3784) to work on /home/airflow/.local/lib/python3.12/site-packages/airflow/example_dags/example_skip_dag.py
[2025-01-01T10:45:04.698+0000] {processor.py:914} INFO - Processing file /home/airflow/.local/lib/python3.12/site-packages/airflow/example_dags/example_skip_dag.py for tasks to queue
[2025-01-01T10:45:04.701+0000] {logging_mixin.py:190} INFO - [2025-01-01T10:45:04.701+0000] {dagbag.py:588} INFO - Filling up the DagBag from /home/airflow/.local/lib/python3.12/site-packages/airflow/example_dags/example_skip_dag.py
[2025-01-01T10:45:04.713+0000] {processor.py:925} INFO - DAG(s) 'example_skip_dag' retrieved from /home/airflow/.local/lib/python3.12/site-packages/airflow/example_dags/example_skip_dag.py
[2025-01-01T10:45:04.743+0000] {logging_mixin.py:190} INFO - [2025-01-01T10:45:04.743+0000] {dag.py:3239} INFO - Sync 1 DAGs
[2025-01-01T10:45:04.773+0000] {logging_mixin.py:190} INFO - [2025-01-01T10:45:04.772+0000] {dag.py:4180} INFO - Setting next_dagrun for example_skip_dag to 2024-12-31 00:00:00+00:00, run_after=2025-01-01 00:00:00+00:00
[2025-01-01T10:45:04.802+0000] {processor.py:208} INFO - Processing /home/airflow/.local/lib/python3.12/site-packages/airflow/example_dags/example_skip_dag.py took 0.114 seconds
[2025-01-01T10:45:36.775+0000] {processor.py:186} INFO - Started process (PID=3847) to work on /home/airflow/.local/lib/python3.12/site-packages/airflow/example_dags/example_skip_dag.py
[2025-01-01T10:45:36.780+0000] {processor.py:914} INFO - Processing file /home/airflow/.local/lib/python3.12/site-packages/airflow/example_dags/example_skip_dag.py for tasks to queue
[2025-01-01T10:45:36.791+0000] {logging_mixin.py:190} INFO - [2025-01-01T10:45:36.790+0000] {dagbag.py:588} INFO - Filling up the DagBag from /home/airflow/.local/lib/python3.12/site-packages/airflow/example_dags/example_skip_dag.py
[2025-01-01T10:45:36.854+0000] {processor.py:925} INFO - DAG(s) 'example_skip_dag' retrieved from /home/airflow/.local/lib/python3.12/site-packages/airflow/example_dags/example_skip_dag.py
[2025-01-01T10:45:36.969+0000] {logging_mixin.py:190} INFO - [2025-01-01T10:45:36.968+0000] {dag.py:3239} INFO - Sync 1 DAGs
[2025-01-01T10:45:37.069+0000] {logging_mixin.py:190} INFO - [2025-01-01T10:45:37.068+0000] {dag.py:4180} INFO - Setting next_dagrun for example_skip_dag to 2024-12-31 00:00:00+00:00, run_after=2025-01-01 00:00:00+00:00
[2025-01-01T10:45:37.148+0000] {processor.py:208} INFO - Processing /home/airflow/.local/lib/python3.12/site-packages/airflow/example_dags/example_skip_dag.py took 0.435 seconds
[2025-01-01T10:46:07.471+0000] {processor.py:186} INFO - Started process (PID=3916) to work on /home/airflow/.local/lib/python3.12/site-packages/airflow/example_dags/example_skip_dag.py
[2025-01-01T10:46:07.472+0000] {processor.py:914} INFO - Processing file /home/airflow/.local/lib/python3.12/site-packages/airflow/example_dags/example_skip_dag.py for tasks to queue
[2025-01-01T10:46:07.475+0000] {logging_mixin.py:190} INFO - [2025-01-01T10:46:07.475+0000] {dagbag.py:588} INFO - Filling up the DagBag from /home/airflow/.local/lib/python3.12/site-packages/airflow/example_dags/example_skip_dag.py
[2025-01-01T10:46:07.486+0000] {processor.py:925} INFO - DAG(s) 'example_skip_dag' retrieved from /home/airflow/.local/lib/python3.12/site-packages/airflow/example_dags/example_skip_dag.py
[2025-01-01T10:46:07.513+0000] {logging_mixin.py:190} INFO - [2025-01-01T10:46:07.513+0000] {dag.py:3239} INFO - Sync 1 DAGs
[2025-01-01T10:46:07.540+0000] {logging_mixin.py:190} INFO - [2025-01-01T10:46:07.540+0000] {dag.py:4180} INFO - Setting next_dagrun for example_skip_dag to 2024-12-31 00:00:00+00:00, run_after=2025-01-01 00:00:00+00:00
[2025-01-01T10:46:07.568+0000] {processor.py:208} INFO - Processing /home/airflow/.local/lib/python3.12/site-packages/airflow/example_dags/example_skip_dag.py took 0.104 seconds
[2025-01-01T10:46:38.365+0000] {processor.py:186} INFO - Started process (PID=3979) to work on /home/airflow/.local/lib/python3.12/site-packages/airflow/example_dags/example_skip_dag.py
[2025-01-01T10:46:38.367+0000] {processor.py:914} INFO - Processing file /home/airflow/.local/lib/python3.12/site-packages/airflow/example_dags/example_skip_dag.py for tasks to queue
[2025-01-01T10:46:38.375+0000] {logging_mixin.py:190} INFO - [2025-01-01T10:46:38.374+0000] {dagbag.py:588} INFO - Filling up the DagBag from /home/airflow/.local/lib/python3.12/site-packages/airflow/example_dags/example_skip_dag.py
[2025-01-01T10:46:38.399+0000] {processor.py:925} INFO - DAG(s) 'example_skip_dag' retrieved from /home/airflow/.local/lib/python3.12/site-packages/airflow/example_dags/example_skip_dag.py
[2025-01-01T10:46:38.463+0000] {logging_mixin.py:190} INFO - [2025-01-01T10:46:38.462+0000] {dag.py:3239} INFO - Sync 1 DAGs
[2025-01-01T10:46:38.529+0000] {logging_mixin.py:190} INFO - [2025-01-01T10:46:38.528+0000] {dag.py:4180} INFO - Setting next_dagrun for example_skip_dag to 2024-12-31 00:00:00+00:00, run_after=2025-01-01 00:00:00+00:00
[2025-01-01T10:46:38.594+0000] {processor.py:208} INFO - Processing /home/airflow/.local/lib/python3.12/site-packages/airflow/example_dags/example_skip_dag.py took 0.247 seconds
[2025-01-01T10:47:08.816+0000] {processor.py:186} INFO - Started process (PID=4042) to work on /home/airflow/.local/lib/python3.12/site-packages/airflow/example_dags/example_skip_dag.py
[2025-01-01T10:47:08.820+0000] {processor.py:914} INFO - Processing file /home/airflow/.local/lib/python3.12/site-packages/airflow/example_dags/example_skip_dag.py for tasks to queue
[2025-01-01T10:47:08.827+0000] {logging_mixin.py:190} INFO - [2025-01-01T10:47:08.826+0000] {dagbag.py:588} INFO - Filling up the DagBag from /home/airflow/.local/lib/python3.12/site-packages/airflow/example_dags/example_skip_dag.py
[2025-01-01T10:47:08.857+0000] {processor.py:925} INFO - DAG(s) 'example_skip_dag' retrieved from /home/airflow/.local/lib/python3.12/site-packages/airflow/example_dags/example_skip_dag.py
[2025-01-01T10:47:08.930+0000] {logging_mixin.py:190} INFO - [2025-01-01T10:47:08.929+0000] {dag.py:3239} INFO - Sync 1 DAGs
[2025-01-01T10:47:09.028+0000] {logging_mixin.py:190} INFO - [2025-01-01T10:47:09.027+0000] {dag.py:4180} INFO - Setting next_dagrun for example_skip_dag to 2024-12-31 00:00:00+00:00, run_after=2025-01-01 00:00:00+00:00
[2025-01-01T10:47:09.099+0000] {processor.py:208} INFO - Processing /home/airflow/.local/lib/python3.12/site-packages/airflow/example_dags/example_skip_dag.py took 0.306 seconds
[2025-01-01T10:47:39.499+0000] {processor.py:186} INFO - Started process (PID=4104) to work on /home/airflow/.local/lib/python3.12/site-packages/airflow/example_dags/example_skip_dag.py
[2025-01-01T10:47:39.502+0000] {processor.py:914} INFO - Processing file /home/airflow/.local/lib/python3.12/site-packages/airflow/example_dags/example_skip_dag.py for tasks to queue
[2025-01-01T10:47:39.510+0000] {logging_mixin.py:190} INFO - [2025-01-01T10:47:39.508+0000] {dagbag.py:588} INFO - Filling up the DagBag from /home/airflow/.local/lib/python3.12/site-packages/airflow/example_dags/example_skip_dag.py
[2025-01-01T10:47:39.538+0000] {processor.py:925} INFO - DAG(s) 'example_skip_dag' retrieved from /home/airflow/.local/lib/python3.12/site-packages/airflow/example_dags/example_skip_dag.py
[2025-01-01T10:47:39.602+0000] {logging_mixin.py:190} INFO - [2025-01-01T10:47:39.601+0000] {dag.py:3239} INFO - Sync 1 DAGs
[2025-01-01T10:47:39.675+0000] {logging_mixin.py:190} INFO - [2025-01-01T10:47:39.674+0000] {dag.py:4180} INFO - Setting next_dagrun for example_skip_dag to 2024-12-31 00:00:00+00:00, run_after=2025-01-01 00:00:00+00:00
[2025-01-01T10:47:39.735+0000] {processor.py:208} INFO - Processing /home/airflow/.local/lib/python3.12/site-packages/airflow/example_dags/example_skip_dag.py took 0.259 seconds
[2025-01-01T10:48:10.070+0000] {processor.py:186} INFO - Started process (PID=4166) to work on /home/airflow/.local/lib/python3.12/site-packages/airflow/example_dags/example_skip_dag.py
[2025-01-01T10:48:10.072+0000] {processor.py:914} INFO - Processing file /home/airflow/.local/lib/python3.12/site-packages/airflow/example_dags/example_skip_dag.py for tasks to queue
[2025-01-01T10:48:10.077+0000] {logging_mixin.py:190} INFO - [2025-01-01T10:48:10.076+0000] {dagbag.py:588} INFO - Filling up the DagBag from /home/airflow/.local/lib/python3.12/site-packages/airflow/example_dags/example_skip_dag.py
[2025-01-01T10:48:10.093+0000] {processor.py:925} INFO - DAG(s) 'example_skip_dag' retrieved from /home/airflow/.local/lib/python3.12/site-packages/airflow/example_dags/example_skip_dag.py
[2025-01-01T10:48:10.133+0000] {logging_mixin.py:190} INFO - [2025-01-01T10:48:10.133+0000] {dag.py:3239} INFO - Sync 1 DAGs
[2025-01-01T10:48:10.181+0000] {logging_mixin.py:190} INFO - [2025-01-01T10:48:10.181+0000] {dag.py:4180} INFO - Setting next_dagrun for example_skip_dag to 2024-12-31 00:00:00+00:00, run_after=2025-01-01 00:00:00+00:00
[2025-01-01T10:48:10.220+0000] {processor.py:208} INFO - Processing /home/airflow/.local/lib/python3.12/site-packages/airflow/example_dags/example_skip_dag.py took 0.164 seconds
[2025-01-01T10:48:40.509+0000] {processor.py:186} INFO - Started process (PID=4229) to work on /home/airflow/.local/lib/python3.12/site-packages/airflow/example_dags/example_skip_dag.py
[2025-01-01T10:48:40.511+0000] {processor.py:914} INFO - Processing file /home/airflow/.local/lib/python3.12/site-packages/airflow/example_dags/example_skip_dag.py for tasks to queue
[2025-01-01T10:48:40.517+0000] {logging_mixin.py:190} INFO - [2025-01-01T10:48:40.516+0000] {dagbag.py:588} INFO - Filling up the DagBag from /home/airflow/.local/lib/python3.12/site-packages/airflow/example_dags/example_skip_dag.py
[2025-01-01T10:48:40.539+0000] {processor.py:925} INFO - DAG(s) 'example_skip_dag' retrieved from /home/airflow/.local/lib/python3.12/site-packages/airflow/example_dags/example_skip_dag.py
[2025-01-01T10:48:40.581+0000] {logging_mixin.py:190} INFO - [2025-01-01T10:48:40.581+0000] {dag.py:3239} INFO - Sync 1 DAGs
[2025-01-01T10:48:40.631+0000] {logging_mixin.py:190} INFO - [2025-01-01T10:48:40.631+0000] {dag.py:4180} INFO - Setting next_dagrun for example_skip_dag to 2024-12-31 00:00:00+00:00, run_after=2025-01-01 00:00:00+00:00
[2025-01-01T10:48:40.673+0000] {processor.py:208} INFO - Processing /home/airflow/.local/lib/python3.12/site-packages/airflow/example_dags/example_skip_dag.py took 0.181 seconds
[2025-01-01T10:49:10.742+0000] {processor.py:186} INFO - Started process (PID=4291) to work on /home/airflow/.local/lib/python3.12/site-packages/airflow/example_dags/example_skip_dag.py
[2025-01-01T10:49:10.744+0000] {processor.py:914} INFO - Processing file /home/airflow/.local/lib/python3.12/site-packages/airflow/example_dags/example_skip_dag.py for tasks to queue
[2025-01-01T10:49:10.746+0000] {logging_mixin.py:190} INFO - [2025-01-01T10:49:10.746+0000] {dagbag.py:588} INFO - Filling up the DagBag from /home/airflow/.local/lib/python3.12/site-packages/airflow/example_dags/example_skip_dag.py
[2025-01-01T10:49:10.756+0000] {processor.py:925} INFO - DAG(s) 'example_skip_dag' retrieved from /home/airflow/.local/lib/python3.12/site-packages/airflow/example_dags/example_skip_dag.py
[2025-01-01T10:49:10.781+0000] {logging_mixin.py:190} INFO - [2025-01-01T10:49:10.781+0000] {dag.py:3239} INFO - Sync 1 DAGs
[2025-01-01T10:49:10.807+0000] {logging_mixin.py:190} INFO - [2025-01-01T10:49:10.807+0000] {dag.py:4180} INFO - Setting next_dagrun for example_skip_dag to 2024-12-31 00:00:00+00:00, run_after=2025-01-01 00:00:00+00:00
[2025-01-01T10:49:10.832+0000] {processor.py:208} INFO - Processing /home/airflow/.local/lib/python3.12/site-packages/airflow/example_dags/example_skip_dag.py took 0.096 seconds
[2025-01-01T10:49:43.007+0000] {processor.py:186} INFO - Started process (PID=4353) to work on /home/airflow/.local/lib/python3.12/site-packages/airflow/example_dags/example_skip_dag.py
[2025-01-01T10:49:43.011+0000] {processor.py:914} INFO - Processing file /home/airflow/.local/lib/python3.12/site-packages/airflow/example_dags/example_skip_dag.py for tasks to queue
[2025-01-01T10:49:43.021+0000] {logging_mixin.py:190} INFO - [2025-01-01T10:49:43.020+0000] {dagbag.py:588} INFO - Filling up the DagBag from /home/airflow/.local/lib/python3.12/site-packages/airflow/example_dags/example_skip_dag.py
[2025-01-01T10:49:43.056+0000] {processor.py:925} INFO - DAG(s) 'example_skip_dag' retrieved from /home/airflow/.local/lib/python3.12/site-packages/airflow/example_dags/example_skip_dag.py
[2025-01-01T10:49:43.123+0000] {logging_mixin.py:190} INFO - [2025-01-01T10:49:43.123+0000] {dag.py:3239} INFO - Sync 1 DAGs
[2025-01-01T10:49:43.197+0000] {logging_mixin.py:190} INFO - [2025-01-01T10:49:43.196+0000] {dag.py:4180} INFO - Setting next_dagrun for example_skip_dag to 2024-12-31 00:00:00+00:00, run_after=2025-01-01 00:00:00+00:00
[2025-01-01T10:49:43.258+0000] {processor.py:208} INFO - Processing /home/airflow/.local/lib/python3.12/site-packages/airflow/example_dags/example_skip_dag.py took 0.272 seconds
[2025-01-01T10:50:14.013+0000] {processor.py:186} INFO - Started process (PID=4416) to work on /home/airflow/.local/lib/python3.12/site-packages/airflow/example_dags/example_skip_dag.py
[2025-01-01T10:50:14.016+0000] {processor.py:914} INFO - Processing file /home/airflow/.local/lib/python3.12/site-packages/airflow/example_dags/example_skip_dag.py for tasks to queue
[2025-01-01T10:50:14.024+0000] {logging_mixin.py:190} INFO - [2025-01-01T10:50:14.023+0000] {dagbag.py:588} INFO - Filling up the DagBag from /home/airflow/.local/lib/python3.12/site-packages/airflow/example_dags/example_skip_dag.py
[2025-01-01T10:50:14.048+0000] {processor.py:925} INFO - DAG(s) 'example_skip_dag' retrieved from /home/airflow/.local/lib/python3.12/site-packages/airflow/example_dags/example_skip_dag.py
[2025-01-01T10:50:14.109+0000] {logging_mixin.py:190} INFO - [2025-01-01T10:50:14.109+0000] {dag.py:3239} INFO - Sync 1 DAGs
[2025-01-01T10:50:14.183+0000] {logging_mixin.py:190} INFO - [2025-01-01T10:50:14.183+0000] {dag.py:4180} INFO - Setting next_dagrun for example_skip_dag to 2024-12-31 00:00:00+00:00, run_after=2025-01-01 00:00:00+00:00
[2025-01-01T10:50:14.241+0000] {processor.py:208} INFO - Processing /home/airflow/.local/lib/python3.12/site-packages/airflow/example_dags/example_skip_dag.py took 0.247 seconds
[2025-01-01T10:50:47.156+0000] {processor.py:186} INFO - Started process (PID=4480) to work on /home/airflow/.local/lib/python3.12/site-packages/airflow/example_dags/example_skip_dag.py
[2025-01-01T10:50:47.161+0000] {processor.py:914} INFO - Processing file /home/airflow/.local/lib/python3.12/site-packages/airflow/example_dags/example_skip_dag.py for tasks to queue
[2025-01-01T10:50:47.179+0000] {logging_mixin.py:190} INFO - [2025-01-01T10:50:47.176+0000] {dagbag.py:588} INFO - Filling up the DagBag from /home/airflow/.local/lib/python3.12/site-packages/airflow/example_dags/example_skip_dag.py
[2025-01-01T10:50:47.232+0000] {processor.py:925} INFO - DAG(s) 'example_skip_dag' retrieved from /home/airflow/.local/lib/python3.12/site-packages/airflow/example_dags/example_skip_dag.py
[2025-01-01T10:50:47.389+0000] {logging_mixin.py:190} INFO - [2025-01-01T10:50:47.387+0000] {dag.py:3239} INFO - Sync 1 DAGs
[2025-01-01T10:50:47.543+0000] {logging_mixin.py:190} INFO - [2025-01-01T10:50:47.542+0000] {dag.py:4180} INFO - Setting next_dagrun for example_skip_dag to 2024-12-31 00:00:00+00:00, run_after=2025-01-01 00:00:00+00:00
[2025-01-01T10:50:47.663+0000] {processor.py:208} INFO - Processing /home/airflow/.local/lib/python3.12/site-packages/airflow/example_dags/example_skip_dag.py took 0.545 seconds
[2025-01-01T10:51:23.113+0000] {processor.py:186} INFO - Started process (PID=4544) to work on /home/airflow/.local/lib/python3.12/site-packages/airflow/example_dags/example_skip_dag.py
[2025-01-01T10:51:23.114+0000] {processor.py:914} INFO - Processing file /home/airflow/.local/lib/python3.12/site-packages/airflow/example_dags/example_skip_dag.py for tasks to queue
[2025-01-01T10:51:23.129+0000] {logging_mixin.py:190} INFO - [2025-01-01T10:51:23.128+0000] {dagbag.py:588} INFO - Filling up the DagBag from /home/airflow/.local/lib/python3.12/site-packages/airflow/example_dags/example_skip_dag.py
[2025-01-01T10:51:23.194+0000] {processor.py:925} INFO - DAG(s) 'example_skip_dag' retrieved from /home/airflow/.local/lib/python3.12/site-packages/airflow/example_dags/example_skip_dag.py
[2025-01-01T10:51:23.290+0000] {logging_mixin.py:190} INFO - [2025-01-01T10:51:23.289+0000] {dag.py:3239} INFO - Sync 1 DAGs
[2025-01-01T10:51:23.408+0000] {logging_mixin.py:190} INFO - [2025-01-01T10:51:23.407+0000] {dag.py:4180} INFO - Setting next_dagrun for example_skip_dag to 2024-12-31 00:00:00+00:00, run_after=2025-01-01 00:00:00+00:00
[2025-01-01T10:51:23.508+0000] {processor.py:208} INFO - Processing /home/airflow/.local/lib/python3.12/site-packages/airflow/example_dags/example_skip_dag.py took 0.422 seconds
[2025-01-01T12:15:54.964+0000] {processor.py:186} INFO - Started process (PID=4592) to work on /home/airflow/.local/lib/python3.12/site-packages/airflow/example_dags/example_skip_dag.py
[2025-01-01T12:15:54.966+0000] {processor.py:914} INFO - Processing file /home/airflow/.local/lib/python3.12/site-packages/airflow/example_dags/example_skip_dag.py for tasks to queue
[2025-01-01T12:15:54.969+0000] {logging_mixin.py:190} INFO - [2025-01-01T12:15:54.969+0000] {dagbag.py:588} INFO - Filling up the DagBag from /home/airflow/.local/lib/python3.12/site-packages/airflow/example_dags/example_skip_dag.py
[2025-01-01T12:15:54.981+0000] {processor.py:925} INFO - DAG(s) 'example_skip_dag' retrieved from /home/airflow/.local/lib/python3.12/site-packages/airflow/example_dags/example_skip_dag.py
[2025-01-01T12:15:55.063+0000] {logging_mixin.py:190} INFO - [2025-01-01T12:15:55.054+0000] {dag.py:3239} INFO - Sync 1 DAGs
[2025-01-01T12:15:55.146+0000] {logging_mixin.py:190} INFO - [2025-01-01T12:15:55.145+0000] {dag.py:4180} INFO - Setting next_dagrun for example_skip_dag to 2024-12-31 00:00:00+00:00, run_after=2025-01-01 00:00:00+00:00
[2025-01-01T12:15:55.180+0000] {processor.py:208} INFO - Processing /home/airflow/.local/lib/python3.12/site-packages/airflow/example_dags/example_skip_dag.py took 0.226 seconds
[2025-01-01T12:16:25.715+0000] {processor.py:186} INFO - Started process (PID=4654) to work on /home/airflow/.local/lib/python3.12/site-packages/airflow/example_dags/example_skip_dag.py
[2025-01-01T12:16:25.716+0000] {processor.py:914} INFO - Processing file /home/airflow/.local/lib/python3.12/site-packages/airflow/example_dags/example_skip_dag.py for tasks to queue
[2025-01-01T12:16:25.718+0000] {logging_mixin.py:190} INFO - [2025-01-01T12:16:25.717+0000] {dagbag.py:588} INFO - Filling up the DagBag from /home/airflow/.local/lib/python3.12/site-packages/airflow/example_dags/example_skip_dag.py
[2025-01-01T12:16:25.724+0000] {processor.py:925} INFO - DAG(s) 'example_skip_dag' retrieved from /home/airflow/.local/lib/python3.12/site-packages/airflow/example_dags/example_skip_dag.py
[2025-01-01T12:16:25.745+0000] {logging_mixin.py:190} INFO - [2025-01-01T12:16:25.744+0000] {dag.py:3239} INFO - Sync 1 DAGs
[2025-01-01T12:16:25.765+0000] {logging_mixin.py:190} INFO - [2025-01-01T12:16:25.765+0000] {dag.py:4180} INFO - Setting next_dagrun for example_skip_dag to 2024-12-31 00:00:00+00:00, run_after=2025-01-01 00:00:00+00:00
[2025-01-01T12:16:25.785+0000] {processor.py:208} INFO - Processing /home/airflow/.local/lib/python3.12/site-packages/airflow/example_dags/example_skip_dag.py took 0.075 seconds
