[2025-01-01T10:09:23.094+0000] {processor.py:186} INFO - Started process (PID=254) to work on /home/airflow/.local/lib/python3.12/site-packages/airflow/example_dags/example_latest_only.py
[2025-01-01T10:09:23.182+0000] {processor.py:914} INFO - Processing file /home/airflow/.local/lib/python3.12/site-packages/airflow/example_dags/example_latest_only.py for tasks to queue
[2025-01-01T10:09:23.338+0000] {logging_mixin.py:190} INFO - [2025-01-01T10:09:23.334+0000] {dagbag.py:588} INFO - Filling up the DagBag from /home/airflow/.local/lib/python3.12/site-packages/airflow/example_dags/example_latest_only.py
[2025-01-01T10:09:23.559+0000] {processor.py:925} INFO - DAG(s) 'latest_only' retrieved from /home/airflow/.local/lib/python3.12/site-packages/airflow/example_dags/example_latest_only.py
[2025-01-01T10:09:25.268+0000] {logging_mixin.py:190} INFO - [2025-01-01T10:09:25.264+0000] {override.py:1911} INFO - Created Permission View: can edit on DAG:latest_only
[2025-01-01T10:09:25.373+0000] {logging_mixin.py:190} INFO - [2025-01-01T10:09:25.371+0000] {override.py:1911} INFO - Created Permission View: can delete on DAG:latest_only
[2025-01-01T10:09:25.433+0000] {logging_mixin.py:190} INFO - [2025-01-01T10:09:25.430+0000] {override.py:1911} INFO - Created Permission View: can read on DAG:latest_only
[2025-01-01T10:09:25.512+0000] {logging_mixin.py:190} INFO - [2025-01-01T10:09:25.510+0000] {override.py:1911} INFO - Created Permission View: can create on DAG Run:latest_only
[2025-01-01T10:09:25.595+0000] {logging_mixin.py:190} INFO - [2025-01-01T10:09:25.592+0000] {override.py:1911} INFO - Created Permission View: menu access on DAG Run:latest_only
[2025-01-01T10:09:25.686+0000] {logging_mixin.py:190} INFO - [2025-01-01T10:09:25.684+0000] {override.py:1911} INFO - Created Permission View: can delete on DAG Run:latest_only
[2025-01-01T10:09:25.769+0000] {logging_mixin.py:190} INFO - [2025-01-01T10:09:25.767+0000] {override.py:1911} INFO - Created Permission View: can read on DAG Run:latest_only
[2025-01-01T10:09:25.784+0000] {logging_mixin.py:190} INFO - [2025-01-01T10:09:25.780+0000] {dag.py:3239} INFO - Sync 1 DAGs
[2025-01-01T10:09:25.927+0000] {logging_mixin.py:190} INFO - [2025-01-01T10:09:25.925+0000] {dag.py:3262} INFO - Creating ORM DAG for latest_only
[2025-01-01T10:09:26.047+0000] {logging_mixin.py:190} INFO - [2025-01-01T10:09:26.044+0000] {dag.py:4180} INFO - Setting next_dagrun for latest_only to 2025-01-01 04:00:00+00:00, run_after=2025-01-01 08:00:00+00:00
[2025-01-01T10:09:26.238+0000] {processor.py:208} INFO - Processing /home/airflow/.local/lib/python3.12/site-packages/airflow/example_dags/example_latest_only.py took 3.267 seconds
[2025-01-01T10:14:51.282+0000] {processor.py:186} INFO - Started process (PID=348) to work on /home/airflow/.local/lib/python3.12/site-packages/airflow/example_dags/example_latest_only.py
[2025-01-01T10:14:51.284+0000] {processor.py:914} INFO - Processing file /home/airflow/.local/lib/python3.12/site-packages/airflow/example_dags/example_latest_only.py for tasks to queue
[2025-01-01T10:14:51.289+0000] {logging_mixin.py:190} INFO - [2025-01-01T10:14:51.288+0000] {dagbag.py:588} INFO - Filling up the DagBag from /home/airflow/.local/lib/python3.12/site-packages/airflow/example_dags/example_latest_only.py
[2025-01-01T10:14:51.299+0000] {processor.py:925} INFO - DAG(s) 'latest_only' retrieved from /home/airflow/.local/lib/python3.12/site-packages/airflow/example_dags/example_latest_only.py
[2025-01-01T10:14:51.331+0000] {logging_mixin.py:190} INFO - [2025-01-01T10:14:51.331+0000] {dag.py:3239} INFO - Sync 1 DAGs
[2025-01-01T10:14:51.372+0000] {logging_mixin.py:190} INFO - [2025-01-01T10:14:51.371+0000] {dag.py:4180} INFO - Setting next_dagrun for latest_only to 2025-01-01 04:00:00+00:00, run_after=2025-01-01 08:00:00+00:00
[2025-01-01T10:14:51.400+0000] {processor.py:208} INFO - Processing /home/airflow/.local/lib/python3.12/site-packages/airflow/example_dags/example_latest_only.py took 0.129 seconds
[2025-01-01T10:15:24.929+0000] {processor.py:186} INFO - Started process (PID=417) to work on /home/airflow/.local/lib/python3.12/site-packages/airflow/example_dags/example_latest_only.py
[2025-01-01T10:15:24.930+0000] {processor.py:914} INFO - Processing file /home/airflow/.local/lib/python3.12/site-packages/airflow/example_dags/example_latest_only.py for tasks to queue
[2025-01-01T10:15:24.933+0000] {logging_mixin.py:190} INFO - [2025-01-01T10:15:24.933+0000] {dagbag.py:588} INFO - Filling up the DagBag from /home/airflow/.local/lib/python3.12/site-packages/airflow/example_dags/example_latest_only.py
[2025-01-01T10:15:24.942+0000] {processor.py:925} INFO - DAG(s) 'latest_only' retrieved from /home/airflow/.local/lib/python3.12/site-packages/airflow/example_dags/example_latest_only.py
[2025-01-01T10:15:24.971+0000] {logging_mixin.py:190} INFO - [2025-01-01T10:15:24.971+0000] {dag.py:3239} INFO - Sync 1 DAGs
[2025-01-01T10:15:25.000+0000] {logging_mixin.py:190} INFO - [2025-01-01T10:15:25.000+0000] {dag.py:4180} INFO - Setting next_dagrun for latest_only to 2025-01-01 04:00:00+00:00, run_after=2025-01-01 08:00:00+00:00
[2025-01-01T10:15:25.030+0000] {processor.py:208} INFO - Processing /home/airflow/.local/lib/python3.12/site-packages/airflow/example_dags/example_latest_only.py took 0.110 seconds
[2025-01-01T10:15:59.015+0000] {processor.py:186} INFO - Started process (PID=480) to work on /home/airflow/.local/lib/python3.12/site-packages/airflow/example_dags/example_latest_only.py
[2025-01-01T10:15:59.017+0000] {processor.py:914} INFO - Processing file /home/airflow/.local/lib/python3.12/site-packages/airflow/example_dags/example_latest_only.py for tasks to queue
[2025-01-01T10:15:59.021+0000] {logging_mixin.py:190} INFO - [2025-01-01T10:15:59.020+0000] {dagbag.py:588} INFO - Filling up the DagBag from /home/airflow/.local/lib/python3.12/site-packages/airflow/example_dags/example_latest_only.py
[2025-01-01T10:15:59.031+0000] {processor.py:925} INFO - DAG(s) 'latest_only' retrieved from /home/airflow/.local/lib/python3.12/site-packages/airflow/example_dags/example_latest_only.py
[2025-01-01T10:15:59.277+0000] {logging_mixin.py:190} INFO - [2025-01-01T10:15:59.277+0000] {dag.py:3239} INFO - Sync 1 DAGs
[2025-01-01T10:15:59.360+0000] {logging_mixin.py:190} INFO - [2025-01-01T10:15:59.360+0000] {dag.py:4180} INFO - Setting next_dagrun for latest_only to 2025-01-01 04:00:00+00:00, run_after=2025-01-01 08:00:00+00:00
[2025-01-01T10:15:59.412+0000] {processor.py:208} INFO - Processing /home/airflow/.local/lib/python3.12/site-packages/airflow/example_dags/example_latest_only.py took 0.406 seconds
[2025-01-01T10:16:30.206+0000] {processor.py:186} INFO - Started process (PID=543) to work on /home/airflow/.local/lib/python3.12/site-packages/airflow/example_dags/example_latest_only.py
[2025-01-01T10:16:30.208+0000] {processor.py:914} INFO - Processing file /home/airflow/.local/lib/python3.12/site-packages/airflow/example_dags/example_latest_only.py for tasks to queue
[2025-01-01T10:16:30.212+0000] {logging_mixin.py:190} INFO - [2025-01-01T10:16:30.211+0000] {dagbag.py:588} INFO - Filling up the DagBag from /home/airflow/.local/lib/python3.12/site-packages/airflow/example_dags/example_latest_only.py
[2025-01-01T10:16:30.224+0000] {processor.py:925} INFO - DAG(s) 'latest_only' retrieved from /home/airflow/.local/lib/python3.12/site-packages/airflow/example_dags/example_latest_only.py
[2025-01-01T10:16:30.258+0000] {logging_mixin.py:190} INFO - [2025-01-01T10:16:30.258+0000] {dag.py:3239} INFO - Sync 1 DAGs
[2025-01-01T10:16:30.294+0000] {logging_mixin.py:190} INFO - [2025-01-01T10:16:30.294+0000] {dag.py:4180} INFO - Setting next_dagrun for latest_only to 2025-01-01 04:00:00+00:00, run_after=2025-01-01 08:00:00+00:00
[2025-01-01T10:16:30.328+0000] {processor.py:208} INFO - Processing /home/airflow/.local/lib/python3.12/site-packages/airflow/example_dags/example_latest_only.py took 0.131 seconds
[2025-01-01T10:17:00.725+0000] {processor.py:186} INFO - Started process (PID=605) to work on /home/airflow/.local/lib/python3.12/site-packages/airflow/example_dags/example_latest_only.py
[2025-01-01T10:17:00.726+0000] {processor.py:914} INFO - Processing file /home/airflow/.local/lib/python3.12/site-packages/airflow/example_dags/example_latest_only.py for tasks to queue
[2025-01-01T10:17:00.730+0000] {logging_mixin.py:190} INFO - [2025-01-01T10:17:00.730+0000] {dagbag.py:588} INFO - Filling up the DagBag from /home/airflow/.local/lib/python3.12/site-packages/airflow/example_dags/example_latest_only.py
[2025-01-01T10:17:00.739+0000] {processor.py:925} INFO - DAG(s) 'latest_only' retrieved from /home/airflow/.local/lib/python3.12/site-packages/airflow/example_dags/example_latest_only.py
[2025-01-01T10:17:00.767+0000] {logging_mixin.py:190} INFO - [2025-01-01T10:17:00.767+0000] {dag.py:3239} INFO - Sync 1 DAGs
[2025-01-01T10:17:00.793+0000] {logging_mixin.py:190} INFO - [2025-01-01T10:17:00.792+0000] {dag.py:4180} INFO - Setting next_dagrun for latest_only to 2025-01-01 04:00:00+00:00, run_after=2025-01-01 08:00:00+00:00
[2025-01-01T10:17:00.818+0000] {processor.py:208} INFO - Processing /home/airflow/.local/lib/python3.12/site-packages/airflow/example_dags/example_latest_only.py took 0.101 seconds
[2025-01-01T10:17:31.105+0000] {processor.py:186} INFO - Started process (PID=668) to work on /home/airflow/.local/lib/python3.12/site-packages/airflow/example_dags/example_latest_only.py
[2025-01-01T10:17:31.107+0000] {processor.py:914} INFO - Processing file /home/airflow/.local/lib/python3.12/site-packages/airflow/example_dags/example_latest_only.py for tasks to queue
[2025-01-01T10:17:31.110+0000] {logging_mixin.py:190} INFO - [2025-01-01T10:17:31.110+0000] {dagbag.py:588} INFO - Filling up the DagBag from /home/airflow/.local/lib/python3.12/site-packages/airflow/example_dags/example_latest_only.py
[2025-01-01T10:17:31.122+0000] {processor.py:925} INFO - DAG(s) 'latest_only' retrieved from /home/airflow/.local/lib/python3.12/site-packages/airflow/example_dags/example_latest_only.py
[2025-01-01T10:17:31.153+0000] {logging_mixin.py:190} INFO - [2025-01-01T10:17:31.152+0000] {dag.py:3239} INFO - Sync 1 DAGs
[2025-01-01T10:17:31.184+0000] {logging_mixin.py:190} INFO - [2025-01-01T10:17:31.184+0000] {dag.py:4180} INFO - Setting next_dagrun for latest_only to 2025-01-01 04:00:00+00:00, run_after=2025-01-01 08:00:00+00:00
[2025-01-01T10:17:31.218+0000] {processor.py:208} INFO - Processing /home/airflow/.local/lib/python3.12/site-packages/airflow/example_dags/example_latest_only.py took 0.121 seconds
[2025-01-01T10:18:14.352+0000] {processor.py:186} INFO - Started process (PID=732) to work on /home/airflow/.local/lib/python3.12/site-packages/airflow/example_dags/example_latest_only.py
[2025-01-01T10:18:14.356+0000] {processor.py:914} INFO - Processing file /home/airflow/.local/lib/python3.12/site-packages/airflow/example_dags/example_latest_only.py for tasks to queue
[2025-01-01T10:18:14.364+0000] {logging_mixin.py:190} INFO - [2025-01-01T10:18:14.362+0000] {dagbag.py:588} INFO - Filling up the DagBag from /home/airflow/.local/lib/python3.12/site-packages/airflow/example_dags/example_latest_only.py
[2025-01-01T10:18:14.391+0000] {processor.py:925} INFO - DAG(s) 'latest_only' retrieved from /home/airflow/.local/lib/python3.12/site-packages/airflow/example_dags/example_latest_only.py
[2025-01-01T10:18:14.457+0000] {logging_mixin.py:190} INFO - [2025-01-01T10:18:14.456+0000] {dag.py:3239} INFO - Sync 1 DAGs
[2025-01-01T10:18:14.532+0000] {logging_mixin.py:190} INFO - [2025-01-01T10:18:14.531+0000] {dag.py:4180} INFO - Setting next_dagrun for latest_only to 2025-01-01 04:00:00+00:00, run_after=2025-01-01 08:00:00+00:00
[2025-01-01T10:18:14.600+0000] {processor.py:208} INFO - Processing /home/airflow/.local/lib/python3.12/site-packages/airflow/example_dags/example_latest_only.py took 0.272 seconds
[2025-01-01T10:18:49.472+0000] {processor.py:186} INFO - Started process (PID=794) to work on /home/airflow/.local/lib/python3.12/site-packages/airflow/example_dags/example_latest_only.py
[2025-01-01T10:18:49.482+0000] {processor.py:914} INFO - Processing file /home/airflow/.local/lib/python3.12/site-packages/airflow/example_dags/example_latest_only.py for tasks to queue
[2025-01-01T10:18:49.505+0000] {logging_mixin.py:190} INFO - [2025-01-01T10:18:49.501+0000] {dagbag.py:588} INFO - Filling up the DagBag from /home/airflow/.local/lib/python3.12/site-packages/airflow/example_dags/example_latest_only.py
[2025-01-01T10:18:49.566+0000] {processor.py:925} INFO - DAG(s) 'latest_only' retrieved from /home/airflow/.local/lib/python3.12/site-packages/airflow/example_dags/example_latest_only.py
[2025-01-01T10:18:49.744+0000] {logging_mixin.py:190} INFO - [2025-01-01T10:18:49.743+0000] {dag.py:3239} INFO - Sync 1 DAGs
[2025-01-01T10:18:49.991+0000] {logging_mixin.py:190} INFO - [2025-01-01T10:18:49.990+0000] {dag.py:4180} INFO - Setting next_dagrun for latest_only to 2025-01-01 04:00:00+00:00, run_after=2025-01-01 08:00:00+00:00
[2025-01-01T10:18:50.122+0000] {processor.py:208} INFO - Processing /home/airflow/.local/lib/python3.12/site-packages/airflow/example_dags/example_latest_only.py took 0.714 seconds
[2025-01-01T10:19:34.768+0000] {processor.py:186} INFO - Started process (PID=873) to work on /home/airflow/.local/lib/python3.12/site-packages/airflow/example_dags/example_latest_only.py
[2025-01-01T10:19:34.771+0000] {processor.py:914} INFO - Processing file /home/airflow/.local/lib/python3.12/site-packages/airflow/example_dags/example_latest_only.py for tasks to queue
[2025-01-01T10:19:34.781+0000] {logging_mixin.py:190} INFO - [2025-01-01T10:19:34.780+0000] {dagbag.py:588} INFO - Filling up the DagBag from /home/airflow/.local/lib/python3.12/site-packages/airflow/example_dags/example_latest_only.py
[2025-01-01T10:19:34.810+0000] {processor.py:925} INFO - DAG(s) 'latest_only' retrieved from /home/airflow/.local/lib/python3.12/site-packages/airflow/example_dags/example_latest_only.py
[2025-01-01T10:19:34.884+0000] {logging_mixin.py:190} INFO - [2025-01-01T10:19:34.883+0000] {dag.py:3239} INFO - Sync 1 DAGs
[2025-01-01T10:19:34.965+0000] {logging_mixin.py:190} INFO - [2025-01-01T10:19:34.965+0000] {dag.py:4180} INFO - Setting next_dagrun for latest_only to 2025-01-01 04:00:00+00:00, run_after=2025-01-01 08:00:00+00:00
[2025-01-01T10:19:35.025+0000] {processor.py:208} INFO - Processing /home/airflow/.local/lib/python3.12/site-packages/airflow/example_dags/example_latest_only.py took 0.279 seconds
[2025-01-01T10:20:06.122+0000] {processor.py:186} INFO - Started process (PID=935) to work on /home/airflow/.local/lib/python3.12/site-packages/airflow/example_dags/example_latest_only.py
[2025-01-01T10:20:06.124+0000] {processor.py:914} INFO - Processing file /home/airflow/.local/lib/python3.12/site-packages/airflow/example_dags/example_latest_only.py for tasks to queue
[2025-01-01T10:20:06.127+0000] {logging_mixin.py:190} INFO - [2025-01-01T10:20:06.127+0000] {dagbag.py:588} INFO - Filling up the DagBag from /home/airflow/.local/lib/python3.12/site-packages/airflow/example_dags/example_latest_only.py
[2025-01-01T10:20:06.137+0000] {processor.py:925} INFO - DAG(s) 'latest_only' retrieved from /home/airflow/.local/lib/python3.12/site-packages/airflow/example_dags/example_latest_only.py
[2025-01-01T10:20:06.165+0000] {logging_mixin.py:190} INFO - [2025-01-01T10:20:06.164+0000] {dag.py:3239} INFO - Sync 1 DAGs
[2025-01-01T10:20:06.197+0000] {logging_mixin.py:190} INFO - [2025-01-01T10:20:06.196+0000] {dag.py:4180} INFO - Setting next_dagrun for latest_only to 2025-01-01 04:00:00+00:00, run_after=2025-01-01 08:00:00+00:00
[2025-01-01T10:20:06.225+0000] {processor.py:208} INFO - Processing /home/airflow/.local/lib/python3.12/site-packages/airflow/example_dags/example_latest_only.py took 0.112 seconds
[2025-01-01T10:20:36.831+0000] {processor.py:186} INFO - Started process (PID=998) to work on /home/airflow/.local/lib/python3.12/site-packages/airflow/example_dags/example_latest_only.py
[2025-01-01T10:20:36.832+0000] {processor.py:914} INFO - Processing file /home/airflow/.local/lib/python3.12/site-packages/airflow/example_dags/example_latest_only.py for tasks to queue
[2025-01-01T10:20:36.835+0000] {logging_mixin.py:190} INFO - [2025-01-01T10:20:36.835+0000] {dagbag.py:588} INFO - Filling up the DagBag from /home/airflow/.local/lib/python3.12/site-packages/airflow/example_dags/example_latest_only.py
[2025-01-01T10:20:36.844+0000] {processor.py:925} INFO - DAG(s) 'latest_only' retrieved from /home/airflow/.local/lib/python3.12/site-packages/airflow/example_dags/example_latest_only.py
[2025-01-01T10:20:36.874+0000] {logging_mixin.py:190} INFO - [2025-01-01T10:20:36.873+0000] {dag.py:3239} INFO - Sync 1 DAGs
[2025-01-01T10:20:36.907+0000] {logging_mixin.py:190} INFO - [2025-01-01T10:20:36.907+0000] {dag.py:4180} INFO - Setting next_dagrun for latest_only to 2025-01-01 04:00:00+00:00, run_after=2025-01-01 08:00:00+00:00
[2025-01-01T10:20:36.940+0000] {processor.py:208} INFO - Processing /home/airflow/.local/lib/python3.12/site-packages/airflow/example_dags/example_latest_only.py took 0.117 seconds
[2025-01-01T10:21:07.493+0000] {processor.py:186} INFO - Started process (PID=1061) to work on /home/airflow/.local/lib/python3.12/site-packages/airflow/example_dags/example_latest_only.py
[2025-01-01T10:21:07.496+0000] {processor.py:914} INFO - Processing file /home/airflow/.local/lib/python3.12/site-packages/airflow/example_dags/example_latest_only.py for tasks to queue
[2025-01-01T10:21:07.500+0000] {logging_mixin.py:190} INFO - [2025-01-01T10:21:07.500+0000] {dagbag.py:588} INFO - Filling up the DagBag from /home/airflow/.local/lib/python3.12/site-packages/airflow/example_dags/example_latest_only.py
[2025-01-01T10:21:07.510+0000] {processor.py:925} INFO - DAG(s) 'latest_only' retrieved from /home/airflow/.local/lib/python3.12/site-packages/airflow/example_dags/example_latest_only.py
[2025-01-01T10:21:07.541+0000] {logging_mixin.py:190} INFO - [2025-01-01T10:21:07.540+0000] {dag.py:3239} INFO - Sync 1 DAGs
[2025-01-01T10:21:07.574+0000] {logging_mixin.py:190} INFO - [2025-01-01T10:21:07.573+0000] {dag.py:4180} INFO - Setting next_dagrun for latest_only to 2025-01-01 04:00:00+00:00, run_after=2025-01-01 08:00:00+00:00
[2025-01-01T10:21:07.605+0000] {processor.py:208} INFO - Processing /home/airflow/.local/lib/python3.12/site-packages/airflow/example_dags/example_latest_only.py took 0.121 seconds
[2025-01-01T10:21:38.120+0000] {processor.py:186} INFO - Started process (PID=1125) to work on /home/airflow/.local/lib/python3.12/site-packages/airflow/example_dags/example_latest_only.py
[2025-01-01T10:21:38.122+0000] {processor.py:914} INFO - Processing file /home/airflow/.local/lib/python3.12/site-packages/airflow/example_dags/example_latest_only.py for tasks to queue
[2025-01-01T10:21:38.129+0000] {logging_mixin.py:190} INFO - [2025-01-01T10:21:38.128+0000] {dagbag.py:588} INFO - Filling up the DagBag from /home/airflow/.local/lib/python3.12/site-packages/airflow/example_dags/example_latest_only.py
[2025-01-01T10:21:38.147+0000] {processor.py:925} INFO - DAG(s) 'latest_only' retrieved from /home/airflow/.local/lib/python3.12/site-packages/airflow/example_dags/example_latest_only.py
[2025-01-01T10:21:38.188+0000] {logging_mixin.py:190} INFO - [2025-01-01T10:21:38.188+0000] {dag.py:3239} INFO - Sync 1 DAGs
[2025-01-01T10:21:38.239+0000] {logging_mixin.py:190} INFO - [2025-01-01T10:21:38.238+0000] {dag.py:4180} INFO - Setting next_dagrun for latest_only to 2025-01-01 04:00:00+00:00, run_after=2025-01-01 08:00:00+00:00
[2025-01-01T10:21:38.281+0000] {processor.py:208} INFO - Processing /home/airflow/.local/lib/python3.12/site-packages/airflow/example_dags/example_latest_only.py took 0.175 seconds
[2025-01-01T10:22:09.117+0000] {processor.py:186} INFO - Started process (PID=1188) to work on /home/airflow/.local/lib/python3.12/site-packages/airflow/example_dags/example_latest_only.py
[2025-01-01T10:22:09.119+0000] {processor.py:914} INFO - Processing file /home/airflow/.local/lib/python3.12/site-packages/airflow/example_dags/example_latest_only.py for tasks to queue
[2025-01-01T10:22:09.122+0000] {logging_mixin.py:190} INFO - [2025-01-01T10:22:09.122+0000] {dagbag.py:588} INFO - Filling up the DagBag from /home/airflow/.local/lib/python3.12/site-packages/airflow/example_dags/example_latest_only.py
[2025-01-01T10:22:09.136+0000] {processor.py:925} INFO - DAG(s) 'latest_only' retrieved from /home/airflow/.local/lib/python3.12/site-packages/airflow/example_dags/example_latest_only.py
[2025-01-01T10:22:09.172+0000] {logging_mixin.py:190} INFO - [2025-01-01T10:22:09.171+0000] {dag.py:3239} INFO - Sync 1 DAGs
[2025-01-01T10:22:09.213+0000] {logging_mixin.py:190} INFO - [2025-01-01T10:22:09.212+0000] {dag.py:4180} INFO - Setting next_dagrun for latest_only to 2025-01-01 04:00:00+00:00, run_after=2025-01-01 08:00:00+00:00
[2025-01-01T10:22:09.249+0000] {processor.py:208} INFO - Processing /home/airflow/.local/lib/python3.12/site-packages/airflow/example_dags/example_latest_only.py took 0.144 seconds
[2025-01-01T10:22:39.927+0000] {processor.py:186} INFO - Started process (PID=1251) to work on /home/airflow/.local/lib/python3.12/site-packages/airflow/example_dags/example_latest_only.py
[2025-01-01T10:22:39.930+0000] {processor.py:914} INFO - Processing file /home/airflow/.local/lib/python3.12/site-packages/airflow/example_dags/example_latest_only.py for tasks to queue
[2025-01-01T10:22:39.936+0000] {logging_mixin.py:190} INFO - [2025-01-01T10:22:39.935+0000] {dagbag.py:588} INFO - Filling up the DagBag from /home/airflow/.local/lib/python3.12/site-packages/airflow/example_dags/example_latest_only.py
[2025-01-01T10:22:39.950+0000] {processor.py:925} INFO - DAG(s) 'latest_only' retrieved from /home/airflow/.local/lib/python3.12/site-packages/airflow/example_dags/example_latest_only.py
[2025-01-01T10:22:39.992+0000] {logging_mixin.py:190} INFO - [2025-01-01T10:22:39.991+0000] {dag.py:3239} INFO - Sync 1 DAGs
[2025-01-01T10:22:40.058+0000] {logging_mixin.py:190} INFO - [2025-01-01T10:22:40.052+0000] {dag.py:4180} INFO - Setting next_dagrun for latest_only to 2025-01-01 04:00:00+00:00, run_after=2025-01-01 08:00:00+00:00
[2025-01-01T10:22:40.123+0000] {processor.py:208} INFO - Processing /home/airflow/.local/lib/python3.12/site-packages/airflow/example_dags/example_latest_only.py took 0.210 seconds
[2025-01-01T10:23:10.257+0000] {processor.py:186} INFO - Started process (PID=1314) to work on /home/airflow/.local/lib/python3.12/site-packages/airflow/example_dags/example_latest_only.py
[2025-01-01T10:23:10.258+0000] {processor.py:914} INFO - Processing file /home/airflow/.local/lib/python3.12/site-packages/airflow/example_dags/example_latest_only.py for tasks to queue
[2025-01-01T10:23:10.262+0000] {logging_mixin.py:190} INFO - [2025-01-01T10:23:10.262+0000] {dagbag.py:588} INFO - Filling up the DagBag from /home/airflow/.local/lib/python3.12/site-packages/airflow/example_dags/example_latest_only.py
[2025-01-01T10:23:10.278+0000] {processor.py:925} INFO - DAG(s) 'latest_only' retrieved from /home/airflow/.local/lib/python3.12/site-packages/airflow/example_dags/example_latest_only.py
[2025-01-01T10:23:10.323+0000] {logging_mixin.py:190} INFO - [2025-01-01T10:23:10.323+0000] {dag.py:3239} INFO - Sync 1 DAGs
[2025-01-01T10:23:10.361+0000] {logging_mixin.py:190} INFO - [2025-01-01T10:23:10.360+0000] {dag.py:4180} INFO - Setting next_dagrun for latest_only to 2025-01-01 04:00:00+00:00, run_after=2025-01-01 08:00:00+00:00
[2025-01-01T10:23:10.425+0000] {processor.py:208} INFO - Processing /home/airflow/.local/lib/python3.12/site-packages/airflow/example_dags/example_latest_only.py took 0.174 seconds
[2025-01-01T10:23:41.472+0000] {processor.py:186} INFO - Started process (PID=1376) to work on /home/airflow/.local/lib/python3.12/site-packages/airflow/example_dags/example_latest_only.py
[2025-01-01T10:23:41.476+0000] {processor.py:914} INFO - Processing file /home/airflow/.local/lib/python3.12/site-packages/airflow/example_dags/example_latest_only.py for tasks to queue
[2025-01-01T10:23:41.488+0000] {logging_mixin.py:190} INFO - [2025-01-01T10:23:41.486+0000] {dagbag.py:588} INFO - Filling up the DagBag from /home/airflow/.local/lib/python3.12/site-packages/airflow/example_dags/example_latest_only.py
[2025-01-01T10:23:41.519+0000] {processor.py:925} INFO - DAG(s) 'latest_only' retrieved from /home/airflow/.local/lib/python3.12/site-packages/airflow/example_dags/example_latest_only.py
[2025-01-01T10:23:41.595+0000] {logging_mixin.py:190} INFO - [2025-01-01T10:23:41.594+0000] {dag.py:3239} INFO - Sync 1 DAGs
[2025-01-01T10:23:41.714+0000] {logging_mixin.py:190} INFO - [2025-01-01T10:23:41.713+0000] {dag.py:4180} INFO - Setting next_dagrun for latest_only to 2025-01-01 04:00:00+00:00, run_after=2025-01-01 08:00:00+00:00
[2025-01-01T10:23:41.812+0000] {processor.py:208} INFO - Processing /home/airflow/.local/lib/python3.12/site-packages/airflow/example_dags/example_latest_only.py took 0.367 seconds
[2025-01-01T10:24:17.387+0000] {processor.py:186} INFO - Started process (PID=1439) to work on /home/airflow/.local/lib/python3.12/site-packages/airflow/example_dags/example_latest_only.py
[2025-01-01T10:24:17.395+0000] {processor.py:914} INFO - Processing file /home/airflow/.local/lib/python3.12/site-packages/airflow/example_dags/example_latest_only.py for tasks to queue
[2025-01-01T10:24:17.410+0000] {logging_mixin.py:190} INFO - [2025-01-01T10:24:17.408+0000] {dagbag.py:588} INFO - Filling up the DagBag from /home/airflow/.local/lib/python3.12/site-packages/airflow/example_dags/example_latest_only.py
[2025-01-01T10:24:17.451+0000] {processor.py:925} INFO - DAG(s) 'latest_only' retrieved from /home/airflow/.local/lib/python3.12/site-packages/airflow/example_dags/example_latest_only.py
[2025-01-01T10:24:17.539+0000] {logging_mixin.py:190} INFO - [2025-01-01T10:24:17.537+0000] {dag.py:3239} INFO - Sync 1 DAGs
[2025-01-01T10:24:17.633+0000] {logging_mixin.py:190} INFO - [2025-01-01T10:24:17.633+0000] {dag.py:4180} INFO - Setting next_dagrun for latest_only to 2025-01-01 04:00:00+00:00, run_after=2025-01-01 08:00:00+00:00
[2025-01-01T10:24:17.700+0000] {processor.py:208} INFO - Processing /home/airflow/.local/lib/python3.12/site-packages/airflow/example_dags/example_latest_only.py took 0.356 seconds
[2025-01-01T10:25:20.483+0000] {processor.py:186} INFO - Started process (PID=1527) to work on /home/airflow/.local/lib/python3.12/site-packages/airflow/example_dags/example_latest_only.py
[2025-01-01T10:25:20.496+0000] {processor.py:914} INFO - Processing file /home/airflow/.local/lib/python3.12/site-packages/airflow/example_dags/example_latest_only.py for tasks to queue
[2025-01-01T10:25:20.531+0000] {logging_mixin.py:190} INFO - [2025-01-01T10:25:20.523+0000] {dagbag.py:588} INFO - Filling up the DagBag from /home/airflow/.local/lib/python3.12/site-packages/airflow/example_dags/example_latest_only.py
[2025-01-01T10:25:20.723+0000] {processor.py:925} INFO - DAG(s) 'latest_only' retrieved from /home/airflow/.local/lib/python3.12/site-packages/airflow/example_dags/example_latest_only.py
[2025-01-01T10:25:20.969+0000] {logging_mixin.py:190} INFO - [2025-01-01T10:25:20.958+0000] {dag.py:3239} INFO - Sync 1 DAGs
[2025-01-01T10:25:21.260+0000] {logging_mixin.py:190} INFO - [2025-01-01T10:25:21.256+0000] {dag.py:4180} INFO - Setting next_dagrun for latest_only to 2025-01-01 04:00:00+00:00, run_after=2025-01-01 08:00:00+00:00
[2025-01-01T10:25:21.459+0000] {processor.py:208} INFO - Processing /home/airflow/.local/lib/python3.12/site-packages/airflow/example_dags/example_latest_only.py took 1.091 seconds
[2025-01-01T10:26:02.327+0000] {processor.py:186} INFO - Started process (PID=1595) to work on /home/airflow/.local/lib/python3.12/site-packages/airflow/example_dags/example_latest_only.py
[2025-01-01T10:26:02.331+0000] {processor.py:914} INFO - Processing file /home/airflow/.local/lib/python3.12/site-packages/airflow/example_dags/example_latest_only.py for tasks to queue
[2025-01-01T10:26:02.341+0000] {logging_mixin.py:190} INFO - [2025-01-01T10:26:02.339+0000] {dagbag.py:588} INFO - Filling up the DagBag from /home/airflow/.local/lib/python3.12/site-packages/airflow/example_dags/example_latest_only.py
[2025-01-01T10:26:02.367+0000] {processor.py:925} INFO - DAG(s) 'latest_only' retrieved from /home/airflow/.local/lib/python3.12/site-packages/airflow/example_dags/example_latest_only.py
[2025-01-01T10:26:02.435+0000] {logging_mixin.py:190} INFO - [2025-01-01T10:26:02.434+0000] {dag.py:3239} INFO - Sync 1 DAGs
[2025-01-01T10:26:02.515+0000] {logging_mixin.py:190} INFO - [2025-01-01T10:26:02.515+0000] {dag.py:4180} INFO - Setting next_dagrun for latest_only to 2025-01-01 04:00:00+00:00, run_after=2025-01-01 08:00:00+00:00
[2025-01-01T10:26:02.635+0000] {processor.py:208} INFO - Processing /home/airflow/.local/lib/python3.12/site-packages/airflow/example_dags/example_latest_only.py took 0.330 seconds
[2025-01-01T10:26:33.571+0000] {processor.py:186} INFO - Started process (PID=1659) to work on /home/airflow/.local/lib/python3.12/site-packages/airflow/example_dags/example_latest_only.py
[2025-01-01T10:26:33.574+0000] {processor.py:914} INFO - Processing file /home/airflow/.local/lib/python3.12/site-packages/airflow/example_dags/example_latest_only.py for tasks to queue
[2025-01-01T10:26:33.582+0000] {logging_mixin.py:190} INFO - [2025-01-01T10:26:33.581+0000] {dagbag.py:588} INFO - Filling up the DagBag from /home/airflow/.local/lib/python3.12/site-packages/airflow/example_dags/example_latest_only.py
[2025-01-01T10:26:33.616+0000] {processor.py:925} INFO - DAG(s) 'latest_only' retrieved from /home/airflow/.local/lib/python3.12/site-packages/airflow/example_dags/example_latest_only.py
[2025-01-01T10:26:33.690+0000] {logging_mixin.py:190} INFO - [2025-01-01T10:26:33.689+0000] {dag.py:3239} INFO - Sync 1 DAGs
[2025-01-01T10:26:33.782+0000] {logging_mixin.py:190} INFO - [2025-01-01T10:26:33.782+0000] {dag.py:4180} INFO - Setting next_dagrun for latest_only to 2025-01-01 04:00:00+00:00, run_after=2025-01-01 08:00:00+00:00
[2025-01-01T10:26:33.870+0000] {processor.py:208} INFO - Processing /home/airflow/.local/lib/python3.12/site-packages/airflow/example_dags/example_latest_only.py took 0.326 seconds
[2025-01-01T10:27:04.123+0000] {processor.py:186} INFO - Started process (PID=1721) to work on /home/airflow/.local/lib/python3.12/site-packages/airflow/example_dags/example_latest_only.py
[2025-01-01T10:27:04.125+0000] {processor.py:914} INFO - Processing file /home/airflow/.local/lib/python3.12/site-packages/airflow/example_dags/example_latest_only.py for tasks to queue
[2025-01-01T10:27:04.129+0000] {logging_mixin.py:190} INFO - [2025-01-01T10:27:04.128+0000] {dagbag.py:588} INFO - Filling up the DagBag from /home/airflow/.local/lib/python3.12/site-packages/airflow/example_dags/example_latest_only.py
[2025-01-01T10:27:04.151+0000] {processor.py:925} INFO - DAG(s) 'latest_only' retrieved from /home/airflow/.local/lib/python3.12/site-packages/airflow/example_dags/example_latest_only.py
[2025-01-01T10:27:04.178+0000] {logging_mixin.py:190} INFO - [2025-01-01T10:27:04.178+0000] {dag.py:3239} INFO - Sync 1 DAGs
[2025-01-01T10:27:04.210+0000] {logging_mixin.py:190} INFO - [2025-01-01T10:27:04.210+0000] {dag.py:4180} INFO - Setting next_dagrun for latest_only to 2025-01-01 04:00:00+00:00, run_after=2025-01-01 08:00:00+00:00
[2025-01-01T10:27:04.236+0000] {processor.py:208} INFO - Processing /home/airflow/.local/lib/python3.12/site-packages/airflow/example_dags/example_latest_only.py took 0.123 seconds
[2025-01-01T10:27:34.486+0000] {processor.py:186} INFO - Started process (PID=1784) to work on /home/airflow/.local/lib/python3.12/site-packages/airflow/example_dags/example_latest_only.py
[2025-01-01T10:27:34.489+0000] {processor.py:914} INFO - Processing file /home/airflow/.local/lib/python3.12/site-packages/airflow/example_dags/example_latest_only.py for tasks to queue
[2025-01-01T10:27:34.493+0000] {logging_mixin.py:190} INFO - [2025-01-01T10:27:34.493+0000] {dagbag.py:588} INFO - Filling up the DagBag from /home/airflow/.local/lib/python3.12/site-packages/airflow/example_dags/example_latest_only.py
[2025-01-01T10:27:34.507+0000] {processor.py:925} INFO - DAG(s) 'latest_only' retrieved from /home/airflow/.local/lib/python3.12/site-packages/airflow/example_dags/example_latest_only.py
[2025-01-01T10:27:34.543+0000] {logging_mixin.py:190} INFO - [2025-01-01T10:27:34.543+0000] {dag.py:3239} INFO - Sync 1 DAGs
[2025-01-01T10:27:34.582+0000] {logging_mixin.py:190} INFO - [2025-01-01T10:27:34.582+0000] {dag.py:4180} INFO - Setting next_dagrun for latest_only to 2025-01-01 04:00:00+00:00, run_after=2025-01-01 08:00:00+00:00
[2025-01-01T10:27:34.620+0000] {processor.py:208} INFO - Processing /home/airflow/.local/lib/python3.12/site-packages/airflow/example_dags/example_latest_only.py took 0.144 seconds
[2025-01-01T10:28:07.592+0000] {processor.py:186} INFO - Started process (PID=1847) to work on /home/airflow/.local/lib/python3.12/site-packages/airflow/example_dags/example_latest_only.py
[2025-01-01T10:28:07.597+0000] {processor.py:914} INFO - Processing file /home/airflow/.local/lib/python3.12/site-packages/airflow/example_dags/example_latest_only.py for tasks to queue
[2025-01-01T10:28:07.611+0000] {logging_mixin.py:190} INFO - [2025-01-01T10:28:07.609+0000] {dagbag.py:588} INFO - Filling up the DagBag from /home/airflow/.local/lib/python3.12/site-packages/airflow/example_dags/example_latest_only.py
[2025-01-01T10:28:07.645+0000] {processor.py:925} INFO - DAG(s) 'latest_only' retrieved from /home/airflow/.local/lib/python3.12/site-packages/airflow/example_dags/example_latest_only.py
[2025-01-01T10:28:07.757+0000] {logging_mixin.py:190} INFO - [2025-01-01T10:28:07.755+0000] {dag.py:3239} INFO - Sync 1 DAGs
[2025-01-01T10:28:07.914+0000] {logging_mixin.py:190} INFO - [2025-01-01T10:28:07.913+0000] {dag.py:4180} INFO - Setting next_dagrun for latest_only to 2025-01-01 04:00:00+00:00, run_after=2025-01-01 08:00:00+00:00
[2025-01-01T10:28:08.027+0000] {processor.py:208} INFO - Processing /home/airflow/.local/lib/python3.12/site-packages/airflow/example_dags/example_latest_only.py took 0.465 seconds
[2025-01-01T10:28:47.046+0000] {processor.py:186} INFO - Started process (PID=1911) to work on /home/airflow/.local/lib/python3.12/site-packages/airflow/example_dags/example_latest_only.py
[2025-01-01T10:28:47.051+0000] {processor.py:914} INFO - Processing file /home/airflow/.local/lib/python3.12/site-packages/airflow/example_dags/example_latest_only.py for tasks to queue
[2025-01-01T10:28:47.083+0000] {logging_mixin.py:190} INFO - [2025-01-01T10:28:47.080+0000] {dagbag.py:588} INFO - Filling up the DagBag from /home/airflow/.local/lib/python3.12/site-packages/airflow/example_dags/example_latest_only.py
[2025-01-01T10:28:47.163+0000] {processor.py:925} INFO - DAG(s) 'latest_only' retrieved from /home/airflow/.local/lib/python3.12/site-packages/airflow/example_dags/example_latest_only.py
[2025-01-01T10:28:47.380+0000] {logging_mixin.py:190} INFO - [2025-01-01T10:28:47.377+0000] {dag.py:3239} INFO - Sync 1 DAGs
[2025-01-01T10:28:47.621+0000] {logging_mixin.py:190} INFO - [2025-01-01T10:28:47.619+0000] {dag.py:4180} INFO - Setting next_dagrun for latest_only to 2025-01-01 04:00:00+00:00, run_after=2025-01-01 08:00:00+00:00
[2025-01-01T10:28:47.806+0000] {processor.py:208} INFO - Processing /home/airflow/.local/lib/python3.12/site-packages/airflow/example_dags/example_latest_only.py took 0.819 seconds
[2025-01-01T10:29:32.384+0000] {processor.py:186} INFO - Started process (PID=1988) to work on /home/airflow/.local/lib/python3.12/site-packages/airflow/example_dags/example_latest_only.py
[2025-01-01T10:29:32.388+0000] {processor.py:914} INFO - Processing file /home/airflow/.local/lib/python3.12/site-packages/airflow/example_dags/example_latest_only.py for tasks to queue
[2025-01-01T10:29:32.397+0000] {logging_mixin.py:190} INFO - [2025-01-01T10:29:32.395+0000] {dagbag.py:588} INFO - Filling up the DagBag from /home/airflow/.local/lib/python3.12/site-packages/airflow/example_dags/example_latest_only.py
[2025-01-01T10:29:32.424+0000] {processor.py:925} INFO - DAG(s) 'latest_only' retrieved from /home/airflow/.local/lib/python3.12/site-packages/airflow/example_dags/example_latest_only.py
[2025-01-01T10:29:32.482+0000] {logging_mixin.py:190} INFO - [2025-01-01T10:29:32.481+0000] {dag.py:3239} INFO - Sync 1 DAGs
[2025-01-01T10:29:32.553+0000] {logging_mixin.py:190} INFO - [2025-01-01T10:29:32.553+0000] {dag.py:4180} INFO - Setting next_dagrun for latest_only to 2025-01-01 04:00:00+00:00, run_after=2025-01-01 08:00:00+00:00
[2025-01-01T10:29:32.620+0000] {processor.py:208} INFO - Processing /home/airflow/.local/lib/python3.12/site-packages/airflow/example_dags/example_latest_only.py took 0.255 seconds
[2025-01-01T10:30:16.217+0000] {processor.py:186} INFO - Started process (PID=2055) to work on /home/airflow/.local/lib/python3.12/site-packages/airflow/example_dags/example_latest_only.py
[2025-01-01T10:30:16.223+0000] {processor.py:914} INFO - Processing file /home/airflow/.local/lib/python3.12/site-packages/airflow/example_dags/example_latest_only.py for tasks to queue
[2025-01-01T10:30:16.252+0000] {logging_mixin.py:190} INFO - [2025-01-01T10:30:16.244+0000] {dagbag.py:588} INFO - Filling up the DagBag from /home/airflow/.local/lib/python3.12/site-packages/airflow/example_dags/example_latest_only.py
[2025-01-01T10:30:16.373+0000] {processor.py:925} INFO - DAG(s) 'latest_only' retrieved from /home/airflow/.local/lib/python3.12/site-packages/airflow/example_dags/example_latest_only.py
[2025-01-01T10:30:16.601+0000] {logging_mixin.py:190} INFO - [2025-01-01T10:30:16.600+0000] {dag.py:3239} INFO - Sync 1 DAGs
[2025-01-01T10:30:16.927+0000] {logging_mixin.py:190} INFO - [2025-01-01T10:30:16.926+0000] {dag.py:4180} INFO - Setting next_dagrun for latest_only to 2025-01-01 04:00:00+00:00, run_after=2025-01-01 08:00:00+00:00
[2025-01-01T10:30:17.081+0000] {processor.py:208} INFO - Processing /home/airflow/.local/lib/python3.12/site-packages/airflow/example_dags/example_latest_only.py took 0.921 seconds
[2025-01-01T10:30:50.634+0000] {processor.py:186} INFO - Started process (PID=2123) to work on /home/airflow/.local/lib/python3.12/site-packages/airflow/example_dags/example_latest_only.py
[2025-01-01T10:30:50.637+0000] {processor.py:914} INFO - Processing file /home/airflow/.local/lib/python3.12/site-packages/airflow/example_dags/example_latest_only.py for tasks to queue
[2025-01-01T10:30:50.644+0000] {logging_mixin.py:190} INFO - [2025-01-01T10:30:50.643+0000] {dagbag.py:588} INFO - Filling up the DagBag from /home/airflow/.local/lib/python3.12/site-packages/airflow/example_dags/example_latest_only.py
[2025-01-01T10:30:50.668+0000] {processor.py:925} INFO - DAG(s) 'latest_only' retrieved from /home/airflow/.local/lib/python3.12/site-packages/airflow/example_dags/example_latest_only.py
[2025-01-01T10:30:50.725+0000] {logging_mixin.py:190} INFO - [2025-01-01T10:30:50.725+0000] {dag.py:3239} INFO - Sync 1 DAGs
[2025-01-01T10:30:50.786+0000] {logging_mixin.py:190} INFO - [2025-01-01T10:30:50.786+0000] {dag.py:4180} INFO - Setting next_dagrun for latest_only to 2025-01-01 04:00:00+00:00, run_after=2025-01-01 08:00:00+00:00
[2025-01-01T10:30:50.887+0000] {processor.py:208} INFO - Processing /home/airflow/.local/lib/python3.12/site-packages/airflow/example_dags/example_latest_only.py took 0.271 seconds
[2025-01-01T10:31:35.172+0000] {processor.py:186} INFO - Started process (PID=2197) to work on /home/airflow/.local/lib/python3.12/site-packages/airflow/example_dags/example_latest_only.py
[2025-01-01T10:31:35.177+0000] {processor.py:914} INFO - Processing file /home/airflow/.local/lib/python3.12/site-packages/airflow/example_dags/example_latest_only.py for tasks to queue
[2025-01-01T10:31:35.193+0000] {logging_mixin.py:190} INFO - [2025-01-01T10:31:35.191+0000] {dagbag.py:588} INFO - Filling up the DagBag from /home/airflow/.local/lib/python3.12/site-packages/airflow/example_dags/example_latest_only.py
[2025-01-01T10:31:35.270+0000] {processor.py:925} INFO - DAG(s) 'latest_only' retrieved from /home/airflow/.local/lib/python3.12/site-packages/airflow/example_dags/example_latest_only.py
[2025-01-01T10:31:35.480+0000] {logging_mixin.py:190} INFO - [2025-01-01T10:31:35.478+0000] {dag.py:3239} INFO - Sync 1 DAGs
[2025-01-01T10:31:35.745+0000] {logging_mixin.py:190} INFO - [2025-01-01T10:31:35.743+0000] {dag.py:4180} INFO - Setting next_dagrun for latest_only to 2025-01-01 04:00:00+00:00, run_after=2025-01-01 08:00:00+00:00
[2025-01-01T10:31:35.838+0000] {processor.py:208} INFO - Processing /home/airflow/.local/lib/python3.12/site-packages/airflow/example_dags/example_latest_only.py took 0.703 seconds
[2025-01-01T10:32:06.884+0000] {processor.py:186} INFO - Started process (PID=2261) to work on /home/airflow/.local/lib/python3.12/site-packages/airflow/example_dags/example_latest_only.py
[2025-01-01T10:32:06.887+0000] {processor.py:914} INFO - Processing file /home/airflow/.local/lib/python3.12/site-packages/airflow/example_dags/example_latest_only.py for tasks to queue
[2025-01-01T10:32:06.895+0000] {logging_mixin.py:190} INFO - [2025-01-01T10:32:06.894+0000] {dagbag.py:588} INFO - Filling up the DagBag from /home/airflow/.local/lib/python3.12/site-packages/airflow/example_dags/example_latest_only.py
[2025-01-01T10:32:06.924+0000] {processor.py:925} INFO - DAG(s) 'latest_only' retrieved from /home/airflow/.local/lib/python3.12/site-packages/airflow/example_dags/example_latest_only.py
[2025-01-01T10:32:07.019+0000] {logging_mixin.py:190} INFO - [2025-01-01T10:32:07.018+0000] {dag.py:3239} INFO - Sync 1 DAGs
[2025-01-01T10:32:07.117+0000] {logging_mixin.py:190} INFO - [2025-01-01T10:32:07.116+0000] {dag.py:4180} INFO - Setting next_dagrun for latest_only to 2025-01-01 04:00:00+00:00, run_after=2025-01-01 08:00:00+00:00
[2025-01-01T10:32:07.232+0000] {processor.py:208} INFO - Processing /home/airflow/.local/lib/python3.12/site-packages/airflow/example_dags/example_latest_only.py took 0.372 seconds
[2025-01-01T10:32:37.961+0000] {processor.py:186} INFO - Started process (PID=2324) to work on /home/airflow/.local/lib/python3.12/site-packages/airflow/example_dags/example_latest_only.py
[2025-01-01T10:32:37.968+0000] {processor.py:914} INFO - Processing file /home/airflow/.local/lib/python3.12/site-packages/airflow/example_dags/example_latest_only.py for tasks to queue
[2025-01-01T10:32:37.984+0000] {logging_mixin.py:190} INFO - [2025-01-01T10:32:37.981+0000] {dagbag.py:588} INFO - Filling up the DagBag from /home/airflow/.local/lib/python3.12/site-packages/airflow/example_dags/example_latest_only.py
[2025-01-01T10:32:38.106+0000] {processor.py:925} INFO - DAG(s) 'latest_only' retrieved from /home/airflow/.local/lib/python3.12/site-packages/airflow/example_dags/example_latest_only.py
[2025-01-01T10:32:38.273+0000] {logging_mixin.py:190} INFO - [2025-01-01T10:32:38.272+0000] {dag.py:3239} INFO - Sync 1 DAGs
[2025-01-01T10:32:38.402+0000] {logging_mixin.py:190} INFO - [2025-01-01T10:32:38.401+0000] {dag.py:4180} INFO - Setting next_dagrun for latest_only to 2025-01-01 04:00:00+00:00, run_after=2025-01-01 08:00:00+00:00
[2025-01-01T10:32:38.532+0000] {processor.py:208} INFO - Processing /home/airflow/.local/lib/python3.12/site-packages/airflow/example_dags/example_latest_only.py took 0.617 seconds
[2025-01-01T10:33:09.257+0000] {processor.py:186} INFO - Started process (PID=2388) to work on /home/airflow/.local/lib/python3.12/site-packages/airflow/example_dags/example_latest_only.py
[2025-01-01T10:33:09.258+0000] {processor.py:914} INFO - Processing file /home/airflow/.local/lib/python3.12/site-packages/airflow/example_dags/example_latest_only.py for tasks to queue
[2025-01-01T10:33:09.262+0000] {logging_mixin.py:190} INFO - [2025-01-01T10:33:09.261+0000] {dagbag.py:588} INFO - Filling up the DagBag from /home/airflow/.local/lib/python3.12/site-packages/airflow/example_dags/example_latest_only.py
[2025-01-01T10:33:09.273+0000] {processor.py:925} INFO - DAG(s) 'latest_only' retrieved from /home/airflow/.local/lib/python3.12/site-packages/airflow/example_dags/example_latest_only.py
[2025-01-01T10:33:09.296+0000] {logging_mixin.py:190} INFO - [2025-01-01T10:33:09.296+0000] {dag.py:3239} INFO - Sync 1 DAGs
[2025-01-01T10:33:09.325+0000] {logging_mixin.py:190} INFO - [2025-01-01T10:33:09.324+0000] {dag.py:4180} INFO - Setting next_dagrun for latest_only to 2025-01-01 04:00:00+00:00, run_after=2025-01-01 08:00:00+00:00
[2025-01-01T10:33:09.351+0000] {processor.py:208} INFO - Processing /home/airflow/.local/lib/python3.12/site-packages/airflow/example_dags/example_latest_only.py took 0.104 seconds
[2025-01-01T10:33:40.205+0000] {processor.py:186} INFO - Started process (PID=2452) to work on /home/airflow/.local/lib/python3.12/site-packages/airflow/example_dags/example_latest_only.py
[2025-01-01T10:33:40.222+0000] {processor.py:914} INFO - Processing file /home/airflow/.local/lib/python3.12/site-packages/airflow/example_dags/example_latest_only.py for tasks to queue
[2025-01-01T10:33:40.264+0000] {logging_mixin.py:190} INFO - [2025-01-01T10:33:40.263+0000] {dagbag.py:588} INFO - Filling up the DagBag from /home/airflow/.local/lib/python3.12/site-packages/airflow/example_dags/example_latest_only.py
[2025-01-01T10:33:40.326+0000] {processor.py:925} INFO - DAG(s) 'latest_only' retrieved from /home/airflow/.local/lib/python3.12/site-packages/airflow/example_dags/example_latest_only.py
[2025-01-01T10:33:40.471+0000] {logging_mixin.py:190} INFO - [2025-01-01T10:33:40.470+0000] {dag.py:3239} INFO - Sync 1 DAGs
[2025-01-01T10:33:40.694+0000] {logging_mixin.py:190} INFO - [2025-01-01T10:33:40.692+0000] {dag.py:4180} INFO - Setting next_dagrun for latest_only to 2025-01-01 04:00:00+00:00, run_after=2025-01-01 08:00:00+00:00
[2025-01-01T10:33:40.779+0000] {processor.py:208} INFO - Processing /home/airflow/.local/lib/python3.12/site-packages/airflow/example_dags/example_latest_only.py took 0.625 seconds
[2025-01-01T10:34:11.367+0000] {processor.py:186} INFO - Started process (PID=2515) to work on /home/airflow/.local/lib/python3.12/site-packages/airflow/example_dags/example_latest_only.py
[2025-01-01T10:34:11.369+0000] {processor.py:914} INFO - Processing file /home/airflow/.local/lib/python3.12/site-packages/airflow/example_dags/example_latest_only.py for tasks to queue
[2025-01-01T10:34:11.374+0000] {logging_mixin.py:190} INFO - [2025-01-01T10:34:11.373+0000] {dagbag.py:588} INFO - Filling up the DagBag from /home/airflow/.local/lib/python3.12/site-packages/airflow/example_dags/example_latest_only.py
[2025-01-01T10:34:11.393+0000] {processor.py:925} INFO - DAG(s) 'latest_only' retrieved from /home/airflow/.local/lib/python3.12/site-packages/airflow/example_dags/example_latest_only.py
[2025-01-01T10:34:11.430+0000] {logging_mixin.py:190} INFO - [2025-01-01T10:34:11.429+0000] {dag.py:3239} INFO - Sync 1 DAGs
[2025-01-01T10:34:11.469+0000] {logging_mixin.py:190} INFO - [2025-01-01T10:34:11.469+0000] {dag.py:4180} INFO - Setting next_dagrun for latest_only to 2025-01-01 04:00:00+00:00, run_after=2025-01-01 08:00:00+00:00
[2025-01-01T10:34:11.509+0000] {processor.py:208} INFO - Processing /home/airflow/.local/lib/python3.12/site-packages/airflow/example_dags/example_latest_only.py took 0.155 seconds
[2025-01-01T10:34:41.877+0000] {processor.py:186} INFO - Started process (PID=2578) to work on /home/airflow/.local/lib/python3.12/site-packages/airflow/example_dags/example_latest_only.py
[2025-01-01T10:34:41.878+0000] {processor.py:914} INFO - Processing file /home/airflow/.local/lib/python3.12/site-packages/airflow/example_dags/example_latest_only.py for tasks to queue
[2025-01-01T10:34:41.882+0000] {logging_mixin.py:190} INFO - [2025-01-01T10:34:41.882+0000] {dagbag.py:588} INFO - Filling up the DagBag from /home/airflow/.local/lib/python3.12/site-packages/airflow/example_dags/example_latest_only.py
[2025-01-01T10:34:41.891+0000] {processor.py:925} INFO - DAG(s) 'latest_only' retrieved from /home/airflow/.local/lib/python3.12/site-packages/airflow/example_dags/example_latest_only.py
[2025-01-01T10:34:41.918+0000] {logging_mixin.py:190} INFO - [2025-01-01T10:34:41.918+0000] {dag.py:3239} INFO - Sync 1 DAGs
[2025-01-01T10:34:41.950+0000] {logging_mixin.py:190} INFO - [2025-01-01T10:34:41.949+0000] {dag.py:4180} INFO - Setting next_dagrun for latest_only to 2025-01-01 04:00:00+00:00, run_after=2025-01-01 08:00:00+00:00
[2025-01-01T10:34:41.993+0000] {processor.py:208} INFO - Processing /home/airflow/.local/lib/python3.12/site-packages/airflow/example_dags/example_latest_only.py took 0.123 seconds
[2025-01-01T10:35:12.184+0000] {processor.py:186} INFO - Started process (PID=2640) to work on /home/airflow/.local/lib/python3.12/site-packages/airflow/example_dags/example_latest_only.py
[2025-01-01T10:35:12.185+0000] {processor.py:914} INFO - Processing file /home/airflow/.local/lib/python3.12/site-packages/airflow/example_dags/example_latest_only.py for tasks to queue
[2025-01-01T10:35:12.190+0000] {logging_mixin.py:190} INFO - [2025-01-01T10:35:12.190+0000] {dagbag.py:588} INFO - Filling up the DagBag from /home/airflow/.local/lib/python3.12/site-packages/airflow/example_dags/example_latest_only.py
[2025-01-01T10:35:12.201+0000] {processor.py:925} INFO - DAG(s) 'latest_only' retrieved from /home/airflow/.local/lib/python3.12/site-packages/airflow/example_dags/example_latest_only.py
[2025-01-01T10:35:12.232+0000] {logging_mixin.py:190} INFO - [2025-01-01T10:35:12.231+0000] {dag.py:3239} INFO - Sync 1 DAGs
[2025-01-01T10:35:12.268+0000] {logging_mixin.py:190} INFO - [2025-01-01T10:35:12.268+0000] {dag.py:4180} INFO - Setting next_dagrun for latest_only to 2025-01-01 04:00:00+00:00, run_after=2025-01-01 08:00:00+00:00
[2025-01-01T10:35:12.298+0000] {processor.py:208} INFO - Processing /home/airflow/.local/lib/python3.12/site-packages/airflow/example_dags/example_latest_only.py took 0.125 seconds
[2025-01-01T10:35:44.484+0000] {processor.py:186} INFO - Started process (PID=2703) to work on /home/airflow/.local/lib/python3.12/site-packages/airflow/example_dags/example_latest_only.py
[2025-01-01T10:35:44.491+0000] {processor.py:914} INFO - Processing file /home/airflow/.local/lib/python3.12/site-packages/airflow/example_dags/example_latest_only.py for tasks to queue
[2025-01-01T10:35:44.503+0000] {logging_mixin.py:190} INFO - [2025-01-01T10:35:44.501+0000] {dagbag.py:588} INFO - Filling up the DagBag from /home/airflow/.local/lib/python3.12/site-packages/airflow/example_dags/example_latest_only.py
[2025-01-01T10:35:44.534+0000] {processor.py:925} INFO - DAG(s) 'latest_only' retrieved from /home/airflow/.local/lib/python3.12/site-packages/airflow/example_dags/example_latest_only.py
[2025-01-01T10:35:44.597+0000] {logging_mixin.py:190} INFO - [2025-01-01T10:35:44.597+0000] {dag.py:3239} INFO - Sync 1 DAGs
[2025-01-01T10:35:44.693+0000] {logging_mixin.py:190} INFO - [2025-01-01T10:35:44.692+0000] {dag.py:4180} INFO - Setting next_dagrun for latest_only to 2025-01-01 04:00:00+00:00, run_after=2025-01-01 08:00:00+00:00
[2025-01-01T10:35:44.794+0000] {processor.py:208} INFO - Processing /home/airflow/.local/lib/python3.12/site-packages/airflow/example_dags/example_latest_only.py took 0.339 seconds
[2025-01-01T10:36:16.082+0000] {processor.py:186} INFO - Started process (PID=2765) to work on /home/airflow/.local/lib/python3.12/site-packages/airflow/example_dags/example_latest_only.py
[2025-01-01T10:36:16.090+0000] {processor.py:914} INFO - Processing file /home/airflow/.local/lib/python3.12/site-packages/airflow/example_dags/example_latest_only.py for tasks to queue
[2025-01-01T10:36:16.121+0000] {logging_mixin.py:190} INFO - [2025-01-01T10:36:16.110+0000] {dagbag.py:588} INFO - Filling up the DagBag from /home/airflow/.local/lib/python3.12/site-packages/airflow/example_dags/example_latest_only.py
[2025-01-01T10:36:16.260+0000] {processor.py:925} INFO - DAG(s) 'latest_only' retrieved from /home/airflow/.local/lib/python3.12/site-packages/airflow/example_dags/example_latest_only.py
[2025-01-01T10:36:16.382+0000] {logging_mixin.py:190} INFO - [2025-01-01T10:36:16.380+0000] {dag.py:3239} INFO - Sync 1 DAGs
[2025-01-01T10:36:16.744+0000] {logging_mixin.py:190} INFO - [2025-01-01T10:36:16.731+0000] {dag.py:4180} INFO - Setting next_dagrun for latest_only to 2025-01-01 04:00:00+00:00, run_after=2025-01-01 08:00:00+00:00
[2025-01-01T10:36:17.091+0000] {processor.py:208} INFO - Processing /home/airflow/.local/lib/python3.12/site-packages/airflow/example_dags/example_latest_only.py took 1.088 seconds
[2025-01-01T10:36:47.807+0000] {processor.py:186} INFO - Started process (PID=2828) to work on /home/airflow/.local/lib/python3.12/site-packages/airflow/example_dags/example_latest_only.py
[2025-01-01T10:36:47.815+0000] {processor.py:914} INFO - Processing file /home/airflow/.local/lib/python3.12/site-packages/airflow/example_dags/example_latest_only.py for tasks to queue
[2025-01-01T10:36:47.832+0000] {logging_mixin.py:190} INFO - [2025-01-01T10:36:47.830+0000] {dagbag.py:588} INFO - Filling up the DagBag from /home/airflow/.local/lib/python3.12/site-packages/airflow/example_dags/example_latest_only.py
[2025-01-01T10:36:47.880+0000] {processor.py:925} INFO - DAG(s) 'latest_only' retrieved from /home/airflow/.local/lib/python3.12/site-packages/airflow/example_dags/example_latest_only.py
[2025-01-01T10:36:48.097+0000] {logging_mixin.py:190} INFO - [2025-01-01T10:36:48.096+0000] {dag.py:3239} INFO - Sync 1 DAGs
[2025-01-01T10:36:48.385+0000] {logging_mixin.py:190} INFO - [2025-01-01T10:36:48.373+0000] {dag.py:4180} INFO - Setting next_dagrun for latest_only to 2025-01-01 04:00:00+00:00, run_after=2025-01-01 08:00:00+00:00
[2025-01-01T10:36:48.641+0000] {processor.py:208} INFO - Processing /home/airflow/.local/lib/python3.12/site-packages/airflow/example_dags/example_latest_only.py took 0.894 seconds
[2025-01-01T10:37:18.816+0000] {processor.py:186} INFO - Started process (PID=2890) to work on /home/airflow/.local/lib/python3.12/site-packages/airflow/example_dags/example_latest_only.py
[2025-01-01T10:37:18.817+0000] {processor.py:914} INFO - Processing file /home/airflow/.local/lib/python3.12/site-packages/airflow/example_dags/example_latest_only.py for tasks to queue
[2025-01-01T10:37:18.821+0000] {logging_mixin.py:190} INFO - [2025-01-01T10:37:18.821+0000] {dagbag.py:588} INFO - Filling up the DagBag from /home/airflow/.local/lib/python3.12/site-packages/airflow/example_dags/example_latest_only.py
[2025-01-01T10:37:18.833+0000] {processor.py:925} INFO - DAG(s) 'latest_only' retrieved from /home/airflow/.local/lib/python3.12/site-packages/airflow/example_dags/example_latest_only.py
[2025-01-01T10:37:18.861+0000] {logging_mixin.py:190} INFO - [2025-01-01T10:37:18.861+0000] {dag.py:3239} INFO - Sync 1 DAGs
[2025-01-01T10:37:18.894+0000] {logging_mixin.py:190} INFO - [2025-01-01T10:37:18.894+0000] {dag.py:4180} INFO - Setting next_dagrun for latest_only to 2025-01-01 04:00:00+00:00, run_after=2025-01-01 08:00:00+00:00
[2025-01-01T10:37:18.928+0000] {processor.py:208} INFO - Processing /home/airflow/.local/lib/python3.12/site-packages/airflow/example_dags/example_latest_only.py took 0.121 seconds
[2025-01-01T10:37:49.184+0000] {processor.py:186} INFO - Started process (PID=2953) to work on /home/airflow/.local/lib/python3.12/site-packages/airflow/example_dags/example_latest_only.py
[2025-01-01T10:37:49.186+0000] {processor.py:914} INFO - Processing file /home/airflow/.local/lib/python3.12/site-packages/airflow/example_dags/example_latest_only.py for tasks to queue
[2025-01-01T10:37:49.190+0000] {logging_mixin.py:190} INFO - [2025-01-01T10:37:49.190+0000] {dagbag.py:588} INFO - Filling up the DagBag from /home/airflow/.local/lib/python3.12/site-packages/airflow/example_dags/example_latest_only.py
[2025-01-01T10:37:49.203+0000] {processor.py:925} INFO - DAG(s) 'latest_only' retrieved from /home/airflow/.local/lib/python3.12/site-packages/airflow/example_dags/example_latest_only.py
[2025-01-01T10:37:49.233+0000] {logging_mixin.py:190} INFO - [2025-01-01T10:37:49.233+0000] {dag.py:3239} INFO - Sync 1 DAGs
[2025-01-01T10:37:49.259+0000] {logging_mixin.py:190} INFO - [2025-01-01T10:37:49.259+0000] {dag.py:4180} INFO - Setting next_dagrun for latest_only to 2025-01-01 04:00:00+00:00, run_after=2025-01-01 08:00:00+00:00
[2025-01-01T10:37:49.439+0000] {processor.py:208} INFO - Processing /home/airflow/.local/lib/python3.12/site-packages/airflow/example_dags/example_latest_only.py took 0.262 seconds
[2025-01-01T10:38:19.759+0000] {processor.py:186} INFO - Started process (PID=3016) to work on /home/airflow/.local/lib/python3.12/site-packages/airflow/example_dags/example_latest_only.py
[2025-01-01T10:38:19.760+0000] {processor.py:914} INFO - Processing file /home/airflow/.local/lib/python3.12/site-packages/airflow/example_dags/example_latest_only.py for tasks to queue
[2025-01-01T10:38:19.762+0000] {logging_mixin.py:190} INFO - [2025-01-01T10:38:19.762+0000] {dagbag.py:588} INFO - Filling up the DagBag from /home/airflow/.local/lib/python3.12/site-packages/airflow/example_dags/example_latest_only.py
[2025-01-01T10:38:19.771+0000] {processor.py:925} INFO - DAG(s) 'latest_only' retrieved from /home/airflow/.local/lib/python3.12/site-packages/airflow/example_dags/example_latest_only.py
[2025-01-01T10:38:19.794+0000] {logging_mixin.py:190} INFO - [2025-01-01T10:38:19.794+0000] {dag.py:3239} INFO - Sync 1 DAGs
[2025-01-01T10:38:19.820+0000] {logging_mixin.py:190} INFO - [2025-01-01T10:38:19.820+0000] {dag.py:4180} INFO - Setting next_dagrun for latest_only to 2025-01-01 04:00:00+00:00, run_after=2025-01-01 08:00:00+00:00
[2025-01-01T10:38:19.845+0000] {processor.py:208} INFO - Processing /home/airflow/.local/lib/python3.12/site-packages/airflow/example_dags/example_latest_only.py took 0.092 seconds
[2025-01-01T10:38:49.960+0000] {processor.py:186} INFO - Started process (PID=3079) to work on /home/airflow/.local/lib/python3.12/site-packages/airflow/example_dags/example_latest_only.py
[2025-01-01T10:38:49.961+0000] {processor.py:914} INFO - Processing file /home/airflow/.local/lib/python3.12/site-packages/airflow/example_dags/example_latest_only.py for tasks to queue
[2025-01-01T10:38:49.964+0000] {logging_mixin.py:190} INFO - [2025-01-01T10:38:49.964+0000] {dagbag.py:588} INFO - Filling up the DagBag from /home/airflow/.local/lib/python3.12/site-packages/airflow/example_dags/example_latest_only.py
[2025-01-01T10:38:49.972+0000] {processor.py:925} INFO - DAG(s) 'latest_only' retrieved from /home/airflow/.local/lib/python3.12/site-packages/airflow/example_dags/example_latest_only.py
[2025-01-01T10:38:49.993+0000] {logging_mixin.py:190} INFO - [2025-01-01T10:38:49.992+0000] {dag.py:3239} INFO - Sync 1 DAGs
[2025-01-01T10:38:50.013+0000] {logging_mixin.py:190} INFO - [2025-01-01T10:38:50.013+0000] {dag.py:4180} INFO - Setting next_dagrun for latest_only to 2025-01-01 04:00:00+00:00, run_after=2025-01-01 08:00:00+00:00
[2025-01-01T10:38:50.035+0000] {processor.py:208} INFO - Processing /home/airflow/.local/lib/python3.12/site-packages/airflow/example_dags/example_latest_only.py took 0.080 seconds
[2025-01-01T10:39:20.848+0000] {processor.py:186} INFO - Started process (PID=3142) to work on /home/airflow/.local/lib/python3.12/site-packages/airflow/example_dags/example_latest_only.py
[2025-01-01T10:39:20.849+0000] {processor.py:914} INFO - Processing file /home/airflow/.local/lib/python3.12/site-packages/airflow/example_dags/example_latest_only.py for tasks to queue
[2025-01-01T10:39:20.853+0000] {logging_mixin.py:190} INFO - [2025-01-01T10:39:20.852+0000] {dagbag.py:588} INFO - Filling up the DagBag from /home/airflow/.local/lib/python3.12/site-packages/airflow/example_dags/example_latest_only.py
[2025-01-01T10:39:20.863+0000] {processor.py:925} INFO - DAG(s) 'latest_only' retrieved from /home/airflow/.local/lib/python3.12/site-packages/airflow/example_dags/example_latest_only.py
[2025-01-01T10:39:20.890+0000] {logging_mixin.py:190} INFO - [2025-01-01T10:39:20.890+0000] {dag.py:3239} INFO - Sync 1 DAGs
[2025-01-01T10:39:20.921+0000] {logging_mixin.py:190} INFO - [2025-01-01T10:39:20.921+0000] {dag.py:4180} INFO - Setting next_dagrun for latest_only to 2025-01-01 04:00:00+00:00, run_after=2025-01-01 08:00:00+00:00
[2025-01-01T10:39:20.949+0000] {processor.py:208} INFO - Processing /home/airflow/.local/lib/python3.12/site-packages/airflow/example_dags/example_latest_only.py took 0.109 seconds
[2025-01-01T10:40:20.745+0000] {processor.py:186} INFO - Started process (PID=3210) to work on /home/airflow/.local/lib/python3.12/site-packages/airflow/example_dags/example_latest_only.py
[2025-01-01T10:40:20.748+0000] {processor.py:914} INFO - Processing file /home/airflow/.local/lib/python3.12/site-packages/airflow/example_dags/example_latest_only.py for tasks to queue
[2025-01-01T10:40:20.758+0000] {logging_mixin.py:190} INFO - [2025-01-01T10:40:20.757+0000] {dagbag.py:588} INFO - Filling up the DagBag from /home/airflow/.local/lib/python3.12/site-packages/airflow/example_dags/example_latest_only.py
[2025-01-01T10:40:20.787+0000] {processor.py:925} INFO - DAG(s) 'latest_only' retrieved from /home/airflow/.local/lib/python3.12/site-packages/airflow/example_dags/example_latest_only.py
[2025-01-01T10:40:20.861+0000] {logging_mixin.py:190} INFO - [2025-01-01T10:40:20.861+0000] {dag.py:3239} INFO - Sync 1 DAGs
[2025-01-01T10:40:20.947+0000] {logging_mixin.py:190} INFO - [2025-01-01T10:40:20.947+0000] {dag.py:4180} INFO - Setting next_dagrun for latest_only to 2025-01-01 04:00:00+00:00, run_after=2025-01-01 08:00:00+00:00
[2025-01-01T10:40:21.010+0000] {processor.py:208} INFO - Processing /home/airflow/.local/lib/python3.12/site-packages/airflow/example_dags/example_latest_only.py took 0.291 seconds
[2025-01-01T10:40:58.753+0000] {processor.py:186} INFO - Started process (PID=3282) to work on /home/airflow/.local/lib/python3.12/site-packages/airflow/example_dags/example_latest_only.py
[2025-01-01T10:40:58.759+0000] {processor.py:914} INFO - Processing file /home/airflow/.local/lib/python3.12/site-packages/airflow/example_dags/example_latest_only.py for tasks to queue
[2025-01-01T10:40:58.776+0000] {logging_mixin.py:190} INFO - [2025-01-01T10:40:58.774+0000] {dagbag.py:588} INFO - Filling up the DagBag from /home/airflow/.local/lib/python3.12/site-packages/airflow/example_dags/example_latest_only.py
[2025-01-01T10:40:58.822+0000] {processor.py:925} INFO - DAG(s) 'latest_only' retrieved from /home/airflow/.local/lib/python3.12/site-packages/airflow/example_dags/example_latest_only.py
[2025-01-01T10:40:58.925+0000] {logging_mixin.py:190} INFO - [2025-01-01T10:40:58.924+0000] {dag.py:3239} INFO - Sync 1 DAGs
[2025-01-01T10:40:59.049+0000] {logging_mixin.py:190} INFO - [2025-01-01T10:40:59.048+0000] {dag.py:4180} INFO - Setting next_dagrun for latest_only to 2025-01-01 04:00:00+00:00, run_after=2025-01-01 08:00:00+00:00
[2025-01-01T10:40:59.156+0000] {processor.py:208} INFO - Processing /home/airflow/.local/lib/python3.12/site-packages/airflow/example_dags/example_latest_only.py took 0.442 seconds
[2025-01-01T10:41:29.363+0000] {processor.py:186} INFO - Started process (PID=3345) to work on /home/airflow/.local/lib/python3.12/site-packages/airflow/example_dags/example_latest_only.py
[2025-01-01T10:41:29.365+0000] {processor.py:914} INFO - Processing file /home/airflow/.local/lib/python3.12/site-packages/airflow/example_dags/example_latest_only.py for tasks to queue
[2025-01-01T10:41:29.370+0000] {logging_mixin.py:190} INFO - [2025-01-01T10:41:29.369+0000] {dagbag.py:588} INFO - Filling up the DagBag from /home/airflow/.local/lib/python3.12/site-packages/airflow/example_dags/example_latest_only.py
[2025-01-01T10:41:29.381+0000] {processor.py:925} INFO - DAG(s) 'latest_only' retrieved from /home/airflow/.local/lib/python3.12/site-packages/airflow/example_dags/example_latest_only.py
[2025-01-01T10:41:29.414+0000] {logging_mixin.py:190} INFO - [2025-01-01T10:41:29.414+0000] {dag.py:3239} INFO - Sync 1 DAGs
[2025-01-01T10:41:29.450+0000] {logging_mixin.py:190} INFO - [2025-01-01T10:41:29.449+0000] {dag.py:4180} INFO - Setting next_dagrun for latest_only to 2025-01-01 04:00:00+00:00, run_after=2025-01-01 08:00:00+00:00
[2025-01-01T10:41:29.484+0000] {processor.py:208} INFO - Processing /home/airflow/.local/lib/python3.12/site-packages/airflow/example_dags/example_latest_only.py took 0.131 seconds
[2025-01-01T10:41:59.627+0000] {processor.py:186} INFO - Started process (PID=3408) to work on /home/airflow/.local/lib/python3.12/site-packages/airflow/example_dags/example_latest_only.py
[2025-01-01T10:41:59.629+0000] {processor.py:914} INFO - Processing file /home/airflow/.local/lib/python3.12/site-packages/airflow/example_dags/example_latest_only.py for tasks to queue
[2025-01-01T10:41:59.632+0000] {logging_mixin.py:190} INFO - [2025-01-01T10:41:59.632+0000] {dagbag.py:588} INFO - Filling up the DagBag from /home/airflow/.local/lib/python3.12/site-packages/airflow/example_dags/example_latest_only.py
[2025-01-01T10:41:59.642+0000] {processor.py:925} INFO - DAG(s) 'latest_only' retrieved from /home/airflow/.local/lib/python3.12/site-packages/airflow/example_dags/example_latest_only.py
[2025-01-01T10:41:59.671+0000] {logging_mixin.py:190} INFO - [2025-01-01T10:41:59.670+0000] {dag.py:3239} INFO - Sync 1 DAGs
[2025-01-01T10:41:59.701+0000] {logging_mixin.py:190} INFO - [2025-01-01T10:41:59.701+0000] {dag.py:4180} INFO - Setting next_dagrun for latest_only to 2025-01-01 04:00:00+00:00, run_after=2025-01-01 08:00:00+00:00
[2025-01-01T10:41:59.731+0000] {processor.py:208} INFO - Processing /home/airflow/.local/lib/python3.12/site-packages/airflow/example_dags/example_latest_only.py took 0.112 seconds
[2025-01-01T10:42:31.019+0000] {processor.py:186} INFO - Started process (PID=3472) to work on /home/airflow/.local/lib/python3.12/site-packages/airflow/example_dags/example_latest_only.py
[2025-01-01T10:42:31.023+0000] {processor.py:914} INFO - Processing file /home/airflow/.local/lib/python3.12/site-packages/airflow/example_dags/example_latest_only.py for tasks to queue
[2025-01-01T10:42:31.034+0000] {logging_mixin.py:190} INFO - [2025-01-01T10:42:31.033+0000] {dagbag.py:588} INFO - Filling up the DagBag from /home/airflow/.local/lib/python3.12/site-packages/airflow/example_dags/example_latest_only.py
[2025-01-01T10:42:31.070+0000] {processor.py:925} INFO - DAG(s) 'latest_only' retrieved from /home/airflow/.local/lib/python3.12/site-packages/airflow/example_dags/example_latest_only.py
[2025-01-01T10:42:31.137+0000] {logging_mixin.py:190} INFO - [2025-01-01T10:42:31.136+0000] {dag.py:3239} INFO - Sync 1 DAGs
[2025-01-01T10:42:31.220+0000] {logging_mixin.py:190} INFO - [2025-01-01T10:42:31.219+0000] {dag.py:4180} INFO - Setting next_dagrun for latest_only to 2025-01-01 04:00:00+00:00, run_after=2025-01-01 08:00:00+00:00
[2025-01-01T10:42:31.292+0000] {processor.py:208} INFO - Processing /home/airflow/.local/lib/python3.12/site-packages/airflow/example_dags/example_latest_only.py took 0.298 seconds
[2025-01-01T10:43:02.668+0000] {processor.py:186} INFO - Started process (PID=3535) to work on /home/airflow/.local/lib/python3.12/site-packages/airflow/example_dags/example_latest_only.py
[2025-01-01T10:43:02.674+0000] {processor.py:914} INFO - Processing file /home/airflow/.local/lib/python3.12/site-packages/airflow/example_dags/example_latest_only.py for tasks to queue
[2025-01-01T10:43:02.686+0000] {logging_mixin.py:190} INFO - [2025-01-01T10:43:02.685+0000] {dagbag.py:588} INFO - Filling up the DagBag from /home/airflow/.local/lib/python3.12/site-packages/airflow/example_dags/example_latest_only.py
[2025-01-01T10:43:02.731+0000] {processor.py:925} INFO - DAG(s) 'latest_only' retrieved from /home/airflow/.local/lib/python3.12/site-packages/airflow/example_dags/example_latest_only.py
[2025-01-01T10:43:02.826+0000] {logging_mixin.py:190} INFO - [2025-01-01T10:43:02.825+0000] {dag.py:3239} INFO - Sync 1 DAGs
[2025-01-01T10:43:02.956+0000] {logging_mixin.py:190} INFO - [2025-01-01T10:43:02.955+0000] {dag.py:4180} INFO - Setting next_dagrun for latest_only to 2025-01-01 04:00:00+00:00, run_after=2025-01-01 08:00:00+00:00
[2025-01-01T10:43:03.043+0000] {processor.py:208} INFO - Processing /home/airflow/.local/lib/python3.12/site-packages/airflow/example_dags/example_latest_only.py took 0.410 seconds
[2025-01-01T10:43:33.189+0000] {processor.py:186} INFO - Started process (PID=3598) to work on /home/airflow/.local/lib/python3.12/site-packages/airflow/example_dags/example_latest_only.py
[2025-01-01T10:43:33.191+0000] {processor.py:914} INFO - Processing file /home/airflow/.local/lib/python3.12/site-packages/airflow/example_dags/example_latest_only.py for tasks to queue
[2025-01-01T10:43:33.196+0000] {logging_mixin.py:190} INFO - [2025-01-01T10:43:33.196+0000] {dagbag.py:588} INFO - Filling up the DagBag from /home/airflow/.local/lib/python3.12/site-packages/airflow/example_dags/example_latest_only.py
[2025-01-01T10:43:33.212+0000] {processor.py:925} INFO - DAG(s) 'latest_only' retrieved from /home/airflow/.local/lib/python3.12/site-packages/airflow/example_dags/example_latest_only.py
[2025-01-01T10:43:33.252+0000] {logging_mixin.py:190} INFO - [2025-01-01T10:43:33.252+0000] {dag.py:3239} INFO - Sync 1 DAGs
[2025-01-01T10:43:33.299+0000] {logging_mixin.py:190} INFO - [2025-01-01T10:43:33.298+0000] {dag.py:4180} INFO - Setting next_dagrun for latest_only to 2025-01-01 04:00:00+00:00, run_after=2025-01-01 08:00:00+00:00
[2025-01-01T10:43:33.338+0000] {processor.py:208} INFO - Processing /home/airflow/.local/lib/python3.12/site-packages/airflow/example_dags/example_latest_only.py took 0.161 seconds
[2025-01-01T10:44:04.051+0000] {processor.py:186} INFO - Started process (PID=3661) to work on /home/airflow/.local/lib/python3.12/site-packages/airflow/example_dags/example_latest_only.py
[2025-01-01T10:44:04.053+0000] {processor.py:914} INFO - Processing file /home/airflow/.local/lib/python3.12/site-packages/airflow/example_dags/example_latest_only.py for tasks to queue
[2025-01-01T10:44:04.058+0000] {logging_mixin.py:190} INFO - [2025-01-01T10:44:04.058+0000] {dagbag.py:588} INFO - Filling up the DagBag from /home/airflow/.local/lib/python3.12/site-packages/airflow/example_dags/example_latest_only.py
[2025-01-01T10:44:04.072+0000] {processor.py:925} INFO - DAG(s) 'latest_only' retrieved from /home/airflow/.local/lib/python3.12/site-packages/airflow/example_dags/example_latest_only.py
[2025-01-01T10:44:04.117+0000] {logging_mixin.py:190} INFO - [2025-01-01T10:44:04.116+0000] {dag.py:3239} INFO - Sync 1 DAGs
[2025-01-01T10:44:04.165+0000] {logging_mixin.py:190} INFO - [2025-01-01T10:44:04.165+0000] {dag.py:4180} INFO - Setting next_dagrun for latest_only to 2025-01-01 04:00:00+00:00, run_after=2025-01-01 08:00:00+00:00
[2025-01-01T10:44:04.205+0000] {processor.py:208} INFO - Processing /home/airflow/.local/lib/python3.12/site-packages/airflow/example_dags/example_latest_only.py took 0.166 seconds
[2025-01-01T10:44:34.577+0000] {processor.py:186} INFO - Started process (PID=3725) to work on /home/airflow/.local/lib/python3.12/site-packages/airflow/example_dags/example_latest_only.py
[2025-01-01T10:44:34.579+0000] {processor.py:914} INFO - Processing file /home/airflow/.local/lib/python3.12/site-packages/airflow/example_dags/example_latest_only.py for tasks to queue
[2025-01-01T10:44:34.584+0000] {logging_mixin.py:190} INFO - [2025-01-01T10:44:34.583+0000] {dagbag.py:588} INFO - Filling up the DagBag from /home/airflow/.local/lib/python3.12/site-packages/airflow/example_dags/example_latest_only.py
[2025-01-01T10:44:34.600+0000] {processor.py:925} INFO - DAG(s) 'latest_only' retrieved from /home/airflow/.local/lib/python3.12/site-packages/airflow/example_dags/example_latest_only.py
[2025-01-01T10:44:34.639+0000] {logging_mixin.py:190} INFO - [2025-01-01T10:44:34.639+0000] {dag.py:3239} INFO - Sync 1 DAGs
[2025-01-01T10:44:34.696+0000] {logging_mixin.py:190} INFO - [2025-01-01T10:44:34.696+0000] {dag.py:4180} INFO - Setting next_dagrun for latest_only to 2025-01-01 04:00:00+00:00, run_after=2025-01-01 08:00:00+00:00
[2025-01-01T10:44:34.737+0000] {processor.py:208} INFO - Processing /home/airflow/.local/lib/python3.12/site-packages/airflow/example_dags/example_latest_only.py took 0.174 seconds
[2025-01-01T10:45:05.060+0000] {processor.py:186} INFO - Started process (PID=3787) to work on /home/airflow/.local/lib/python3.12/site-packages/airflow/example_dags/example_latest_only.py
[2025-01-01T10:45:05.062+0000] {processor.py:914} INFO - Processing file /home/airflow/.local/lib/python3.12/site-packages/airflow/example_dags/example_latest_only.py for tasks to queue
[2025-01-01T10:45:05.067+0000] {logging_mixin.py:190} INFO - [2025-01-01T10:45:05.066+0000] {dagbag.py:588} INFO - Filling up the DagBag from /home/airflow/.local/lib/python3.12/site-packages/airflow/example_dags/example_latest_only.py
[2025-01-01T10:45:05.079+0000] {processor.py:925} INFO - DAG(s) 'latest_only' retrieved from /home/airflow/.local/lib/python3.12/site-packages/airflow/example_dags/example_latest_only.py
[2025-01-01T10:45:05.114+0000] {logging_mixin.py:190} INFO - [2025-01-01T10:45:05.114+0000] {dag.py:3239} INFO - Sync 1 DAGs
[2025-01-01T10:45:05.153+0000] {logging_mixin.py:190} INFO - [2025-01-01T10:45:05.152+0000] {dag.py:4180} INFO - Setting next_dagrun for latest_only to 2025-01-01 04:00:00+00:00, run_after=2025-01-01 08:00:00+00:00
[2025-01-01T10:45:05.189+0000] {processor.py:208} INFO - Processing /home/airflow/.local/lib/python3.12/site-packages/airflow/example_dags/example_latest_only.py took 0.139 seconds
[2025-01-01T10:45:39.909+0000] {processor.py:186} INFO - Started process (PID=3862) to work on /home/airflow/.local/lib/python3.12/site-packages/airflow/example_dags/example_latest_only.py
[2025-01-01T10:45:39.919+0000] {processor.py:914} INFO - Processing file /home/airflow/.local/lib/python3.12/site-packages/airflow/example_dags/example_latest_only.py for tasks to queue
[2025-01-01T10:45:39.947+0000] {logging_mixin.py:190} INFO - [2025-01-01T10:45:39.945+0000] {dagbag.py:588} INFO - Filling up the DagBag from /home/airflow/.local/lib/python3.12/site-packages/airflow/example_dags/example_latest_only.py
[2025-01-01T10:45:40.014+0000] {processor.py:925} INFO - DAG(s) 'latest_only' retrieved from /home/airflow/.local/lib/python3.12/site-packages/airflow/example_dags/example_latest_only.py
[2025-01-01T10:45:40.142+0000] {logging_mixin.py:190} INFO - [2025-01-01T10:45:40.141+0000] {dag.py:3239} INFO - Sync 1 DAGs
[2025-01-01T10:45:40.256+0000] {logging_mixin.py:190} INFO - [2025-01-01T10:45:40.255+0000] {dag.py:4180} INFO - Setting next_dagrun for latest_only to 2025-01-01 04:00:00+00:00, run_after=2025-01-01 08:00:00+00:00
[2025-01-01T10:45:40.345+0000] {processor.py:208} INFO - Processing /home/airflow/.local/lib/python3.12/site-packages/airflow/example_dags/example_latest_only.py took 0.477 seconds
[2025-01-01T10:46:11.084+0000] {processor.py:186} INFO - Started process (PID=3924) to work on /home/airflow/.local/lib/python3.12/site-packages/airflow/example_dags/example_latest_only.py
[2025-01-01T10:46:11.085+0000] {processor.py:914} INFO - Processing file /home/airflow/.local/lib/python3.12/site-packages/airflow/example_dags/example_latest_only.py for tasks to queue
[2025-01-01T10:46:11.088+0000] {logging_mixin.py:190} INFO - [2025-01-01T10:46:11.088+0000] {dagbag.py:588} INFO - Filling up the DagBag from /home/airflow/.local/lib/python3.12/site-packages/airflow/example_dags/example_latest_only.py
[2025-01-01T10:46:11.097+0000] {processor.py:925} INFO - DAG(s) 'latest_only' retrieved from /home/airflow/.local/lib/python3.12/site-packages/airflow/example_dags/example_latest_only.py
[2025-01-01T10:46:11.123+0000] {logging_mixin.py:190} INFO - [2025-01-01T10:46:11.123+0000] {dag.py:3239} INFO - Sync 1 DAGs
[2025-01-01T10:46:11.149+0000] {logging_mixin.py:190} INFO - [2025-01-01T10:46:11.149+0000] {dag.py:4180} INFO - Setting next_dagrun for latest_only to 2025-01-01 04:00:00+00:00, run_after=2025-01-01 08:00:00+00:00
[2025-01-01T10:46:11.191+0000] {processor.py:208} INFO - Processing /home/airflow/.local/lib/python3.12/site-packages/airflow/example_dags/example_latest_only.py took 0.114 seconds
[2025-01-01T10:46:41.345+0000] {processor.py:186} INFO - Started process (PID=3987) to work on /home/airflow/.local/lib/python3.12/site-packages/airflow/example_dags/example_latest_only.py
[2025-01-01T10:46:41.347+0000] {processor.py:914} INFO - Processing file /home/airflow/.local/lib/python3.12/site-packages/airflow/example_dags/example_latest_only.py for tasks to queue
[2025-01-01T10:46:41.352+0000] {logging_mixin.py:190} INFO - [2025-01-01T10:46:41.351+0000] {dagbag.py:588} INFO - Filling up the DagBag from /home/airflow/.local/lib/python3.12/site-packages/airflow/example_dags/example_latest_only.py
[2025-01-01T10:46:41.367+0000] {processor.py:925} INFO - DAG(s) 'latest_only' retrieved from /home/airflow/.local/lib/python3.12/site-packages/airflow/example_dags/example_latest_only.py
[2025-01-01T10:46:41.405+0000] {logging_mixin.py:190} INFO - [2025-01-01T10:46:41.405+0000] {dag.py:3239} INFO - Sync 1 DAGs
[2025-01-01T10:46:41.449+0000] {logging_mixin.py:190} INFO - [2025-01-01T10:46:41.449+0000] {dag.py:4180} INFO - Setting next_dagrun for latest_only to 2025-01-01 04:00:00+00:00, run_after=2025-01-01 08:00:00+00:00
[2025-01-01T10:46:41.488+0000] {processor.py:208} INFO - Processing /home/airflow/.local/lib/python3.12/site-packages/airflow/example_dags/example_latest_only.py took 0.155 seconds
[2025-01-01T10:47:12.477+0000] {processor.py:186} INFO - Started process (PID=4050) to work on /home/airflow/.local/lib/python3.12/site-packages/airflow/example_dags/example_latest_only.py
[2025-01-01T10:47:12.480+0000] {processor.py:914} INFO - Processing file /home/airflow/.local/lib/python3.12/site-packages/airflow/example_dags/example_latest_only.py for tasks to queue
[2025-01-01T10:47:12.490+0000] {logging_mixin.py:190} INFO - [2025-01-01T10:47:12.488+0000] {dagbag.py:588} INFO - Filling up the DagBag from /home/airflow/.local/lib/python3.12/site-packages/airflow/example_dags/example_latest_only.py
[2025-01-01T10:47:12.517+0000] {processor.py:925} INFO - DAG(s) 'latest_only' retrieved from /home/airflow/.local/lib/python3.12/site-packages/airflow/example_dags/example_latest_only.py
[2025-01-01T10:47:12.590+0000] {logging_mixin.py:190} INFO - [2025-01-01T10:47:12.590+0000] {dag.py:3239} INFO - Sync 1 DAGs
[2025-01-01T10:47:12.674+0000] {logging_mixin.py:190} INFO - [2025-01-01T10:47:12.673+0000] {dag.py:4180} INFO - Setting next_dagrun for latest_only to 2025-01-01 04:00:00+00:00, run_after=2025-01-01 08:00:00+00:00
[2025-01-01T10:47:12.742+0000] {processor.py:208} INFO - Processing /home/airflow/.local/lib/python3.12/site-packages/airflow/example_dags/example_latest_only.py took 0.287 seconds
[2025-01-01T10:47:45.248+0000] {processor.py:186} INFO - Started process (PID=4114) to work on /home/airflow/.local/lib/python3.12/site-packages/airflow/example_dags/example_latest_only.py
[2025-01-01T10:47:45.296+0000] {processor.py:914} INFO - Processing file /home/airflow/.local/lib/python3.12/site-packages/airflow/example_dags/example_latest_only.py for tasks to queue
[2025-01-01T10:47:45.347+0000] {logging_mixin.py:190} INFO - [2025-01-01T10:47:45.344+0000] {dagbag.py:588} INFO - Filling up the DagBag from /home/airflow/.local/lib/python3.12/site-packages/airflow/example_dags/example_latest_only.py
[2025-01-01T10:47:45.539+0000] {processor.py:925} INFO - DAG(s) 'latest_only' retrieved from /home/airflow/.local/lib/python3.12/site-packages/airflow/example_dags/example_latest_only.py
[2025-01-01T10:47:45.808+0000] {logging_mixin.py:190} INFO - [2025-01-01T10:47:45.807+0000] {dag.py:3239} INFO - Sync 1 DAGs
[2025-01-01T10:47:46.192+0000] {logging_mixin.py:190} INFO - [2025-01-01T10:47:46.190+0000] {dag.py:4180} INFO - Setting next_dagrun for latest_only to 2025-01-01 04:00:00+00:00, run_after=2025-01-01 08:00:00+00:00
[2025-01-01T10:47:46.428+0000] {processor.py:208} INFO - Processing /home/airflow/.local/lib/python3.12/site-packages/airflow/example_dags/example_latest_only.py took 1.291 seconds
[2025-01-01T10:48:17.274+0000] {processor.py:186} INFO - Started process (PID=4178) to work on /home/airflow/.local/lib/python3.12/site-packages/airflow/example_dags/example_latest_only.py
[2025-01-01T10:48:17.276+0000] {processor.py:914} INFO - Processing file /home/airflow/.local/lib/python3.12/site-packages/airflow/example_dags/example_latest_only.py for tasks to queue
[2025-01-01T10:48:17.280+0000] {logging_mixin.py:190} INFO - [2025-01-01T10:48:17.280+0000] {dagbag.py:588} INFO - Filling up the DagBag from /home/airflow/.local/lib/python3.12/site-packages/airflow/example_dags/example_latest_only.py
[2025-01-01T10:48:17.291+0000] {processor.py:925} INFO - DAG(s) 'latest_only' retrieved from /home/airflow/.local/lib/python3.12/site-packages/airflow/example_dags/example_latest_only.py
[2025-01-01T10:48:17.315+0000] {logging_mixin.py:190} INFO - [2025-01-01T10:48:17.315+0000] {dag.py:3239} INFO - Sync 1 DAGs
[2025-01-01T10:48:17.340+0000] {logging_mixin.py:190} INFO - [2025-01-01T10:48:17.340+0000] {dag.py:4180} INFO - Setting next_dagrun for latest_only to 2025-01-01 04:00:00+00:00, run_after=2025-01-01 08:00:00+00:00
[2025-01-01T10:48:17.365+0000] {processor.py:208} INFO - Processing /home/airflow/.local/lib/python3.12/site-packages/airflow/example_dags/example_latest_only.py took 0.096 seconds
[2025-01-01T10:48:48.038+0000] {processor.py:186} INFO - Started process (PID=4241) to work on /home/airflow/.local/lib/python3.12/site-packages/airflow/example_dags/example_latest_only.py
[2025-01-01T10:48:48.041+0000] {processor.py:914} INFO - Processing file /home/airflow/.local/lib/python3.12/site-packages/airflow/example_dags/example_latest_only.py for tasks to queue
[2025-01-01T10:48:48.048+0000] {logging_mixin.py:190} INFO - [2025-01-01T10:48:48.047+0000] {dagbag.py:588} INFO - Filling up the DagBag from /home/airflow/.local/lib/python3.12/site-packages/airflow/example_dags/example_latest_only.py
[2025-01-01T10:48:48.082+0000] {processor.py:925} INFO - DAG(s) 'latest_only' retrieved from /home/airflow/.local/lib/python3.12/site-packages/airflow/example_dags/example_latest_only.py
[2025-01-01T10:48:48.157+0000] {logging_mixin.py:190} INFO - [2025-01-01T10:48:48.157+0000] {dag.py:3239} INFO - Sync 1 DAGs
[2025-01-01T10:48:48.258+0000] {logging_mixin.py:190} INFO - [2025-01-01T10:48:48.257+0000] {dag.py:4180} INFO - Setting next_dagrun for latest_only to 2025-01-01 04:00:00+00:00, run_after=2025-01-01 08:00:00+00:00
[2025-01-01T10:48:48.315+0000] {processor.py:208} INFO - Processing /home/airflow/.local/lib/python3.12/site-packages/airflow/example_dags/example_latest_only.py took 0.294 seconds
[2025-01-01T10:49:18.555+0000] {processor.py:186} INFO - Started process (PID=4303) to work on /home/airflow/.local/lib/python3.12/site-packages/airflow/example_dags/example_latest_only.py
[2025-01-01T10:49:18.557+0000] {processor.py:914} INFO - Processing file /home/airflow/.local/lib/python3.12/site-packages/airflow/example_dags/example_latest_only.py for tasks to queue
[2025-01-01T10:49:18.561+0000] {logging_mixin.py:190} INFO - [2025-01-01T10:49:18.561+0000] {dagbag.py:588} INFO - Filling up the DagBag from /home/airflow/.local/lib/python3.12/site-packages/airflow/example_dags/example_latest_only.py
[2025-01-01T10:49:18.573+0000] {processor.py:925} INFO - DAG(s) 'latest_only' retrieved from /home/airflow/.local/lib/python3.12/site-packages/airflow/example_dags/example_latest_only.py
[2025-01-01T10:49:18.605+0000] {logging_mixin.py:190} INFO - [2025-01-01T10:49:18.605+0000] {dag.py:3239} INFO - Sync 1 DAGs
[2025-01-01T10:49:18.650+0000] {logging_mixin.py:190} INFO - [2025-01-01T10:49:18.649+0000] {dag.py:4180} INFO - Setting next_dagrun for latest_only to 2025-01-01 04:00:00+00:00, run_after=2025-01-01 08:00:00+00:00
[2025-01-01T10:49:18.689+0000] {processor.py:208} INFO - Processing /home/airflow/.local/lib/python3.12/site-packages/airflow/example_dags/example_latest_only.py took 0.143 seconds
[2025-01-01T10:49:48.989+0000] {processor.py:186} INFO - Started process (PID=4365) to work on /home/airflow/.local/lib/python3.12/site-packages/airflow/example_dags/example_latest_only.py
[2025-01-01T10:49:48.990+0000] {processor.py:914} INFO - Processing file /home/airflow/.local/lib/python3.12/site-packages/airflow/example_dags/example_latest_only.py for tasks to queue
[2025-01-01T10:49:48.993+0000] {logging_mixin.py:190} INFO - [2025-01-01T10:49:48.993+0000] {dagbag.py:588} INFO - Filling up the DagBag from /home/airflow/.local/lib/python3.12/site-packages/airflow/example_dags/example_latest_only.py
[2025-01-01T10:49:49.005+0000] {processor.py:925} INFO - DAG(s) 'latest_only' retrieved from /home/airflow/.local/lib/python3.12/site-packages/airflow/example_dags/example_latest_only.py
[2025-01-01T10:49:49.027+0000] {logging_mixin.py:190} INFO - [2025-01-01T10:49:49.027+0000] {dag.py:3239} INFO - Sync 1 DAGs
[2025-01-01T10:49:49.052+0000] {logging_mixin.py:190} INFO - [2025-01-01T10:49:49.051+0000] {dag.py:4180} INFO - Setting next_dagrun for latest_only to 2025-01-01 04:00:00+00:00, run_after=2025-01-01 08:00:00+00:00
[2025-01-01T10:49:49.075+0000] {processor.py:208} INFO - Processing /home/airflow/.local/lib/python3.12/site-packages/airflow/example_dags/example_latest_only.py took 0.092 seconds
[2025-01-01T10:50:20.677+0000] {processor.py:186} INFO - Started process (PID=4428) to work on /home/airflow/.local/lib/python3.12/site-packages/airflow/example_dags/example_latest_only.py
[2025-01-01T10:50:20.682+0000] {processor.py:914} INFO - Processing file /home/airflow/.local/lib/python3.12/site-packages/airflow/example_dags/example_latest_only.py for tasks to queue
[2025-01-01T10:50:20.695+0000] {logging_mixin.py:190} INFO - [2025-01-01T10:50:20.693+0000] {dagbag.py:588} INFO - Filling up the DagBag from /home/airflow/.local/lib/python3.12/site-packages/airflow/example_dags/example_latest_only.py
[2025-01-01T10:50:20.736+0000] {processor.py:925} INFO - DAG(s) 'latest_only' retrieved from /home/airflow/.local/lib/python3.12/site-packages/airflow/example_dags/example_latest_only.py
[2025-01-01T10:50:20.848+0000] {logging_mixin.py:190} INFO - [2025-01-01T10:50:20.847+0000] {dag.py:3239} INFO - Sync 1 DAGs
[2025-01-01T10:50:20.967+0000] {logging_mixin.py:190} INFO - [2025-01-01T10:50:20.966+0000] {dag.py:4180} INFO - Setting next_dagrun for latest_only to 2025-01-01 04:00:00+00:00, run_after=2025-01-01 08:00:00+00:00
[2025-01-01T10:50:21.070+0000] {processor.py:208} INFO - Processing /home/airflow/.local/lib/python3.12/site-packages/airflow/example_dags/example_latest_only.py took 0.429 seconds
[2025-01-01T10:50:59.977+0000] {processor.py:186} INFO - Started process (PID=4494) to work on /home/airflow/.local/lib/python3.12/site-packages/airflow/example_dags/example_latest_only.py
[2025-01-01T10:50:59.982+0000] {processor.py:914} INFO - Processing file /home/airflow/.local/lib/python3.12/site-packages/airflow/example_dags/example_latest_only.py for tasks to queue
[2025-01-01T10:50:59.998+0000] {logging_mixin.py:190} INFO - [2025-01-01T10:50:59.996+0000] {dagbag.py:588} INFO - Filling up the DagBag from /home/airflow/.local/lib/python3.12/site-packages/airflow/example_dags/example_latest_only.py
[2025-01-01T10:51:00.135+0000] {processor.py:925} INFO - DAG(s) 'latest_only' retrieved from /home/airflow/.local/lib/python3.12/site-packages/airflow/example_dags/example_latest_only.py
[2025-01-01T10:51:00.418+0000] {logging_mixin.py:190} INFO - [2025-01-01T10:51:00.416+0000] {dag.py:3239} INFO - Sync 1 DAGs
[2025-01-01T10:51:00.608+0000] {logging_mixin.py:190} INFO - [2025-01-01T10:51:00.605+0000] {dag.py:4180} INFO - Setting next_dagrun for latest_only to 2025-01-01 04:00:00+00:00, run_after=2025-01-01 08:00:00+00:00
[2025-01-01T10:51:00.734+0000] {processor.py:208} INFO - Processing /home/airflow/.local/lib/python3.12/site-packages/airflow/example_dags/example_latest_only.py took 0.807 seconds
[2025-01-01T12:15:55.488+0000] {processor.py:186} INFO - Started process (PID=4594) to work on /home/airflow/.local/lib/python3.12/site-packages/airflow/example_dags/example_latest_only.py
[2025-01-01T12:15:55.501+0000] {processor.py:914} INFO - Processing file /home/airflow/.local/lib/python3.12/site-packages/airflow/example_dags/example_latest_only.py for tasks to queue
[2025-01-01T12:15:55.508+0000] {logging_mixin.py:190} INFO - [2025-01-01T12:15:55.506+0000] {dagbag.py:588} INFO - Filling up the DagBag from /home/airflow/.local/lib/python3.12/site-packages/airflow/example_dags/example_latest_only.py
[2025-01-01T12:15:55.528+0000] {processor.py:925} INFO - DAG(s) 'latest_only' retrieved from /home/airflow/.local/lib/python3.12/site-packages/airflow/example_dags/example_latest_only.py
[2025-01-01T12:15:55.574+0000] {logging_mixin.py:190} INFO - [2025-01-01T12:15:55.573+0000] {dag.py:3239} INFO - Sync 1 DAGs
[2025-01-01T12:15:55.677+0000] {logging_mixin.py:190} INFO - [2025-01-01T12:15:55.674+0000] {dag.py:4180} INFO - Setting next_dagrun for latest_only to 2025-01-01 08:00:00+00:00, run_after=2025-01-01 12:00:00+00:00
[2025-01-01T12:15:55.727+0000] {processor.py:208} INFO - Processing /home/airflow/.local/lib/python3.12/site-packages/airflow/example_dags/example_latest_only.py took 0.263 seconds
[2025-01-01T12:16:25.820+0000] {processor.py:186} INFO - Started process (PID=4656) to work on /home/airflow/.local/lib/python3.12/site-packages/airflow/example_dags/example_latest_only.py
[2025-01-01T12:16:25.821+0000] {processor.py:914} INFO - Processing file /home/airflow/.local/lib/python3.12/site-packages/airflow/example_dags/example_latest_only.py for tasks to queue
[2025-01-01T12:16:25.824+0000] {logging_mixin.py:190} INFO - [2025-01-01T12:16:25.823+0000] {dagbag.py:588} INFO - Filling up the DagBag from /home/airflow/.local/lib/python3.12/site-packages/airflow/example_dags/example_latest_only.py
[2025-01-01T12:16:25.830+0000] {processor.py:925} INFO - DAG(s) 'latest_only' retrieved from /home/airflow/.local/lib/python3.12/site-packages/airflow/example_dags/example_latest_only.py
[2025-01-01T12:16:25.849+0000] {logging_mixin.py:190} INFO - [2025-01-01T12:16:25.848+0000] {dag.py:3239} INFO - Sync 1 DAGs
[2025-01-01T12:16:25.871+0000] {logging_mixin.py:190} INFO - [2025-01-01T12:16:25.871+0000] {dag.py:4180} INFO - Setting next_dagrun for latest_only to 2025-01-01 08:00:00+00:00, run_after=2025-01-01 12:00:00+00:00
[2025-01-01T12:16:25.890+0000] {processor.py:208} INFO - Processing /home/airflow/.local/lib/python3.12/site-packages/airflow/example_dags/example_latest_only.py took 0.075 seconds
