[2025-01-01T10:09:21.093+0000] {processor.py:186} INFO - Started process (PID=253) to work on /home/airflow/.local/lib/python3.12/site-packages/airflow/example_dags/example_bash_decorator.py
[2025-01-01T10:09:21.100+0000] {processor.py:914} INFO - Processing file /home/airflow/.local/lib/python3.12/site-packages/airflow/example_dags/example_bash_decorator.py for tasks to queue
[2025-01-01T10:09:21.118+0000] {logging_mixin.py:190} INFO - [2025-01-01T10:09:21.116+0000] {dagbag.py:588} INFO - Filling up the DagBag from /home/airflow/.local/lib/python3.12/site-packages/airflow/example_dags/example_bash_decorator.py
[2025-01-01T10:09:21.229+0000] {processor.py:925} INFO - DAG(s) 'example_bash_decorator' retrieved from /home/airflow/.local/lib/python3.12/site-packages/airflow/example_dags/example_bash_decorator.py
[2025-01-01T10:09:22.204+0000] {logging_mixin.py:190} INFO - [2025-01-01T10:09:22.199+0000] {override.py:1911} INFO - Created Permission View: can edit on DAG:example_bash_decorator
[2025-01-01T10:09:22.285+0000] {logging_mixin.py:190} INFO - [2025-01-01T10:09:22.283+0000] {override.py:1911} INFO - Created Permission View: can delete on DAG:example_bash_decorator
[2025-01-01T10:09:22.343+0000] {logging_mixin.py:190} INFO - [2025-01-01T10:09:22.341+0000] {override.py:1911} INFO - Created Permission View: can read on DAG:example_bash_decorator
[2025-01-01T10:09:22.409+0000] {logging_mixin.py:190} INFO - [2025-01-01T10:09:22.407+0000] {override.py:1911} INFO - Created Permission View: can create on DAG Run:example_bash_decorator
[2025-01-01T10:09:22.447+0000] {logging_mixin.py:190} INFO - [2025-01-01T10:09:22.445+0000] {override.py:1911} INFO - Created Permission View: menu access on DAG Run:example_bash_decorator
[2025-01-01T10:09:22.494+0000] {logging_mixin.py:190} INFO - [2025-01-01T10:09:22.493+0000] {override.py:1911} INFO - Created Permission View: can delete on DAG Run:example_bash_decorator
[2025-01-01T10:09:22.538+0000] {logging_mixin.py:190} INFO - [2025-01-01T10:09:22.537+0000] {override.py:1911} INFO - Created Permission View: can read on DAG Run:example_bash_decorator
[2025-01-01T10:09:22.548+0000] {logging_mixin.py:190} INFO - [2025-01-01T10:09:22.546+0000] {dag.py:3239} INFO - Sync 1 DAGs
[2025-01-01T10:09:22.664+0000] {logging_mixin.py:190} INFO - [2025-01-01T10:09:22.662+0000] {dag.py:3262} INFO - Creating ORM DAG for example_bash_decorator
[2025-01-01T10:09:22.680+0000] {logging_mixin.py:190} INFO - [2025-01-01T10:09:22.677+0000] {dag.py:4180} INFO - Setting next_dagrun for example_bash_decorator to None, run_after=None
[2025-01-01T10:09:22.806+0000] {processor.py:208} INFO - Processing /home/airflow/.local/lib/python3.12/site-packages/airflow/example_dags/example_bash_decorator.py took 1.757 seconds
[2025-01-01T10:14:51.119+0000] {processor.py:186} INFO - Started process (PID=347) to work on /home/airflow/.local/lib/python3.12/site-packages/airflow/example_dags/example_bash_decorator.py
[2025-01-01T10:14:51.120+0000] {processor.py:914} INFO - Processing file /home/airflow/.local/lib/python3.12/site-packages/airflow/example_dags/example_bash_decorator.py for tasks to queue
[2025-01-01T10:14:51.123+0000] {logging_mixin.py:190} INFO - [2025-01-01T10:14:51.123+0000] {dagbag.py:588} INFO - Filling up the DagBag from /home/airflow/.local/lib/python3.12/site-packages/airflow/example_dags/example_bash_decorator.py
[2025-01-01T10:14:51.141+0000] {processor.py:925} INFO - DAG(s) 'example_bash_decorator' retrieved from /home/airflow/.local/lib/python3.12/site-packages/airflow/example_dags/example_bash_decorator.py
[2025-01-01T10:14:51.177+0000] {logging_mixin.py:190} INFO - [2025-01-01T10:14:51.176+0000] {dag.py:3239} INFO - Sync 1 DAGs
[2025-01-01T10:14:51.194+0000] {logging_mixin.py:190} INFO - [2025-01-01T10:14:51.194+0000] {dag.py:4180} INFO - Setting next_dagrun for example_bash_decorator to None, run_after=None
[2025-01-01T10:14:51.226+0000] {processor.py:208} INFO - Processing /home/airflow/.local/lib/python3.12/site-packages/airflow/example_dags/example_bash_decorator.py took 0.114 seconds
[2025-01-01T10:15:24.787+0000] {processor.py:186} INFO - Started process (PID=416) to work on /home/airflow/.local/lib/python3.12/site-packages/airflow/example_dags/example_bash_decorator.py
[2025-01-01T10:15:24.788+0000] {processor.py:914} INFO - Processing file /home/airflow/.local/lib/python3.12/site-packages/airflow/example_dags/example_bash_decorator.py for tasks to queue
[2025-01-01T10:15:24.791+0000] {logging_mixin.py:190} INFO - [2025-01-01T10:15:24.791+0000] {dagbag.py:588} INFO - Filling up the DagBag from /home/airflow/.local/lib/python3.12/site-packages/airflow/example_dags/example_bash_decorator.py
[2025-01-01T10:15:24.810+0000] {processor.py:925} INFO - DAG(s) 'example_bash_decorator' retrieved from /home/airflow/.local/lib/python3.12/site-packages/airflow/example_dags/example_bash_decorator.py
[2025-01-01T10:15:24.837+0000] {logging_mixin.py:190} INFO - [2025-01-01T10:15:24.837+0000] {dag.py:3239} INFO - Sync 1 DAGs
[2025-01-01T10:15:24.856+0000] {logging_mixin.py:190} INFO - [2025-01-01T10:15:24.856+0000] {dag.py:4180} INFO - Setting next_dagrun for example_bash_decorator to None, run_after=None
[2025-01-01T10:15:24.886+0000] {processor.py:208} INFO - Processing /home/airflow/.local/lib/python3.12/site-packages/airflow/example_dags/example_bash_decorator.py took 0.106 seconds
[2025-01-01T10:15:57.906+0000] {processor.py:186} INFO - Started process (PID=479) to work on /home/airflow/.local/lib/python3.12/site-packages/airflow/example_dags/example_bash_decorator.py
[2025-01-01T10:15:57.934+0000] {processor.py:914} INFO - Processing file /home/airflow/.local/lib/python3.12/site-packages/airflow/example_dags/example_bash_decorator.py for tasks to queue
[2025-01-01T10:15:58.002+0000] {logging_mixin.py:190} INFO - [2025-01-01T10:15:58.001+0000] {dagbag.py:588} INFO - Filling up the DagBag from /home/airflow/.local/lib/python3.12/site-packages/airflow/example_dags/example_bash_decorator.py
[2025-01-01T10:15:58.383+0000] {processor.py:925} INFO - DAG(s) 'example_bash_decorator' retrieved from /home/airflow/.local/lib/python3.12/site-packages/airflow/example_dags/example_bash_decorator.py
[2025-01-01T10:15:58.635+0000] {logging_mixin.py:190} INFO - [2025-01-01T10:15:58.635+0000] {dag.py:3239} INFO - Sync 1 DAGs
[2025-01-01T10:15:58.761+0000] {logging_mixin.py:190} INFO - [2025-01-01T10:15:58.759+0000] {dag.py:4180} INFO - Setting next_dagrun for example_bash_decorator to None, run_after=None
[2025-01-01T10:15:58.943+0000] {processor.py:208} INFO - Processing /home/airflow/.local/lib/python3.12/site-packages/airflow/example_dags/example_bash_decorator.py took 1.190 seconds
[2025-01-01T10:16:29.193+0000] {processor.py:186} INFO - Started process (PID=541) to work on /home/airflow/.local/lib/python3.12/site-packages/airflow/example_dags/example_bash_decorator.py
[2025-01-01T10:16:29.195+0000] {processor.py:914} INFO - Processing file /home/airflow/.local/lib/python3.12/site-packages/airflow/example_dags/example_bash_decorator.py for tasks to queue
[2025-01-01T10:16:29.200+0000] {logging_mixin.py:190} INFO - [2025-01-01T10:16:29.199+0000] {dagbag.py:588} INFO - Filling up the DagBag from /home/airflow/.local/lib/python3.12/site-packages/airflow/example_dags/example_bash_decorator.py
[2025-01-01T10:16:29.217+0000] {processor.py:925} INFO - DAG(s) 'example_bash_decorator' retrieved from /home/airflow/.local/lib/python3.12/site-packages/airflow/example_dags/example_bash_decorator.py
[2025-01-01T10:16:29.253+0000] {logging_mixin.py:190} INFO - [2025-01-01T10:16:29.252+0000] {dag.py:3239} INFO - Sync 1 DAGs
[2025-01-01T10:16:29.269+0000] {logging_mixin.py:190} INFO - [2025-01-01T10:16:29.269+0000] {dag.py:4180} INFO - Setting next_dagrun for example_bash_decorator to None, run_after=None
[2025-01-01T10:16:29.302+0000] {processor.py:208} INFO - Processing /home/airflow/.local/lib/python3.12/site-packages/airflow/example_dags/example_bash_decorator.py took 0.120 seconds
[2025-01-01T10:16:59.703+0000] {processor.py:186} INFO - Started process (PID=604) to work on /home/airflow/.local/lib/python3.12/site-packages/airflow/example_dags/example_bash_decorator.py
[2025-01-01T10:16:59.705+0000] {processor.py:914} INFO - Processing file /home/airflow/.local/lib/python3.12/site-packages/airflow/example_dags/example_bash_decorator.py for tasks to queue
[2025-01-01T10:16:59.709+0000] {logging_mixin.py:190} INFO - [2025-01-01T10:16:59.708+0000] {dagbag.py:588} INFO - Filling up the DagBag from /home/airflow/.local/lib/python3.12/site-packages/airflow/example_dags/example_bash_decorator.py
[2025-01-01T10:16:59.731+0000] {processor.py:925} INFO - DAG(s) 'example_bash_decorator' retrieved from /home/airflow/.local/lib/python3.12/site-packages/airflow/example_dags/example_bash_decorator.py
[2025-01-01T10:16:59.766+0000] {logging_mixin.py:190} INFO - [2025-01-01T10:16:59.766+0000] {dag.py:3239} INFO - Sync 1 DAGs
[2025-01-01T10:16:59.786+0000] {logging_mixin.py:190} INFO - [2025-01-01T10:16:59.786+0000] {dag.py:4180} INFO - Setting next_dagrun for example_bash_decorator to None, run_after=None
[2025-01-01T10:16:59.821+0000] {processor.py:208} INFO - Processing /home/airflow/.local/lib/python3.12/site-packages/airflow/example_dags/example_bash_decorator.py took 0.132 seconds
[2025-01-01T10:17:30.099+0000] {processor.py:186} INFO - Started process (PID=667) to work on /home/airflow/.local/lib/python3.12/site-packages/airflow/example_dags/example_bash_decorator.py
[2025-01-01T10:17:30.100+0000] {processor.py:914} INFO - Processing file /home/airflow/.local/lib/python3.12/site-packages/airflow/example_dags/example_bash_decorator.py for tasks to queue
[2025-01-01T10:17:30.103+0000] {logging_mixin.py:190} INFO - [2025-01-01T10:17:30.103+0000] {dagbag.py:588} INFO - Filling up the DagBag from /home/airflow/.local/lib/python3.12/site-packages/airflow/example_dags/example_bash_decorator.py
[2025-01-01T10:17:30.119+0000] {processor.py:925} INFO - DAG(s) 'example_bash_decorator' retrieved from /home/airflow/.local/lib/python3.12/site-packages/airflow/example_dags/example_bash_decorator.py
[2025-01-01T10:17:30.150+0000] {logging_mixin.py:190} INFO - [2025-01-01T10:17:30.150+0000] {dag.py:3239} INFO - Sync 1 DAGs
[2025-01-01T10:17:30.166+0000] {logging_mixin.py:190} INFO - [2025-01-01T10:17:30.166+0000] {dag.py:4180} INFO - Setting next_dagrun for example_bash_decorator to None, run_after=None
[2025-01-01T10:17:30.192+0000] {processor.py:208} INFO - Processing /home/airflow/.local/lib/python3.12/site-packages/airflow/example_dags/example_bash_decorator.py took 0.100 seconds
[2025-01-01T10:18:14.033+0000] {processor.py:186} INFO - Started process (PID=731) to work on /home/airflow/.local/lib/python3.12/site-packages/airflow/example_dags/example_bash_decorator.py
[2025-01-01T10:18:14.035+0000] {processor.py:914} INFO - Processing file /home/airflow/.local/lib/python3.12/site-packages/airflow/example_dags/example_bash_decorator.py for tasks to queue
[2025-01-01T10:18:14.038+0000] {logging_mixin.py:190} INFO - [2025-01-01T10:18:14.038+0000] {dagbag.py:588} INFO - Filling up the DagBag from /home/airflow/.local/lib/python3.12/site-packages/airflow/example_dags/example_bash_decorator.py
[2025-01-01T10:18:14.069+0000] {processor.py:925} INFO - DAG(s) 'example_bash_decorator' retrieved from /home/airflow/.local/lib/python3.12/site-packages/airflow/example_dags/example_bash_decorator.py
[2025-01-01T10:18:14.129+0000] {logging_mixin.py:190} INFO - [2025-01-01T10:18:14.128+0000] {dag.py:3239} INFO - Sync 1 DAGs
[2025-01-01T10:18:14.180+0000] {logging_mixin.py:190} INFO - [2025-01-01T10:18:14.180+0000] {dag.py:4180} INFO - Setting next_dagrun for example_bash_decorator to None, run_after=None
[2025-01-01T10:18:14.239+0000] {processor.py:208} INFO - Processing /home/airflow/.local/lib/python3.12/site-packages/airflow/example_dags/example_bash_decorator.py took 0.216 seconds
[2025-01-01T10:18:48.326+0000] {processor.py:186} INFO - Started process (PID=793) to work on /home/airflow/.local/lib/python3.12/site-packages/airflow/example_dags/example_bash_decorator.py
[2025-01-01T10:18:48.332+0000] {processor.py:914} INFO - Processing file /home/airflow/.local/lib/python3.12/site-packages/airflow/example_dags/example_bash_decorator.py for tasks to queue
[2025-01-01T10:18:48.347+0000] {logging_mixin.py:190} INFO - [2025-01-01T10:18:48.345+0000] {dagbag.py:588} INFO - Filling up the DagBag from /home/airflow/.local/lib/python3.12/site-packages/airflow/example_dags/example_bash_decorator.py
[2025-01-01T10:18:48.482+0000] {processor.py:925} INFO - DAG(s) 'example_bash_decorator' retrieved from /home/airflow/.local/lib/python3.12/site-packages/airflow/example_dags/example_bash_decorator.py
[2025-01-01T10:18:48.803+0000] {logging_mixin.py:190} INFO - [2025-01-01T10:18:48.798+0000] {dag.py:3239} INFO - Sync 1 DAGs
[2025-01-01T10:18:49.017+0000] {logging_mixin.py:190} INFO - [2025-01-01T10:18:49.015+0000] {dag.py:4180} INFO - Setting next_dagrun for example_bash_decorator to None, run_after=None
[2025-01-01T10:18:49.206+0000] {processor.py:208} INFO - Processing /home/airflow/.local/lib/python3.12/site-packages/airflow/example_dags/example_bash_decorator.py took 0.917 seconds
[2025-01-01T10:19:34.390+0000] {processor.py:186} INFO - Started process (PID=872) to work on /home/airflow/.local/lib/python3.12/site-packages/airflow/example_dags/example_bash_decorator.py
[2025-01-01T10:19:34.393+0000] {processor.py:914} INFO - Processing file /home/airflow/.local/lib/python3.12/site-packages/airflow/example_dags/example_bash_decorator.py for tasks to queue
[2025-01-01T10:19:34.403+0000] {logging_mixin.py:190} INFO - [2025-01-01T10:19:34.401+0000] {dagbag.py:588} INFO - Filling up the DagBag from /home/airflow/.local/lib/python3.12/site-packages/airflow/example_dags/example_bash_decorator.py
[2025-01-01T10:19:34.463+0000] {processor.py:925} INFO - DAG(s) 'example_bash_decorator' retrieved from /home/airflow/.local/lib/python3.12/site-packages/airflow/example_dags/example_bash_decorator.py
[2025-01-01T10:19:34.554+0000] {logging_mixin.py:190} INFO - [2025-01-01T10:19:34.553+0000] {dag.py:3239} INFO - Sync 1 DAGs
[2025-01-01T10:19:34.606+0000] {logging_mixin.py:190} INFO - [2025-01-01T10:19:34.606+0000] {dag.py:4180} INFO - Setting next_dagrun for example_bash_decorator to None, run_after=None
[2025-01-01T10:19:34.669+0000] {processor.py:208} INFO - Processing /home/airflow/.local/lib/python3.12/site-packages/airflow/example_dags/example_bash_decorator.py took 0.302 seconds
[2025-01-01T10:20:05.088+0000] {processor.py:186} INFO - Started process (PID=934) to work on /home/airflow/.local/lib/python3.12/site-packages/airflow/example_dags/example_bash_decorator.py
[2025-01-01T10:20:05.090+0000] {processor.py:914} INFO - Processing file /home/airflow/.local/lib/python3.12/site-packages/airflow/example_dags/example_bash_decorator.py for tasks to queue
[2025-01-01T10:20:05.093+0000] {logging_mixin.py:190} INFO - [2025-01-01T10:20:05.092+0000] {dagbag.py:588} INFO - Filling up the DagBag from /home/airflow/.local/lib/python3.12/site-packages/airflow/example_dags/example_bash_decorator.py
[2025-01-01T10:20:05.112+0000] {processor.py:925} INFO - DAG(s) 'example_bash_decorator' retrieved from /home/airflow/.local/lib/python3.12/site-packages/airflow/example_dags/example_bash_decorator.py
[2025-01-01T10:20:05.146+0000] {logging_mixin.py:190} INFO - [2025-01-01T10:20:05.146+0000] {dag.py:3239} INFO - Sync 1 DAGs
[2025-01-01T10:20:05.174+0000] {logging_mixin.py:190} INFO - [2025-01-01T10:20:05.174+0000] {dag.py:4180} INFO - Setting next_dagrun for example_bash_decorator to None, run_after=None
[2025-01-01T10:20:05.207+0000] {processor.py:208} INFO - Processing /home/airflow/.local/lib/python3.12/site-packages/airflow/example_dags/example_bash_decorator.py took 0.126 seconds
[2025-01-01T10:20:35.781+0000] {processor.py:186} INFO - Started process (PID=997) to work on /home/airflow/.local/lib/python3.12/site-packages/airflow/example_dags/example_bash_decorator.py
[2025-01-01T10:20:35.783+0000] {processor.py:914} INFO - Processing file /home/airflow/.local/lib/python3.12/site-packages/airflow/example_dags/example_bash_decorator.py for tasks to queue
[2025-01-01T10:20:35.787+0000] {logging_mixin.py:190} INFO - [2025-01-01T10:20:35.787+0000] {dagbag.py:588} INFO - Filling up the DagBag from /home/airflow/.local/lib/python3.12/site-packages/airflow/example_dags/example_bash_decorator.py
[2025-01-01T10:20:35.808+0000] {processor.py:925} INFO - DAG(s) 'example_bash_decorator' retrieved from /home/airflow/.local/lib/python3.12/site-packages/airflow/example_dags/example_bash_decorator.py
[2025-01-01T10:20:35.841+0000] {logging_mixin.py:190} INFO - [2025-01-01T10:20:35.841+0000] {dag.py:3239} INFO - Sync 1 DAGs
[2025-01-01T10:20:35.863+0000] {logging_mixin.py:190} INFO - [2025-01-01T10:20:35.863+0000] {dag.py:4180} INFO - Setting next_dagrun for example_bash_decorator to None, run_after=None
[2025-01-01T10:20:35.892+0000] {processor.py:208} INFO - Processing /home/airflow/.local/lib/python3.12/site-packages/airflow/example_dags/example_bash_decorator.py took 0.119 seconds
[2025-01-01T10:21:06.307+0000] {processor.py:186} INFO - Started process (PID=1060) to work on /home/airflow/.local/lib/python3.12/site-packages/airflow/example_dags/example_bash_decorator.py
[2025-01-01T10:21:06.309+0000] {processor.py:914} INFO - Processing file /home/airflow/.local/lib/python3.12/site-packages/airflow/example_dags/example_bash_decorator.py for tasks to queue
[2025-01-01T10:21:06.313+0000] {logging_mixin.py:190} INFO - [2025-01-01T10:21:06.312+0000] {dagbag.py:588} INFO - Filling up the DagBag from /home/airflow/.local/lib/python3.12/site-packages/airflow/example_dags/example_bash_decorator.py
[2025-01-01T10:21:06.334+0000] {processor.py:925} INFO - DAG(s) 'example_bash_decorator' retrieved from /home/airflow/.local/lib/python3.12/site-packages/airflow/example_dags/example_bash_decorator.py
[2025-01-01T10:21:06.364+0000] {logging_mixin.py:190} INFO - [2025-01-01T10:21:06.364+0000] {dag.py:3239} INFO - Sync 1 DAGs
[2025-01-01T10:21:06.383+0000] {logging_mixin.py:190} INFO - [2025-01-01T10:21:06.382+0000] {dag.py:4180} INFO - Setting next_dagrun for example_bash_decorator to None, run_after=None
[2025-01-01T10:21:06.412+0000] {processor.py:208} INFO - Processing /home/airflow/.local/lib/python3.12/site-packages/airflow/example_dags/example_bash_decorator.py took 0.113 seconds
[2025-01-01T10:21:36.725+0000] {processor.py:186} INFO - Started process (PID=1124) to work on /home/airflow/.local/lib/python3.12/site-packages/airflow/example_dags/example_bash_decorator.py
[2025-01-01T10:21:36.729+0000] {processor.py:914} INFO - Processing file /home/airflow/.local/lib/python3.12/site-packages/airflow/example_dags/example_bash_decorator.py for tasks to queue
[2025-01-01T10:21:36.741+0000] {logging_mixin.py:190} INFO - [2025-01-01T10:21:36.739+0000] {dagbag.py:588} INFO - Filling up the DagBag from /home/airflow/.local/lib/python3.12/site-packages/airflow/example_dags/example_bash_decorator.py
[2025-01-01T10:21:36.801+0000] {processor.py:925} INFO - DAG(s) 'example_bash_decorator' retrieved from /home/airflow/.local/lib/python3.12/site-packages/airflow/example_dags/example_bash_decorator.py
[2025-01-01T10:21:36.884+0000] {logging_mixin.py:190} INFO - [2025-01-01T10:21:36.883+0000] {dag.py:3239} INFO - Sync 1 DAGs
[2025-01-01T10:21:36.949+0000] {logging_mixin.py:190} INFO - [2025-01-01T10:21:36.948+0000] {dag.py:4180} INFO - Setting next_dagrun for example_bash_decorator to None, run_after=None
[2025-01-01T10:21:37.022+0000] {processor.py:208} INFO - Processing /home/airflow/.local/lib/python3.12/site-packages/airflow/example_dags/example_bash_decorator.py took 0.327 seconds
[2025-01-01T10:22:07.994+0000] {processor.py:186} INFO - Started process (PID=1187) to work on /home/airflow/.local/lib/python3.12/site-packages/airflow/example_dags/example_bash_decorator.py
[2025-01-01T10:22:07.996+0000] {processor.py:914} INFO - Processing file /home/airflow/.local/lib/python3.12/site-packages/airflow/example_dags/example_bash_decorator.py for tasks to queue
[2025-01-01T10:22:08.000+0000] {logging_mixin.py:190} INFO - [2025-01-01T10:22:08.000+0000] {dagbag.py:588} INFO - Filling up the DagBag from /home/airflow/.local/lib/python3.12/site-packages/airflow/example_dags/example_bash_decorator.py
[2025-01-01T10:22:08.020+0000] {processor.py:925} INFO - DAG(s) 'example_bash_decorator' retrieved from /home/airflow/.local/lib/python3.12/site-packages/airflow/example_dags/example_bash_decorator.py
[2025-01-01T10:22:08.065+0000] {logging_mixin.py:190} INFO - [2025-01-01T10:22:08.065+0000] {dag.py:3239} INFO - Sync 1 DAGs
[2025-01-01T10:22:08.088+0000] {logging_mixin.py:190} INFO - [2025-01-01T10:22:08.088+0000] {dag.py:4180} INFO - Setting next_dagrun for example_bash_decorator to None, run_after=None
[2025-01-01T10:22:08.125+0000] {processor.py:208} INFO - Processing /home/airflow/.local/lib/python3.12/site-packages/airflow/example_dags/example_bash_decorator.py took 0.138 seconds
[2025-01-01T10:22:38.719+0000] {processor.py:186} INFO - Started process (PID=1250) to work on /home/airflow/.local/lib/python3.12/site-packages/airflow/example_dags/example_bash_decorator.py
[2025-01-01T10:22:38.722+0000] {processor.py:914} INFO - Processing file /home/airflow/.local/lib/python3.12/site-packages/airflow/example_dags/example_bash_decorator.py for tasks to queue
[2025-01-01T10:22:38.729+0000] {logging_mixin.py:190} INFO - [2025-01-01T10:22:38.728+0000] {dagbag.py:588} INFO - Filling up the DagBag from /home/airflow/.local/lib/python3.12/site-packages/airflow/example_dags/example_bash_decorator.py
[2025-01-01T10:22:38.774+0000] {processor.py:925} INFO - DAG(s) 'example_bash_decorator' retrieved from /home/airflow/.local/lib/python3.12/site-packages/airflow/example_dags/example_bash_decorator.py
[2025-01-01T10:22:38.826+0000] {logging_mixin.py:190} INFO - [2025-01-01T10:22:38.825+0000] {dag.py:3239} INFO - Sync 1 DAGs
[2025-01-01T10:22:38.858+0000] {logging_mixin.py:190} INFO - [2025-01-01T10:22:38.858+0000] {dag.py:4180} INFO - Setting next_dagrun for example_bash_decorator to None, run_after=None
[2025-01-01T10:22:38.903+0000] {processor.py:208} INFO - Processing /home/airflow/.local/lib/python3.12/site-packages/airflow/example_dags/example_bash_decorator.py took 0.198 seconds
[2025-01-01T10:23:09.249+0000] {processor.py:186} INFO - Started process (PID=1313) to work on /home/airflow/.local/lib/python3.12/site-packages/airflow/example_dags/example_bash_decorator.py
[2025-01-01T10:23:09.251+0000] {processor.py:914} INFO - Processing file /home/airflow/.local/lib/python3.12/site-packages/airflow/example_dags/example_bash_decorator.py for tasks to queue
[2025-01-01T10:23:09.254+0000] {logging_mixin.py:190} INFO - [2025-01-01T10:23:09.254+0000] {dagbag.py:588} INFO - Filling up the DagBag from /home/airflow/.local/lib/python3.12/site-packages/airflow/example_dags/example_bash_decorator.py
[2025-01-01T10:23:09.267+0000] {processor.py:925} INFO - DAG(s) 'example_bash_decorator' retrieved from /home/airflow/.local/lib/python3.12/site-packages/airflow/example_dags/example_bash_decorator.py
[2025-01-01T10:23:09.294+0000] {logging_mixin.py:190} INFO - [2025-01-01T10:23:09.294+0000] {dag.py:3239} INFO - Sync 1 DAGs
[2025-01-01T10:23:09.308+0000] {logging_mixin.py:190} INFO - [2025-01-01T10:23:09.308+0000] {dag.py:4180} INFO - Setting next_dagrun for example_bash_decorator to None, run_after=None
[2025-01-01T10:23:09.338+0000] {processor.py:208} INFO - Processing /home/airflow/.local/lib/python3.12/site-packages/airflow/example_dags/example_bash_decorator.py took 0.095 seconds
[2025-01-01T10:23:41.203+0000] {processor.py:186} INFO - Started process (PID=1375) to work on /home/airflow/.local/lib/python3.12/site-packages/airflow/example_dags/example_bash_decorator.py
[2025-01-01T10:23:41.207+0000] {processor.py:914} INFO - Processing file /home/airflow/.local/lib/python3.12/site-packages/airflow/example_dags/example_bash_decorator.py for tasks to queue
[2025-01-01T10:23:41.219+0000] {logging_mixin.py:190} INFO - [2025-01-01T10:23:41.217+0000] {dagbag.py:588} INFO - Filling up the DagBag from /home/airflow/.local/lib/python3.12/site-packages/airflow/example_dags/example_bash_decorator.py
[2025-01-01T10:23:41.325+0000] {processor.py:925} INFO - DAG(s) 'example_bash_decorator' retrieved from /home/airflow/.local/lib/python3.12/site-packages/airflow/example_dags/example_bash_decorator.py
[2025-01-01T10:23:41.429+0000] {logging_mixin.py:190} INFO - [2025-01-01T10:23:41.428+0000] {dag.py:3239} INFO - Sync 1 DAGs
[2025-01-01T10:23:41.488+0000] {logging_mixin.py:190} INFO - [2025-01-01T10:23:41.487+0000] {dag.py:4180} INFO - Setting next_dagrun for example_bash_decorator to None, run_after=None
[2025-01-01T10:23:41.557+0000] {processor.py:208} INFO - Processing /home/airflow/.local/lib/python3.12/site-packages/airflow/example_dags/example_bash_decorator.py took 0.379 seconds
[2025-01-01T10:24:16.865+0000] {processor.py:186} INFO - Started process (PID=1438) to work on /home/airflow/.local/lib/python3.12/site-packages/airflow/example_dags/example_bash_decorator.py
[2025-01-01T10:24:16.872+0000] {processor.py:914} INFO - Processing file /home/airflow/.local/lib/python3.12/site-packages/airflow/example_dags/example_bash_decorator.py for tasks to queue
[2025-01-01T10:24:16.892+0000] {logging_mixin.py:190} INFO - [2025-01-01T10:24:16.889+0000] {dagbag.py:588} INFO - Filling up the DagBag from /home/airflow/.local/lib/python3.12/site-packages/airflow/example_dags/example_bash_decorator.py
[2025-01-01T10:24:16.983+0000] {processor.py:925} INFO - DAG(s) 'example_bash_decorator' retrieved from /home/airflow/.local/lib/python3.12/site-packages/airflow/example_dags/example_bash_decorator.py
[2025-01-01T10:24:17.110+0000] {logging_mixin.py:190} INFO - [2025-01-01T10:24:17.109+0000] {dag.py:3239} INFO - Sync 1 DAGs
[2025-01-01T10:24:17.167+0000] {logging_mixin.py:190} INFO - [2025-01-01T10:24:17.166+0000] {dag.py:4180} INFO - Setting next_dagrun for example_bash_decorator to None, run_after=None
[2025-01-01T10:24:17.243+0000] {processor.py:208} INFO - Processing /home/airflow/.local/lib/python3.12/site-packages/airflow/example_dags/example_bash_decorator.py took 0.411 seconds
[2025-01-01T10:25:18.673+0000] {processor.py:186} INFO - Started process (PID=1526) to work on /home/airflow/.local/lib/python3.12/site-packages/airflow/example_dags/example_bash_decorator.py
[2025-01-01T10:25:18.686+0000] {processor.py:914} INFO - Processing file /home/airflow/.local/lib/python3.12/site-packages/airflow/example_dags/example_bash_decorator.py for tasks to queue
[2025-01-01T10:25:18.738+0000] {logging_mixin.py:190} INFO - [2025-01-01T10:25:18.735+0000] {dagbag.py:588} INFO - Filling up the DagBag from /home/airflow/.local/lib/python3.12/site-packages/airflow/example_dags/example_bash_decorator.py
[2025-01-01T10:25:19.061+0000] {processor.py:925} INFO - DAG(s) 'example_bash_decorator' retrieved from /home/airflow/.local/lib/python3.12/site-packages/airflow/example_dags/example_bash_decorator.py
[2025-01-01T10:25:19.563+0000] {logging_mixin.py:190} INFO - [2025-01-01T10:25:19.549+0000] {dag.py:3239} INFO - Sync 1 DAGs
[2025-01-01T10:25:19.896+0000] {logging_mixin.py:190} INFO - [2025-01-01T10:25:19.894+0000] {dag.py:4180} INFO - Setting next_dagrun for example_bash_decorator to None, run_after=None
[2025-01-01T10:25:20.126+0000] {processor.py:208} INFO - Processing /home/airflow/.local/lib/python3.12/site-packages/airflow/example_dags/example_bash_decorator.py took 1.538 seconds
[2025-01-01T10:26:01.949+0000] {processor.py:186} INFO - Started process (PID=1594) to work on /home/airflow/.local/lib/python3.12/site-packages/airflow/example_dags/example_bash_decorator.py
[2025-01-01T10:26:01.952+0000] {processor.py:914} INFO - Processing file /home/airflow/.local/lib/python3.12/site-packages/airflow/example_dags/example_bash_decorator.py for tasks to queue
[2025-01-01T10:26:01.965+0000] {logging_mixin.py:190} INFO - [2025-01-01T10:26:01.963+0000] {dagbag.py:588} INFO - Filling up the DagBag from /home/airflow/.local/lib/python3.12/site-packages/airflow/example_dags/example_bash_decorator.py
[2025-01-01T10:26:02.027+0000] {processor.py:925} INFO - DAG(s) 'example_bash_decorator' retrieved from /home/airflow/.local/lib/python3.12/site-packages/airflow/example_dags/example_bash_decorator.py
[2025-01-01T10:26:02.120+0000] {logging_mixin.py:190} INFO - [2025-01-01T10:26:02.120+0000] {dag.py:3239} INFO - Sync 1 DAGs
[2025-01-01T10:26:02.165+0000] {logging_mixin.py:190} INFO - [2025-01-01T10:26:02.165+0000] {dag.py:4180} INFO - Setting next_dagrun for example_bash_decorator to None, run_after=None
[2025-01-01T10:26:02.223+0000] {processor.py:208} INFO - Processing /home/airflow/.local/lib/python3.12/site-packages/airflow/example_dags/example_bash_decorator.py took 0.300 seconds
[2025-01-01T10:26:33.044+0000] {processor.py:186} INFO - Started process (PID=1658) to work on /home/airflow/.local/lib/python3.12/site-packages/airflow/example_dags/example_bash_decorator.py
[2025-01-01T10:26:33.048+0000] {processor.py:914} INFO - Processing file /home/airflow/.local/lib/python3.12/site-packages/airflow/example_dags/example_bash_decorator.py for tasks to queue
[2025-01-01T10:26:33.059+0000] {logging_mixin.py:190} INFO - [2025-01-01T10:26:33.058+0000] {dagbag.py:588} INFO - Filling up the DagBag from /home/airflow/.local/lib/python3.12/site-packages/airflow/example_dags/example_bash_decorator.py
[2025-01-01T10:26:33.136+0000] {processor.py:925} INFO - DAG(s) 'example_bash_decorator' retrieved from /home/airflow/.local/lib/python3.12/site-packages/airflow/example_dags/example_bash_decorator.py
[2025-01-01T10:26:33.270+0000] {logging_mixin.py:190} INFO - [2025-01-01T10:26:33.268+0000] {dag.py:3239} INFO - Sync 1 DAGs
[2025-01-01T10:26:33.361+0000] {logging_mixin.py:190} INFO - [2025-01-01T10:26:33.360+0000] {dag.py:4180} INFO - Setting next_dagrun for example_bash_decorator to None, run_after=None
[2025-01-01T10:26:33.446+0000] {processor.py:208} INFO - Processing /home/airflow/.local/lib/python3.12/site-packages/airflow/example_dags/example_bash_decorator.py took 0.432 seconds
[2025-01-01T10:27:04.123+0000] {processor.py:186} INFO - Started process (PID=1720) to work on /home/airflow/.local/lib/python3.12/site-packages/airflow/example_dags/example_bash_decorator.py
[2025-01-01T10:27:04.125+0000] {processor.py:914} INFO - Processing file /home/airflow/.local/lib/python3.12/site-packages/airflow/example_dags/example_bash_decorator.py for tasks to queue
[2025-01-01T10:27:04.128+0000] {logging_mixin.py:190} INFO - [2025-01-01T10:27:04.128+0000] {dagbag.py:588} INFO - Filling up the DagBag from /home/airflow/.local/lib/python3.12/site-packages/airflow/example_dags/example_bash_decorator.py
[2025-01-01T10:27:04.163+0000] {processor.py:925} INFO - DAG(s) 'example_bash_decorator' retrieved from /home/airflow/.local/lib/python3.12/site-packages/airflow/example_dags/example_bash_decorator.py
[2025-01-01T10:27:04.195+0000] {logging_mixin.py:190} INFO - [2025-01-01T10:27:04.194+0000] {dag.py:3239} INFO - Sync 1 DAGs
[2025-01-01T10:27:04.215+0000] {logging_mixin.py:190} INFO - [2025-01-01T10:27:04.215+0000] {dag.py:4180} INFO - Setting next_dagrun for example_bash_decorator to None, run_after=None
[2025-01-01T10:27:04.241+0000] {processor.py:208} INFO - Processing /home/airflow/.local/lib/python3.12/site-packages/airflow/example_dags/example_bash_decorator.py took 0.128 seconds
[2025-01-01T10:27:34.486+0000] {processor.py:186} INFO - Started process (PID=1783) to work on /home/airflow/.local/lib/python3.12/site-packages/airflow/example_dags/example_bash_decorator.py
[2025-01-01T10:27:34.489+0000] {processor.py:914} INFO - Processing file /home/airflow/.local/lib/python3.12/site-packages/airflow/example_dags/example_bash_decorator.py for tasks to queue
[2025-01-01T10:27:34.493+0000] {logging_mixin.py:190} INFO - [2025-01-01T10:27:34.493+0000] {dagbag.py:588} INFO - Filling up the DagBag from /home/airflow/.local/lib/python3.12/site-packages/airflow/example_dags/example_bash_decorator.py
[2025-01-01T10:27:34.527+0000] {processor.py:925} INFO - DAG(s) 'example_bash_decorator' retrieved from /home/airflow/.local/lib/python3.12/site-packages/airflow/example_dags/example_bash_decorator.py
[2025-01-01T10:27:34.566+0000] {logging_mixin.py:190} INFO - [2025-01-01T10:27:34.565+0000] {dag.py:3239} INFO - Sync 1 DAGs
[2025-01-01T10:27:34.591+0000] {logging_mixin.py:190} INFO - [2025-01-01T10:27:34.591+0000] {dag.py:4180} INFO - Setting next_dagrun for example_bash_decorator to None, run_after=None
[2025-01-01T10:27:34.628+0000] {processor.py:208} INFO - Processing /home/airflow/.local/lib/python3.12/site-packages/airflow/example_dags/example_bash_decorator.py took 0.151 seconds
[2025-01-01T10:28:07.399+0000] {processor.py:186} INFO - Started process (PID=1846) to work on /home/airflow/.local/lib/python3.12/site-packages/airflow/example_dags/example_bash_decorator.py
[2025-01-01T10:28:07.403+0000] {processor.py:914} INFO - Processing file /home/airflow/.local/lib/python3.12/site-packages/airflow/example_dags/example_bash_decorator.py for tasks to queue
[2025-01-01T10:28:07.413+0000] {logging_mixin.py:190} INFO - [2025-01-01T10:28:07.411+0000] {dagbag.py:588} INFO - Filling up the DagBag from /home/airflow/.local/lib/python3.12/site-packages/airflow/example_dags/example_bash_decorator.py
[2025-01-01T10:28:07.477+0000] {processor.py:925} INFO - DAG(s) 'example_bash_decorator' retrieved from /home/airflow/.local/lib/python3.12/site-packages/airflow/example_dags/example_bash_decorator.py
[2025-01-01T10:28:07.586+0000] {logging_mixin.py:190} INFO - [2025-01-01T10:28:07.585+0000] {dag.py:3239} INFO - Sync 1 DAGs
[2025-01-01T10:28:07.658+0000] {logging_mixin.py:190} INFO - [2025-01-01T10:28:07.657+0000] {dag.py:4180} INFO - Setting next_dagrun for example_bash_decorator to None, run_after=None
[2025-01-01T10:28:07.765+0000] {processor.py:208} INFO - Processing /home/airflow/.local/lib/python3.12/site-packages/airflow/example_dags/example_bash_decorator.py took 0.392 seconds
[2025-01-01T10:28:46.235+0000] {processor.py:186} INFO - Started process (PID=1910) to work on /home/airflow/.local/lib/python3.12/site-packages/airflow/example_dags/example_bash_decorator.py
[2025-01-01T10:28:46.243+0000] {processor.py:914} INFO - Processing file /home/airflow/.local/lib/python3.12/site-packages/airflow/example_dags/example_bash_decorator.py for tasks to queue
[2025-01-01T10:28:46.282+0000] {logging_mixin.py:190} INFO - [2025-01-01T10:28:46.276+0000] {dagbag.py:588} INFO - Filling up the DagBag from /home/airflow/.local/lib/python3.12/site-packages/airflow/example_dags/example_bash_decorator.py
[2025-01-01T10:28:46.537+0000] {processor.py:925} INFO - DAG(s) 'example_bash_decorator' retrieved from /home/airflow/.local/lib/python3.12/site-packages/airflow/example_dags/example_bash_decorator.py
[2025-01-01T10:28:46.790+0000] {logging_mixin.py:190} INFO - [2025-01-01T10:28:46.788+0000] {dag.py:3239} INFO - Sync 1 DAGs
[2025-01-01T10:28:46.968+0000] {logging_mixin.py:190} INFO - [2025-01-01T10:28:46.966+0000] {dag.py:4180} INFO - Setting next_dagrun for example_bash_decorator to None, run_after=None
[2025-01-01T10:28:47.160+0000] {processor.py:208} INFO - Processing /home/airflow/.local/lib/python3.12/site-packages/airflow/example_dags/example_bash_decorator.py took 0.988 seconds
[2025-01-01T10:29:32.173+0000] {processor.py:186} INFO - Started process (PID=1987) to work on /home/airflow/.local/lib/python3.12/site-packages/airflow/example_dags/example_bash_decorator.py
[2025-01-01T10:29:32.176+0000] {processor.py:914} INFO - Processing file /home/airflow/.local/lib/python3.12/site-packages/airflow/example_dags/example_bash_decorator.py for tasks to queue
[2025-01-01T10:29:32.183+0000] {logging_mixin.py:190} INFO - [2025-01-01T10:29:32.182+0000] {dagbag.py:588} INFO - Filling up the DagBag from /home/airflow/.local/lib/python3.12/site-packages/airflow/example_dags/example_bash_decorator.py
[2025-01-01T10:29:32.229+0000] {processor.py:925} INFO - DAG(s) 'example_bash_decorator' retrieved from /home/airflow/.local/lib/python3.12/site-packages/airflow/example_dags/example_bash_decorator.py
[2025-01-01T10:29:32.300+0000] {logging_mixin.py:190} INFO - [2025-01-01T10:29:32.299+0000] {dag.py:3239} INFO - Sync 1 DAGs
[2025-01-01T10:29:32.349+0000] {logging_mixin.py:190} INFO - [2025-01-01T10:29:32.348+0000] {dag.py:4180} INFO - Setting next_dagrun for example_bash_decorator to None, run_after=None
[2025-01-01T10:29:32.414+0000] {processor.py:208} INFO - Processing /home/airflow/.local/lib/python3.12/site-packages/airflow/example_dags/example_bash_decorator.py took 0.261 seconds
[2025-01-01T10:30:15.022+0000] {processor.py:186} INFO - Started process (PID=2054) to work on /home/airflow/.local/lib/python3.12/site-packages/airflow/example_dags/example_bash_decorator.py
[2025-01-01T10:30:15.042+0000] {processor.py:914} INFO - Processing file /home/airflow/.local/lib/python3.12/site-packages/airflow/example_dags/example_bash_decorator.py for tasks to queue
[2025-01-01T10:30:15.072+0000] {logging_mixin.py:190} INFO - [2025-01-01T10:30:15.070+0000] {dagbag.py:588} INFO - Filling up the DagBag from /home/airflow/.local/lib/python3.12/site-packages/airflow/example_dags/example_bash_decorator.py
[2025-01-01T10:30:15.155+0000] {processor.py:925} INFO - DAG(s) 'example_bash_decorator' retrieved from /home/airflow/.local/lib/python3.12/site-packages/airflow/example_dags/example_bash_decorator.py
[2025-01-01T10:30:15.506+0000] {logging_mixin.py:190} INFO - [2025-01-01T10:30:15.505+0000] {dag.py:3239} INFO - Sync 1 DAGs
[2025-01-01T10:30:15.740+0000] {logging_mixin.py:190} INFO - [2025-01-01T10:30:15.740+0000] {dag.py:4180} INFO - Setting next_dagrun for example_bash_decorator to None, run_after=None
[2025-01-01T10:30:16.008+0000] {processor.py:208} INFO - Processing /home/airflow/.local/lib/python3.12/site-packages/airflow/example_dags/example_bash_decorator.py took 1.082 seconds
[2025-01-01T10:30:50.308+0000] {processor.py:186} INFO - Started process (PID=2122) to work on /home/airflow/.local/lib/python3.12/site-packages/airflow/example_dags/example_bash_decorator.py
[2025-01-01T10:30:50.310+0000] {processor.py:914} INFO - Processing file /home/airflow/.local/lib/python3.12/site-packages/airflow/example_dags/example_bash_decorator.py for tasks to queue
[2025-01-01T10:30:50.318+0000] {logging_mixin.py:190} INFO - [2025-01-01T10:30:50.317+0000] {dagbag.py:588} INFO - Filling up the DagBag from /home/airflow/.local/lib/python3.12/site-packages/airflow/example_dags/example_bash_decorator.py
[2025-01-01T10:30:50.368+0000] {processor.py:925} INFO - DAG(s) 'example_bash_decorator' retrieved from /home/airflow/.local/lib/python3.12/site-packages/airflow/example_dags/example_bash_decorator.py
[2025-01-01T10:30:50.438+0000] {logging_mixin.py:190} INFO - [2025-01-01T10:30:50.437+0000] {dag.py:3239} INFO - Sync 1 DAGs
[2025-01-01T10:30:50.481+0000] {logging_mixin.py:190} INFO - [2025-01-01T10:30:50.481+0000] {dag.py:4180} INFO - Setting next_dagrun for example_bash_decorator to None, run_after=None
[2025-01-01T10:30:50.532+0000] {processor.py:208} INFO - Processing /home/airflow/.local/lib/python3.12/site-packages/airflow/example_dags/example_bash_decorator.py took 0.247 seconds
[2025-01-01T10:31:34.656+0000] {processor.py:186} INFO - Started process (PID=2196) to work on /home/airflow/.local/lib/python3.12/site-packages/airflow/example_dags/example_bash_decorator.py
[2025-01-01T10:31:34.661+0000] {processor.py:914} INFO - Processing file /home/airflow/.local/lib/python3.12/site-packages/airflow/example_dags/example_bash_decorator.py for tasks to queue
[2025-01-01T10:31:34.675+0000] {logging_mixin.py:190} INFO - [2025-01-01T10:31:34.673+0000] {dagbag.py:588} INFO - Filling up the DagBag from /home/airflow/.local/lib/python3.12/site-packages/airflow/example_dags/example_bash_decorator.py
[2025-01-01T10:31:34.760+0000] {processor.py:925} INFO - DAG(s) 'example_bash_decorator' retrieved from /home/airflow/.local/lib/python3.12/site-packages/airflow/example_dags/example_bash_decorator.py
[2025-01-01T10:31:34.883+0000] {logging_mixin.py:190} INFO - [2025-01-01T10:31:34.882+0000] {dag.py:3239} INFO - Sync 1 DAGs
[2025-01-01T10:31:34.960+0000] {logging_mixin.py:190} INFO - [2025-01-01T10:31:34.959+0000] {dag.py:4180} INFO - Setting next_dagrun for example_bash_decorator to None, run_after=None
[2025-01-01T10:31:35.041+0000] {processor.py:208} INFO - Processing /home/airflow/.local/lib/python3.12/site-packages/airflow/example_dags/example_bash_decorator.py took 0.425 seconds
[2025-01-01T10:32:05.621+0000] {processor.py:186} INFO - Started process (PID=2259) to work on /home/airflow/.local/lib/python3.12/site-packages/airflow/example_dags/example_bash_decorator.py
[2025-01-01T10:32:05.624+0000] {processor.py:914} INFO - Processing file /home/airflow/.local/lib/python3.12/site-packages/airflow/example_dags/example_bash_decorator.py for tasks to queue
[2025-01-01T10:32:05.630+0000] {logging_mixin.py:190} INFO - [2025-01-01T10:32:05.629+0000] {dagbag.py:588} INFO - Filling up the DagBag from /home/airflow/.local/lib/python3.12/site-packages/airflow/example_dags/example_bash_decorator.py
[2025-01-01T10:32:05.670+0000] {processor.py:925} INFO - DAG(s) 'example_bash_decorator' retrieved from /home/airflow/.local/lib/python3.12/site-packages/airflow/example_dags/example_bash_decorator.py
[2025-01-01T10:32:05.729+0000] {logging_mixin.py:190} INFO - [2025-01-01T10:32:05.729+0000] {dag.py:3239} INFO - Sync 1 DAGs
[2025-01-01T10:32:05.766+0000] {logging_mixin.py:190} INFO - [2025-01-01T10:32:05.765+0000] {dag.py:4180} INFO - Setting next_dagrun for example_bash_decorator to None, run_after=None
[2025-01-01T10:32:05.818+0000] {processor.py:208} INFO - Processing /home/airflow/.local/lib/python3.12/site-packages/airflow/example_dags/example_bash_decorator.py took 0.214 seconds
[2025-01-01T10:32:36.868+0000] {processor.py:186} INFO - Started process (PID=2322) to work on /home/airflow/.local/lib/python3.12/site-packages/airflow/example_dags/example_bash_decorator.py
[2025-01-01T10:32:36.874+0000] {processor.py:914} INFO - Processing file /home/airflow/.local/lib/python3.12/site-packages/airflow/example_dags/example_bash_decorator.py for tasks to queue
[2025-01-01T10:32:36.891+0000] {logging_mixin.py:190} INFO - [2025-01-01T10:32:36.887+0000] {dagbag.py:588} INFO - Filling up the DagBag from /home/airflow/.local/lib/python3.12/site-packages/airflow/example_dags/example_bash_decorator.py
[2025-01-01T10:32:37.005+0000] {processor.py:925} INFO - DAG(s) 'example_bash_decorator' retrieved from /home/airflow/.local/lib/python3.12/site-packages/airflow/example_dags/example_bash_decorator.py
[2025-01-01T10:32:37.182+0000] {logging_mixin.py:190} INFO - [2025-01-01T10:32:37.180+0000] {dag.py:3239} INFO - Sync 1 DAGs
[2025-01-01T10:32:37.316+0000] {logging_mixin.py:190} INFO - [2025-01-01T10:32:37.314+0000] {dag.py:4180} INFO - Setting next_dagrun for example_bash_decorator to None, run_after=None
[2025-01-01T10:32:37.426+0000] {processor.py:208} INFO - Processing /home/airflow/.local/lib/python3.12/site-packages/airflow/example_dags/example_bash_decorator.py took 0.595 seconds
[2025-01-01T10:33:08.192+0000] {processor.py:186} INFO - Started process (PID=2386) to work on /home/airflow/.local/lib/python3.12/site-packages/airflow/example_dags/example_bash_decorator.py
[2025-01-01T10:33:08.193+0000] {processor.py:914} INFO - Processing file /home/airflow/.local/lib/python3.12/site-packages/airflow/example_dags/example_bash_decorator.py for tasks to queue
[2025-01-01T10:33:08.196+0000] {logging_mixin.py:190} INFO - [2025-01-01T10:33:08.196+0000] {dagbag.py:588} INFO - Filling up the DagBag from /home/airflow/.local/lib/python3.12/site-packages/airflow/example_dags/example_bash_decorator.py
[2025-01-01T10:33:08.218+0000] {processor.py:925} INFO - DAG(s) 'example_bash_decorator' retrieved from /home/airflow/.local/lib/python3.12/site-packages/airflow/example_dags/example_bash_decorator.py
[2025-01-01T10:33:08.252+0000] {logging_mixin.py:190} INFO - [2025-01-01T10:33:08.251+0000] {dag.py:3239} INFO - Sync 1 DAGs
[2025-01-01T10:33:08.267+0000] {logging_mixin.py:190} INFO - [2025-01-01T10:33:08.267+0000] {dag.py:4180} INFO - Setting next_dagrun for example_bash_decorator to None, run_after=None
[2025-01-01T10:33:08.293+0000] {processor.py:208} INFO - Processing /home/airflow/.local/lib/python3.12/site-packages/airflow/example_dags/example_bash_decorator.py took 0.111 seconds
[2025-01-01T10:33:38.971+0000] {processor.py:186} INFO - Started process (PID=2450) to work on /home/airflow/.local/lib/python3.12/site-packages/airflow/example_dags/example_bash_decorator.py
[2025-01-01T10:33:38.976+0000] {processor.py:914} INFO - Processing file /home/airflow/.local/lib/python3.12/site-packages/airflow/example_dags/example_bash_decorator.py for tasks to queue
[2025-01-01T10:33:38.982+0000] {logging_mixin.py:190} INFO - [2025-01-01T10:33:38.981+0000] {dagbag.py:588} INFO - Filling up the DagBag from /home/airflow/.local/lib/python3.12/site-packages/airflow/example_dags/example_bash_decorator.py
[2025-01-01T10:33:39.017+0000] {processor.py:925} INFO - DAG(s) 'example_bash_decorator' retrieved from /home/airflow/.local/lib/python3.12/site-packages/airflow/example_dags/example_bash_decorator.py
[2025-01-01T10:33:39.073+0000] {logging_mixin.py:190} INFO - [2025-01-01T10:33:39.072+0000] {dag.py:3239} INFO - Sync 1 DAGs
[2025-01-01T10:33:39.104+0000] {logging_mixin.py:190} INFO - [2025-01-01T10:33:39.103+0000] {dag.py:4180} INFO - Setting next_dagrun for example_bash_decorator to None, run_after=None
[2025-01-01T10:33:39.153+0000] {processor.py:208} INFO - Processing /home/airflow/.local/lib/python3.12/site-packages/airflow/example_dags/example_bash_decorator.py took 0.197 seconds
[2025-01-01T10:34:09.339+0000] {processor.py:186} INFO - Started process (PID=2513) to work on /home/airflow/.local/lib/python3.12/site-packages/airflow/example_dags/example_bash_decorator.py
[2025-01-01T10:34:09.341+0000] {processor.py:914} INFO - Processing file /home/airflow/.local/lib/python3.12/site-packages/airflow/example_dags/example_bash_decorator.py for tasks to queue
[2025-01-01T10:34:09.344+0000] {logging_mixin.py:190} INFO - [2025-01-01T10:34:09.344+0000] {dagbag.py:588} INFO - Filling up the DagBag from /home/airflow/.local/lib/python3.12/site-packages/airflow/example_dags/example_bash_decorator.py
[2025-01-01T10:34:09.362+0000] {processor.py:925} INFO - DAG(s) 'example_bash_decorator' retrieved from /home/airflow/.local/lib/python3.12/site-packages/airflow/example_dags/example_bash_decorator.py
[2025-01-01T10:34:09.390+0000] {logging_mixin.py:190} INFO - [2025-01-01T10:34:09.390+0000] {dag.py:3239} INFO - Sync 1 DAGs
[2025-01-01T10:34:09.410+0000] {logging_mixin.py:190} INFO - [2025-01-01T10:34:09.410+0000] {dag.py:4180} INFO - Setting next_dagrun for example_bash_decorator to None, run_after=None
[2025-01-01T10:34:09.436+0000] {processor.py:208} INFO - Processing /home/airflow/.local/lib/python3.12/site-packages/airflow/example_dags/example_bash_decorator.py took 0.105 seconds
[2025-01-01T10:34:39.734+0000] {processor.py:186} INFO - Started process (PID=2576) to work on /home/airflow/.local/lib/python3.12/site-packages/airflow/example_dags/example_bash_decorator.py
[2025-01-01T10:34:39.736+0000] {processor.py:914} INFO - Processing file /home/airflow/.local/lib/python3.12/site-packages/airflow/example_dags/example_bash_decorator.py for tasks to queue
[2025-01-01T10:34:39.739+0000] {logging_mixin.py:190} INFO - [2025-01-01T10:34:39.738+0000] {dagbag.py:588} INFO - Filling up the DagBag from /home/airflow/.local/lib/python3.12/site-packages/airflow/example_dags/example_bash_decorator.py
[2025-01-01T10:34:39.756+0000] {processor.py:925} INFO - DAG(s) 'example_bash_decorator' retrieved from /home/airflow/.local/lib/python3.12/site-packages/airflow/example_dags/example_bash_decorator.py
[2025-01-01T10:34:39.788+0000] {logging_mixin.py:190} INFO - [2025-01-01T10:34:39.787+0000] {dag.py:3239} INFO - Sync 1 DAGs
[2025-01-01T10:34:39.806+0000] {logging_mixin.py:190} INFO - [2025-01-01T10:34:39.805+0000] {dag.py:4180} INFO - Setting next_dagrun for example_bash_decorator to None, run_after=None
[2025-01-01T10:34:39.832+0000] {processor.py:208} INFO - Processing /home/airflow/.local/lib/python3.12/site-packages/airflow/example_dags/example_bash_decorator.py took 0.105 seconds
[2025-01-01T10:35:10.964+0000] {processor.py:186} INFO - Started process (PID=2638) to work on /home/airflow/.local/lib/python3.12/site-packages/airflow/example_dags/example_bash_decorator.py
[2025-01-01T10:35:10.968+0000] {processor.py:914} INFO - Processing file /home/airflow/.local/lib/python3.12/site-packages/airflow/example_dags/example_bash_decorator.py for tasks to queue
[2025-01-01T10:35:10.976+0000] {logging_mixin.py:190} INFO - [2025-01-01T10:35:10.975+0000] {dagbag.py:588} INFO - Filling up the DagBag from /home/airflow/.local/lib/python3.12/site-packages/airflow/example_dags/example_bash_decorator.py
[2025-01-01T10:35:11.029+0000] {processor.py:925} INFO - DAG(s) 'example_bash_decorator' retrieved from /home/airflow/.local/lib/python3.12/site-packages/airflow/example_dags/example_bash_decorator.py
[2025-01-01T10:35:11.109+0000] {logging_mixin.py:190} INFO - [2025-01-01T10:35:11.109+0000] {dag.py:3239} INFO - Sync 1 DAGs
[2025-01-01T10:35:11.159+0000] {logging_mixin.py:190} INFO - [2025-01-01T10:35:11.159+0000] {dag.py:4180} INFO - Setting next_dagrun for example_bash_decorator to None, run_after=None
[2025-01-01T10:35:11.217+0000] {processor.py:208} INFO - Processing /home/airflow/.local/lib/python3.12/site-packages/airflow/example_dags/example_bash_decorator.py took 0.277 seconds
[2025-01-01T10:35:43.910+0000] {processor.py:186} INFO - Started process (PID=2702) to work on /home/airflow/.local/lib/python3.12/site-packages/airflow/example_dags/example_bash_decorator.py
[2025-01-01T10:35:43.924+0000] {processor.py:914} INFO - Processing file /home/airflow/.local/lib/python3.12/site-packages/airflow/example_dags/example_bash_decorator.py for tasks to queue
[2025-01-01T10:35:43.947+0000] {logging_mixin.py:190} INFO - [2025-01-01T10:35:43.945+0000] {dagbag.py:588} INFO - Filling up the DagBag from /home/airflow/.local/lib/python3.12/site-packages/airflow/example_dags/example_bash_decorator.py
[2025-01-01T10:35:44.087+0000] {processor.py:925} INFO - DAG(s) 'example_bash_decorator' retrieved from /home/airflow/.local/lib/python3.12/site-packages/airflow/example_dags/example_bash_decorator.py
[2025-01-01T10:35:44.197+0000] {logging_mixin.py:190} INFO - [2025-01-01T10:35:44.196+0000] {dag.py:3239} INFO - Sync 1 DAGs
[2025-01-01T10:35:44.263+0000] {logging_mixin.py:190} INFO - [2025-01-01T10:35:44.263+0000] {dag.py:4180} INFO - Setting next_dagrun for example_bash_decorator to None, run_after=None
[2025-01-01T10:35:44.348+0000] {processor.py:208} INFO - Processing /home/airflow/.local/lib/python3.12/site-packages/airflow/example_dags/example_bash_decorator.py took 0.478 seconds
[2025-01-01T10:36:15.247+0000] {processor.py:186} INFO - Started process (PID=2764) to work on /home/airflow/.local/lib/python3.12/site-packages/airflow/example_dags/example_bash_decorator.py
[2025-01-01T10:36:15.253+0000] {processor.py:914} INFO - Processing file /home/airflow/.local/lib/python3.12/site-packages/airflow/example_dags/example_bash_decorator.py for tasks to queue
[2025-01-01T10:36:15.283+0000] {logging_mixin.py:190} INFO - [2025-01-01T10:36:15.281+0000] {dagbag.py:588} INFO - Filling up the DagBag from /home/airflow/.local/lib/python3.12/site-packages/airflow/example_dags/example_bash_decorator.py
[2025-01-01T10:36:15.460+0000] {processor.py:925} INFO - DAG(s) 'example_bash_decorator' retrieved from /home/airflow/.local/lib/python3.12/site-packages/airflow/example_dags/example_bash_decorator.py
[2025-01-01T10:36:15.752+0000] {logging_mixin.py:190} INFO - [2025-01-01T10:36:15.743+0000] {dag.py:3239} INFO - Sync 1 DAGs
[2025-01-01T10:36:15.971+0000] {logging_mixin.py:190} INFO - [2025-01-01T10:36:15.969+0000] {dag.py:4180} INFO - Setting next_dagrun for example_bash_decorator to None, run_after=None
[2025-01-01T10:36:16.230+0000] {processor.py:208} INFO - Processing /home/airflow/.local/lib/python3.12/site-packages/airflow/example_dags/example_bash_decorator.py took 1.071 seconds
[2025-01-01T10:36:46.676+0000] {processor.py:186} INFO - Started process (PID=2827) to work on /home/airflow/.local/lib/python3.12/site-packages/airflow/example_dags/example_bash_decorator.py
[2025-01-01T10:36:46.688+0000] {processor.py:914} INFO - Processing file /home/airflow/.local/lib/python3.12/site-packages/airflow/example_dags/example_bash_decorator.py for tasks to queue
[2025-01-01T10:36:46.705+0000] {logging_mixin.py:190} INFO - [2025-01-01T10:36:46.702+0000] {dagbag.py:588} INFO - Filling up the DagBag from /home/airflow/.local/lib/python3.12/site-packages/airflow/example_dags/example_bash_decorator.py
[2025-01-01T10:36:46.824+0000] {processor.py:925} INFO - DAG(s) 'example_bash_decorator' retrieved from /home/airflow/.local/lib/python3.12/site-packages/airflow/example_dags/example_bash_decorator.py
[2025-01-01T10:36:47.109+0000] {logging_mixin.py:190} INFO - [2025-01-01T10:36:47.108+0000] {dag.py:3239} INFO - Sync 1 DAGs
[2025-01-01T10:36:47.316+0000] {logging_mixin.py:190} INFO - [2025-01-01T10:36:47.305+0000] {dag.py:4180} INFO - Setting next_dagrun for example_bash_decorator to None, run_after=None
[2025-01-01T10:36:47.522+0000] {processor.py:208} INFO - Processing /home/airflow/.local/lib/python3.12/site-packages/airflow/example_dags/example_bash_decorator.py took 0.898 seconds
[2025-01-01T10:37:17.646+0000] {processor.py:186} INFO - Started process (PID=2889) to work on /home/airflow/.local/lib/python3.12/site-packages/airflow/example_dags/example_bash_decorator.py
[2025-01-01T10:37:17.648+0000] {processor.py:914} INFO - Processing file /home/airflow/.local/lib/python3.12/site-packages/airflow/example_dags/example_bash_decorator.py for tasks to queue
[2025-01-01T10:37:17.651+0000] {logging_mixin.py:190} INFO - [2025-01-01T10:37:17.651+0000] {dagbag.py:588} INFO - Filling up the DagBag from /home/airflow/.local/lib/python3.12/site-packages/airflow/example_dags/example_bash_decorator.py
[2025-01-01T10:37:17.676+0000] {processor.py:925} INFO - DAG(s) 'example_bash_decorator' retrieved from /home/airflow/.local/lib/python3.12/site-packages/airflow/example_dags/example_bash_decorator.py
[2025-01-01T10:37:17.707+0000] {logging_mixin.py:190} INFO - [2025-01-01T10:37:17.707+0000] {dag.py:3239} INFO - Sync 1 DAGs
[2025-01-01T10:37:17.726+0000] {logging_mixin.py:190} INFO - [2025-01-01T10:37:17.726+0000] {dag.py:4180} INFO - Setting next_dagrun for example_bash_decorator to None, run_after=None
[2025-01-01T10:37:17.756+0000] {processor.py:208} INFO - Processing /home/airflow/.local/lib/python3.12/site-packages/airflow/example_dags/example_bash_decorator.py took 0.117 seconds
[2025-01-01T10:37:48.156+0000] {processor.py:186} INFO - Started process (PID=2952) to work on /home/airflow/.local/lib/python3.12/site-packages/airflow/example_dags/example_bash_decorator.py
[2025-01-01T10:37:48.157+0000] {processor.py:914} INFO - Processing file /home/airflow/.local/lib/python3.12/site-packages/airflow/example_dags/example_bash_decorator.py for tasks to queue
[2025-01-01T10:37:48.159+0000] {logging_mixin.py:190} INFO - [2025-01-01T10:37:48.159+0000] {dagbag.py:588} INFO - Filling up the DagBag from /home/airflow/.local/lib/python3.12/site-packages/airflow/example_dags/example_bash_decorator.py
[2025-01-01T10:37:48.177+0000] {processor.py:925} INFO - DAG(s) 'example_bash_decorator' retrieved from /home/airflow/.local/lib/python3.12/site-packages/airflow/example_dags/example_bash_decorator.py
[2025-01-01T10:37:48.201+0000] {logging_mixin.py:190} INFO - [2025-01-01T10:37:48.200+0000] {dag.py:3239} INFO - Sync 1 DAGs
[2025-01-01T10:37:48.214+0000] {logging_mixin.py:190} INFO - [2025-01-01T10:37:48.214+0000] {dag.py:4180} INFO - Setting next_dagrun for example_bash_decorator to None, run_after=None
[2025-01-01T10:37:48.238+0000] {processor.py:208} INFO - Processing /home/airflow/.local/lib/python3.12/site-packages/airflow/example_dags/example_bash_decorator.py took 0.088 seconds
[2025-01-01T10:38:18.676+0000] {processor.py:186} INFO - Started process (PID=3015) to work on /home/airflow/.local/lib/python3.12/site-packages/airflow/example_dags/example_bash_decorator.py
[2025-01-01T10:38:18.677+0000] {processor.py:914} INFO - Processing file /home/airflow/.local/lib/python3.12/site-packages/airflow/example_dags/example_bash_decorator.py for tasks to queue
[2025-01-01T10:38:18.680+0000] {logging_mixin.py:190} INFO - [2025-01-01T10:38:18.679+0000] {dagbag.py:588} INFO - Filling up the DagBag from /home/airflow/.local/lib/python3.12/site-packages/airflow/example_dags/example_bash_decorator.py
[2025-01-01T10:38:18.694+0000] {processor.py:925} INFO - DAG(s) 'example_bash_decorator' retrieved from /home/airflow/.local/lib/python3.12/site-packages/airflow/example_dags/example_bash_decorator.py
[2025-01-01T10:38:18.717+0000] {logging_mixin.py:190} INFO - [2025-01-01T10:38:18.717+0000] {dag.py:3239} INFO - Sync 1 DAGs
[2025-01-01T10:38:18.732+0000] {logging_mixin.py:190} INFO - [2025-01-01T10:38:18.732+0000] {dag.py:4180} INFO - Setting next_dagrun for example_bash_decorator to None, run_after=None
[2025-01-01T10:38:18.752+0000] {processor.py:208} INFO - Processing /home/airflow/.local/lib/python3.12/site-packages/airflow/example_dags/example_bash_decorator.py took 0.082 seconds
[2025-01-01T10:38:48.916+0000] {processor.py:186} INFO - Started process (PID=3078) to work on /home/airflow/.local/lib/python3.12/site-packages/airflow/example_dags/example_bash_decorator.py
[2025-01-01T10:38:48.917+0000] {processor.py:914} INFO - Processing file /home/airflow/.local/lib/python3.12/site-packages/airflow/example_dags/example_bash_decorator.py for tasks to queue
[2025-01-01T10:38:48.920+0000] {logging_mixin.py:190} INFO - [2025-01-01T10:38:48.920+0000] {dagbag.py:588} INFO - Filling up the DagBag from /home/airflow/.local/lib/python3.12/site-packages/airflow/example_dags/example_bash_decorator.py
[2025-01-01T10:38:48.932+0000] {processor.py:925} INFO - DAG(s) 'example_bash_decorator' retrieved from /home/airflow/.local/lib/python3.12/site-packages/airflow/example_dags/example_bash_decorator.py
[2025-01-01T10:38:48.954+0000] {logging_mixin.py:190} INFO - [2025-01-01T10:38:48.954+0000] {dag.py:3239} INFO - Sync 1 DAGs
[2025-01-01T10:38:48.967+0000] {logging_mixin.py:190} INFO - [2025-01-01T10:38:48.967+0000] {dag.py:4180} INFO - Setting next_dagrun for example_bash_decorator to None, run_after=None
[2025-01-01T10:38:48.990+0000] {processor.py:208} INFO - Processing /home/airflow/.local/lib/python3.12/site-packages/airflow/example_dags/example_bash_decorator.py took 0.079 seconds
[2025-01-01T10:39:19.737+0000] {processor.py:186} INFO - Started process (PID=3141) to work on /home/airflow/.local/lib/python3.12/site-packages/airflow/example_dags/example_bash_decorator.py
[2025-01-01T10:39:19.739+0000] {processor.py:914} INFO - Processing file /home/airflow/.local/lib/python3.12/site-packages/airflow/example_dags/example_bash_decorator.py for tasks to queue
[2025-01-01T10:39:19.743+0000] {logging_mixin.py:190} INFO - [2025-01-01T10:39:19.742+0000] {dagbag.py:588} INFO - Filling up the DagBag from /home/airflow/.local/lib/python3.12/site-packages/airflow/example_dags/example_bash_decorator.py
[2025-01-01T10:39:19.763+0000] {processor.py:925} INFO - DAG(s) 'example_bash_decorator' retrieved from /home/airflow/.local/lib/python3.12/site-packages/airflow/example_dags/example_bash_decorator.py
[2025-01-01T10:39:19.797+0000] {logging_mixin.py:190} INFO - [2025-01-01T10:39:19.797+0000] {dag.py:3239} INFO - Sync 1 DAGs
[2025-01-01T10:39:19.820+0000] {logging_mixin.py:190} INFO - [2025-01-01T10:39:19.820+0000] {dag.py:4180} INFO - Setting next_dagrun for example_bash_decorator to None, run_after=None
[2025-01-01T10:39:19.849+0000] {processor.py:208} INFO - Processing /home/airflow/.local/lib/python3.12/site-packages/airflow/example_dags/example_bash_decorator.py took 0.120 seconds
[2025-01-01T10:40:20.498+0000] {processor.py:186} INFO - Started process (PID=3209) to work on /home/airflow/.local/lib/python3.12/site-packages/airflow/example_dags/example_bash_decorator.py
[2025-01-01T10:40:20.501+0000] {processor.py:914} INFO - Processing file /home/airflow/.local/lib/python3.12/site-packages/airflow/example_dags/example_bash_decorator.py for tasks to queue
[2025-01-01T10:40:20.509+0000] {logging_mixin.py:190} INFO - [2025-01-01T10:40:20.508+0000] {dagbag.py:588} INFO - Filling up the DagBag from /home/airflow/.local/lib/python3.12/site-packages/airflow/example_dags/example_bash_decorator.py
[2025-01-01T10:40:20.564+0000] {processor.py:925} INFO - DAG(s) 'example_bash_decorator' retrieved from /home/airflow/.local/lib/python3.12/site-packages/airflow/example_dags/example_bash_decorator.py
[2025-01-01T10:40:20.646+0000] {logging_mixin.py:190} INFO - [2025-01-01T10:40:20.645+0000] {dag.py:3239} INFO - Sync 1 DAGs
[2025-01-01T10:40:20.712+0000] {logging_mixin.py:190} INFO - [2025-01-01T10:40:20.711+0000] {dag.py:4180} INFO - Setting next_dagrun for example_bash_decorator to None, run_after=None
[2025-01-01T10:40:20.786+0000] {processor.py:208} INFO - Processing /home/airflow/.local/lib/python3.12/site-packages/airflow/example_dags/example_bash_decorator.py took 0.316 seconds
[2025-01-01T10:40:58.494+0000] {processor.py:186} INFO - Started process (PID=3281) to work on /home/airflow/.local/lib/python3.12/site-packages/airflow/example_dags/example_bash_decorator.py
[2025-01-01T10:40:58.498+0000] {processor.py:914} INFO - Processing file /home/airflow/.local/lib/python3.12/site-packages/airflow/example_dags/example_bash_decorator.py for tasks to queue
[2025-01-01T10:40:58.510+0000] {logging_mixin.py:190} INFO - [2025-01-01T10:40:58.508+0000] {dagbag.py:588} INFO - Filling up the DagBag from /home/airflow/.local/lib/python3.12/site-packages/airflow/example_dags/example_bash_decorator.py
[2025-01-01T10:40:58.589+0000] {processor.py:925} INFO - DAG(s) 'example_bash_decorator' retrieved from /home/airflow/.local/lib/python3.12/site-packages/airflow/example_dags/example_bash_decorator.py
[2025-01-01T10:40:58.743+0000] {logging_mixin.py:190} INFO - [2025-01-01T10:40:58.742+0000] {dag.py:3239} INFO - Sync 1 DAGs
[2025-01-01T10:40:58.841+0000] {logging_mixin.py:190} INFO - [2025-01-01T10:40:58.840+0000] {dag.py:4180} INFO - Setting next_dagrun for example_bash_decorator to None, run_after=None
[2025-01-01T10:40:58.945+0000] {processor.py:208} INFO - Processing /home/airflow/.local/lib/python3.12/site-packages/airflow/example_dags/example_bash_decorator.py took 0.485 seconds
[2025-01-01T10:41:29.142+0000] {processor.py:186} INFO - Started process (PID=3344) to work on /home/airflow/.local/lib/python3.12/site-packages/airflow/example_dags/example_bash_decorator.py
[2025-01-01T10:41:29.145+0000] {processor.py:914} INFO - Processing file /home/airflow/.local/lib/python3.12/site-packages/airflow/example_dags/example_bash_decorator.py for tasks to queue
[2025-01-01T10:41:29.151+0000] {logging_mixin.py:190} INFO - [2025-01-01T10:41:29.151+0000] {dagbag.py:588} INFO - Filling up the DagBag from /home/airflow/.local/lib/python3.12/site-packages/airflow/example_dags/example_bash_decorator.py
[2025-01-01T10:41:29.178+0000] {processor.py:925} INFO - DAG(s) 'example_bash_decorator' retrieved from /home/airflow/.local/lib/python3.12/site-packages/airflow/example_dags/example_bash_decorator.py
[2025-01-01T10:41:29.219+0000] {logging_mixin.py:190} INFO - [2025-01-01T10:41:29.219+0000] {dag.py:3239} INFO - Sync 1 DAGs
[2025-01-01T10:41:29.244+0000] {logging_mixin.py:190} INFO - [2025-01-01T10:41:29.244+0000] {dag.py:4180} INFO - Setting next_dagrun for example_bash_decorator to None, run_after=None
[2025-01-01T10:41:29.281+0000] {processor.py:208} INFO - Processing /home/airflow/.local/lib/python3.12/site-packages/airflow/example_dags/example_bash_decorator.py took 0.152 seconds
[2025-01-01T10:41:59.627+0000] {processor.py:186} INFO - Started process (PID=3407) to work on /home/airflow/.local/lib/python3.12/site-packages/airflow/example_dags/example_bash_decorator.py
[2025-01-01T10:41:59.629+0000] {processor.py:914} INFO - Processing file /home/airflow/.local/lib/python3.12/site-packages/airflow/example_dags/example_bash_decorator.py for tasks to queue
[2025-01-01T10:41:59.632+0000] {logging_mixin.py:190} INFO - [2025-01-01T10:41:59.632+0000] {dagbag.py:588} INFO - Filling up the DagBag from /home/airflow/.local/lib/python3.12/site-packages/airflow/example_dags/example_bash_decorator.py
[2025-01-01T10:41:59.653+0000] {processor.py:925} INFO - DAG(s) 'example_bash_decorator' retrieved from /home/airflow/.local/lib/python3.12/site-packages/airflow/example_dags/example_bash_decorator.py
[2025-01-01T10:41:59.684+0000] {logging_mixin.py:190} INFO - [2025-01-01T10:41:59.684+0000] {dag.py:3239} INFO - Sync 1 DAGs
[2025-01-01T10:41:59.703+0000] {logging_mixin.py:190} INFO - [2025-01-01T10:41:59.702+0000] {dag.py:4180} INFO - Setting next_dagrun for example_bash_decorator to None, run_after=None
[2025-01-01T10:41:59.734+0000] {processor.py:208} INFO - Processing /home/airflow/.local/lib/python3.12/site-packages/airflow/example_dags/example_bash_decorator.py took 0.114 seconds
[2025-01-01T10:42:30.697+0000] {processor.py:186} INFO - Started process (PID=3471) to work on /home/airflow/.local/lib/python3.12/site-packages/airflow/example_dags/example_bash_decorator.py
[2025-01-01T10:42:30.701+0000] {processor.py:914} INFO - Processing file /home/airflow/.local/lib/python3.12/site-packages/airflow/example_dags/example_bash_decorator.py for tasks to queue
[2025-01-01T10:42:30.710+0000] {logging_mixin.py:190} INFO - [2025-01-01T10:42:30.708+0000] {dagbag.py:588} INFO - Filling up the DagBag from /home/airflow/.local/lib/python3.12/site-packages/airflow/example_dags/example_bash_decorator.py
[2025-01-01T10:42:30.764+0000] {processor.py:925} INFO - DAG(s) 'example_bash_decorator' retrieved from /home/airflow/.local/lib/python3.12/site-packages/airflow/example_dags/example_bash_decorator.py
[2025-01-01T10:42:30.853+0000] {logging_mixin.py:190} INFO - [2025-01-01T10:42:30.852+0000] {dag.py:3239} INFO - Sync 1 DAGs
[2025-01-01T10:42:30.905+0000] {logging_mixin.py:190} INFO - [2025-01-01T10:42:30.904+0000] {dag.py:4180} INFO - Setting next_dagrun for example_bash_decorator to None, run_after=None
[2025-01-01T10:42:30.974+0000] {processor.py:208} INFO - Processing /home/airflow/.local/lib/python3.12/site-packages/airflow/example_dags/example_bash_decorator.py took 0.308 seconds
[2025-01-01T10:43:02.377+0000] {processor.py:186} INFO - Started process (PID=3534) to work on /home/airflow/.local/lib/python3.12/site-packages/airflow/example_dags/example_bash_decorator.py
[2025-01-01T10:43:02.382+0000] {processor.py:914} INFO - Processing file /home/airflow/.local/lib/python3.12/site-packages/airflow/example_dags/example_bash_decorator.py for tasks to queue
[2025-01-01T10:43:02.395+0000] {logging_mixin.py:190} INFO - [2025-01-01T10:43:02.393+0000] {dagbag.py:588} INFO - Filling up the DagBag from /home/airflow/.local/lib/python3.12/site-packages/airflow/example_dags/example_bash_decorator.py
[2025-01-01T10:43:02.485+0000] {processor.py:925} INFO - DAG(s) 'example_bash_decorator' retrieved from /home/airflow/.local/lib/python3.12/site-packages/airflow/example_dags/example_bash_decorator.py
[2025-01-01T10:43:02.619+0000] {logging_mixin.py:190} INFO - [2025-01-01T10:43:02.618+0000] {dag.py:3239} INFO - Sync 1 DAGs
[2025-01-01T10:43:02.701+0000] {logging_mixin.py:190} INFO - [2025-01-01T10:43:02.700+0000] {dag.py:4180} INFO - Setting next_dagrun for example_bash_decorator to None, run_after=None
[2025-01-01T10:43:02.800+0000] {processor.py:208} INFO - Processing /home/airflow/.local/lib/python3.12/site-packages/airflow/example_dags/example_bash_decorator.py took 0.458 seconds
[2025-01-01T10:43:32.933+0000] {processor.py:186} INFO - Started process (PID=3597) to work on /home/airflow/.local/lib/python3.12/site-packages/airflow/example_dags/example_bash_decorator.py
[2025-01-01T10:43:32.936+0000] {processor.py:914} INFO - Processing file /home/airflow/.local/lib/python3.12/site-packages/airflow/example_dags/example_bash_decorator.py for tasks to queue
[2025-01-01T10:43:32.940+0000] {logging_mixin.py:190} INFO - [2025-01-01T10:43:32.940+0000] {dagbag.py:588} INFO - Filling up the DagBag from /home/airflow/.local/lib/python3.12/site-packages/airflow/example_dags/example_bash_decorator.py
[2025-01-01T10:43:32.967+0000] {processor.py:925} INFO - DAG(s) 'example_bash_decorator' retrieved from /home/airflow/.local/lib/python3.12/site-packages/airflow/example_dags/example_bash_decorator.py
[2025-01-01T10:43:33.011+0000] {logging_mixin.py:190} INFO - [2025-01-01T10:43:33.011+0000] {dag.py:3239} INFO - Sync 1 DAGs
[2025-01-01T10:43:33.045+0000] {logging_mixin.py:190} INFO - [2025-01-01T10:43:33.045+0000] {dag.py:4180} INFO - Setting next_dagrun for example_bash_decorator to None, run_after=None
[2025-01-01T10:43:33.085+0000] {processor.py:208} INFO - Processing /home/airflow/.local/lib/python3.12/site-packages/airflow/example_dags/example_bash_decorator.py took 0.162 seconds
[2025-01-01T10:44:03.664+0000] {processor.py:186} INFO - Started process (PID=3659) to work on /home/airflow/.local/lib/python3.12/site-packages/airflow/example_dags/example_bash_decorator.py
[2025-01-01T10:44:03.666+0000] {processor.py:914} INFO - Processing file /home/airflow/.local/lib/python3.12/site-packages/airflow/example_dags/example_bash_decorator.py for tasks to queue
[2025-01-01T10:44:03.671+0000] {logging_mixin.py:190} INFO - [2025-01-01T10:44:03.670+0000] {dagbag.py:588} INFO - Filling up the DagBag from /home/airflow/.local/lib/python3.12/site-packages/airflow/example_dags/example_bash_decorator.py
[2025-01-01T10:44:03.696+0000] {processor.py:925} INFO - DAG(s) 'example_bash_decorator' retrieved from /home/airflow/.local/lib/python3.12/site-packages/airflow/example_dags/example_bash_decorator.py
[2025-01-01T10:44:03.735+0000] {logging_mixin.py:190} INFO - [2025-01-01T10:44:03.734+0000] {dag.py:3239} INFO - Sync 1 DAGs
[2025-01-01T10:44:03.759+0000] {logging_mixin.py:190} INFO - [2025-01-01T10:44:03.758+0000] {dag.py:4180} INFO - Setting next_dagrun for example_bash_decorator to None, run_after=None
[2025-01-01T10:44:03.793+0000] {processor.py:208} INFO - Processing /home/airflow/.local/lib/python3.12/site-packages/airflow/example_dags/example_bash_decorator.py took 0.139 seconds
[2025-01-01T10:44:33.955+0000] {processor.py:186} INFO - Started process (PID=3721) to work on /home/airflow/.local/lib/python3.12/site-packages/airflow/example_dags/example_bash_decorator.py
[2025-01-01T10:44:33.956+0000] {processor.py:914} INFO - Processing file /home/airflow/.local/lib/python3.12/site-packages/airflow/example_dags/example_bash_decorator.py for tasks to queue
[2025-01-01T10:44:33.960+0000] {logging_mixin.py:190} INFO - [2025-01-01T10:44:33.960+0000] {dagbag.py:588} INFO - Filling up the DagBag from /home/airflow/.local/lib/python3.12/site-packages/airflow/example_dags/example_bash_decorator.py
[2025-01-01T10:44:33.986+0000] {processor.py:925} INFO - DAG(s) 'example_bash_decorator' retrieved from /home/airflow/.local/lib/python3.12/site-packages/airflow/example_dags/example_bash_decorator.py
[2025-01-01T10:44:34.022+0000] {logging_mixin.py:190} INFO - [2025-01-01T10:44:34.022+0000] {dag.py:3239} INFO - Sync 1 DAGs
[2025-01-01T10:44:34.045+0000] {logging_mixin.py:190} INFO - [2025-01-01T10:44:34.045+0000] {dag.py:4180} INFO - Setting next_dagrun for example_bash_decorator to None, run_after=None
[2025-01-01T10:44:34.080+0000] {processor.py:208} INFO - Processing /home/airflow/.local/lib/python3.12/site-packages/airflow/example_dags/example_bash_decorator.py took 0.134 seconds
[2025-01-01T10:45:04.873+0000] {processor.py:186} INFO - Started process (PID=3785) to work on /home/airflow/.local/lib/python3.12/site-packages/airflow/example_dags/example_bash_decorator.py
[2025-01-01T10:45:04.875+0000] {processor.py:914} INFO - Processing file /home/airflow/.local/lib/python3.12/site-packages/airflow/example_dags/example_bash_decorator.py for tasks to queue
[2025-01-01T10:45:04.880+0000] {logging_mixin.py:190} INFO - [2025-01-01T10:45:04.879+0000] {dagbag.py:588} INFO - Filling up the DagBag from /home/airflow/.local/lib/python3.12/site-packages/airflow/example_dags/example_bash_decorator.py
[2025-01-01T10:45:04.901+0000] {processor.py:925} INFO - DAG(s) 'example_bash_decorator' retrieved from /home/airflow/.local/lib/python3.12/site-packages/airflow/example_dags/example_bash_decorator.py
[2025-01-01T10:45:04.934+0000] {logging_mixin.py:190} INFO - [2025-01-01T10:45:04.934+0000] {dag.py:3239} INFO - Sync 1 DAGs
[2025-01-01T10:45:04.955+0000] {logging_mixin.py:190} INFO - [2025-01-01T10:45:04.955+0000] {dag.py:4180} INFO - Setting next_dagrun for example_bash_decorator to None, run_after=None
[2025-01-01T10:45:04.985+0000] {processor.py:208} INFO - Processing /home/airflow/.local/lib/python3.12/site-packages/airflow/example_dags/example_bash_decorator.py took 0.120 seconds
[2025-01-01T10:45:39.374+0000] {processor.py:186} INFO - Started process (PID=3861) to work on /home/airflow/.local/lib/python3.12/site-packages/airflow/example_dags/example_bash_decorator.py
[2025-01-01T10:45:39.380+0000] {processor.py:914} INFO - Processing file /home/airflow/.local/lib/python3.12/site-packages/airflow/example_dags/example_bash_decorator.py for tasks to queue
[2025-01-01T10:45:39.394+0000] {logging_mixin.py:190} INFO - [2025-01-01T10:45:39.391+0000] {dagbag.py:588} INFO - Filling up the DagBag from /home/airflow/.local/lib/python3.12/site-packages/airflow/example_dags/example_bash_decorator.py
[2025-01-01T10:45:39.473+0000] {processor.py:925} INFO - DAG(s) 'example_bash_decorator' retrieved from /home/airflow/.local/lib/python3.12/site-packages/airflow/example_dags/example_bash_decorator.py
[2025-01-01T10:45:39.598+0000] {logging_mixin.py:190} INFO - [2025-01-01T10:45:39.597+0000] {dag.py:3239} INFO - Sync 1 DAGs
[2025-01-01T10:45:39.661+0000] {logging_mixin.py:190} INFO - [2025-01-01T10:45:39.660+0000] {dag.py:4180} INFO - Setting next_dagrun for example_bash_decorator to None, run_after=None
[2025-01-01T10:45:39.746+0000] {processor.py:208} INFO - Processing /home/airflow/.local/lib/python3.12/site-packages/airflow/example_dags/example_bash_decorator.py took 0.410 seconds
[2025-01-01T10:46:10.058+0000] {processor.py:186} INFO - Started process (PID=3923) to work on /home/airflow/.local/lib/python3.12/site-packages/airflow/example_dags/example_bash_decorator.py
[2025-01-01T10:46:10.059+0000] {processor.py:914} INFO - Processing file /home/airflow/.local/lib/python3.12/site-packages/airflow/example_dags/example_bash_decorator.py for tasks to queue
[2025-01-01T10:46:10.063+0000] {logging_mixin.py:190} INFO - [2025-01-01T10:46:10.062+0000] {dagbag.py:588} INFO - Filling up the DagBag from /home/airflow/.local/lib/python3.12/site-packages/airflow/example_dags/example_bash_decorator.py
[2025-01-01T10:46:10.080+0000] {processor.py:925} INFO - DAG(s) 'example_bash_decorator' retrieved from /home/airflow/.local/lib/python3.12/site-packages/airflow/example_dags/example_bash_decorator.py
[2025-01-01T10:46:10.109+0000] {logging_mixin.py:190} INFO - [2025-01-01T10:46:10.108+0000] {dag.py:3239} INFO - Sync 1 DAGs
[2025-01-01T10:46:10.126+0000] {logging_mixin.py:190} INFO - [2025-01-01T10:46:10.126+0000] {dag.py:4180} INFO - Setting next_dagrun for example_bash_decorator to None, run_after=None
[2025-01-01T10:46:10.152+0000] {processor.py:208} INFO - Processing /home/airflow/.local/lib/python3.12/site-packages/airflow/example_dags/example_bash_decorator.py took 0.101 seconds
[2025-01-01T10:46:41.114+0000] {processor.py:186} INFO - Started process (PID=3986) to work on /home/airflow/.local/lib/python3.12/site-packages/airflow/example_dags/example_bash_decorator.py
[2025-01-01T10:46:41.116+0000] {processor.py:914} INFO - Processing file /home/airflow/.local/lib/python3.12/site-packages/airflow/example_dags/example_bash_decorator.py for tasks to queue
[2025-01-01T10:46:41.120+0000] {logging_mixin.py:190} INFO - [2025-01-01T10:46:41.120+0000] {dagbag.py:588} INFO - Filling up the DagBag from /home/airflow/.local/lib/python3.12/site-packages/airflow/example_dags/example_bash_decorator.py
[2025-01-01T10:46:41.144+0000] {processor.py:925} INFO - DAG(s) 'example_bash_decorator' retrieved from /home/airflow/.local/lib/python3.12/site-packages/airflow/example_dags/example_bash_decorator.py
[2025-01-01T10:46:41.186+0000] {logging_mixin.py:190} INFO - [2025-01-01T10:46:41.186+0000] {dag.py:3239} INFO - Sync 1 DAGs
[2025-01-01T10:46:41.213+0000] {logging_mixin.py:190} INFO - [2025-01-01T10:46:41.213+0000] {dag.py:4180} INFO - Setting next_dagrun for example_bash_decorator to None, run_after=None
[2025-01-01T10:46:41.254+0000] {processor.py:208} INFO - Processing /home/airflow/.local/lib/python3.12/site-packages/airflow/example_dags/example_bash_decorator.py took 0.152 seconds
[2025-01-01T10:47:12.416+0000] {processor.py:186} INFO - Started process (PID=4049) to work on /home/airflow/.local/lib/python3.12/site-packages/airflow/example_dags/example_bash_decorator.py
[2025-01-01T10:47:12.421+0000] {processor.py:914} INFO - Processing file /home/airflow/.local/lib/python3.12/site-packages/airflow/example_dags/example_bash_decorator.py for tasks to queue
[2025-01-01T10:47:12.430+0000] {logging_mixin.py:190} INFO - [2025-01-01T10:47:12.428+0000] {dagbag.py:588} INFO - Filling up the DagBag from /home/airflow/.local/lib/python3.12/site-packages/airflow/example_dags/example_bash_decorator.py
[2025-01-01T10:47:12.484+0000] {processor.py:925} INFO - DAG(s) 'example_bash_decorator' retrieved from /home/airflow/.local/lib/python3.12/site-packages/airflow/example_dags/example_bash_decorator.py
[2025-01-01T10:47:12.566+0000] {logging_mixin.py:190} INFO - [2025-01-01T10:47:12.565+0000] {dag.py:3239} INFO - Sync 1 DAGs
[2025-01-01T10:47:12.619+0000] {logging_mixin.py:190} INFO - [2025-01-01T10:47:12.618+0000] {dag.py:4180} INFO - Setting next_dagrun for example_bash_decorator to None, run_after=None
[2025-01-01T10:47:12.682+0000] {processor.py:208} INFO - Processing /home/airflow/.local/lib/python3.12/site-packages/airflow/example_dags/example_bash_decorator.py took 0.293 seconds
[2025-01-01T10:47:43.913+0000] {processor.py:186} INFO - Started process (PID=4113) to work on /home/airflow/.local/lib/python3.12/site-packages/airflow/example_dags/example_bash_decorator.py
[2025-01-01T10:47:43.921+0000] {processor.py:914} INFO - Processing file /home/airflow/.local/lib/python3.12/site-packages/airflow/example_dags/example_bash_decorator.py for tasks to queue
[2025-01-01T10:47:43.947+0000] {logging_mixin.py:190} INFO - [2025-01-01T10:47:43.945+0000] {dagbag.py:588} INFO - Filling up the DagBag from /home/airflow/.local/lib/python3.12/site-packages/airflow/example_dags/example_bash_decorator.py
[2025-01-01T10:47:44.095+0000] {processor.py:925} INFO - DAG(s) 'example_bash_decorator' retrieved from /home/airflow/.local/lib/python3.12/site-packages/airflow/example_dags/example_bash_decorator.py
[2025-01-01T10:47:44.490+0000] {logging_mixin.py:190} INFO - [2025-01-01T10:47:44.478+0000] {dag.py:3239} INFO - Sync 1 DAGs
[2025-01-01T10:47:44.870+0000] {logging_mixin.py:190} INFO - [2025-01-01T10:47:44.869+0000] {dag.py:4180} INFO - Setting next_dagrun for example_bash_decorator to None, run_after=None
[2025-01-01T10:47:45.190+0000] {processor.py:208} INFO - Processing /home/airflow/.local/lib/python3.12/site-packages/airflow/example_dags/example_bash_decorator.py took 1.327 seconds
[2025-01-01T10:48:16.165+0000] {processor.py:186} INFO - Started process (PID=4176) to work on /home/airflow/.local/lib/python3.12/site-packages/airflow/example_dags/example_bash_decorator.py
[2025-01-01T10:48:16.167+0000] {processor.py:914} INFO - Processing file /home/airflow/.local/lib/python3.12/site-packages/airflow/example_dags/example_bash_decorator.py for tasks to queue
[2025-01-01T10:48:16.171+0000] {logging_mixin.py:190} INFO - [2025-01-01T10:48:16.170+0000] {dagbag.py:588} INFO - Filling up the DagBag from /home/airflow/.local/lib/python3.12/site-packages/airflow/example_dags/example_bash_decorator.py
[2025-01-01T10:48:16.196+0000] {processor.py:925} INFO - DAG(s) 'example_bash_decorator' retrieved from /home/airflow/.local/lib/python3.12/site-packages/airflow/example_dags/example_bash_decorator.py
[2025-01-01T10:48:16.234+0000] {logging_mixin.py:190} INFO - [2025-01-01T10:48:16.234+0000] {dag.py:3239} INFO - Sync 1 DAGs
[2025-01-01T10:48:16.257+0000] {logging_mixin.py:190} INFO - [2025-01-01T10:48:16.256+0000] {dag.py:4180} INFO - Setting next_dagrun for example_bash_decorator to None, run_after=None
[2025-01-01T10:48:16.292+0000] {processor.py:208} INFO - Processing /home/airflow/.local/lib/python3.12/site-packages/airflow/example_dags/example_bash_decorator.py took 0.137 seconds
[2025-01-01T10:48:46.921+0000] {processor.py:186} INFO - Started process (PID=4239) to work on /home/airflow/.local/lib/python3.12/site-packages/airflow/example_dags/example_bash_decorator.py
[2025-01-01T10:48:46.925+0000] {processor.py:914} INFO - Processing file /home/airflow/.local/lib/python3.12/site-packages/airflow/example_dags/example_bash_decorator.py for tasks to queue
[2025-01-01T10:48:46.933+0000] {logging_mixin.py:190} INFO - [2025-01-01T10:48:46.932+0000] {dagbag.py:588} INFO - Filling up the DagBag from /home/airflow/.local/lib/python3.12/site-packages/airflow/example_dags/example_bash_decorator.py
[2025-01-01T10:48:46.999+0000] {processor.py:925} INFO - DAG(s) 'example_bash_decorator' retrieved from /home/airflow/.local/lib/python3.12/site-packages/airflow/example_dags/example_bash_decorator.py
[2025-01-01T10:48:47.077+0000] {logging_mixin.py:190} INFO - [2025-01-01T10:48:47.076+0000] {dag.py:3239} INFO - Sync 1 DAGs
[2025-01-01T10:48:47.120+0000] {logging_mixin.py:190} INFO - [2025-01-01T10:48:47.120+0000] {dag.py:4180} INFO - Setting next_dagrun for example_bash_decorator to None, run_after=None
[2025-01-01T10:48:47.193+0000] {processor.py:208} INFO - Processing /home/airflow/.local/lib/python3.12/site-packages/airflow/example_dags/example_bash_decorator.py took 0.295 seconds
[2025-01-01T10:49:17.500+0000] {processor.py:186} INFO - Started process (PID=4301) to work on /home/airflow/.local/lib/python3.12/site-packages/airflow/example_dags/example_bash_decorator.py
[2025-01-01T10:49:17.502+0000] {processor.py:914} INFO - Processing file /home/airflow/.local/lib/python3.12/site-packages/airflow/example_dags/example_bash_decorator.py for tasks to queue
[2025-01-01T10:49:17.507+0000] {logging_mixin.py:190} INFO - [2025-01-01T10:49:17.507+0000] {dagbag.py:588} INFO - Filling up the DagBag from /home/airflow/.local/lib/python3.12/site-packages/airflow/example_dags/example_bash_decorator.py
[2025-01-01T10:49:17.541+0000] {processor.py:925} INFO - DAG(s) 'example_bash_decorator' retrieved from /home/airflow/.local/lib/python3.12/site-packages/airflow/example_dags/example_bash_decorator.py
[2025-01-01T10:49:17.593+0000] {logging_mixin.py:190} INFO - [2025-01-01T10:49:17.592+0000] {dag.py:3239} INFO - Sync 1 DAGs
[2025-01-01T10:49:17.622+0000] {logging_mixin.py:190} INFO - [2025-01-01T10:49:17.622+0000] {dag.py:4180} INFO - Setting next_dagrun for example_bash_decorator to None, run_after=None
[2025-01-01T10:49:17.665+0000] {processor.py:208} INFO - Processing /home/airflow/.local/lib/python3.12/site-packages/airflow/example_dags/example_bash_decorator.py took 0.176 seconds
[2025-01-01T10:49:47.989+0000] {processor.py:186} INFO - Started process (PID=4363) to work on /home/airflow/.local/lib/python3.12/site-packages/airflow/example_dags/example_bash_decorator.py
[2025-01-01T10:49:47.991+0000] {processor.py:914} INFO - Processing file /home/airflow/.local/lib/python3.12/site-packages/airflow/example_dags/example_bash_decorator.py for tasks to queue
[2025-01-01T10:49:47.995+0000] {logging_mixin.py:190} INFO - [2025-01-01T10:49:47.994+0000] {dagbag.py:588} INFO - Filling up the DagBag from /home/airflow/.local/lib/python3.12/site-packages/airflow/example_dags/example_bash_decorator.py
[2025-01-01T10:49:48.015+0000] {processor.py:925} INFO - DAG(s) 'example_bash_decorator' retrieved from /home/airflow/.local/lib/python3.12/site-packages/airflow/example_dags/example_bash_decorator.py
[2025-01-01T10:49:48.046+0000] {logging_mixin.py:190} INFO - [2025-01-01T10:49:48.045+0000] {dag.py:3239} INFO - Sync 1 DAGs
[2025-01-01T10:49:48.064+0000] {logging_mixin.py:190} INFO - [2025-01-01T10:49:48.063+0000] {dag.py:4180} INFO - Setting next_dagrun for example_bash_decorator to None, run_after=None
[2025-01-01T10:49:48.093+0000] {processor.py:208} INFO - Processing /home/airflow/.local/lib/python3.12/site-packages/airflow/example_dags/example_bash_decorator.py took 0.113 seconds
[2025-01-01T10:50:20.379+0000] {processor.py:186} INFO - Started process (PID=4427) to work on /home/airflow/.local/lib/python3.12/site-packages/airflow/example_dags/example_bash_decorator.py
[2025-01-01T10:50:20.383+0000] {processor.py:914} INFO - Processing file /home/airflow/.local/lib/python3.12/site-packages/airflow/example_dags/example_bash_decorator.py for tasks to queue
[2025-01-01T10:50:20.394+0000] {logging_mixin.py:190} INFO - [2025-01-01T10:50:20.392+0000] {dagbag.py:588} INFO - Filling up the DagBag from /home/airflow/.local/lib/python3.12/site-packages/airflow/example_dags/example_bash_decorator.py
[2025-01-01T10:50:20.474+0000] {processor.py:925} INFO - DAG(s) 'example_bash_decorator' retrieved from /home/airflow/.local/lib/python3.12/site-packages/airflow/example_dags/example_bash_decorator.py
[2025-01-01T10:50:20.592+0000] {logging_mixin.py:190} INFO - [2025-01-01T10:50:20.591+0000] {dag.py:3239} INFO - Sync 1 DAGs
[2025-01-01T10:50:20.671+0000] {logging_mixin.py:190} INFO - [2025-01-01T10:50:20.670+0000] {dag.py:4180} INFO - Setting next_dagrun for example_bash_decorator to None, run_after=None
[2025-01-01T10:50:20.764+0000] {processor.py:208} INFO - Processing /home/airflow/.local/lib/python3.12/site-packages/airflow/example_dags/example_bash_decorator.py took 0.419 seconds
[2025-01-01T10:50:59.433+0000] {processor.py:186} INFO - Started process (PID=4493) to work on /home/airflow/.local/lib/python3.12/site-packages/airflow/example_dags/example_bash_decorator.py
[2025-01-01T10:50:59.438+0000] {processor.py:914} INFO - Processing file /home/airflow/.local/lib/python3.12/site-packages/airflow/example_dags/example_bash_decorator.py for tasks to queue
[2025-01-01T10:50:59.454+0000] {logging_mixin.py:190} INFO - [2025-01-01T10:50:59.452+0000] {dagbag.py:588} INFO - Filling up the DagBag from /home/airflow/.local/lib/python3.12/site-packages/airflow/example_dags/example_bash_decorator.py
[2025-01-01T10:50:59.617+0000] {processor.py:925} INFO - DAG(s) 'example_bash_decorator' retrieved from /home/airflow/.local/lib/python3.12/site-packages/airflow/example_dags/example_bash_decorator.py
[2025-01-01T10:50:59.792+0000] {logging_mixin.py:190} INFO - [2025-01-01T10:50:59.791+0000] {dag.py:3239} INFO - Sync 1 DAGs
[2025-01-01T10:50:59.884+0000] {logging_mixin.py:190} INFO - [2025-01-01T10:50:59.883+0000] {dag.py:4180} INFO - Setting next_dagrun for example_bash_decorator to None, run_after=None
[2025-01-01T10:51:00.032+0000] {processor.py:208} INFO - Processing /home/airflow/.local/lib/python3.12/site-packages/airflow/example_dags/example_bash_decorator.py took 0.640 seconds
[2025-01-01T12:15:55.235+0000] {processor.py:186} INFO - Started process (PID=4593) to work on /home/airflow/.local/lib/python3.12/site-packages/airflow/example_dags/example_bash_decorator.py
[2025-01-01T12:15:55.237+0000] {processor.py:914} INFO - Processing file /home/airflow/.local/lib/python3.12/site-packages/airflow/example_dags/example_bash_decorator.py for tasks to queue
[2025-01-01T12:15:55.241+0000] {logging_mixin.py:190} INFO - [2025-01-01T12:15:55.240+0000] {dagbag.py:588} INFO - Filling up the DagBag from /home/airflow/.local/lib/python3.12/site-packages/airflow/example_dags/example_bash_decorator.py
[2025-01-01T12:15:55.273+0000] {processor.py:925} INFO - DAG(s) 'example_bash_decorator' retrieved from /home/airflow/.local/lib/python3.12/site-packages/airflow/example_dags/example_bash_decorator.py
[2025-01-01T12:15:55.317+0000] {logging_mixin.py:190} INFO - [2025-01-01T12:15:55.317+0000] {dag.py:3239} INFO - Sync 1 DAGs
[2025-01-01T12:15:55.347+0000] {logging_mixin.py:190} INFO - [2025-01-01T12:15:55.346+0000] {dag.py:4180} INFO - Setting next_dagrun for example_bash_decorator to None, run_after=None
[2025-01-01T12:15:55.389+0000] {processor.py:208} INFO - Processing /home/airflow/.local/lib/python3.12/site-packages/airflow/example_dags/example_bash_decorator.py took 0.163 seconds
[2025-01-01T12:16:25.788+0000] {processor.py:186} INFO - Started process (PID=4655) to work on /home/airflow/.local/lib/python3.12/site-packages/airflow/example_dags/example_bash_decorator.py
[2025-01-01T12:16:25.789+0000] {processor.py:914} INFO - Processing file /home/airflow/.local/lib/python3.12/site-packages/airflow/example_dags/example_bash_decorator.py for tasks to queue
[2025-01-01T12:16:25.791+0000] {logging_mixin.py:190} INFO - [2025-01-01T12:16:25.791+0000] {dagbag.py:588} INFO - Filling up the DagBag from /home/airflow/.local/lib/python3.12/site-packages/airflow/example_dags/example_bash_decorator.py
[2025-01-01T12:16:25.804+0000] {processor.py:925} INFO - DAG(s) 'example_bash_decorator' retrieved from /home/airflow/.local/lib/python3.12/site-packages/airflow/example_dags/example_bash_decorator.py
[2025-01-01T12:16:25.825+0000] {logging_mixin.py:190} INFO - [2025-01-01T12:16:25.824+0000] {dag.py:3239} INFO - Sync 1 DAGs
[2025-01-01T12:16:25.837+0000] {logging_mixin.py:190} INFO - [2025-01-01T12:16:25.836+0000] {dag.py:4180} INFO - Setting next_dagrun for example_bash_decorator to None, run_after=None
[2025-01-01T12:16:25.858+0000] {processor.py:208} INFO - Processing /home/airflow/.local/lib/python3.12/site-packages/airflow/example_dags/example_bash_decorator.py took 0.076 seconds
