[2025-01-01T10:07:26.372+0000] {processor.py:186} INFO - Started process (PID=186) to work on /home/airflow/.local/lib/python3.12/site-packages/airflow/example_dags/example_display_name.py
[2025-01-01T10:07:26.403+0000] {processor.py:914} INFO - Processing file /home/airflow/.local/lib/python3.12/site-packages/airflow/example_dags/example_display_name.py for tasks to queue
[2025-01-01T10:07:26.445+0000] {logging_mixin.py:190} INFO - [2025-01-01T10:07:26.442+0000] {dagbag.py:588} INFO - Filling up the DagBag from /home/airflow/.local/lib/python3.12/site-packages/airflow/example_dags/example_display_name.py
[2025-01-01T10:07:26.612+0000] {processor.py:925} INFO - DAG(s) 'example_display_name' retrieved from /home/airflow/.local/lib/python3.12/site-packages/airflow/example_dags/example_display_name.py
[2025-01-01T10:07:27.885+0000] {logging_mixin.py:190} INFO - [2025-01-01T10:07:27.881+0000] {override.py:1911} INFO - Created Permission View: can edit on DAG:example_display_name
[2025-01-01T10:07:28.002+0000] {logging_mixin.py:190} INFO - [2025-01-01T10:07:28.001+0000] {override.py:1911} INFO - Created Permission View: can delete on DAG:example_display_name
[2025-01-01T10:07:28.091+0000] {logging_mixin.py:190} INFO - [2025-01-01T10:07:28.089+0000] {override.py:1911} INFO - Created Permission View: can read on DAG:example_display_name
[2025-01-01T10:07:28.193+0000] {logging_mixin.py:190} INFO - [2025-01-01T10:07:28.190+0000] {override.py:1911} INFO - Created Permission View: can create on DAG Run:example_display_name
[2025-01-01T10:07:28.343+0000] {logging_mixin.py:190} INFO - [2025-01-01T10:07:28.341+0000] {override.py:1911} INFO - Created Permission View: menu access on DAG Run:example_display_name
[2025-01-01T10:07:28.453+0000] {logging_mixin.py:190} INFO - [2025-01-01T10:07:28.450+0000] {override.py:1911} INFO - Created Permission View: can delete on DAG Run:example_display_name
[2025-01-01T10:07:28.544+0000] {logging_mixin.py:190} INFO - [2025-01-01T10:07:28.543+0000] {override.py:1911} INFO - Created Permission View: can read on DAG Run:example_display_name
[2025-01-01T10:07:28.572+0000] {logging_mixin.py:190} INFO - [2025-01-01T10:07:28.556+0000] {dag.py:3239} INFO - Sync 1 DAGs
[2025-01-01T10:07:28.885+0000] {logging_mixin.py:190} INFO - [2025-01-01T10:07:28.883+0000] {dag.py:3262} INFO - Creating ORM DAG for example_display_name
[2025-01-01T10:07:28.905+0000] {logging_mixin.py:190} INFO - [2025-01-01T10:07:28.903+0000] {dag.py:4180} INFO - Setting next_dagrun for example_display_name to None, run_after=None
[2025-01-01T10:07:29.184+0000] {processor.py:208} INFO - Processing /home/airflow/.local/lib/python3.12/site-packages/airflow/example_dags/example_display_name.py took 2.916 seconds
[2025-01-01T10:09:35.758+0000] {processor.py:186} INFO - Started process (PID=266) to work on /home/airflow/.local/lib/python3.12/site-packages/airflow/example_dags/example_display_name.py
[2025-01-01T10:09:35.765+0000] {processor.py:914} INFO - Processing file /home/airflow/.local/lib/python3.12/site-packages/airflow/example_dags/example_display_name.py for tasks to queue
[2025-01-01T10:09:35.793+0000] {logging_mixin.py:190} INFO - [2025-01-01T10:09:35.791+0000] {dagbag.py:588} INFO - Filling up the DagBag from /home/airflow/.local/lib/python3.12/site-packages/airflow/example_dags/example_display_name.py
[2025-01-01T10:09:35.869+0000] {processor.py:925} INFO - DAG(s) 'example_display_name' retrieved from /home/airflow/.local/lib/python3.12/site-packages/airflow/example_dags/example_display_name.py
[2025-01-01T10:09:36.091+0000] {logging_mixin.py:190} INFO - [2025-01-01T10:09:36.088+0000] {dag.py:3239} INFO - Sync 1 DAGs
[2025-01-01T10:09:36.280+0000] {logging_mixin.py:190} INFO - [2025-01-01T10:09:36.278+0000] {dag.py:4180} INFO - Setting next_dagrun for example_display_name to None, run_after=None
[2025-01-01T10:09:36.518+0000] {processor.py:208} INFO - Processing /home/airflow/.local/lib/python3.12/site-packages/airflow/example_dags/example_display_name.py took 0.830 seconds
[2025-01-01T10:14:44.225+0000] {processor.py:186} INFO - Started process (PID=306) to work on /home/airflow/.local/lib/python3.12/site-packages/airflow/example_dags/example_display_name.py
[2025-01-01T10:14:44.226+0000] {processor.py:914} INFO - Processing file /home/airflow/.local/lib/python3.12/site-packages/airflow/example_dags/example_display_name.py for tasks to queue
[2025-01-01T10:14:44.231+0000] {logging_mixin.py:190} INFO - [2025-01-01T10:14:44.230+0000] {dagbag.py:588} INFO - Filling up the DagBag from /home/airflow/.local/lib/python3.12/site-packages/airflow/example_dags/example_display_name.py
[2025-01-01T10:14:44.247+0000] {processor.py:925} INFO - DAG(s) 'example_display_name' retrieved from /home/airflow/.local/lib/python3.12/site-packages/airflow/example_dags/example_display_name.py
[2025-01-01T10:14:44.294+0000] {logging_mixin.py:190} INFO - [2025-01-01T10:14:44.294+0000] {dag.py:3239} INFO - Sync 1 DAGs
[2025-01-01T10:14:44.360+0000] {logging_mixin.py:190} INFO - [2025-01-01T10:14:44.359+0000] {dag.py:4180} INFO - Setting next_dagrun for example_display_name to None, run_after=None
[2025-01-01T10:14:44.422+0000] {processor.py:208} INFO - Processing /home/airflow/.local/lib/python3.12/site-packages/airflow/example_dags/example_display_name.py took 0.210 seconds
[2025-01-01T10:15:15.085+0000] {processor.py:186} INFO - Started process (PID=368) to work on /home/airflow/.local/lib/python3.12/site-packages/airflow/example_dags/example_display_name.py
[2025-01-01T10:15:15.087+0000] {processor.py:914} INFO - Processing file /home/airflow/.local/lib/python3.12/site-packages/airflow/example_dags/example_display_name.py for tasks to queue
[2025-01-01T10:15:15.092+0000] {logging_mixin.py:190} INFO - [2025-01-01T10:15:15.091+0000] {dagbag.py:588} INFO - Filling up the DagBag from /home/airflow/.local/lib/python3.12/site-packages/airflow/example_dags/example_display_name.py
[2025-01-01T10:15:15.112+0000] {processor.py:925} INFO - DAG(s) 'example_display_name' retrieved from /home/airflow/.local/lib/python3.12/site-packages/airflow/example_dags/example_display_name.py
[2025-01-01T10:15:15.161+0000] {logging_mixin.py:190} INFO - [2025-01-01T10:15:15.161+0000] {dag.py:3239} INFO - Sync 1 DAGs
[2025-01-01T10:15:15.201+0000] {logging_mixin.py:190} INFO - [2025-01-01T10:15:15.201+0000] {dag.py:4180} INFO - Setting next_dagrun for example_display_name to None, run_after=None
[2025-01-01T10:15:15.245+0000] {processor.py:208} INFO - Processing /home/airflow/.local/lib/python3.12/site-packages/airflow/example_dags/example_display_name.py took 0.175 seconds
[2025-01-01T10:15:45.531+0000] {processor.py:186} INFO - Started process (PID=431) to work on /home/airflow/.local/lib/python3.12/site-packages/airflow/example_dags/example_display_name.py
[2025-01-01T10:15:45.533+0000] {processor.py:914} INFO - Processing file /home/airflow/.local/lib/python3.12/site-packages/airflow/example_dags/example_display_name.py for tasks to queue
[2025-01-01T10:15:45.536+0000] {logging_mixin.py:190} INFO - [2025-01-01T10:15:45.536+0000] {dagbag.py:588} INFO - Filling up the DagBag from /home/airflow/.local/lib/python3.12/site-packages/airflow/example_dags/example_display_name.py
[2025-01-01T10:15:45.547+0000] {processor.py:925} INFO - DAG(s) 'example_display_name' retrieved from /home/airflow/.local/lib/python3.12/site-packages/airflow/example_dags/example_display_name.py
[2025-01-01T10:15:45.571+0000] {logging_mixin.py:190} INFO - [2025-01-01T10:15:45.571+0000] {dag.py:3239} INFO - Sync 1 DAGs
[2025-01-01T10:15:45.590+0000] {logging_mixin.py:190} INFO - [2025-01-01T10:15:45.589+0000] {dag.py:4180} INFO - Setting next_dagrun for example_display_name to None, run_after=None
[2025-01-01T10:15:45.619+0000] {processor.py:208} INFO - Processing /home/airflow/.local/lib/python3.12/site-packages/airflow/example_dags/example_display_name.py took 0.096 seconds
[2025-01-01T10:16:16.266+0000] {processor.py:186} INFO - Started process (PID=494) to work on /home/airflow/.local/lib/python3.12/site-packages/airflow/example_dags/example_display_name.py
[2025-01-01T10:16:16.267+0000] {processor.py:914} INFO - Processing file /home/airflow/.local/lib/python3.12/site-packages/airflow/example_dags/example_display_name.py for tasks to queue
[2025-01-01T10:16:16.271+0000] {logging_mixin.py:190} INFO - [2025-01-01T10:16:16.270+0000] {dagbag.py:588} INFO - Filling up the DagBag from /home/airflow/.local/lib/python3.12/site-packages/airflow/example_dags/example_display_name.py
[2025-01-01T10:16:16.284+0000] {processor.py:925} INFO - DAG(s) 'example_display_name' retrieved from /home/airflow/.local/lib/python3.12/site-packages/airflow/example_dags/example_display_name.py
[2025-01-01T10:16:16.314+0000] {logging_mixin.py:190} INFO - [2025-01-01T10:16:16.313+0000] {dag.py:3239} INFO - Sync 1 DAGs
[2025-01-01T10:16:16.336+0000] {logging_mixin.py:190} INFO - [2025-01-01T10:16:16.336+0000] {dag.py:4180} INFO - Setting next_dagrun for example_display_name to None, run_after=None
[2025-01-01T10:16:16.367+0000] {processor.py:208} INFO - Processing /home/airflow/.local/lib/python3.12/site-packages/airflow/example_dags/example_display_name.py took 0.112 seconds
[2025-01-01T10:16:46.539+0000] {processor.py:186} INFO - Started process (PID=557) to work on /home/airflow/.local/lib/python3.12/site-packages/airflow/example_dags/example_display_name.py
[2025-01-01T10:16:46.541+0000] {processor.py:914} INFO - Processing file /home/airflow/.local/lib/python3.12/site-packages/airflow/example_dags/example_display_name.py for tasks to queue
[2025-01-01T10:16:46.544+0000] {logging_mixin.py:190} INFO - [2025-01-01T10:16:46.544+0000] {dagbag.py:588} INFO - Filling up the DagBag from /home/airflow/.local/lib/python3.12/site-packages/airflow/example_dags/example_display_name.py
[2025-01-01T10:16:46.552+0000] {processor.py:925} INFO - DAG(s) 'example_display_name' retrieved from /home/airflow/.local/lib/python3.12/site-packages/airflow/example_dags/example_display_name.py
[2025-01-01T10:16:46.578+0000] {logging_mixin.py:190} INFO - [2025-01-01T10:16:46.578+0000] {dag.py:3239} INFO - Sync 1 DAGs
[2025-01-01T10:16:46.591+0000] {logging_mixin.py:190} INFO - [2025-01-01T10:16:46.591+0000] {dag.py:4180} INFO - Setting next_dagrun for example_display_name to None, run_after=None
[2025-01-01T10:16:46.627+0000] {processor.py:208} INFO - Processing /home/airflow/.local/lib/python3.12/site-packages/airflow/example_dags/example_display_name.py took 0.094 seconds
[2025-01-01T10:17:16.914+0000] {processor.py:186} INFO - Started process (PID=620) to work on /home/airflow/.local/lib/python3.12/site-packages/airflow/example_dags/example_display_name.py
[2025-01-01T10:17:16.916+0000] {processor.py:914} INFO - Processing file /home/airflow/.local/lib/python3.12/site-packages/airflow/example_dags/example_display_name.py for tasks to queue
[2025-01-01T10:17:16.920+0000] {logging_mixin.py:190} INFO - [2025-01-01T10:17:16.920+0000] {dagbag.py:588} INFO - Filling up the DagBag from /home/airflow/.local/lib/python3.12/site-packages/airflow/example_dags/example_display_name.py
[2025-01-01T10:17:16.936+0000] {processor.py:925} INFO - DAG(s) 'example_display_name' retrieved from /home/airflow/.local/lib/python3.12/site-packages/airflow/example_dags/example_display_name.py
[2025-01-01T10:17:16.962+0000] {logging_mixin.py:190} INFO - [2025-01-01T10:17:16.962+0000] {dag.py:3239} INFO - Sync 1 DAGs
[2025-01-01T10:17:16.980+0000] {logging_mixin.py:190} INFO - [2025-01-01T10:17:16.980+0000] {dag.py:4180} INFO - Setting next_dagrun for example_display_name to None, run_after=None
[2025-01-01T10:17:17.017+0000] {processor.py:208} INFO - Processing /home/airflow/.local/lib/python3.12/site-packages/airflow/example_dags/example_display_name.py took 0.111 seconds
[2025-01-01T10:17:47.458+0000] {processor.py:186} INFO - Started process (PID=683) to work on /home/airflow/.local/lib/python3.12/site-packages/airflow/example_dags/example_display_name.py
[2025-01-01T10:17:47.460+0000] {processor.py:914} INFO - Processing file /home/airflow/.local/lib/python3.12/site-packages/airflow/example_dags/example_display_name.py for tasks to queue
[2025-01-01T10:17:47.463+0000] {logging_mixin.py:190} INFO - [2025-01-01T10:17:47.463+0000] {dagbag.py:588} INFO - Filling up the DagBag from /home/airflow/.local/lib/python3.12/site-packages/airflow/example_dags/example_display_name.py
[2025-01-01T10:17:47.476+0000] {processor.py:925} INFO - DAG(s) 'example_display_name' retrieved from /home/airflow/.local/lib/python3.12/site-packages/airflow/example_dags/example_display_name.py
[2025-01-01T10:17:47.500+0000] {logging_mixin.py:190} INFO - [2025-01-01T10:17:47.500+0000] {dag.py:3239} INFO - Sync 1 DAGs
[2025-01-01T10:17:47.519+0000] {logging_mixin.py:190} INFO - [2025-01-01T10:17:47.519+0000] {dag.py:4180} INFO - Setting next_dagrun for example_display_name to None, run_after=None
[2025-01-01T10:17:47.549+0000] {processor.py:208} INFO - Processing /home/airflow/.local/lib/python3.12/site-packages/airflow/example_dags/example_display_name.py took 0.098 seconds
[2025-01-01T10:18:18.789+0000] {processor.py:186} INFO - Started process (PID=746) to work on /home/airflow/.local/lib/python3.12/site-packages/airflow/example_dags/example_display_name.py
[2025-01-01T10:18:18.793+0000] {processor.py:914} INFO - Processing file /home/airflow/.local/lib/python3.12/site-packages/airflow/example_dags/example_display_name.py for tasks to queue
[2025-01-01T10:18:18.804+0000] {logging_mixin.py:190} INFO - [2025-01-01T10:18:18.802+0000] {dagbag.py:588} INFO - Filling up the DagBag from /home/airflow/.local/lib/python3.12/site-packages/airflow/example_dags/example_display_name.py
[2025-01-01T10:18:18.835+0000] {processor.py:925} INFO - DAG(s) 'example_display_name' retrieved from /home/airflow/.local/lib/python3.12/site-packages/airflow/example_dags/example_display_name.py
[2025-01-01T10:18:18.905+0000] {logging_mixin.py:190} INFO - [2025-01-01T10:18:18.904+0000] {dag.py:3239} INFO - Sync 1 DAGs
[2025-01-01T10:18:18.966+0000] {logging_mixin.py:190} INFO - [2025-01-01T10:18:18.965+0000] {dag.py:4180} INFO - Setting next_dagrun for example_display_name to None, run_after=None
[2025-01-01T10:18:19.050+0000] {processor.py:208} INFO - Processing /home/airflow/.local/lib/python3.12/site-packages/airflow/example_dags/example_display_name.py took 0.292 seconds
[2025-01-01T10:18:52.217+0000] {processor.py:186} INFO - Started process (PID=799) to work on /home/airflow/.local/lib/python3.12/site-packages/airflow/example_dags/example_display_name.py
[2025-01-01T10:18:52.222+0000] {processor.py:914} INFO - Processing file /home/airflow/.local/lib/python3.12/site-packages/airflow/example_dags/example_display_name.py for tasks to queue
[2025-01-01T10:18:52.236+0000] {logging_mixin.py:190} INFO - [2025-01-01T10:18:52.234+0000] {dagbag.py:588} INFO - Filling up the DagBag from /home/airflow/.local/lib/python3.12/site-packages/airflow/example_dags/example_display_name.py
[2025-01-01T10:18:52.284+0000] {processor.py:925} INFO - DAG(s) 'example_display_name' retrieved from /home/airflow/.local/lib/python3.12/site-packages/airflow/example_dags/example_display_name.py
[2025-01-01T10:18:52.392+0000] {logging_mixin.py:190} INFO - [2025-01-01T10:18:52.391+0000] {dag.py:3239} INFO - Sync 1 DAGs
[2025-01-01T10:18:52.506+0000] {logging_mixin.py:190} INFO - [2025-01-01T10:18:52.504+0000] {dag.py:4180} INFO - Setting next_dagrun for example_display_name to None, run_after=None
[2025-01-01T10:18:52.649+0000] {processor.py:208} INFO - Processing /home/airflow/.local/lib/python3.12/site-packages/airflow/example_dags/example_display_name.py took 0.491 seconds
[2025-01-01T10:19:31.290+0000] {processor.py:186} INFO - Started process (PID=861) to work on /home/airflow/.local/lib/python3.12/site-packages/airflow/example_dags/example_display_name.py
[2025-01-01T10:19:31.294+0000] {processor.py:914} INFO - Processing file /home/airflow/.local/lib/python3.12/site-packages/airflow/example_dags/example_display_name.py for tasks to queue
[2025-01-01T10:19:31.306+0000] {logging_mixin.py:190} INFO - [2025-01-01T10:19:31.305+0000] {dagbag.py:588} INFO - Filling up the DagBag from /home/airflow/.local/lib/python3.12/site-packages/airflow/example_dags/example_display_name.py
[2025-01-01T10:19:31.345+0000] {processor.py:925} INFO - DAG(s) 'example_display_name' retrieved from /home/airflow/.local/lib/python3.12/site-packages/airflow/example_dags/example_display_name.py
[2025-01-01T10:19:31.429+0000] {logging_mixin.py:190} INFO - [2025-01-01T10:19:31.428+0000] {dag.py:3239} INFO - Sync 1 DAGs
[2025-01-01T10:19:31.497+0000] {logging_mixin.py:190} INFO - [2025-01-01T10:19:31.496+0000] {dag.py:4180} INFO - Setting next_dagrun for example_display_name to None, run_after=None
[2025-01-01T10:19:31.589+0000] {processor.py:208} INFO - Processing /home/airflow/.local/lib/python3.12/site-packages/airflow/example_dags/example_display_name.py took 0.328 seconds
[2025-01-01T10:20:02.156+0000] {processor.py:186} INFO - Started process (PID=924) to work on /home/airflow/.local/lib/python3.12/site-packages/airflow/example_dags/example_display_name.py
[2025-01-01T10:20:02.158+0000] {processor.py:914} INFO - Processing file /home/airflow/.local/lib/python3.12/site-packages/airflow/example_dags/example_display_name.py for tasks to queue
[2025-01-01T10:20:02.162+0000] {logging_mixin.py:190} INFO - [2025-01-01T10:20:02.161+0000] {dagbag.py:588} INFO - Filling up the DagBag from /home/airflow/.local/lib/python3.12/site-packages/airflow/example_dags/example_display_name.py
[2025-01-01T10:20:02.177+0000] {processor.py:925} INFO - DAG(s) 'example_display_name' retrieved from /home/airflow/.local/lib/python3.12/site-packages/airflow/example_dags/example_display_name.py
[2025-01-01T10:20:02.210+0000] {logging_mixin.py:190} INFO - [2025-01-01T10:20:02.210+0000] {dag.py:3239} INFO - Sync 1 DAGs
[2025-01-01T10:20:02.237+0000] {logging_mixin.py:190} INFO - [2025-01-01T10:20:02.236+0000] {dag.py:4180} INFO - Setting next_dagrun for example_display_name to None, run_after=None
[2025-01-01T10:20:02.270+0000] {processor.py:208} INFO - Processing /home/airflow/.local/lib/python3.12/site-packages/airflow/example_dags/example_display_name.py took 0.124 seconds
[2025-01-01T10:20:32.924+0000] {processor.py:186} INFO - Started process (PID=987) to work on /home/airflow/.local/lib/python3.12/site-packages/airflow/example_dags/example_display_name.py
[2025-01-01T10:20:32.926+0000] {processor.py:914} INFO - Processing file /home/airflow/.local/lib/python3.12/site-packages/airflow/example_dags/example_display_name.py for tasks to queue
[2025-01-01T10:20:32.930+0000] {logging_mixin.py:190} INFO - [2025-01-01T10:20:32.929+0000] {dagbag.py:588} INFO - Filling up the DagBag from /home/airflow/.local/lib/python3.12/site-packages/airflow/example_dags/example_display_name.py
[2025-01-01T10:20:32.940+0000] {processor.py:925} INFO - DAG(s) 'example_display_name' retrieved from /home/airflow/.local/lib/python3.12/site-packages/airflow/example_dags/example_display_name.py
[2025-01-01T10:20:32.968+0000] {logging_mixin.py:190} INFO - [2025-01-01T10:20:32.968+0000] {dag.py:3239} INFO - Sync 1 DAGs
[2025-01-01T10:20:32.986+0000] {logging_mixin.py:190} INFO - [2025-01-01T10:20:32.986+0000] {dag.py:4180} INFO - Setting next_dagrun for example_display_name to None, run_after=None
[2025-01-01T10:20:33.018+0000] {processor.py:208} INFO - Processing /home/airflow/.local/lib/python3.12/site-packages/airflow/example_dags/example_display_name.py took 0.101 seconds
[2025-01-01T10:21:03.135+0000] {processor.py:186} INFO - Started process (PID=1050) to work on /home/airflow/.local/lib/python3.12/site-packages/airflow/example_dags/example_display_name.py
[2025-01-01T10:21:03.137+0000] {processor.py:914} INFO - Processing file /home/airflow/.local/lib/python3.12/site-packages/airflow/example_dags/example_display_name.py for tasks to queue
[2025-01-01T10:21:03.140+0000] {logging_mixin.py:190} INFO - [2025-01-01T10:21:03.140+0000] {dagbag.py:588} INFO - Filling up the DagBag from /home/airflow/.local/lib/python3.12/site-packages/airflow/example_dags/example_display_name.py
[2025-01-01T10:21:03.152+0000] {processor.py:925} INFO - DAG(s) 'example_display_name' retrieved from /home/airflow/.local/lib/python3.12/site-packages/airflow/example_dags/example_display_name.py
[2025-01-01T10:21:03.183+0000] {logging_mixin.py:190} INFO - [2025-01-01T10:21:03.183+0000] {dag.py:3239} INFO - Sync 1 DAGs
[2025-01-01T10:21:03.202+0000] {logging_mixin.py:190} INFO - [2025-01-01T10:21:03.202+0000] {dag.py:4180} INFO - Setting next_dagrun for example_display_name to None, run_after=None
[2025-01-01T10:21:03.233+0000] {processor.py:208} INFO - Processing /home/airflow/.local/lib/python3.12/site-packages/airflow/example_dags/example_display_name.py took 0.107 seconds
[2025-01-01T10:21:33.845+0000] {processor.py:186} INFO - Started process (PID=1114) to work on /home/airflow/.local/lib/python3.12/site-packages/airflow/example_dags/example_display_name.py
[2025-01-01T10:21:33.848+0000] {processor.py:914} INFO - Processing file /home/airflow/.local/lib/python3.12/site-packages/airflow/example_dags/example_display_name.py for tasks to queue
[2025-01-01T10:21:33.855+0000] {logging_mixin.py:190} INFO - [2025-01-01T10:21:33.854+0000] {dagbag.py:588} INFO - Filling up the DagBag from /home/airflow/.local/lib/python3.12/site-packages/airflow/example_dags/example_display_name.py
[2025-01-01T10:21:33.877+0000] {processor.py:925} INFO - DAG(s) 'example_display_name' retrieved from /home/airflow/.local/lib/python3.12/site-packages/airflow/example_dags/example_display_name.py
[2025-01-01T10:21:33.925+0000] {logging_mixin.py:190} INFO - [2025-01-01T10:21:33.925+0000] {dag.py:3239} INFO - Sync 1 DAGs
[2025-01-01T10:21:33.964+0000] {logging_mixin.py:190} INFO - [2025-01-01T10:21:33.963+0000] {dag.py:4180} INFO - Setting next_dagrun for example_display_name to None, run_after=None
[2025-01-01T10:21:34.026+0000] {processor.py:208} INFO - Processing /home/airflow/.local/lib/python3.12/site-packages/airflow/example_dags/example_display_name.py took 0.198 seconds
[2025-01-01T10:22:04.164+0000] {processor.py:186} INFO - Started process (PID=1177) to work on /home/airflow/.local/lib/python3.12/site-packages/airflow/example_dags/example_display_name.py
[2025-01-01T10:22:04.166+0000] {processor.py:914} INFO - Processing file /home/airflow/.local/lib/python3.12/site-packages/airflow/example_dags/example_display_name.py for tasks to queue
[2025-01-01T10:22:04.169+0000] {logging_mixin.py:190} INFO - [2025-01-01T10:22:04.169+0000] {dagbag.py:588} INFO - Filling up the DagBag from /home/airflow/.local/lib/python3.12/site-packages/airflow/example_dags/example_display_name.py
[2025-01-01T10:22:04.181+0000] {processor.py:925} INFO - DAG(s) 'example_display_name' retrieved from /home/airflow/.local/lib/python3.12/site-packages/airflow/example_dags/example_display_name.py
[2025-01-01T10:22:04.207+0000] {logging_mixin.py:190} INFO - [2025-01-01T10:22:04.206+0000] {dag.py:3239} INFO - Sync 1 DAGs
[2025-01-01T10:22:04.224+0000] {logging_mixin.py:190} INFO - [2025-01-01T10:22:04.223+0000] {dag.py:4180} INFO - Setting next_dagrun for example_display_name to None, run_after=None
[2025-01-01T10:22:04.250+0000] {processor.py:208} INFO - Processing /home/airflow/.local/lib/python3.12/site-packages/airflow/example_dags/example_display_name.py took 0.094 seconds
[2025-01-01T10:22:36.294+0000] {processor.py:186} INFO - Started process (PID=1240) to work on /home/airflow/.local/lib/python3.12/site-packages/airflow/example_dags/example_display_name.py
[2025-01-01T10:22:36.298+0000] {processor.py:914} INFO - Processing file /home/airflow/.local/lib/python3.12/site-packages/airflow/example_dags/example_display_name.py for tasks to queue
[2025-01-01T10:22:36.306+0000] {logging_mixin.py:190} INFO - [2025-01-01T10:22:36.305+0000] {dagbag.py:588} INFO - Filling up the DagBag from /home/airflow/.local/lib/python3.12/site-packages/airflow/example_dags/example_display_name.py
[2025-01-01T10:22:36.338+0000] {processor.py:925} INFO - DAG(s) 'example_display_name' retrieved from /home/airflow/.local/lib/python3.12/site-packages/airflow/example_dags/example_display_name.py
[2025-01-01T10:22:36.410+0000] {logging_mixin.py:190} INFO - [2025-01-01T10:22:36.410+0000] {dag.py:3239} INFO - Sync 1 DAGs
[2025-01-01T10:22:36.467+0000] {logging_mixin.py:190} INFO - [2025-01-01T10:22:36.466+0000] {dag.py:4180} INFO - Setting next_dagrun for example_display_name to None, run_after=None
[2025-01-01T10:22:36.537+0000] {processor.py:208} INFO - Processing /home/airflow/.local/lib/python3.12/site-packages/airflow/example_dags/example_display_name.py took 0.265 seconds
[2025-01-01T10:23:07.244+0000] {processor.py:186} INFO - Started process (PID=1302) to work on /home/airflow/.local/lib/python3.12/site-packages/airflow/example_dags/example_display_name.py
[2025-01-01T10:23:07.247+0000] {processor.py:914} INFO - Processing file /home/airflow/.local/lib/python3.12/site-packages/airflow/example_dags/example_display_name.py for tasks to queue
[2025-01-01T10:23:07.250+0000] {logging_mixin.py:190} INFO - [2025-01-01T10:23:07.250+0000] {dagbag.py:588} INFO - Filling up the DagBag from /home/airflow/.local/lib/python3.12/site-packages/airflow/example_dags/example_display_name.py
[2025-01-01T10:23:07.259+0000] {processor.py:925} INFO - DAG(s) 'example_display_name' retrieved from /home/airflow/.local/lib/python3.12/site-packages/airflow/example_dags/example_display_name.py
[2025-01-01T10:23:07.288+0000] {logging_mixin.py:190} INFO - [2025-01-01T10:23:07.287+0000] {dag.py:3239} INFO - Sync 1 DAGs
[2025-01-01T10:23:07.304+0000] {logging_mixin.py:190} INFO - [2025-01-01T10:23:07.303+0000] {dag.py:4180} INFO - Setting next_dagrun for example_display_name to None, run_after=None
[2025-01-01T10:23:07.336+0000] {processor.py:208} INFO - Processing /home/airflow/.local/lib/python3.12/site-packages/airflow/example_dags/example_display_name.py took 0.098 seconds
[2025-01-01T10:23:38.171+0000] {processor.py:186} INFO - Started process (PID=1364) to work on /home/airflow/.local/lib/python3.12/site-packages/airflow/example_dags/example_display_name.py
[2025-01-01T10:23:38.174+0000] {processor.py:914} INFO - Processing file /home/airflow/.local/lib/python3.12/site-packages/airflow/example_dags/example_display_name.py for tasks to queue
[2025-01-01T10:23:38.181+0000] {logging_mixin.py:190} INFO - [2025-01-01T10:23:38.180+0000] {dagbag.py:588} INFO - Filling up the DagBag from /home/airflow/.local/lib/python3.12/site-packages/airflow/example_dags/example_display_name.py
[2025-01-01T10:23:38.203+0000] {processor.py:925} INFO - DAG(s) 'example_display_name' retrieved from /home/airflow/.local/lib/python3.12/site-packages/airflow/example_dags/example_display_name.py
[2025-01-01T10:23:38.254+0000] {logging_mixin.py:190} INFO - [2025-01-01T10:23:38.253+0000] {dag.py:3239} INFO - Sync 1 DAGs
[2025-01-01T10:23:38.301+0000] {logging_mixin.py:190} INFO - [2025-01-01T10:23:38.301+0000] {dag.py:4180} INFO - Setting next_dagrun for example_display_name to None, run_after=None
[2025-01-01T10:23:38.365+0000] {processor.py:208} INFO - Processing /home/airflow/.local/lib/python3.12/site-packages/airflow/example_dags/example_display_name.py took 0.211 seconds
[2025-01-01T10:24:09.669+0000] {processor.py:186} INFO - Started process (PID=1426) to work on /home/airflow/.local/lib/python3.12/site-packages/airflow/example_dags/example_display_name.py
[2025-01-01T10:24:09.674+0000] {processor.py:914} INFO - Processing file /home/airflow/.local/lib/python3.12/site-packages/airflow/example_dags/example_display_name.py for tasks to queue
[2025-01-01T10:24:09.694+0000] {logging_mixin.py:190} INFO - [2025-01-01T10:24:09.692+0000] {dagbag.py:588} INFO - Filling up the DagBag from /home/airflow/.local/lib/python3.12/site-packages/airflow/example_dags/example_display_name.py
[2025-01-01T10:24:09.751+0000] {processor.py:925} INFO - DAG(s) 'example_display_name' retrieved from /home/airflow/.local/lib/python3.12/site-packages/airflow/example_dags/example_display_name.py
[2025-01-01T10:24:09.876+0000] {logging_mixin.py:190} INFO - [2025-01-01T10:24:09.874+0000] {dag.py:3239} INFO - Sync 1 DAGs
[2025-01-01T10:24:09.957+0000] {logging_mixin.py:190} INFO - [2025-01-01T10:24:09.956+0000] {dag.py:4180} INFO - Setting next_dagrun for example_display_name to None, run_after=None
[2025-01-01T10:24:10.069+0000] {processor.py:208} INFO - Processing /home/airflow/.local/lib/python3.12/site-packages/airflow/example_dags/example_display_name.py took 0.440 seconds
[2025-01-01T10:24:47.234+0000] {processor.py:186} INFO - Started process (PID=1484) to work on /home/airflow/.local/lib/python3.12/site-packages/airflow/example_dags/example_display_name.py
[2025-01-01T10:24:47.253+0000] {processor.py:914} INFO - Processing file /home/airflow/.local/lib/python3.12/site-packages/airflow/example_dags/example_display_name.py for tasks to queue
[2025-01-01T10:24:47.304+0000] {logging_mixin.py:190} INFO - [2025-01-01T10:24:47.301+0000] {dagbag.py:588} INFO - Filling up the DagBag from /home/airflow/.local/lib/python3.12/site-packages/airflow/example_dags/example_display_name.py
[2025-01-01T10:24:47.435+0000] {processor.py:925} INFO - DAG(s) 'example_display_name' retrieved from /home/airflow/.local/lib/python3.12/site-packages/airflow/example_dags/example_display_name.py
[2025-01-01T10:24:47.818+0000] {logging_mixin.py:190} INFO - [2025-01-01T10:24:47.804+0000] {dag.py:3239} INFO - Sync 1 DAGs
[2025-01-01T10:24:48.050+0000] {logging_mixin.py:190} INFO - [2025-01-01T10:24:48.048+0000] {dag.py:4180} INFO - Setting next_dagrun for example_display_name to None, run_after=None
[2025-01-01T10:24:48.330+0000] {processor.py:208} INFO - Processing /home/airflow/.local/lib/python3.12/site-packages/airflow/example_dags/example_display_name.py took 1.136 seconds
[2025-01-01T10:25:26.705+0000] {processor.py:186} INFO - Started process (PID=1538) to work on /home/airflow/.local/lib/python3.12/site-packages/airflow/example_dags/example_display_name.py
[2025-01-01T10:25:26.720+0000] {processor.py:914} INFO - Processing file /home/airflow/.local/lib/python3.12/site-packages/airflow/example_dags/example_display_name.py for tasks to queue
[2025-01-01T10:25:26.756+0000] {logging_mixin.py:190} INFO - [2025-01-01T10:25:26.751+0000] {dagbag.py:588} INFO - Filling up the DagBag from /home/airflow/.local/lib/python3.12/site-packages/airflow/example_dags/example_display_name.py
[2025-01-01T10:25:26.894+0000] {processor.py:925} INFO - DAG(s) 'example_display_name' retrieved from /home/airflow/.local/lib/python3.12/site-packages/airflow/example_dags/example_display_name.py
[2025-01-01T10:25:27.100+0000] {logging_mixin.py:190} INFO - [2025-01-01T10:25:27.098+0000] {dag.py:3239} INFO - Sync 1 DAGs
[2025-01-01T10:25:27.368+0000] {logging_mixin.py:190} INFO - [2025-01-01T10:25:27.354+0000] {dag.py:4180} INFO - Setting next_dagrun for example_display_name to None, run_after=None
[2025-01-01T10:25:27.588+0000] {processor.py:208} INFO - Processing /home/airflow/.local/lib/python3.12/site-packages/airflow/example_dags/example_display_name.py took 1.006 seconds
[2025-01-01T10:26:04.414+0000] {processor.py:186} INFO - Started process (PID=1606) to work on /home/airflow/.local/lib/python3.12/site-packages/airflow/example_dags/example_display_name.py
[2025-01-01T10:26:04.419+0000] {processor.py:914} INFO - Processing file /home/airflow/.local/lib/python3.12/site-packages/airflow/example_dags/example_display_name.py for tasks to queue
[2025-01-01T10:26:04.427+0000] {logging_mixin.py:190} INFO - [2025-01-01T10:26:04.426+0000] {dagbag.py:588} INFO - Filling up the DagBag from /home/airflow/.local/lib/python3.12/site-packages/airflow/example_dags/example_display_name.py
[2025-01-01T10:26:04.458+0000] {processor.py:925} INFO - DAG(s) 'example_display_name' retrieved from /home/airflow/.local/lib/python3.12/site-packages/airflow/example_dags/example_display_name.py
[2025-01-01T10:26:04.530+0000] {logging_mixin.py:190} INFO - [2025-01-01T10:26:04.530+0000] {dag.py:3239} INFO - Sync 1 DAGs
[2025-01-01T10:26:04.593+0000] {logging_mixin.py:190} INFO - [2025-01-01T10:26:04.592+0000] {dag.py:4180} INFO - Setting next_dagrun for example_display_name to None, run_after=None
[2025-01-01T10:26:04.662+0000] {processor.py:208} INFO - Processing /home/airflow/.local/lib/python3.12/site-packages/airflow/example_dags/example_display_name.py took 0.271 seconds
[2025-01-01T10:26:35.943+0000] {processor.py:186} INFO - Started process (PID=1670) to work on /home/airflow/.local/lib/python3.12/site-packages/airflow/example_dags/example_display_name.py
[2025-01-01T10:26:35.946+0000] {processor.py:914} INFO - Processing file /home/airflow/.local/lib/python3.12/site-packages/airflow/example_dags/example_display_name.py for tasks to queue
[2025-01-01T10:26:35.952+0000] {logging_mixin.py:190} INFO - [2025-01-01T10:26:35.951+0000] {dagbag.py:588} INFO - Filling up the DagBag from /home/airflow/.local/lib/python3.12/site-packages/airflow/example_dags/example_display_name.py
[2025-01-01T10:26:35.970+0000] {processor.py:925} INFO - DAG(s) 'example_display_name' retrieved from /home/airflow/.local/lib/python3.12/site-packages/airflow/example_dags/example_display_name.py
[2025-01-01T10:26:36.009+0000] {logging_mixin.py:190} INFO - [2025-01-01T10:26:36.009+0000] {dag.py:3239} INFO - Sync 1 DAGs
[2025-01-01T10:26:36.039+0000] {logging_mixin.py:190} INFO - [2025-01-01T10:26:36.039+0000] {dag.py:4180} INFO - Setting next_dagrun for example_display_name to None, run_after=None
[2025-01-01T10:26:36.079+0000] {processor.py:208} INFO - Processing /home/airflow/.local/lib/python3.12/site-packages/airflow/example_dags/example_display_name.py took 0.149 seconds
[2025-01-01T10:27:06.346+0000] {processor.py:186} INFO - Started process (PID=1733) to work on /home/airflow/.local/lib/python3.12/site-packages/airflow/example_dags/example_display_name.py
[2025-01-01T10:27:06.347+0000] {processor.py:914} INFO - Processing file /home/airflow/.local/lib/python3.12/site-packages/airflow/example_dags/example_display_name.py for tasks to queue
[2025-01-01T10:27:06.351+0000] {logging_mixin.py:190} INFO - [2025-01-01T10:27:06.350+0000] {dagbag.py:588} INFO - Filling up the DagBag from /home/airflow/.local/lib/python3.12/site-packages/airflow/example_dags/example_display_name.py
[2025-01-01T10:27:06.366+0000] {processor.py:925} INFO - DAG(s) 'example_display_name' retrieved from /home/airflow/.local/lib/python3.12/site-packages/airflow/example_dags/example_display_name.py
[2025-01-01T10:27:06.402+0000] {logging_mixin.py:190} INFO - [2025-01-01T10:27:06.402+0000] {dag.py:3239} INFO - Sync 1 DAGs
[2025-01-01T10:27:06.432+0000] {logging_mixin.py:190} INFO - [2025-01-01T10:27:06.431+0000] {dag.py:4180} INFO - Setting next_dagrun for example_display_name to None, run_after=None
[2025-01-01T10:27:06.467+0000] {processor.py:208} INFO - Processing /home/airflow/.local/lib/python3.12/site-packages/airflow/example_dags/example_display_name.py took 0.131 seconds
[2025-01-01T10:27:37.774+0000] {processor.py:186} INFO - Started process (PID=1796) to work on /home/airflow/.local/lib/python3.12/site-packages/airflow/example_dags/example_display_name.py
[2025-01-01T10:27:37.777+0000] {processor.py:914} INFO - Processing file /home/airflow/.local/lib/python3.12/site-packages/airflow/example_dags/example_display_name.py for tasks to queue
[2025-01-01T10:27:37.784+0000] {logging_mixin.py:190} INFO - [2025-01-01T10:27:37.783+0000] {dagbag.py:588} INFO - Filling up the DagBag from /home/airflow/.local/lib/python3.12/site-packages/airflow/example_dags/example_display_name.py
[2025-01-01T10:27:37.805+0000] {processor.py:925} INFO - DAG(s) 'example_display_name' retrieved from /home/airflow/.local/lib/python3.12/site-packages/airflow/example_dags/example_display_name.py
[2025-01-01T10:27:37.862+0000] {logging_mixin.py:190} INFO - [2025-01-01T10:27:37.861+0000] {dag.py:3239} INFO - Sync 1 DAGs
[2025-01-01T10:27:37.909+0000] {logging_mixin.py:190} INFO - [2025-01-01T10:27:37.909+0000] {dag.py:4180} INFO - Setting next_dagrun for example_display_name to None, run_after=None
[2025-01-01T10:27:37.967+0000] {processor.py:208} INFO - Processing /home/airflow/.local/lib/python3.12/site-packages/airflow/example_dags/example_display_name.py took 0.211 seconds
[2025-01-01T10:28:10.485+0000] {processor.py:186} INFO - Started process (PID=1858) to work on /home/airflow/.local/lib/python3.12/site-packages/airflow/example_dags/example_display_name.py
[2025-01-01T10:28:10.491+0000] {processor.py:914} INFO - Processing file /home/airflow/.local/lib/python3.12/site-packages/airflow/example_dags/example_display_name.py for tasks to queue
[2025-01-01T10:28:10.502+0000] {logging_mixin.py:190} INFO - [2025-01-01T10:28:10.501+0000] {dagbag.py:588} INFO - Filling up the DagBag from /home/airflow/.local/lib/python3.12/site-packages/airflow/example_dags/example_display_name.py
[2025-01-01T10:28:10.540+0000] {processor.py:925} INFO - DAG(s) 'example_display_name' retrieved from /home/airflow/.local/lib/python3.12/site-packages/airflow/example_dags/example_display_name.py
[2025-01-01T10:28:10.611+0000] {logging_mixin.py:190} INFO - [2025-01-01T10:28:10.610+0000] {dag.py:3239} INFO - Sync 1 DAGs
[2025-01-01T10:28:10.666+0000] {logging_mixin.py:190} INFO - [2025-01-01T10:28:10.665+0000] {dag.py:4180} INFO - Setting next_dagrun for example_display_name to None, run_after=None
[2025-01-01T10:28:10.734+0000] {processor.py:208} INFO - Processing /home/airflow/.local/lib/python3.12/site-packages/airflow/example_dags/example_display_name.py took 0.277 seconds
[2025-01-01T10:28:50.149+0000] {processor.py:186} INFO - Started process (PID=1916) to work on /home/airflow/.local/lib/python3.12/site-packages/airflow/example_dags/example_display_name.py
[2025-01-01T10:28:50.166+0000] {processor.py:914} INFO - Processing file /home/airflow/.local/lib/python3.12/site-packages/airflow/example_dags/example_display_name.py for tasks to queue
[2025-01-01T10:28:50.218+0000] {logging_mixin.py:190} INFO - [2025-01-01T10:28:50.205+0000] {dagbag.py:588} INFO - Filling up the DagBag from /home/airflow/.local/lib/python3.12/site-packages/airflow/example_dags/example_display_name.py
[2025-01-01T10:28:50.383+0000] {processor.py:925} INFO - DAG(s) 'example_display_name' retrieved from /home/airflow/.local/lib/python3.12/site-packages/airflow/example_dags/example_display_name.py
[2025-01-01T10:28:50.660+0000] {logging_mixin.py:190} INFO - [2025-01-01T10:28:50.658+0000] {dag.py:3239} INFO - Sync 1 DAGs
[2025-01-01T10:28:50.865+0000] {logging_mixin.py:190} INFO - [2025-01-01T10:28:50.864+0000] {dag.py:4180} INFO - Setting next_dagrun for example_display_name to None, run_after=None
[2025-01-01T10:28:51.064+0000] {processor.py:208} INFO - Processing /home/airflow/.local/lib/python3.12/site-packages/airflow/example_dags/example_display_name.py took 1.031 seconds
[2025-01-01T10:29:29.044+0000] {processor.py:186} INFO - Started process (PID=1969) to work on /home/airflow/.local/lib/python3.12/site-packages/airflow/example_dags/example_display_name.py
[2025-01-01T10:29:29.059+0000] {processor.py:914} INFO - Processing file /home/airflow/.local/lib/python3.12/site-packages/airflow/example_dags/example_display_name.py for tasks to queue
[2025-01-01T10:29:29.098+0000] {logging_mixin.py:190} INFO - [2025-01-01T10:29:29.097+0000] {dagbag.py:588} INFO - Filling up the DagBag from /home/airflow/.local/lib/python3.12/site-packages/airflow/example_dags/example_display_name.py
[2025-01-01T10:29:29.200+0000] {processor.py:925} INFO - DAG(s) 'example_display_name' retrieved from /home/airflow/.local/lib/python3.12/site-packages/airflow/example_dags/example_display_name.py
[2025-01-01T10:29:29.353+0000] {logging_mixin.py:190} INFO - [2025-01-01T10:29:29.341+0000] {dag.py:3239} INFO - Sync 1 DAGs
[2025-01-01T10:29:29.490+0000] {logging_mixin.py:190} INFO - [2025-01-01T10:29:29.489+0000] {dag.py:4180} INFO - Setting next_dagrun for example_display_name to None, run_after=None
[2025-01-01T10:29:29.603+0000] {processor.py:208} INFO - Processing /home/airflow/.local/lib/python3.12/site-packages/airflow/example_dags/example_display_name.py took 0.602 seconds
[2025-01-01T10:30:01.923+0000] {processor.py:186} INFO - Started process (PID=2036) to work on /home/airflow/.local/lib/python3.12/site-packages/airflow/example_dags/example_display_name.py
[2025-01-01T10:30:01.926+0000] {processor.py:914} INFO - Processing file /home/airflow/.local/lib/python3.12/site-packages/airflow/example_dags/example_display_name.py for tasks to queue
[2025-01-01T10:30:01.937+0000] {logging_mixin.py:190} INFO - [2025-01-01T10:30:01.936+0000] {dagbag.py:588} INFO - Filling up the DagBag from /home/airflow/.local/lib/python3.12/site-packages/airflow/example_dags/example_display_name.py
[2025-01-01T10:30:01.973+0000] {processor.py:925} INFO - DAG(s) 'example_display_name' retrieved from /home/airflow/.local/lib/python3.12/site-packages/airflow/example_dags/example_display_name.py
[2025-01-01T10:30:02.037+0000] {logging_mixin.py:190} INFO - [2025-01-01T10:30:02.036+0000] {dag.py:3239} INFO - Sync 1 DAGs
[2025-01-01T10:30:02.089+0000] {logging_mixin.py:190} INFO - [2025-01-01T10:30:02.088+0000] {dag.py:4180} INFO - Setting next_dagrun for example_display_name to None, run_after=None
[2025-01-01T10:30:02.157+0000] {processor.py:208} INFO - Processing /home/airflow/.local/lib/python3.12/site-packages/airflow/example_dags/example_display_name.py took 0.260 seconds
[2025-01-01T10:30:38.710+0000] {processor.py:186} INFO - Started process (PID=2093) to work on /home/airflow/.local/lib/python3.12/site-packages/airflow/example_dags/example_display_name.py
[2025-01-01T10:30:38.716+0000] {processor.py:914} INFO - Processing file /home/airflow/.local/lib/python3.12/site-packages/airflow/example_dags/example_display_name.py for tasks to queue
[2025-01-01T10:30:38.732+0000] {logging_mixin.py:190} INFO - [2025-01-01T10:30:38.729+0000] {dagbag.py:588} INFO - Filling up the DagBag from /home/airflow/.local/lib/python3.12/site-packages/airflow/example_dags/example_display_name.py
[2025-01-01T10:30:38.777+0000] {processor.py:925} INFO - DAG(s) 'example_display_name' retrieved from /home/airflow/.local/lib/python3.12/site-packages/airflow/example_dags/example_display_name.py
[2025-01-01T10:30:38.876+0000] {logging_mixin.py:190} INFO - [2025-01-01T10:30:38.875+0000] {dag.py:3239} INFO - Sync 1 DAGs
[2025-01-01T10:30:38.977+0000] {logging_mixin.py:190} INFO - [2025-01-01T10:30:38.975+0000] {dag.py:4180} INFO - Setting next_dagrun for example_display_name to None, run_after=None
[2025-01-01T10:30:39.107+0000] {processor.py:208} INFO - Processing /home/airflow/.local/lib/python3.12/site-packages/airflow/example_dags/example_display_name.py took 0.446 seconds
[2025-01-01T10:31:09.478+0000] {processor.py:186} INFO - Started process (PID=2156) to work on /home/airflow/.local/lib/python3.12/site-packages/airflow/example_dags/example_display_name.py
[2025-01-01T10:31:09.480+0000] {processor.py:914} INFO - Processing file /home/airflow/.local/lib/python3.12/site-packages/airflow/example_dags/example_display_name.py for tasks to queue
[2025-01-01T10:31:09.483+0000] {logging_mixin.py:190} INFO - [2025-01-01T10:31:09.483+0000] {dagbag.py:588} INFO - Filling up the DagBag from /home/airflow/.local/lib/python3.12/site-packages/airflow/example_dags/example_display_name.py
[2025-01-01T10:31:09.491+0000] {processor.py:925} INFO - DAG(s) 'example_display_name' retrieved from /home/airflow/.local/lib/python3.12/site-packages/airflow/example_dags/example_display_name.py
[2025-01-01T10:31:09.514+0000] {logging_mixin.py:190} INFO - [2025-01-01T10:31:09.514+0000] {dag.py:3239} INFO - Sync 1 DAGs
[2025-01-01T10:31:09.528+0000] {logging_mixin.py:190} INFO - [2025-01-01T10:31:09.528+0000] {dag.py:4180} INFO - Setting next_dagrun for example_display_name to None, run_after=None
[2025-01-01T10:31:09.556+0000] {processor.py:208} INFO - Processing /home/airflow/.local/lib/python3.12/site-packages/airflow/example_dags/example_display_name.py took 0.084 seconds
[2025-01-01T10:31:44.947+0000] {processor.py:186} INFO - Started process (PID=2219) to work on /home/airflow/.local/lib/python3.12/site-packages/airflow/example_dags/example_display_name.py
[2025-01-01T10:31:44.949+0000] {processor.py:914} INFO - Processing file /home/airflow/.local/lib/python3.12/site-packages/airflow/example_dags/example_display_name.py for tasks to queue
[2025-01-01T10:31:44.952+0000] {logging_mixin.py:190} INFO - [2025-01-01T10:31:44.952+0000] {dagbag.py:588} INFO - Filling up the DagBag from /home/airflow/.local/lib/python3.12/site-packages/airflow/example_dags/example_display_name.py
[2025-01-01T10:31:44.983+0000] {processor.py:925} INFO - DAG(s) 'example_display_name' retrieved from /home/airflow/.local/lib/python3.12/site-packages/airflow/example_dags/example_display_name.py
[2025-01-01T10:31:45.105+0000] {logging_mixin.py:190} INFO - [2025-01-01T10:31:45.104+0000] {dag.py:3239} INFO - Sync 1 DAGs
[2025-01-01T10:31:45.150+0000] {logging_mixin.py:190} INFO - [2025-01-01T10:31:45.150+0000] {dag.py:4180} INFO - Setting next_dagrun for example_display_name to None, run_after=None
[2025-01-01T10:31:45.229+0000] {processor.py:208} INFO - Processing /home/airflow/.local/lib/python3.12/site-packages/airflow/example_dags/example_display_name.py took 0.292 seconds
[2025-01-01T10:32:15.386+0000] {processor.py:186} INFO - Started process (PID=2282) to work on /home/airflow/.local/lib/python3.12/site-packages/airflow/example_dags/example_display_name.py
[2025-01-01T10:32:15.389+0000] {processor.py:914} INFO - Processing file /home/airflow/.local/lib/python3.12/site-packages/airflow/example_dags/example_display_name.py for tasks to queue
[2025-01-01T10:32:15.397+0000] {logging_mixin.py:190} INFO - [2025-01-01T10:32:15.396+0000] {dagbag.py:588} INFO - Filling up the DagBag from /home/airflow/.local/lib/python3.12/site-packages/airflow/example_dags/example_display_name.py
[2025-01-01T10:32:15.418+0000] {processor.py:925} INFO - DAG(s) 'example_display_name' retrieved from /home/airflow/.local/lib/python3.12/site-packages/airflow/example_dags/example_display_name.py
[2025-01-01T10:32:15.469+0000] {logging_mixin.py:190} INFO - [2025-01-01T10:32:15.468+0000] {dag.py:3239} INFO - Sync 1 DAGs
[2025-01-01T10:32:15.515+0000] {logging_mixin.py:190} INFO - [2025-01-01T10:32:15.515+0000] {dag.py:4180} INFO - Setting next_dagrun for example_display_name to None, run_after=None
[2025-01-01T10:32:15.571+0000] {processor.py:208} INFO - Processing /home/airflow/.local/lib/python3.12/site-packages/airflow/example_dags/example_display_name.py took 0.205 seconds
[2025-01-01T10:32:46.855+0000] {processor.py:186} INFO - Started process (PID=2338) to work on /home/airflow/.local/lib/python3.12/site-packages/airflow/example_dags/example_display_name.py
[2025-01-01T10:32:46.862+0000] {processor.py:914} INFO - Processing file /home/airflow/.local/lib/python3.12/site-packages/airflow/example_dags/example_display_name.py for tasks to queue
[2025-01-01T10:32:46.880+0000] {logging_mixin.py:190} INFO - [2025-01-01T10:32:46.878+0000] {dagbag.py:588} INFO - Filling up the DagBag from /home/airflow/.local/lib/python3.12/site-packages/airflow/example_dags/example_display_name.py
[2025-01-01T10:32:46.929+0000] {processor.py:925} INFO - DAG(s) 'example_display_name' retrieved from /home/airflow/.local/lib/python3.12/site-packages/airflow/example_dags/example_display_name.py
[2025-01-01T10:32:46.968+0000] {logging_mixin.py:190} INFO - [2025-01-01T10:32:46.967+0000] {dag.py:3239} INFO - Sync 1 DAGs
[2025-01-01T10:32:46.994+0000] {logging_mixin.py:190} INFO - [2025-01-01T10:32:46.993+0000] {dag.py:4180} INFO - Setting next_dagrun for example_display_name to None, run_after=None
[2025-01-01T10:32:47.126+0000] {processor.py:208} INFO - Processing /home/airflow/.local/lib/python3.12/site-packages/airflow/example_dags/example_display_name.py took 0.311 seconds
[2025-01-01T10:33:17.354+0000] {processor.py:186} INFO - Started process (PID=2402) to work on /home/airflow/.local/lib/python3.12/site-packages/airflow/example_dags/example_display_name.py
[2025-01-01T10:33:17.355+0000] {processor.py:914} INFO - Processing file /home/airflow/.local/lib/python3.12/site-packages/airflow/example_dags/example_display_name.py for tasks to queue
[2025-01-01T10:33:17.359+0000] {logging_mixin.py:190} INFO - [2025-01-01T10:33:17.359+0000] {dagbag.py:588} INFO - Filling up the DagBag from /home/airflow/.local/lib/python3.12/site-packages/airflow/example_dags/example_display_name.py
[2025-01-01T10:33:17.371+0000] {processor.py:925} INFO - DAG(s) 'example_display_name' retrieved from /home/airflow/.local/lib/python3.12/site-packages/airflow/example_dags/example_display_name.py
[2025-01-01T10:33:17.399+0000] {logging_mixin.py:190} INFO - [2025-01-01T10:33:17.399+0000] {dag.py:3239} INFO - Sync 1 DAGs
[2025-01-01T10:33:17.421+0000] {logging_mixin.py:190} INFO - [2025-01-01T10:33:17.421+0000] {dag.py:4180} INFO - Setting next_dagrun for example_display_name to None, run_after=None
[2025-01-01T10:33:17.453+0000] {processor.py:208} INFO - Processing /home/airflow/.local/lib/python3.12/site-packages/airflow/example_dags/example_display_name.py took 0.108 seconds
[2025-01-01T10:33:48.012+0000] {processor.py:186} INFO - Started process (PID=2464) to work on /home/airflow/.local/lib/python3.12/site-packages/airflow/example_dags/example_display_name.py
[2025-01-01T10:33:48.014+0000] {processor.py:914} INFO - Processing file /home/airflow/.local/lib/python3.12/site-packages/airflow/example_dags/example_display_name.py for tasks to queue
[2025-01-01T10:33:48.019+0000] {logging_mixin.py:190} INFO - [2025-01-01T10:33:48.018+0000] {dagbag.py:588} INFO - Filling up the DagBag from /home/airflow/.local/lib/python3.12/site-packages/airflow/example_dags/example_display_name.py
[2025-01-01T10:33:48.032+0000] {processor.py:925} INFO - DAG(s) 'example_display_name' retrieved from /home/airflow/.local/lib/python3.12/site-packages/airflow/example_dags/example_display_name.py
[2025-01-01T10:33:48.063+0000] {logging_mixin.py:190} INFO - [2025-01-01T10:33:48.062+0000] {dag.py:3239} INFO - Sync 1 DAGs
[2025-01-01T10:33:48.094+0000] {logging_mixin.py:190} INFO - [2025-01-01T10:33:48.094+0000] {dag.py:4180} INFO - Setting next_dagrun for example_display_name to None, run_after=None
[2025-01-01T10:33:48.123+0000] {processor.py:208} INFO - Processing /home/airflow/.local/lib/python3.12/site-packages/airflow/example_dags/example_display_name.py took 0.121 seconds
[2025-01-01T10:34:19.146+0000] {processor.py:186} INFO - Started process (PID=2527) to work on /home/airflow/.local/lib/python3.12/site-packages/airflow/example_dags/example_display_name.py
[2025-01-01T10:34:19.147+0000] {processor.py:914} INFO - Processing file /home/airflow/.local/lib/python3.12/site-packages/airflow/example_dags/example_display_name.py for tasks to queue
[2025-01-01T10:34:19.152+0000] {logging_mixin.py:190} INFO - [2025-01-01T10:34:19.151+0000] {dagbag.py:588} INFO - Filling up the DagBag from /home/airflow/.local/lib/python3.12/site-packages/airflow/example_dags/example_display_name.py
[2025-01-01T10:34:19.161+0000] {processor.py:925} INFO - DAG(s) 'example_display_name' retrieved from /home/airflow/.local/lib/python3.12/site-packages/airflow/example_dags/example_display_name.py
[2025-01-01T10:34:19.198+0000] {logging_mixin.py:190} INFO - [2025-01-01T10:34:19.197+0000] {dag.py:3239} INFO - Sync 1 DAGs
[2025-01-01T10:34:19.222+0000] {logging_mixin.py:190} INFO - [2025-01-01T10:34:19.222+0000] {dag.py:4180} INFO - Setting next_dagrun for example_display_name to None, run_after=None
[2025-01-01T10:34:19.253+0000] {processor.py:208} INFO - Processing /home/airflow/.local/lib/python3.12/site-packages/airflow/example_dags/example_display_name.py took 0.119 seconds
[2025-01-01T10:34:49.769+0000] {processor.py:186} INFO - Started process (PID=2589) to work on /home/airflow/.local/lib/python3.12/site-packages/airflow/example_dags/example_display_name.py
[2025-01-01T10:34:49.772+0000] {processor.py:914} INFO - Processing file /home/airflow/.local/lib/python3.12/site-packages/airflow/example_dags/example_display_name.py for tasks to queue
[2025-01-01T10:34:49.778+0000] {logging_mixin.py:190} INFO - [2025-01-01T10:34:49.778+0000] {dagbag.py:588} INFO - Filling up the DagBag from /home/airflow/.local/lib/python3.12/site-packages/airflow/example_dags/example_display_name.py
[2025-01-01T10:34:49.791+0000] {processor.py:925} INFO - DAG(s) 'example_display_name' retrieved from /home/airflow/.local/lib/python3.12/site-packages/airflow/example_dags/example_display_name.py
[2025-01-01T10:34:49.818+0000] {logging_mixin.py:190} INFO - [2025-01-01T10:34:49.818+0000] {dag.py:3239} INFO - Sync 1 DAGs
[2025-01-01T10:34:49.837+0000] {logging_mixin.py:190} INFO - [2025-01-01T10:34:49.837+0000] {dag.py:4180} INFO - Setting next_dagrun for example_display_name to None, run_after=None
[2025-01-01T10:34:49.871+0000] {processor.py:208} INFO - Processing /home/airflow/.local/lib/python3.12/site-packages/airflow/example_dags/example_display_name.py took 0.110 seconds
[2025-01-01T10:35:20.220+0000] {processor.py:186} INFO - Started process (PID=2651) to work on /home/airflow/.local/lib/python3.12/site-packages/airflow/example_dags/example_display_name.py
[2025-01-01T10:35:20.224+0000] {processor.py:914} INFO - Processing file /home/airflow/.local/lib/python3.12/site-packages/airflow/example_dags/example_display_name.py for tasks to queue
[2025-01-01T10:35:20.232+0000] {logging_mixin.py:190} INFO - [2025-01-01T10:35:20.231+0000] {dagbag.py:588} INFO - Filling up the DagBag from /home/airflow/.local/lib/python3.12/site-packages/airflow/example_dags/example_display_name.py
[2025-01-01T10:35:20.257+0000] {processor.py:925} INFO - DAG(s) 'example_display_name' retrieved from /home/airflow/.local/lib/python3.12/site-packages/airflow/example_dags/example_display_name.py
[2025-01-01T10:35:20.303+0000] {logging_mixin.py:190} INFO - [2025-01-01T10:35:20.303+0000] {dag.py:3239} INFO - Sync 1 DAGs
[2025-01-01T10:35:20.341+0000] {logging_mixin.py:190} INFO - [2025-01-01T10:35:20.340+0000] {dag.py:4180} INFO - Setting next_dagrun for example_display_name to None, run_after=None
[2025-01-01T10:35:20.401+0000] {processor.py:208} INFO - Processing /home/airflow/.local/lib/python3.12/site-packages/airflow/example_dags/example_display_name.py took 0.194 seconds
[2025-01-01T10:35:51.145+0000] {processor.py:186} INFO - Started process (PID=2714) to work on /home/airflow/.local/lib/python3.12/site-packages/airflow/example_dags/example_display_name.py
[2025-01-01T10:35:51.147+0000] {processor.py:914} INFO - Processing file /home/airflow/.local/lib/python3.12/site-packages/airflow/example_dags/example_display_name.py for tasks to queue
[2025-01-01T10:35:51.155+0000] {logging_mixin.py:190} INFO - [2025-01-01T10:35:51.154+0000] {dagbag.py:588} INFO - Filling up the DagBag from /home/airflow/.local/lib/python3.12/site-packages/airflow/example_dags/example_display_name.py
[2025-01-01T10:35:51.169+0000] {processor.py:925} INFO - DAG(s) 'example_display_name' retrieved from /home/airflow/.local/lib/python3.12/site-packages/airflow/example_dags/example_display_name.py
[2025-01-01T10:35:51.198+0000] {logging_mixin.py:190} INFO - [2025-01-01T10:35:51.198+0000] {dag.py:3239} INFO - Sync 1 DAGs
[2025-01-01T10:35:51.221+0000] {logging_mixin.py:190} INFO - [2025-01-01T10:35:51.220+0000] {dag.py:4180} INFO - Setting next_dagrun for example_display_name to None, run_after=None
[2025-01-01T10:35:51.252+0000] {processor.py:208} INFO - Processing /home/airflow/.local/lib/python3.12/site-packages/airflow/example_dags/example_display_name.py took 0.119 seconds
[2025-01-01T10:36:23.857+0000] {processor.py:186} INFO - Started process (PID=2777) to work on /home/airflow/.local/lib/python3.12/site-packages/airflow/example_dags/example_display_name.py
[2025-01-01T10:36:23.862+0000] {processor.py:914} INFO - Processing file /home/airflow/.local/lib/python3.12/site-packages/airflow/example_dags/example_display_name.py for tasks to queue
[2025-01-01T10:36:23.873+0000] {logging_mixin.py:190} INFO - [2025-01-01T10:36:23.871+0000] {dagbag.py:588} INFO - Filling up the DagBag from /home/airflow/.local/lib/python3.12/site-packages/airflow/example_dags/example_display_name.py
[2025-01-01T10:36:23.915+0000] {processor.py:925} INFO - DAG(s) 'example_display_name' retrieved from /home/airflow/.local/lib/python3.12/site-packages/airflow/example_dags/example_display_name.py
[2025-01-01T10:36:24.031+0000] {logging_mixin.py:190} INFO - [2025-01-01T10:36:24.029+0000] {dag.py:3239} INFO - Sync 1 DAGs
[2025-01-01T10:36:24.207+0000] {logging_mixin.py:190} INFO - [2025-01-01T10:36:24.206+0000] {dag.py:4180} INFO - Setting next_dagrun for example_display_name to None, run_after=None
[2025-01-01T10:36:24.318+0000] {processor.py:208} INFO - Processing /home/airflow/.local/lib/python3.12/site-packages/airflow/example_dags/example_display_name.py took 0.502 seconds
[2025-01-01T10:36:54.451+0000] {processor.py:186} INFO - Started process (PID=2839) to work on /home/airflow/.local/lib/python3.12/site-packages/airflow/example_dags/example_display_name.py
[2025-01-01T10:36:54.453+0000] {processor.py:914} INFO - Processing file /home/airflow/.local/lib/python3.12/site-packages/airflow/example_dags/example_display_name.py for tasks to queue
[2025-01-01T10:36:54.457+0000] {logging_mixin.py:190} INFO - [2025-01-01T10:36:54.456+0000] {dagbag.py:588} INFO - Filling up the DagBag from /home/airflow/.local/lib/python3.12/site-packages/airflow/example_dags/example_display_name.py
[2025-01-01T10:36:54.470+0000] {processor.py:925} INFO - DAG(s) 'example_display_name' retrieved from /home/airflow/.local/lib/python3.12/site-packages/airflow/example_dags/example_display_name.py
[2025-01-01T10:36:54.499+0000] {logging_mixin.py:190} INFO - [2025-01-01T10:36:54.498+0000] {dag.py:3239} INFO - Sync 1 DAGs
[2025-01-01T10:36:54.524+0000] {logging_mixin.py:190} INFO - [2025-01-01T10:36:54.523+0000] {dag.py:4180} INFO - Setting next_dagrun for example_display_name to None, run_after=None
[2025-01-01T10:36:54.555+0000] {processor.py:208} INFO - Processing /home/airflow/.local/lib/python3.12/site-packages/airflow/example_dags/example_display_name.py took 0.114 seconds
[2025-01-01T10:37:24.720+0000] {processor.py:186} INFO - Started process (PID=2902) to work on /home/airflow/.local/lib/python3.12/site-packages/airflow/example_dags/example_display_name.py
[2025-01-01T10:37:24.723+0000] {processor.py:914} INFO - Processing file /home/airflow/.local/lib/python3.12/site-packages/airflow/example_dags/example_display_name.py for tasks to queue
[2025-01-01T10:37:24.730+0000] {logging_mixin.py:190} INFO - [2025-01-01T10:37:24.729+0000] {dagbag.py:588} INFO - Filling up the DagBag from /home/airflow/.local/lib/python3.12/site-packages/airflow/example_dags/example_display_name.py
[2025-01-01T10:37:24.752+0000] {processor.py:925} INFO - DAG(s) 'example_display_name' retrieved from /home/airflow/.local/lib/python3.12/site-packages/airflow/example_dags/example_display_name.py
[2025-01-01T10:37:24.795+0000] {logging_mixin.py:190} INFO - [2025-01-01T10:37:24.795+0000] {dag.py:3239} INFO - Sync 1 DAGs
[2025-01-01T10:37:24.833+0000] {logging_mixin.py:190} INFO - [2025-01-01T10:37:24.832+0000] {dag.py:4180} INFO - Setting next_dagrun for example_display_name to None, run_after=None
[2025-01-01T10:37:24.894+0000] {processor.py:208} INFO - Processing /home/airflow/.local/lib/python3.12/site-packages/airflow/example_dags/example_display_name.py took 0.187 seconds
[2025-01-01T10:37:55.282+0000] {processor.py:186} INFO - Started process (PID=2965) to work on /home/airflow/.local/lib/python3.12/site-packages/airflow/example_dags/example_display_name.py
[2025-01-01T10:37:55.283+0000] {processor.py:914} INFO - Processing file /home/airflow/.local/lib/python3.12/site-packages/airflow/example_dags/example_display_name.py for tasks to queue
[2025-01-01T10:37:55.287+0000] {logging_mixin.py:190} INFO - [2025-01-01T10:37:55.286+0000] {dagbag.py:588} INFO - Filling up the DagBag from /home/airflow/.local/lib/python3.12/site-packages/airflow/example_dags/example_display_name.py
[2025-01-01T10:37:55.293+0000] {processor.py:925} INFO - DAG(s) 'example_display_name' retrieved from /home/airflow/.local/lib/python3.12/site-packages/airflow/example_dags/example_display_name.py
[2025-01-01T10:37:55.314+0000] {logging_mixin.py:190} INFO - [2025-01-01T10:37:55.314+0000] {dag.py:3239} INFO - Sync 1 DAGs
[2025-01-01T10:37:55.328+0000] {logging_mixin.py:190} INFO - [2025-01-01T10:37:55.328+0000] {dag.py:4180} INFO - Setting next_dagrun for example_display_name to None, run_after=None
[2025-01-01T10:37:55.505+0000] {processor.py:208} INFO - Processing /home/airflow/.local/lib/python3.12/site-packages/airflow/example_dags/example_display_name.py took 0.228 seconds
[2025-01-01T10:38:26.000+0000] {processor.py:186} INFO - Started process (PID=3028) to work on /home/airflow/.local/lib/python3.12/site-packages/airflow/example_dags/example_display_name.py
[2025-01-01T10:38:26.001+0000] {processor.py:914} INFO - Processing file /home/airflow/.local/lib/python3.12/site-packages/airflow/example_dags/example_display_name.py for tasks to queue
[2025-01-01T10:38:26.004+0000] {logging_mixin.py:190} INFO - [2025-01-01T10:38:26.003+0000] {dagbag.py:588} INFO - Filling up the DagBag from /home/airflow/.local/lib/python3.12/site-packages/airflow/example_dags/example_display_name.py
[2025-01-01T10:38:26.012+0000] {processor.py:925} INFO - DAG(s) 'example_display_name' retrieved from /home/airflow/.local/lib/python3.12/site-packages/airflow/example_dags/example_display_name.py
[2025-01-01T10:38:26.036+0000] {logging_mixin.py:190} INFO - [2025-01-01T10:38:26.036+0000] {dag.py:3239} INFO - Sync 1 DAGs
[2025-01-01T10:38:26.050+0000] {logging_mixin.py:190} INFO - [2025-01-01T10:38:26.050+0000] {dag.py:4180} INFO - Setting next_dagrun for example_display_name to None, run_after=None
[2025-01-01T10:38:26.117+0000] {processor.py:208} INFO - Processing /home/airflow/.local/lib/python3.12/site-packages/airflow/example_dags/example_display_name.py took 0.122 seconds
[2025-01-01T10:38:56.327+0000] {processor.py:186} INFO - Started process (PID=3091) to work on /home/airflow/.local/lib/python3.12/site-packages/airflow/example_dags/example_display_name.py
[2025-01-01T10:38:56.329+0000] {processor.py:914} INFO - Processing file /home/airflow/.local/lib/python3.12/site-packages/airflow/example_dags/example_display_name.py for tasks to queue
[2025-01-01T10:38:56.332+0000] {logging_mixin.py:190} INFO - [2025-01-01T10:38:56.332+0000] {dagbag.py:588} INFO - Filling up the DagBag from /home/airflow/.local/lib/python3.12/site-packages/airflow/example_dags/example_display_name.py
[2025-01-01T10:38:56.348+0000] {processor.py:925} INFO - DAG(s) 'example_display_name' retrieved from /home/airflow/.local/lib/python3.12/site-packages/airflow/example_dags/example_display_name.py
[2025-01-01T10:38:56.381+0000] {logging_mixin.py:190} INFO - [2025-01-01T10:38:56.380+0000] {dag.py:3239} INFO - Sync 1 DAGs
[2025-01-01T10:38:56.408+0000] {logging_mixin.py:190} INFO - [2025-01-01T10:38:56.407+0000] {dag.py:4180} INFO - Setting next_dagrun for example_display_name to None, run_after=None
[2025-01-01T10:38:56.442+0000] {processor.py:208} INFO - Processing /home/airflow/.local/lib/python3.12/site-packages/airflow/example_dags/example_display_name.py took 0.125 seconds
[2025-01-01T10:39:28.605+0000] {processor.py:186} INFO - Started process (PID=3152) to work on /home/airflow/.local/lib/python3.12/site-packages/airflow/example_dags/example_display_name.py
[2025-01-01T10:39:28.615+0000] {processor.py:914} INFO - Processing file /home/airflow/.local/lib/python3.12/site-packages/airflow/example_dags/example_display_name.py for tasks to queue
[2025-01-01T10:39:28.639+0000] {logging_mixin.py:190} INFO - [2025-01-01T10:39:28.635+0000] {dagbag.py:588} INFO - Filling up the DagBag from /home/airflow/.local/lib/python3.12/site-packages/airflow/example_dags/example_display_name.py
[2025-01-01T10:39:28.732+0000] {processor.py:925} INFO - DAG(s) 'example_display_name' retrieved from /home/airflow/.local/lib/python3.12/site-packages/airflow/example_dags/example_display_name.py
[2025-01-01T10:39:28.930+0000] {logging_mixin.py:190} INFO - [2025-01-01T10:39:28.927+0000] {dag.py:3239} INFO - Sync 1 DAGs
[2025-01-01T10:39:29.098+0000] {logging_mixin.py:190} INFO - [2025-01-01T10:39:29.096+0000] {dag.py:4180} INFO - Setting next_dagrun for example_display_name to None, run_after=None
[2025-01-01T10:39:29.248+0000] {processor.py:208} INFO - Processing /home/airflow/.local/lib/python3.12/site-packages/airflow/example_dags/example_display_name.py took 0.713 seconds
[2025-01-01T10:40:21.688+0000] {processor.py:186} INFO - Started process (PID=3215) to work on /home/airflow/.local/lib/python3.12/site-packages/airflow/example_dags/example_display_name.py
[2025-01-01T10:40:21.691+0000] {processor.py:914} INFO - Processing file /home/airflow/.local/lib/python3.12/site-packages/airflow/example_dags/example_display_name.py for tasks to queue
[2025-01-01T10:40:21.699+0000] {logging_mixin.py:190} INFO - [2025-01-01T10:40:21.698+0000] {dagbag.py:588} INFO - Filling up the DagBag from /home/airflow/.local/lib/python3.12/site-packages/airflow/example_dags/example_display_name.py
[2025-01-01T10:40:21.725+0000] {processor.py:925} INFO - DAG(s) 'example_display_name' retrieved from /home/airflow/.local/lib/python3.12/site-packages/airflow/example_dags/example_display_name.py
[2025-01-01T10:40:21.788+0000] {logging_mixin.py:190} INFO - [2025-01-01T10:40:21.788+0000] {dag.py:3239} INFO - Sync 1 DAGs
[2025-01-01T10:40:21.849+0000] {logging_mixin.py:190} INFO - [2025-01-01T10:40:21.848+0000] {dag.py:4180} INFO - Setting next_dagrun for example_display_name to None, run_after=None
[2025-01-01T10:40:21.908+0000] {processor.py:208} INFO - Processing /home/airflow/.local/lib/python3.12/site-packages/airflow/example_dags/example_display_name.py took 0.244 seconds
[2025-01-01T10:40:55.186+0000] {processor.py:186} INFO - Started process (PID=3274) to work on /home/airflow/.local/lib/python3.12/site-packages/airflow/example_dags/example_display_name.py
[2025-01-01T10:40:55.190+0000] {processor.py:914} INFO - Processing file /home/airflow/.local/lib/python3.12/site-packages/airflow/example_dags/example_display_name.py for tasks to queue
[2025-01-01T10:40:55.202+0000] {logging_mixin.py:190} INFO - [2025-01-01T10:40:55.200+0000] {dagbag.py:588} INFO - Filling up the DagBag from /home/airflow/.local/lib/python3.12/site-packages/airflow/example_dags/example_display_name.py
[2025-01-01T10:40:55.711+0000] {processor.py:925} INFO - DAG(s) 'example_display_name' retrieved from /home/airflow/.local/lib/python3.12/site-packages/airflow/example_dags/example_display_name.py
[2025-01-01T10:40:55.762+0000] {logging_mixin.py:190} INFO - [2025-01-01T10:40:55.761+0000] {dag.py:3239} INFO - Sync 1 DAGs
[2025-01-01T10:40:55.804+0000] {logging_mixin.py:190} INFO - [2025-01-01T10:40:55.803+0000] {dag.py:4180} INFO - Setting next_dagrun for example_display_name to None, run_after=None
[2025-01-01T10:40:55.867+0000] {processor.py:208} INFO - Processing /home/airflow/.local/lib/python3.12/site-packages/airflow/example_dags/example_display_name.py took 0.706 seconds
[2025-01-01T10:41:26.481+0000] {processor.py:186} INFO - Started process (PID=3337) to work on /home/airflow/.local/lib/python3.12/site-packages/airflow/example_dags/example_display_name.py
[2025-01-01T10:41:26.483+0000] {processor.py:914} INFO - Processing file /home/airflow/.local/lib/python3.12/site-packages/airflow/example_dags/example_display_name.py for tasks to queue
[2025-01-01T10:41:26.486+0000] {logging_mixin.py:190} INFO - [2025-01-01T10:41:26.486+0000] {dagbag.py:588} INFO - Filling up the DagBag from /home/airflow/.local/lib/python3.12/site-packages/airflow/example_dags/example_display_name.py
[2025-01-01T10:41:26.497+0000] {processor.py:925} INFO - DAG(s) 'example_display_name' retrieved from /home/airflow/.local/lib/python3.12/site-packages/airflow/example_dags/example_display_name.py
[2025-01-01T10:41:26.525+0000] {logging_mixin.py:190} INFO - [2025-01-01T10:41:26.525+0000] {dag.py:3239} INFO - Sync 1 DAGs
[2025-01-01T10:41:26.544+0000] {logging_mixin.py:190} INFO - [2025-01-01T10:41:26.544+0000] {dag.py:4180} INFO - Setting next_dagrun for example_display_name to None, run_after=None
[2025-01-01T10:41:26.574+0000] {processor.py:208} INFO - Processing /home/airflow/.local/lib/python3.12/site-packages/airflow/example_dags/example_display_name.py took 0.102 seconds
[2025-01-01T10:41:57.099+0000] {processor.py:186} INFO - Started process (PID=3400) to work on /home/airflow/.local/lib/python3.12/site-packages/airflow/example_dags/example_display_name.py
[2025-01-01T10:41:57.101+0000] {processor.py:914} INFO - Processing file /home/airflow/.local/lib/python3.12/site-packages/airflow/example_dags/example_display_name.py for tasks to queue
[2025-01-01T10:41:57.105+0000] {logging_mixin.py:190} INFO - [2025-01-01T10:41:57.104+0000] {dagbag.py:588} INFO - Filling up the DagBag from /home/airflow/.local/lib/python3.12/site-packages/airflow/example_dags/example_display_name.py
[2025-01-01T10:41:57.115+0000] {processor.py:925} INFO - DAG(s) 'example_display_name' retrieved from /home/airflow/.local/lib/python3.12/site-packages/airflow/example_dags/example_display_name.py
[2025-01-01T10:41:57.141+0000] {logging_mixin.py:190} INFO - [2025-01-01T10:41:57.140+0000] {dag.py:3239} INFO - Sync 1 DAGs
[2025-01-01T10:41:57.159+0000] {logging_mixin.py:190} INFO - [2025-01-01T10:41:57.159+0000] {dag.py:4180} INFO - Setting next_dagrun for example_display_name to None, run_after=None
[2025-01-01T10:41:57.188+0000] {processor.py:208} INFO - Processing /home/airflow/.local/lib/python3.12/site-packages/airflow/example_dags/example_display_name.py took 0.097 seconds
[2025-01-01T10:42:28.680+0000] {processor.py:186} INFO - Started process (PID=3464) to work on /home/airflow/.local/lib/python3.12/site-packages/airflow/example_dags/example_display_name.py
[2025-01-01T10:42:28.703+0000] {processor.py:914} INFO - Processing file /home/airflow/.local/lib/python3.12/site-packages/airflow/example_dags/example_display_name.py for tasks to queue
[2025-01-01T10:42:28.721+0000] {logging_mixin.py:190} INFO - [2025-01-01T10:42:28.720+0000] {dagbag.py:588} INFO - Filling up the DagBag from /home/airflow/.local/lib/python3.12/site-packages/airflow/example_dags/example_display_name.py
[2025-01-01T10:42:28.769+0000] {processor.py:925} INFO - DAG(s) 'example_display_name' retrieved from /home/airflow/.local/lib/python3.12/site-packages/airflow/example_dags/example_display_name.py
[2025-01-01T10:42:28.849+0000] {logging_mixin.py:190} INFO - [2025-01-01T10:42:28.848+0000] {dag.py:3239} INFO - Sync 1 DAGs
[2025-01-01T10:42:28.916+0000] {logging_mixin.py:190} INFO - [2025-01-01T10:42:28.915+0000] {dag.py:4180} INFO - Setting next_dagrun for example_display_name to None, run_after=None
[2025-01-01T10:42:29.005+0000] {processor.py:208} INFO - Processing /home/airflow/.local/lib/python3.12/site-packages/airflow/example_dags/example_display_name.py took 0.406 seconds
[2025-01-01T10:42:59.191+0000] {processor.py:186} INFO - Started process (PID=3526) to work on /home/airflow/.local/lib/python3.12/site-packages/airflow/example_dags/example_display_name.py
[2025-01-01T10:42:59.195+0000] {processor.py:914} INFO - Processing file /home/airflow/.local/lib/python3.12/site-packages/airflow/example_dags/example_display_name.py for tasks to queue
[2025-01-01T10:42:59.203+0000] {logging_mixin.py:190} INFO - [2025-01-01T10:42:59.202+0000] {dagbag.py:588} INFO - Filling up the DagBag from /home/airflow/.local/lib/python3.12/site-packages/airflow/example_dags/example_display_name.py
[2025-01-01T10:42:59.229+0000] {processor.py:925} INFO - DAG(s) 'example_display_name' retrieved from /home/airflow/.local/lib/python3.12/site-packages/airflow/example_dags/example_display_name.py
[2025-01-01T10:42:59.289+0000] {logging_mixin.py:190} INFO - [2025-01-01T10:42:59.288+0000] {dag.py:3239} INFO - Sync 1 DAGs
[2025-01-01T10:42:59.337+0000] {logging_mixin.py:190} INFO - [2025-01-01T10:42:59.336+0000] {dag.py:4180} INFO - Setting next_dagrun for example_display_name to None, run_after=None
[2025-01-01T10:42:59.393+0000] {processor.py:208} INFO - Processing /home/airflow/.local/lib/python3.12/site-packages/airflow/example_dags/example_display_name.py took 0.221 seconds
[2025-01-01T10:43:29.602+0000] {processor.py:186} INFO - Started process (PID=3589) to work on /home/airflow/.local/lib/python3.12/site-packages/airflow/example_dags/example_display_name.py
[2025-01-01T10:43:29.603+0000] {processor.py:914} INFO - Processing file /home/airflow/.local/lib/python3.12/site-packages/airflow/example_dags/example_display_name.py for tasks to queue
[2025-01-01T10:43:29.606+0000] {logging_mixin.py:190} INFO - [2025-01-01T10:43:29.606+0000] {dagbag.py:588} INFO - Filling up the DagBag from /home/airflow/.local/lib/python3.12/site-packages/airflow/example_dags/example_display_name.py
[2025-01-01T10:43:29.616+0000] {processor.py:925} INFO - DAG(s) 'example_display_name' retrieved from /home/airflow/.local/lib/python3.12/site-packages/airflow/example_dags/example_display_name.py
[2025-01-01T10:43:29.640+0000] {logging_mixin.py:190} INFO - [2025-01-01T10:43:29.640+0000] {dag.py:3239} INFO - Sync 1 DAGs
[2025-01-01T10:43:29.656+0000] {logging_mixin.py:190} INFO - [2025-01-01T10:43:29.656+0000] {dag.py:4180} INFO - Setting next_dagrun for example_display_name to None, run_after=None
[2025-01-01T10:43:29.687+0000] {processor.py:208} INFO - Processing /home/airflow/.local/lib/python3.12/site-packages/airflow/example_dags/example_display_name.py took 0.091 seconds
[2025-01-01T10:44:00.074+0000] {processor.py:186} INFO - Started process (PID=3651) to work on /home/airflow/.local/lib/python3.12/site-packages/airflow/example_dags/example_display_name.py
[2025-01-01T10:44:00.076+0000] {processor.py:914} INFO - Processing file /home/airflow/.local/lib/python3.12/site-packages/airflow/example_dags/example_display_name.py for tasks to queue
[2025-01-01T10:44:00.080+0000] {logging_mixin.py:190} INFO - [2025-01-01T10:44:00.079+0000] {dagbag.py:588} INFO - Filling up the DagBag from /home/airflow/.local/lib/python3.12/site-packages/airflow/example_dags/example_display_name.py
[2025-01-01T10:44:00.094+0000] {processor.py:925} INFO - DAG(s) 'example_display_name' retrieved from /home/airflow/.local/lib/python3.12/site-packages/airflow/example_dags/example_display_name.py
[2025-01-01T10:44:00.121+0000] {logging_mixin.py:190} INFO - [2025-01-01T10:44:00.120+0000] {dag.py:3239} INFO - Sync 1 DAGs
[2025-01-01T10:44:00.141+0000] {logging_mixin.py:190} INFO - [2025-01-01T10:44:00.140+0000] {dag.py:4180} INFO - Setting next_dagrun for example_display_name to None, run_after=None
[2025-01-01T10:44:00.175+0000] {processor.py:208} INFO - Processing /home/airflow/.local/lib/python3.12/site-packages/airflow/example_dags/example_display_name.py took 0.110 seconds
[2025-01-01T10:44:30.550+0000] {processor.py:186} INFO - Started process (PID=3714) to work on /home/airflow/.local/lib/python3.12/site-packages/airflow/example_dags/example_display_name.py
[2025-01-01T10:44:30.552+0000] {processor.py:914} INFO - Processing file /home/airflow/.local/lib/python3.12/site-packages/airflow/example_dags/example_display_name.py for tasks to queue
[2025-01-01T10:44:30.559+0000] {logging_mixin.py:190} INFO - [2025-01-01T10:44:30.558+0000] {dagbag.py:588} INFO - Filling up the DagBag from /home/airflow/.local/lib/python3.12/site-packages/airflow/example_dags/example_display_name.py
[2025-01-01T10:44:30.578+0000] {processor.py:925} INFO - DAG(s) 'example_display_name' retrieved from /home/airflow/.local/lib/python3.12/site-packages/airflow/example_dags/example_display_name.py
[2025-01-01T10:44:30.625+0000] {logging_mixin.py:190} INFO - [2025-01-01T10:44:30.624+0000] {dag.py:3239} INFO - Sync 1 DAGs
[2025-01-01T10:44:30.659+0000] {logging_mixin.py:190} INFO - [2025-01-01T10:44:30.658+0000] {dag.py:4180} INFO - Setting next_dagrun for example_display_name to None, run_after=None
[2025-01-01T10:44:30.706+0000] {processor.py:208} INFO - Processing /home/airflow/.local/lib/python3.12/site-packages/airflow/example_dags/example_display_name.py took 0.173 seconds
[2025-01-01T10:45:01.216+0000] {processor.py:186} INFO - Started process (PID=3777) to work on /home/airflow/.local/lib/python3.12/site-packages/airflow/example_dags/example_display_name.py
[2025-01-01T10:45:01.233+0000] {processor.py:914} INFO - Processing file /home/airflow/.local/lib/python3.12/site-packages/airflow/example_dags/example_display_name.py for tasks to queue
[2025-01-01T10:45:01.258+0000] {logging_mixin.py:190} INFO - [2025-01-01T10:45:01.256+0000] {dagbag.py:588} INFO - Filling up the DagBag from /home/airflow/.local/lib/python3.12/site-packages/airflow/example_dags/example_display_name.py
[2025-01-01T10:45:01.317+0000] {processor.py:925} INFO - DAG(s) 'example_display_name' retrieved from /home/airflow/.local/lib/python3.12/site-packages/airflow/example_dags/example_display_name.py
[2025-01-01T10:45:01.394+0000] {logging_mixin.py:190} INFO - [2025-01-01T10:45:01.393+0000] {dag.py:3239} INFO - Sync 1 DAGs
[2025-01-01T10:45:01.450+0000] {logging_mixin.py:190} INFO - [2025-01-01T10:45:01.449+0000] {dag.py:4180} INFO - Setting next_dagrun for example_display_name to None, run_after=None
[2025-01-01T10:45:01.547+0000] {processor.py:208} INFO - Processing /home/airflow/.local/lib/python3.12/site-packages/airflow/example_dags/example_display_name.py took 0.367 seconds
[2025-01-01T10:45:32.542+0000] {processor.py:186} INFO - Started process (PID=3839) to work on /home/airflow/.local/lib/python3.12/site-packages/airflow/example_dags/example_display_name.py
[2025-01-01T10:45:32.548+0000] {processor.py:914} INFO - Processing file /home/airflow/.local/lib/python3.12/site-packages/airflow/example_dags/example_display_name.py for tasks to queue
[2025-01-01T10:45:32.569+0000] {logging_mixin.py:190} INFO - [2025-01-01T10:45:32.566+0000] {dagbag.py:588} INFO - Filling up the DagBag from /home/airflow/.local/lib/python3.12/site-packages/airflow/example_dags/example_display_name.py
[2025-01-01T10:45:32.623+0000] {processor.py:925} INFO - DAG(s) 'example_display_name' retrieved from /home/airflow/.local/lib/python3.12/site-packages/airflow/example_dags/example_display_name.py
[2025-01-01T10:45:32.716+0000] {logging_mixin.py:190} INFO - [2025-01-01T10:45:32.715+0000] {dag.py:3239} INFO - Sync 1 DAGs
[2025-01-01T10:45:32.796+0000] {logging_mixin.py:190} INFO - [2025-01-01T10:45:32.794+0000] {dag.py:4180} INFO - Setting next_dagrun for example_display_name to None, run_after=None
[2025-01-01T10:45:32.925+0000] {processor.py:208} INFO - Processing /home/airflow/.local/lib/python3.12/site-packages/airflow/example_dags/example_display_name.py took 0.439 seconds
[2025-01-01T10:46:03.380+0000] {processor.py:186} INFO - Started process (PID=3902) to work on /home/airflow/.local/lib/python3.12/site-packages/airflow/example_dags/example_display_name.py
[2025-01-01T10:46:03.382+0000] {processor.py:914} INFO - Processing file /home/airflow/.local/lib/python3.12/site-packages/airflow/example_dags/example_display_name.py for tasks to queue
[2025-01-01T10:46:03.387+0000] {logging_mixin.py:190} INFO - [2025-01-01T10:46:03.387+0000] {dagbag.py:588} INFO - Filling up the DagBag from /home/airflow/.local/lib/python3.12/site-packages/airflow/example_dags/example_display_name.py
[2025-01-01T10:46:03.405+0000] {processor.py:925} INFO - DAG(s) 'example_display_name' retrieved from /home/airflow/.local/lib/python3.12/site-packages/airflow/example_dags/example_display_name.py
[2025-01-01T10:46:03.446+0000] {logging_mixin.py:190} INFO - [2025-01-01T10:46:03.445+0000] {dag.py:3239} INFO - Sync 1 DAGs
[2025-01-01T10:46:03.474+0000] {logging_mixin.py:190} INFO - [2025-01-01T10:46:03.473+0000] {dag.py:4180} INFO - Setting next_dagrun for example_display_name to None, run_after=None
[2025-01-01T10:46:03.516+0000] {processor.py:208} INFO - Processing /home/airflow/.local/lib/python3.12/site-packages/airflow/example_dags/example_display_name.py took 0.149 seconds
[2025-01-01T10:46:34.739+0000] {processor.py:186} INFO - Started process (PID=3965) to work on /home/airflow/.local/lib/python3.12/site-packages/airflow/example_dags/example_display_name.py
[2025-01-01T10:46:34.741+0000] {processor.py:914} INFO - Processing file /home/airflow/.local/lib/python3.12/site-packages/airflow/example_dags/example_display_name.py for tasks to queue
[2025-01-01T10:46:34.746+0000] {logging_mixin.py:190} INFO - [2025-01-01T10:46:34.745+0000] {dagbag.py:588} INFO - Filling up the DagBag from /home/airflow/.local/lib/python3.12/site-packages/airflow/example_dags/example_display_name.py
[2025-01-01T10:46:34.762+0000] {processor.py:925} INFO - DAG(s) 'example_display_name' retrieved from /home/airflow/.local/lib/python3.12/site-packages/airflow/example_dags/example_display_name.py
[2025-01-01T10:46:34.797+0000] {logging_mixin.py:190} INFO - [2025-01-01T10:46:34.797+0000] {dag.py:3239} INFO - Sync 1 DAGs
[2025-01-01T10:46:34.825+0000] {logging_mixin.py:190} INFO - [2025-01-01T10:46:34.824+0000] {dag.py:4180} INFO - Setting next_dagrun for example_display_name to None, run_after=None
[2025-01-01T10:46:34.871+0000] {processor.py:208} INFO - Processing /home/airflow/.local/lib/python3.12/site-packages/airflow/example_dags/example_display_name.py took 0.148 seconds
[2025-01-01T10:47:05.265+0000] {processor.py:186} INFO - Started process (PID=4027) to work on /home/airflow/.local/lib/python3.12/site-packages/airflow/example_dags/example_display_name.py
[2025-01-01T10:47:05.268+0000] {processor.py:914} INFO - Processing file /home/airflow/.local/lib/python3.12/site-packages/airflow/example_dags/example_display_name.py for tasks to queue
[2025-01-01T10:47:05.274+0000] {logging_mixin.py:190} INFO - [2025-01-01T10:47:05.273+0000] {dagbag.py:588} INFO - Filling up the DagBag from /home/airflow/.local/lib/python3.12/site-packages/airflow/example_dags/example_display_name.py
[2025-01-01T10:47:05.292+0000] {processor.py:925} INFO - DAG(s) 'example_display_name' retrieved from /home/airflow/.local/lib/python3.12/site-packages/airflow/example_dags/example_display_name.py
[2025-01-01T10:47:05.336+0000] {logging_mixin.py:190} INFO - [2025-01-01T10:47:05.336+0000] {dag.py:3239} INFO - Sync 1 DAGs
[2025-01-01T10:47:05.369+0000] {logging_mixin.py:190} INFO - [2025-01-01T10:47:05.368+0000] {dag.py:4180} INFO - Setting next_dagrun for example_display_name to None, run_after=None
[2025-01-01T10:47:05.411+0000] {processor.py:208} INFO - Processing /home/airflow/.local/lib/python3.12/site-packages/airflow/example_dags/example_display_name.py took 0.159 seconds
[2025-01-01T10:47:35.900+0000] {processor.py:186} INFO - Started process (PID=4090) to work on /home/airflow/.local/lib/python3.12/site-packages/airflow/example_dags/example_display_name.py
[2025-01-01T10:47:35.918+0000] {processor.py:914} INFO - Processing file /home/airflow/.local/lib/python3.12/site-packages/airflow/example_dags/example_display_name.py for tasks to queue
[2025-01-01T10:47:35.971+0000] {logging_mixin.py:190} INFO - [2025-01-01T10:47:35.962+0000] {dagbag.py:588} INFO - Filling up the DagBag from /home/airflow/.local/lib/python3.12/site-packages/airflow/example_dags/example_display_name.py
[2025-01-01T10:47:36.139+0000] {processor.py:925} INFO - DAG(s) 'example_display_name' retrieved from /home/airflow/.local/lib/python3.12/site-packages/airflow/example_dags/example_display_name.py
[2025-01-01T10:47:36.539+0000] {logging_mixin.py:190} INFO - [2025-01-01T10:47:36.536+0000] {dag.py:3239} INFO - Sync 1 DAGs
[2025-01-01T10:47:36.926+0000] {logging_mixin.py:190} INFO - [2025-01-01T10:47:36.924+0000] {dag.py:4180} INFO - Setting next_dagrun for example_display_name to None, run_after=None
[2025-01-01T10:47:37.044+0000] {processor.py:208} INFO - Processing /home/airflow/.local/lib/python3.12/site-packages/airflow/example_dags/example_display_name.py took 1.298 seconds
[2025-01-01T10:48:07.308+0000] {processor.py:186} INFO - Started process (PID=4153) to work on /home/airflow/.local/lib/python3.12/site-packages/airflow/example_dags/example_display_name.py
[2025-01-01T10:48:07.311+0000] {processor.py:914} INFO - Processing file /home/airflow/.local/lib/python3.12/site-packages/airflow/example_dags/example_display_name.py for tasks to queue
[2025-01-01T10:48:07.320+0000] {logging_mixin.py:190} INFO - [2025-01-01T10:48:07.318+0000] {dagbag.py:588} INFO - Filling up the DagBag from /home/airflow/.local/lib/python3.12/site-packages/airflow/example_dags/example_display_name.py
[2025-01-01T10:48:07.341+0000] {processor.py:925} INFO - DAG(s) 'example_display_name' retrieved from /home/airflow/.local/lib/python3.12/site-packages/airflow/example_dags/example_display_name.py
[2025-01-01T10:48:07.381+0000] {logging_mixin.py:190} INFO - [2025-01-01T10:48:07.380+0000] {dag.py:3239} INFO - Sync 1 DAGs
[2025-01-01T10:48:07.413+0000] {logging_mixin.py:190} INFO - [2025-01-01T10:48:07.412+0000] {dag.py:4180} INFO - Setting next_dagrun for example_display_name to None, run_after=None
[2025-01-01T10:48:07.462+0000] {processor.py:208} INFO - Processing /home/airflow/.local/lib/python3.12/site-packages/airflow/example_dags/example_display_name.py took 0.172 seconds
[2025-01-01T10:48:37.931+0000] {processor.py:186} INFO - Started process (PID=4222) to work on /home/airflow/.local/lib/python3.12/site-packages/airflow/example_dags/example_display_name.py
[2025-01-01T10:48:37.933+0000] {processor.py:914} INFO - Processing file /home/airflow/.local/lib/python3.12/site-packages/airflow/example_dags/example_display_name.py for tasks to queue
[2025-01-01T10:48:37.937+0000] {logging_mixin.py:190} INFO - [2025-01-01T10:48:37.936+0000] {dagbag.py:588} INFO - Filling up the DagBag from /home/airflow/.local/lib/python3.12/site-packages/airflow/example_dags/example_display_name.py
[2025-01-01T10:48:37.947+0000] {processor.py:925} INFO - DAG(s) 'example_display_name' retrieved from /home/airflow/.local/lib/python3.12/site-packages/airflow/example_dags/example_display_name.py
[2025-01-01T10:48:37.971+0000] {logging_mixin.py:190} INFO - [2025-01-01T10:48:37.971+0000] {dag.py:3239} INFO - Sync 1 DAGs
[2025-01-01T10:48:37.989+0000] {logging_mixin.py:190} INFO - [2025-01-01T10:48:37.989+0000] {dag.py:4180} INFO - Setting next_dagrun for example_display_name to None, run_after=None
[2025-01-01T10:48:38.016+0000] {processor.py:208} INFO - Processing /home/airflow/.local/lib/python3.12/site-packages/airflow/example_dags/example_display_name.py took 0.091 seconds
[2025-01-01T10:49:08.398+0000] {processor.py:186} INFO - Started process (PID=4284) to work on /home/airflow/.local/lib/python3.12/site-packages/airflow/example_dags/example_display_name.py
[2025-01-01T10:49:08.400+0000] {processor.py:914} INFO - Processing file /home/airflow/.local/lib/python3.12/site-packages/airflow/example_dags/example_display_name.py for tasks to queue
[2025-01-01T10:49:08.407+0000] {logging_mixin.py:190} INFO - [2025-01-01T10:49:08.406+0000] {dagbag.py:588} INFO - Filling up the DagBag from /home/airflow/.local/lib/python3.12/site-packages/airflow/example_dags/example_display_name.py
[2025-01-01T10:49:08.420+0000] {processor.py:925} INFO - DAG(s) 'example_display_name' retrieved from /home/airflow/.local/lib/python3.12/site-packages/airflow/example_dags/example_display_name.py
[2025-01-01T10:49:08.453+0000] {logging_mixin.py:190} INFO - [2025-01-01T10:49:08.452+0000] {dag.py:3239} INFO - Sync 1 DAGs
[2025-01-01T10:49:08.476+0000] {logging_mixin.py:190} INFO - [2025-01-01T10:49:08.476+0000] {dag.py:4180} INFO - Setting next_dagrun for example_display_name to None, run_after=None
[2025-01-01T10:49:08.514+0000] {processor.py:208} INFO - Processing /home/airflow/.local/lib/python3.12/site-packages/airflow/example_dags/example_display_name.py took 0.126 seconds
[2025-01-01T10:49:39.157+0000] {processor.py:186} INFO - Started process (PID=4345) to work on /home/airflow/.local/lib/python3.12/site-packages/airflow/example_dags/example_display_name.py
[2025-01-01T10:49:39.159+0000] {processor.py:914} INFO - Processing file /home/airflow/.local/lib/python3.12/site-packages/airflow/example_dags/example_display_name.py for tasks to queue
[2025-01-01T10:49:39.164+0000] {logging_mixin.py:190} INFO - [2025-01-01T10:49:39.164+0000] {dagbag.py:588} INFO - Filling up the DagBag from /home/airflow/.local/lib/python3.12/site-packages/airflow/example_dags/example_display_name.py
[2025-01-01T10:49:39.204+0000] {processor.py:925} INFO - DAG(s) 'example_display_name' retrieved from /home/airflow/.local/lib/python3.12/site-packages/airflow/example_dags/example_display_name.py
[2025-01-01T10:49:39.297+0000] {logging_mixin.py:190} INFO - [2025-01-01T10:49:39.296+0000] {dag.py:3239} INFO - Sync 1 DAGs
[2025-01-01T10:49:39.389+0000] {logging_mixin.py:190} INFO - [2025-01-01T10:49:39.388+0000] {dag.py:4180} INFO - Setting next_dagrun for example_display_name to None, run_after=None
[2025-01-01T10:49:39.495+0000] {processor.py:208} INFO - Processing /home/airflow/.local/lib/python3.12/site-packages/airflow/example_dags/example_display_name.py took 0.350 seconds
[2025-01-01T10:50:10.399+0000] {processor.py:186} INFO - Started process (PID=4408) to work on /home/airflow/.local/lib/python3.12/site-packages/airflow/example_dags/example_display_name.py
[2025-01-01T10:50:10.401+0000] {processor.py:914} INFO - Processing file /home/airflow/.local/lib/python3.12/site-packages/airflow/example_dags/example_display_name.py for tasks to queue
[2025-01-01T10:50:10.404+0000] {logging_mixin.py:190} INFO - [2025-01-01T10:50:10.404+0000] {dagbag.py:588} INFO - Filling up the DagBag from /home/airflow/.local/lib/python3.12/site-packages/airflow/example_dags/example_display_name.py
[2025-01-01T10:50:10.411+0000] {processor.py:925} INFO - DAG(s) 'example_display_name' retrieved from /home/airflow/.local/lib/python3.12/site-packages/airflow/example_dags/example_display_name.py
[2025-01-01T10:50:10.431+0000] {logging_mixin.py:190} INFO - [2025-01-01T10:50:10.431+0000] {dag.py:3239} INFO - Sync 1 DAGs
[2025-01-01T10:50:10.445+0000] {logging_mixin.py:190} INFO - [2025-01-01T10:50:10.445+0000] {dag.py:4180} INFO - Setting next_dagrun for example_display_name to None, run_after=None
[2025-01-01T10:50:10.471+0000] {processor.py:208} INFO - Processing /home/airflow/.local/lib/python3.12/site-packages/airflow/example_dags/example_display_name.py took 0.078 seconds
[2025-01-01T10:50:40.865+0000] {processor.py:186} INFO - Started process (PID=4471) to work on /home/airflow/.local/lib/python3.12/site-packages/airflow/example_dags/example_display_name.py
[2025-01-01T10:50:40.875+0000] {processor.py:914} INFO - Processing file /home/airflow/.local/lib/python3.12/site-packages/airflow/example_dags/example_display_name.py for tasks to queue
[2025-01-01T10:50:40.892+0000] {logging_mixin.py:190} INFO - [2025-01-01T10:50:40.889+0000] {dagbag.py:588} INFO - Filling up the DagBag from /home/airflow/.local/lib/python3.12/site-packages/airflow/example_dags/example_display_name.py
[2025-01-01T10:50:40.958+0000] {processor.py:925} INFO - DAG(s) 'example_display_name' retrieved from /home/airflow/.local/lib/python3.12/site-packages/airflow/example_dags/example_display_name.py
[2025-01-01T10:50:41.122+0000] {logging_mixin.py:190} INFO - [2025-01-01T10:50:41.120+0000] {dag.py:3239} INFO - Sync 1 DAGs
[2025-01-01T10:50:41.279+0000] {logging_mixin.py:190} INFO - [2025-01-01T10:50:41.277+0000] {dag.py:4180} INFO - Setting next_dagrun for example_display_name to None, run_after=None
[2025-01-01T10:50:41.441+0000] {processor.py:208} INFO - Processing /home/airflow/.local/lib/python3.12/site-packages/airflow/example_dags/example_display_name.py took 0.633 seconds
[2025-01-01T10:51:12.288+0000] {processor.py:186} INFO - Started process (PID=4534) to work on /home/airflow/.local/lib/python3.12/site-packages/airflow/example_dags/example_display_name.py
[2025-01-01T10:51:12.293+0000] {processor.py:914} INFO - Processing file /home/airflow/.local/lib/python3.12/site-packages/airflow/example_dags/example_display_name.py for tasks to queue
[2025-01-01T10:51:12.304+0000] {logging_mixin.py:190} INFO - [2025-01-01T10:51:12.303+0000] {dagbag.py:588} INFO - Filling up the DagBag from /home/airflow/.local/lib/python3.12/site-packages/airflow/example_dags/example_display_name.py
[2025-01-01T10:51:12.343+0000] {processor.py:925} INFO - DAG(s) 'example_display_name' retrieved from /home/airflow/.local/lib/python3.12/site-packages/airflow/example_dags/example_display_name.py
[2025-01-01T10:51:12.436+0000] {logging_mixin.py:190} INFO - [2025-01-01T10:51:12.435+0000] {dag.py:3239} INFO - Sync 1 DAGs
[2025-01-01T10:51:12.507+0000] {logging_mixin.py:190} INFO - [2025-01-01T10:51:12.506+0000] {dag.py:4180} INFO - Setting next_dagrun for example_display_name to None, run_after=None
[2025-01-01T10:51:12.591+0000] {processor.py:208} INFO - Processing /home/airflow/.local/lib/python3.12/site-packages/airflow/example_dags/example_display_name.py took 0.336 seconds
[2025-01-01T12:15:42.373+0000] {processor.py:186} INFO - Started process (PID=4552) to work on /home/airflow/.local/lib/python3.12/site-packages/airflow/example_dags/example_display_name.py
[2025-01-01T12:15:42.374+0000] {processor.py:914} INFO - Processing file /home/airflow/.local/lib/python3.12/site-packages/airflow/example_dags/example_display_name.py for tasks to queue
[2025-01-01T12:15:42.378+0000] {logging_mixin.py:190} INFO - [2025-01-01T12:15:42.377+0000] {dagbag.py:588} INFO - Filling up the DagBag from /home/airflow/.local/lib/python3.12/site-packages/airflow/example_dags/example_display_name.py
[2025-01-01T12:15:42.393+0000] {processor.py:925} INFO - DAG(s) 'example_display_name' retrieved from /home/airflow/.local/lib/python3.12/site-packages/airflow/example_dags/example_display_name.py
[2025-01-01T12:15:42.422+0000] {logging_mixin.py:190} INFO - [2025-01-01T12:15:42.422+0000] {dag.py:3239} INFO - Sync 1 DAGs
[2025-01-01T12:15:42.460+0000] {logging_mixin.py:190} INFO - [2025-01-01T12:15:42.460+0000] {dag.py:4180} INFO - Setting next_dagrun for example_display_name to None, run_after=None
[2025-01-01T12:15:42.497+0000] {processor.py:208} INFO - Processing /home/airflow/.local/lib/python3.12/site-packages/airflow/example_dags/example_display_name.py took 0.138 seconds
[2025-01-01T12:16:13.195+0000] {processor.py:186} INFO - Started process (PID=4615) to work on /home/airflow/.local/lib/python3.12/site-packages/airflow/example_dags/example_display_name.py
[2025-01-01T12:16:13.196+0000] {processor.py:914} INFO - Processing file /home/airflow/.local/lib/python3.12/site-packages/airflow/example_dags/example_display_name.py for tasks to queue
[2025-01-01T12:16:13.198+0000] {logging_mixin.py:190} INFO - [2025-01-01T12:16:13.198+0000] {dagbag.py:588} INFO - Filling up the DagBag from /home/airflow/.local/lib/python3.12/site-packages/airflow/example_dags/example_display_name.py
[2025-01-01T12:16:13.205+0000] {processor.py:925} INFO - DAG(s) 'example_display_name' retrieved from /home/airflow/.local/lib/python3.12/site-packages/airflow/example_dags/example_display_name.py
[2025-01-01T12:16:13.220+0000] {logging_mixin.py:190} INFO - [2025-01-01T12:16:13.220+0000] {dag.py:3239} INFO - Sync 1 DAGs
[2025-01-01T12:16:13.231+0000] {logging_mixin.py:190} INFO - [2025-01-01T12:16:13.231+0000] {dag.py:4180} INFO - Setting next_dagrun for example_display_name to None, run_after=None
[2025-01-01T12:16:13.252+0000] {processor.py:208} INFO - Processing /home/airflow/.local/lib/python3.12/site-packages/airflow/example_dags/example_display_name.py took 0.062 seconds
[2025-01-01T12:16:43.347+0000] {processor.py:186} INFO - Started process (PID=4678) to work on /home/airflow/.local/lib/python3.12/site-packages/airflow/example_dags/example_display_name.py
[2025-01-01T12:16:43.348+0000] {processor.py:914} INFO - Processing file /home/airflow/.local/lib/python3.12/site-packages/airflow/example_dags/example_display_name.py for tasks to queue
[2025-01-01T12:16:43.352+0000] {logging_mixin.py:190} INFO - [2025-01-01T12:16:43.352+0000] {dagbag.py:588} INFO - Filling up the DagBag from /home/airflow/.local/lib/python3.12/site-packages/airflow/example_dags/example_display_name.py
[2025-01-01T12:16:43.364+0000] {processor.py:925} INFO - DAG(s) 'example_display_name' retrieved from /home/airflow/.local/lib/python3.12/site-packages/airflow/example_dags/example_display_name.py
[2025-01-01T12:16:43.383+0000] {logging_mixin.py:190} INFO - [2025-01-01T12:16:43.383+0000] {dag.py:3239} INFO - Sync 1 DAGs
[2025-01-01T12:16:43.397+0000] {logging_mixin.py:190} INFO - [2025-01-01T12:16:43.397+0000] {dag.py:4180} INFO - Setting next_dagrun for example_display_name to None, run_after=None
[2025-01-01T12:16:43.418+0000] {processor.py:208} INFO - Processing /home/airflow/.local/lib/python3.12/site-packages/airflow/example_dags/example_display_name.py took 0.076 seconds
