[2025-01-01T10:09:09.314+0000] {processor.py:186} INFO - Started process (PID=237) to work on /home/airflow/.local/lib/python3.12/site-packages/airflow/example_dags/example_python_decorator.py
[2025-01-01T10:09:09.325+0000] {processor.py:914} INFO - Processing file /home/airflow/.local/lib/python3.12/site-packages/airflow/example_dags/example_python_decorator.py for tasks to queue
[2025-01-01T10:09:09.344+0000] {logging_mixin.py:190} INFO - [2025-01-01T10:09:09.342+0000] {dagbag.py:588} INFO - Filling up the DagBag from /home/airflow/.local/lib/python3.12/site-packages/airflow/example_dags/example_python_decorator.py
[2025-01-01T10:09:09.477+0000] {processor.py:925} INFO - DAG(s) 'example_python_decorator' retrieved from /home/airflow/.local/lib/python3.12/site-packages/airflow/example_dags/example_python_decorator.py
[2025-01-01T10:09:10.435+0000] {logging_mixin.py:190} INFO - [2025-01-01T10:09:10.431+0000] {override.py:1911} INFO - Created Permission View: can edit on DAG:example_python_decorator
[2025-01-01T10:09:10.512+0000] {logging_mixin.py:190} INFO - [2025-01-01T10:09:10.510+0000] {override.py:1911} INFO - Created Permission View: can delete on DAG:example_python_decorator
[2025-01-01T10:09:10.566+0000] {logging_mixin.py:190} INFO - [2025-01-01T10:09:10.564+0000] {override.py:1911} INFO - Created Permission View: can read on DAG:example_python_decorator
[2025-01-01T10:09:10.731+0000] {logging_mixin.py:190} INFO - [2025-01-01T10:09:10.729+0000] {override.py:1911} INFO - Created Permission View: can create on DAG Run:example_python_decorator
[2025-01-01T10:09:10.805+0000] {logging_mixin.py:190} INFO - [2025-01-01T10:09:10.803+0000] {override.py:1911} INFO - Created Permission View: menu access on DAG Run:example_python_decorator
[2025-01-01T10:09:10.860+0000] {logging_mixin.py:190} INFO - [2025-01-01T10:09:10.859+0000] {override.py:1911} INFO - Created Permission View: can delete on DAG Run:example_python_decorator
[2025-01-01T10:09:10.914+0000] {logging_mixin.py:190} INFO - [2025-01-01T10:09:10.912+0000] {override.py:1911} INFO - Created Permission View: can read on DAG Run:example_python_decorator
[2025-01-01T10:09:10.919+0000] {logging_mixin.py:190} INFO - [2025-01-01T10:09:10.918+0000] {dag.py:3239} INFO - Sync 1 DAGs
[2025-01-01T10:09:11.018+0000] {logging_mixin.py:190} INFO - [2025-01-01T10:09:11.016+0000] {dag.py:3262} INFO - Creating ORM DAG for example_python_decorator
[2025-01-01T10:09:11.025+0000] {logging_mixin.py:190} INFO - [2025-01-01T10:09:11.023+0000] {dag.py:4180} INFO - Setting next_dagrun for example_python_decorator to None, run_after=None
[2025-01-01T10:09:11.150+0000] {processor.py:208} INFO - Processing /home/airflow/.local/lib/python3.12/site-packages/airflow/example_dags/example_python_decorator.py took 1.895 seconds
[2025-01-01T10:14:50.005+0000] {processor.py:186} INFO - Started process (PID=337) to work on /home/airflow/.local/lib/python3.12/site-packages/airflow/example_dags/example_python_decorator.py
[2025-01-01T10:14:50.007+0000] {processor.py:914} INFO - Processing file /home/airflow/.local/lib/python3.12/site-packages/airflow/example_dags/example_python_decorator.py for tasks to queue
[2025-01-01T10:14:50.011+0000] {logging_mixin.py:190} INFO - [2025-01-01T10:14:50.011+0000] {dagbag.py:588} INFO - Filling up the DagBag from /home/airflow/.local/lib/python3.12/site-packages/airflow/example_dags/example_python_decorator.py
[2025-01-01T10:14:50.036+0000] {processor.py:925} INFO - DAG(s) 'example_python_decorator' retrieved from /home/airflow/.local/lib/python3.12/site-packages/airflow/example_dags/example_python_decorator.py
[2025-01-01T10:14:50.069+0000] {logging_mixin.py:190} INFO - [2025-01-01T10:14:50.068+0000] {dag.py:3239} INFO - Sync 1 DAGs
[2025-01-01T10:14:50.093+0000] {logging_mixin.py:190} INFO - [2025-01-01T10:14:50.093+0000] {dag.py:4180} INFO - Setting next_dagrun for example_python_decorator to None, run_after=None
[2025-01-01T10:14:50.123+0000] {processor.py:208} INFO - Processing /home/airflow/.local/lib/python3.12/site-packages/airflow/example_dags/example_python_decorator.py took 0.128 seconds
[2025-01-01T10:15:23.683+0000] {processor.py:186} INFO - Started process (PID=406) to work on /home/airflow/.local/lib/python3.12/site-packages/airflow/example_dags/example_python_decorator.py
[2025-01-01T10:15:23.685+0000] {processor.py:914} INFO - Processing file /home/airflow/.local/lib/python3.12/site-packages/airflow/example_dags/example_python_decorator.py for tasks to queue
[2025-01-01T10:15:23.688+0000] {logging_mixin.py:190} INFO - [2025-01-01T10:15:23.688+0000] {dagbag.py:588} INFO - Filling up the DagBag from /home/airflow/.local/lib/python3.12/site-packages/airflow/example_dags/example_python_decorator.py
[2025-01-01T10:15:23.706+0000] {processor.py:925} INFO - DAG(s) 'example_python_decorator' retrieved from /home/airflow/.local/lib/python3.12/site-packages/airflow/example_dags/example_python_decorator.py
[2025-01-01T10:15:23.735+0000] {logging_mixin.py:190} INFO - [2025-01-01T10:15:23.735+0000] {dag.py:3239} INFO - Sync 1 DAGs
[2025-01-01T10:15:23.752+0000] {logging_mixin.py:190} INFO - [2025-01-01T10:15:23.752+0000] {dag.py:4180} INFO - Setting next_dagrun for example_python_decorator to None, run_after=None
[2025-01-01T10:15:23.782+0000] {processor.py:208} INFO - Processing /home/airflow/.local/lib/python3.12/site-packages/airflow/example_dags/example_python_decorator.py took 0.106 seconds
[2025-01-01T10:15:56.044+0000] {processor.py:186} INFO - Started process (PID=469) to work on /home/airflow/.local/lib/python3.12/site-packages/airflow/example_dags/example_python_decorator.py
[2025-01-01T10:15:56.045+0000] {processor.py:914} INFO - Processing file /home/airflow/.local/lib/python3.12/site-packages/airflow/example_dags/example_python_decorator.py for tasks to queue
[2025-01-01T10:15:56.050+0000] {logging_mixin.py:190} INFO - [2025-01-01T10:15:56.049+0000] {dagbag.py:588} INFO - Filling up the DagBag from /home/airflow/.local/lib/python3.12/site-packages/airflow/example_dags/example_python_decorator.py
[2025-01-01T10:15:56.069+0000] {processor.py:925} INFO - DAG(s) 'example_python_decorator' retrieved from /home/airflow/.local/lib/python3.12/site-packages/airflow/example_dags/example_python_decorator.py
[2025-01-01T10:15:56.103+0000] {logging_mixin.py:190} INFO - [2025-01-01T10:15:56.103+0000] {dag.py:3239} INFO - Sync 1 DAGs
[2025-01-01T10:15:56.123+0000] {logging_mixin.py:190} INFO - [2025-01-01T10:15:56.122+0000] {dag.py:4180} INFO - Setting next_dagrun for example_python_decorator to None, run_after=None
[2025-01-01T10:15:56.152+0000] {processor.py:208} INFO - Processing /home/airflow/.local/lib/python3.12/site-packages/airflow/example_dags/example_python_decorator.py took 0.115 seconds
[2025-01-01T10:16:27.032+0000] {processor.py:186} INFO - Started process (PID=532) to work on /home/airflow/.local/lib/python3.12/site-packages/airflow/example_dags/example_python_decorator.py
[2025-01-01T10:16:27.034+0000] {processor.py:914} INFO - Processing file /home/airflow/.local/lib/python3.12/site-packages/airflow/example_dags/example_python_decorator.py for tasks to queue
[2025-01-01T10:16:27.038+0000] {logging_mixin.py:190} INFO - [2025-01-01T10:16:27.038+0000] {dagbag.py:588} INFO - Filling up the DagBag from /home/airflow/.local/lib/python3.12/site-packages/airflow/example_dags/example_python_decorator.py
[2025-01-01T10:16:27.055+0000] {processor.py:925} INFO - DAG(s) 'example_python_decorator' retrieved from /home/airflow/.local/lib/python3.12/site-packages/airflow/example_dags/example_python_decorator.py
[2025-01-01T10:16:27.093+0000] {logging_mixin.py:190} INFO - [2025-01-01T10:16:27.092+0000] {dag.py:3239} INFO - Sync 1 DAGs
[2025-01-01T10:16:27.128+0000] {logging_mixin.py:190} INFO - [2025-01-01T10:16:27.128+0000] {dag.py:4180} INFO - Setting next_dagrun for example_python_decorator to None, run_after=None
[2025-01-01T10:16:27.281+0000] {processor.py:208} INFO - Processing /home/airflow/.local/lib/python3.12/site-packages/airflow/example_dags/example_python_decorator.py took 0.255 seconds
[2025-01-01T10:16:57.383+0000] {processor.py:186} INFO - Started process (PID=594) to work on /home/airflow/.local/lib/python3.12/site-packages/airflow/example_dags/example_python_decorator.py
[2025-01-01T10:16:57.385+0000] {processor.py:914} INFO - Processing file /home/airflow/.local/lib/python3.12/site-packages/airflow/example_dags/example_python_decorator.py for tasks to queue
[2025-01-01T10:16:57.389+0000] {logging_mixin.py:190} INFO - [2025-01-01T10:16:57.388+0000] {dagbag.py:588} INFO - Filling up the DagBag from /home/airflow/.local/lib/python3.12/site-packages/airflow/example_dags/example_python_decorator.py
[2025-01-01T10:16:57.408+0000] {processor.py:925} INFO - DAG(s) 'example_python_decorator' retrieved from /home/airflow/.local/lib/python3.12/site-packages/airflow/example_dags/example_python_decorator.py
[2025-01-01T10:16:57.441+0000] {logging_mixin.py:190} INFO - [2025-01-01T10:16:57.441+0000] {dag.py:3239} INFO - Sync 1 DAGs
[2025-01-01T10:16:57.459+0000] {logging_mixin.py:190} INFO - [2025-01-01T10:16:57.458+0000] {dag.py:4180} INFO - Setting next_dagrun for example_python_decorator to None, run_after=None
[2025-01-01T10:16:57.503+0000] {processor.py:208} INFO - Processing /home/airflow/.local/lib/python3.12/site-packages/airflow/example_dags/example_python_decorator.py took 0.129 seconds
[2025-01-01T10:17:27.604+0000] {processor.py:186} INFO - Started process (PID=657) to work on /home/airflow/.local/lib/python3.12/site-packages/airflow/example_dags/example_python_decorator.py
[2025-01-01T10:17:27.606+0000] {processor.py:914} INFO - Processing file /home/airflow/.local/lib/python3.12/site-packages/airflow/example_dags/example_python_decorator.py for tasks to queue
[2025-01-01T10:17:27.609+0000] {logging_mixin.py:190} INFO - [2025-01-01T10:17:27.609+0000] {dagbag.py:588} INFO - Filling up the DagBag from /home/airflow/.local/lib/python3.12/site-packages/airflow/example_dags/example_python_decorator.py
[2025-01-01T10:17:27.625+0000] {processor.py:925} INFO - DAG(s) 'example_python_decorator' retrieved from /home/airflow/.local/lib/python3.12/site-packages/airflow/example_dags/example_python_decorator.py
[2025-01-01T10:17:27.655+0000] {logging_mixin.py:190} INFO - [2025-01-01T10:17:27.655+0000] {dag.py:3239} INFO - Sync 1 DAGs
[2025-01-01T10:17:27.672+0000] {logging_mixin.py:190} INFO - [2025-01-01T10:17:27.672+0000] {dag.py:4180} INFO - Setting next_dagrun for example_python_decorator to None, run_after=None
[2025-01-01T10:17:27.700+0000] {processor.py:208} INFO - Processing /home/airflow/.local/lib/python3.12/site-packages/airflow/example_dags/example_python_decorator.py took 0.104 seconds
[2025-01-01T10:18:10.839+0000] {processor.py:186} INFO - Started process (PID=721) to work on /home/airflow/.local/lib/python3.12/site-packages/airflow/example_dags/example_python_decorator.py
[2025-01-01T10:18:10.844+0000] {processor.py:914} INFO - Processing file /home/airflow/.local/lib/python3.12/site-packages/airflow/example_dags/example_python_decorator.py for tasks to queue
[2025-01-01T10:18:10.857+0000] {logging_mixin.py:190} INFO - [2025-01-01T10:18:10.855+0000] {dagbag.py:588} INFO - Filling up the DagBag from /home/airflow/.local/lib/python3.12/site-packages/airflow/example_dags/example_python_decorator.py
[2025-01-01T10:18:10.988+0000] {processor.py:925} INFO - DAG(s) 'example_python_decorator' retrieved from /home/airflow/.local/lib/python3.12/site-packages/airflow/example_dags/example_python_decorator.py
[2025-01-01T10:18:11.120+0000] {logging_mixin.py:190} INFO - [2025-01-01T10:18:11.119+0000] {dag.py:3239} INFO - Sync 1 DAGs
[2025-01-01T10:18:11.196+0000] {logging_mixin.py:190} INFO - [2025-01-01T10:18:11.196+0000] {dag.py:4180} INFO - Setting next_dagrun for example_python_decorator to None, run_after=None
[2025-01-01T10:18:11.294+0000] {processor.py:208} INFO - Processing /home/airflow/.local/lib/python3.12/site-packages/airflow/example_dags/example_python_decorator.py took 0.488 seconds
[2025-01-01T10:18:42.126+0000] {processor.py:186} INFO - Started process (PID=782) to work on /home/airflow/.local/lib/python3.12/site-packages/airflow/example_dags/example_python_decorator.py
[2025-01-01T10:18:42.128+0000] {processor.py:914} INFO - Processing file /home/airflow/.local/lib/python3.12/site-packages/airflow/example_dags/example_python_decorator.py for tasks to queue
[2025-01-01T10:18:42.131+0000] {logging_mixin.py:190} INFO - [2025-01-01T10:18:42.131+0000] {dagbag.py:588} INFO - Filling up the DagBag from /home/airflow/.local/lib/python3.12/site-packages/airflow/example_dags/example_python_decorator.py
[2025-01-01T10:18:42.152+0000] {processor.py:925} INFO - DAG(s) 'example_python_decorator' retrieved from /home/airflow/.local/lib/python3.12/site-packages/airflow/example_dags/example_python_decorator.py
[2025-01-01T10:18:42.187+0000] {logging_mixin.py:190} INFO - [2025-01-01T10:18:42.187+0000] {dag.py:3239} INFO - Sync 1 DAGs
[2025-01-01T10:18:42.210+0000] {logging_mixin.py:190} INFO - [2025-01-01T10:18:42.209+0000] {dag.py:4180} INFO - Setting next_dagrun for example_python_decorator to None, run_after=None
[2025-01-01T10:18:42.241+0000] {processor.py:208} INFO - Processing /home/airflow/.local/lib/python3.12/site-packages/airflow/example_dags/example_python_decorator.py took 0.124 seconds
[2025-01-01T10:19:26.959+0000] {processor.py:186} INFO - Started process (PID=851) to work on /home/airflow/.local/lib/python3.12/site-packages/airflow/example_dags/example_python_decorator.py
[2025-01-01T10:19:26.973+0000] {processor.py:914} INFO - Processing file /home/airflow/.local/lib/python3.12/site-packages/airflow/example_dags/example_python_decorator.py for tasks to queue
[2025-01-01T10:19:26.998+0000] {logging_mixin.py:190} INFO - [2025-01-01T10:19:26.995+0000] {dagbag.py:588} INFO - Filling up the DagBag from /home/airflow/.local/lib/python3.12/site-packages/airflow/example_dags/example_python_decorator.py
[2025-01-01T10:19:27.186+0000] {processor.py:925} INFO - DAG(s) 'example_python_decorator' retrieved from /home/airflow/.local/lib/python3.12/site-packages/airflow/example_dags/example_python_decorator.py
[2025-01-01T10:19:27.534+0000] {logging_mixin.py:190} INFO - [2025-01-01T10:19:27.532+0000] {dag.py:3239} INFO - Sync 1 DAGs
[2025-01-01T10:19:27.661+0000] {logging_mixin.py:190} INFO - [2025-01-01T10:19:27.659+0000] {dag.py:4180} INFO - Setting next_dagrun for example_python_decorator to None, run_after=None
[2025-01-01T10:19:27.849+0000] {processor.py:208} INFO - Processing /home/airflow/.local/lib/python3.12/site-packages/airflow/example_dags/example_python_decorator.py took 1.022 seconds
[2025-01-01T10:19:58.055+0000] {processor.py:186} INFO - Started process (PID=914) to work on /home/airflow/.local/lib/python3.12/site-packages/airflow/example_dags/example_python_decorator.py
[2025-01-01T10:19:58.057+0000] {processor.py:914} INFO - Processing file /home/airflow/.local/lib/python3.12/site-packages/airflow/example_dags/example_python_decorator.py for tasks to queue
[2025-01-01T10:19:58.061+0000] {logging_mixin.py:190} INFO - [2025-01-01T10:19:58.060+0000] {dagbag.py:588} INFO - Filling up the DagBag from /home/airflow/.local/lib/python3.12/site-packages/airflow/example_dags/example_python_decorator.py
[2025-01-01T10:19:58.081+0000] {processor.py:925} INFO - DAG(s) 'example_python_decorator' retrieved from /home/airflow/.local/lib/python3.12/site-packages/airflow/example_dags/example_python_decorator.py
[2025-01-01T10:19:58.112+0000] {logging_mixin.py:190} INFO - [2025-01-01T10:19:58.111+0000] {dag.py:3239} INFO - Sync 1 DAGs
[2025-01-01T10:19:58.131+0000] {logging_mixin.py:190} INFO - [2025-01-01T10:19:58.131+0000] {dag.py:4180} INFO - Setting next_dagrun for example_python_decorator to None, run_after=None
[2025-01-01T10:19:58.163+0000] {processor.py:208} INFO - Processing /home/airflow/.local/lib/python3.12/site-packages/airflow/example_dags/example_python_decorator.py took 0.117 seconds
[2025-01-01T10:20:28.832+0000] {processor.py:186} INFO - Started process (PID=977) to work on /home/airflow/.local/lib/python3.12/site-packages/airflow/example_dags/example_python_decorator.py
[2025-01-01T10:20:28.835+0000] {processor.py:914} INFO - Processing file /home/airflow/.local/lib/python3.12/site-packages/airflow/example_dags/example_python_decorator.py for tasks to queue
[2025-01-01T10:20:28.842+0000] {logging_mixin.py:190} INFO - [2025-01-01T10:20:28.841+0000] {dagbag.py:588} INFO - Filling up the DagBag from /home/airflow/.local/lib/python3.12/site-packages/airflow/example_dags/example_python_decorator.py
[2025-01-01T10:20:28.885+0000] {processor.py:925} INFO - DAG(s) 'example_python_decorator' retrieved from /home/airflow/.local/lib/python3.12/site-packages/airflow/example_dags/example_python_decorator.py
[2025-01-01T10:20:28.943+0000] {logging_mixin.py:190} INFO - [2025-01-01T10:20:28.942+0000] {dag.py:3239} INFO - Sync 1 DAGs
[2025-01-01T10:20:28.985+0000] {logging_mixin.py:190} INFO - [2025-01-01T10:20:28.984+0000] {dag.py:4180} INFO - Setting next_dagrun for example_python_decorator to None, run_after=None
[2025-01-01T10:20:29.040+0000] {processor.py:208} INFO - Processing /home/airflow/.local/lib/python3.12/site-packages/airflow/example_dags/example_python_decorator.py took 0.228 seconds
[2025-01-01T10:20:59.122+0000] {processor.py:186} INFO - Started process (PID=1040) to work on /home/airflow/.local/lib/python3.12/site-packages/airflow/example_dags/example_python_decorator.py
[2025-01-01T10:20:59.123+0000] {processor.py:914} INFO - Processing file /home/airflow/.local/lib/python3.12/site-packages/airflow/example_dags/example_python_decorator.py for tasks to queue
[2025-01-01T10:20:59.127+0000] {logging_mixin.py:190} INFO - [2025-01-01T10:20:59.126+0000] {dagbag.py:588} INFO - Filling up the DagBag from /home/airflow/.local/lib/python3.12/site-packages/airflow/example_dags/example_python_decorator.py
[2025-01-01T10:20:59.145+0000] {processor.py:925} INFO - DAG(s) 'example_python_decorator' retrieved from /home/airflow/.local/lib/python3.12/site-packages/airflow/example_dags/example_python_decorator.py
[2025-01-01T10:20:59.176+0000] {logging_mixin.py:190} INFO - [2025-01-01T10:20:59.176+0000] {dag.py:3239} INFO - Sync 1 DAGs
[2025-01-01T10:20:59.194+0000] {logging_mixin.py:190} INFO - [2025-01-01T10:20:59.194+0000] {dag.py:4180} INFO - Setting next_dagrun for example_python_decorator to None, run_after=None
[2025-01-01T10:20:59.225+0000] {processor.py:208} INFO - Processing /home/airflow/.local/lib/python3.12/site-packages/airflow/example_dags/example_python_decorator.py took 0.112 seconds
[2025-01-01T10:21:30.596+0000] {processor.py:186} INFO - Started process (PID=1104) to work on /home/airflow/.local/lib/python3.12/site-packages/airflow/example_dags/example_python_decorator.py
[2025-01-01T10:21:30.599+0000] {processor.py:914} INFO - Processing file /home/airflow/.local/lib/python3.12/site-packages/airflow/example_dags/example_python_decorator.py for tasks to queue
[2025-01-01T10:21:30.606+0000] {logging_mixin.py:190} INFO - [2025-01-01T10:21:30.605+0000] {dagbag.py:588} INFO - Filling up the DagBag from /home/airflow/.local/lib/python3.12/site-packages/airflow/example_dags/example_python_decorator.py
[2025-01-01T10:21:30.644+0000] {processor.py:925} INFO - DAG(s) 'example_python_decorator' retrieved from /home/airflow/.local/lib/python3.12/site-packages/airflow/example_dags/example_python_decorator.py
[2025-01-01T10:21:30.698+0000] {logging_mixin.py:190} INFO - [2025-01-01T10:21:30.697+0000] {dag.py:3239} INFO - Sync 1 DAGs
[2025-01-01T10:21:30.734+0000] {logging_mixin.py:190} INFO - [2025-01-01T10:21:30.733+0000] {dag.py:4180} INFO - Setting next_dagrun for example_python_decorator to None, run_after=None
[2025-01-01T10:21:30.789+0000] {processor.py:208} INFO - Processing /home/airflow/.local/lib/python3.12/site-packages/airflow/example_dags/example_python_decorator.py took 0.208 seconds
[2025-01-01T10:22:00.905+0000] {processor.py:186} INFO - Started process (PID=1166) to work on /home/airflow/.local/lib/python3.12/site-packages/airflow/example_dags/example_python_decorator.py
[2025-01-01T10:22:00.907+0000] {processor.py:914} INFO - Processing file /home/airflow/.local/lib/python3.12/site-packages/airflow/example_dags/example_python_decorator.py for tasks to queue
[2025-01-01T10:22:00.909+0000] {logging_mixin.py:190} INFO - [2025-01-01T10:22:00.909+0000] {dagbag.py:588} INFO - Filling up the DagBag from /home/airflow/.local/lib/python3.12/site-packages/airflow/example_dags/example_python_decorator.py
[2025-01-01T10:22:00.927+0000] {processor.py:925} INFO - DAG(s) 'example_python_decorator' retrieved from /home/airflow/.local/lib/python3.12/site-packages/airflow/example_dags/example_python_decorator.py
[2025-01-01T10:22:00.957+0000] {logging_mixin.py:190} INFO - [2025-01-01T10:22:00.957+0000] {dag.py:3239} INFO - Sync 1 DAGs
[2025-01-01T10:22:00.978+0000] {logging_mixin.py:190} INFO - [2025-01-01T10:22:00.978+0000] {dag.py:4180} INFO - Setting next_dagrun for example_python_decorator to None, run_after=None
[2025-01-01T10:22:01.011+0000] {processor.py:208} INFO - Processing /home/airflow/.local/lib/python3.12/site-packages/airflow/example_dags/example_python_decorator.py took 0.114 seconds
[2025-01-01T10:22:31.568+0000] {processor.py:186} INFO - Started process (PID=1228) to work on /home/airflow/.local/lib/python3.12/site-packages/airflow/example_dags/example_python_decorator.py
[2025-01-01T10:22:31.569+0000] {processor.py:914} INFO - Processing file /home/airflow/.local/lib/python3.12/site-packages/airflow/example_dags/example_python_decorator.py for tasks to queue
[2025-01-01T10:22:31.574+0000] {logging_mixin.py:190} INFO - [2025-01-01T10:22:31.573+0000] {dagbag.py:588} INFO - Filling up the DagBag from /home/airflow/.local/lib/python3.12/site-packages/airflow/example_dags/example_python_decorator.py
[2025-01-01T10:22:31.607+0000] {processor.py:925} INFO - DAG(s) 'example_python_decorator' retrieved from /home/airflow/.local/lib/python3.12/site-packages/airflow/example_dags/example_python_decorator.py
[2025-01-01T10:22:31.645+0000] {logging_mixin.py:190} INFO - [2025-01-01T10:22:31.644+0000] {dag.py:3239} INFO - Sync 1 DAGs
[2025-01-01T10:22:31.670+0000] {logging_mixin.py:190} INFO - [2025-01-01T10:22:31.669+0000] {dag.py:4180} INFO - Setting next_dagrun for example_python_decorator to None, run_after=None
[2025-01-01T10:22:31.707+0000] {processor.py:208} INFO - Processing /home/airflow/.local/lib/python3.12/site-packages/airflow/example_dags/example_python_decorator.py took 0.152 seconds
[2025-01-01T10:23:02.087+0000] {processor.py:186} INFO - Started process (PID=1291) to work on /home/airflow/.local/lib/python3.12/site-packages/airflow/example_dags/example_python_decorator.py
[2025-01-01T10:23:02.088+0000] {processor.py:914} INFO - Processing file /home/airflow/.local/lib/python3.12/site-packages/airflow/example_dags/example_python_decorator.py for tasks to queue
[2025-01-01T10:23:02.092+0000] {logging_mixin.py:190} INFO - [2025-01-01T10:23:02.091+0000] {dagbag.py:588} INFO - Filling up the DagBag from /home/airflow/.local/lib/python3.12/site-packages/airflow/example_dags/example_python_decorator.py
[2025-01-01T10:23:02.107+0000] {processor.py:925} INFO - DAG(s) 'example_python_decorator' retrieved from /home/airflow/.local/lib/python3.12/site-packages/airflow/example_dags/example_python_decorator.py
[2025-01-01T10:23:02.137+0000] {logging_mixin.py:190} INFO - [2025-01-01T10:23:02.137+0000] {dag.py:3239} INFO - Sync 1 DAGs
[2025-01-01T10:23:02.154+0000] {logging_mixin.py:190} INFO - [2025-01-01T10:23:02.154+0000] {dag.py:4180} INFO - Setting next_dagrun for example_python_decorator to None, run_after=None
[2025-01-01T10:23:02.186+0000] {processor.py:208} INFO - Processing /home/airflow/.local/lib/python3.12/site-packages/airflow/example_dags/example_python_decorator.py took 0.107 seconds
[2025-01-01T10:23:33.522+0000] {processor.py:186} INFO - Started process (PID=1353) to work on /home/airflow/.local/lib/python3.12/site-packages/airflow/example_dags/example_python_decorator.py
[2025-01-01T10:23:33.528+0000] {processor.py:914} INFO - Processing file /home/airflow/.local/lib/python3.12/site-packages/airflow/example_dags/example_python_decorator.py for tasks to queue
[2025-01-01T10:23:33.538+0000] {logging_mixin.py:190} INFO - [2025-01-01T10:23:33.536+0000] {dagbag.py:588} INFO - Filling up the DagBag from /home/airflow/.local/lib/python3.12/site-packages/airflow/example_dags/example_python_decorator.py
[2025-01-01T10:23:33.615+0000] {processor.py:925} INFO - DAG(s) 'example_python_decorator' retrieved from /home/airflow/.local/lib/python3.12/site-packages/airflow/example_dags/example_python_decorator.py
[2025-01-01T10:23:33.733+0000] {logging_mixin.py:190} INFO - [2025-01-01T10:23:33.731+0000] {dag.py:3239} INFO - Sync 1 DAGs
[2025-01-01T10:23:33.794+0000] {logging_mixin.py:190} INFO - [2025-01-01T10:23:33.793+0000] {dag.py:4180} INFO - Setting next_dagrun for example_python_decorator to None, run_after=None
[2025-01-01T10:23:33.877+0000] {processor.py:208} INFO - Processing /home/airflow/.local/lib/python3.12/site-packages/airflow/example_dags/example_python_decorator.py took 0.388 seconds
[2025-01-01T10:24:04.143+0000] {processor.py:186} INFO - Started process (PID=1414) to work on /home/airflow/.local/lib/python3.12/site-packages/airflow/example_dags/example_python_decorator.py
[2025-01-01T10:24:04.145+0000] {processor.py:914} INFO - Processing file /home/airflow/.local/lib/python3.12/site-packages/airflow/example_dags/example_python_decorator.py for tasks to queue
[2025-01-01T10:24:04.149+0000] {logging_mixin.py:190} INFO - [2025-01-01T10:24:04.149+0000] {dagbag.py:588} INFO - Filling up the DagBag from /home/airflow/.local/lib/python3.12/site-packages/airflow/example_dags/example_python_decorator.py
[2025-01-01T10:24:04.177+0000] {processor.py:925} INFO - DAG(s) 'example_python_decorator' retrieved from /home/airflow/.local/lib/python3.12/site-packages/airflow/example_dags/example_python_decorator.py
[2025-01-01T10:24:04.215+0000] {logging_mixin.py:190} INFO - [2025-01-01T10:24:04.215+0000] {dag.py:3239} INFO - Sync 1 DAGs
[2025-01-01T10:24:04.242+0000] {logging_mixin.py:190} INFO - [2025-01-01T10:24:04.242+0000] {dag.py:4180} INFO - Setting next_dagrun for example_python_decorator to None, run_after=None
[2025-01-01T10:24:04.281+0000] {processor.py:208} INFO - Processing /home/airflow/.local/lib/python3.12/site-packages/airflow/example_dags/example_python_decorator.py took 0.148 seconds
[2025-01-01T10:24:39.693+0000] {processor.py:186} INFO - Started process (PID=1477) to work on /home/airflow/.local/lib/python3.12/site-packages/airflow/example_dags/example_python_decorator.py
[2025-01-01T10:24:39.721+0000] {processor.py:914} INFO - Processing file /home/airflow/.local/lib/python3.12/site-packages/airflow/example_dags/example_python_decorator.py for tasks to queue
[2025-01-01T10:24:39.774+0000] {logging_mixin.py:190} INFO - [2025-01-01T10:24:39.772+0000] {dagbag.py:588} INFO - Filling up the DagBag from /home/airflow/.local/lib/python3.12/site-packages/airflow/example_dags/example_python_decorator.py
[2025-01-01T10:24:40.010+0000] {processor.py:925} INFO - DAG(s) 'example_python_decorator' retrieved from /home/airflow/.local/lib/python3.12/site-packages/airflow/example_dags/example_python_decorator.py
[2025-01-01T10:24:40.307+0000] {logging_mixin.py:190} INFO - [2025-01-01T10:24:40.304+0000] {dag.py:3239} INFO - Sync 1 DAGs
[2025-01-01T10:24:40.542+0000] {logging_mixin.py:190} INFO - [2025-01-01T10:24:40.540+0000] {dag.py:4180} INFO - Setting next_dagrun for example_python_decorator to None, run_after=None
[2025-01-01T10:24:40.770+0000] {processor.py:208} INFO - Processing /home/airflow/.local/lib/python3.12/site-packages/airflow/example_dags/example_python_decorator.py took 1.196 seconds
[2025-01-01T10:25:30.722+0000] {processor.py:186} INFO - Started process (PID=1552) to work on /home/airflow/.local/lib/python3.12/site-packages/airflow/example_dags/example_python_decorator.py
[2025-01-01T10:25:30.732+0000] {processor.py:914} INFO - Processing file /home/airflow/.local/lib/python3.12/site-packages/airflow/example_dags/example_python_decorator.py for tasks to queue
[2025-01-01T10:25:30.756+0000] {logging_mixin.py:190} INFO - [2025-01-01T10:25:30.753+0000] {dagbag.py:588} INFO - Filling up the DagBag from /home/airflow/.local/lib/python3.12/site-packages/airflow/example_dags/example_python_decorator.py
[2025-01-01T10:25:30.884+0000] {processor.py:925} INFO - DAG(s) 'example_python_decorator' retrieved from /home/airflow/.local/lib/python3.12/site-packages/airflow/example_dags/example_python_decorator.py
[2025-01-01T10:25:31.103+0000] {logging_mixin.py:190} INFO - [2025-01-01T10:25:31.101+0000] {dag.py:3239} INFO - Sync 1 DAGs
[2025-01-01T10:25:31.259+0000] {logging_mixin.py:190} INFO - [2025-01-01T10:25:31.258+0000] {dag.py:4180} INFO - Setting next_dagrun for example_python_decorator to None, run_after=None
[2025-01-01T10:25:31.467+0000] {processor.py:208} INFO - Processing /home/airflow/.local/lib/python3.12/site-packages/airflow/example_dags/example_python_decorator.py took 0.811 seconds
[2025-01-01T10:26:06.520+0000] {processor.py:186} INFO - Started process (PID=1614) to work on /home/airflow/.local/lib/python3.12/site-packages/airflow/example_dags/example_python_decorator.py
[2025-01-01T10:26:06.525+0000] {processor.py:914} INFO - Processing file /home/airflow/.local/lib/python3.12/site-packages/airflow/example_dags/example_python_decorator.py for tasks to queue
[2025-01-01T10:26:06.536+0000] {logging_mixin.py:190} INFO - [2025-01-01T10:26:06.534+0000] {dagbag.py:588} INFO - Filling up the DagBag from /home/airflow/.local/lib/python3.12/site-packages/airflow/example_dags/example_python_decorator.py
[2025-01-01T10:26:06.612+0000] {processor.py:925} INFO - DAG(s) 'example_python_decorator' retrieved from /home/airflow/.local/lib/python3.12/site-packages/airflow/example_dags/example_python_decorator.py
[2025-01-01T10:26:06.709+0000] {logging_mixin.py:190} INFO - [2025-01-01T10:26:06.708+0000] {dag.py:3239} INFO - Sync 1 DAGs
[2025-01-01T10:26:06.764+0000] {logging_mixin.py:190} INFO - [2025-01-01T10:26:06.764+0000] {dag.py:4180} INFO - Setting next_dagrun for example_python_decorator to None, run_after=None
[2025-01-01T10:26:06.829+0000] {processor.py:208} INFO - Processing /home/airflow/.local/lib/python3.12/site-packages/airflow/example_dags/example_python_decorator.py took 0.335 seconds
[2025-01-01T10:26:37.068+0000] {processor.py:186} INFO - Started process (PID=1678) to work on /home/airflow/.local/lib/python3.12/site-packages/airflow/example_dags/example_python_decorator.py
[2025-01-01T10:26:37.070+0000] {processor.py:914} INFO - Processing file /home/airflow/.local/lib/python3.12/site-packages/airflow/example_dags/example_python_decorator.py for tasks to queue
[2025-01-01T10:26:37.077+0000] {logging_mixin.py:190} INFO - [2025-01-01T10:26:37.077+0000] {dagbag.py:588} INFO - Filling up the DagBag from /home/airflow/.local/lib/python3.12/site-packages/airflow/example_dags/example_python_decorator.py
[2025-01-01T10:26:37.112+0000] {processor.py:925} INFO - DAG(s) 'example_python_decorator' retrieved from /home/airflow/.local/lib/python3.12/site-packages/airflow/example_dags/example_python_decorator.py
[2025-01-01T10:26:37.161+0000] {logging_mixin.py:190} INFO - [2025-01-01T10:26:37.161+0000] {dag.py:3239} INFO - Sync 1 DAGs
[2025-01-01T10:26:37.193+0000] {logging_mixin.py:190} INFO - [2025-01-01T10:26:37.192+0000] {dag.py:4180} INFO - Setting next_dagrun for example_python_decorator to None, run_after=None
[2025-01-01T10:26:37.238+0000] {processor.py:208} INFO - Processing /home/airflow/.local/lib/python3.12/site-packages/airflow/example_dags/example_python_decorator.py took 0.184 seconds
[2025-01-01T10:27:07.513+0000] {processor.py:186} INFO - Started process (PID=1741) to work on /home/airflow/.local/lib/python3.12/site-packages/airflow/example_dags/example_python_decorator.py
[2025-01-01T10:27:07.515+0000] {processor.py:914} INFO - Processing file /home/airflow/.local/lib/python3.12/site-packages/airflow/example_dags/example_python_decorator.py for tasks to queue
[2025-01-01T10:27:07.521+0000] {logging_mixin.py:190} INFO - [2025-01-01T10:27:07.520+0000] {dagbag.py:588} INFO - Filling up the DagBag from /home/airflow/.local/lib/python3.12/site-packages/airflow/example_dags/example_python_decorator.py
[2025-01-01T10:27:07.557+0000] {processor.py:925} INFO - DAG(s) 'example_python_decorator' retrieved from /home/airflow/.local/lib/python3.12/site-packages/airflow/example_dags/example_python_decorator.py
[2025-01-01T10:27:07.605+0000] {logging_mixin.py:190} INFO - [2025-01-01T10:27:07.604+0000] {dag.py:3239} INFO - Sync 1 DAGs
[2025-01-01T10:27:07.643+0000] {logging_mixin.py:190} INFO - [2025-01-01T10:27:07.643+0000] {dag.py:4180} INFO - Setting next_dagrun for example_python_decorator to None, run_after=None
[2025-01-01T10:27:07.690+0000] {processor.py:208} INFO - Processing /home/airflow/.local/lib/python3.12/site-packages/airflow/example_dags/example_python_decorator.py took 0.190 seconds
[2025-01-01T10:27:40.591+0000] {processor.py:186} INFO - Started process (PID=1804) to work on /home/airflow/.local/lib/python3.12/site-packages/airflow/example_dags/example_python_decorator.py
[2025-01-01T10:27:40.594+0000] {processor.py:914} INFO - Processing file /home/airflow/.local/lib/python3.12/site-packages/airflow/example_dags/example_python_decorator.py for tasks to queue
[2025-01-01T10:27:40.601+0000] {logging_mixin.py:190} INFO - [2025-01-01T10:27:40.600+0000] {dagbag.py:588} INFO - Filling up the DagBag from /home/airflow/.local/lib/python3.12/site-packages/airflow/example_dags/example_python_decorator.py
[2025-01-01T10:27:40.651+0000] {processor.py:925} INFO - DAG(s) 'example_python_decorator' retrieved from /home/airflow/.local/lib/python3.12/site-packages/airflow/example_dags/example_python_decorator.py
[2025-01-01T10:27:40.781+0000] {logging_mixin.py:190} INFO - [2025-01-01T10:27:40.780+0000] {dag.py:3239} INFO - Sync 1 DAGs
[2025-01-01T10:27:40.943+0000] {logging_mixin.py:190} INFO - [2025-01-01T10:27:40.942+0000] {dag.py:4180} INFO - Setting next_dagrun for example_python_decorator to None, run_after=None
[2025-01-01T10:27:41.061+0000] {processor.py:208} INFO - Processing /home/airflow/.local/lib/python3.12/site-packages/airflow/example_dags/example_python_decorator.py took 0.488 seconds
[2025-01-01T10:28:14.532+0000] {processor.py:186} INFO - Started process (PID=1867) to work on /home/airflow/.local/lib/python3.12/site-packages/airflow/example_dags/example_python_decorator.py
[2025-01-01T10:28:14.537+0000] {processor.py:914} INFO - Processing file /home/airflow/.local/lib/python3.12/site-packages/airflow/example_dags/example_python_decorator.py for tasks to queue
[2025-01-01T10:28:14.546+0000] {logging_mixin.py:190} INFO - [2025-01-01T10:28:14.545+0000] {dagbag.py:588} INFO - Filling up the DagBag from /home/airflow/.local/lib/python3.12/site-packages/airflow/example_dags/example_python_decorator.py
[2025-01-01T10:28:14.618+0000] {processor.py:925} INFO - DAG(s) 'example_python_decorator' retrieved from /home/airflow/.local/lib/python3.12/site-packages/airflow/example_dags/example_python_decorator.py
[2025-01-01T10:28:14.711+0000] {logging_mixin.py:190} INFO - [2025-01-01T10:28:14.709+0000] {dag.py:3239} INFO - Sync 1 DAGs
[2025-01-01T10:28:14.768+0000] {logging_mixin.py:190} INFO - [2025-01-01T10:28:14.767+0000] {dag.py:4180} INFO - Setting next_dagrun for example_python_decorator to None, run_after=None
[2025-01-01T10:28:14.833+0000] {processor.py:208} INFO - Processing /home/airflow/.local/lib/python3.12/site-packages/airflow/example_dags/example_python_decorator.py took 0.330 seconds
[2025-01-01T10:28:58.921+0000] {processor.py:186} INFO - Started process (PID=1925) to work on /home/airflow/.local/lib/python3.12/site-packages/airflow/example_dags/example_python_decorator.py
[2025-01-01T10:28:58.928+0000] {processor.py:914} INFO - Processing file /home/airflow/.local/lib/python3.12/site-packages/airflow/example_dags/example_python_decorator.py for tasks to queue
[2025-01-01T10:28:58.972+0000] {logging_mixin.py:190} INFO - [2025-01-01T10:28:58.967+0000] {dagbag.py:588} INFO - Filling up the DagBag from /home/airflow/.local/lib/python3.12/site-packages/airflow/example_dags/example_python_decorator.py
[2025-01-01T10:28:59.323+0000] {processor.py:925} INFO - DAG(s) 'example_python_decorator' retrieved from /home/airflow/.local/lib/python3.12/site-packages/airflow/example_dags/example_python_decorator.py
[2025-01-01T10:28:59.699+0000] {logging_mixin.py:190} INFO - [2025-01-01T10:28:59.698+0000] {dag.py:3239} INFO - Sync 1 DAGs
[2025-01-01T10:29:00.210+0000] {logging_mixin.py:190} INFO - [2025-01-01T10:29:00.208+0000] {dag.py:4180} INFO - Setting next_dagrun for example_python_decorator to None, run_after=None
[2025-01-01T10:29:01.000+0000] {processor.py:208} INFO - Processing /home/airflow/.local/lib/python3.12/site-packages/airflow/example_dags/example_python_decorator.py took 2.218 seconds
[2025-01-01T10:29:33.013+0000] {processor.py:186} INFO - Started process (PID=1992) to work on /home/airflow/.local/lib/python3.12/site-packages/airflow/example_dags/example_python_decorator.py
[2025-01-01T10:29:33.016+0000] {processor.py:914} INFO - Processing file /home/airflow/.local/lib/python3.12/site-packages/airflow/example_dags/example_python_decorator.py for tasks to queue
[2025-01-01T10:29:33.022+0000] {logging_mixin.py:190} INFO - [2025-01-01T10:29:33.021+0000] {dagbag.py:588} INFO - Filling up the DagBag from /home/airflow/.local/lib/python3.12/site-packages/airflow/example_dags/example_python_decorator.py
[2025-01-01T10:29:33.059+0000] {processor.py:925} INFO - DAG(s) 'example_python_decorator' retrieved from /home/airflow/.local/lib/python3.12/site-packages/airflow/example_dags/example_python_decorator.py
[2025-01-01T10:29:33.115+0000] {logging_mixin.py:190} INFO - [2025-01-01T10:29:33.114+0000] {dag.py:3239} INFO - Sync 1 DAGs
[2025-01-01T10:29:33.154+0000] {logging_mixin.py:190} INFO - [2025-01-01T10:29:33.154+0000] {dag.py:4180} INFO - Setting next_dagrun for example_python_decorator to None, run_after=None
[2025-01-01T10:29:33.204+0000] {processor.py:208} INFO - Processing /home/airflow/.local/lib/python3.12/site-packages/airflow/example_dags/example_python_decorator.py took 0.212 seconds
[2025-01-01T10:30:13.046+0000] {processor.py:186} INFO - Started process (PID=2050) to work on /home/airflow/.local/lib/python3.12/site-packages/airflow/example_dags/example_python_decorator.py
[2025-01-01T10:30:13.052+0000] {processor.py:914} INFO - Processing file /home/airflow/.local/lib/python3.12/site-packages/airflow/example_dags/example_python_decorator.py for tasks to queue
[2025-01-01T10:30:13.075+0000] {logging_mixin.py:190} INFO - [2025-01-01T10:30:13.073+0000] {dagbag.py:588} INFO - Filling up the DagBag from /home/airflow/.local/lib/python3.12/site-packages/airflow/example_dags/example_python_decorator.py
[2025-01-01T10:30:13.279+0000] {processor.py:925} INFO - DAG(s) 'example_python_decorator' retrieved from /home/airflow/.local/lib/python3.12/site-packages/airflow/example_dags/example_python_decorator.py
[2025-01-01T10:30:13.458+0000] {logging_mixin.py:190} INFO - [2025-01-01T10:30:13.457+0000] {dag.py:3239} INFO - Sync 1 DAGs
[2025-01-01T10:30:13.584+0000] {logging_mixin.py:190} INFO - [2025-01-01T10:30:13.583+0000] {dag.py:4180} INFO - Setting next_dagrun for example_python_decorator to None, run_after=None
[2025-01-01T10:30:13.773+0000] {processor.py:208} INFO - Processing /home/airflow/.local/lib/python3.12/site-packages/airflow/example_dags/example_python_decorator.py took 0.792 seconds
[2025-01-01T10:30:48.482+0000] {processor.py:186} INFO - Started process (PID=2114) to work on /home/airflow/.local/lib/python3.12/site-packages/airflow/example_dags/example_python_decorator.py
[2025-01-01T10:30:48.486+0000] {processor.py:914} INFO - Processing file /home/airflow/.local/lib/python3.12/site-packages/airflow/example_dags/example_python_decorator.py for tasks to queue
[2025-01-01T10:30:48.499+0000] {logging_mixin.py:190} INFO - [2025-01-01T10:30:48.497+0000] {dagbag.py:588} INFO - Filling up the DagBag from /home/airflow/.local/lib/python3.12/site-packages/airflow/example_dags/example_python_decorator.py
[2025-01-01T10:30:48.557+0000] {processor.py:925} INFO - DAG(s) 'example_python_decorator' retrieved from /home/airflow/.local/lib/python3.12/site-packages/airflow/example_dags/example_python_decorator.py
[2025-01-01T10:30:48.646+0000] {logging_mixin.py:190} INFO - [2025-01-01T10:30:48.645+0000] {dag.py:3239} INFO - Sync 1 DAGs
[2025-01-01T10:30:48.704+0000] {logging_mixin.py:190} INFO - [2025-01-01T10:30:48.703+0000] {dag.py:4180} INFO - Setting next_dagrun for example_python_decorator to None, run_after=None
[2025-01-01T10:30:48.779+0000] {processor.py:208} INFO - Processing /home/airflow/.local/lib/python3.12/site-packages/airflow/example_dags/example_python_decorator.py took 0.321 seconds
[2025-01-01T10:31:26.437+0000] {processor.py:186} INFO - Started process (PID=2177) to work on /home/airflow/.local/lib/python3.12/site-packages/airflow/example_dags/example_python_decorator.py
[2025-01-01T10:31:26.444+0000] {processor.py:914} INFO - Processing file /home/airflow/.local/lib/python3.12/site-packages/airflow/example_dags/example_python_decorator.py for tasks to queue
[2025-01-01T10:31:26.462+0000] {logging_mixin.py:190} INFO - [2025-01-01T10:31:26.459+0000] {dagbag.py:588} INFO - Filling up the DagBag from /home/airflow/.local/lib/python3.12/site-packages/airflow/example_dags/example_python_decorator.py
[2025-01-01T10:31:26.596+0000] {processor.py:925} INFO - DAG(s) 'example_python_decorator' retrieved from /home/airflow/.local/lib/python3.12/site-packages/airflow/example_dags/example_python_decorator.py
[2025-01-01T10:31:26.827+0000] {logging_mixin.py:190} INFO - [2025-01-01T10:31:26.826+0000] {dag.py:3239} INFO - Sync 1 DAGs
[2025-01-01T10:31:26.928+0000] {logging_mixin.py:190} INFO - [2025-01-01T10:31:26.927+0000] {dag.py:4180} INFO - Setting next_dagrun for example_python_decorator to None, run_after=None
[2025-01-01T10:31:27.056+0000] {processor.py:208} INFO - Processing /home/airflow/.local/lib/python3.12/site-packages/airflow/example_dags/example_python_decorator.py took 0.667 seconds
[2025-01-01T10:31:57.215+0000] {processor.py:186} INFO - Started process (PID=2240) to work on /home/airflow/.local/lib/python3.12/site-packages/airflow/example_dags/example_python_decorator.py
[2025-01-01T10:31:57.217+0000] {processor.py:914} INFO - Processing file /home/airflow/.local/lib/python3.12/site-packages/airflow/example_dags/example_python_decorator.py for tasks to queue
[2025-01-01T10:31:57.225+0000] {logging_mixin.py:190} INFO - [2025-01-01T10:31:57.223+0000] {dagbag.py:588} INFO - Filling up the DagBag from /home/airflow/.local/lib/python3.12/site-packages/airflow/example_dags/example_python_decorator.py
[2025-01-01T10:31:57.264+0000] {processor.py:925} INFO - DAG(s) 'example_python_decorator' retrieved from /home/airflow/.local/lib/python3.12/site-packages/airflow/example_dags/example_python_decorator.py
[2025-01-01T10:31:57.315+0000] {logging_mixin.py:190} INFO - [2025-01-01T10:31:57.315+0000] {dag.py:3239} INFO - Sync 1 DAGs
[2025-01-01T10:31:57.335+0000] {logging_mixin.py:190} INFO - [2025-01-01T10:31:57.335+0000] {dag.py:4180} INFO - Setting next_dagrun for example_python_decorator to None, run_after=None
[2025-01-01T10:31:57.392+0000] {processor.py:208} INFO - Processing /home/airflow/.local/lib/python3.12/site-packages/airflow/example_dags/example_python_decorator.py took 0.198 seconds
[2025-01-01T10:32:27.830+0000] {processor.py:186} INFO - Started process (PID=2303) to work on /home/airflow/.local/lib/python3.12/site-packages/airflow/example_dags/example_python_decorator.py
[2025-01-01T10:32:27.832+0000] {processor.py:914} INFO - Processing file /home/airflow/.local/lib/python3.12/site-packages/airflow/example_dags/example_python_decorator.py for tasks to queue
[2025-01-01T10:32:27.836+0000] {logging_mixin.py:190} INFO - [2025-01-01T10:32:27.835+0000] {dagbag.py:588} INFO - Filling up the DagBag from /home/airflow/.local/lib/python3.12/site-packages/airflow/example_dags/example_python_decorator.py
[2025-01-01T10:32:27.859+0000] {processor.py:925} INFO - DAG(s) 'example_python_decorator' retrieved from /home/airflow/.local/lib/python3.12/site-packages/airflow/example_dags/example_python_decorator.py
[2025-01-01T10:32:27.893+0000] {logging_mixin.py:190} INFO - [2025-01-01T10:32:27.892+0000] {dag.py:3239} INFO - Sync 1 DAGs
[2025-01-01T10:32:27.914+0000] {logging_mixin.py:190} INFO - [2025-01-01T10:32:27.913+0000] {dag.py:4180} INFO - Setting next_dagrun for example_python_decorator to None, run_after=None
[2025-01-01T10:32:27.948+0000] {processor.py:208} INFO - Processing /home/airflow/.local/lib/python3.12/site-packages/airflow/example_dags/example_python_decorator.py took 0.127 seconds
[2025-01-01T10:32:58.857+0000] {processor.py:186} INFO - Started process (PID=2365) to work on /home/airflow/.local/lib/python3.12/site-packages/airflow/example_dags/example_python_decorator.py
[2025-01-01T10:32:58.860+0000] {processor.py:914} INFO - Processing file /home/airflow/.local/lib/python3.12/site-packages/airflow/example_dags/example_python_decorator.py for tasks to queue
[2025-01-01T10:32:58.868+0000] {logging_mixin.py:190} INFO - [2025-01-01T10:32:58.866+0000] {dagbag.py:588} INFO - Filling up the DagBag from /home/airflow/.local/lib/python3.12/site-packages/airflow/example_dags/example_python_decorator.py
[2025-01-01T10:32:58.905+0000] {processor.py:925} INFO - DAG(s) 'example_python_decorator' retrieved from /home/airflow/.local/lib/python3.12/site-packages/airflow/example_dags/example_python_decorator.py
[2025-01-01T10:32:58.954+0000] {logging_mixin.py:190} INFO - [2025-01-01T10:32:58.953+0000] {dag.py:3239} INFO - Sync 1 DAGs
[2025-01-01T10:32:58.991+0000] {logging_mixin.py:190} INFO - [2025-01-01T10:32:58.991+0000] {dag.py:4180} INFO - Setting next_dagrun for example_python_decorator to None, run_after=None
[2025-01-01T10:32:59.034+0000] {processor.py:208} INFO - Processing /home/airflow/.local/lib/python3.12/site-packages/airflow/example_dags/example_python_decorator.py took 0.195 seconds
[2025-01-01T10:33:29.883+0000] {processor.py:186} INFO - Started process (PID=2429) to work on /home/airflow/.local/lib/python3.12/site-packages/airflow/example_dags/example_python_decorator.py
[2025-01-01T10:33:29.884+0000] {processor.py:914} INFO - Processing file /home/airflow/.local/lib/python3.12/site-packages/airflow/example_dags/example_python_decorator.py for tasks to queue
[2025-01-01T10:33:29.888+0000] {logging_mixin.py:190} INFO - [2025-01-01T10:33:29.888+0000] {dagbag.py:588} INFO - Filling up the DagBag from /home/airflow/.local/lib/python3.12/site-packages/airflow/example_dags/example_python_decorator.py
[2025-01-01T10:33:29.915+0000] {processor.py:925} INFO - DAG(s) 'example_python_decorator' retrieved from /home/airflow/.local/lib/python3.12/site-packages/airflow/example_dags/example_python_decorator.py
[2025-01-01T10:33:29.974+0000] {logging_mixin.py:190} INFO - [2025-01-01T10:33:29.973+0000] {dag.py:3239} INFO - Sync 1 DAGs
[2025-01-01T10:33:30.006+0000] {logging_mixin.py:190} INFO - [2025-01-01T10:33:30.006+0000] {dag.py:4180} INFO - Setting next_dagrun for example_python_decorator to None, run_after=None
[2025-01-01T10:33:30.043+0000] {processor.py:208} INFO - Processing /home/airflow/.local/lib/python3.12/site-packages/airflow/example_dags/example_python_decorator.py took 0.170 seconds
[2025-01-01T10:34:00.138+0000] {processor.py:186} INFO - Started process (PID=2493) to work on /home/airflow/.local/lib/python3.12/site-packages/airflow/example_dags/example_python_decorator.py
[2025-01-01T10:34:00.139+0000] {processor.py:914} INFO - Processing file /home/airflow/.local/lib/python3.12/site-packages/airflow/example_dags/example_python_decorator.py for tasks to queue
[2025-01-01T10:34:00.144+0000] {logging_mixin.py:190} INFO - [2025-01-01T10:34:00.143+0000] {dagbag.py:588} INFO - Filling up the DagBag from /home/airflow/.local/lib/python3.12/site-packages/airflow/example_dags/example_python_decorator.py
[2025-01-01T10:34:00.174+0000] {processor.py:925} INFO - DAG(s) 'example_python_decorator' retrieved from /home/airflow/.local/lib/python3.12/site-packages/airflow/example_dags/example_python_decorator.py
[2025-01-01T10:34:00.207+0000] {logging_mixin.py:190} INFO - [2025-01-01T10:34:00.207+0000] {dag.py:3239} INFO - Sync 1 DAGs
[2025-01-01T10:34:00.229+0000] {logging_mixin.py:190} INFO - [2025-01-01T10:34:00.229+0000] {dag.py:4180} INFO - Setting next_dagrun for example_python_decorator to None, run_after=None
[2025-01-01T10:34:00.258+0000] {processor.py:208} INFO - Processing /home/airflow/.local/lib/python3.12/site-packages/airflow/example_dags/example_python_decorator.py took 0.128 seconds
[2025-01-01T10:34:30.403+0000] {processor.py:186} INFO - Started process (PID=2556) to work on /home/airflow/.local/lib/python3.12/site-packages/airflow/example_dags/example_python_decorator.py
[2025-01-01T10:34:30.405+0000] {processor.py:914} INFO - Processing file /home/airflow/.local/lib/python3.12/site-packages/airflow/example_dags/example_python_decorator.py for tasks to queue
[2025-01-01T10:34:30.411+0000] {logging_mixin.py:190} INFO - [2025-01-01T10:34:30.410+0000] {dagbag.py:588} INFO - Filling up the DagBag from /home/airflow/.local/lib/python3.12/site-packages/airflow/example_dags/example_python_decorator.py
[2025-01-01T10:34:30.439+0000] {processor.py:925} INFO - DAG(s) 'example_python_decorator' retrieved from /home/airflow/.local/lib/python3.12/site-packages/airflow/example_dags/example_python_decorator.py
[2025-01-01T10:34:30.479+0000] {logging_mixin.py:190} INFO - [2025-01-01T10:34:30.479+0000] {dag.py:3239} INFO - Sync 1 DAGs
[2025-01-01T10:34:30.508+0000] {logging_mixin.py:190} INFO - [2025-01-01T10:34:30.508+0000] {dag.py:4180} INFO - Setting next_dagrun for example_python_decorator to None, run_after=None
[2025-01-01T10:34:30.546+0000] {processor.py:208} INFO - Processing /home/airflow/.local/lib/python3.12/site-packages/airflow/example_dags/example_python_decorator.py took 0.153 seconds
[2025-01-01T10:35:04.840+0000] {processor.py:186} INFO - Started process (PID=2625) to work on /home/airflow/.local/lib/python3.12/site-packages/airflow/example_dags/example_python_decorator.py
[2025-01-01T10:35:04.842+0000] {processor.py:914} INFO - Processing file /home/airflow/.local/lib/python3.12/site-packages/airflow/example_dags/example_python_decorator.py for tasks to queue
[2025-01-01T10:35:04.848+0000] {logging_mixin.py:190} INFO - [2025-01-01T10:35:04.847+0000] {dagbag.py:588} INFO - Filling up the DagBag from /home/airflow/.local/lib/python3.12/site-packages/airflow/example_dags/example_python_decorator.py
[2025-01-01T10:35:04.895+0000] {processor.py:925} INFO - DAG(s) 'example_python_decorator' retrieved from /home/airflow/.local/lib/python3.12/site-packages/airflow/example_dags/example_python_decorator.py
[2025-01-01T10:35:05.075+0000] {logging_mixin.py:190} INFO - [2025-01-01T10:35:05.074+0000] {dag.py:3239} INFO - Sync 1 DAGs
[2025-01-01T10:35:05.197+0000] {logging_mixin.py:190} INFO - [2025-01-01T10:35:05.195+0000] {dag.py:4180} INFO - Setting next_dagrun for example_python_decorator to None, run_after=None
[2025-01-01T10:35:05.307+0000] {processor.py:208} INFO - Processing /home/airflow/.local/lib/python3.12/site-packages/airflow/example_dags/example_python_decorator.py took 0.480 seconds
[2025-01-01T10:35:35.660+0000] {processor.py:186} INFO - Started process (PID=2688) to work on /home/airflow/.local/lib/python3.12/site-packages/airflow/example_dags/example_python_decorator.py
[2025-01-01T10:35:35.666+0000] {processor.py:914} INFO - Processing file /home/airflow/.local/lib/python3.12/site-packages/airflow/example_dags/example_python_decorator.py for tasks to queue
[2025-01-01T10:35:35.684+0000] {logging_mixin.py:190} INFO - [2025-01-01T10:35:35.682+0000] {dagbag.py:588} INFO - Filling up the DagBag from /home/airflow/.local/lib/python3.12/site-packages/airflow/example_dags/example_python_decorator.py
[2025-01-01T10:35:35.785+0000] {processor.py:925} INFO - DAG(s) 'example_python_decorator' retrieved from /home/airflow/.local/lib/python3.12/site-packages/airflow/example_dags/example_python_decorator.py
[2025-01-01T10:35:35.939+0000] {logging_mixin.py:190} INFO - [2025-01-01T10:35:35.938+0000] {dag.py:3239} INFO - Sync 1 DAGs
[2025-01-01T10:35:36.061+0000] {logging_mixin.py:190} INFO - [2025-01-01T10:35:36.059+0000] {dag.py:4180} INFO - Setting next_dagrun for example_python_decorator to None, run_after=None
[2025-01-01T10:35:36.194+0000] {processor.py:208} INFO - Processing /home/airflow/.local/lib/python3.12/site-packages/airflow/example_dags/example_python_decorator.py took 0.581 seconds
[2025-01-01T10:36:06.533+0000] {processor.py:186} INFO - Started process (PID=2751) to work on /home/airflow/.local/lib/python3.12/site-packages/airflow/example_dags/example_python_decorator.py
[2025-01-01T10:36:06.536+0000] {processor.py:914} INFO - Processing file /home/airflow/.local/lib/python3.12/site-packages/airflow/example_dags/example_python_decorator.py for tasks to queue
[2025-01-01T10:36:06.542+0000] {logging_mixin.py:190} INFO - [2025-01-01T10:36:06.541+0000] {dagbag.py:588} INFO - Filling up the DagBag from /home/airflow/.local/lib/python3.12/site-packages/airflow/example_dags/example_python_decorator.py
[2025-01-01T10:36:06.581+0000] {processor.py:925} INFO - DAG(s) 'example_python_decorator' retrieved from /home/airflow/.local/lib/python3.12/site-packages/airflow/example_dags/example_python_decorator.py
[2025-01-01T10:36:06.638+0000] {logging_mixin.py:190} INFO - [2025-01-01T10:36:06.637+0000] {dag.py:3239} INFO - Sync 1 DAGs
[2025-01-01T10:36:06.682+0000] {logging_mixin.py:190} INFO - [2025-01-01T10:36:06.682+0000] {dag.py:4180} INFO - Setting next_dagrun for example_python_decorator to None, run_after=None
[2025-01-01T10:36:06.752+0000] {processor.py:208} INFO - Processing /home/airflow/.local/lib/python3.12/site-packages/airflow/example_dags/example_python_decorator.py took 0.235 seconds
[2025-01-01T10:36:40.071+0000] {processor.py:186} INFO - Started process (PID=2815) to work on /home/airflow/.local/lib/python3.12/site-packages/airflow/example_dags/example_python_decorator.py
[2025-01-01T10:36:40.076+0000] {processor.py:914} INFO - Processing file /home/airflow/.local/lib/python3.12/site-packages/airflow/example_dags/example_python_decorator.py for tasks to queue
[2025-01-01T10:36:40.087+0000] {logging_mixin.py:190} INFO - [2025-01-01T10:36:40.085+0000] {dagbag.py:588} INFO - Filling up the DagBag from /home/airflow/.local/lib/python3.12/site-packages/airflow/example_dags/example_python_decorator.py
[2025-01-01T10:36:40.157+0000] {processor.py:925} INFO - DAG(s) 'example_python_decorator' retrieved from /home/airflow/.local/lib/python3.12/site-packages/airflow/example_dags/example_python_decorator.py
[2025-01-01T10:36:40.247+0000] {logging_mixin.py:190} INFO - [2025-01-01T10:36:40.246+0000] {dag.py:3239} INFO - Sync 1 DAGs
[2025-01-01T10:36:40.309+0000] {logging_mixin.py:190} INFO - [2025-01-01T10:36:40.308+0000] {dag.py:4180} INFO - Setting next_dagrun for example_python_decorator to None, run_after=None
[2025-01-01T10:36:40.388+0000] {processor.py:208} INFO - Processing /home/airflow/.local/lib/python3.12/site-packages/airflow/example_dags/example_python_decorator.py took 0.344 seconds
[2025-01-01T10:37:10.565+0000] {processor.py:186} INFO - Started process (PID=2878) to work on /home/airflow/.local/lib/python3.12/site-packages/airflow/example_dags/example_python_decorator.py
[2025-01-01T10:37:10.566+0000] {processor.py:914} INFO - Processing file /home/airflow/.local/lib/python3.12/site-packages/airflow/example_dags/example_python_decorator.py for tasks to queue
[2025-01-01T10:37:10.571+0000] {logging_mixin.py:190} INFO - [2025-01-01T10:37:10.570+0000] {dagbag.py:588} INFO - Filling up the DagBag from /home/airflow/.local/lib/python3.12/site-packages/airflow/example_dags/example_python_decorator.py
[2025-01-01T10:37:10.589+0000] {processor.py:925} INFO - DAG(s) 'example_python_decorator' retrieved from /home/airflow/.local/lib/python3.12/site-packages/airflow/example_dags/example_python_decorator.py
[2025-01-01T10:37:10.618+0000] {logging_mixin.py:190} INFO - [2025-01-01T10:37:10.618+0000] {dag.py:3239} INFO - Sync 1 DAGs
[2025-01-01T10:37:10.639+0000] {logging_mixin.py:190} INFO - [2025-01-01T10:37:10.639+0000] {dag.py:4180} INFO - Setting next_dagrun for example_python_decorator to None, run_after=None
[2025-01-01T10:37:10.667+0000] {processor.py:208} INFO - Processing /home/airflow/.local/lib/python3.12/site-packages/airflow/example_dags/example_python_decorator.py took 0.111 seconds
[2025-01-01T10:37:41.465+0000] {processor.py:186} INFO - Started process (PID=2941) to work on /home/airflow/.local/lib/python3.12/site-packages/airflow/example_dags/example_python_decorator.py
[2025-01-01T10:37:41.467+0000] {processor.py:914} INFO - Processing file /home/airflow/.local/lib/python3.12/site-packages/airflow/example_dags/example_python_decorator.py for tasks to queue
[2025-01-01T10:37:41.471+0000] {logging_mixin.py:190} INFO - [2025-01-01T10:37:41.471+0000] {dagbag.py:588} INFO - Filling up the DagBag from /home/airflow/.local/lib/python3.12/site-packages/airflow/example_dags/example_python_decorator.py
[2025-01-01T10:37:41.501+0000] {processor.py:925} INFO - DAG(s) 'example_python_decorator' retrieved from /home/airflow/.local/lib/python3.12/site-packages/airflow/example_dags/example_python_decorator.py
[2025-01-01T10:37:41.534+0000] {logging_mixin.py:190} INFO - [2025-01-01T10:37:41.533+0000] {dag.py:3239} INFO - Sync 1 DAGs
[2025-01-01T10:37:41.555+0000] {logging_mixin.py:190} INFO - [2025-01-01T10:37:41.555+0000] {dag.py:4180} INFO - Setting next_dagrun for example_python_decorator to None, run_after=None
[2025-01-01T10:37:41.584+0000] {processor.py:208} INFO - Processing /home/airflow/.local/lib/python3.12/site-packages/airflow/example_dags/example_python_decorator.py took 0.129 seconds
[2025-01-01T10:38:11.979+0000] {processor.py:186} INFO - Started process (PID=3004) to work on /home/airflow/.local/lib/python3.12/site-packages/airflow/example_dags/example_python_decorator.py
[2025-01-01T10:38:11.980+0000] {processor.py:914} INFO - Processing file /home/airflow/.local/lib/python3.12/site-packages/airflow/example_dags/example_python_decorator.py for tasks to queue
[2025-01-01T10:38:11.982+0000] {logging_mixin.py:190} INFO - [2025-01-01T10:38:11.982+0000] {dagbag.py:588} INFO - Filling up the DagBag from /home/airflow/.local/lib/python3.12/site-packages/airflow/example_dags/example_python_decorator.py
[2025-01-01T10:38:11.998+0000] {processor.py:925} INFO - DAG(s) 'example_python_decorator' retrieved from /home/airflow/.local/lib/python3.12/site-packages/airflow/example_dags/example_python_decorator.py
[2025-01-01T10:38:12.019+0000] {logging_mixin.py:190} INFO - [2025-01-01T10:38:12.019+0000] {dag.py:3239} INFO - Sync 1 DAGs
[2025-01-01T10:38:12.033+0000] {logging_mixin.py:190} INFO - [2025-01-01T10:38:12.032+0000] {dag.py:4180} INFO - Setting next_dagrun for example_python_decorator to None, run_after=None
[2025-01-01T10:38:12.056+0000] {processor.py:208} INFO - Processing /home/airflow/.local/lib/python3.12/site-packages/airflow/example_dags/example_python_decorator.py took 0.085 seconds
[2025-01-01T10:38:43.034+0000] {processor.py:186} INFO - Started process (PID=3067) to work on /home/airflow/.local/lib/python3.12/site-packages/airflow/example_dags/example_python_decorator.py
[2025-01-01T10:38:43.036+0000] {processor.py:914} INFO - Processing file /home/airflow/.local/lib/python3.12/site-packages/airflow/example_dags/example_python_decorator.py for tasks to queue
[2025-01-01T10:38:43.042+0000] {logging_mixin.py:190} INFO - [2025-01-01T10:38:43.041+0000] {dagbag.py:588} INFO - Filling up the DagBag from /home/airflow/.local/lib/python3.12/site-packages/airflow/example_dags/example_python_decorator.py
[2025-01-01T10:38:43.077+0000] {processor.py:925} INFO - DAG(s) 'example_python_decorator' retrieved from /home/airflow/.local/lib/python3.12/site-packages/airflow/example_dags/example_python_decorator.py
[2025-01-01T10:38:43.126+0000] {logging_mixin.py:190} INFO - [2025-01-01T10:38:43.125+0000] {dag.py:3239} INFO - Sync 1 DAGs
[2025-01-01T10:38:43.202+0000] {logging_mixin.py:190} INFO - [2025-01-01T10:38:43.201+0000] {dag.py:4180} INFO - Setting next_dagrun for example_python_decorator to None, run_after=None
[2025-01-01T10:38:43.266+0000] {processor.py:208} INFO - Processing /home/airflow/.local/lib/python3.12/site-packages/airflow/example_dags/example_python_decorator.py took 0.250 seconds
[2025-01-01T10:39:14.502+0000] {processor.py:186} INFO - Started process (PID=3130) to work on /home/airflow/.local/lib/python3.12/site-packages/airflow/example_dags/example_python_decorator.py
[2025-01-01T10:39:14.504+0000] {processor.py:914} INFO - Processing file /home/airflow/.local/lib/python3.12/site-packages/airflow/example_dags/example_python_decorator.py for tasks to queue
[2025-01-01T10:39:14.510+0000] {logging_mixin.py:190} INFO - [2025-01-01T10:39:14.510+0000] {dagbag.py:588} INFO - Filling up the DagBag from /home/airflow/.local/lib/python3.12/site-packages/airflow/example_dags/example_python_decorator.py
[2025-01-01T10:39:14.548+0000] {processor.py:925} INFO - DAG(s) 'example_python_decorator' retrieved from /home/airflow/.local/lib/python3.12/site-packages/airflow/example_dags/example_python_decorator.py
[2025-01-01T10:39:14.609+0000] {logging_mixin.py:190} INFO - [2025-01-01T10:39:14.608+0000] {dag.py:3239} INFO - Sync 1 DAGs
[2025-01-01T10:39:14.646+0000] {logging_mixin.py:190} INFO - [2025-01-01T10:39:14.646+0000] {dag.py:4180} INFO - Setting next_dagrun for example_python_decorator to None, run_after=None
[2025-01-01T10:39:14.703+0000] {processor.py:208} INFO - Processing /home/airflow/.local/lib/python3.12/site-packages/airflow/example_dags/example_python_decorator.py took 0.218 seconds
[2025-01-01T10:40:18.333+0000] {processor.py:186} INFO - Started process (PID=3200) to work on /home/airflow/.local/lib/python3.12/site-packages/airflow/example_dags/example_python_decorator.py
[2025-01-01T10:40:18.337+0000] {processor.py:914} INFO - Processing file /home/airflow/.local/lib/python3.12/site-packages/airflow/example_dags/example_python_decorator.py for tasks to queue
[2025-01-01T10:40:18.347+0000] {logging_mixin.py:190} INFO - [2025-01-01T10:40:18.345+0000] {dagbag.py:588} INFO - Filling up the DagBag from /home/airflow/.local/lib/python3.12/site-packages/airflow/example_dags/example_python_decorator.py
[2025-01-01T10:40:18.407+0000] {processor.py:925} INFO - DAG(s) 'example_python_decorator' retrieved from /home/airflow/.local/lib/python3.12/site-packages/airflow/example_dags/example_python_decorator.py
[2025-01-01T10:40:18.487+0000] {logging_mixin.py:190} INFO - [2025-01-01T10:40:18.486+0000] {dag.py:3239} INFO - Sync 1 DAGs
[2025-01-01T10:40:18.538+0000] {logging_mixin.py:190} INFO - [2025-01-01T10:40:18.537+0000] {dag.py:4180} INFO - Setting next_dagrun for example_python_decorator to None, run_after=None
[2025-01-01T10:40:18.600+0000] {processor.py:208} INFO - Processing /home/airflow/.local/lib/python3.12/site-packages/airflow/example_dags/example_python_decorator.py took 0.288 seconds
[2025-01-01T10:40:49.114+0000] {processor.py:186} INFO - Started process (PID=3262) to work on /home/airflow/.local/lib/python3.12/site-packages/airflow/example_dags/example_python_decorator.py
[2025-01-01T10:40:49.116+0000] {processor.py:914} INFO - Processing file /home/airflow/.local/lib/python3.12/site-packages/airflow/example_dags/example_python_decorator.py for tasks to queue
[2025-01-01T10:40:49.121+0000] {logging_mixin.py:190} INFO - [2025-01-01T10:40:49.121+0000] {dagbag.py:588} INFO - Filling up the DagBag from /home/airflow/.local/lib/python3.12/site-packages/airflow/example_dags/example_python_decorator.py
[2025-01-01T10:40:49.149+0000] {processor.py:925} INFO - DAG(s) 'example_python_decorator' retrieved from /home/airflow/.local/lib/python3.12/site-packages/airflow/example_dags/example_python_decorator.py
[2025-01-01T10:40:49.480+0000] {logging_mixin.py:190} INFO - [2025-01-01T10:40:49.480+0000] {dag.py:3239} INFO - Sync 1 DAGs
[2025-01-01T10:40:49.506+0000] {logging_mixin.py:190} INFO - [2025-01-01T10:40:49.505+0000] {dag.py:4180} INFO - Setting next_dagrun for example_python_decorator to None, run_after=None
[2025-01-01T10:40:49.547+0000] {processor.py:208} INFO - Processing /home/airflow/.local/lib/python3.12/site-packages/airflow/example_dags/example_python_decorator.py took 0.443 seconds
[2025-01-01T10:41:20.820+0000] {processor.py:186} INFO - Started process (PID=3325) to work on /home/airflow/.local/lib/python3.12/site-packages/airflow/example_dags/example_python_decorator.py
[2025-01-01T10:41:20.825+0000] {processor.py:914} INFO - Processing file /home/airflow/.local/lib/python3.12/site-packages/airflow/example_dags/example_python_decorator.py for tasks to queue
[2025-01-01T10:41:20.841+0000] {logging_mixin.py:190} INFO - [2025-01-01T10:41:20.839+0000] {dagbag.py:588} INFO - Filling up the DagBag from /home/airflow/.local/lib/python3.12/site-packages/airflow/example_dags/example_python_decorator.py
[2025-01-01T10:41:20.923+0000] {processor.py:925} INFO - DAG(s) 'example_python_decorator' retrieved from /home/airflow/.local/lib/python3.12/site-packages/airflow/example_dags/example_python_decorator.py
[2025-01-01T10:41:21.044+0000] {logging_mixin.py:190} INFO - [2025-01-01T10:41:21.042+0000] {dag.py:3239} INFO - Sync 1 DAGs
[2025-01-01T10:41:21.128+0000] {logging_mixin.py:190} INFO - [2025-01-01T10:41:21.127+0000] {dag.py:4180} INFO - Setting next_dagrun for example_python_decorator to None, run_after=None
[2025-01-01T10:41:21.234+0000] {processor.py:208} INFO - Processing /home/airflow/.local/lib/python3.12/site-packages/airflow/example_dags/example_python_decorator.py took 0.462 seconds
[2025-01-01T10:41:51.579+0000] {processor.py:186} INFO - Started process (PID=3388) to work on /home/airflow/.local/lib/python3.12/site-packages/airflow/example_dags/example_python_decorator.py
[2025-01-01T10:41:51.581+0000] {processor.py:914} INFO - Processing file /home/airflow/.local/lib/python3.12/site-packages/airflow/example_dags/example_python_decorator.py for tasks to queue
[2025-01-01T10:41:51.588+0000] {logging_mixin.py:190} INFO - [2025-01-01T10:41:51.587+0000] {dagbag.py:588} INFO - Filling up the DagBag from /home/airflow/.local/lib/python3.12/site-packages/airflow/example_dags/example_python_decorator.py
[2025-01-01T10:41:51.627+0000] {processor.py:925} INFO - DAG(s) 'example_python_decorator' retrieved from /home/airflow/.local/lib/python3.12/site-packages/airflow/example_dags/example_python_decorator.py
[2025-01-01T10:41:51.685+0000] {logging_mixin.py:190} INFO - [2025-01-01T10:41:51.685+0000] {dag.py:3239} INFO - Sync 1 DAGs
[2025-01-01T10:41:51.722+0000] {logging_mixin.py:190} INFO - [2025-01-01T10:41:51.721+0000] {dag.py:4180} INFO - Setting next_dagrun for example_python_decorator to None, run_after=None
[2025-01-01T10:41:51.777+0000] {processor.py:208} INFO - Processing /home/airflow/.local/lib/python3.12/site-packages/airflow/example_dags/example_python_decorator.py took 0.215 seconds
[2025-01-01T10:42:22.693+0000] {processor.py:186} INFO - Started process (PID=3452) to work on /home/airflow/.local/lib/python3.12/site-packages/airflow/example_dags/example_python_decorator.py
[2025-01-01T10:42:22.696+0000] {processor.py:914} INFO - Processing file /home/airflow/.local/lib/python3.12/site-packages/airflow/example_dags/example_python_decorator.py for tasks to queue
[2025-01-01T10:42:22.704+0000] {logging_mixin.py:190} INFO - [2025-01-01T10:42:22.703+0000] {dagbag.py:588} INFO - Filling up the DagBag from /home/airflow/.local/lib/python3.12/site-packages/airflow/example_dags/example_python_decorator.py
[2025-01-01T10:42:22.755+0000] {processor.py:925} INFO - DAG(s) 'example_python_decorator' retrieved from /home/airflow/.local/lib/python3.12/site-packages/airflow/example_dags/example_python_decorator.py
[2025-01-01T10:42:22.818+0000] {logging_mixin.py:190} INFO - [2025-01-01T10:42:22.817+0000] {dag.py:3239} INFO - Sync 1 DAGs
[2025-01-01T10:42:22.859+0000] {logging_mixin.py:190} INFO - [2025-01-01T10:42:22.859+0000] {dag.py:4180} INFO - Setting next_dagrun for example_python_decorator to None, run_after=None
[2025-01-01T10:42:22.918+0000] {processor.py:208} INFO - Processing /home/airflow/.local/lib/python3.12/site-packages/airflow/example_dags/example_python_decorator.py took 0.245 seconds
[2025-01-01T10:42:53.421+0000] {processor.py:186} INFO - Started process (PID=3515) to work on /home/airflow/.local/lib/python3.12/site-packages/airflow/example_dags/example_python_decorator.py
[2025-01-01T10:42:53.425+0000] {processor.py:914} INFO - Processing file /home/airflow/.local/lib/python3.12/site-packages/airflow/example_dags/example_python_decorator.py for tasks to queue
[2025-01-01T10:42:53.438+0000] {logging_mixin.py:190} INFO - [2025-01-01T10:42:53.436+0000] {dagbag.py:588} INFO - Filling up the DagBag from /home/airflow/.local/lib/python3.12/site-packages/airflow/example_dags/example_python_decorator.py
[2025-01-01T10:42:53.501+0000] {processor.py:925} INFO - DAG(s) 'example_python_decorator' retrieved from /home/airflow/.local/lib/python3.12/site-packages/airflow/example_dags/example_python_decorator.py
[2025-01-01T10:42:53.605+0000] {logging_mixin.py:190} INFO - [2025-01-01T10:42:53.604+0000] {dag.py:3239} INFO - Sync 1 DAGs
[2025-01-01T10:42:53.676+0000] {logging_mixin.py:190} INFO - [2025-01-01T10:42:53.675+0000] {dag.py:4180} INFO - Setting next_dagrun for example_python_decorator to None, run_after=None
[2025-01-01T10:42:53.771+0000] {processor.py:208} INFO - Processing /home/airflow/.local/lib/python3.12/site-packages/airflow/example_dags/example_python_decorator.py took 0.405 seconds
[2025-01-01T10:43:24.666+0000] {processor.py:186} INFO - Started process (PID=3577) to work on /home/airflow/.local/lib/python3.12/site-packages/airflow/example_dags/example_python_decorator.py
[2025-01-01T10:43:24.667+0000] {processor.py:914} INFO - Processing file /home/airflow/.local/lib/python3.12/site-packages/airflow/example_dags/example_python_decorator.py for tasks to queue
[2025-01-01T10:43:24.672+0000] {logging_mixin.py:190} INFO - [2025-01-01T10:43:24.671+0000] {dagbag.py:588} INFO - Filling up the DagBag from /home/airflow/.local/lib/python3.12/site-packages/airflow/example_dags/example_python_decorator.py
[2025-01-01T10:43:24.694+0000] {processor.py:925} INFO - DAG(s) 'example_python_decorator' retrieved from /home/airflow/.local/lib/python3.12/site-packages/airflow/example_dags/example_python_decorator.py
[2025-01-01T10:43:24.727+0000] {logging_mixin.py:190} INFO - [2025-01-01T10:43:24.726+0000] {dag.py:3239} INFO - Sync 1 DAGs
[2025-01-01T10:43:24.747+0000] {logging_mixin.py:190} INFO - [2025-01-01T10:43:24.747+0000] {dag.py:4180} INFO - Setting next_dagrun for example_python_decorator to None, run_after=None
[2025-01-01T10:43:24.776+0000] {processor.py:208} INFO - Processing /home/airflow/.local/lib/python3.12/site-packages/airflow/example_dags/example_python_decorator.py took 0.119 seconds
[2025-01-01T10:43:55.377+0000] {processor.py:186} INFO - Started process (PID=3639) to work on /home/airflow/.local/lib/python3.12/site-packages/airflow/example_dags/example_python_decorator.py
[2025-01-01T10:43:55.378+0000] {processor.py:914} INFO - Processing file /home/airflow/.local/lib/python3.12/site-packages/airflow/example_dags/example_python_decorator.py for tasks to queue
[2025-01-01T10:43:55.382+0000] {logging_mixin.py:190} INFO - [2025-01-01T10:43:55.381+0000] {dagbag.py:588} INFO - Filling up the DagBag from /home/airflow/.local/lib/python3.12/site-packages/airflow/example_dags/example_python_decorator.py
[2025-01-01T10:43:55.401+0000] {processor.py:925} INFO - DAG(s) 'example_python_decorator' retrieved from /home/airflow/.local/lib/python3.12/site-packages/airflow/example_dags/example_python_decorator.py
[2025-01-01T10:43:55.429+0000] {logging_mixin.py:190} INFO - [2025-01-01T10:43:55.429+0000] {dag.py:3239} INFO - Sync 1 DAGs
[2025-01-01T10:43:55.447+0000] {logging_mixin.py:190} INFO - [2025-01-01T10:43:55.446+0000] {dag.py:4180} INFO - Setting next_dagrun for example_python_decorator to None, run_after=None
[2025-01-01T10:43:55.474+0000] {processor.py:208} INFO - Processing /home/airflow/.local/lib/python3.12/site-packages/airflow/example_dags/example_python_decorator.py took 0.104 seconds
[2025-01-01T10:44:26.084+0000] {processor.py:186} INFO - Started process (PID=3701) to work on /home/airflow/.local/lib/python3.12/site-packages/airflow/example_dags/example_python_decorator.py
[2025-01-01T10:44:26.089+0000] {processor.py:914} INFO - Processing file /home/airflow/.local/lib/python3.12/site-packages/airflow/example_dags/example_python_decorator.py for tasks to queue
[2025-01-01T10:44:26.100+0000] {logging_mixin.py:190} INFO - [2025-01-01T10:44:26.099+0000] {dagbag.py:588} INFO - Filling up the DagBag from /home/airflow/.local/lib/python3.12/site-packages/airflow/example_dags/example_python_decorator.py
[2025-01-01T10:44:26.159+0000] {processor.py:925} INFO - DAG(s) 'example_python_decorator' retrieved from /home/airflow/.local/lib/python3.12/site-packages/airflow/example_dags/example_python_decorator.py
[2025-01-01T10:44:26.240+0000] {logging_mixin.py:190} INFO - [2025-01-01T10:44:26.239+0000] {dag.py:3239} INFO - Sync 1 DAGs
[2025-01-01T10:44:26.287+0000] {logging_mixin.py:190} INFO - [2025-01-01T10:44:26.286+0000] {dag.py:4180} INFO - Setting next_dagrun for example_python_decorator to None, run_after=None
[2025-01-01T10:44:26.349+0000] {processor.py:208} INFO - Processing /home/airflow/.local/lib/python3.12/site-packages/airflow/example_dags/example_python_decorator.py took 0.292 seconds
[2025-01-01T10:44:56.599+0000] {processor.py:186} INFO - Started process (PID=3764) to work on /home/airflow/.local/lib/python3.12/site-packages/airflow/example_dags/example_python_decorator.py
[2025-01-01T10:44:56.602+0000] {processor.py:914} INFO - Processing file /home/airflow/.local/lib/python3.12/site-packages/airflow/example_dags/example_python_decorator.py for tasks to queue
[2025-01-01T10:44:56.608+0000] {logging_mixin.py:190} INFO - [2025-01-01T10:44:56.607+0000] {dagbag.py:588} INFO - Filling up the DagBag from /home/airflow/.local/lib/python3.12/site-packages/airflow/example_dags/example_python_decorator.py
[2025-01-01T10:44:56.650+0000] {processor.py:925} INFO - DAG(s) 'example_python_decorator' retrieved from /home/airflow/.local/lib/python3.12/site-packages/airflow/example_dags/example_python_decorator.py
[2025-01-01T10:44:56.709+0000] {logging_mixin.py:190} INFO - [2025-01-01T10:44:56.708+0000] {dag.py:3239} INFO - Sync 1 DAGs
[2025-01-01T10:44:56.747+0000] {logging_mixin.py:190} INFO - [2025-01-01T10:44:56.746+0000] {dag.py:4180} INFO - Setting next_dagrun for example_python_decorator to None, run_after=None
[2025-01-01T10:44:56.800+0000] {processor.py:208} INFO - Processing /home/airflow/.local/lib/python3.12/site-packages/airflow/example_dags/example_python_decorator.py took 0.216 seconds
[2025-01-01T10:45:27.237+0000] {processor.py:186} INFO - Started process (PID=3826) to work on /home/airflow/.local/lib/python3.12/site-packages/airflow/example_dags/example_python_decorator.py
[2025-01-01T10:45:27.239+0000] {processor.py:914} INFO - Processing file /home/airflow/.local/lib/python3.12/site-packages/airflow/example_dags/example_python_decorator.py for tasks to queue
[2025-01-01T10:45:27.242+0000] {logging_mixin.py:190} INFO - [2025-01-01T10:45:27.242+0000] {dagbag.py:588} INFO - Filling up the DagBag from /home/airflow/.local/lib/python3.12/site-packages/airflow/example_dags/example_python_decorator.py
[2025-01-01T10:45:27.261+0000] {processor.py:925} INFO - DAG(s) 'example_python_decorator' retrieved from /home/airflow/.local/lib/python3.12/site-packages/airflow/example_dags/example_python_decorator.py
[2025-01-01T10:45:27.290+0000] {logging_mixin.py:190} INFO - [2025-01-01T10:45:27.289+0000] {dag.py:3239} INFO - Sync 1 DAGs
[2025-01-01T10:45:27.308+0000] {logging_mixin.py:190} INFO - [2025-01-01T10:45:27.307+0000] {dag.py:4180} INFO - Setting next_dagrun for example_python_decorator to None, run_after=None
[2025-01-01T10:45:27.335+0000] {processor.py:208} INFO - Processing /home/airflow/.local/lib/python3.12/site-packages/airflow/example_dags/example_python_decorator.py took 0.106 seconds
[2025-01-01T10:45:58.119+0000] {processor.py:186} INFO - Started process (PID=3889) to work on /home/airflow/.local/lib/python3.12/site-packages/airflow/example_dags/example_python_decorator.py
[2025-01-01T10:45:58.121+0000] {processor.py:914} INFO - Processing file /home/airflow/.local/lib/python3.12/site-packages/airflow/example_dags/example_python_decorator.py for tasks to queue
[2025-01-01T10:45:58.128+0000] {logging_mixin.py:190} INFO - [2025-01-01T10:45:58.127+0000] {dagbag.py:588} INFO - Filling up the DagBag from /home/airflow/.local/lib/python3.12/site-packages/airflow/example_dags/example_python_decorator.py
[2025-01-01T10:45:58.161+0000] {processor.py:925} INFO - DAG(s) 'example_python_decorator' retrieved from /home/airflow/.local/lib/python3.12/site-packages/airflow/example_dags/example_python_decorator.py
[2025-01-01T10:45:58.209+0000] {logging_mixin.py:190} INFO - [2025-01-01T10:45:58.209+0000] {dag.py:3239} INFO - Sync 1 DAGs
[2025-01-01T10:45:58.242+0000] {logging_mixin.py:190} INFO - [2025-01-01T10:45:58.242+0000] {dag.py:4180} INFO - Setting next_dagrun for example_python_decorator to None, run_after=None
[2025-01-01T10:45:58.287+0000] {processor.py:208} INFO - Processing /home/airflow/.local/lib/python3.12/site-packages/airflow/example_dags/example_python_decorator.py took 0.182 seconds
[2025-01-01T10:46:28.439+0000] {processor.py:186} INFO - Started process (PID=3952) to work on /home/airflow/.local/lib/python3.12/site-packages/airflow/example_dags/example_python_decorator.py
[2025-01-01T10:46:28.440+0000] {processor.py:914} INFO - Processing file /home/airflow/.local/lib/python3.12/site-packages/airflow/example_dags/example_python_decorator.py for tasks to queue
[2025-01-01T10:46:28.443+0000] {logging_mixin.py:190} INFO - [2025-01-01T10:46:28.443+0000] {dagbag.py:588} INFO - Filling up the DagBag from /home/airflow/.local/lib/python3.12/site-packages/airflow/example_dags/example_python_decorator.py
[2025-01-01T10:46:28.458+0000] {processor.py:925} INFO - DAG(s) 'example_python_decorator' retrieved from /home/airflow/.local/lib/python3.12/site-packages/airflow/example_dags/example_python_decorator.py
[2025-01-01T10:46:28.481+0000] {logging_mixin.py:190} INFO - [2025-01-01T10:46:28.481+0000] {dag.py:3239} INFO - Sync 1 DAGs
[2025-01-01T10:46:28.496+0000] {logging_mixin.py:190} INFO - [2025-01-01T10:46:28.496+0000] {dag.py:4180} INFO - Setting next_dagrun for example_python_decorator to None, run_after=None
[2025-01-01T10:46:28.522+0000] {processor.py:208} INFO - Processing /home/airflow/.local/lib/python3.12/site-packages/airflow/example_dags/example_python_decorator.py took 0.089 seconds
[2025-01-01T10:46:59.307+0000] {processor.py:186} INFO - Started process (PID=4015) to work on /home/airflow/.local/lib/python3.12/site-packages/airflow/example_dags/example_python_decorator.py
[2025-01-01T10:46:59.309+0000] {processor.py:914} INFO - Processing file /home/airflow/.local/lib/python3.12/site-packages/airflow/example_dags/example_python_decorator.py for tasks to queue
[2025-01-01T10:46:59.311+0000] {logging_mixin.py:190} INFO - [2025-01-01T10:46:59.311+0000] {dagbag.py:588} INFO - Filling up the DagBag from /home/airflow/.local/lib/python3.12/site-packages/airflow/example_dags/example_python_decorator.py
[2025-01-01T10:46:59.324+0000] {processor.py:925} INFO - DAG(s) 'example_python_decorator' retrieved from /home/airflow/.local/lib/python3.12/site-packages/airflow/example_dags/example_python_decorator.py
[2025-01-01T10:46:59.347+0000] {logging_mixin.py:190} INFO - [2025-01-01T10:46:59.347+0000] {dag.py:3239} INFO - Sync 1 DAGs
[2025-01-01T10:46:59.361+0000] {logging_mixin.py:190} INFO - [2025-01-01T10:46:59.360+0000] {dag.py:4180} INFO - Setting next_dagrun for example_python_decorator to None, run_after=None
[2025-01-01T10:46:59.383+0000] {processor.py:208} INFO - Processing /home/airflow/.local/lib/python3.12/site-packages/airflow/example_dags/example_python_decorator.py took 0.081 seconds
[2025-01-01T10:47:29.932+0000] {processor.py:186} INFO - Started process (PID=4078) to work on /home/airflow/.local/lib/python3.12/site-packages/airflow/example_dags/example_python_decorator.py
[2025-01-01T10:47:29.935+0000] {processor.py:914} INFO - Processing file /home/airflow/.local/lib/python3.12/site-packages/airflow/example_dags/example_python_decorator.py for tasks to queue
[2025-01-01T10:47:29.942+0000] {logging_mixin.py:190} INFO - [2025-01-01T10:47:29.941+0000] {dagbag.py:588} INFO - Filling up the DagBag from /home/airflow/.local/lib/python3.12/site-packages/airflow/example_dags/example_python_decorator.py
[2025-01-01T10:47:29.978+0000] {processor.py:925} INFO - DAG(s) 'example_python_decorator' retrieved from /home/airflow/.local/lib/python3.12/site-packages/airflow/example_dags/example_python_decorator.py
[2025-01-01T10:47:30.030+0000] {logging_mixin.py:190} INFO - [2025-01-01T10:47:30.029+0000] {dag.py:3239} INFO - Sync 1 DAGs
[2025-01-01T10:47:30.064+0000] {logging_mixin.py:190} INFO - [2025-01-01T10:47:30.063+0000] {dag.py:4180} INFO - Setting next_dagrun for example_python_decorator to None, run_after=None
[2025-01-01T10:47:30.112+0000] {processor.py:208} INFO - Processing /home/airflow/.local/lib/python3.12/site-packages/airflow/example_dags/example_python_decorator.py took 0.198 seconds
[2025-01-01T10:48:00.175+0000] {processor.py:186} INFO - Started process (PID=4141) to work on /home/airflow/.local/lib/python3.12/site-packages/airflow/example_dags/example_python_decorator.py
[2025-01-01T10:48:00.176+0000] {processor.py:914} INFO - Processing file /home/airflow/.local/lib/python3.12/site-packages/airflow/example_dags/example_python_decorator.py for tasks to queue
[2025-01-01T10:48:00.179+0000] {logging_mixin.py:190} INFO - [2025-01-01T10:48:00.179+0000] {dagbag.py:588} INFO - Filling up the DagBag from /home/airflow/.local/lib/python3.12/site-packages/airflow/example_dags/example_python_decorator.py
[2025-01-01T10:48:00.197+0000] {processor.py:925} INFO - DAG(s) 'example_python_decorator' retrieved from /home/airflow/.local/lib/python3.12/site-packages/airflow/example_dags/example_python_decorator.py
[2025-01-01T10:48:00.223+0000] {logging_mixin.py:190} INFO - [2025-01-01T10:48:00.222+0000] {dag.py:3239} INFO - Sync 1 DAGs
[2025-01-01T10:48:00.239+0000] {logging_mixin.py:190} INFO - [2025-01-01T10:48:00.239+0000] {dag.py:4180} INFO - Setting next_dagrun for example_python_decorator to None, run_after=None
[2025-01-01T10:48:00.264+0000] {processor.py:208} INFO - Processing /home/airflow/.local/lib/python3.12/site-packages/airflow/example_dags/example_python_decorator.py took 0.097 seconds
[2025-01-01T10:48:30.418+0000] {processor.py:186} INFO - Started process (PID=4204) to work on /home/airflow/.local/lib/python3.12/site-packages/airflow/example_dags/example_python_decorator.py
[2025-01-01T10:48:30.419+0000] {processor.py:914} INFO - Processing file /home/airflow/.local/lib/python3.12/site-packages/airflow/example_dags/example_python_decorator.py for tasks to queue
[2025-01-01T10:48:30.423+0000] {logging_mixin.py:190} INFO - [2025-01-01T10:48:30.422+0000] {dagbag.py:588} INFO - Filling up the DagBag from /home/airflow/.local/lib/python3.12/site-packages/airflow/example_dags/example_python_decorator.py
[2025-01-01T10:48:30.440+0000] {processor.py:925} INFO - DAG(s) 'example_python_decorator' retrieved from /home/airflow/.local/lib/python3.12/site-packages/airflow/example_dags/example_python_decorator.py
[2025-01-01T10:48:30.466+0000] {logging_mixin.py:190} INFO - [2025-01-01T10:48:30.465+0000] {dag.py:3239} INFO - Sync 1 DAGs
[2025-01-01T10:48:30.483+0000] {logging_mixin.py:190} INFO - [2025-01-01T10:48:30.482+0000] {dag.py:4180} INFO - Setting next_dagrun for example_python_decorator to None, run_after=None
[2025-01-01T10:48:30.510+0000] {processor.py:208} INFO - Processing /home/airflow/.local/lib/python3.12/site-packages/airflow/example_dags/example_python_decorator.py took 0.101 seconds
[2025-01-01T10:49:01.372+0000] {processor.py:186} INFO - Started process (PID=4267) to work on /home/airflow/.local/lib/python3.12/site-packages/airflow/example_dags/example_python_decorator.py
[2025-01-01T10:49:01.375+0000] {processor.py:914} INFO - Processing file /home/airflow/.local/lib/python3.12/site-packages/airflow/example_dags/example_python_decorator.py for tasks to queue
[2025-01-01T10:49:01.384+0000] {logging_mixin.py:190} INFO - [2025-01-01T10:49:01.383+0000] {dagbag.py:588} INFO - Filling up the DagBag from /home/airflow/.local/lib/python3.12/site-packages/airflow/example_dags/example_python_decorator.py
[2025-01-01T10:49:01.439+0000] {processor.py:925} INFO - DAG(s) 'example_python_decorator' retrieved from /home/airflow/.local/lib/python3.12/site-packages/airflow/example_dags/example_python_decorator.py
[2025-01-01T10:49:01.513+0000] {logging_mixin.py:190} INFO - [2025-01-01T10:49:01.512+0000] {dag.py:3239} INFO - Sync 1 DAGs
[2025-01-01T10:49:01.558+0000] {logging_mixin.py:190} INFO - [2025-01-01T10:49:01.557+0000] {dag.py:4180} INFO - Setting next_dagrun for example_python_decorator to None, run_after=None
[2025-01-01T10:49:01.620+0000] {processor.py:208} INFO - Processing /home/airflow/.local/lib/python3.12/site-packages/airflow/example_dags/example_python_decorator.py took 0.271 seconds
[2025-01-01T10:49:32.108+0000] {processor.py:186} INFO - Started process (PID=4329) to work on /home/airflow/.local/lib/python3.12/site-packages/airflow/example_dags/example_python_decorator.py
[2025-01-01T10:49:32.109+0000] {processor.py:914} INFO - Processing file /home/airflow/.local/lib/python3.12/site-packages/airflow/example_dags/example_python_decorator.py for tasks to queue
[2025-01-01T10:49:32.114+0000] {logging_mixin.py:190} INFO - [2025-01-01T10:49:32.113+0000] {dagbag.py:588} INFO - Filling up the DagBag from /home/airflow/.local/lib/python3.12/site-packages/airflow/example_dags/example_python_decorator.py
[2025-01-01T10:49:32.139+0000] {processor.py:925} INFO - DAG(s) 'example_python_decorator' retrieved from /home/airflow/.local/lib/python3.12/site-packages/airflow/example_dags/example_python_decorator.py
[2025-01-01T10:49:32.179+0000] {logging_mixin.py:190} INFO - [2025-01-01T10:49:32.178+0000] {dag.py:3239} INFO - Sync 1 DAGs
[2025-01-01T10:49:32.203+0000] {logging_mixin.py:190} INFO - [2025-01-01T10:49:32.202+0000] {dag.py:4180} INFO - Setting next_dagrun for example_python_decorator to None, run_after=None
[2025-01-01T10:49:32.236+0000] {processor.py:208} INFO - Processing /home/airflow/.local/lib/python3.12/site-packages/airflow/example_dags/example_python_decorator.py took 0.139 seconds
[2025-01-01T10:50:02.422+0000] {processor.py:186} INFO - Started process (PID=4391) to work on /home/airflow/.local/lib/python3.12/site-packages/airflow/example_dags/example_python_decorator.py
[2025-01-01T10:50:02.424+0000] {processor.py:914} INFO - Processing file /home/airflow/.local/lib/python3.12/site-packages/airflow/example_dags/example_python_decorator.py for tasks to queue
[2025-01-01T10:50:02.428+0000] {logging_mixin.py:190} INFO - [2025-01-01T10:50:02.427+0000] {dagbag.py:588} INFO - Filling up the DagBag from /home/airflow/.local/lib/python3.12/site-packages/airflow/example_dags/example_python_decorator.py
[2025-01-01T10:50:02.452+0000] {processor.py:925} INFO - DAG(s) 'example_python_decorator' retrieved from /home/airflow/.local/lib/python3.12/site-packages/airflow/example_dags/example_python_decorator.py
[2025-01-01T10:50:02.493+0000] {logging_mixin.py:190} INFO - [2025-01-01T10:50:02.493+0000] {dag.py:3239} INFO - Sync 1 DAGs
[2025-01-01T10:50:02.522+0000] {logging_mixin.py:190} INFO - [2025-01-01T10:50:02.521+0000] {dag.py:4180} INFO - Setting next_dagrun for example_python_decorator to None, run_after=None
[2025-01-01T10:50:02.561+0000] {processor.py:208} INFO - Processing /home/airflow/.local/lib/python3.12/site-packages/airflow/example_dags/example_python_decorator.py took 0.150 seconds
[2025-01-01T10:50:34.119+0000] {processor.py:186} INFO - Started process (PID=4454) to work on /home/airflow/.local/lib/python3.12/site-packages/airflow/example_dags/example_python_decorator.py
[2025-01-01T10:50:34.123+0000] {processor.py:914} INFO - Processing file /home/airflow/.local/lib/python3.12/site-packages/airflow/example_dags/example_python_decorator.py for tasks to queue
[2025-01-01T10:50:34.132+0000] {logging_mixin.py:190} INFO - [2025-01-01T10:50:34.130+0000] {dagbag.py:588} INFO - Filling up the DagBag from /home/airflow/.local/lib/python3.12/site-packages/airflow/example_dags/example_python_decorator.py
[2025-01-01T10:50:34.200+0000] {processor.py:925} INFO - DAG(s) 'example_python_decorator' retrieved from /home/airflow/.local/lib/python3.12/site-packages/airflow/example_dags/example_python_decorator.py
[2025-01-01T10:50:34.276+0000] {logging_mixin.py:190} INFO - [2025-01-01T10:50:34.275+0000] {dag.py:3239} INFO - Sync 1 DAGs
[2025-01-01T10:50:34.325+0000] {logging_mixin.py:190} INFO - [2025-01-01T10:50:34.324+0000] {dag.py:4180} INFO - Setting next_dagrun for example_python_decorator to None, run_after=None
[2025-01-01T10:50:34.400+0000] {processor.py:208} INFO - Processing /home/airflow/.local/lib/python3.12/site-packages/airflow/example_dags/example_python_decorator.py took 0.311 seconds
[2025-01-01T10:51:06.890+0000] {processor.py:186} INFO - Started process (PID=4516) to work on /home/airflow/.local/lib/python3.12/site-packages/airflow/example_dags/example_python_decorator.py
[2025-01-01T10:51:06.893+0000] {processor.py:914} INFO - Processing file /home/airflow/.local/lib/python3.12/site-packages/airflow/example_dags/example_python_decorator.py for tasks to queue
[2025-01-01T10:51:06.903+0000] {logging_mixin.py:190} INFO - [2025-01-01T10:51:06.902+0000] {dagbag.py:588} INFO - Filling up the DagBag from /home/airflow/.local/lib/python3.12/site-packages/airflow/example_dags/example_python_decorator.py
[2025-01-01T10:51:06.958+0000] {processor.py:925} INFO - DAG(s) 'example_python_decorator' retrieved from /home/airflow/.local/lib/python3.12/site-packages/airflow/example_dags/example_python_decorator.py
[2025-01-01T10:51:07.054+0000] {logging_mixin.py:190} INFO - [2025-01-01T10:51:07.053+0000] {dag.py:3239} INFO - Sync 1 DAGs
[2025-01-01T10:51:07.126+0000] {logging_mixin.py:190} INFO - [2025-01-01T10:51:07.125+0000] {dag.py:4180} INFO - Setting next_dagrun for example_python_decorator to None, run_after=None
[2025-01-01T10:51:07.226+0000] {processor.py:208} INFO - Processing /home/airflow/.local/lib/python3.12/site-packages/airflow/example_dags/example_python_decorator.py took 0.356 seconds
[2025-01-01T12:15:53.885+0000] {processor.py:186} INFO - Started process (PID=4583) to work on /home/airflow/.local/lib/python3.12/site-packages/airflow/example_dags/example_python_decorator.py
[2025-01-01T12:15:53.886+0000] {processor.py:914} INFO - Processing file /home/airflow/.local/lib/python3.12/site-packages/airflow/example_dags/example_python_decorator.py for tasks to queue
[2025-01-01T12:15:53.890+0000] {logging_mixin.py:190} INFO - [2025-01-01T12:15:53.889+0000] {dagbag.py:588} INFO - Filling up the DagBag from /home/airflow/.local/lib/python3.12/site-packages/airflow/example_dags/example_python_decorator.py
[2025-01-01T12:15:53.914+0000] {processor.py:925} INFO - DAG(s) 'example_python_decorator' retrieved from /home/airflow/.local/lib/python3.12/site-packages/airflow/example_dags/example_python_decorator.py
[2025-01-01T12:15:53.947+0000] {logging_mixin.py:190} INFO - [2025-01-01T12:15:53.947+0000] {dag.py:3239} INFO - Sync 1 DAGs
[2025-01-01T12:15:53.970+0000] {logging_mixin.py:190} INFO - [2025-01-01T12:15:53.970+0000] {dag.py:4180} INFO - Setting next_dagrun for example_python_decorator to None, run_after=None
[2025-01-01T12:15:54.002+0000] {processor.py:208} INFO - Processing /home/airflow/.local/lib/python3.12/site-packages/airflow/example_dags/example_python_decorator.py took 0.126 seconds
[2025-01-01T12:16:24.258+0000] {processor.py:186} INFO - Started process (PID=4646) to work on /home/airflow/.local/lib/python3.12/site-packages/airflow/example_dags/example_python_decorator.py
[2025-01-01T12:16:24.259+0000] {processor.py:914} INFO - Processing file /home/airflow/.local/lib/python3.12/site-packages/airflow/example_dags/example_python_decorator.py for tasks to queue
[2025-01-01T12:16:24.261+0000] {logging_mixin.py:190} INFO - [2025-01-01T12:16:24.261+0000] {dagbag.py:588} INFO - Filling up the DagBag from /home/airflow/.local/lib/python3.12/site-packages/airflow/example_dags/example_python_decorator.py
[2025-01-01T12:16:24.274+0000] {processor.py:925} INFO - DAG(s) 'example_python_decorator' retrieved from /home/airflow/.local/lib/python3.12/site-packages/airflow/example_dags/example_python_decorator.py
[2025-01-01T12:16:24.295+0000] {logging_mixin.py:190} INFO - [2025-01-01T12:16:24.294+0000] {dag.py:3239} INFO - Sync 1 DAGs
[2025-01-01T12:16:24.326+0000] {logging_mixin.py:190} INFO - [2025-01-01T12:16:24.325+0000] {dag.py:4180} INFO - Setting next_dagrun for example_python_decorator to None, run_after=None
[2025-01-01T12:16:24.357+0000] {processor.py:208} INFO - Processing /home/airflow/.local/lib/python3.12/site-packages/airflow/example_dags/example_python_decorator.py took 0.104 seconds
