[2025-01-01T10:08:06.690+0000] {processor.py:186} INFO - Started process (PID=202) to work on /home/airflow/.local/lib/python3.12/site-packages/airflow/example_dags/example_branch_operator.py
[2025-01-01T10:08:06.792+0000] {processor.py:914} INFO - Processing file /home/airflow/.local/lib/python3.12/site-packages/airflow/example_dags/example_branch_operator.py for tasks to queue
[2025-01-01T10:08:06.871+0000] {logging_mixin.py:190} INFO - [2025-01-01T10:08:06.869+0000] {dagbag.py:588} INFO - Filling up the DagBag from /home/airflow/.local/lib/python3.12/site-packages/airflow/example_dags/example_branch_operator.py
[2025-01-01T10:08:07.318+0000] {processor.py:925} INFO - DAG(s) 'example_branch_operator' retrieved from /home/airflow/.local/lib/python3.12/site-packages/airflow/example_dags/example_branch_operator.py
[2025-01-01T10:08:11.164+0000] {logging_mixin.py:190} INFO - [2025-01-01T10:08:11.157+0000] {override.py:1911} INFO - Created Permission View: can edit on DAG:example_branch_operator
[2025-01-01T10:08:11.452+0000] {logging_mixin.py:190} INFO - [2025-01-01T10:08:11.447+0000] {override.py:1911} INFO - Created Permission View: can delete on DAG:example_branch_operator
[2025-01-01T10:08:11.638+0000] {logging_mixin.py:190} INFO - [2025-01-01T10:08:11.636+0000] {override.py:1911} INFO - Created Permission View: can read on DAG:example_branch_operator
[2025-01-01T10:08:11.815+0000] {logging_mixin.py:190} INFO - [2025-01-01T10:08:11.808+0000] {override.py:1911} INFO - Created Permission View: can create on DAG Run:example_branch_operator
[2025-01-01T10:08:12.009+0000] {logging_mixin.py:190} INFO - [2025-01-01T10:08:12.007+0000] {override.py:1911} INFO - Created Permission View: menu access on DAG Run:example_branch_operator
[2025-01-01T10:08:12.249+0000] {logging_mixin.py:190} INFO - [2025-01-01T10:08:12.247+0000] {override.py:1911} INFO - Created Permission View: can delete on DAG Run:example_branch_operator
[2025-01-01T10:08:12.576+0000] {logging_mixin.py:190} INFO - [2025-01-01T10:08:12.573+0000] {override.py:1911} INFO - Created Permission View: can read on DAG Run:example_branch_operator
[2025-01-01T10:08:12.675+0000] {logging_mixin.py:190} INFO - [2025-01-01T10:08:12.623+0000] {dag.py:3239} INFO - Sync 1 DAGs
[2025-01-01T10:08:13.482+0000] {logging_mixin.py:190} INFO - [2025-01-01T10:08:13.481+0000] {dag.py:3262} INFO - Creating ORM DAG for example_branch_operator
[2025-01-01T10:08:14.108+0000] {logging_mixin.py:190} INFO - [2025-01-01T10:08:14.106+0000] {dag.py:4180} INFO - Setting next_dagrun for example_branch_operator to 2024-12-31 00:00:00+00:00, run_after=2025-01-01 00:00:00+00:00
[2025-01-01T10:08:14.425+0000] {processor.py:208} INFO - Processing /home/airflow/.local/lib/python3.12/site-packages/airflow/example_dags/example_branch_operator.py took 7.881 seconds
[2025-01-01T10:09:52.488+0000] {processor.py:186} INFO - Started process (PID=282) to work on /home/airflow/.local/lib/python3.12/site-packages/airflow/example_dags/example_branch_operator.py
[2025-01-01T10:09:52.496+0000] {processor.py:914} INFO - Processing file /home/airflow/.local/lib/python3.12/site-packages/airflow/example_dags/example_branch_operator.py for tasks to queue
[2025-01-01T10:09:52.518+0000] {logging_mixin.py:190} INFO - [2025-01-01T10:09:52.515+0000] {dagbag.py:588} INFO - Filling up the DagBag from /home/airflow/.local/lib/python3.12/site-packages/airflow/example_dags/example_branch_operator.py
[2025-01-01T10:09:52.776+0000] {processor.py:925} INFO - DAG(s) 'example_branch_operator' retrieved from /home/airflow/.local/lib/python3.12/site-packages/airflow/example_dags/example_branch_operator.py
[2025-01-01T10:09:53.012+0000] {logging_mixin.py:190} INFO - [2025-01-01T10:09:53.010+0000] {dag.py:3239} INFO - Sync 1 DAGs
[2025-01-01T10:09:53.257+0000] {logging_mixin.py:190} INFO - [2025-01-01T10:09:53.254+0000] {dag.py:4180} INFO - Setting next_dagrun for example_branch_operator to 2024-12-31 00:00:00+00:00, run_after=2025-01-01 00:00:00+00:00
[2025-01-01T10:09:53.501+0000] {processor.py:208} INFO - Processing /home/airflow/.local/lib/python3.12/site-packages/airflow/example_dags/example_branch_operator.py took 1.063 seconds
[2025-01-01T10:14:46.735+0000] {processor.py:186} INFO - Started process (PID=316) to work on /home/airflow/.local/lib/python3.12/site-packages/airflow/example_dags/example_branch_operator.py
[2025-01-01T10:14:46.746+0000] {processor.py:914} INFO - Processing file /home/airflow/.local/lib/python3.12/site-packages/airflow/example_dags/example_branch_operator.py for tasks to queue
[2025-01-01T10:14:46.751+0000] {logging_mixin.py:190} INFO - [2025-01-01T10:14:46.750+0000] {dagbag.py:588} INFO - Filling up the DagBag from /home/airflow/.local/lib/python3.12/site-packages/airflow/example_dags/example_branch_operator.py
[2025-01-01T10:14:46.829+0000] {processor.py:925} INFO - DAG(s) 'example_branch_operator' retrieved from /home/airflow/.local/lib/python3.12/site-packages/airflow/example_dags/example_branch_operator.py
[2025-01-01T10:14:46.915+0000] {logging_mixin.py:190} INFO - [2025-01-01T10:14:46.914+0000] {dag.py:3239} INFO - Sync 1 DAGs
[2025-01-01T10:14:46.977+0000] {logging_mixin.py:190} INFO - [2025-01-01T10:14:46.975+0000] {dag.py:4180} INFO - Setting next_dagrun for example_branch_operator to 2024-12-31 00:00:00+00:00, run_after=2025-01-01 00:00:00+00:00
[2025-01-01T10:14:47.088+0000] {processor.py:208} INFO - Processing /home/airflow/.local/lib/python3.12/site-packages/airflow/example_dags/example_branch_operator.py took 0.371 seconds
[2025-01-01T10:15:19.280+0000] {processor.py:186} INFO - Started process (PID=379) to work on /home/airflow/.local/lib/python3.12/site-packages/airflow/example_dags/example_branch_operator.py
[2025-01-01T10:15:19.282+0000] {processor.py:914} INFO - Processing file /home/airflow/.local/lib/python3.12/site-packages/airflow/example_dags/example_branch_operator.py for tasks to queue
[2025-01-01T10:15:19.286+0000] {logging_mixin.py:190} INFO - [2025-01-01T10:15:19.286+0000] {dagbag.py:588} INFO - Filling up the DagBag from /home/airflow/.local/lib/python3.12/site-packages/airflow/example_dags/example_branch_operator.py
[2025-01-01T10:15:19.322+0000] {processor.py:925} INFO - DAG(s) 'example_branch_operator' retrieved from /home/airflow/.local/lib/python3.12/site-packages/airflow/example_dags/example_branch_operator.py
[2025-01-01T10:15:19.412+0000] {logging_mixin.py:190} INFO - [2025-01-01T10:15:19.412+0000] {dag.py:3239} INFO - Sync 1 DAGs
[2025-01-01T10:15:19.618+0000] {logging_mixin.py:190} INFO - [2025-01-01T10:15:19.617+0000] {dag.py:4180} INFO - Setting next_dagrun for example_branch_operator to 2024-12-31 00:00:00+00:00, run_after=2025-01-01 00:00:00+00:00
[2025-01-01T10:15:19.682+0000] {processor.py:208} INFO - Processing /home/airflow/.local/lib/python3.12/site-packages/airflow/example_dags/example_branch_operator.py took 0.414 seconds
[2025-01-01T10:15:50.454+0000] {processor.py:186} INFO - Started process (PID=441) to work on /home/airflow/.local/lib/python3.12/site-packages/airflow/example_dags/example_branch_operator.py
[2025-01-01T10:15:50.458+0000] {processor.py:914} INFO - Processing file /home/airflow/.local/lib/python3.12/site-packages/airflow/example_dags/example_branch_operator.py for tasks to queue
[2025-01-01T10:15:50.463+0000] {logging_mixin.py:190} INFO - [2025-01-01T10:15:50.462+0000] {dagbag.py:588} INFO - Filling up the DagBag from /home/airflow/.local/lib/python3.12/site-packages/airflow/example_dags/example_branch_operator.py
[2025-01-01T10:15:50.495+0000] {processor.py:925} INFO - DAG(s) 'example_branch_operator' retrieved from /home/airflow/.local/lib/python3.12/site-packages/airflow/example_dags/example_branch_operator.py
[2025-01-01T10:15:50.538+0000] {logging_mixin.py:190} INFO - [2025-01-01T10:15:50.538+0000] {dag.py:3239} INFO - Sync 1 DAGs
[2025-01-01T10:15:50.578+0000] {logging_mixin.py:190} INFO - [2025-01-01T10:15:50.578+0000] {dag.py:4180} INFO - Setting next_dagrun for example_branch_operator to 2024-12-31 00:00:00+00:00, run_after=2025-01-01 00:00:00+00:00
[2025-01-01T10:15:50.610+0000] {processor.py:208} INFO - Processing /home/airflow/.local/lib/python3.12/site-packages/airflow/example_dags/example_branch_operator.py took 0.167 seconds
[2025-01-01T10:16:21.391+0000] {processor.py:186} INFO - Started process (PID=504) to work on /home/airflow/.local/lib/python3.12/site-packages/airflow/example_dags/example_branch_operator.py
[2025-01-01T10:16:21.392+0000] {processor.py:914} INFO - Processing file /home/airflow/.local/lib/python3.12/site-packages/airflow/example_dags/example_branch_operator.py for tasks to queue
[2025-01-01T10:16:21.396+0000] {logging_mixin.py:190} INFO - [2025-01-01T10:16:21.395+0000] {dagbag.py:588} INFO - Filling up the DagBag from /home/airflow/.local/lib/python3.12/site-packages/airflow/example_dags/example_branch_operator.py
[2025-01-01T10:16:21.420+0000] {processor.py:925} INFO - DAG(s) 'example_branch_operator' retrieved from /home/airflow/.local/lib/python3.12/site-packages/airflow/example_dags/example_branch_operator.py
[2025-01-01T10:16:21.458+0000] {logging_mixin.py:190} INFO - [2025-01-01T10:16:21.458+0000] {dag.py:3239} INFO - Sync 1 DAGs
[2025-01-01T10:16:21.538+0000] {logging_mixin.py:190} INFO - [2025-01-01T10:16:21.537+0000] {dag.py:4180} INFO - Setting next_dagrun for example_branch_operator to 2024-12-31 00:00:00+00:00, run_after=2025-01-01 00:00:00+00:00
[2025-01-01T10:16:21.578+0000] {processor.py:208} INFO - Processing /home/airflow/.local/lib/python3.12/site-packages/airflow/example_dags/example_branch_operator.py took 0.196 seconds
[2025-01-01T10:16:52.367+0000] {processor.py:186} INFO - Started process (PID=572) to work on /home/airflow/.local/lib/python3.12/site-packages/airflow/example_dags/example_branch_operator.py
[2025-01-01T10:16:52.369+0000] {processor.py:914} INFO - Processing file /home/airflow/.local/lib/python3.12/site-packages/airflow/example_dags/example_branch_operator.py for tasks to queue
[2025-01-01T10:16:52.373+0000] {logging_mixin.py:190} INFO - [2025-01-01T10:16:52.372+0000] {dagbag.py:588} INFO - Filling up the DagBag from /home/airflow/.local/lib/python3.12/site-packages/airflow/example_dags/example_branch_operator.py
[2025-01-01T10:16:52.395+0000] {processor.py:925} INFO - DAG(s) 'example_branch_operator' retrieved from /home/airflow/.local/lib/python3.12/site-packages/airflow/example_dags/example_branch_operator.py
[2025-01-01T10:16:52.430+0000] {logging_mixin.py:190} INFO - [2025-01-01T10:16:52.430+0000] {dag.py:3239} INFO - Sync 1 DAGs
[2025-01-01T10:16:52.458+0000] {logging_mixin.py:190} INFO - [2025-01-01T10:16:52.458+0000] {dag.py:4180} INFO - Setting next_dagrun for example_branch_operator to 2024-12-31 00:00:00+00:00, run_after=2025-01-01 00:00:00+00:00
[2025-01-01T10:16:52.483+0000] {processor.py:208} INFO - Processing /home/airflow/.local/lib/python3.12/site-packages/airflow/example_dags/example_branch_operator.py took 0.127 seconds
[2025-01-01T10:17:22.683+0000] {processor.py:186} INFO - Started process (PID=635) to work on /home/airflow/.local/lib/python3.12/site-packages/airflow/example_dags/example_branch_operator.py
[2025-01-01T10:17:22.685+0000] {processor.py:914} INFO - Processing file /home/airflow/.local/lib/python3.12/site-packages/airflow/example_dags/example_branch_operator.py for tasks to queue
[2025-01-01T10:17:22.688+0000] {logging_mixin.py:190} INFO - [2025-01-01T10:17:22.688+0000] {dagbag.py:588} INFO - Filling up the DagBag from /home/airflow/.local/lib/python3.12/site-packages/airflow/example_dags/example_branch_operator.py
[2025-01-01T10:17:22.711+0000] {processor.py:925} INFO - DAG(s) 'example_branch_operator' retrieved from /home/airflow/.local/lib/python3.12/site-packages/airflow/example_dags/example_branch_operator.py
[2025-01-01T10:17:22.745+0000] {logging_mixin.py:190} INFO - [2025-01-01T10:17:22.745+0000] {dag.py:3239} INFO - Sync 1 DAGs
[2025-01-01T10:17:22.773+0000] {logging_mixin.py:190} INFO - [2025-01-01T10:17:22.773+0000] {dag.py:4180} INFO - Setting next_dagrun for example_branch_operator to 2024-12-31 00:00:00+00:00, run_after=2025-01-01 00:00:00+00:00
[2025-01-01T10:17:22.804+0000] {processor.py:208} INFO - Processing /home/airflow/.local/lib/python3.12/site-packages/airflow/example_dags/example_branch_operator.py took 0.129 seconds
[2025-01-01T10:17:54.697+0000] {processor.py:186} INFO - Started process (PID=698) to work on /home/airflow/.local/lib/python3.12/site-packages/airflow/example_dags/example_branch_operator.py
[2025-01-01T10:17:54.714+0000] {processor.py:914} INFO - Processing file /home/airflow/.local/lib/python3.12/site-packages/airflow/example_dags/example_branch_operator.py for tasks to queue
[2025-01-01T10:17:54.767+0000] {logging_mixin.py:190} INFO - [2025-01-01T10:17:54.756+0000] {dagbag.py:588} INFO - Filling up the DagBag from /home/airflow/.local/lib/python3.12/site-packages/airflow/example_dags/example_branch_operator.py
[2025-01-01T10:17:55.112+0000] {processor.py:925} INFO - DAG(s) 'example_branch_operator' retrieved from /home/airflow/.local/lib/python3.12/site-packages/airflow/example_dags/example_branch_operator.py
[2025-01-01T10:17:55.638+0000] {logging_mixin.py:190} INFO - [2025-01-01T10:17:55.636+0000] {dag.py:3239} INFO - Sync 1 DAGs
[2025-01-01T10:17:56.117+0000] {logging_mixin.py:190} INFO - [2025-01-01T10:17:56.115+0000] {dag.py:4180} INFO - Setting next_dagrun for example_branch_operator to 2024-12-31 00:00:00+00:00, run_after=2025-01-01 00:00:00+00:00
[2025-01-01T10:17:56.407+0000] {processor.py:208} INFO - Processing /home/airflow/.local/lib/python3.12/site-packages/airflow/example_dags/example_branch_operator.py took 1.881 seconds
[2025-01-01T10:18:27.416+0000] {processor.py:186} INFO - Started process (PID=761) to work on /home/airflow/.local/lib/python3.12/site-packages/airflow/example_dags/example_branch_operator.py
[2025-01-01T10:18:27.418+0000] {processor.py:914} INFO - Processing file /home/airflow/.local/lib/python3.12/site-packages/airflow/example_dags/example_branch_operator.py for tasks to queue
[2025-01-01T10:18:27.421+0000] {logging_mixin.py:190} INFO - [2025-01-01T10:18:27.420+0000] {dagbag.py:588} INFO - Filling up the DagBag from /home/airflow/.local/lib/python3.12/site-packages/airflow/example_dags/example_branch_operator.py
[2025-01-01T10:18:27.438+0000] {processor.py:925} INFO - DAG(s) 'example_branch_operator' retrieved from /home/airflow/.local/lib/python3.12/site-packages/airflow/example_dags/example_branch_operator.py
[2025-01-01T10:18:27.469+0000] {logging_mixin.py:190} INFO - [2025-01-01T10:18:27.469+0000] {dag.py:3239} INFO - Sync 1 DAGs
[2025-01-01T10:18:27.492+0000] {logging_mixin.py:190} INFO - [2025-01-01T10:18:27.491+0000] {dag.py:4180} INFO - Setting next_dagrun for example_branch_operator to 2024-12-31 00:00:00+00:00, run_after=2025-01-01 00:00:00+00:00
[2025-01-01T10:18:27.520+0000] {processor.py:208} INFO - Processing /home/airflow/.local/lib/python3.12/site-packages/airflow/example_dags/example_branch_operator.py took 0.110 seconds
[2025-01-01T10:19:01.800+0000] {processor.py:186} INFO - Started process (PID=824) to work on /home/airflow/.local/lib/python3.12/site-packages/airflow/example_dags/example_branch_operator.py
[2025-01-01T10:19:01.807+0000] {processor.py:914} INFO - Processing file /home/airflow/.local/lib/python3.12/site-packages/airflow/example_dags/example_branch_operator.py for tasks to queue
[2025-01-01T10:19:01.826+0000] {logging_mixin.py:190} INFO - [2025-01-01T10:19:01.823+0000] {dagbag.py:588} INFO - Filling up the DagBag from /home/airflow/.local/lib/python3.12/site-packages/airflow/example_dags/example_branch_operator.py
[2025-01-01T10:19:01.940+0000] {processor.py:925} INFO - DAG(s) 'example_branch_operator' retrieved from /home/airflow/.local/lib/python3.12/site-packages/airflow/example_dags/example_branch_operator.py
[2025-01-01T10:19:02.186+0000] {logging_mixin.py:190} INFO - [2025-01-01T10:19:02.184+0000] {dag.py:3239} INFO - Sync 1 DAGs
[2025-01-01T10:19:02.459+0000] {logging_mixin.py:190} INFO - [2025-01-01T10:19:02.457+0000] {dag.py:4180} INFO - Setting next_dagrun for example_branch_operator to 2024-12-31 00:00:00+00:00, run_after=2025-01-01 00:00:00+00:00
[2025-01-01T10:19:02.561+0000] {processor.py:208} INFO - Processing /home/airflow/.local/lib/python3.12/site-packages/airflow/example_dags/example_branch_operator.py took 0.832 seconds
[2025-01-01T10:19:38.428+0000] {processor.py:186} INFO - Started process (PID=884) to work on /home/airflow/.local/lib/python3.12/site-packages/airflow/example_dags/example_branch_operator.py
[2025-01-01T10:19:38.432+0000] {processor.py:914} INFO - Processing file /home/airflow/.local/lib/python3.12/site-packages/airflow/example_dags/example_branch_operator.py for tasks to queue
[2025-01-01T10:19:38.445+0000] {logging_mixin.py:190} INFO - [2025-01-01T10:19:38.443+0000] {dagbag.py:588} INFO - Filling up the DagBag from /home/airflow/.local/lib/python3.12/site-packages/airflow/example_dags/example_branch_operator.py
[2025-01-01T10:19:38.553+0000] {processor.py:925} INFO - DAG(s) 'example_branch_operator' retrieved from /home/airflow/.local/lib/python3.12/site-packages/airflow/example_dags/example_branch_operator.py
[2025-01-01T10:19:38.694+0000] {logging_mixin.py:190} INFO - [2025-01-01T10:19:38.693+0000] {dag.py:3239} INFO - Sync 1 DAGs
[2025-01-01T10:19:38.827+0000] {logging_mixin.py:190} INFO - [2025-01-01T10:19:38.826+0000] {dag.py:4180} INFO - Setting next_dagrun for example_branch_operator to 2024-12-31 00:00:00+00:00, run_after=2025-01-01 00:00:00+00:00
[2025-01-01T10:19:38.909+0000] {processor.py:208} INFO - Processing /home/airflow/.local/lib/python3.12/site-packages/airflow/example_dags/example_branch_operator.py took 0.514 seconds
[2025-01-01T10:20:09.726+0000] {processor.py:186} INFO - Started process (PID=947) to work on /home/airflow/.local/lib/python3.12/site-packages/airflow/example_dags/example_branch_operator.py
[2025-01-01T10:20:09.728+0000] {processor.py:914} INFO - Processing file /home/airflow/.local/lib/python3.12/site-packages/airflow/example_dags/example_branch_operator.py for tasks to queue
[2025-01-01T10:20:09.732+0000] {logging_mixin.py:190} INFO - [2025-01-01T10:20:09.732+0000] {dagbag.py:588} INFO - Filling up the DagBag from /home/airflow/.local/lib/python3.12/site-packages/airflow/example_dags/example_branch_operator.py
[2025-01-01T10:20:09.767+0000] {processor.py:925} INFO - DAG(s) 'example_branch_operator' retrieved from /home/airflow/.local/lib/python3.12/site-packages/airflow/example_dags/example_branch_operator.py
[2025-01-01T10:20:09.818+0000] {logging_mixin.py:190} INFO - [2025-01-01T10:20:09.817+0000] {dag.py:3239} INFO - Sync 1 DAGs
[2025-01-01T10:20:09.860+0000] {logging_mixin.py:190} INFO - [2025-01-01T10:20:09.860+0000] {dag.py:4180} INFO - Setting next_dagrun for example_branch_operator to 2024-12-31 00:00:00+00:00, run_after=2025-01-01 00:00:00+00:00
[2025-01-01T10:20:09.896+0000] {processor.py:208} INFO - Processing /home/airflow/.local/lib/python3.12/site-packages/airflow/example_dags/example_branch_operator.py took 0.181 seconds
[2025-01-01T10:20:40.195+0000] {processor.py:186} INFO - Started process (PID=1009) to work on /home/airflow/.local/lib/python3.12/site-packages/airflow/example_dags/example_branch_operator.py
[2025-01-01T10:20:40.196+0000] {processor.py:914} INFO - Processing file /home/airflow/.local/lib/python3.12/site-packages/airflow/example_dags/example_branch_operator.py for tasks to queue
[2025-01-01T10:20:40.200+0000] {logging_mixin.py:190} INFO - [2025-01-01T10:20:40.199+0000] {dagbag.py:588} INFO - Filling up the DagBag from /home/airflow/.local/lib/python3.12/site-packages/airflow/example_dags/example_branch_operator.py
[2025-01-01T10:20:40.222+0000] {processor.py:925} INFO - DAG(s) 'example_branch_operator' retrieved from /home/airflow/.local/lib/python3.12/site-packages/airflow/example_dags/example_branch_operator.py
[2025-01-01T10:20:40.261+0000] {logging_mixin.py:190} INFO - [2025-01-01T10:20:40.261+0000] {dag.py:3239} INFO - Sync 1 DAGs
[2025-01-01T10:20:40.291+0000] {logging_mixin.py:190} INFO - [2025-01-01T10:20:40.291+0000] {dag.py:4180} INFO - Setting next_dagrun for example_branch_operator to 2024-12-31 00:00:00+00:00, run_after=2025-01-01 00:00:00+00:00
[2025-01-01T10:20:40.322+0000] {processor.py:208} INFO - Processing /home/airflow/.local/lib/python3.12/site-packages/airflow/example_dags/example_branch_operator.py took 0.133 seconds
[2025-01-01T10:21:10.951+0000] {processor.py:186} INFO - Started process (PID=1072) to work on /home/airflow/.local/lib/python3.12/site-packages/airflow/example_dags/example_branch_operator.py
[2025-01-01T10:21:10.953+0000] {processor.py:914} INFO - Processing file /home/airflow/.local/lib/python3.12/site-packages/airflow/example_dags/example_branch_operator.py for tasks to queue
[2025-01-01T10:21:10.958+0000] {logging_mixin.py:190} INFO - [2025-01-01T10:21:10.957+0000] {dagbag.py:588} INFO - Filling up the DagBag from /home/airflow/.local/lib/python3.12/site-packages/airflow/example_dags/example_branch_operator.py
[2025-01-01T10:21:10.980+0000] {processor.py:925} INFO - DAG(s) 'example_branch_operator' retrieved from /home/airflow/.local/lib/python3.12/site-packages/airflow/example_dags/example_branch_operator.py
[2025-01-01T10:21:11.019+0000] {logging_mixin.py:190} INFO - [2025-01-01T10:21:11.018+0000] {dag.py:3239} INFO - Sync 1 DAGs
[2025-01-01T10:21:11.053+0000] {logging_mixin.py:190} INFO - [2025-01-01T10:21:11.052+0000] {dag.py:4180} INFO - Setting next_dagrun for example_branch_operator to 2024-12-31 00:00:00+00:00, run_after=2025-01-01 00:00:00+00:00
[2025-01-01T10:21:11.083+0000] {processor.py:208} INFO - Processing /home/airflow/.local/lib/python3.12/site-packages/airflow/example_dags/example_branch_operator.py took 0.142 seconds
[2025-01-01T10:21:41.867+0000] {processor.py:186} INFO - Started process (PID=1136) to work on /home/airflow/.local/lib/python3.12/site-packages/airflow/example_dags/example_branch_operator.py
[2025-01-01T10:21:41.870+0000] {processor.py:914} INFO - Processing file /home/airflow/.local/lib/python3.12/site-packages/airflow/example_dags/example_branch_operator.py for tasks to queue
[2025-01-01T10:21:41.875+0000] {logging_mixin.py:190} INFO - [2025-01-01T10:21:41.874+0000] {dagbag.py:588} INFO - Filling up the DagBag from /home/airflow/.local/lib/python3.12/site-packages/airflow/example_dags/example_branch_operator.py
[2025-01-01T10:21:41.913+0000] {processor.py:925} INFO - DAG(s) 'example_branch_operator' retrieved from /home/airflow/.local/lib/python3.12/site-packages/airflow/example_dags/example_branch_operator.py
[2025-01-01T10:21:41.980+0000] {logging_mixin.py:190} INFO - [2025-01-01T10:21:41.980+0000] {dag.py:3239} INFO - Sync 1 DAGs
[2025-01-01T10:21:42.027+0000] {logging_mixin.py:190} INFO - [2025-01-01T10:21:42.027+0000] {dag.py:4180} INFO - Setting next_dagrun for example_branch_operator to 2024-12-31 00:00:00+00:00, run_after=2025-01-01 00:00:00+00:00
[2025-01-01T10:21:42.068+0000] {processor.py:208} INFO - Processing /home/airflow/.local/lib/python3.12/site-packages/airflow/example_dags/example_branch_operator.py took 0.214 seconds
[2025-01-01T10:22:12.951+0000] {processor.py:186} INFO - Started process (PID=1198) to work on /home/airflow/.local/lib/python3.12/site-packages/airflow/example_dags/example_branch_operator.py
[2025-01-01T10:22:12.952+0000] {processor.py:914} INFO - Processing file /home/airflow/.local/lib/python3.12/site-packages/airflow/example_dags/example_branch_operator.py for tasks to queue
[2025-01-01T10:22:12.956+0000] {logging_mixin.py:190} INFO - [2025-01-01T10:22:12.955+0000] {dagbag.py:588} INFO - Filling up the DagBag from /home/airflow/.local/lib/python3.12/site-packages/airflow/example_dags/example_branch_operator.py
[2025-01-01T10:22:12.978+0000] {processor.py:925} INFO - DAG(s) 'example_branch_operator' retrieved from /home/airflow/.local/lib/python3.12/site-packages/airflow/example_dags/example_branch_operator.py
[2025-01-01T10:22:13.022+0000] {logging_mixin.py:190} INFO - [2025-01-01T10:22:13.021+0000] {dag.py:3239} INFO - Sync 1 DAGs
[2025-01-01T10:22:13.057+0000] {logging_mixin.py:190} INFO - [2025-01-01T10:22:13.057+0000] {dag.py:4180} INFO - Setting next_dagrun for example_branch_operator to 2024-12-31 00:00:00+00:00, run_after=2025-01-01 00:00:00+00:00
[2025-01-01T10:22:13.094+0000] {processor.py:208} INFO - Processing /home/airflow/.local/lib/python3.12/site-packages/airflow/example_dags/example_branch_operator.py took 0.154 seconds
[2025-01-01T10:22:43.746+0000] {processor.py:186} INFO - Started process (PID=1261) to work on /home/airflow/.local/lib/python3.12/site-packages/airflow/example_dags/example_branch_operator.py
[2025-01-01T10:22:43.748+0000] {processor.py:914} INFO - Processing file /home/airflow/.local/lib/python3.12/site-packages/airflow/example_dags/example_branch_operator.py for tasks to queue
[2025-01-01T10:22:43.752+0000] {logging_mixin.py:190} INFO - [2025-01-01T10:22:43.752+0000] {dagbag.py:588} INFO - Filling up the DagBag from /home/airflow/.local/lib/python3.12/site-packages/airflow/example_dags/example_branch_operator.py
[2025-01-01T10:22:43.772+0000] {processor.py:925} INFO - DAG(s) 'example_branch_operator' retrieved from /home/airflow/.local/lib/python3.12/site-packages/airflow/example_dags/example_branch_operator.py
[2025-01-01T10:22:43.807+0000] {logging_mixin.py:190} INFO - [2025-01-01T10:22:43.806+0000] {dag.py:3239} INFO - Sync 1 DAGs
[2025-01-01T10:22:43.838+0000] {logging_mixin.py:190} INFO - [2025-01-01T10:22:43.837+0000] {dag.py:4180} INFO - Setting next_dagrun for example_branch_operator to 2024-12-31 00:00:00+00:00, run_after=2025-01-01 00:00:00+00:00
[2025-01-01T10:22:43.869+0000] {processor.py:208} INFO - Processing /home/airflow/.local/lib/python3.12/site-packages/airflow/example_dags/example_branch_operator.py took 0.130 seconds
[2025-01-01T10:23:14.179+0000] {processor.py:186} INFO - Started process (PID=1324) to work on /home/airflow/.local/lib/python3.12/site-packages/airflow/example_dags/example_branch_operator.py
[2025-01-01T10:23:14.180+0000] {processor.py:914} INFO - Processing file /home/airflow/.local/lib/python3.12/site-packages/airflow/example_dags/example_branch_operator.py for tasks to queue
[2025-01-01T10:23:14.184+0000] {logging_mixin.py:190} INFO - [2025-01-01T10:23:14.184+0000] {dagbag.py:588} INFO - Filling up the DagBag from /home/airflow/.local/lib/python3.12/site-packages/airflow/example_dags/example_branch_operator.py
[2025-01-01T10:23:14.206+0000] {processor.py:925} INFO - DAG(s) 'example_branch_operator' retrieved from /home/airflow/.local/lib/python3.12/site-packages/airflow/example_dags/example_branch_operator.py
[2025-01-01T10:23:14.240+0000] {logging_mixin.py:190} INFO - [2025-01-01T10:23:14.239+0000] {dag.py:3239} INFO - Sync 1 DAGs
[2025-01-01T10:23:14.269+0000] {logging_mixin.py:190} INFO - [2025-01-01T10:23:14.268+0000] {dag.py:4180} INFO - Setting next_dagrun for example_branch_operator to 2024-12-31 00:00:00+00:00, run_after=2025-01-01 00:00:00+00:00
[2025-01-01T10:23:14.298+0000] {processor.py:208} INFO - Processing /home/airflow/.local/lib/python3.12/site-packages/airflow/example_dags/example_branch_operator.py took 0.126 seconds
[2025-01-01T10:23:44.541+0000] {processor.py:186} INFO - Started process (PID=1386) to work on /home/airflow/.local/lib/python3.12/site-packages/airflow/example_dags/example_branch_operator.py
[2025-01-01T10:23:44.546+0000] {processor.py:914} INFO - Processing file /home/airflow/.local/lib/python3.12/site-packages/airflow/example_dags/example_branch_operator.py for tasks to queue
[2025-01-01T10:23:44.557+0000] {logging_mixin.py:190} INFO - [2025-01-01T10:23:44.556+0000] {dagbag.py:588} INFO - Filling up the DagBag from /home/airflow/.local/lib/python3.12/site-packages/airflow/example_dags/example_branch_operator.py
[2025-01-01T10:23:44.665+0000] {processor.py:925} INFO - DAG(s) 'example_branch_operator' retrieved from /home/airflow/.local/lib/python3.12/site-packages/airflow/example_dags/example_branch_operator.py
[2025-01-01T10:23:44.800+0000] {logging_mixin.py:190} INFO - [2025-01-01T10:23:44.799+0000] {dag.py:3239} INFO - Sync 1 DAGs
[2025-01-01T10:23:44.901+0000] {logging_mixin.py:190} INFO - [2025-01-01T10:23:44.900+0000] {dag.py:4180} INFO - Setting next_dagrun for example_branch_operator to 2024-12-31 00:00:00+00:00, run_after=2025-01-01 00:00:00+00:00
[2025-01-01T10:23:44.977+0000] {processor.py:208} INFO - Processing /home/airflow/.local/lib/python3.12/site-packages/airflow/example_dags/example_branch_operator.py took 0.466 seconds
[2025-01-01T10:24:18.996+0000] {processor.py:186} INFO - Started process (PID=1448) to work on /home/airflow/.local/lib/python3.12/site-packages/airflow/example_dags/example_branch_operator.py
[2025-01-01T10:24:18.999+0000] {processor.py:914} INFO - Processing file /home/airflow/.local/lib/python3.12/site-packages/airflow/example_dags/example_branch_operator.py for tasks to queue
[2025-01-01T10:24:19.007+0000] {logging_mixin.py:190} INFO - [2025-01-01T10:24:19.006+0000] {dagbag.py:588} INFO - Filling up the DagBag from /home/airflow/.local/lib/python3.12/site-packages/airflow/example_dags/example_branch_operator.py
[2025-01-01T10:24:19.063+0000] {processor.py:925} INFO - DAG(s) 'example_branch_operator' retrieved from /home/airflow/.local/lib/python3.12/site-packages/airflow/example_dags/example_branch_operator.py
[2025-01-01T10:24:19.159+0000] {logging_mixin.py:190} INFO - [2025-01-01T10:24:19.159+0000] {dag.py:3239} INFO - Sync 1 DAGs
[2025-01-01T10:24:19.241+0000] {logging_mixin.py:190} INFO - [2025-01-01T10:24:19.240+0000] {dag.py:4180} INFO - Setting next_dagrun for example_branch_operator to 2024-12-31 00:00:00+00:00, run_after=2025-01-01 00:00:00+00:00
[2025-01-01T10:24:19.293+0000] {processor.py:208} INFO - Processing /home/airflow/.local/lib/python3.12/site-packages/airflow/example_dags/example_branch_operator.py took 0.316 seconds
[2025-01-01T10:25:01.188+0000] {processor.py:186} INFO - Started process (PID=1504) to work on /home/airflow/.local/lib/python3.12/site-packages/airflow/example_dags/example_branch_operator.py
[2025-01-01T10:25:01.196+0000] {processor.py:914} INFO - Processing file /home/airflow/.local/lib/python3.12/site-packages/airflow/example_dags/example_branch_operator.py for tasks to queue
[2025-01-01T10:25:01.220+0000] {logging_mixin.py:190} INFO - [2025-01-01T10:25:01.218+0000] {dagbag.py:588} INFO - Filling up the DagBag from /home/airflow/.local/lib/python3.12/site-packages/airflow/example_dags/example_branch_operator.py
[2025-01-01T10:25:01.381+0000] {processor.py:925} INFO - DAG(s) 'example_branch_operator' retrieved from /home/airflow/.local/lib/python3.12/site-packages/airflow/example_dags/example_branch_operator.py
[2025-01-01T10:25:01.586+0000] {logging_mixin.py:190} INFO - [2025-01-01T10:25:01.585+0000] {dag.py:3239} INFO - Sync 1 DAGs
[2025-01-01T10:25:01.760+0000] {logging_mixin.py:190} INFO - [2025-01-01T10:25:01.759+0000] {dag.py:4180} INFO - Setting next_dagrun for example_branch_operator to 2024-12-31 00:00:00+00:00, run_after=2025-01-01 00:00:00+00:00
[2025-01-01T10:25:01.898+0000] {processor.py:208} INFO - Processing /home/airflow/.local/lib/python3.12/site-packages/airflow/example_dags/example_branch_operator.py took 0.778 seconds
[2025-01-01T10:25:48.398+0000] {processor.py:186} INFO - Started process (PID=1567) to work on /home/airflow/.local/lib/python3.12/site-packages/airflow/example_dags/example_branch_operator.py
[2025-01-01T10:25:48.413+0000] {processor.py:914} INFO - Processing file /home/airflow/.local/lib/python3.12/site-packages/airflow/example_dags/example_branch_operator.py for tasks to queue
[2025-01-01T10:25:48.434+0000] {logging_mixin.py:190} INFO - [2025-01-01T10:25:48.432+0000] {dagbag.py:588} INFO - Filling up the DagBag from /home/airflow/.local/lib/python3.12/site-packages/airflow/example_dags/example_branch_operator.py
[2025-01-01T10:25:48.585+0000] {processor.py:925} INFO - DAG(s) 'example_branch_operator' retrieved from /home/airflow/.local/lib/python3.12/site-packages/airflow/example_dags/example_branch_operator.py
[2025-01-01T10:25:48.857+0000] {logging_mixin.py:190} INFO - [2025-01-01T10:25:48.856+0000] {dag.py:3239} INFO - Sync 1 DAGs
[2025-01-01T10:25:49.069+0000] {logging_mixin.py:190} INFO - [2025-01-01T10:25:49.067+0000] {dag.py:4180} INFO - Setting next_dagrun for example_branch_operator to 2024-12-31 00:00:00+00:00, run_after=2025-01-01 00:00:00+00:00
[2025-01-01T10:25:49.209+0000] {processor.py:208} INFO - Processing /home/airflow/.local/lib/python3.12/site-packages/airflow/example_dags/example_branch_operator.py took 0.946 seconds
[2025-01-01T10:26:19.383+0000] {processor.py:186} INFO - Started process (PID=1628) to work on /home/airflow/.local/lib/python3.12/site-packages/airflow/example_dags/example_branch_operator.py
[2025-01-01T10:26:19.387+0000] {processor.py:914} INFO - Processing file /home/airflow/.local/lib/python3.12/site-packages/airflow/example_dags/example_branch_operator.py for tasks to queue
[2025-01-01T10:26:19.396+0000] {logging_mixin.py:190} INFO - [2025-01-01T10:26:19.395+0000] {dagbag.py:588} INFO - Filling up the DagBag from /home/airflow/.local/lib/python3.12/site-packages/airflow/example_dags/example_branch_operator.py
[2025-01-01T10:26:19.499+0000] {processor.py:925} INFO - DAG(s) 'example_branch_operator' retrieved from /home/airflow/.local/lib/python3.12/site-packages/airflow/example_dags/example_branch_operator.py
[2025-01-01T10:26:19.601+0000] {logging_mixin.py:190} INFO - [2025-01-01T10:26:19.600+0000] {dag.py:3239} INFO - Sync 1 DAGs
[2025-01-01T10:26:19.693+0000] {logging_mixin.py:190} INFO - [2025-01-01T10:26:19.692+0000] {dag.py:4180} INFO - Setting next_dagrun for example_branch_operator to 2024-12-31 00:00:00+00:00, run_after=2025-01-01 00:00:00+00:00
[2025-01-01T10:26:19.763+0000] {processor.py:208} INFO - Processing /home/airflow/.local/lib/python3.12/site-packages/airflow/example_dags/example_branch_operator.py took 0.404 seconds
[2025-01-01T10:26:50.562+0000] {processor.py:186} INFO - Started process (PID=1691) to work on /home/airflow/.local/lib/python3.12/site-packages/airflow/example_dags/example_branch_operator.py
[2025-01-01T10:26:50.564+0000] {processor.py:914} INFO - Processing file /home/airflow/.local/lib/python3.12/site-packages/airflow/example_dags/example_branch_operator.py for tasks to queue
[2025-01-01T10:26:50.567+0000] {logging_mixin.py:190} INFO - [2025-01-01T10:26:50.567+0000] {dagbag.py:588} INFO - Filling up the DagBag from /home/airflow/.local/lib/python3.12/site-packages/airflow/example_dags/example_branch_operator.py
[2025-01-01T10:26:50.591+0000] {processor.py:925} INFO - DAG(s) 'example_branch_operator' retrieved from /home/airflow/.local/lib/python3.12/site-packages/airflow/example_dags/example_branch_operator.py
[2025-01-01T10:26:50.629+0000] {logging_mixin.py:190} INFO - [2025-01-01T10:26:50.628+0000] {dag.py:3239} INFO - Sync 1 DAGs
[2025-01-01T10:26:50.659+0000] {logging_mixin.py:190} INFO - [2025-01-01T10:26:50.658+0000] {dag.py:4180} INFO - Setting next_dagrun for example_branch_operator to 2024-12-31 00:00:00+00:00, run_after=2025-01-01 00:00:00+00:00
[2025-01-01T10:26:50.687+0000] {processor.py:208} INFO - Processing /home/airflow/.local/lib/python3.12/site-packages/airflow/example_dags/example_branch_operator.py took 0.133 seconds
[2025-01-01T10:27:21.268+0000] {processor.py:186} INFO - Started process (PID=1754) to work on /home/airflow/.local/lib/python3.12/site-packages/airflow/example_dags/example_branch_operator.py
[2025-01-01T10:27:21.271+0000] {processor.py:914} INFO - Processing file /home/airflow/.local/lib/python3.12/site-packages/airflow/example_dags/example_branch_operator.py for tasks to queue
[2025-01-01T10:27:21.276+0000] {logging_mixin.py:190} INFO - [2025-01-01T10:27:21.275+0000] {dagbag.py:588} INFO - Filling up the DagBag from /home/airflow/.local/lib/python3.12/site-packages/airflow/example_dags/example_branch_operator.py
[2025-01-01T10:27:21.314+0000] {processor.py:925} INFO - DAG(s) 'example_branch_operator' retrieved from /home/airflow/.local/lib/python3.12/site-packages/airflow/example_dags/example_branch_operator.py
[2025-01-01T10:27:21.375+0000] {logging_mixin.py:190} INFO - [2025-01-01T10:27:21.375+0000] {dag.py:3239} INFO - Sync 1 DAGs
[2025-01-01T10:27:21.436+0000] {logging_mixin.py:190} INFO - [2025-01-01T10:27:21.435+0000] {dag.py:4180} INFO - Setting next_dagrun for example_branch_operator to 2024-12-31 00:00:00+00:00, run_after=2025-01-01 00:00:00+00:00
[2025-01-01T10:27:21.487+0000] {processor.py:208} INFO - Processing /home/airflow/.local/lib/python3.12/site-packages/airflow/example_dags/example_branch_operator.py took 0.236 seconds
[2025-01-01T10:27:52.120+0000] {processor.py:186} INFO - Started process (PID=1816) to work on /home/airflow/.local/lib/python3.12/site-packages/airflow/example_dags/example_branch_operator.py
[2025-01-01T10:27:52.122+0000] {processor.py:914} INFO - Processing file /home/airflow/.local/lib/python3.12/site-packages/airflow/example_dags/example_branch_operator.py for tasks to queue
[2025-01-01T10:27:52.125+0000] {logging_mixin.py:190} INFO - [2025-01-01T10:27:52.125+0000] {dagbag.py:588} INFO - Filling up the DagBag from /home/airflow/.local/lib/python3.12/site-packages/airflow/example_dags/example_branch_operator.py
[2025-01-01T10:27:52.161+0000] {processor.py:925} INFO - DAG(s) 'example_branch_operator' retrieved from /home/airflow/.local/lib/python3.12/site-packages/airflow/example_dags/example_branch_operator.py
[2025-01-01T10:27:52.270+0000] {logging_mixin.py:190} INFO - [2025-01-01T10:27:52.269+0000] {dag.py:3239} INFO - Sync 1 DAGs
[2025-01-01T10:27:52.326+0000] {logging_mixin.py:190} INFO - [2025-01-01T10:27:52.326+0000] {dag.py:4180} INFO - Setting next_dagrun for example_branch_operator to 2024-12-31 00:00:00+00:00, run_after=2025-01-01 00:00:00+00:00
[2025-01-01T10:27:52.367+0000] {processor.py:208} INFO - Processing /home/airflow/.local/lib/python3.12/site-packages/airflow/example_dags/example_branch_operator.py took 0.256 seconds
[2025-01-01T10:28:22.945+0000] {processor.py:186} INFO - Started process (PID=1878) to work on /home/airflow/.local/lib/python3.12/site-packages/airflow/example_dags/example_branch_operator.py
[2025-01-01T10:28:22.950+0000] {processor.py:914} INFO - Processing file /home/airflow/.local/lib/python3.12/site-packages/airflow/example_dags/example_branch_operator.py for tasks to queue
[2025-01-01T10:28:22.958+0000] {logging_mixin.py:190} INFO - [2025-01-01T10:28:22.956+0000] {dagbag.py:588} INFO - Filling up the DagBag from /home/airflow/.local/lib/python3.12/site-packages/airflow/example_dags/example_branch_operator.py
[2025-01-01T10:28:23.041+0000] {processor.py:925} INFO - DAG(s) 'example_branch_operator' retrieved from /home/airflow/.local/lib/python3.12/site-packages/airflow/example_dags/example_branch_operator.py
[2025-01-01T10:28:23.139+0000] {logging_mixin.py:190} INFO - [2025-01-01T10:28:23.138+0000] {dag.py:3239} INFO - Sync 1 DAGs
[2025-01-01T10:28:23.237+0000] {logging_mixin.py:190} INFO - [2025-01-01T10:28:23.236+0000] {dag.py:4180} INFO - Setting next_dagrun for example_branch_operator to 2024-12-31 00:00:00+00:00, run_after=2025-01-01 00:00:00+00:00
[2025-01-01T10:28:23.322+0000] {processor.py:208} INFO - Processing /home/airflow/.local/lib/python3.12/site-packages/airflow/example_dags/example_branch_operator.py took 0.406 seconds
[2025-01-01T10:29:15.353+0000] {processor.py:186} INFO - Started process (PID=1949) to work on /home/airflow/.local/lib/python3.12/site-packages/airflow/example_dags/example_branch_operator.py
[2025-01-01T10:29:15.368+0000] {processor.py:914} INFO - Processing file /home/airflow/.local/lib/python3.12/site-packages/airflow/example_dags/example_branch_operator.py for tasks to queue
[2025-01-01T10:29:15.436+0000] {logging_mixin.py:190} INFO - [2025-01-01T10:29:15.422+0000] {dagbag.py:588} INFO - Filling up the DagBag from /home/airflow/.local/lib/python3.12/site-packages/airflow/example_dags/example_branch_operator.py
[2025-01-01T10:29:15.657+0000] {processor.py:925} INFO - DAG(s) 'example_branch_operator' retrieved from /home/airflow/.local/lib/python3.12/site-packages/airflow/example_dags/example_branch_operator.py
[2025-01-01T10:29:16.001+0000] {logging_mixin.py:190} INFO - [2025-01-01T10:29:15.999+0000] {dag.py:3239} INFO - Sync 1 DAGs
[2025-01-01T10:29:16.177+0000] {logging_mixin.py:190} INFO - [2025-01-01T10:29:16.176+0000] {dag.py:4180} INFO - Setting next_dagrun for example_branch_operator to 2024-12-31 00:00:00+00:00, run_after=2025-01-01 00:00:00+00:00
[2025-01-01T10:29:16.322+0000] {processor.py:208} INFO - Processing /home/airflow/.local/lib/python3.12/site-packages/airflow/example_dags/example_branch_operator.py took 0.992 seconds
[2025-01-01T10:29:47.287+0000] {processor.py:186} INFO - Started process (PID=2011) to work on /home/airflow/.local/lib/python3.12/site-packages/airflow/example_dags/example_branch_operator.py
[2025-01-01T10:29:47.311+0000] {processor.py:914} INFO - Processing file /home/airflow/.local/lib/python3.12/site-packages/airflow/example_dags/example_branch_operator.py for tasks to queue
[2025-01-01T10:29:47.431+0000] {logging_mixin.py:190} INFO - [2025-01-01T10:29:47.417+0000] {dagbag.py:588} INFO - Filling up the DagBag from /home/airflow/.local/lib/python3.12/site-packages/airflow/example_dags/example_branch_operator.py
[2025-01-01T10:29:47.709+0000] {processor.py:925} INFO - DAG(s) 'example_branch_operator' retrieved from /home/airflow/.local/lib/python3.12/site-packages/airflow/example_dags/example_branch_operator.py
[2025-01-01T10:29:48.063+0000] {logging_mixin.py:190} INFO - [2025-01-01T10:29:48.061+0000] {dag.py:3239} INFO - Sync 1 DAGs
[2025-01-01T10:29:48.317+0000] {logging_mixin.py:190} INFO - [2025-01-01T10:29:48.300+0000] {dag.py:4180} INFO - Setting next_dagrun for example_branch_operator to 2024-12-31 00:00:00+00:00, run_after=2025-01-01 00:00:00+00:00
[2025-01-01T10:29:48.517+0000] {processor.py:208} INFO - Processing /home/airflow/.local/lib/python3.12/site-packages/airflow/example_dags/example_branch_operator.py took 1.339 seconds
[2025-01-01T10:30:33.677+0000] {processor.py:186} INFO - Started process (PID=2082) to work on /home/airflow/.local/lib/python3.12/site-packages/airflow/example_dags/example_branch_operator.py
[2025-01-01T10:30:33.681+0000] {processor.py:914} INFO - Processing file /home/airflow/.local/lib/python3.12/site-packages/airflow/example_dags/example_branch_operator.py for tasks to queue
[2025-01-01T10:30:33.690+0000] {logging_mixin.py:190} INFO - [2025-01-01T10:30:33.688+0000] {dagbag.py:588} INFO - Filling up the DagBag from /home/airflow/.local/lib/python3.12/site-packages/airflow/example_dags/example_branch_operator.py
[2025-01-01T10:30:33.772+0000] {processor.py:925} INFO - DAG(s) 'example_branch_operator' retrieved from /home/airflow/.local/lib/python3.12/site-packages/airflow/example_dags/example_branch_operator.py
[2025-01-01T10:30:33.886+0000] {logging_mixin.py:190} INFO - [2025-01-01T10:30:33.885+0000] {dag.py:3239} INFO - Sync 1 DAGs
[2025-01-01T10:30:33.988+0000] {logging_mixin.py:190} INFO - [2025-01-01T10:30:33.987+0000] {dag.py:4180} INFO - Setting next_dagrun for example_branch_operator to 2024-12-31 00:00:00+00:00, run_after=2025-01-01 00:00:00+00:00
[2025-01-01T10:30:34.092+0000] {processor.py:208} INFO - Processing /home/airflow/.local/lib/python3.12/site-packages/airflow/example_dags/example_branch_operator.py took 0.448 seconds
[2025-01-01T10:31:05.418+0000] {processor.py:186} INFO - Started process (PID=2145) to work on /home/airflow/.local/lib/python3.12/site-packages/airflow/example_dags/example_branch_operator.py
[2025-01-01T10:31:05.421+0000] {processor.py:914} INFO - Processing file /home/airflow/.local/lib/python3.12/site-packages/airflow/example_dags/example_branch_operator.py for tasks to queue
[2025-01-01T10:31:05.426+0000] {logging_mixin.py:190} INFO - [2025-01-01T10:31:05.426+0000] {dagbag.py:588} INFO - Filling up the DagBag from /home/airflow/.local/lib/python3.12/site-packages/airflow/example_dags/example_branch_operator.py
[2025-01-01T10:31:05.465+0000] {processor.py:925} INFO - DAG(s) 'example_branch_operator' retrieved from /home/airflow/.local/lib/python3.12/site-packages/airflow/example_dags/example_branch_operator.py
[2025-01-01T10:31:05.521+0000] {logging_mixin.py:190} INFO - [2025-01-01T10:31:05.521+0000] {dag.py:3239} INFO - Sync 1 DAGs
[2025-01-01T10:31:05.570+0000] {logging_mixin.py:190} INFO - [2025-01-01T10:31:05.570+0000] {dag.py:4180} INFO - Setting next_dagrun for example_branch_operator to 2024-12-31 00:00:00+00:00, run_after=2025-01-01 00:00:00+00:00
[2025-01-01T10:31:05.611+0000] {processor.py:208} INFO - Processing /home/airflow/.local/lib/python3.12/site-packages/airflow/example_dags/example_branch_operator.py took 0.205 seconds
[2025-01-01T10:31:42.453+0000] {processor.py:186} INFO - Started process (PID=2210) to work on /home/airflow/.local/lib/python3.12/site-packages/airflow/example_dags/example_branch_operator.py
[2025-01-01T10:31:42.456+0000] {processor.py:914} INFO - Processing file /home/airflow/.local/lib/python3.12/site-packages/airflow/example_dags/example_branch_operator.py for tasks to queue
[2025-01-01T10:31:42.468+0000] {logging_mixin.py:190} INFO - [2025-01-01T10:31:42.466+0000] {dagbag.py:588} INFO - Filling up the DagBag from /home/airflow/.local/lib/python3.12/site-packages/airflow/example_dags/example_branch_operator.py
[2025-01-01T10:31:42.562+0000] {processor.py:925} INFO - DAG(s) 'example_branch_operator' retrieved from /home/airflow/.local/lib/python3.12/site-packages/airflow/example_dags/example_branch_operator.py
[2025-01-01T10:31:42.686+0000] {logging_mixin.py:190} INFO - [2025-01-01T10:31:42.685+0000] {dag.py:3239} INFO - Sync 1 DAGs
[2025-01-01T10:31:42.803+0000] {logging_mixin.py:190} INFO - [2025-01-01T10:31:42.802+0000] {dag.py:4180} INFO - Setting next_dagrun for example_branch_operator to 2024-12-31 00:00:00+00:00, run_after=2025-01-01 00:00:00+00:00
[2025-01-01T10:31:42.983+0000] {processor.py:208} INFO - Processing /home/airflow/.local/lib/python3.12/site-packages/airflow/example_dags/example_branch_operator.py took 0.558 seconds
[2025-01-01T10:32:13.454+0000] {processor.py:186} INFO - Started process (PID=2273) to work on /home/airflow/.local/lib/python3.12/site-packages/airflow/example_dags/example_branch_operator.py
[2025-01-01T10:32:13.455+0000] {processor.py:914} INFO - Processing file /home/airflow/.local/lib/python3.12/site-packages/airflow/example_dags/example_branch_operator.py for tasks to queue
[2025-01-01T10:32:13.459+0000] {logging_mixin.py:190} INFO - [2025-01-01T10:32:13.458+0000] {dagbag.py:588} INFO - Filling up the DagBag from /home/airflow/.local/lib/python3.12/site-packages/airflow/example_dags/example_branch_operator.py
[2025-01-01T10:32:13.486+0000] {processor.py:925} INFO - DAG(s) 'example_branch_operator' retrieved from /home/airflow/.local/lib/python3.12/site-packages/airflow/example_dags/example_branch_operator.py
[2025-01-01T10:32:13.529+0000] {logging_mixin.py:190} INFO - [2025-01-01T10:32:13.528+0000] {dag.py:3239} INFO - Sync 1 DAGs
[2025-01-01T10:32:13.564+0000] {logging_mixin.py:190} INFO - [2025-01-01T10:32:13.564+0000] {dag.py:4180} INFO - Setting next_dagrun for example_branch_operator to 2024-12-31 00:00:00+00:00, run_after=2025-01-01 00:00:00+00:00
[2025-01-01T10:32:13.599+0000] {processor.py:208} INFO - Processing /home/airflow/.local/lib/python3.12/site-packages/airflow/example_dags/example_branch_operator.py took 0.155 seconds
[2025-01-01T10:32:45.550+0000] {processor.py:186} INFO - Started process (PID=2335) to work on /home/airflow/.local/lib/python3.12/site-packages/airflow/example_dags/example_branch_operator.py
[2025-01-01T10:32:45.559+0000] {processor.py:914} INFO - Processing file /home/airflow/.local/lib/python3.12/site-packages/airflow/example_dags/example_branch_operator.py for tasks to queue
[2025-01-01T10:32:45.574+0000] {logging_mixin.py:190} INFO - [2025-01-01T10:32:45.571+0000] {dagbag.py:588} INFO - Filling up the DagBag from /home/airflow/.local/lib/python3.12/site-packages/airflow/example_dags/example_branch_operator.py
[2025-01-01T10:32:45.642+0000] {processor.py:925} INFO - DAG(s) 'example_branch_operator' retrieved from /home/airflow/.local/lib/python3.12/site-packages/airflow/example_dags/example_branch_operator.py
[2025-01-01T10:32:45.742+0000] {logging_mixin.py:190} INFO - [2025-01-01T10:32:45.741+0000] {dag.py:3239} INFO - Sync 1 DAGs
[2025-01-01T10:32:45.848+0000] {logging_mixin.py:190} INFO - [2025-01-01T10:32:45.848+0000] {dag.py:4180} INFO - Setting next_dagrun for example_branch_operator to 2024-12-31 00:00:00+00:00, run_after=2025-01-01 00:00:00+00:00
[2025-01-01T10:32:45.882+0000] {processor.py:208} INFO - Processing /home/airflow/.local/lib/python3.12/site-packages/airflow/example_dags/example_branch_operator.py took 0.379 seconds
[2025-01-01T10:33:16.937+0000] {processor.py:186} INFO - Started process (PID=2400) to work on /home/airflow/.local/lib/python3.12/site-packages/airflow/example_dags/example_branch_operator.py
[2025-01-01T10:33:16.943+0000] {processor.py:914} INFO - Processing file /home/airflow/.local/lib/python3.12/site-packages/airflow/example_dags/example_branch_operator.py for tasks to queue
[2025-01-01T10:33:16.948+0000] {logging_mixin.py:190} INFO - [2025-01-01T10:33:16.948+0000] {dagbag.py:588} INFO - Filling up the DagBag from /home/airflow/.local/lib/python3.12/site-packages/airflow/example_dags/example_branch_operator.py
[2025-01-01T10:33:16.999+0000] {processor.py:925} INFO - DAG(s) 'example_branch_operator' retrieved from /home/airflow/.local/lib/python3.12/site-packages/airflow/example_dags/example_branch_operator.py
[2025-01-01T10:33:17.044+0000] {logging_mixin.py:190} INFO - [2025-01-01T10:33:17.043+0000] {dag.py:3239} INFO - Sync 1 DAGs
[2025-01-01T10:33:17.097+0000] {logging_mixin.py:190} INFO - [2025-01-01T10:33:17.097+0000] {dag.py:4180} INFO - Setting next_dagrun for example_branch_operator to 2024-12-31 00:00:00+00:00, run_after=2025-01-01 00:00:00+00:00
[2025-01-01T10:33:17.130+0000] {processor.py:208} INFO - Processing /home/airflow/.local/lib/python3.12/site-packages/airflow/example_dags/example_branch_operator.py took 0.201 seconds
[2025-01-01T10:33:48.196+0000] {processor.py:186} INFO - Started process (PID=2465) to work on /home/airflow/.local/lib/python3.12/site-packages/airflow/example_dags/example_branch_operator.py
[2025-01-01T10:33:48.198+0000] {processor.py:914} INFO - Processing file /home/airflow/.local/lib/python3.12/site-packages/airflow/example_dags/example_branch_operator.py for tasks to queue
[2025-01-01T10:33:48.202+0000] {logging_mixin.py:190} INFO - [2025-01-01T10:33:48.202+0000] {dagbag.py:588} INFO - Filling up the DagBag from /home/airflow/.local/lib/python3.12/site-packages/airflow/example_dags/example_branch_operator.py
[2025-01-01T10:33:48.242+0000] {processor.py:925} INFO - DAG(s) 'example_branch_operator' retrieved from /home/airflow/.local/lib/python3.12/site-packages/airflow/example_dags/example_branch_operator.py
[2025-01-01T10:33:48.295+0000] {logging_mixin.py:190} INFO - [2025-01-01T10:33:48.294+0000] {dag.py:3239} INFO - Sync 1 DAGs
[2025-01-01T10:33:48.337+0000] {logging_mixin.py:190} INFO - [2025-01-01T10:33:48.337+0000] {dag.py:4180} INFO - Setting next_dagrun for example_branch_operator to 2024-12-31 00:00:00+00:00, run_after=2025-01-01 00:00:00+00:00
[2025-01-01T10:33:48.378+0000] {processor.py:208} INFO - Processing /home/airflow/.local/lib/python3.12/site-packages/airflow/example_dags/example_branch_operator.py took 0.196 seconds
[2025-01-01T10:34:19.160+0000] {processor.py:186} INFO - Started process (PID=2528) to work on /home/airflow/.local/lib/python3.12/site-packages/airflow/example_dags/example_branch_operator.py
[2025-01-01T10:34:19.162+0000] {processor.py:914} INFO - Processing file /home/airflow/.local/lib/python3.12/site-packages/airflow/example_dags/example_branch_operator.py for tasks to queue
[2025-01-01T10:34:19.169+0000] {logging_mixin.py:190} INFO - [2025-01-01T10:34:19.168+0000] {dagbag.py:588} INFO - Filling up the DagBag from /home/airflow/.local/lib/python3.12/site-packages/airflow/example_dags/example_branch_operator.py
[2025-01-01T10:34:19.205+0000] {processor.py:925} INFO - DAG(s) 'example_branch_operator' retrieved from /home/airflow/.local/lib/python3.12/site-packages/airflow/example_dags/example_branch_operator.py
[2025-01-01T10:34:19.247+0000] {logging_mixin.py:190} INFO - [2025-01-01T10:34:19.246+0000] {dag.py:3239} INFO - Sync 1 DAGs
[2025-01-01T10:34:19.283+0000] {logging_mixin.py:190} INFO - [2025-01-01T10:34:19.282+0000] {dag.py:4180} INFO - Setting next_dagrun for example_branch_operator to 2024-12-31 00:00:00+00:00, run_after=2025-01-01 00:00:00+00:00
[2025-01-01T10:34:19.310+0000] {processor.py:208} INFO - Processing /home/airflow/.local/lib/python3.12/site-packages/airflow/example_dags/example_branch_operator.py took 0.161 seconds
[2025-01-01T10:34:49.784+0000] {processor.py:186} INFO - Started process (PID=2590) to work on /home/airflow/.local/lib/python3.12/site-packages/airflow/example_dags/example_branch_operator.py
[2025-01-01T10:34:49.785+0000] {processor.py:914} INFO - Processing file /home/airflow/.local/lib/python3.12/site-packages/airflow/example_dags/example_branch_operator.py for tasks to queue
[2025-01-01T10:34:49.789+0000] {logging_mixin.py:190} INFO - [2025-01-01T10:34:49.788+0000] {dagbag.py:588} INFO - Filling up the DagBag from /home/airflow/.local/lib/python3.12/site-packages/airflow/example_dags/example_branch_operator.py
[2025-01-01T10:34:49.815+0000] {processor.py:925} INFO - DAG(s) 'example_branch_operator' retrieved from /home/airflow/.local/lib/python3.12/site-packages/airflow/example_dags/example_branch_operator.py
[2025-01-01T10:34:49.853+0000] {logging_mixin.py:190} INFO - [2025-01-01T10:34:49.853+0000] {dag.py:3239} INFO - Sync 1 DAGs
[2025-01-01T10:34:49.898+0000] {logging_mixin.py:190} INFO - [2025-01-01T10:34:49.898+0000] {dag.py:4180} INFO - Setting next_dagrun for example_branch_operator to 2024-12-31 00:00:00+00:00, run_after=2025-01-01 00:00:00+00:00
[2025-01-01T10:34:49.931+0000] {processor.py:208} INFO - Processing /home/airflow/.local/lib/python3.12/site-packages/airflow/example_dags/example_branch_operator.py took 0.158 seconds
[2025-01-01T10:35:20.238+0000] {processor.py:186} INFO - Started process (PID=2652) to work on /home/airflow/.local/lib/python3.12/site-packages/airflow/example_dags/example_branch_operator.py
[2025-01-01T10:35:20.241+0000] {processor.py:914} INFO - Processing file /home/airflow/.local/lib/python3.12/site-packages/airflow/example_dags/example_branch_operator.py for tasks to queue
[2025-01-01T10:35:20.249+0000] {logging_mixin.py:190} INFO - [2025-01-01T10:35:20.247+0000] {dagbag.py:588} INFO - Filling up the DagBag from /home/airflow/.local/lib/python3.12/site-packages/airflow/example_dags/example_branch_operator.py
[2025-01-01T10:35:20.297+0000] {processor.py:925} INFO - DAG(s) 'example_branch_operator' retrieved from /home/airflow/.local/lib/python3.12/site-packages/airflow/example_dags/example_branch_operator.py
[2025-01-01T10:35:20.394+0000] {logging_mixin.py:190} INFO - [2025-01-01T10:35:20.393+0000] {dag.py:3239} INFO - Sync 1 DAGs
[2025-01-01T10:35:20.476+0000] {logging_mixin.py:190} INFO - [2025-01-01T10:35:20.476+0000] {dag.py:4180} INFO - Setting next_dagrun for example_branch_operator to 2024-12-31 00:00:00+00:00, run_after=2025-01-01 00:00:00+00:00
[2025-01-01T10:35:20.538+0000] {processor.py:208} INFO - Processing /home/airflow/.local/lib/python3.12/site-packages/airflow/example_dags/example_branch_operator.py took 0.320 seconds
[2025-01-01T10:35:51.158+0000] {processor.py:186} INFO - Started process (PID=2715) to work on /home/airflow/.local/lib/python3.12/site-packages/airflow/example_dags/example_branch_operator.py
[2025-01-01T10:35:51.159+0000] {processor.py:914} INFO - Processing file /home/airflow/.local/lib/python3.12/site-packages/airflow/example_dags/example_branch_operator.py for tasks to queue
[2025-01-01T10:35:51.163+0000] {logging_mixin.py:190} INFO - [2025-01-01T10:35:51.163+0000] {dagbag.py:588} INFO - Filling up the DagBag from /home/airflow/.local/lib/python3.12/site-packages/airflow/example_dags/example_branch_operator.py
[2025-01-01T10:35:51.193+0000] {processor.py:925} INFO - DAG(s) 'example_branch_operator' retrieved from /home/airflow/.local/lib/python3.12/site-packages/airflow/example_dags/example_branch_operator.py
[2025-01-01T10:35:51.235+0000] {logging_mixin.py:190} INFO - [2025-01-01T10:35:51.235+0000] {dag.py:3239} INFO - Sync 1 DAGs
[2025-01-01T10:35:51.278+0000] {logging_mixin.py:190} INFO - [2025-01-01T10:35:51.278+0000] {dag.py:4180} INFO - Setting next_dagrun for example_branch_operator to 2024-12-31 00:00:00+00:00, run_after=2025-01-01 00:00:00+00:00
[2025-01-01T10:35:51.334+0000] {processor.py:208} INFO - Processing /home/airflow/.local/lib/python3.12/site-packages/airflow/example_dags/example_branch_operator.py took 0.187 seconds
[2025-01-01T10:36:24.525+0000] {processor.py:186} INFO - Started process (PID=2778) to work on /home/airflow/.local/lib/python3.12/site-packages/airflow/example_dags/example_branch_operator.py
[2025-01-01T10:36:24.531+0000] {processor.py:914} INFO - Processing file /home/airflow/.local/lib/python3.12/site-packages/airflow/example_dags/example_branch_operator.py for tasks to queue
[2025-01-01T10:36:24.543+0000] {logging_mixin.py:190} INFO - [2025-01-01T10:36:24.541+0000] {dagbag.py:588} INFO - Filling up the DagBag from /home/airflow/.local/lib/python3.12/site-packages/airflow/example_dags/example_branch_operator.py
[2025-01-01T10:36:24.671+0000] {processor.py:925} INFO - DAG(s) 'example_branch_operator' retrieved from /home/airflow/.local/lib/python3.12/site-packages/airflow/example_dags/example_branch_operator.py
[2025-01-01T10:36:24.859+0000] {logging_mixin.py:190} INFO - [2025-01-01T10:36:24.858+0000] {dag.py:3239} INFO - Sync 1 DAGs
[2025-01-01T10:36:25.010+0000] {logging_mixin.py:190} INFO - [2025-01-01T10:36:25.009+0000] {dag.py:4180} INFO - Setting next_dagrun for example_branch_operator to 2024-12-31 00:00:00+00:00, run_after=2025-01-01 00:00:00+00:00
[2025-01-01T10:36:25.119+0000] {processor.py:208} INFO - Processing /home/airflow/.local/lib/python3.12/site-packages/airflow/example_dags/example_branch_operator.py took 0.640 seconds
[2025-01-01T10:36:55.609+0000] {processor.py:186} INFO - Started process (PID=2840) to work on /home/airflow/.local/lib/python3.12/site-packages/airflow/example_dags/example_branch_operator.py
[2025-01-01T10:36:55.611+0000] {processor.py:914} INFO - Processing file /home/airflow/.local/lib/python3.12/site-packages/airflow/example_dags/example_branch_operator.py for tasks to queue
[2025-01-01T10:36:55.614+0000] {logging_mixin.py:190} INFO - [2025-01-01T10:36:55.614+0000] {dagbag.py:588} INFO - Filling up the DagBag from /home/airflow/.local/lib/python3.12/site-packages/airflow/example_dags/example_branch_operator.py
[2025-01-01T10:36:55.641+0000] {processor.py:925} INFO - DAG(s) 'example_branch_operator' retrieved from /home/airflow/.local/lib/python3.12/site-packages/airflow/example_dags/example_branch_operator.py
[2025-01-01T10:36:55.682+0000] {logging_mixin.py:190} INFO - [2025-01-01T10:36:55.682+0000] {dag.py:3239} INFO - Sync 1 DAGs
[2025-01-01T10:36:55.720+0000] {logging_mixin.py:190} INFO - [2025-01-01T10:36:55.719+0000] {dag.py:4180} INFO - Setting next_dagrun for example_branch_operator to 2024-12-31 00:00:00+00:00, run_after=2025-01-01 00:00:00+00:00
[2025-01-01T10:36:55.752+0000] {processor.py:208} INFO - Processing /home/airflow/.local/lib/python3.12/site-packages/airflow/example_dags/example_branch_operator.py took 0.152 seconds
[2025-01-01T10:37:26.002+0000] {processor.py:186} INFO - Started process (PID=2903) to work on /home/airflow/.local/lib/python3.12/site-packages/airflow/example_dags/example_branch_operator.py
[2025-01-01T10:37:26.003+0000] {processor.py:914} INFO - Processing file /home/airflow/.local/lib/python3.12/site-packages/airflow/example_dags/example_branch_operator.py for tasks to queue
[2025-01-01T10:37:26.008+0000] {logging_mixin.py:190} INFO - [2025-01-01T10:37:26.007+0000] {dagbag.py:588} INFO - Filling up the DagBag from /home/airflow/.local/lib/python3.12/site-packages/airflow/example_dags/example_branch_operator.py
[2025-01-01T10:37:26.036+0000] {processor.py:925} INFO - DAG(s) 'example_branch_operator' retrieved from /home/airflow/.local/lib/python3.12/site-packages/airflow/example_dags/example_branch_operator.py
[2025-01-01T10:37:26.081+0000] {logging_mixin.py:190} INFO - [2025-01-01T10:37:26.081+0000] {dag.py:3239} INFO - Sync 1 DAGs
[2025-01-01T10:37:26.125+0000] {logging_mixin.py:190} INFO - [2025-01-01T10:37:26.125+0000] {dag.py:4180} INFO - Setting next_dagrun for example_branch_operator to 2024-12-31 00:00:00+00:00, run_after=2025-01-01 00:00:00+00:00
[2025-01-01T10:37:26.176+0000] {processor.py:208} INFO - Processing /home/airflow/.local/lib/python3.12/site-packages/airflow/example_dags/example_branch_operator.py took 0.184 seconds
[2025-01-01T10:37:56.556+0000] {processor.py:186} INFO - Started process (PID=2967) to work on /home/airflow/.local/lib/python3.12/site-packages/airflow/example_dags/example_branch_operator.py
[2025-01-01T10:37:56.558+0000] {processor.py:914} INFO - Processing file /home/airflow/.local/lib/python3.12/site-packages/airflow/example_dags/example_branch_operator.py for tasks to queue
[2025-01-01T10:37:56.560+0000] {logging_mixin.py:190} INFO - [2025-01-01T10:37:56.560+0000] {dagbag.py:588} INFO - Filling up the DagBag from /home/airflow/.local/lib/python3.12/site-packages/airflow/example_dags/example_branch_operator.py
[2025-01-01T10:37:56.577+0000] {processor.py:925} INFO - DAG(s) 'example_branch_operator' retrieved from /home/airflow/.local/lib/python3.12/site-packages/airflow/example_dags/example_branch_operator.py
[2025-01-01T10:37:56.605+0000] {logging_mixin.py:190} INFO - [2025-01-01T10:37:56.605+0000] {dag.py:3239} INFO - Sync 1 DAGs
[2025-01-01T10:37:56.627+0000] {logging_mixin.py:190} INFO - [2025-01-01T10:37:56.627+0000] {dag.py:4180} INFO - Setting next_dagrun for example_branch_operator to 2024-12-31 00:00:00+00:00, run_after=2025-01-01 00:00:00+00:00
[2025-01-01T10:37:56.651+0000] {processor.py:208} INFO - Processing /home/airflow/.local/lib/python3.12/site-packages/airflow/example_dags/example_branch_operator.py took 0.099 seconds
[2025-01-01T10:38:27.161+0000] {processor.py:186} INFO - Started process (PID=3030) to work on /home/airflow/.local/lib/python3.12/site-packages/airflow/example_dags/example_branch_operator.py
[2025-01-01T10:38:27.162+0000] {processor.py:914} INFO - Processing file /home/airflow/.local/lib/python3.12/site-packages/airflow/example_dags/example_branch_operator.py for tasks to queue
[2025-01-01T10:38:27.165+0000] {logging_mixin.py:190} INFO - [2025-01-01T10:38:27.165+0000] {dagbag.py:588} INFO - Filling up the DagBag from /home/airflow/.local/lib/python3.12/site-packages/airflow/example_dags/example_branch_operator.py
[2025-01-01T10:38:27.185+0000] {processor.py:925} INFO - DAG(s) 'example_branch_operator' retrieved from /home/airflow/.local/lib/python3.12/site-packages/airflow/example_dags/example_branch_operator.py
[2025-01-01T10:38:27.221+0000] {logging_mixin.py:190} INFO - [2025-01-01T10:38:27.221+0000] {dag.py:3239} INFO - Sync 1 DAGs
[2025-01-01T10:38:27.447+0000] {logging_mixin.py:190} INFO - [2025-01-01T10:38:27.447+0000] {dag.py:4180} INFO - Setting next_dagrun for example_branch_operator to 2024-12-31 00:00:00+00:00, run_after=2025-01-01 00:00:00+00:00
[2025-01-01T10:38:27.479+0000] {processor.py:208} INFO - Processing /home/airflow/.local/lib/python3.12/site-packages/airflow/example_dags/example_branch_operator.py took 0.324 seconds
[2025-01-01T10:38:58.384+0000] {processor.py:186} INFO - Started process (PID=3093) to work on /home/airflow/.local/lib/python3.12/site-packages/airflow/example_dags/example_branch_operator.py
[2025-01-01T10:38:58.386+0000] {processor.py:914} INFO - Processing file /home/airflow/.local/lib/python3.12/site-packages/airflow/example_dags/example_branch_operator.py for tasks to queue
[2025-01-01T10:38:58.391+0000] {logging_mixin.py:190} INFO - [2025-01-01T10:38:58.390+0000] {dagbag.py:588} INFO - Filling up the DagBag from /home/airflow/.local/lib/python3.12/site-packages/airflow/example_dags/example_branch_operator.py
[2025-01-01T10:38:58.416+0000] {processor.py:925} INFO - DAG(s) 'example_branch_operator' retrieved from /home/airflow/.local/lib/python3.12/site-packages/airflow/example_dags/example_branch_operator.py
[2025-01-01T10:38:58.462+0000] {logging_mixin.py:190} INFO - [2025-01-01T10:38:58.462+0000] {dag.py:3239} INFO - Sync 1 DAGs
[2025-01-01T10:38:58.504+0000] {logging_mixin.py:190} INFO - [2025-01-01T10:38:58.503+0000] {dag.py:4180} INFO - Setting next_dagrun for example_branch_operator to 2024-12-31 00:00:00+00:00, run_after=2025-01-01 00:00:00+00:00
[2025-01-01T10:38:58.823+0000] {processor.py:208} INFO - Processing /home/airflow/.local/lib/python3.12/site-packages/airflow/example_dags/example_branch_operator.py took 0.448 seconds
[2025-01-01T10:39:33.297+0000] {processor.py:186} INFO - Started process (PID=3157) to work on /home/airflow/.local/lib/python3.12/site-packages/airflow/example_dags/example_branch_operator.py
[2025-01-01T10:39:33.306+0000] {processor.py:914} INFO - Processing file /home/airflow/.local/lib/python3.12/site-packages/airflow/example_dags/example_branch_operator.py for tasks to queue
[2025-01-01T10:39:33.331+0000] {logging_mixin.py:190} INFO - [2025-01-01T10:39:33.327+0000] {dagbag.py:588} INFO - Filling up the DagBag from /home/airflow/.local/lib/python3.12/site-packages/airflow/example_dags/example_branch_operator.py
[2025-01-01T10:39:33.649+0000] {processor.py:925} INFO - DAG(s) 'example_branch_operator' retrieved from /home/airflow/.local/lib/python3.12/site-packages/airflow/example_dags/example_branch_operator.py
[2025-01-01T10:39:34.708+0000] {logging_mixin.py:190} INFO - [2025-01-01T10:39:34.706+0000] {dag.py:3239} INFO - Sync 1 DAGs
[2025-01-01T10:39:35.687+0000] {logging_mixin.py:190} INFO - [2025-01-01T10:39:35.685+0000] {dag.py:4180} INFO - Setting next_dagrun for example_branch_operator to 2024-12-31 00:00:00+00:00, run_after=2025-01-01 00:00:00+00:00
[2025-01-01T10:39:35.917+0000] {processor.py:208} INFO - Processing /home/airflow/.local/lib/python3.12/site-packages/airflow/example_dags/example_branch_operator.py took 2.681 seconds
[2025-01-01T10:40:22.192+0000] {processor.py:186} INFO - Started process (PID=3218) to work on /home/airflow/.local/lib/python3.12/site-packages/airflow/example_dags/example_branch_operator.py
[2025-01-01T10:40:22.197+0000] {processor.py:914} INFO - Processing file /home/airflow/.local/lib/python3.12/site-packages/airflow/example_dags/example_branch_operator.py for tasks to queue
[2025-01-01T10:40:22.209+0000] {logging_mixin.py:190} INFO - [2025-01-01T10:40:22.208+0000] {dagbag.py:588} INFO - Filling up the DagBag from /home/airflow/.local/lib/python3.12/site-packages/airflow/example_dags/example_branch_operator.py
[2025-01-01T10:40:22.278+0000] {processor.py:925} INFO - DAG(s) 'example_branch_operator' retrieved from /home/airflow/.local/lib/python3.12/site-packages/airflow/example_dags/example_branch_operator.py
[2025-01-01T10:40:22.391+0000] {logging_mixin.py:190} INFO - [2025-01-01T10:40:22.390+0000] {dag.py:3239} INFO - Sync 1 DAGs
[2025-01-01T10:40:22.476+0000] {logging_mixin.py:190} INFO - [2025-01-01T10:40:22.476+0000] {dag.py:4180} INFO - Setting next_dagrun for example_branch_operator to 2024-12-31 00:00:00+00:00, run_after=2025-01-01 00:00:00+00:00
[2025-01-01T10:40:22.546+0000] {processor.py:208} INFO - Processing /home/airflow/.local/lib/python3.12/site-packages/airflow/example_dags/example_branch_operator.py took 0.380 seconds
[2025-01-01T10:40:56.655+0000] {processor.py:186} INFO - Started process (PID=3277) to work on /home/airflow/.local/lib/python3.12/site-packages/airflow/example_dags/example_branch_operator.py
[2025-01-01T10:40:56.660+0000] {processor.py:914} INFO - Processing file /home/airflow/.local/lib/python3.12/site-packages/airflow/example_dags/example_branch_operator.py for tasks to queue
[2025-01-01T10:40:56.673+0000] {logging_mixin.py:190} INFO - [2025-01-01T10:40:56.671+0000] {dagbag.py:588} INFO - Filling up the DagBag from /home/airflow/.local/lib/python3.12/site-packages/airflow/example_dags/example_branch_operator.py
[2025-01-01T10:40:56.747+0000] {processor.py:925} INFO - DAG(s) 'example_branch_operator' retrieved from /home/airflow/.local/lib/python3.12/site-packages/airflow/example_dags/example_branch_operator.py
[2025-01-01T10:40:56.897+0000] {logging_mixin.py:190} INFO - [2025-01-01T10:40:56.896+0000] {dag.py:3239} INFO - Sync 1 DAGs
[2025-01-01T10:40:57.222+0000] {logging_mixin.py:190} INFO - [2025-01-01T10:40:57.221+0000] {dag.py:4180} INFO - Setting next_dagrun for example_branch_operator to 2024-12-31 00:00:00+00:00, run_after=2025-01-01 00:00:00+00:00
[2025-01-01T10:40:57.453+0000] {processor.py:208} INFO - Processing /home/airflow/.local/lib/python3.12/site-packages/airflow/example_dags/example_branch_operator.py took 0.827 seconds
[2025-01-01T10:41:27.636+0000] {processor.py:186} INFO - Started process (PID=3340) to work on /home/airflow/.local/lib/python3.12/site-packages/airflow/example_dags/example_branch_operator.py
[2025-01-01T10:41:27.637+0000] {processor.py:914} INFO - Processing file /home/airflow/.local/lib/python3.12/site-packages/airflow/example_dags/example_branch_operator.py for tasks to queue
[2025-01-01T10:41:27.640+0000] {logging_mixin.py:190} INFO - [2025-01-01T10:41:27.640+0000] {dagbag.py:588} INFO - Filling up the DagBag from /home/airflow/.local/lib/python3.12/site-packages/airflow/example_dags/example_branch_operator.py
[2025-01-01T10:41:27.661+0000] {processor.py:925} INFO - DAG(s) 'example_branch_operator' retrieved from /home/airflow/.local/lib/python3.12/site-packages/airflow/example_dags/example_branch_operator.py
[2025-01-01T10:41:27.693+0000] {logging_mixin.py:190} INFO - [2025-01-01T10:41:27.693+0000] {dag.py:3239} INFO - Sync 1 DAGs
[2025-01-01T10:41:27.720+0000] {logging_mixin.py:190} INFO - [2025-01-01T10:41:27.720+0000] {dag.py:4180} INFO - Setting next_dagrun for example_branch_operator to 2024-12-31 00:00:00+00:00, run_after=2025-01-01 00:00:00+00:00
[2025-01-01T10:41:27.746+0000] {processor.py:208} INFO - Processing /home/airflow/.local/lib/python3.12/site-packages/airflow/example_dags/example_branch_operator.py took 0.116 seconds
[2025-01-01T10:41:58.148+0000] {processor.py:186} INFO - Started process (PID=3403) to work on /home/airflow/.local/lib/python3.12/site-packages/airflow/example_dags/example_branch_operator.py
[2025-01-01T10:41:58.153+0000] {processor.py:914} INFO - Processing file /home/airflow/.local/lib/python3.12/site-packages/airflow/example_dags/example_branch_operator.py for tasks to queue
[2025-01-01T10:41:58.157+0000] {logging_mixin.py:190} INFO - [2025-01-01T10:41:58.156+0000] {dagbag.py:588} INFO - Filling up the DagBag from /home/airflow/.local/lib/python3.12/site-packages/airflow/example_dags/example_branch_operator.py
[2025-01-01T10:41:58.193+0000] {processor.py:925} INFO - DAG(s) 'example_branch_operator' retrieved from /home/airflow/.local/lib/python3.12/site-packages/airflow/example_dags/example_branch_operator.py
[2025-01-01T10:41:58.226+0000] {logging_mixin.py:190} INFO - [2025-01-01T10:41:58.225+0000] {dag.py:3239} INFO - Sync 1 DAGs
[2025-01-01T10:41:58.253+0000] {logging_mixin.py:190} INFO - [2025-01-01T10:41:58.253+0000] {dag.py:4180} INFO - Setting next_dagrun for example_branch_operator to 2024-12-31 00:00:00+00:00, run_after=2025-01-01 00:00:00+00:00
[2025-01-01T10:41:58.276+0000] {processor.py:208} INFO - Processing /home/airflow/.local/lib/python3.12/site-packages/airflow/example_dags/example_branch_operator.py took 0.135 seconds
[2025-01-01T10:42:29.770+0000] {processor.py:186} INFO - Started process (PID=3467) to work on /home/airflow/.local/lib/python3.12/site-packages/airflow/example_dags/example_branch_operator.py
[2025-01-01T10:42:29.774+0000] {processor.py:914} INFO - Processing file /home/airflow/.local/lib/python3.12/site-packages/airflow/example_dags/example_branch_operator.py for tasks to queue
[2025-01-01T10:42:29.784+0000] {logging_mixin.py:190} INFO - [2025-01-01T10:42:29.782+0000] {dagbag.py:588} INFO - Filling up the DagBag from /home/airflow/.local/lib/python3.12/site-packages/airflow/example_dags/example_branch_operator.py
[2025-01-01T10:42:29.856+0000] {processor.py:925} INFO - DAG(s) 'example_branch_operator' retrieved from /home/airflow/.local/lib/python3.12/site-packages/airflow/example_dags/example_branch_operator.py
[2025-01-01T10:42:29.973+0000] {logging_mixin.py:190} INFO - [2025-01-01T10:42:29.972+0000] {dag.py:3239} INFO - Sync 1 DAGs
[2025-01-01T10:42:30.071+0000] {logging_mixin.py:190} INFO - [2025-01-01T10:42:30.070+0000] {dag.py:4180} INFO - Setting next_dagrun for example_branch_operator to 2024-12-31 00:00:00+00:00, run_after=2025-01-01 00:00:00+00:00
[2025-01-01T10:42:30.149+0000] {processor.py:208} INFO - Processing /home/airflow/.local/lib/python3.12/site-packages/airflow/example_dags/example_branch_operator.py took 0.406 seconds
[2025-01-01T10:43:01.268+0000] {processor.py:186} INFO - Started process (PID=3530) to work on /home/airflow/.local/lib/python3.12/site-packages/airflow/example_dags/example_branch_operator.py
[2025-01-01T10:43:01.273+0000] {processor.py:914} INFO - Processing file /home/airflow/.local/lib/python3.12/site-packages/airflow/example_dags/example_branch_operator.py for tasks to queue
[2025-01-01T10:43:01.284+0000] {logging_mixin.py:190} INFO - [2025-01-01T10:43:01.283+0000] {dagbag.py:588} INFO - Filling up the DagBag from /home/airflow/.local/lib/python3.12/site-packages/airflow/example_dags/example_branch_operator.py
[2025-01-01T10:43:01.366+0000] {processor.py:925} INFO - DAG(s) 'example_branch_operator' retrieved from /home/airflow/.local/lib/python3.12/site-packages/airflow/example_dags/example_branch_operator.py
[2025-01-01T10:43:01.497+0000] {logging_mixin.py:190} INFO - [2025-01-01T10:43:01.496+0000] {dag.py:3239} INFO - Sync 1 DAGs
[2025-01-01T10:43:01.622+0000] {logging_mixin.py:190} INFO - [2025-01-01T10:43:01.621+0000] {dag.py:4180} INFO - Setting next_dagrun for example_branch_operator to 2024-12-31 00:00:00+00:00, run_after=2025-01-01 00:00:00+00:00
[2025-01-01T10:43:01.704+0000] {processor.py:208} INFO - Processing /home/airflow/.local/lib/python3.12/site-packages/airflow/example_dags/example_branch_operator.py took 0.464 seconds
[2025-01-01T10:43:32.474+0000] {processor.py:186} INFO - Started process (PID=3593) to work on /home/airflow/.local/lib/python3.12/site-packages/airflow/example_dags/example_branch_operator.py
[2025-01-01T10:43:32.476+0000] {processor.py:914} INFO - Processing file /home/airflow/.local/lib/python3.12/site-packages/airflow/example_dags/example_branch_operator.py for tasks to queue
[2025-01-01T10:43:32.480+0000] {logging_mixin.py:190} INFO - [2025-01-01T10:43:32.479+0000] {dagbag.py:588} INFO - Filling up the DagBag from /home/airflow/.local/lib/python3.12/site-packages/airflow/example_dags/example_branch_operator.py
[2025-01-01T10:43:32.505+0000] {processor.py:925} INFO - DAG(s) 'example_branch_operator' retrieved from /home/airflow/.local/lib/python3.12/site-packages/airflow/example_dags/example_branch_operator.py
[2025-01-01T10:43:32.553+0000] {logging_mixin.py:190} INFO - [2025-01-01T10:43:32.553+0000] {dag.py:3239} INFO - Sync 1 DAGs
[2025-01-01T10:43:32.595+0000] {logging_mixin.py:190} INFO - [2025-01-01T10:43:32.595+0000] {dag.py:4180} INFO - Setting next_dagrun for example_branch_operator to 2024-12-31 00:00:00+00:00, run_after=2025-01-01 00:00:00+00:00
[2025-01-01T10:43:32.635+0000] {processor.py:208} INFO - Processing /home/airflow/.local/lib/python3.12/site-packages/airflow/example_dags/example_branch_operator.py took 0.168 seconds
[2025-01-01T10:44:03.254+0000] {processor.py:186} INFO - Started process (PID=3654) to work on /home/airflow/.local/lib/python3.12/site-packages/airflow/example_dags/example_branch_operator.py
[2025-01-01T10:44:03.255+0000] {processor.py:914} INFO - Processing file /home/airflow/.local/lib/python3.12/site-packages/airflow/example_dags/example_branch_operator.py for tasks to queue
[2025-01-01T10:44:03.258+0000] {logging_mixin.py:190} INFO - [2025-01-01T10:44:03.257+0000] {dagbag.py:588} INFO - Filling up the DagBag from /home/airflow/.local/lib/python3.12/site-packages/airflow/example_dags/example_branch_operator.py
[2025-01-01T10:44:03.275+0000] {processor.py:925} INFO - DAG(s) 'example_branch_operator' retrieved from /home/airflow/.local/lib/python3.12/site-packages/airflow/example_dags/example_branch_operator.py
[2025-01-01T10:44:03.304+0000] {logging_mixin.py:190} INFO - [2025-01-01T10:44:03.304+0000] {dag.py:3239} INFO - Sync 1 DAGs
[2025-01-01T10:44:03.329+0000] {logging_mixin.py:190} INFO - [2025-01-01T10:44:03.329+0000] {dag.py:4180} INFO - Setting next_dagrun for example_branch_operator to 2024-12-31 00:00:00+00:00, run_after=2025-01-01 00:00:00+00:00
[2025-01-01T10:44:03.352+0000] {processor.py:208} INFO - Processing /home/airflow/.local/lib/python3.12/site-packages/airflow/example_dags/example_branch_operator.py took 0.103 seconds
[2025-01-01T10:44:33.687+0000] {processor.py:186} INFO - Started process (PID=3717) to work on /home/airflow/.local/lib/python3.12/site-packages/airflow/example_dags/example_branch_operator.py
[2025-01-01T10:44:33.688+0000] {processor.py:914} INFO - Processing file /home/airflow/.local/lib/python3.12/site-packages/airflow/example_dags/example_branch_operator.py for tasks to queue
[2025-01-01T10:44:33.691+0000] {logging_mixin.py:190} INFO - [2025-01-01T10:44:33.691+0000] {dagbag.py:588} INFO - Filling up the DagBag from /home/airflow/.local/lib/python3.12/site-packages/airflow/example_dags/example_branch_operator.py
[2025-01-01T10:44:33.712+0000] {processor.py:925} INFO - DAG(s) 'example_branch_operator' retrieved from /home/airflow/.local/lib/python3.12/site-packages/airflow/example_dags/example_branch_operator.py
[2025-01-01T10:44:33.744+0000] {logging_mixin.py:190} INFO - [2025-01-01T10:44:33.744+0000] {dag.py:3239} INFO - Sync 1 DAGs
[2025-01-01T10:44:33.771+0000] {logging_mixin.py:190} INFO - [2025-01-01T10:44:33.771+0000] {dag.py:4180} INFO - Setting next_dagrun for example_branch_operator to 2024-12-31 00:00:00+00:00, run_after=2025-01-01 00:00:00+00:00
[2025-01-01T10:44:33.800+0000] {processor.py:208} INFO - Processing /home/airflow/.local/lib/python3.12/site-packages/airflow/example_dags/example_branch_operator.py took 0.119 seconds
[2025-01-01T10:45:04.405+0000] {processor.py:186} INFO - Started process (PID=3781) to work on /home/airflow/.local/lib/python3.12/site-packages/airflow/example_dags/example_branch_operator.py
[2025-01-01T10:45:04.406+0000] {processor.py:914} INFO - Processing file /home/airflow/.local/lib/python3.12/site-packages/airflow/example_dags/example_branch_operator.py for tasks to queue
[2025-01-01T10:45:04.409+0000] {logging_mixin.py:190} INFO - [2025-01-01T10:45:04.409+0000] {dagbag.py:588} INFO - Filling up the DagBag from /home/airflow/.local/lib/python3.12/site-packages/airflow/example_dags/example_branch_operator.py
[2025-01-01T10:45:04.429+0000] {processor.py:925} INFO - DAG(s) 'example_branch_operator' retrieved from /home/airflow/.local/lib/python3.12/site-packages/airflow/example_dags/example_branch_operator.py
[2025-01-01T10:45:04.462+0000] {logging_mixin.py:190} INFO - [2025-01-01T10:45:04.462+0000] {dag.py:3239} INFO - Sync 1 DAGs
[2025-01-01T10:45:04.486+0000] {logging_mixin.py:190} INFO - [2025-01-01T10:45:04.486+0000] {dag.py:4180} INFO - Setting next_dagrun for example_branch_operator to 2024-12-31 00:00:00+00:00, run_after=2025-01-01 00:00:00+00:00
[2025-01-01T10:45:04.511+0000] {processor.py:208} INFO - Processing /home/airflow/.local/lib/python3.12/site-packages/airflow/example_dags/example_branch_operator.py took 0.112 seconds
[2025-01-01T10:45:35.529+0000] {processor.py:186} INFO - Started process (PID=3844) to work on /home/airflow/.local/lib/python3.12/site-packages/airflow/example_dags/example_branch_operator.py
[2025-01-01T10:45:35.537+0000] {processor.py:914} INFO - Processing file /home/airflow/.local/lib/python3.12/site-packages/airflow/example_dags/example_branch_operator.py for tasks to queue
[2025-01-01T10:45:35.551+0000] {logging_mixin.py:190} INFO - [2025-01-01T10:45:35.549+0000] {dagbag.py:588} INFO - Filling up the DagBag from /home/airflow/.local/lib/python3.12/site-packages/airflow/example_dags/example_branch_operator.py
[2025-01-01T10:45:35.672+0000] {processor.py:925} INFO - DAG(s) 'example_branch_operator' retrieved from /home/airflow/.local/lib/python3.12/site-packages/airflow/example_dags/example_branch_operator.py
[2025-01-01T10:45:35.827+0000] {logging_mixin.py:190} INFO - [2025-01-01T10:45:35.825+0000] {dag.py:3239} INFO - Sync 1 DAGs
[2025-01-01T10:45:35.948+0000] {logging_mixin.py:190} INFO - [2025-01-01T10:45:35.947+0000] {dag.py:4180} INFO - Setting next_dagrun for example_branch_operator to 2024-12-31 00:00:00+00:00, run_after=2025-01-01 00:00:00+00:00
[2025-01-01T10:45:36.037+0000] {processor.py:208} INFO - Processing /home/airflow/.local/lib/python3.12/site-packages/airflow/example_dags/example_branch_operator.py took 0.542 seconds
[2025-01-01T10:46:06.275+0000] {processor.py:186} INFO - Started process (PID=3907) to work on /home/airflow/.local/lib/python3.12/site-packages/airflow/example_dags/example_branch_operator.py
[2025-01-01T10:46:06.276+0000] {processor.py:914} INFO - Processing file /home/airflow/.local/lib/python3.12/site-packages/airflow/example_dags/example_branch_operator.py for tasks to queue
[2025-01-01T10:46:06.280+0000] {logging_mixin.py:190} INFO - [2025-01-01T10:46:06.280+0000] {dagbag.py:588} INFO - Filling up the DagBag from /home/airflow/.local/lib/python3.12/site-packages/airflow/example_dags/example_branch_operator.py
[2025-01-01T10:46:06.308+0000] {processor.py:925} INFO - DAG(s) 'example_branch_operator' retrieved from /home/airflow/.local/lib/python3.12/site-packages/airflow/example_dags/example_branch_operator.py
[2025-01-01T10:46:06.355+0000] {logging_mixin.py:190} INFO - [2025-01-01T10:46:06.354+0000] {dag.py:3239} INFO - Sync 1 DAGs
[2025-01-01T10:46:06.397+0000] {logging_mixin.py:190} INFO - [2025-01-01T10:46:06.396+0000] {dag.py:4180} INFO - Setting next_dagrun for example_branch_operator to 2024-12-31 00:00:00+00:00, run_after=2025-01-01 00:00:00+00:00
[2025-01-01T10:46:06.433+0000] {processor.py:208} INFO - Processing /home/airflow/.local/lib/python3.12/site-packages/airflow/example_dags/example_branch_operator.py took 0.166 seconds
[2025-01-01T10:46:37.591+0000] {processor.py:186} INFO - Started process (PID=3977) to work on /home/airflow/.local/lib/python3.12/site-packages/airflow/example_dags/example_branch_operator.py
[2025-01-01T10:46:37.594+0000] {processor.py:914} INFO - Processing file /home/airflow/.local/lib/python3.12/site-packages/airflow/example_dags/example_branch_operator.py for tasks to queue
[2025-01-01T10:46:37.602+0000] {logging_mixin.py:190} INFO - [2025-01-01T10:46:37.601+0000] {dagbag.py:588} INFO - Filling up the DagBag from /home/airflow/.local/lib/python3.12/site-packages/airflow/example_dags/example_branch_operator.py
[2025-01-01T10:46:37.661+0000] {processor.py:925} INFO - DAG(s) 'example_branch_operator' retrieved from /home/airflow/.local/lib/python3.12/site-packages/airflow/example_dags/example_branch_operator.py
[2025-01-01T10:46:37.751+0000] {logging_mixin.py:190} INFO - [2025-01-01T10:46:37.749+0000] {dag.py:3239} INFO - Sync 1 DAGs
[2025-01-01T10:46:37.849+0000] {logging_mixin.py:190} INFO - [2025-01-01T10:46:37.848+0000] {dag.py:4180} INFO - Setting next_dagrun for example_branch_operator to 2024-12-31 00:00:00+00:00, run_after=2025-01-01 00:00:00+00:00
[2025-01-01T10:46:37.912+0000] {processor.py:208} INFO - Processing /home/airflow/.local/lib/python3.12/site-packages/airflow/example_dags/example_branch_operator.py took 0.337 seconds
[2025-01-01T10:47:08.173+0000] {processor.py:186} INFO - Started process (PID=4040) to work on /home/airflow/.local/lib/python3.12/site-packages/airflow/example_dags/example_branch_operator.py
[2025-01-01T10:47:08.175+0000] {processor.py:914} INFO - Processing file /home/airflow/.local/lib/python3.12/site-packages/airflow/example_dags/example_branch_operator.py for tasks to queue
[2025-01-01T10:47:08.181+0000] {logging_mixin.py:190} INFO - [2025-01-01T10:47:08.181+0000] {dagbag.py:588} INFO - Filling up the DagBag from /home/airflow/.local/lib/python3.12/site-packages/airflow/example_dags/example_branch_operator.py
[2025-01-01T10:47:08.229+0000] {processor.py:925} INFO - DAG(s) 'example_branch_operator' retrieved from /home/airflow/.local/lib/python3.12/site-packages/airflow/example_dags/example_branch_operator.py
[2025-01-01T10:47:08.304+0000] {logging_mixin.py:190} INFO - [2025-01-01T10:47:08.303+0000] {dag.py:3239} INFO - Sync 1 DAGs
[2025-01-01T10:47:08.368+0000] {logging_mixin.py:190} INFO - [2025-01-01T10:47:08.368+0000] {dag.py:4180} INFO - Setting next_dagrun for example_branch_operator to 2024-12-31 00:00:00+00:00, run_after=2025-01-01 00:00:00+00:00
[2025-01-01T10:47:08.421+0000] {processor.py:208} INFO - Processing /home/airflow/.local/lib/python3.12/site-packages/airflow/example_dags/example_branch_operator.py took 0.267 seconds
[2025-01-01T10:47:38.808+0000] {processor.py:186} INFO - Started process (PID=4102) to work on /home/airflow/.local/lib/python3.12/site-packages/airflow/example_dags/example_branch_operator.py
[2025-01-01T10:47:38.812+0000] {processor.py:914} INFO - Processing file /home/airflow/.local/lib/python3.12/site-packages/airflow/example_dags/example_branch_operator.py for tasks to queue
[2025-01-01T10:47:38.819+0000] {logging_mixin.py:190} INFO - [2025-01-01T10:47:38.818+0000] {dagbag.py:588} INFO - Filling up the DagBag from /home/airflow/.local/lib/python3.12/site-packages/airflow/example_dags/example_branch_operator.py
[2025-01-01T10:47:38.874+0000] {processor.py:925} INFO - DAG(s) 'example_branch_operator' retrieved from /home/airflow/.local/lib/python3.12/site-packages/airflow/example_dags/example_branch_operator.py
[2025-01-01T10:47:38.963+0000] {logging_mixin.py:190} INFO - [2025-01-01T10:47:38.962+0000] {dag.py:3239} INFO - Sync 1 DAGs
[2025-01-01T10:47:39.033+0000] {logging_mixin.py:190} INFO - [2025-01-01T10:47:39.032+0000] {dag.py:4180} INFO - Setting next_dagrun for example_branch_operator to 2024-12-31 00:00:00+00:00, run_after=2025-01-01 00:00:00+00:00
[2025-01-01T10:47:39.089+0000] {processor.py:208} INFO - Processing /home/airflow/.local/lib/python3.12/site-packages/airflow/example_dags/example_branch_operator.py took 0.301 seconds
[2025-01-01T10:48:09.866+0000] {processor.py:186} INFO - Started process (PID=4164) to work on /home/airflow/.local/lib/python3.12/site-packages/airflow/example_dags/example_branch_operator.py
[2025-01-01T10:48:09.868+0000] {processor.py:914} INFO - Processing file /home/airflow/.local/lib/python3.12/site-packages/airflow/example_dags/example_branch_operator.py for tasks to queue
[2025-01-01T10:48:09.874+0000] {logging_mixin.py:190} INFO - [2025-01-01T10:48:09.874+0000] {dagbag.py:588} INFO - Filling up the DagBag from /home/airflow/.local/lib/python3.12/site-packages/airflow/example_dags/example_branch_operator.py
[2025-01-01T10:48:09.910+0000] {processor.py:925} INFO - DAG(s) 'example_branch_operator' retrieved from /home/airflow/.local/lib/python3.12/site-packages/airflow/example_dags/example_branch_operator.py
[2025-01-01T10:48:09.971+0000] {logging_mixin.py:190} INFO - [2025-01-01T10:48:09.971+0000] {dag.py:3239} INFO - Sync 1 DAGs
[2025-01-01T10:48:10.015+0000] {logging_mixin.py:190} INFO - [2025-01-01T10:48:10.014+0000] {dag.py:4180} INFO - Setting next_dagrun for example_branch_operator to 2024-12-31 00:00:00+00:00, run_after=2025-01-01 00:00:00+00:00
[2025-01-01T10:48:10.055+0000] {processor.py:208} INFO - Processing /home/airflow/.local/lib/python3.12/site-packages/airflow/example_dags/example_branch_operator.py took 0.205 seconds
[2025-01-01T10:48:40.298+0000] {processor.py:186} INFO - Started process (PID=4227) to work on /home/airflow/.local/lib/python3.12/site-packages/airflow/example_dags/example_branch_operator.py
[2025-01-01T10:48:40.300+0000] {processor.py:914} INFO - Processing file /home/airflow/.local/lib/python3.12/site-packages/airflow/example_dags/example_branch_operator.py for tasks to queue
[2025-01-01T10:48:40.306+0000] {logging_mixin.py:190} INFO - [2025-01-01T10:48:40.306+0000] {dagbag.py:588} INFO - Filling up the DagBag from /home/airflow/.local/lib/python3.12/site-packages/airflow/example_dags/example_branch_operator.py
[2025-01-01T10:48:40.342+0000] {processor.py:925} INFO - DAG(s) 'example_branch_operator' retrieved from /home/airflow/.local/lib/python3.12/site-packages/airflow/example_dags/example_branch_operator.py
[2025-01-01T10:48:40.413+0000] {logging_mixin.py:190} INFO - [2025-01-01T10:48:40.413+0000] {dag.py:3239} INFO - Sync 1 DAGs
[2025-01-01T10:48:40.462+0000] {logging_mixin.py:190} INFO - [2025-01-01T10:48:40.462+0000] {dag.py:4180} INFO - Setting next_dagrun for example_branch_operator to 2024-12-31 00:00:00+00:00, run_after=2025-01-01 00:00:00+00:00
[2025-01-01T10:48:40.502+0000] {processor.py:208} INFO - Processing /home/airflow/.local/lib/python3.12/site-packages/airflow/example_dags/example_branch_operator.py took 0.215 seconds
[2025-01-01T10:49:10.591+0000] {processor.py:186} INFO - Started process (PID=4289) to work on /home/airflow/.local/lib/python3.12/site-packages/airflow/example_dags/example_branch_operator.py
[2025-01-01T10:49:10.593+0000] {processor.py:914} INFO - Processing file /home/airflow/.local/lib/python3.12/site-packages/airflow/example_dags/example_branch_operator.py for tasks to queue
[2025-01-01T10:49:10.596+0000] {logging_mixin.py:190} INFO - [2025-01-01T10:49:10.596+0000] {dagbag.py:588} INFO - Filling up the DagBag from /home/airflow/.local/lib/python3.12/site-packages/airflow/example_dags/example_branch_operator.py
[2025-01-01T10:49:10.615+0000] {processor.py:925} INFO - DAG(s) 'example_branch_operator' retrieved from /home/airflow/.local/lib/python3.12/site-packages/airflow/example_dags/example_branch_operator.py
[2025-01-01T10:49:10.644+0000] {logging_mixin.py:190} INFO - [2025-01-01T10:49:10.644+0000] {dag.py:3239} INFO - Sync 1 DAGs
[2025-01-01T10:49:10.671+0000] {logging_mixin.py:190} INFO - [2025-01-01T10:49:10.670+0000] {dag.py:4180} INFO - Setting next_dagrun for example_branch_operator to 2024-12-31 00:00:00+00:00, run_after=2025-01-01 00:00:00+00:00
[2025-01-01T10:49:10.693+0000] {processor.py:208} INFO - Processing /home/airflow/.local/lib/python3.12/site-packages/airflow/example_dags/example_branch_operator.py took 0.111 seconds
[2025-01-01T10:49:42.471+0000] {processor.py:186} INFO - Started process (PID=4351) to work on /home/airflow/.local/lib/python3.12/site-packages/airflow/example_dags/example_branch_operator.py
[2025-01-01T10:49:42.475+0000] {processor.py:914} INFO - Processing file /home/airflow/.local/lib/python3.12/site-packages/airflow/example_dags/example_branch_operator.py for tasks to queue
[2025-01-01T10:49:42.485+0000] {logging_mixin.py:190} INFO - [2025-01-01T10:49:42.484+0000] {dagbag.py:588} INFO - Filling up the DagBag from /home/airflow/.local/lib/python3.12/site-packages/airflow/example_dags/example_branch_operator.py
[2025-01-01T10:49:42.568+0000] {processor.py:925} INFO - DAG(s) 'example_branch_operator' retrieved from /home/airflow/.local/lib/python3.12/site-packages/airflow/example_dags/example_branch_operator.py
[2025-01-01T10:49:42.690+0000] {logging_mixin.py:190} INFO - [2025-01-01T10:49:42.689+0000] {dag.py:3239} INFO - Sync 1 DAGs
[2025-01-01T10:49:42.775+0000] {logging_mixin.py:190} INFO - [2025-01-01T10:49:42.775+0000] {dag.py:4180} INFO - Setting next_dagrun for example_branch_operator to 2024-12-31 00:00:00+00:00, run_after=2025-01-01 00:00:00+00:00
[2025-01-01T10:49:42.844+0000] {processor.py:208} INFO - Processing /home/airflow/.local/lib/python3.12/site-packages/airflow/example_dags/example_branch_operator.py took 0.401 seconds
[2025-01-01T10:50:13.626+0000] {processor.py:186} INFO - Started process (PID=4414) to work on /home/airflow/.local/lib/python3.12/site-packages/airflow/example_dags/example_branch_operator.py
[2025-01-01T10:50:13.629+0000] {processor.py:914} INFO - Processing file /home/airflow/.local/lib/python3.12/site-packages/airflow/example_dags/example_branch_operator.py for tasks to queue
[2025-01-01T10:50:13.635+0000] {logging_mixin.py:190} INFO - [2025-01-01T10:50:13.634+0000] {dagbag.py:588} INFO - Filling up the DagBag from /home/airflow/.local/lib/python3.12/site-packages/airflow/example_dags/example_branch_operator.py
[2025-01-01T10:50:13.680+0000] {processor.py:925} INFO - DAG(s) 'example_branch_operator' retrieved from /home/airflow/.local/lib/python3.12/site-packages/airflow/example_dags/example_branch_operator.py
[2025-01-01T10:50:13.763+0000] {logging_mixin.py:190} INFO - [2025-01-01T10:50:13.762+0000] {dag.py:3239} INFO - Sync 1 DAGs
[2025-01-01T10:50:13.830+0000] {logging_mixin.py:190} INFO - [2025-01-01T10:50:13.830+0000] {dag.py:4180} INFO - Setting next_dagrun for example_branch_operator to 2024-12-31 00:00:00+00:00, run_after=2025-01-01 00:00:00+00:00
[2025-01-01T10:50:13.881+0000] {processor.py:208} INFO - Processing /home/airflow/.local/lib/python3.12/site-packages/airflow/example_dags/example_branch_operator.py took 0.269 seconds
[2025-01-01T10:50:44.929+0000] {processor.py:186} INFO - Started process (PID=4477) to work on /home/airflow/.local/lib/python3.12/site-packages/airflow/example_dags/example_branch_operator.py
[2025-01-01T10:50:44.933+0000] {processor.py:914} INFO - Processing file /home/airflow/.local/lib/python3.12/site-packages/airflow/example_dags/example_branch_operator.py for tasks to queue
[2025-01-01T10:50:44.944+0000] {logging_mixin.py:190} INFO - [2025-01-01T10:50:44.943+0000] {dagbag.py:588} INFO - Filling up the DagBag from /home/airflow/.local/lib/python3.12/site-packages/airflow/example_dags/example_branch_operator.py
[2025-01-01T10:50:45.056+0000] {processor.py:925} INFO - DAG(s) 'example_branch_operator' retrieved from /home/airflow/.local/lib/python3.12/site-packages/airflow/example_dags/example_branch_operator.py
[2025-01-01T10:50:45.223+0000] {logging_mixin.py:190} INFO - [2025-01-01T10:50:45.222+0000] {dag.py:3239} INFO - Sync 1 DAGs
[2025-01-01T10:50:45.351+0000] {logging_mixin.py:190} INFO - [2025-01-01T10:50:45.350+0000] {dag.py:4180} INFO - Setting next_dagrun for example_branch_operator to 2024-12-31 00:00:00+00:00, run_after=2025-01-01 00:00:00+00:00
[2025-01-01T10:50:45.448+0000] {processor.py:208} INFO - Processing /home/airflow/.local/lib/python3.12/site-packages/airflow/example_dags/example_branch_operator.py took 0.548 seconds
[2025-01-01T10:51:20.219+0000] {processor.py:186} INFO - Started process (PID=4539) to work on /home/airflow/.local/lib/python3.12/site-packages/airflow/example_dags/example_branch_operator.py
[2025-01-01T10:51:20.250+0000] {processor.py:914} INFO - Processing file /home/airflow/.local/lib/python3.12/site-packages/airflow/example_dags/example_branch_operator.py for tasks to queue
[2025-01-01T10:51:20.299+0000] {logging_mixin.py:190} INFO - [2025-01-01T10:51:20.292+0000] {dagbag.py:588} INFO - Filling up the DagBag from /home/airflow/.local/lib/python3.12/site-packages/airflow/example_dags/example_branch_operator.py
[2025-01-01T10:51:20.397+0000] {processor.py:925} INFO - DAG(s) 'example_branch_operator' retrieved from /home/airflow/.local/lib/python3.12/site-packages/airflow/example_dags/example_branch_operator.py
[2025-01-01T10:51:20.548+0000] {logging_mixin.py:190} INFO - [2025-01-01T10:51:20.547+0000] {dag.py:3239} INFO - Sync 1 DAGs
[2025-01-01T10:51:20.703+0000] {logging_mixin.py:190} INFO - [2025-01-01T10:51:20.702+0000] {dag.py:4180} INFO - Setting next_dagrun for example_branch_operator to 2024-12-31 00:00:00+00:00, run_after=2025-01-01 00:00:00+00:00
[2025-01-01T10:51:20.801+0000] {processor.py:208} INFO - Processing /home/airflow/.local/lib/python3.12/site-packages/airflow/example_dags/example_branch_operator.py took 0.603 seconds
[2025-01-01T12:15:49.524+0000] {processor.py:186} INFO - Started process (PID=4562) to work on /home/airflow/.local/lib/python3.12/site-packages/airflow/example_dags/example_branch_operator.py
[2025-01-01T12:15:49.526+0000] {processor.py:914} INFO - Processing file /home/airflow/.local/lib/python3.12/site-packages/airflow/example_dags/example_branch_operator.py for tasks to queue
[2025-01-01T12:15:49.541+0000] {logging_mixin.py:190} INFO - [2025-01-01T12:15:49.541+0000] {dagbag.py:588} INFO - Filling up the DagBag from /home/airflow/.local/lib/python3.12/site-packages/airflow/example_dags/example_branch_operator.py
[2025-01-01T12:15:49.641+0000] {processor.py:925} INFO - DAG(s) 'example_branch_operator' retrieved from /home/airflow/.local/lib/python3.12/site-packages/airflow/example_dags/example_branch_operator.py
[2025-01-01T12:15:49.779+0000] {logging_mixin.py:190} INFO - [2025-01-01T12:15:49.769+0000] {dag.py:3239} INFO - Sync 1 DAGs
[2025-01-01T12:15:49.867+0000] {logging_mixin.py:190} INFO - [2025-01-01T12:15:49.867+0000] {dag.py:4180} INFO - Setting next_dagrun for example_branch_operator to 2024-12-31 00:00:00+00:00, run_after=2025-01-01 00:00:00+00:00
[2025-01-01T12:15:49.915+0000] {processor.py:208} INFO - Processing /home/airflow/.local/lib/python3.12/site-packages/airflow/example_dags/example_branch_operator.py took 0.422 seconds
[2025-01-01T12:16:20.196+0000] {processor.py:186} INFO - Started process (PID=4624) to work on /home/airflow/.local/lib/python3.12/site-packages/airflow/example_dags/example_branch_operator.py
[2025-01-01T12:16:20.196+0000] {processor.py:914} INFO - Processing file /home/airflow/.local/lib/python3.12/site-packages/airflow/example_dags/example_branch_operator.py for tasks to queue
[2025-01-01T12:16:20.199+0000] {logging_mixin.py:190} INFO - [2025-01-01T12:16:20.198+0000] {dagbag.py:588} INFO - Filling up the DagBag from /home/airflow/.local/lib/python3.12/site-packages/airflow/example_dags/example_branch_operator.py
[2025-01-01T12:16:20.213+0000] {processor.py:925} INFO - DAG(s) 'example_branch_operator' retrieved from /home/airflow/.local/lib/python3.12/site-packages/airflow/example_dags/example_branch_operator.py
[2025-01-01T12:16:20.238+0000] {logging_mixin.py:190} INFO - [2025-01-01T12:16:20.238+0000] {dag.py:3239} INFO - Sync 1 DAGs
[2025-01-01T12:16:20.256+0000] {logging_mixin.py:190} INFO - [2025-01-01T12:16:20.256+0000] {dag.py:4180} INFO - Setting next_dagrun for example_branch_operator to 2024-12-31 00:00:00+00:00, run_after=2025-01-01 00:00:00+00:00
[2025-01-01T12:16:20.275+0000] {processor.py:208} INFO - Processing /home/airflow/.local/lib/python3.12/site-packages/airflow/example_dags/example_branch_operator.py took 0.084 seconds
