[2025-01-01T10:07:20.997+0000] {processor.py:186} INFO - Started process (PID=184) to work on /home/airflow/.local/lib/python3.12/site-packages/airflow/example_dags/tutorial_dag.py
[2025-01-01T10:07:21.049+0000] {processor.py:914} INFO - Processing file /home/airflow/.local/lib/python3.12/site-packages/airflow/example_dags/tutorial_dag.py for tasks to queue
[2025-01-01T10:07:21.112+0000] {logging_mixin.py:190} INFO - [2025-01-01T10:07:21.109+0000] {dagbag.py:588} INFO - Filling up the DagBag from /home/airflow/.local/lib/python3.12/site-packages/airflow/example_dags/tutorial_dag.py
[2025-01-01T10:07:20.786+0000] {processor.py:925} INFO - DAG(s) 'tutorial_dag' retrieved from /home/airflow/.local/lib/python3.12/site-packages/airflow/example_dags/tutorial_dag.py
[2025-01-01T10:07:22.987+0000] {logging_mixin.py:190} INFO - [2025-01-01T10:07:22.983+0000] {override.py:1911} INFO - Created Permission View: can edit on DAG:tutorial_dag
[2025-01-01T10:07:23.208+0000] {logging_mixin.py:190} INFO - [2025-01-01T10:07:23.204+0000] {override.py:1911} INFO - Created Permission View: can delete on DAG:tutorial_dag
[2025-01-01T10:07:23.491+0000] {logging_mixin.py:190} INFO - [2025-01-01T10:07:23.487+0000] {override.py:1911} INFO - Created Permission View: can read on DAG:tutorial_dag
[2025-01-01T10:07:23.611+0000] {logging_mixin.py:190} INFO - [2025-01-01T10:07:23.609+0000] {override.py:1911} INFO - Created Permission View: can create on DAG Run:tutorial_dag
[2025-01-01T10:07:23.816+0000] {logging_mixin.py:190} INFO - [2025-01-01T10:07:23.804+0000] {override.py:1911} INFO - Created Permission View: menu access on DAG Run:tutorial_dag
[2025-01-01T10:07:23.933+0000] {logging_mixin.py:190} INFO - [2025-01-01T10:07:23.931+0000] {override.py:1911} INFO - Created Permission View: can delete on DAG Run:tutorial_dag
[2025-01-01T10:07:24.107+0000] {logging_mixin.py:190} INFO - [2025-01-01T10:07:24.104+0000] {override.py:1911} INFO - Created Permission View: can read on DAG Run:tutorial_dag
[2025-01-01T10:07:24.140+0000] {logging_mixin.py:190} INFO - [2025-01-01T10:07:24.137+0000] {dag.py:3239} INFO - Sync 1 DAGs
[2025-01-01T10:07:24.913+0000] {logging_mixin.py:190} INFO - [2025-01-01T10:07:24.910+0000] {dag.py:3262} INFO - Creating ORM DAG for tutorial_dag
[2025-01-01T10:07:24.928+0000] {logging_mixin.py:190} INFO - [2025-01-01T10:07:24.924+0000] {dag.py:4180} INFO - Setting next_dagrun for tutorial_dag to None, run_after=None
[2025-01-01T10:07:25.590+0000] {processor.py:208} INFO - Processing /home/airflow/.local/lib/python3.12/site-packages/airflow/example_dags/tutorial_dag.py took 5.671 seconds
[2025-01-01T10:09:33.994+0000] {processor.py:186} INFO - Started process (PID=264) to work on /home/airflow/.local/lib/python3.12/site-packages/airflow/example_dags/tutorial_dag.py
[2025-01-01T10:09:34.001+0000] {processor.py:914} INFO - Processing file /home/airflow/.local/lib/python3.12/site-packages/airflow/example_dags/tutorial_dag.py for tasks to queue
[2025-01-01T10:09:34.024+0000] {logging_mixin.py:190} INFO - [2025-01-01T10:09:34.019+0000] {dagbag.py:588} INFO - Filling up the DagBag from /home/airflow/.local/lib/python3.12/site-packages/airflow/example_dags/tutorial_dag.py
[2025-01-01T10:09:34.087+0000] {processor.py:925} INFO - DAG(s) 'tutorial_dag' retrieved from /home/airflow/.local/lib/python3.12/site-packages/airflow/example_dags/tutorial_dag.py
[2025-01-01T10:09:34.229+0000] {logging_mixin.py:190} INFO - [2025-01-01T10:09:34.228+0000] {dag.py:3239} INFO - Sync 1 DAGs
[2025-01-01T10:09:34.359+0000] {logging_mixin.py:190} INFO - [2025-01-01T10:09:34.358+0000] {dag.py:4180} INFO - Setting next_dagrun for tutorial_dag to None, run_after=None
[2025-01-01T10:09:34.471+0000] {processor.py:208} INFO - Processing /home/airflow/.local/lib/python3.12/site-packages/airflow/example_dags/tutorial_dag.py took 0.539 seconds
[2025-01-01T10:14:43.984+0000] {processor.py:186} INFO - Started process (PID=304) to work on /home/airflow/.local/lib/python3.12/site-packages/airflow/example_dags/tutorial_dag.py
[2025-01-01T10:14:43.986+0000] {processor.py:914} INFO - Processing file /home/airflow/.local/lib/python3.12/site-packages/airflow/example_dags/tutorial_dag.py for tasks to queue
[2025-01-01T10:14:43.991+0000] {logging_mixin.py:190} INFO - [2025-01-01T10:14:43.990+0000] {dagbag.py:588} INFO - Filling up the DagBag from /home/airflow/.local/lib/python3.12/site-packages/airflow/example_dags/tutorial_dag.py
[2025-01-01T10:14:44.006+0000] {processor.py:925} INFO - DAG(s) 'tutorial_dag' retrieved from /home/airflow/.local/lib/python3.12/site-packages/airflow/example_dags/tutorial_dag.py
[2025-01-01T10:14:44.062+0000] {logging_mixin.py:190} INFO - [2025-01-01T10:14:44.061+0000] {dag.py:3239} INFO - Sync 1 DAGs
[2025-01-01T10:14:44.095+0000] {logging_mixin.py:190} INFO - [2025-01-01T10:14:44.095+0000] {dag.py:4180} INFO - Setting next_dagrun for tutorial_dag to None, run_after=None
[2025-01-01T10:14:44.147+0000] {processor.py:208} INFO - Processing /home/airflow/.local/lib/python3.12/site-packages/airflow/example_dags/tutorial_dag.py took 0.176 seconds
[2025-01-01T10:15:14.851+0000] {processor.py:186} INFO - Started process (PID=366) to work on /home/airflow/.local/lib/python3.12/site-packages/airflow/example_dags/tutorial_dag.py
[2025-01-01T10:15:14.854+0000] {processor.py:914} INFO - Processing file /home/airflow/.local/lib/python3.12/site-packages/airflow/example_dags/tutorial_dag.py for tasks to queue
[2025-01-01T10:15:14.860+0000] {logging_mixin.py:190} INFO - [2025-01-01T10:15:14.858+0000] {dagbag.py:588} INFO - Filling up the DagBag from /home/airflow/.local/lib/python3.12/site-packages/airflow/example_dags/tutorial_dag.py
[2025-01-01T10:15:14.874+0000] {processor.py:925} INFO - DAG(s) 'tutorial_dag' retrieved from /home/airflow/.local/lib/python3.12/site-packages/airflow/example_dags/tutorial_dag.py
[2025-01-01T10:15:14.914+0000] {logging_mixin.py:190} INFO - [2025-01-01T10:15:14.914+0000] {dag.py:3239} INFO - Sync 1 DAGs
[2025-01-01T10:15:14.951+0000] {logging_mixin.py:190} INFO - [2025-01-01T10:15:14.950+0000] {dag.py:4180} INFO - Setting next_dagrun for tutorial_dag to None, run_after=None
[2025-01-01T10:15:15.000+0000] {processor.py:208} INFO - Processing /home/airflow/.local/lib/python3.12/site-packages/airflow/example_dags/tutorial_dag.py took 0.160 seconds
[2025-01-01T10:15:45.394+0000] {processor.py:186} INFO - Started process (PID=429) to work on /home/airflow/.local/lib/python3.12/site-packages/airflow/example_dags/tutorial_dag.py
[2025-01-01T10:15:45.396+0000] {processor.py:914} INFO - Processing file /home/airflow/.local/lib/python3.12/site-packages/airflow/example_dags/tutorial_dag.py for tasks to queue
[2025-01-01T10:15:45.399+0000] {logging_mixin.py:190} INFO - [2025-01-01T10:15:45.398+0000] {dagbag.py:588} INFO - Filling up the DagBag from /home/airflow/.local/lib/python3.12/site-packages/airflow/example_dags/tutorial_dag.py
[2025-01-01T10:15:45.410+0000] {processor.py:925} INFO - DAG(s) 'tutorial_dag' retrieved from /home/airflow/.local/lib/python3.12/site-packages/airflow/example_dags/tutorial_dag.py
[2025-01-01T10:15:45.434+0000] {logging_mixin.py:190} INFO - [2025-01-01T10:15:45.434+0000] {dag.py:3239} INFO - Sync 1 DAGs
[2025-01-01T10:15:45.453+0000] {logging_mixin.py:190} INFO - [2025-01-01T10:15:45.452+0000] {dag.py:4180} INFO - Setting next_dagrun for tutorial_dag to None, run_after=None
[2025-01-01T10:15:45.483+0000] {processor.py:208} INFO - Processing /home/airflow/.local/lib/python3.12/site-packages/airflow/example_dags/tutorial_dag.py took 0.095 seconds
[2025-01-01T10:16:16.057+0000] {processor.py:186} INFO - Started process (PID=492) to work on /home/airflow/.local/lib/python3.12/site-packages/airflow/example_dags/tutorial_dag.py
[2025-01-01T10:16:16.059+0000] {processor.py:914} INFO - Processing file /home/airflow/.local/lib/python3.12/site-packages/airflow/example_dags/tutorial_dag.py for tasks to queue
[2025-01-01T10:16:16.068+0000] {logging_mixin.py:190} INFO - [2025-01-01T10:16:16.067+0000] {dagbag.py:588} INFO - Filling up the DagBag from /home/airflow/.local/lib/python3.12/site-packages/airflow/example_dags/tutorial_dag.py
[2025-01-01T10:16:16.082+0000] {processor.py:925} INFO - DAG(s) 'tutorial_dag' retrieved from /home/airflow/.local/lib/python3.12/site-packages/airflow/example_dags/tutorial_dag.py
[2025-01-01T10:16:16.125+0000] {logging_mixin.py:190} INFO - [2025-01-01T10:16:16.123+0000] {dag.py:3239} INFO - Sync 1 DAGs
[2025-01-01T10:16:16.166+0000] {logging_mixin.py:190} INFO - [2025-01-01T10:16:16.165+0000] {dag.py:4180} INFO - Setting next_dagrun for tutorial_dag to None, run_after=None
[2025-01-01T10:16:16.210+0000] {processor.py:208} INFO - Processing /home/airflow/.local/lib/python3.12/site-packages/airflow/example_dags/tutorial_dag.py took 0.163 seconds
[2025-01-01T10:16:46.342+0000] {processor.py:186} INFO - Started process (PID=555) to work on /home/airflow/.local/lib/python3.12/site-packages/airflow/example_dags/tutorial_dag.py
[2025-01-01T10:16:46.344+0000] {processor.py:914} INFO - Processing file /home/airflow/.local/lib/python3.12/site-packages/airflow/example_dags/tutorial_dag.py for tasks to queue
[2025-01-01T10:16:46.347+0000] {logging_mixin.py:190} INFO - [2025-01-01T10:16:46.347+0000] {dagbag.py:588} INFO - Filling up the DagBag from /home/airflow/.local/lib/python3.12/site-packages/airflow/example_dags/tutorial_dag.py
[2025-01-01T10:16:46.358+0000] {processor.py:925} INFO - DAG(s) 'tutorial_dag' retrieved from /home/airflow/.local/lib/python3.12/site-packages/airflow/example_dags/tutorial_dag.py
[2025-01-01T10:16:46.383+0000] {logging_mixin.py:190} INFO - [2025-01-01T10:16:46.383+0000] {dag.py:3239} INFO - Sync 1 DAGs
[2025-01-01T10:16:46.401+0000] {logging_mixin.py:190} INFO - [2025-01-01T10:16:46.401+0000] {dag.py:4180} INFO - Setting next_dagrun for tutorial_dag to None, run_after=None
[2025-01-01T10:16:46.459+0000] {processor.py:208} INFO - Processing /home/airflow/.local/lib/python3.12/site-packages/airflow/example_dags/tutorial_dag.py took 0.126 seconds
[2025-01-01T10:17:16.762+0000] {processor.py:186} INFO - Started process (PID=618) to work on /home/airflow/.local/lib/python3.12/site-packages/airflow/example_dags/tutorial_dag.py
[2025-01-01T10:17:16.763+0000] {processor.py:914} INFO - Processing file /home/airflow/.local/lib/python3.12/site-packages/airflow/example_dags/tutorial_dag.py for tasks to queue
[2025-01-01T10:17:16.767+0000] {logging_mixin.py:190} INFO - [2025-01-01T10:17:16.766+0000] {dagbag.py:588} INFO - Filling up the DagBag from /home/airflow/.local/lib/python3.12/site-packages/airflow/example_dags/tutorial_dag.py
[2025-01-01T10:17:16.785+0000] {processor.py:925} INFO - DAG(s) 'tutorial_dag' retrieved from /home/airflow/.local/lib/python3.12/site-packages/airflow/example_dags/tutorial_dag.py
[2025-01-01T10:17:16.817+0000] {logging_mixin.py:190} INFO - [2025-01-01T10:17:16.817+0000] {dag.py:3239} INFO - Sync 1 DAGs
[2025-01-01T10:17:16.839+0000] {logging_mixin.py:190} INFO - [2025-01-01T10:17:16.839+0000] {dag.py:4180} INFO - Setting next_dagrun for tutorial_dag to None, run_after=None
[2025-01-01T10:17:16.868+0000] {processor.py:208} INFO - Processing /home/airflow/.local/lib/python3.12/site-packages/airflow/example_dags/tutorial_dag.py took 0.123 seconds
[2025-01-01T10:17:47.303+0000] {processor.py:186} INFO - Started process (PID=681) to work on /home/airflow/.local/lib/python3.12/site-packages/airflow/example_dags/tutorial_dag.py
[2025-01-01T10:17:47.306+0000] {processor.py:914} INFO - Processing file /home/airflow/.local/lib/python3.12/site-packages/airflow/example_dags/tutorial_dag.py for tasks to queue
[2025-01-01T10:17:47.312+0000] {logging_mixin.py:190} INFO - [2025-01-01T10:17:47.311+0000] {dagbag.py:588} INFO - Filling up the DagBag from /home/airflow/.local/lib/python3.12/site-packages/airflow/example_dags/tutorial_dag.py
[2025-01-01T10:17:47.333+0000] {processor.py:925} INFO - DAG(s) 'tutorial_dag' retrieved from /home/airflow/.local/lib/python3.12/site-packages/airflow/example_dags/tutorial_dag.py
[2025-01-01T10:17:47.362+0000] {logging_mixin.py:190} INFO - [2025-01-01T10:17:47.361+0000] {dag.py:3239} INFO - Sync 1 DAGs
[2025-01-01T10:17:47.385+0000] {logging_mixin.py:190} INFO - [2025-01-01T10:17:47.385+0000] {dag.py:4180} INFO - Setting next_dagrun for tutorial_dag to None, run_after=None
[2025-01-01T10:17:47.413+0000] {processor.py:208} INFO - Processing /home/airflow/.local/lib/python3.12/site-packages/airflow/example_dags/tutorial_dag.py took 0.129 seconds
[2025-01-01T10:18:18.356+0000] {processor.py:186} INFO - Started process (PID=744) to work on /home/airflow/.local/lib/python3.12/site-packages/airflow/example_dags/tutorial_dag.py
[2025-01-01T10:18:18.359+0000] {processor.py:914} INFO - Processing file /home/airflow/.local/lib/python3.12/site-packages/airflow/example_dags/tutorial_dag.py for tasks to queue
[2025-01-01T10:18:18.369+0000] {logging_mixin.py:190} INFO - [2025-01-01T10:18:18.368+0000] {dagbag.py:588} INFO - Filling up the DagBag from /home/airflow/.local/lib/python3.12/site-packages/airflow/example_dags/tutorial_dag.py
[2025-01-01T10:18:18.396+0000] {processor.py:925} INFO - DAG(s) 'tutorial_dag' retrieved from /home/airflow/.local/lib/python3.12/site-packages/airflow/example_dags/tutorial_dag.py
[2025-01-01T10:18:18.464+0000] {logging_mixin.py:190} INFO - [2025-01-01T10:18:18.463+0000] {dag.py:3239} INFO - Sync 1 DAGs
[2025-01-01T10:18:18.525+0000] {logging_mixin.py:190} INFO - [2025-01-01T10:18:18.524+0000] {dag.py:4180} INFO - Setting next_dagrun for tutorial_dag to None, run_after=None
[2025-01-01T10:18:18.606+0000] {processor.py:208} INFO - Processing /home/airflow/.local/lib/python3.12/site-packages/airflow/example_dags/tutorial_dag.py took 0.277 seconds
[2025-01-01T10:18:51.493+0000] {processor.py:186} INFO - Started process (PID=797) to work on /home/airflow/.local/lib/python3.12/site-packages/airflow/example_dags/tutorial_dag.py
[2025-01-01T10:18:51.498+0000] {processor.py:914} INFO - Processing file /home/airflow/.local/lib/python3.12/site-packages/airflow/example_dags/tutorial_dag.py for tasks to queue
[2025-01-01T10:18:51.510+0000] {logging_mixin.py:190} INFO - [2025-01-01T10:18:51.508+0000] {dagbag.py:588} INFO - Filling up the DagBag from /home/airflow/.local/lib/python3.12/site-packages/airflow/example_dags/tutorial_dag.py
[2025-01-01T10:18:51.556+0000] {processor.py:925} INFO - DAG(s) 'tutorial_dag' retrieved from /home/airflow/.local/lib/python3.12/site-packages/airflow/example_dags/tutorial_dag.py
[2025-01-01T10:18:51.666+0000] {logging_mixin.py:190} INFO - [2025-01-01T10:18:51.665+0000] {dag.py:3239} INFO - Sync 1 DAGs
[2025-01-01T10:18:51.742+0000] {logging_mixin.py:190} INFO - [2025-01-01T10:18:51.741+0000] {dag.py:4180} INFO - Setting next_dagrun for tutorial_dag to None, run_after=None
[2025-01-01T10:18:51.833+0000] {processor.py:208} INFO - Processing /home/airflow/.local/lib/python3.12/site-packages/airflow/example_dags/tutorial_dag.py took 0.373 seconds
[2025-01-01T10:19:30.704+0000] {processor.py:186} INFO - Started process (PID=859) to work on /home/airflow/.local/lib/python3.12/site-packages/airflow/example_dags/tutorial_dag.py
[2025-01-01T10:19:30.718+0000] {processor.py:914} INFO - Processing file /home/airflow/.local/lib/python3.12/site-packages/airflow/example_dags/tutorial_dag.py for tasks to queue
[2025-01-01T10:19:30.752+0000] {logging_mixin.py:190} INFO - [2025-01-01T10:19:30.750+0000] {dagbag.py:588} INFO - Filling up the DagBag from /home/airflow/.local/lib/python3.12/site-packages/airflow/example_dags/tutorial_dag.py
[2025-01-01T10:19:30.815+0000] {processor.py:925} INFO - DAG(s) 'tutorial_dag' retrieved from /home/airflow/.local/lib/python3.12/site-packages/airflow/example_dags/tutorial_dag.py
[2025-01-01T10:19:30.925+0000] {logging_mixin.py:190} INFO - [2025-01-01T10:19:30.924+0000] {dag.py:3239} INFO - Sync 1 DAGs
[2025-01-01T10:19:31.011+0000] {logging_mixin.py:190} INFO - [2025-01-01T10:19:31.010+0000] {dag.py:4180} INFO - Setting next_dagrun for tutorial_dag to None, run_after=None
[2025-01-01T10:19:31.111+0000] {processor.py:208} INFO - Processing /home/airflow/.local/lib/python3.12/site-packages/airflow/example_dags/tutorial_dag.py took 0.486 seconds
[2025-01-01T10:20:01.821+0000] {processor.py:186} INFO - Started process (PID=922) to work on /home/airflow/.local/lib/python3.12/site-packages/airflow/example_dags/tutorial_dag.py
[2025-01-01T10:20:01.823+0000] {processor.py:914} INFO - Processing file /home/airflow/.local/lib/python3.12/site-packages/airflow/example_dags/tutorial_dag.py for tasks to queue
[2025-01-01T10:20:01.826+0000] {logging_mixin.py:190} INFO - [2025-01-01T10:20:01.826+0000] {dagbag.py:588} INFO - Filling up the DagBag from /home/airflow/.local/lib/python3.12/site-packages/airflow/example_dags/tutorial_dag.py
[2025-01-01T10:20:01.837+0000] {processor.py:925} INFO - DAG(s) 'tutorial_dag' retrieved from /home/airflow/.local/lib/python3.12/site-packages/airflow/example_dags/tutorial_dag.py
[2025-01-01T10:20:01.867+0000] {logging_mixin.py:190} INFO - [2025-01-01T10:20:01.866+0000] {dag.py:3239} INFO - Sync 1 DAGs
[2025-01-01T10:20:01.884+0000] {logging_mixin.py:190} INFO - [2025-01-01T10:20:01.884+0000] {dag.py:4180} INFO - Setting next_dagrun for tutorial_dag to None, run_after=None
[2025-01-01T10:20:01.914+0000] {processor.py:208} INFO - Processing /home/airflow/.local/lib/python3.12/site-packages/airflow/example_dags/tutorial_dag.py took 0.100 seconds
[2025-01-01T10:20:32.600+0000] {processor.py:186} INFO - Started process (PID=985) to work on /home/airflow/.local/lib/python3.12/site-packages/airflow/example_dags/tutorial_dag.py
[2025-01-01T10:20:32.601+0000] {processor.py:914} INFO - Processing file /home/airflow/.local/lib/python3.12/site-packages/airflow/example_dags/tutorial_dag.py for tasks to queue
[2025-01-01T10:20:32.605+0000] {logging_mixin.py:190} INFO - [2025-01-01T10:20:32.605+0000] {dagbag.py:588} INFO - Filling up the DagBag from /home/airflow/.local/lib/python3.12/site-packages/airflow/example_dags/tutorial_dag.py
[2025-01-01T10:20:32.616+0000] {processor.py:925} INFO - DAG(s) 'tutorial_dag' retrieved from /home/airflow/.local/lib/python3.12/site-packages/airflow/example_dags/tutorial_dag.py
[2025-01-01T10:20:32.648+0000] {logging_mixin.py:190} INFO - [2025-01-01T10:20:32.647+0000] {dag.py:3239} INFO - Sync 1 DAGs
[2025-01-01T10:20:32.667+0000] {logging_mixin.py:190} INFO - [2025-01-01T10:20:32.667+0000] {dag.py:4180} INFO - Setting next_dagrun for tutorial_dag to None, run_after=None
[2025-01-01T10:20:32.697+0000] {processor.py:208} INFO - Processing /home/airflow/.local/lib/python3.12/site-packages/airflow/example_dags/tutorial_dag.py took 0.106 seconds
[2025-01-01T10:21:02.830+0000] {processor.py:186} INFO - Started process (PID=1048) to work on /home/airflow/.local/lib/python3.12/site-packages/airflow/example_dags/tutorial_dag.py
[2025-01-01T10:21:02.832+0000] {processor.py:914} INFO - Processing file /home/airflow/.local/lib/python3.12/site-packages/airflow/example_dags/tutorial_dag.py for tasks to queue
[2025-01-01T10:21:02.835+0000] {logging_mixin.py:190} INFO - [2025-01-01T10:21:02.835+0000] {dagbag.py:588} INFO - Filling up the DagBag from /home/airflow/.local/lib/python3.12/site-packages/airflow/example_dags/tutorial_dag.py
[2025-01-01T10:21:02.844+0000] {processor.py:925} INFO - DAG(s) 'tutorial_dag' retrieved from /home/airflow/.local/lib/python3.12/site-packages/airflow/example_dags/tutorial_dag.py
[2025-01-01T10:21:02.876+0000] {logging_mixin.py:190} INFO - [2025-01-01T10:21:02.876+0000] {dag.py:3239} INFO - Sync 1 DAGs
[2025-01-01T10:21:02.894+0000] {logging_mixin.py:190} INFO - [2025-01-01T10:21:02.893+0000] {dag.py:4180} INFO - Setting next_dagrun for tutorial_dag to None, run_after=None
[2025-01-01T10:21:02.927+0000] {processor.py:208} INFO - Processing /home/airflow/.local/lib/python3.12/site-packages/airflow/example_dags/tutorial_dag.py took 0.105 seconds
[2025-01-01T10:21:33.548+0000] {processor.py:186} INFO - Started process (PID=1112) to work on /home/airflow/.local/lib/python3.12/site-packages/airflow/example_dags/tutorial_dag.py
[2025-01-01T10:21:33.551+0000] {processor.py:914} INFO - Processing file /home/airflow/.local/lib/python3.12/site-packages/airflow/example_dags/tutorial_dag.py for tasks to queue
[2025-01-01T10:21:33.557+0000] {logging_mixin.py:190} INFO - [2025-01-01T10:21:33.556+0000] {dagbag.py:588} INFO - Filling up the DagBag from /home/airflow/.local/lib/python3.12/site-packages/airflow/example_dags/tutorial_dag.py
[2025-01-01T10:21:33.577+0000] {processor.py:925} INFO - DAG(s) 'tutorial_dag' retrieved from /home/airflow/.local/lib/python3.12/site-packages/airflow/example_dags/tutorial_dag.py
[2025-01-01T10:21:33.625+0000] {logging_mixin.py:190} INFO - [2025-01-01T10:21:33.625+0000] {dag.py:3239} INFO - Sync 1 DAGs
[2025-01-01T10:21:33.663+0000] {logging_mixin.py:190} INFO - [2025-01-01T10:21:33.662+0000] {dag.py:4180} INFO - Setting next_dagrun for tutorial_dag to None, run_after=None
[2025-01-01T10:21:33.712+0000] {processor.py:208} INFO - Processing /home/airflow/.local/lib/python3.12/site-packages/airflow/example_dags/tutorial_dag.py took 0.178 seconds
[2025-01-01T10:22:03.989+0000] {processor.py:186} INFO - Started process (PID=1175) to work on /home/airflow/.local/lib/python3.12/site-packages/airflow/example_dags/tutorial_dag.py
[2025-01-01T10:22:03.992+0000] {processor.py:914} INFO - Processing file /home/airflow/.local/lib/python3.12/site-packages/airflow/example_dags/tutorial_dag.py for tasks to queue
[2025-01-01T10:22:03.997+0000] {logging_mixin.py:190} INFO - [2025-01-01T10:22:03.996+0000] {dagbag.py:588} INFO - Filling up the DagBag from /home/airflow/.local/lib/python3.12/site-packages/airflow/example_dags/tutorial_dag.py
[2025-01-01T10:22:04.008+0000] {processor.py:925} INFO - DAG(s) 'tutorial_dag' retrieved from /home/airflow/.local/lib/python3.12/site-packages/airflow/example_dags/tutorial_dag.py
[2025-01-01T10:22:04.042+0000] {logging_mixin.py:190} INFO - [2025-01-01T10:22:04.042+0000] {dag.py:3239} INFO - Sync 1 DAGs
[2025-01-01T10:22:04.060+0000] {logging_mixin.py:190} INFO - [2025-01-01T10:22:04.060+0000] {dag.py:4180} INFO - Setting next_dagrun for tutorial_dag to None, run_after=None
[2025-01-01T10:22:04.090+0000] {processor.py:208} INFO - Processing /home/airflow/.local/lib/python3.12/site-packages/airflow/example_dags/tutorial_dag.py took 0.108 seconds
[2025-01-01T10:22:35.609+0000] {processor.py:186} INFO - Started process (PID=1238) to work on /home/airflow/.local/lib/python3.12/site-packages/airflow/example_dags/tutorial_dag.py
[2025-01-01T10:22:35.614+0000] {processor.py:914} INFO - Processing file /home/airflow/.local/lib/python3.12/site-packages/airflow/example_dags/tutorial_dag.py for tasks to queue
[2025-01-01T10:22:35.624+0000] {logging_mixin.py:190} INFO - [2025-01-01T10:22:35.623+0000] {dagbag.py:588} INFO - Filling up the DagBag from /home/airflow/.local/lib/python3.12/site-packages/airflow/example_dags/tutorial_dag.py
[2025-01-01T10:22:35.652+0000] {processor.py:925} INFO - DAG(s) 'tutorial_dag' retrieved from /home/airflow/.local/lib/python3.12/site-packages/airflow/example_dags/tutorial_dag.py
[2025-01-01T10:22:35.728+0000] {logging_mixin.py:190} INFO - [2025-01-01T10:22:35.727+0000] {dag.py:3239} INFO - Sync 1 DAGs
[2025-01-01T10:22:35.779+0000] {logging_mixin.py:190} INFO - [2025-01-01T10:22:35.779+0000] {dag.py:4180} INFO - Setting next_dagrun for tutorial_dag to None, run_after=None
[2025-01-01T10:22:35.846+0000] {processor.py:208} INFO - Processing /home/airflow/.local/lib/python3.12/site-packages/airflow/example_dags/tutorial_dag.py took 0.266 seconds
[2025-01-01T10:23:06.072+0000] {processor.py:186} INFO - Started process (PID=1300) to work on /home/airflow/.local/lib/python3.12/site-packages/airflow/example_dags/tutorial_dag.py
[2025-01-01T10:23:06.074+0000] {processor.py:914} INFO - Processing file /home/airflow/.local/lib/python3.12/site-packages/airflow/example_dags/tutorial_dag.py for tasks to queue
[2025-01-01T10:23:06.078+0000] {logging_mixin.py:190} INFO - [2025-01-01T10:23:06.077+0000] {dagbag.py:588} INFO - Filling up the DagBag from /home/airflow/.local/lib/python3.12/site-packages/airflow/example_dags/tutorial_dag.py
[2025-01-01T10:23:06.087+0000] {processor.py:925} INFO - DAG(s) 'tutorial_dag' retrieved from /home/airflow/.local/lib/python3.12/site-packages/airflow/example_dags/tutorial_dag.py
[2025-01-01T10:23:06.119+0000] {logging_mixin.py:190} INFO - [2025-01-01T10:23:06.119+0000] {dag.py:3239} INFO - Sync 1 DAGs
[2025-01-01T10:23:06.137+0000] {logging_mixin.py:190} INFO - [2025-01-01T10:23:06.136+0000] {dag.py:4180} INFO - Setting next_dagrun for tutorial_dag to None, run_after=None
[2025-01-01T10:23:06.168+0000] {processor.py:208} INFO - Processing /home/airflow/.local/lib/python3.12/site-packages/airflow/example_dags/tutorial_dag.py took 0.102 seconds
[2025-01-01T10:23:36.858+0000] {processor.py:186} INFO - Started process (PID=1362) to work on /home/airflow/.local/lib/python3.12/site-packages/airflow/example_dags/tutorial_dag.py
[2025-01-01T10:23:36.861+0000] {processor.py:914} INFO - Processing file /home/airflow/.local/lib/python3.12/site-packages/airflow/example_dags/tutorial_dag.py for tasks to queue
[2025-01-01T10:23:36.870+0000] {logging_mixin.py:190} INFO - [2025-01-01T10:23:36.869+0000] {dagbag.py:588} INFO - Filling up the DagBag from /home/airflow/.local/lib/python3.12/site-packages/airflow/example_dags/tutorial_dag.py
[2025-01-01T10:23:36.895+0000] {processor.py:925} INFO - DAG(s) 'tutorial_dag' retrieved from /home/airflow/.local/lib/python3.12/site-packages/airflow/example_dags/tutorial_dag.py
[2025-01-01T10:23:36.961+0000] {logging_mixin.py:190} INFO - [2025-01-01T10:23:36.961+0000] {dag.py:3239} INFO - Sync 1 DAGs
[2025-01-01T10:23:37.014+0000] {logging_mixin.py:190} INFO - [2025-01-01T10:23:37.013+0000] {dag.py:4180} INFO - Setting next_dagrun for tutorial_dag to None, run_after=None
[2025-01-01T10:23:37.087+0000] {processor.py:208} INFO - Processing /home/airflow/.local/lib/python3.12/site-packages/airflow/example_dags/tutorial_dag.py took 0.249 seconds
[2025-01-01T10:24:08.534+0000] {processor.py:186} INFO - Started process (PID=1423) to work on /home/airflow/.local/lib/python3.12/site-packages/airflow/example_dags/tutorial_dag.py
[2025-01-01T10:24:08.539+0000] {processor.py:914} INFO - Processing file /home/airflow/.local/lib/python3.12/site-packages/airflow/example_dags/tutorial_dag.py for tasks to queue
[2025-01-01T10:24:08.551+0000] {logging_mixin.py:190} INFO - [2025-01-01T10:24:08.549+0000] {dagbag.py:588} INFO - Filling up the DagBag from /home/airflow/.local/lib/python3.12/site-packages/airflow/example_dags/tutorial_dag.py
[2025-01-01T10:24:08.595+0000] {processor.py:925} INFO - DAG(s) 'tutorial_dag' retrieved from /home/airflow/.local/lib/python3.12/site-packages/airflow/example_dags/tutorial_dag.py
[2025-01-01T10:24:08.723+0000] {logging_mixin.py:190} INFO - [2025-01-01T10:24:08.721+0000] {dag.py:3239} INFO - Sync 1 DAGs
[2025-01-01T10:24:08.812+0000] {logging_mixin.py:190} INFO - [2025-01-01T10:24:08.811+0000] {dag.py:4180} INFO - Setting next_dagrun for tutorial_dag to None, run_after=None
[2025-01-01T10:24:08.969+0000] {processor.py:208} INFO - Processing /home/airflow/.local/lib/python3.12/site-packages/airflow/example_dags/tutorial_dag.py took 0.469 seconds
[2025-01-01T10:24:46.213+0000] {processor.py:186} INFO - Started process (PID=1482) to work on /home/airflow/.local/lib/python3.12/site-packages/airflow/example_dags/tutorial_dag.py
[2025-01-01T10:24:46.231+0000] {processor.py:914} INFO - Processing file /home/airflow/.local/lib/python3.12/site-packages/airflow/example_dags/tutorial_dag.py for tasks to queue
[2025-01-01T10:24:46.263+0000] {logging_mixin.py:190} INFO - [2025-01-01T10:24:46.256+0000] {dagbag.py:588} INFO - Filling up the DagBag from /home/airflow/.local/lib/python3.12/site-packages/airflow/example_dags/tutorial_dag.py
[2025-01-01T10:24:46.334+0000] {processor.py:925} INFO - DAG(s) 'tutorial_dag' retrieved from /home/airflow/.local/lib/python3.12/site-packages/airflow/example_dags/tutorial_dag.py
[2025-01-01T10:24:46.526+0000] {logging_mixin.py:190} INFO - [2025-01-01T10:24:46.525+0000] {dag.py:3239} INFO - Sync 1 DAGs
[2025-01-01T10:24:46.676+0000] {logging_mixin.py:190} INFO - [2025-01-01T10:24:46.674+0000] {dag.py:4180} INFO - Setting next_dagrun for tutorial_dag to None, run_after=None
[2025-01-01T10:24:46.962+0000] {processor.py:208} INFO - Processing /home/airflow/.local/lib/python3.12/site-packages/airflow/example_dags/tutorial_dag.py took 0.824 seconds
[2025-01-01T10:25:25.812+0000] {processor.py:186} INFO - Started process (PID=1536) to work on /home/airflow/.local/lib/python3.12/site-packages/airflow/example_dags/tutorial_dag.py
[2025-01-01T10:25:25.818+0000] {processor.py:914} INFO - Processing file /home/airflow/.local/lib/python3.12/site-packages/airflow/example_dags/tutorial_dag.py for tasks to queue
[2025-01-01T10:25:25.834+0000] {logging_mixin.py:190} INFO - [2025-01-01T10:25:25.832+0000] {dagbag.py:588} INFO - Filling up the DagBag from /home/airflow/.local/lib/python3.12/site-packages/airflow/example_dags/tutorial_dag.py
[2025-01-01T10:25:25.904+0000] {processor.py:925} INFO - DAG(s) 'tutorial_dag' retrieved from /home/airflow/.local/lib/python3.12/site-packages/airflow/example_dags/tutorial_dag.py
[2025-01-01T10:25:26.066+0000] {logging_mixin.py:190} INFO - [2025-01-01T10:25:26.064+0000] {dag.py:3239} INFO - Sync 1 DAGs
[2025-01-01T10:25:26.202+0000] {logging_mixin.py:190} INFO - [2025-01-01T10:25:26.201+0000] {dag.py:4180} INFO - Setting next_dagrun for tutorial_dag to None, run_after=None
[2025-01-01T10:25:26.339+0000] {processor.py:208} INFO - Processing /home/airflow/.local/lib/python3.12/site-packages/airflow/example_dags/tutorial_dag.py took 0.569 seconds
[2025-01-01T10:26:04.031+0000] {processor.py:186} INFO - Started process (PID=1604) to work on /home/airflow/.local/lib/python3.12/site-packages/airflow/example_dags/tutorial_dag.py
[2025-01-01T10:26:04.034+0000] {processor.py:914} INFO - Processing file /home/airflow/.local/lib/python3.12/site-packages/airflow/example_dags/tutorial_dag.py for tasks to queue
[2025-01-01T10:26:04.043+0000] {logging_mixin.py:190} INFO - [2025-01-01T10:26:04.042+0000] {dagbag.py:588} INFO - Filling up the DagBag from /home/airflow/.local/lib/python3.12/site-packages/airflow/example_dags/tutorial_dag.py
[2025-01-01T10:26:04.071+0000] {processor.py:925} INFO - DAG(s) 'tutorial_dag' retrieved from /home/airflow/.local/lib/python3.12/site-packages/airflow/example_dags/tutorial_dag.py
[2025-01-01T10:26:04.146+0000] {logging_mixin.py:190} INFO - [2025-01-01T10:26:04.146+0000] {dag.py:3239} INFO - Sync 1 DAGs
[2025-01-01T10:26:04.199+0000] {logging_mixin.py:190} INFO - [2025-01-01T10:26:04.198+0000] {dag.py:4180} INFO - Setting next_dagrun for tutorial_dag to None, run_after=None
[2025-01-01T10:26:04.263+0000] {processor.py:208} INFO - Processing /home/airflow/.local/lib/python3.12/site-packages/airflow/example_dags/tutorial_dag.py took 0.255 seconds
[2025-01-01T10:26:35.470+0000] {processor.py:186} INFO - Started process (PID=1668) to work on /home/airflow/.local/lib/python3.12/site-packages/airflow/example_dags/tutorial_dag.py
[2025-01-01T10:26:35.473+0000] {processor.py:914} INFO - Processing file /home/airflow/.local/lib/python3.12/site-packages/airflow/example_dags/tutorial_dag.py for tasks to queue
[2025-01-01T10:26:35.478+0000] {logging_mixin.py:190} INFO - [2025-01-01T10:26:35.477+0000] {dagbag.py:588} INFO - Filling up the DagBag from /home/airflow/.local/lib/python3.12/site-packages/airflow/example_dags/tutorial_dag.py
[2025-01-01T10:26:35.494+0000] {processor.py:925} INFO - DAG(s) 'tutorial_dag' retrieved from /home/airflow/.local/lib/python3.12/site-packages/airflow/example_dags/tutorial_dag.py
[2025-01-01T10:26:35.539+0000] {logging_mixin.py:190} INFO - [2025-01-01T10:26:35.539+0000] {dag.py:3239} INFO - Sync 1 DAGs
[2025-01-01T10:26:35.570+0000] {logging_mixin.py:190} INFO - [2025-01-01T10:26:35.570+0000] {dag.py:4180} INFO - Setting next_dagrun for tutorial_dag to None, run_after=None
[2025-01-01T10:26:35.613+0000] {processor.py:208} INFO - Processing /home/airflow/.local/lib/python3.12/site-packages/airflow/example_dags/tutorial_dag.py took 0.156 seconds
[2025-01-01T10:27:06.203+0000] {processor.py:186} INFO - Started process (PID=1731) to work on /home/airflow/.local/lib/python3.12/site-packages/airflow/example_dags/tutorial_dag.py
[2025-01-01T10:27:06.205+0000] {processor.py:914} INFO - Processing file /home/airflow/.local/lib/python3.12/site-packages/airflow/example_dags/tutorial_dag.py for tasks to queue
[2025-01-01T10:27:06.208+0000] {logging_mixin.py:190} INFO - [2025-01-01T10:27:06.208+0000] {dagbag.py:588} INFO - Filling up the DagBag from /home/airflow/.local/lib/python3.12/site-packages/airflow/example_dags/tutorial_dag.py
[2025-01-01T10:27:06.218+0000] {processor.py:925} INFO - DAG(s) 'tutorial_dag' retrieved from /home/airflow/.local/lib/python3.12/site-packages/airflow/example_dags/tutorial_dag.py
[2025-01-01T10:27:06.249+0000] {logging_mixin.py:190} INFO - [2025-01-01T10:27:06.249+0000] {dag.py:3239} INFO - Sync 1 DAGs
[2025-01-01T10:27:06.270+0000] {logging_mixin.py:190} INFO - [2025-01-01T10:27:06.270+0000] {dag.py:4180} INFO - Setting next_dagrun for tutorial_dag to None, run_after=None
[2025-01-01T10:27:06.297+0000] {processor.py:208} INFO - Processing /home/airflow/.local/lib/python3.12/site-packages/airflow/example_dags/tutorial_dag.py took 0.102 seconds
[2025-01-01T10:27:36.485+0000] {processor.py:186} INFO - Started process (PID=1793) to work on /home/airflow/.local/lib/python3.12/site-packages/airflow/example_dags/tutorial_dag.py
[2025-01-01T10:27:36.487+0000] {processor.py:914} INFO - Processing file /home/airflow/.local/lib/python3.12/site-packages/airflow/example_dags/tutorial_dag.py for tasks to queue
[2025-01-01T10:27:36.494+0000] {logging_mixin.py:190} INFO - [2025-01-01T10:27:36.493+0000] {dagbag.py:588} INFO - Filling up the DagBag from /home/airflow/.local/lib/python3.12/site-packages/airflow/example_dags/tutorial_dag.py
[2025-01-01T10:27:36.514+0000] {processor.py:925} INFO - DAG(s) 'tutorial_dag' retrieved from /home/airflow/.local/lib/python3.12/site-packages/airflow/example_dags/tutorial_dag.py
[2025-01-01T10:27:36.561+0000] {logging_mixin.py:190} INFO - [2025-01-01T10:27:36.560+0000] {dag.py:3239} INFO - Sync 1 DAGs
[2025-01-01T10:27:36.600+0000] {logging_mixin.py:190} INFO - [2025-01-01T10:27:36.599+0000] {dag.py:4180} INFO - Setting next_dagrun for tutorial_dag to None, run_after=None
[2025-01-01T10:27:36.647+0000] {processor.py:208} INFO - Processing /home/airflow/.local/lib/python3.12/site-packages/airflow/example_dags/tutorial_dag.py took 0.177 seconds
[2025-01-01T10:28:08.627+0000] {processor.py:186} INFO - Started process (PID=1850) to work on /home/airflow/.local/lib/python3.12/site-packages/airflow/example_dags/tutorial_dag.py
[2025-01-01T10:28:08.633+0000] {processor.py:914} INFO - Processing file /home/airflow/.local/lib/python3.12/site-packages/airflow/example_dags/tutorial_dag.py for tasks to queue
[2025-01-01T10:28:08.648+0000] {logging_mixin.py:190} INFO - [2025-01-01T10:28:08.646+0000] {dagbag.py:588} INFO - Filling up the DagBag from /home/airflow/.local/lib/python3.12/site-packages/airflow/example_dags/tutorial_dag.py
[2025-01-01T10:28:08.701+0000] {processor.py:925} INFO - DAG(s) 'tutorial_dag' retrieved from /home/airflow/.local/lib/python3.12/site-packages/airflow/example_dags/tutorial_dag.py
[2025-01-01T10:28:08.806+0000] {logging_mixin.py:190} INFO - [2025-01-01T10:28:08.805+0000] {dag.py:3239} INFO - Sync 1 DAGs
[2025-01-01T10:28:08.912+0000] {logging_mixin.py:190} INFO - [2025-01-01T10:28:08.910+0000] {dag.py:4180} INFO - Setting next_dagrun for tutorial_dag to None, run_after=None
[2025-01-01T10:28:09.018+0000] {processor.py:208} INFO - Processing /home/airflow/.local/lib/python3.12/site-packages/airflow/example_dags/tutorial_dag.py took 0.433 seconds
[2025-01-01T10:28:49.069+0000] {processor.py:186} INFO - Started process (PID=1914) to work on /home/airflow/.local/lib/python3.12/site-packages/airflow/example_dags/tutorial_dag.py
[2025-01-01T10:28:49.075+0000] {processor.py:914} INFO - Processing file /home/airflow/.local/lib/python3.12/site-packages/airflow/example_dags/tutorial_dag.py for tasks to queue
[2025-01-01T10:28:49.111+0000] {logging_mixin.py:190} INFO - [2025-01-01T10:28:49.109+0000] {dagbag.py:588} INFO - Filling up the DagBag from /home/airflow/.local/lib/python3.12/site-packages/airflow/example_dags/tutorial_dag.py
[2025-01-01T10:28:49.244+0000] {processor.py:925} INFO - DAG(s) 'tutorial_dag' retrieved from /home/airflow/.local/lib/python3.12/site-packages/airflow/example_dags/tutorial_dag.py
[2025-01-01T10:28:49.453+0000] {logging_mixin.py:190} INFO - [2025-01-01T10:28:49.452+0000] {dag.py:3239} INFO - Sync 1 DAGs
[2025-01-01T10:28:49.641+0000] {logging_mixin.py:190} INFO - [2025-01-01T10:28:49.640+0000] {dag.py:4180} INFO - Setting next_dagrun for tutorial_dag to None, run_after=None
[2025-01-01T10:28:49.800+0000] {processor.py:208} INFO - Processing /home/airflow/.local/lib/python3.12/site-packages/airflow/example_dags/tutorial_dag.py took 0.845 seconds
[2025-01-01T10:29:28.356+0000] {processor.py:186} INFO - Started process (PID=1967) to work on /home/airflow/.local/lib/python3.12/site-packages/airflow/example_dags/tutorial_dag.py
[2025-01-01T10:29:28.363+0000] {processor.py:914} INFO - Processing file /home/airflow/.local/lib/python3.12/site-packages/airflow/example_dags/tutorial_dag.py for tasks to queue
[2025-01-01T10:29:28.380+0000] {logging_mixin.py:190} INFO - [2025-01-01T10:29:28.376+0000] {dagbag.py:588} INFO - Filling up the DagBag from /home/airflow/.local/lib/python3.12/site-packages/airflow/example_dags/tutorial_dag.py
[2025-01-01T10:29:28.438+0000] {processor.py:925} INFO - DAG(s) 'tutorial_dag' retrieved from /home/airflow/.local/lib/python3.12/site-packages/airflow/example_dags/tutorial_dag.py
[2025-01-01T10:29:28.536+0000] {logging_mixin.py:190} INFO - [2025-01-01T10:29:28.535+0000] {dag.py:3239} INFO - Sync 1 DAGs
[2025-01-01T10:29:28.618+0000] {logging_mixin.py:190} INFO - [2025-01-01T10:29:28.617+0000] {dag.py:4180} INFO - Setting next_dagrun for tutorial_dag to None, run_after=None
[2025-01-01T10:29:28.810+0000] {processor.py:208} INFO - Processing /home/airflow/.local/lib/python3.12/site-packages/airflow/example_dags/tutorial_dag.py took 0.490 seconds
[2025-01-01T10:30:01.503+0000] {processor.py:186} INFO - Started process (PID=2034) to work on /home/airflow/.local/lib/python3.12/site-packages/airflow/example_dags/tutorial_dag.py
[2025-01-01T10:30:01.507+0000] {processor.py:914} INFO - Processing file /home/airflow/.local/lib/python3.12/site-packages/airflow/example_dags/tutorial_dag.py for tasks to queue
[2025-01-01T10:30:01.515+0000] {logging_mixin.py:190} INFO - [2025-01-01T10:30:01.514+0000] {dagbag.py:588} INFO - Filling up the DagBag from /home/airflow/.local/lib/python3.12/site-packages/airflow/example_dags/tutorial_dag.py
[2025-01-01T10:30:01.550+0000] {processor.py:925} INFO - DAG(s) 'tutorial_dag' retrieved from /home/airflow/.local/lib/python3.12/site-packages/airflow/example_dags/tutorial_dag.py
[2025-01-01T10:30:01.620+0000] {logging_mixin.py:190} INFO - [2025-01-01T10:30:01.619+0000] {dag.py:3239} INFO - Sync 1 DAGs
[2025-01-01T10:30:01.693+0000] {logging_mixin.py:190} INFO - [2025-01-01T10:30:01.692+0000] {dag.py:4180} INFO - Setting next_dagrun for tutorial_dag to None, run_after=None
[2025-01-01T10:30:01.771+0000] {processor.py:208} INFO - Processing /home/airflow/.local/lib/python3.12/site-packages/airflow/example_dags/tutorial_dag.py took 0.293 seconds
[2025-01-01T10:30:38.011+0000] {processor.py:186} INFO - Started process (PID=2091) to work on /home/airflow/.local/lib/python3.12/site-packages/airflow/example_dags/tutorial_dag.py
[2025-01-01T10:30:38.016+0000] {processor.py:914} INFO - Processing file /home/airflow/.local/lib/python3.12/site-packages/airflow/example_dags/tutorial_dag.py for tasks to queue
[2025-01-01T10:30:38.027+0000] {logging_mixin.py:190} INFO - [2025-01-01T10:30:38.026+0000] {dagbag.py:588} INFO - Filling up the DagBag from /home/airflow/.local/lib/python3.12/site-packages/airflow/example_dags/tutorial_dag.py
[2025-01-01T10:30:38.065+0000] {processor.py:925} INFO - DAG(s) 'tutorial_dag' retrieved from /home/airflow/.local/lib/python3.12/site-packages/airflow/example_dags/tutorial_dag.py
[2025-01-01T10:30:38.185+0000] {logging_mixin.py:190} INFO - [2025-01-01T10:30:38.184+0000] {dag.py:3239} INFO - Sync 1 DAGs
[2025-01-01T10:30:38.277+0000] {logging_mixin.py:190} INFO - [2025-01-01T10:30:38.276+0000] {dag.py:4180} INFO - Setting next_dagrun for tutorial_dag to None, run_after=None
[2025-01-01T10:30:38.404+0000] {processor.py:208} INFO - Processing /home/airflow/.local/lib/python3.12/site-packages/airflow/example_dags/tutorial_dag.py took 0.427 seconds
[2025-01-01T10:31:09.303+0000] {processor.py:186} INFO - Started process (PID=2154) to work on /home/airflow/.local/lib/python3.12/site-packages/airflow/example_dags/tutorial_dag.py
[2025-01-01T10:31:09.305+0000] {processor.py:914} INFO - Processing file /home/airflow/.local/lib/python3.12/site-packages/airflow/example_dags/tutorial_dag.py for tasks to queue
[2025-01-01T10:31:09.308+0000] {logging_mixin.py:190} INFO - [2025-01-01T10:31:09.308+0000] {dagbag.py:588} INFO - Filling up the DagBag from /home/airflow/.local/lib/python3.12/site-packages/airflow/example_dags/tutorial_dag.py
[2025-01-01T10:31:09.318+0000] {processor.py:925} INFO - DAG(s) 'tutorial_dag' retrieved from /home/airflow/.local/lib/python3.12/site-packages/airflow/example_dags/tutorial_dag.py
[2025-01-01T10:31:09.347+0000] {logging_mixin.py:190} INFO - [2025-01-01T10:31:09.347+0000] {dag.py:3239} INFO - Sync 1 DAGs
[2025-01-01T10:31:09.366+0000] {logging_mixin.py:190} INFO - [2025-01-01T10:31:09.365+0000] {dag.py:4180} INFO - Setting next_dagrun for tutorial_dag to None, run_after=None
[2025-01-01T10:31:09.396+0000] {processor.py:208} INFO - Processing /home/airflow/.local/lib/python3.12/site-packages/airflow/example_dags/tutorial_dag.py took 0.099 seconds
[2025-01-01T10:31:44.435+0000] {processor.py:186} INFO - Started process (PID=2217) to work on /home/airflow/.local/lib/python3.12/site-packages/airflow/example_dags/tutorial_dag.py
[2025-01-01T10:31:44.440+0000] {processor.py:914} INFO - Processing file /home/airflow/.local/lib/python3.12/site-packages/airflow/example_dags/tutorial_dag.py for tasks to queue
[2025-01-01T10:31:44.461+0000] {logging_mixin.py:190} INFO - [2025-01-01T10:31:44.458+0000] {dagbag.py:588} INFO - Filling up the DagBag from /home/airflow/.local/lib/python3.12/site-packages/airflow/example_dags/tutorial_dag.py
[2025-01-01T10:31:44.557+0000] {processor.py:925} INFO - DAG(s) 'tutorial_dag' retrieved from /home/airflow/.local/lib/python3.12/site-packages/airflow/example_dags/tutorial_dag.py
[2025-01-01T10:31:44.675+0000] {logging_mixin.py:190} INFO - [2025-01-01T10:31:44.674+0000] {dag.py:3239} INFO - Sync 1 DAGs
[2025-01-01T10:31:44.767+0000] {logging_mixin.py:190} INFO - [2025-01-01T10:31:44.766+0000] {dag.py:4180} INFO - Setting next_dagrun for tutorial_dag to None, run_after=None
[2025-01-01T10:31:44.866+0000] {processor.py:208} INFO - Processing /home/airflow/.local/lib/python3.12/site-packages/airflow/example_dags/tutorial_dag.py took 0.473 seconds
[2025-01-01T10:32:15.075+0000] {processor.py:186} INFO - Started process (PID=2280) to work on /home/airflow/.local/lib/python3.12/site-packages/airflow/example_dags/tutorial_dag.py
[2025-01-01T10:32:15.078+0000] {processor.py:914} INFO - Processing file /home/airflow/.local/lib/python3.12/site-packages/airflow/example_dags/tutorial_dag.py for tasks to queue
[2025-01-01T10:32:15.085+0000] {logging_mixin.py:190} INFO - [2025-01-01T10:32:15.084+0000] {dagbag.py:588} INFO - Filling up the DagBag from /home/airflow/.local/lib/python3.12/site-packages/airflow/example_dags/tutorial_dag.py
[2025-01-01T10:32:15.113+0000] {processor.py:925} INFO - DAG(s) 'tutorial_dag' retrieved from /home/airflow/.local/lib/python3.12/site-packages/airflow/example_dags/tutorial_dag.py
[2025-01-01T10:32:15.171+0000] {logging_mixin.py:190} INFO - [2025-01-01T10:32:15.170+0000] {dag.py:3239} INFO - Sync 1 DAGs
[2025-01-01T10:32:15.212+0000] {logging_mixin.py:190} INFO - [2025-01-01T10:32:15.212+0000] {dag.py:4180} INFO - Setting next_dagrun for tutorial_dag to None, run_after=None
[2025-01-01T10:32:15.266+0000] {processor.py:208} INFO - Processing /home/airflow/.local/lib/python3.12/site-packages/airflow/example_dags/tutorial_dag.py took 0.209 seconds
[2025-01-01T10:32:46.066+0000] {processor.py:186} INFO - Started process (PID=2336) to work on /home/airflow/.local/lib/python3.12/site-packages/airflow/example_dags/tutorial_dag.py
[2025-01-01T10:32:46.072+0000] {processor.py:914} INFO - Processing file /home/airflow/.local/lib/python3.12/site-packages/airflow/example_dags/tutorial_dag.py for tasks to queue
[2025-01-01T10:32:46.085+0000] {logging_mixin.py:190} INFO - [2025-01-01T10:32:46.083+0000] {dagbag.py:588} INFO - Filling up the DagBag from /home/airflow/.local/lib/python3.12/site-packages/airflow/example_dags/tutorial_dag.py
[2025-01-01T10:32:46.126+0000] {processor.py:925} INFO - DAG(s) 'tutorial_dag' retrieved from /home/airflow/.local/lib/python3.12/site-packages/airflow/example_dags/tutorial_dag.py
[2025-01-01T10:32:46.215+0000] {logging_mixin.py:190} INFO - [2025-01-01T10:32:46.214+0000] {dag.py:3239} INFO - Sync 1 DAGs
[2025-01-01T10:32:46.279+0000] {logging_mixin.py:190} INFO - [2025-01-01T10:32:46.278+0000] {dag.py:4180} INFO - Setting next_dagrun for tutorial_dag to None, run_after=None
[2025-01-01T10:32:46.312+0000] {processor.py:208} INFO - Processing /home/airflow/.local/lib/python3.12/site-packages/airflow/example_dags/tutorial_dag.py took 0.285 seconds
[2025-01-01T10:33:16.781+0000] {processor.py:186} INFO - Started process (PID=2398) to work on /home/airflow/.local/lib/python3.12/site-packages/airflow/example_dags/tutorial_dag.py
[2025-01-01T10:33:16.782+0000] {processor.py:914} INFO - Processing file /home/airflow/.local/lib/python3.12/site-packages/airflow/example_dags/tutorial_dag.py for tasks to queue
[2025-01-01T10:33:16.785+0000] {logging_mixin.py:190} INFO - [2025-01-01T10:33:16.785+0000] {dagbag.py:588} INFO - Filling up the DagBag from /home/airflow/.local/lib/python3.12/site-packages/airflow/example_dags/tutorial_dag.py
[2025-01-01T10:33:16.795+0000] {processor.py:925} INFO - DAG(s) 'tutorial_dag' retrieved from /home/airflow/.local/lib/python3.12/site-packages/airflow/example_dags/tutorial_dag.py
[2025-01-01T10:33:16.827+0000] {logging_mixin.py:190} INFO - [2025-01-01T10:33:16.827+0000] {dag.py:3239} INFO - Sync 1 DAGs
[2025-01-01T10:33:16.852+0000] {logging_mixin.py:190} INFO - [2025-01-01T10:33:16.852+0000] {dag.py:4180} INFO - Setting next_dagrun for tutorial_dag to None, run_after=None
[2025-01-01T10:33:16.884+0000] {processor.py:208} INFO - Processing /home/airflow/.local/lib/python3.12/site-packages/airflow/example_dags/tutorial_dag.py took 0.112 seconds
[2025-01-01T10:33:47.833+0000] {processor.py:186} INFO - Started process (PID=2462) to work on /home/airflow/.local/lib/python3.12/site-packages/airflow/example_dags/tutorial_dag.py
[2025-01-01T10:33:47.834+0000] {processor.py:914} INFO - Processing file /home/airflow/.local/lib/python3.12/site-packages/airflow/example_dags/tutorial_dag.py for tasks to queue
[2025-01-01T10:33:47.838+0000] {logging_mixin.py:190} INFO - [2025-01-01T10:33:47.838+0000] {dagbag.py:588} INFO - Filling up the DagBag from /home/airflow/.local/lib/python3.12/site-packages/airflow/example_dags/tutorial_dag.py
[2025-01-01T10:33:47.851+0000] {processor.py:925} INFO - DAG(s) 'tutorial_dag' retrieved from /home/airflow/.local/lib/python3.12/site-packages/airflow/example_dags/tutorial_dag.py
[2025-01-01T10:33:47.882+0000] {logging_mixin.py:190} INFO - [2025-01-01T10:33:47.881+0000] {dag.py:3239} INFO - Sync 1 DAGs
[2025-01-01T10:33:47.906+0000] {logging_mixin.py:190} INFO - [2025-01-01T10:33:47.905+0000] {dag.py:4180} INFO - Setting next_dagrun for tutorial_dag to None, run_after=None
[2025-01-01T10:33:47.942+0000] {processor.py:208} INFO - Processing /home/airflow/.local/lib/python3.12/site-packages/airflow/example_dags/tutorial_dag.py took 0.119 seconds
[2025-01-01T10:34:18.127+0000] {processor.py:186} INFO - Started process (PID=2524) to work on /home/airflow/.local/lib/python3.12/site-packages/airflow/example_dags/tutorial_dag.py
[2025-01-01T10:34:18.129+0000] {processor.py:914} INFO - Processing file /home/airflow/.local/lib/python3.12/site-packages/airflow/example_dags/tutorial_dag.py for tasks to queue
[2025-01-01T10:34:18.131+0000] {logging_mixin.py:190} INFO - [2025-01-01T10:34:18.131+0000] {dagbag.py:588} INFO - Filling up the DagBag from /home/airflow/.local/lib/python3.12/site-packages/airflow/example_dags/tutorial_dag.py
[2025-01-01T10:34:18.141+0000] {processor.py:925} INFO - DAG(s) 'tutorial_dag' retrieved from /home/airflow/.local/lib/python3.12/site-packages/airflow/example_dags/tutorial_dag.py
[2025-01-01T10:34:18.176+0000] {logging_mixin.py:190} INFO - [2025-01-01T10:34:18.175+0000] {dag.py:3239} INFO - Sync 1 DAGs
[2025-01-01T10:34:18.200+0000] {logging_mixin.py:190} INFO - [2025-01-01T10:34:18.200+0000] {dag.py:4180} INFO - Setting next_dagrun for tutorial_dag to None, run_after=None
[2025-01-01T10:34:18.228+0000] {processor.py:208} INFO - Processing /home/airflow/.local/lib/python3.12/site-packages/airflow/example_dags/tutorial_dag.py took 0.112 seconds
[2025-01-01T10:34:48.723+0000] {processor.py:186} INFO - Started process (PID=2587) to work on /home/airflow/.local/lib/python3.12/site-packages/airflow/example_dags/tutorial_dag.py
[2025-01-01T10:34:48.727+0000] {processor.py:914} INFO - Processing file /home/airflow/.local/lib/python3.12/site-packages/airflow/example_dags/tutorial_dag.py for tasks to queue
[2025-01-01T10:34:48.730+0000] {logging_mixin.py:190} INFO - [2025-01-01T10:34:48.730+0000] {dagbag.py:588} INFO - Filling up the DagBag from /home/airflow/.local/lib/python3.12/site-packages/airflow/example_dags/tutorial_dag.py
[2025-01-01T10:34:48.740+0000] {processor.py:925} INFO - DAG(s) 'tutorial_dag' retrieved from /home/airflow/.local/lib/python3.12/site-packages/airflow/example_dags/tutorial_dag.py
[2025-01-01T10:34:48.771+0000] {logging_mixin.py:190} INFO - [2025-01-01T10:34:48.771+0000] {dag.py:3239} INFO - Sync 1 DAGs
[2025-01-01T10:34:48.798+0000] {logging_mixin.py:190} INFO - [2025-01-01T10:34:48.798+0000] {dag.py:4180} INFO - Setting next_dagrun for tutorial_dag to None, run_after=None
[2025-01-01T10:34:48.834+0000] {processor.py:208} INFO - Processing /home/airflow/.local/lib/python3.12/site-packages/airflow/example_dags/tutorial_dag.py took 0.122 seconds
[2025-01-01T10:35:19.148+0000] {processor.py:186} INFO - Started process (PID=2649) to work on /home/airflow/.local/lib/python3.12/site-packages/airflow/example_dags/tutorial_dag.py
[2025-01-01T10:35:19.151+0000] {processor.py:914} INFO - Processing file /home/airflow/.local/lib/python3.12/site-packages/airflow/example_dags/tutorial_dag.py for tasks to queue
[2025-01-01T10:35:19.159+0000] {logging_mixin.py:190} INFO - [2025-01-01T10:35:19.158+0000] {dagbag.py:588} INFO - Filling up the DagBag from /home/airflow/.local/lib/python3.12/site-packages/airflow/example_dags/tutorial_dag.py
[2025-01-01T10:35:19.180+0000] {processor.py:925} INFO - DAG(s) 'tutorial_dag' retrieved from /home/airflow/.local/lib/python3.12/site-packages/airflow/example_dags/tutorial_dag.py
[2025-01-01T10:35:19.240+0000] {logging_mixin.py:190} INFO - [2025-01-01T10:35:19.240+0000] {dag.py:3239} INFO - Sync 1 DAGs
[2025-01-01T10:35:19.289+0000] {logging_mixin.py:190} INFO - [2025-01-01T10:35:19.288+0000] {dag.py:4180} INFO - Setting next_dagrun for tutorial_dag to None, run_after=None
[2025-01-01T10:35:19.359+0000] {processor.py:208} INFO - Processing /home/airflow/.local/lib/python3.12/site-packages/airflow/example_dags/tutorial_dag.py took 0.228 seconds
[2025-01-01T10:35:49.992+0000] {processor.py:186} INFO - Started process (PID=2712) to work on /home/airflow/.local/lib/python3.12/site-packages/airflow/example_dags/tutorial_dag.py
[2025-01-01T10:35:49.994+0000] {processor.py:914} INFO - Processing file /home/airflow/.local/lib/python3.12/site-packages/airflow/example_dags/tutorial_dag.py for tasks to queue
[2025-01-01T10:35:49.998+0000] {logging_mixin.py:190} INFO - [2025-01-01T10:35:49.997+0000] {dagbag.py:588} INFO - Filling up the DagBag from /home/airflow/.local/lib/python3.12/site-packages/airflow/example_dags/tutorial_dag.py
[2025-01-01T10:35:50.011+0000] {processor.py:925} INFO - DAG(s) 'tutorial_dag' retrieved from /home/airflow/.local/lib/python3.12/site-packages/airflow/example_dags/tutorial_dag.py
[2025-01-01T10:35:50.044+0000] {logging_mixin.py:190} INFO - [2025-01-01T10:35:50.044+0000] {dag.py:3239} INFO - Sync 1 DAGs
[2025-01-01T10:35:50.066+0000] {logging_mixin.py:190} INFO - [2025-01-01T10:35:50.065+0000] {dag.py:4180} INFO - Setting next_dagrun for tutorial_dag to None, run_after=None
[2025-01-01T10:35:50.100+0000] {processor.py:208} INFO - Processing /home/airflow/.local/lib/python3.12/site-packages/airflow/example_dags/tutorial_dag.py took 0.119 seconds
[2025-01-01T10:36:21.747+0000] {processor.py:186} INFO - Started process (PID=2775) to work on /home/airflow/.local/lib/python3.12/site-packages/airflow/example_dags/tutorial_dag.py
[2025-01-01T10:36:21.779+0000] {processor.py:914} INFO - Processing file /home/airflow/.local/lib/python3.12/site-packages/airflow/example_dags/tutorial_dag.py for tasks to queue
[2025-01-01T10:36:21.861+0000] {logging_mixin.py:190} INFO - [2025-01-01T10:36:21.855+0000] {dagbag.py:588} INFO - Filling up the DagBag from /home/airflow/.local/lib/python3.12/site-packages/airflow/example_dags/tutorial_dag.py
[2025-01-01T10:36:22.129+0000] {processor.py:925} INFO - DAG(s) 'tutorial_dag' retrieved from /home/airflow/.local/lib/python3.12/site-packages/airflow/example_dags/tutorial_dag.py
[2025-01-01T10:36:22.497+0000] {logging_mixin.py:190} INFO - [2025-01-01T10:36:22.495+0000] {dag.py:3239} INFO - Sync 1 DAGs
[2025-01-01T10:36:22.691+0000] {logging_mixin.py:190} INFO - [2025-01-01T10:36:22.690+0000] {dag.py:4180} INFO - Setting next_dagrun for tutorial_dag to None, run_after=None
[2025-01-01T10:36:22.932+0000] {processor.py:208} INFO - Processing /home/airflow/.local/lib/python3.12/site-packages/airflow/example_dags/tutorial_dag.py took 1.339 seconds
[2025-01-01T10:36:53.430+0000] {processor.py:186} INFO - Started process (PID=2837) to work on /home/airflow/.local/lib/python3.12/site-packages/airflow/example_dags/tutorial_dag.py
[2025-01-01T10:36:53.432+0000] {processor.py:914} INFO - Processing file /home/airflow/.local/lib/python3.12/site-packages/airflow/example_dags/tutorial_dag.py for tasks to queue
[2025-01-01T10:36:53.437+0000] {logging_mixin.py:190} INFO - [2025-01-01T10:36:53.437+0000] {dagbag.py:588} INFO - Filling up the DagBag from /home/airflow/.local/lib/python3.12/site-packages/airflow/example_dags/tutorial_dag.py
[2025-01-01T10:36:53.453+0000] {processor.py:925} INFO - DAG(s) 'tutorial_dag' retrieved from /home/airflow/.local/lib/python3.12/site-packages/airflow/example_dags/tutorial_dag.py
[2025-01-01T10:36:53.481+0000] {logging_mixin.py:190} INFO - [2025-01-01T10:36:53.481+0000] {dag.py:3239} INFO - Sync 1 DAGs
[2025-01-01T10:36:53.503+0000] {logging_mixin.py:190} INFO - [2025-01-01T10:36:53.503+0000] {dag.py:4180} INFO - Setting next_dagrun for tutorial_dag to None, run_after=None
[2025-01-01T10:36:53.538+0000] {processor.py:208} INFO - Processing /home/airflow/.local/lib/python3.12/site-packages/airflow/example_dags/tutorial_dag.py took 0.120 seconds
[2025-01-01T10:37:23.592+0000] {processor.py:186} INFO - Started process (PID=2900) to work on /home/airflow/.local/lib/python3.12/site-packages/airflow/example_dags/tutorial_dag.py
[2025-01-01T10:37:23.594+0000] {processor.py:914} INFO - Processing file /home/airflow/.local/lib/python3.12/site-packages/airflow/example_dags/tutorial_dag.py for tasks to queue
[2025-01-01T10:37:23.599+0000] {logging_mixin.py:190} INFO - [2025-01-01T10:37:23.598+0000] {dagbag.py:588} INFO - Filling up the DagBag from /home/airflow/.local/lib/python3.12/site-packages/airflow/example_dags/tutorial_dag.py
[2025-01-01T10:37:23.610+0000] {processor.py:925} INFO - DAG(s) 'tutorial_dag' retrieved from /home/airflow/.local/lib/python3.12/site-packages/airflow/example_dags/tutorial_dag.py
[2025-01-01T10:37:23.641+0000] {logging_mixin.py:190} INFO - [2025-01-01T10:37:23.641+0000] {dag.py:3239} INFO - Sync 1 DAGs
[2025-01-01T10:37:23.670+0000] {logging_mixin.py:190} INFO - [2025-01-01T10:37:23.670+0000] {dag.py:4180} INFO - Setting next_dagrun for tutorial_dag to None, run_after=None
[2025-01-01T10:37:23.702+0000] {processor.py:208} INFO - Processing /home/airflow/.local/lib/python3.12/site-packages/airflow/example_dags/tutorial_dag.py took 0.119 seconds
[2025-01-01T10:37:54.255+0000] {processor.py:186} INFO - Started process (PID=2963) to work on /home/airflow/.local/lib/python3.12/site-packages/airflow/example_dags/tutorial_dag.py
[2025-01-01T10:37:54.257+0000] {processor.py:914} INFO - Processing file /home/airflow/.local/lib/python3.12/site-packages/airflow/example_dags/tutorial_dag.py for tasks to queue
[2025-01-01T10:37:54.259+0000] {logging_mixin.py:190} INFO - [2025-01-01T10:37:54.259+0000] {dagbag.py:588} INFO - Filling up the DagBag from /home/airflow/.local/lib/python3.12/site-packages/airflow/example_dags/tutorial_dag.py
[2025-01-01T10:37:54.266+0000] {processor.py:925} INFO - DAG(s) 'tutorial_dag' retrieved from /home/airflow/.local/lib/python3.12/site-packages/airflow/example_dags/tutorial_dag.py
[2025-01-01T10:37:54.288+0000] {logging_mixin.py:190} INFO - [2025-01-01T10:37:54.287+0000] {dag.py:3239} INFO - Sync 1 DAGs
[2025-01-01T10:37:54.303+0000] {logging_mixin.py:190} INFO - [2025-01-01T10:37:54.303+0000] {dag.py:4180} INFO - Setting next_dagrun for tutorial_dag to None, run_after=None
[2025-01-01T10:37:54.485+0000] {processor.py:208} INFO - Processing /home/airflow/.local/lib/python3.12/site-packages/airflow/example_dags/tutorial_dag.py took 0.235 seconds
[2025-01-01T10:38:24.995+0000] {processor.py:186} INFO - Started process (PID=3026) to work on /home/airflow/.local/lib/python3.12/site-packages/airflow/example_dags/tutorial_dag.py
[2025-01-01T10:38:24.997+0000] {processor.py:914} INFO - Processing file /home/airflow/.local/lib/python3.12/site-packages/airflow/example_dags/tutorial_dag.py for tasks to queue
[2025-01-01T10:38:25.000+0000] {logging_mixin.py:190} INFO - [2025-01-01T10:38:25.000+0000] {dagbag.py:588} INFO - Filling up the DagBag from /home/airflow/.local/lib/python3.12/site-packages/airflow/example_dags/tutorial_dag.py
[2025-01-01T10:38:25.014+0000] {processor.py:925} INFO - DAG(s) 'tutorial_dag' retrieved from /home/airflow/.local/lib/python3.12/site-packages/airflow/example_dags/tutorial_dag.py
[2025-01-01T10:38:25.038+0000] {logging_mixin.py:190} INFO - [2025-01-01T10:38:25.037+0000] {dag.py:3239} INFO - Sync 1 DAGs
[2025-01-01T10:38:25.054+0000] {logging_mixin.py:190} INFO - [2025-01-01T10:38:25.053+0000] {dag.py:4180} INFO - Setting next_dagrun for tutorial_dag to None, run_after=None
[2025-01-01T10:38:25.089+0000] {processor.py:208} INFO - Processing /home/airflow/.local/lib/python3.12/site-packages/airflow/example_dags/tutorial_dag.py took 0.101 seconds
[2025-01-01T10:38:55.573+0000] {processor.py:186} INFO - Started process (PID=3088) to work on /home/airflow/.local/lib/python3.12/site-packages/airflow/example_dags/tutorial_dag.py
[2025-01-01T10:38:55.575+0000] {processor.py:914} INFO - Processing file /home/airflow/.local/lib/python3.12/site-packages/airflow/example_dags/tutorial_dag.py for tasks to queue
[2025-01-01T10:38:55.578+0000] {logging_mixin.py:190} INFO - [2025-01-01T10:38:55.577+0000] {dagbag.py:588} INFO - Filling up the DagBag from /home/airflow/.local/lib/python3.12/site-packages/airflow/example_dags/tutorial_dag.py
[2025-01-01T10:38:55.585+0000] {processor.py:925} INFO - DAG(s) 'tutorial_dag' retrieved from /home/airflow/.local/lib/python3.12/site-packages/airflow/example_dags/tutorial_dag.py
[2025-01-01T10:38:55.606+0000] {logging_mixin.py:190} INFO - [2025-01-01T10:38:55.605+0000] {dag.py:3239} INFO - Sync 1 DAGs
[2025-01-01T10:38:55.618+0000] {logging_mixin.py:190} INFO - [2025-01-01T10:38:55.618+0000] {dag.py:4180} INFO - Setting next_dagrun for tutorial_dag to None, run_after=None
[2025-01-01T10:38:55.646+0000] {processor.py:208} INFO - Processing /home/airflow/.local/lib/python3.12/site-packages/airflow/example_dags/tutorial_dag.py took 0.078 seconds
[2025-01-01T10:39:27.437+0000] {processor.py:186} INFO - Started process (PID=3150) to work on /home/airflow/.local/lib/python3.12/site-packages/airflow/example_dags/tutorial_dag.py
[2025-01-01T10:39:27.450+0000] {processor.py:914} INFO - Processing file /home/airflow/.local/lib/python3.12/site-packages/airflow/example_dags/tutorial_dag.py for tasks to queue
[2025-01-01T10:39:27.478+0000] {logging_mixin.py:190} INFO - [2025-01-01T10:39:27.474+0000] {dagbag.py:588} INFO - Filling up the DagBag from /home/airflow/.local/lib/python3.12/site-packages/airflow/example_dags/tutorial_dag.py
[2025-01-01T10:39:27.561+0000] {processor.py:925} INFO - DAG(s) 'tutorial_dag' retrieved from /home/airflow/.local/lib/python3.12/site-packages/airflow/example_dags/tutorial_dag.py
[2025-01-01T10:39:27.737+0000] {logging_mixin.py:190} INFO - [2025-01-01T10:39:27.735+0000] {dag.py:3239} INFO - Sync 1 DAGs
[2025-01-01T10:39:27.900+0000] {logging_mixin.py:190} INFO - [2025-01-01T10:39:27.898+0000] {dag.py:4180} INFO - Setting next_dagrun for tutorial_dag to None, run_after=None
[2025-01-01T10:39:28.130+0000] {processor.py:208} INFO - Processing /home/airflow/.local/lib/python3.12/site-packages/airflow/example_dags/tutorial_dag.py took 0.771 seconds
[2025-01-01T10:40:21.351+0000] {processor.py:186} INFO - Started process (PID=3213) to work on /home/airflow/.local/lib/python3.12/site-packages/airflow/example_dags/tutorial_dag.py
[2025-01-01T10:40:21.354+0000] {processor.py:914} INFO - Processing file /home/airflow/.local/lib/python3.12/site-packages/airflow/example_dags/tutorial_dag.py for tasks to queue
[2025-01-01T10:40:21.362+0000] {logging_mixin.py:190} INFO - [2025-01-01T10:40:21.361+0000] {dagbag.py:588} INFO - Filling up the DagBag from /home/airflow/.local/lib/python3.12/site-packages/airflow/example_dags/tutorial_dag.py
[2025-01-01T10:40:21.389+0000] {processor.py:925} INFO - DAG(s) 'tutorial_dag' retrieved from /home/airflow/.local/lib/python3.12/site-packages/airflow/example_dags/tutorial_dag.py
[2025-01-01T10:40:21.459+0000] {logging_mixin.py:190} INFO - [2025-01-01T10:40:21.458+0000] {dag.py:3239} INFO - Sync 1 DAGs
[2025-01-01T10:40:21.513+0000] {logging_mixin.py:190} INFO - [2025-01-01T10:40:21.513+0000] {dag.py:4180} INFO - Setting next_dagrun for tutorial_dag to None, run_after=None
[2025-01-01T10:40:21.579+0000] {processor.py:208} INFO - Processing /home/airflow/.local/lib/python3.12/site-packages/airflow/example_dags/tutorial_dag.py took 0.247 seconds
[2025-01-01T10:40:54.236+0000] {processor.py:186} INFO - Started process (PID=3272) to work on /home/airflow/.local/lib/python3.12/site-packages/airflow/example_dags/tutorial_dag.py
[2025-01-01T10:40:54.241+0000] {processor.py:914} INFO - Processing file /home/airflow/.local/lib/python3.12/site-packages/airflow/example_dags/tutorial_dag.py for tasks to queue
[2025-01-01T10:40:54.253+0000] {logging_mixin.py:190} INFO - [2025-01-01T10:40:54.251+0000] {dagbag.py:588} INFO - Filling up the DagBag from /home/airflow/.local/lib/python3.12/site-packages/airflow/example_dags/tutorial_dag.py
[2025-01-01T10:40:54.845+0000] {processor.py:925} INFO - DAG(s) 'tutorial_dag' retrieved from /home/airflow/.local/lib/python3.12/site-packages/airflow/example_dags/tutorial_dag.py
[2025-01-01T10:40:54.913+0000] {logging_mixin.py:190} INFO - [2025-01-01T10:40:54.912+0000] {dag.py:3239} INFO - Sync 1 DAGs
[2025-01-01T10:40:54.972+0000] {logging_mixin.py:190} INFO - [2025-01-01T10:40:54.971+0000] {dag.py:4180} INFO - Setting next_dagrun for tutorial_dag to None, run_after=None
[2025-01-01T10:40:55.044+0000] {processor.py:208} INFO - Processing /home/airflow/.local/lib/python3.12/site-packages/airflow/example_dags/tutorial_dag.py took 0.839 seconds
[2025-01-01T10:41:25.228+0000] {processor.py:186} INFO - Started process (PID=3335) to work on /home/airflow/.local/lib/python3.12/site-packages/airflow/example_dags/tutorial_dag.py
[2025-01-01T10:41:25.230+0000] {processor.py:914} INFO - Processing file /home/airflow/.local/lib/python3.12/site-packages/airflow/example_dags/tutorial_dag.py for tasks to queue
[2025-01-01T10:41:25.238+0000] {logging_mixin.py:190} INFO - [2025-01-01T10:41:25.237+0000] {dagbag.py:588} INFO - Filling up the DagBag from /home/airflow/.local/lib/python3.12/site-packages/airflow/example_dags/tutorial_dag.py
[2025-01-01T10:41:25.256+0000] {processor.py:925} INFO - DAG(s) 'tutorial_dag' retrieved from /home/airflow/.local/lib/python3.12/site-packages/airflow/example_dags/tutorial_dag.py
[2025-01-01T10:41:25.300+0000] {logging_mixin.py:190} INFO - [2025-01-01T10:41:25.300+0000] {dag.py:3239} INFO - Sync 1 DAGs
[2025-01-01T10:41:25.336+0000] {logging_mixin.py:190} INFO - [2025-01-01T10:41:25.335+0000] {dag.py:4180} INFO - Setting next_dagrun for tutorial_dag to None, run_after=None
[2025-01-01T10:41:25.380+0000] {processor.py:208} INFO - Processing /home/airflow/.local/lib/python3.12/site-packages/airflow/example_dags/tutorial_dag.py took 0.165 seconds
[2025-01-01T10:41:55.880+0000] {processor.py:186} INFO - Started process (PID=3398) to work on /home/airflow/.local/lib/python3.12/site-packages/airflow/example_dags/tutorial_dag.py
[2025-01-01T10:41:55.882+0000] {processor.py:914} INFO - Processing file /home/airflow/.local/lib/python3.12/site-packages/airflow/example_dags/tutorial_dag.py for tasks to queue
[2025-01-01T10:41:55.888+0000] {logging_mixin.py:190} INFO - [2025-01-01T10:41:55.887+0000] {dagbag.py:588} INFO - Filling up the DagBag from /home/airflow/.local/lib/python3.12/site-packages/airflow/example_dags/tutorial_dag.py
[2025-01-01T10:41:55.905+0000] {processor.py:925} INFO - DAG(s) 'tutorial_dag' retrieved from /home/airflow/.local/lib/python3.12/site-packages/airflow/example_dags/tutorial_dag.py
[2025-01-01T10:41:55.943+0000] {logging_mixin.py:190} INFO - [2025-01-01T10:41:55.943+0000] {dag.py:3239} INFO - Sync 1 DAGs
[2025-01-01T10:41:55.974+0000] {logging_mixin.py:190} INFO - [2025-01-01T10:41:55.973+0000] {dag.py:4180} INFO - Setting next_dagrun for tutorial_dag to None, run_after=None
[2025-01-01T10:41:56.017+0000] {processor.py:208} INFO - Processing /home/airflow/.local/lib/python3.12/site-packages/airflow/example_dags/tutorial_dag.py took 0.149 seconds
[2025-01-01T10:42:27.593+0000] {processor.py:186} INFO - Started process (PID=3462) to work on /home/airflow/.local/lib/python3.12/site-packages/airflow/example_dags/tutorial_dag.py
[2025-01-01T10:42:27.599+0000] {processor.py:914} INFO - Processing file /home/airflow/.local/lib/python3.12/site-packages/airflow/example_dags/tutorial_dag.py for tasks to queue
[2025-01-01T10:42:27.610+0000] {logging_mixin.py:190} INFO - [2025-01-01T10:42:27.609+0000] {dagbag.py:588} INFO - Filling up the DagBag from /home/airflow/.local/lib/python3.12/site-packages/airflow/example_dags/tutorial_dag.py
[2025-01-01T10:42:27.650+0000] {processor.py:925} INFO - DAG(s) 'tutorial_dag' retrieved from /home/airflow/.local/lib/python3.12/site-packages/airflow/example_dags/tutorial_dag.py
[2025-01-01T10:42:27.748+0000] {logging_mixin.py:190} INFO - [2025-01-01T10:42:27.748+0000] {dag.py:3239} INFO - Sync 1 DAGs
[2025-01-01T10:42:27.816+0000] {logging_mixin.py:190} INFO - [2025-01-01T10:42:27.815+0000] {dag.py:4180} INFO - Setting next_dagrun for tutorial_dag to None, run_after=None
[2025-01-01T10:42:27.904+0000] {processor.py:208} INFO - Processing /home/airflow/.local/lib/python3.12/site-packages/airflow/example_dags/tutorial_dag.py took 0.336 seconds
[2025-01-01T10:42:58.049+0000] {processor.py:186} INFO - Started process (PID=3524) to work on /home/airflow/.local/lib/python3.12/site-packages/airflow/example_dags/tutorial_dag.py
[2025-01-01T10:42:58.052+0000] {processor.py:914} INFO - Processing file /home/airflow/.local/lib/python3.12/site-packages/airflow/example_dags/tutorial_dag.py for tasks to queue
[2025-01-01T10:42:58.062+0000] {logging_mixin.py:190} INFO - [2025-01-01T10:42:58.060+0000] {dagbag.py:588} INFO - Filling up the DagBag from /home/airflow/.local/lib/python3.12/site-packages/airflow/example_dags/tutorial_dag.py
[2025-01-01T10:42:58.092+0000] {processor.py:925} INFO - DAG(s) 'tutorial_dag' retrieved from /home/airflow/.local/lib/python3.12/site-packages/airflow/example_dags/tutorial_dag.py
[2025-01-01T10:42:58.166+0000] {logging_mixin.py:190} INFO - [2025-01-01T10:42:58.163+0000] {dag.py:3239} INFO - Sync 1 DAGs
[2025-01-01T10:42:58.220+0000] {logging_mixin.py:190} INFO - [2025-01-01T10:42:58.219+0000] {dag.py:4180} INFO - Setting next_dagrun for tutorial_dag to None, run_after=None
[2025-01-01T10:42:58.286+0000] {processor.py:208} INFO - Processing /home/airflow/.local/lib/python3.12/site-packages/airflow/example_dags/tutorial_dag.py took 0.258 seconds
[2025-01-01T10:43:28.554+0000] {processor.py:186} INFO - Started process (PID=3587) to work on /home/airflow/.local/lib/python3.12/site-packages/airflow/example_dags/tutorial_dag.py
[2025-01-01T10:43:28.555+0000] {processor.py:914} INFO - Processing file /home/airflow/.local/lib/python3.12/site-packages/airflow/example_dags/tutorial_dag.py for tasks to queue
[2025-01-01T10:43:28.559+0000] {logging_mixin.py:190} INFO - [2025-01-01T10:43:28.558+0000] {dagbag.py:588} INFO - Filling up the DagBag from /home/airflow/.local/lib/python3.12/site-packages/airflow/example_dags/tutorial_dag.py
[2025-01-01T10:43:28.569+0000] {processor.py:925} INFO - DAG(s) 'tutorial_dag' retrieved from /home/airflow/.local/lib/python3.12/site-packages/airflow/example_dags/tutorial_dag.py
[2025-01-01T10:43:28.594+0000] {logging_mixin.py:190} INFO - [2025-01-01T10:43:28.594+0000] {dag.py:3239} INFO - Sync 1 DAGs
[2025-01-01T10:43:28.614+0000] {logging_mixin.py:190} INFO - [2025-01-01T10:43:28.613+0000] {dag.py:4180} INFO - Setting next_dagrun for tutorial_dag to None, run_after=None
[2025-01-01T10:43:28.640+0000] {processor.py:208} INFO - Processing /home/airflow/.local/lib/python3.12/site-packages/airflow/example_dags/tutorial_dag.py took 0.094 seconds
[2025-01-01T10:43:59.020+0000] {processor.py:186} INFO - Started process (PID=3649) to work on /home/airflow/.local/lib/python3.12/site-packages/airflow/example_dags/tutorial_dag.py
[2025-01-01T10:43:59.022+0000] {processor.py:914} INFO - Processing file /home/airflow/.local/lib/python3.12/site-packages/airflow/example_dags/tutorial_dag.py for tasks to queue
[2025-01-01T10:43:59.025+0000] {logging_mixin.py:190} INFO - [2025-01-01T10:43:59.025+0000] {dagbag.py:588} INFO - Filling up the DagBag from /home/airflow/.local/lib/python3.12/site-packages/airflow/example_dags/tutorial_dag.py
[2025-01-01T10:43:59.036+0000] {processor.py:925} INFO - DAG(s) 'tutorial_dag' retrieved from /home/airflow/.local/lib/python3.12/site-packages/airflow/example_dags/tutorial_dag.py
[2025-01-01T10:43:59.064+0000] {logging_mixin.py:190} INFO - [2025-01-01T10:43:59.064+0000] {dag.py:3239} INFO - Sync 1 DAGs
[2025-01-01T10:43:59.084+0000] {logging_mixin.py:190} INFO - [2025-01-01T10:43:59.084+0000] {dag.py:4180} INFO - Setting next_dagrun for tutorial_dag to None, run_after=None
[2025-01-01T10:43:59.116+0000] {processor.py:208} INFO - Processing /home/airflow/.local/lib/python3.12/site-packages/airflow/example_dags/tutorial_dag.py took 0.104 seconds
[2025-01-01T10:44:30.003+0000] {processor.py:186} INFO - Started process (PID=3712) to work on /home/airflow/.local/lib/python3.12/site-packages/airflow/example_dags/tutorial_dag.py
[2025-01-01T10:44:30.005+0000] {processor.py:914} INFO - Processing file /home/airflow/.local/lib/python3.12/site-packages/airflow/example_dags/tutorial_dag.py for tasks to queue
[2025-01-01T10:44:30.012+0000] {logging_mixin.py:190} INFO - [2025-01-01T10:44:30.011+0000] {dagbag.py:588} INFO - Filling up the DagBag from /home/airflow/.local/lib/python3.12/site-packages/airflow/example_dags/tutorial_dag.py
[2025-01-01T10:44:30.032+0000] {processor.py:925} INFO - DAG(s) 'tutorial_dag' retrieved from /home/airflow/.local/lib/python3.12/site-packages/airflow/example_dags/tutorial_dag.py
[2025-01-01T10:44:30.080+0000] {logging_mixin.py:190} INFO - [2025-01-01T10:44:30.080+0000] {dag.py:3239} INFO - Sync 1 DAGs
[2025-01-01T10:44:30.118+0000] {logging_mixin.py:190} INFO - [2025-01-01T10:44:30.117+0000] {dag.py:4180} INFO - Setting next_dagrun for tutorial_dag to None, run_after=None
[2025-01-01T10:44:30.165+0000] {processor.py:208} INFO - Processing /home/airflow/.local/lib/python3.12/site-packages/airflow/example_dags/tutorial_dag.py took 0.177 seconds
[2025-01-01T10:45:00.448+0000] {processor.py:186} INFO - Started process (PID=3774) to work on /home/airflow/.local/lib/python3.12/site-packages/airflow/example_dags/tutorial_dag.py
[2025-01-01T10:45:00.452+0000] {processor.py:914} INFO - Processing file /home/airflow/.local/lib/python3.12/site-packages/airflow/example_dags/tutorial_dag.py for tasks to queue
[2025-01-01T10:45:00.460+0000] {logging_mixin.py:190} INFO - [2025-01-01T10:45:00.459+0000] {dagbag.py:588} INFO - Filling up the DagBag from /home/airflow/.local/lib/python3.12/site-packages/airflow/example_dags/tutorial_dag.py
[2025-01-01T10:45:00.488+0000] {processor.py:925} INFO - DAG(s) 'tutorial_dag' retrieved from /home/airflow/.local/lib/python3.12/site-packages/airflow/example_dags/tutorial_dag.py
[2025-01-01T10:45:00.550+0000] {logging_mixin.py:190} INFO - [2025-01-01T10:45:00.549+0000] {dag.py:3239} INFO - Sync 1 DAGs
[2025-01-01T10:45:00.609+0000] {logging_mixin.py:190} INFO - [2025-01-01T10:45:00.609+0000] {dag.py:4180} INFO - Setting next_dagrun for tutorial_dag to None, run_after=None
[2025-01-01T10:45:00.675+0000] {processor.py:208} INFO - Processing /home/airflow/.local/lib/python3.12/site-packages/airflow/example_dags/tutorial_dag.py took 0.252 seconds
[2025-01-01T10:45:31.572+0000] {processor.py:186} INFO - Started process (PID=3836) to work on /home/airflow/.local/lib/python3.12/site-packages/airflow/example_dags/tutorial_dag.py
[2025-01-01T10:45:31.575+0000] {processor.py:914} INFO - Processing file /home/airflow/.local/lib/python3.12/site-packages/airflow/example_dags/tutorial_dag.py for tasks to queue
[2025-01-01T10:45:31.588+0000] {logging_mixin.py:190} INFO - [2025-01-01T10:45:31.586+0000] {dagbag.py:588} INFO - Filling up the DagBag from /home/airflow/.local/lib/python3.12/site-packages/airflow/example_dags/tutorial_dag.py
[2025-01-01T10:45:31.612+0000] {processor.py:925} INFO - DAG(s) 'tutorial_dag' retrieved from /home/airflow/.local/lib/python3.12/site-packages/airflow/example_dags/tutorial_dag.py
[2025-01-01T10:45:31.712+0000] {logging_mixin.py:190} INFO - [2025-01-01T10:45:31.711+0000] {dag.py:3239} INFO - Sync 1 DAGs
[2025-01-01T10:45:31.794+0000] {logging_mixin.py:190} INFO - [2025-01-01T10:45:31.793+0000] {dag.py:4180} INFO - Setting next_dagrun for tutorial_dag to None, run_after=None
[2025-01-01T10:45:31.884+0000] {processor.py:208} INFO - Processing /home/airflow/.local/lib/python3.12/site-packages/airflow/example_dags/tutorial_dag.py took 0.338 seconds
[2025-01-01T10:46:02.893+0000] {processor.py:186} INFO - Started process (PID=3899) to work on /home/airflow/.local/lib/python3.12/site-packages/airflow/example_dags/tutorial_dag.py
[2025-01-01T10:46:02.895+0000] {processor.py:914} INFO - Processing file /home/airflow/.local/lib/python3.12/site-packages/airflow/example_dags/tutorial_dag.py for tasks to queue
[2025-01-01T10:46:02.898+0000] {logging_mixin.py:190} INFO - [2025-01-01T10:46:02.898+0000] {dagbag.py:588} INFO - Filling up the DagBag from /home/airflow/.local/lib/python3.12/site-packages/airflow/example_dags/tutorial_dag.py
[2025-01-01T10:46:02.911+0000] {processor.py:925} INFO - DAG(s) 'tutorial_dag' retrieved from /home/airflow/.local/lib/python3.12/site-packages/airflow/example_dags/tutorial_dag.py
[2025-01-01T10:46:02.943+0000] {logging_mixin.py:190} INFO - [2025-01-01T10:46:02.942+0000] {dag.py:3239} INFO - Sync 1 DAGs
[2025-01-01T10:46:02.964+0000] {logging_mixin.py:190} INFO - [2025-01-01T10:46:02.964+0000] {dag.py:4180} INFO - Setting next_dagrun for tutorial_dag to None, run_after=None
[2025-01-01T10:46:03.001+0000] {processor.py:208} INFO - Processing /home/airflow/.local/lib/python3.12/site-packages/airflow/example_dags/tutorial_dag.py took 0.118 seconds
[2025-01-01T10:46:33.471+0000] {processor.py:186} INFO - Started process (PID=3961) to work on /home/airflow/.local/lib/python3.12/site-packages/airflow/example_dags/tutorial_dag.py
[2025-01-01T10:46:33.474+0000] {processor.py:914} INFO - Processing file /home/airflow/.local/lib/python3.12/site-packages/airflow/example_dags/tutorial_dag.py for tasks to queue
[2025-01-01T10:46:33.481+0000] {logging_mixin.py:190} INFO - [2025-01-01T10:46:33.479+0000] {dagbag.py:588} INFO - Filling up the DagBag from /home/airflow/.local/lib/python3.12/site-packages/airflow/example_dags/tutorial_dag.py
[2025-01-01T10:46:33.510+0000] {processor.py:925} INFO - DAG(s) 'tutorial_dag' retrieved from /home/airflow/.local/lib/python3.12/site-packages/airflow/example_dags/tutorial_dag.py
[2025-01-01T10:46:33.557+0000] {logging_mixin.py:190} INFO - [2025-01-01T10:46:33.556+0000] {dag.py:3239} INFO - Sync 1 DAGs
[2025-01-01T10:46:33.590+0000] {logging_mixin.py:190} INFO - [2025-01-01T10:46:33.590+0000] {dag.py:4180} INFO - Setting next_dagrun for tutorial_dag to None, run_after=None
[2025-01-01T10:46:33.634+0000] {processor.py:208} INFO - Processing /home/airflow/.local/lib/python3.12/site-packages/airflow/example_dags/tutorial_dag.py took 0.176 seconds
[2025-01-01T10:47:04.000+0000] {processor.py:186} INFO - Started process (PID=4024) to work on /home/airflow/.local/lib/python3.12/site-packages/airflow/example_dags/tutorial_dag.py
[2025-01-01T10:47:04.002+0000] {processor.py:914} INFO - Processing file /home/airflow/.local/lib/python3.12/site-packages/airflow/example_dags/tutorial_dag.py for tasks to queue
[2025-01-01T10:47:04.007+0000] {logging_mixin.py:190} INFO - [2025-01-01T10:47:04.006+0000] {dagbag.py:588} INFO - Filling up the DagBag from /home/airflow/.local/lib/python3.12/site-packages/airflow/example_dags/tutorial_dag.py
[2025-01-01T10:47:04.024+0000] {processor.py:925} INFO - DAG(s) 'tutorial_dag' retrieved from /home/airflow/.local/lib/python3.12/site-packages/airflow/example_dags/tutorial_dag.py
[2025-01-01T10:47:04.070+0000] {logging_mixin.py:190} INFO - [2025-01-01T10:47:04.069+0000] {dag.py:3239} INFO - Sync 1 DAGs
[2025-01-01T10:47:04.099+0000] {logging_mixin.py:190} INFO - [2025-01-01T10:47:04.099+0000] {dag.py:4180} INFO - Setting next_dagrun for tutorial_dag to None, run_after=None
[2025-01-01T10:47:04.142+0000] {processor.py:208} INFO - Processing /home/airflow/.local/lib/python3.12/site-packages/airflow/example_dags/tutorial_dag.py took 0.155 seconds
[2025-01-01T10:47:34.419+0000] {processor.py:186} INFO - Started process (PID=4087) to work on /home/airflow/.local/lib/python3.12/site-packages/airflow/example_dags/tutorial_dag.py
[2025-01-01T10:47:34.422+0000] {processor.py:914} INFO - Processing file /home/airflow/.local/lib/python3.12/site-packages/airflow/example_dags/tutorial_dag.py for tasks to queue
[2025-01-01T10:47:34.430+0000] {logging_mixin.py:190} INFO - [2025-01-01T10:47:34.428+0000] {dagbag.py:588} INFO - Filling up the DagBag from /home/airflow/.local/lib/python3.12/site-packages/airflow/example_dags/tutorial_dag.py
[2025-01-01T10:47:34.456+0000] {processor.py:925} INFO - DAG(s) 'tutorial_dag' retrieved from /home/airflow/.local/lib/python3.12/site-packages/airflow/example_dags/tutorial_dag.py
[2025-01-01T10:47:34.509+0000] {logging_mixin.py:190} INFO - [2025-01-01T10:47:34.508+0000] {dag.py:3239} INFO - Sync 1 DAGs
[2025-01-01T10:47:34.560+0000] {logging_mixin.py:190} INFO - [2025-01-01T10:47:34.559+0000] {dag.py:4180} INFO - Setting next_dagrun for tutorial_dag to None, run_after=None
[2025-01-01T10:47:34.621+0000] {processor.py:208} INFO - Processing /home/airflow/.local/lib/python3.12/site-packages/airflow/example_dags/tutorial_dag.py took 0.221 seconds
[2025-01-01T10:48:04.769+0000] {processor.py:186} INFO - Started process (PID=4149) to work on /home/airflow/.local/lib/python3.12/site-packages/airflow/example_dags/tutorial_dag.py
[2025-01-01T10:48:04.771+0000] {processor.py:914} INFO - Processing file /home/airflow/.local/lib/python3.12/site-packages/airflow/example_dags/tutorial_dag.py for tasks to queue
[2025-01-01T10:48:04.774+0000] {logging_mixin.py:190} INFO - [2025-01-01T10:48:04.774+0000] {dagbag.py:588} INFO - Filling up the DagBag from /home/airflow/.local/lib/python3.12/site-packages/airflow/example_dags/tutorial_dag.py
[2025-01-01T10:48:04.786+0000] {processor.py:925} INFO - DAG(s) 'tutorial_dag' retrieved from /home/airflow/.local/lib/python3.12/site-packages/airflow/example_dags/tutorial_dag.py
[2025-01-01T10:48:04.817+0000] {logging_mixin.py:190} INFO - [2025-01-01T10:48:04.817+0000] {dag.py:3239} INFO - Sync 1 DAGs
[2025-01-01T10:48:04.840+0000] {logging_mixin.py:190} INFO - [2025-01-01T10:48:04.840+0000] {dag.py:4180} INFO - Setting next_dagrun for tutorial_dag to None, run_after=None
[2025-01-01T10:48:04.874+0000] {processor.py:208} INFO - Processing /home/airflow/.local/lib/python3.12/site-packages/airflow/example_dags/tutorial_dag.py took 0.114 seconds
[2025-01-01T10:48:35.013+0000] {processor.py:186} INFO - Started process (PID=4212) to work on /home/airflow/.local/lib/python3.12/site-packages/airflow/example_dags/tutorial_dag.py
[2025-01-01T10:48:35.015+0000] {processor.py:914} INFO - Processing file /home/airflow/.local/lib/python3.12/site-packages/airflow/example_dags/tutorial_dag.py for tasks to queue
[2025-01-01T10:48:35.018+0000] {logging_mixin.py:190} INFO - [2025-01-01T10:48:35.018+0000] {dagbag.py:588} INFO - Filling up the DagBag from /home/airflow/.local/lib/python3.12/site-packages/airflow/example_dags/tutorial_dag.py
[2025-01-01T10:48:35.027+0000] {processor.py:925} INFO - DAG(s) 'tutorial_dag' retrieved from /home/airflow/.local/lib/python3.12/site-packages/airflow/example_dags/tutorial_dag.py
[2025-01-01T10:48:35.049+0000] {logging_mixin.py:190} INFO - [2025-01-01T10:48:35.049+0000] {dag.py:3239} INFO - Sync 1 DAGs
[2025-01-01T10:48:35.064+0000] {logging_mixin.py:190} INFO - [2025-01-01T10:48:35.063+0000] {dag.py:4180} INFO - Setting next_dagrun for tutorial_dag to None, run_after=None
[2025-01-01T10:48:35.088+0000] {processor.py:208} INFO - Processing /home/airflow/.local/lib/python3.12/site-packages/airflow/example_dags/tutorial_dag.py took 0.081 seconds
[2025-01-01T10:49:05.582+0000] {processor.py:186} INFO - Started process (PID=4275) to work on /home/airflow/.local/lib/python3.12/site-packages/airflow/example_dags/tutorial_dag.py
[2025-01-01T10:49:05.584+0000] {processor.py:914} INFO - Processing file /home/airflow/.local/lib/python3.12/site-packages/airflow/example_dags/tutorial_dag.py for tasks to queue
[2025-01-01T10:49:05.588+0000] {logging_mixin.py:190} INFO - [2025-01-01T10:49:05.588+0000] {dagbag.py:588} INFO - Filling up the DagBag from /home/airflow/.local/lib/python3.12/site-packages/airflow/example_dags/tutorial_dag.py
[2025-01-01T10:49:05.599+0000] {processor.py:925} INFO - DAG(s) 'tutorial_dag' retrieved from /home/airflow/.local/lib/python3.12/site-packages/airflow/example_dags/tutorial_dag.py
[2025-01-01T10:49:05.628+0000] {logging_mixin.py:190} INFO - [2025-01-01T10:49:05.627+0000] {dag.py:3239} INFO - Sync 1 DAGs
[2025-01-01T10:49:05.649+0000] {logging_mixin.py:190} INFO - [2025-01-01T10:49:05.648+0000] {dag.py:4180} INFO - Setting next_dagrun for tutorial_dag to None, run_after=None
[2025-01-01T10:49:05.680+0000] {processor.py:208} INFO - Processing /home/airflow/.local/lib/python3.12/site-packages/airflow/example_dags/tutorial_dag.py took 0.106 seconds
[2025-01-01T10:49:35.758+0000] {processor.py:186} INFO - Started process (PID=4337) to work on /home/airflow/.local/lib/python3.12/site-packages/airflow/example_dags/tutorial_dag.py
[2025-01-01T10:49:35.761+0000] {processor.py:914} INFO - Processing file /home/airflow/.local/lib/python3.12/site-packages/airflow/example_dags/tutorial_dag.py for tasks to queue
[2025-01-01T10:49:35.765+0000] {logging_mixin.py:190} INFO - [2025-01-01T10:49:35.764+0000] {dagbag.py:588} INFO - Filling up the DagBag from /home/airflow/.local/lib/python3.12/site-packages/airflow/example_dags/tutorial_dag.py
[2025-01-01T10:49:35.781+0000] {processor.py:925} INFO - DAG(s) 'tutorial_dag' retrieved from /home/airflow/.local/lib/python3.12/site-packages/airflow/example_dags/tutorial_dag.py
[2025-01-01T10:49:35.820+0000] {logging_mixin.py:190} INFO - [2025-01-01T10:49:35.819+0000] {dag.py:3239} INFO - Sync 1 DAGs
[2025-01-01T10:49:35.845+0000] {logging_mixin.py:190} INFO - [2025-01-01T10:49:35.845+0000] {dag.py:4180} INFO - Setting next_dagrun for tutorial_dag to None, run_after=None
[2025-01-01T10:49:35.886+0000] {processor.py:208} INFO - Processing /home/airflow/.local/lib/python3.12/site-packages/airflow/example_dags/tutorial_dag.py took 0.138 seconds
[2025-01-01T10:50:06.110+0000] {processor.py:186} INFO - Started process (PID=4399) to work on /home/airflow/.local/lib/python3.12/site-packages/airflow/example_dags/tutorial_dag.py
[2025-01-01T10:50:06.111+0000] {processor.py:914} INFO - Processing file /home/airflow/.local/lib/python3.12/site-packages/airflow/example_dags/tutorial_dag.py for tasks to queue
[2025-01-01T10:50:06.114+0000] {logging_mixin.py:190} INFO - [2025-01-01T10:50:06.114+0000] {dagbag.py:588} INFO - Filling up the DagBag from /home/airflow/.local/lib/python3.12/site-packages/airflow/example_dags/tutorial_dag.py
[2025-01-01T10:50:06.123+0000] {processor.py:925} INFO - DAG(s) 'tutorial_dag' retrieved from /home/airflow/.local/lib/python3.12/site-packages/airflow/example_dags/tutorial_dag.py
[2025-01-01T10:50:06.146+0000] {logging_mixin.py:190} INFO - [2025-01-01T10:50:06.146+0000] {dag.py:3239} INFO - Sync 1 DAGs
[2025-01-01T10:50:06.161+0000] {logging_mixin.py:190} INFO - [2025-01-01T10:50:06.161+0000] {dag.py:4180} INFO - Setting next_dagrun for tutorial_dag to None, run_after=None
[2025-01-01T10:50:06.185+0000] {processor.py:208} INFO - Processing /home/airflow/.local/lib/python3.12/site-packages/airflow/example_dags/tutorial_dag.py took 0.081 seconds
[2025-01-01T10:50:37.485+0000] {processor.py:186} INFO - Started process (PID=4461) to work on /home/airflow/.local/lib/python3.12/site-packages/airflow/example_dags/tutorial_dag.py
[2025-01-01T10:50:37.559+0000] {processor.py:914} INFO - Processing file /home/airflow/.local/lib/python3.12/site-packages/airflow/example_dags/tutorial_dag.py for tasks to queue
[2025-01-01T10:50:37.636+0000] {logging_mixin.py:190} INFO - [2025-01-01T10:50:37.634+0000] {dagbag.py:588} INFO - Filling up the DagBag from /home/airflow/.local/lib/python3.12/site-packages/airflow/example_dags/tutorial_dag.py
[2025-01-01T10:50:37.854+0000] {processor.py:925} INFO - DAG(s) 'tutorial_dag' retrieved from /home/airflow/.local/lib/python3.12/site-packages/airflow/example_dags/tutorial_dag.py
[2025-01-01T10:50:38.439+0000] {logging_mixin.py:190} INFO - [2025-01-01T10:50:38.438+0000] {dag.py:3239} INFO - Sync 1 DAGs
[2025-01-01T10:50:38.753+0000] {logging_mixin.py:190} INFO - [2025-01-01T10:50:38.752+0000] {dag.py:4180} INFO - Setting next_dagrun for tutorial_dag to None, run_after=None
[2025-01-01T10:50:39.072+0000] {processor.py:208} INFO - Processing /home/airflow/.local/lib/python3.12/site-packages/airflow/example_dags/tutorial_dag.py took 1.667 seconds
[2025-01-01T10:51:09.519+0000] {processor.py:186} INFO - Started process (PID=4530) to work on /home/airflow/.local/lib/python3.12/site-packages/airflow/example_dags/tutorial_dag.py
[2025-01-01T10:51:09.526+0000] {processor.py:914} INFO - Processing file /home/airflow/.local/lib/python3.12/site-packages/airflow/example_dags/tutorial_dag.py for tasks to queue
[2025-01-01T10:51:09.531+0000] {logging_mixin.py:190} INFO - [2025-01-01T10:51:09.531+0000] {dagbag.py:588} INFO - Filling up the DagBag from /home/airflow/.local/lib/python3.12/site-packages/airflow/example_dags/tutorial_dag.py
[2025-01-01T10:51:09.559+0000] {processor.py:925} INFO - DAG(s) 'tutorial_dag' retrieved from /home/airflow/.local/lib/python3.12/site-packages/airflow/example_dags/tutorial_dag.py
[2025-01-01T10:51:09.617+0000] {logging_mixin.py:190} INFO - [2025-01-01T10:51:09.616+0000] {dag.py:3239} INFO - Sync 1 DAGs
[2025-01-01T10:51:09.745+0000] {logging_mixin.py:190} INFO - [2025-01-01T10:51:09.738+0000] {dag.py:4180} INFO - Setting next_dagrun for tutorial_dag to None, run_after=None
[2025-01-01T10:51:09.897+0000] {processor.py:208} INFO - Processing /home/airflow/.local/lib/python3.12/site-packages/airflow/example_dags/tutorial_dag.py took 0.390 seconds
[2025-01-01T12:15:42.144+0000] {processor.py:186} INFO - Started process (PID=4550) to work on /home/airflow/.local/lib/python3.12/site-packages/airflow/example_dags/tutorial_dag.py
[2025-01-01T12:15:42.145+0000] {processor.py:914} INFO - Processing file /home/airflow/.local/lib/python3.12/site-packages/airflow/example_dags/tutorial_dag.py for tasks to queue
[2025-01-01T12:15:42.150+0000] {logging_mixin.py:190} INFO - [2025-01-01T12:15:42.149+0000] {dagbag.py:588} INFO - Filling up the DagBag from /home/airflow/.local/lib/python3.12/site-packages/airflow/example_dags/tutorial_dag.py
[2025-01-01T12:15:42.168+0000] {processor.py:925} INFO - DAG(s) 'tutorial_dag' retrieved from /home/airflow/.local/lib/python3.12/site-packages/airflow/example_dags/tutorial_dag.py
[2025-01-01T12:15:42.224+0000] {logging_mixin.py:190} INFO - [2025-01-01T12:15:42.223+0000] {dag.py:3239} INFO - Sync 1 DAGs
[2025-01-01T12:15:42.261+0000] {logging_mixin.py:190} INFO - [2025-01-01T12:15:42.261+0000] {dag.py:4180} INFO - Setting next_dagrun for tutorial_dag to None, run_after=None
[2025-01-01T12:15:42.299+0000] {processor.py:208} INFO - Processing /home/airflow/.local/lib/python3.12/site-packages/airflow/example_dags/tutorial_dag.py took 0.167 seconds
[2025-01-01T12:16:13.095+0000] {processor.py:186} INFO - Started process (PID=4613) to work on /home/airflow/.local/lib/python3.12/site-packages/airflow/example_dags/tutorial_dag.py
[2025-01-01T12:16:13.096+0000] {processor.py:914} INFO - Processing file /home/airflow/.local/lib/python3.12/site-packages/airflow/example_dags/tutorial_dag.py for tasks to queue
[2025-01-01T12:16:13.098+0000] {logging_mixin.py:190} INFO - [2025-01-01T12:16:13.098+0000] {dagbag.py:588} INFO - Filling up the DagBag from /home/airflow/.local/lib/python3.12/site-packages/airflow/example_dags/tutorial_dag.py
[2025-01-01T12:16:13.104+0000] {processor.py:925} INFO - DAG(s) 'tutorial_dag' retrieved from /home/airflow/.local/lib/python3.12/site-packages/airflow/example_dags/tutorial_dag.py
[2025-01-01T12:16:13.121+0000] {logging_mixin.py:190} INFO - [2025-01-01T12:16:13.121+0000] {dag.py:3239} INFO - Sync 1 DAGs
[2025-01-01T12:16:13.135+0000] {logging_mixin.py:190} INFO - [2025-01-01T12:16:13.135+0000] {dag.py:4180} INFO - Setting next_dagrun for tutorial_dag to None, run_after=None
[2025-01-01T12:16:13.156+0000] {processor.py:208} INFO - Processing /home/airflow/.local/lib/python3.12/site-packages/airflow/example_dags/tutorial_dag.py took 0.066 seconds
[2025-01-01T12:16:43.255+0000] {processor.py:186} INFO - Started process (PID=4676) to work on /home/airflow/.local/lib/python3.12/site-packages/airflow/example_dags/tutorial_dag.py
[2025-01-01T12:16:43.256+0000] {processor.py:914} INFO - Processing file /home/airflow/.local/lib/python3.12/site-packages/airflow/example_dags/tutorial_dag.py for tasks to queue
[2025-01-01T12:16:43.258+0000] {logging_mixin.py:190} INFO - [2025-01-01T12:16:43.257+0000] {dagbag.py:588} INFO - Filling up the DagBag from /home/airflow/.local/lib/python3.12/site-packages/airflow/example_dags/tutorial_dag.py
[2025-01-01T12:16:43.263+0000] {processor.py:925} INFO - DAG(s) 'tutorial_dag' retrieved from /home/airflow/.local/lib/python3.12/site-packages/airflow/example_dags/tutorial_dag.py
[2025-01-01T12:16:43.278+0000] {logging_mixin.py:190} INFO - [2025-01-01T12:16:43.278+0000] {dag.py:3239} INFO - Sync 1 DAGs
[2025-01-01T12:16:43.290+0000] {logging_mixin.py:190} INFO - [2025-01-01T12:16:43.290+0000] {dag.py:4180} INFO - Setting next_dagrun for tutorial_dag to None, run_after=None
[2025-01-01T12:16:43.311+0000] {processor.py:208} INFO - Processing /home/airflow/.local/lib/python3.12/site-packages/airflow/example_dags/tutorial_dag.py took 0.061 seconds
