[2025-01-01T10:09:11.416+0000] {processor.py:186} INFO - Started process (PID=245) to work on /home/airflow/.local/lib/python3.12/site-packages/airflow/example_dags/tutorial.py
[2025-01-01T10:09:11.427+0000] {processor.py:914} INFO - Processing file /home/airflow/.local/lib/python3.12/site-packages/airflow/example_dags/tutorial.py for tasks to queue
[2025-01-01T10:09:11.447+0000] {logging_mixin.py:190} INFO - [2025-01-01T10:09:11.445+0000] {dagbag.py:588} INFO - Filling up the DagBag from /home/airflow/.local/lib/python3.12/site-packages/airflow/example_dags/tutorial.py
[2025-01-01T10:09:11.520+0000] {processor.py:925} INFO - DAG(s) 'tutorial' retrieved from /home/airflow/.local/lib/python3.12/site-packages/airflow/example_dags/tutorial.py
[2025-01-01T10:09:12.354+0000] {logging_mixin.py:190} INFO - [2025-01-01T10:09:12.350+0000] {override.py:1911} INFO - Created Permission View: can edit on DAG:tutorial
[2025-01-01T10:09:12.429+0000] {logging_mixin.py:190} INFO - [2025-01-01T10:09:12.427+0000] {override.py:1911} INFO - Created Permission View: can delete on DAG:tutorial
[2025-01-01T10:09:12.489+0000] {logging_mixin.py:190} INFO - [2025-01-01T10:09:12.487+0000] {override.py:1911} INFO - Created Permission View: can read on DAG:tutorial
[2025-01-01T10:09:12.556+0000] {logging_mixin.py:190} INFO - [2025-01-01T10:09:12.554+0000] {override.py:1911} INFO - Created Permission View: can create on DAG Run:tutorial
[2025-01-01T10:09:12.619+0000] {logging_mixin.py:190} INFO - [2025-01-01T10:09:12.617+0000] {override.py:1911} INFO - Created Permission View: menu access on DAG Run:tutorial
[2025-01-01T10:09:12.676+0000] {logging_mixin.py:190} INFO - [2025-01-01T10:09:12.674+0000] {override.py:1911} INFO - Created Permission View: can delete on DAG Run:tutorial
[2025-01-01T10:09:12.727+0000] {logging_mixin.py:190} INFO - [2025-01-01T10:09:12.725+0000] {override.py:1911} INFO - Created Permission View: can read on DAG Run:tutorial
[2025-01-01T10:09:12.732+0000] {logging_mixin.py:190} INFO - [2025-01-01T10:09:12.731+0000] {dag.py:3239} INFO - Sync 1 DAGs
[2025-01-01T10:09:12.858+0000] {logging_mixin.py:190} INFO - [2025-01-01T10:09:12.856+0000] {dag.py:3262} INFO - Creating ORM DAG for tutorial
[2025-01-01T10:09:12.982+0000] {logging_mixin.py:190} INFO - [2025-01-01T10:09:12.980+0000] {dag.py:4180} INFO - Setting next_dagrun for tutorial to 2024-12-31 00:00:00+00:00, run_after=2025-01-01 00:00:00+00:00
[2025-01-01T10:09:13.191+0000] {processor.py:208} INFO - Processing /home/airflow/.local/lib/python3.12/site-packages/airflow/example_dags/tutorial.py took 1.830 seconds
[2025-01-01T10:14:50.321+0000] {processor.py:186} INFO - Started process (PID=339) to work on /home/airflow/.local/lib/python3.12/site-packages/airflow/example_dags/tutorial.py
[2025-01-01T10:14:50.322+0000] {processor.py:914} INFO - Processing file /home/airflow/.local/lib/python3.12/site-packages/airflow/example_dags/tutorial.py for tasks to queue
[2025-01-01T10:14:50.326+0000] {logging_mixin.py:190} INFO - [2025-01-01T10:14:50.326+0000] {dagbag.py:588} INFO - Filling up the DagBag from /home/airflow/.local/lib/python3.12/site-packages/airflow/example_dags/tutorial.py
[2025-01-01T10:14:50.340+0000] {processor.py:925} INFO - DAG(s) 'tutorial' retrieved from /home/airflow/.local/lib/python3.12/site-packages/airflow/example_dags/tutorial.py
[2025-01-01T10:14:50.371+0000] {logging_mixin.py:190} INFO - [2025-01-01T10:14:50.371+0000] {dag.py:3239} INFO - Sync 1 DAGs
[2025-01-01T10:14:50.408+0000] {logging_mixin.py:190} INFO - [2025-01-01T10:14:50.408+0000] {dag.py:4180} INFO - Setting next_dagrun for tutorial to 2024-12-31 00:00:00+00:00, run_after=2025-01-01 00:00:00+00:00
[2025-01-01T10:14:50.436+0000] {processor.py:208} INFO - Processing /home/airflow/.local/lib/python3.12/site-packages/airflow/example_dags/tutorial.py took 0.123 seconds
[2025-01-01T10:15:24.005+0000] {processor.py:186} INFO - Started process (PID=408) to work on /home/airflow/.local/lib/python3.12/site-packages/airflow/example_dags/tutorial.py
[2025-01-01T10:15:24.007+0000] {processor.py:914} INFO - Processing file /home/airflow/.local/lib/python3.12/site-packages/airflow/example_dags/tutorial.py for tasks to queue
[2025-01-01T10:15:24.011+0000] {logging_mixin.py:190} INFO - [2025-01-01T10:15:24.010+0000] {dagbag.py:588} INFO - Filling up the DagBag from /home/airflow/.local/lib/python3.12/site-packages/airflow/example_dags/tutorial.py
[2025-01-01T10:15:24.021+0000] {processor.py:925} INFO - DAG(s) 'tutorial' retrieved from /home/airflow/.local/lib/python3.12/site-packages/airflow/example_dags/tutorial.py
[2025-01-01T10:15:24.049+0000] {logging_mixin.py:190} INFO - [2025-01-01T10:15:24.049+0000] {dag.py:3239} INFO - Sync 1 DAGs
[2025-01-01T10:15:24.076+0000] {logging_mixin.py:190} INFO - [2025-01-01T10:15:24.076+0000] {dag.py:4180} INFO - Setting next_dagrun for tutorial to 2024-12-31 00:00:00+00:00, run_after=2025-01-01 00:00:00+00:00
[2025-01-01T10:15:24.104+0000] {processor.py:208} INFO - Processing /home/airflow/.local/lib/python3.12/site-packages/airflow/example_dags/tutorial.py took 0.108 seconds
[2025-01-01T10:15:56.212+0000] {processor.py:186} INFO - Started process (PID=471) to work on /home/airflow/.local/lib/python3.12/site-packages/airflow/example_dags/tutorial.py
[2025-01-01T10:15:56.213+0000] {processor.py:914} INFO - Processing file /home/airflow/.local/lib/python3.12/site-packages/airflow/example_dags/tutorial.py for tasks to queue
[2025-01-01T10:15:56.217+0000] {logging_mixin.py:190} INFO - [2025-01-01T10:15:56.216+0000] {dagbag.py:588} INFO - Filling up the DagBag from /home/airflow/.local/lib/python3.12/site-packages/airflow/example_dags/tutorial.py
[2025-01-01T10:15:56.232+0000] {processor.py:925} INFO - DAG(s) 'tutorial' retrieved from /home/airflow/.local/lib/python3.12/site-packages/airflow/example_dags/tutorial.py
[2025-01-01T10:15:56.260+0000] {logging_mixin.py:190} INFO - [2025-01-01T10:15:56.260+0000] {dag.py:3239} INFO - Sync 1 DAGs
[2025-01-01T10:15:56.286+0000] {logging_mixin.py:190} INFO - [2025-01-01T10:15:56.286+0000] {dag.py:4180} INFO - Setting next_dagrun for tutorial to 2024-12-31 00:00:00+00:00, run_after=2025-01-01 00:00:00+00:00
[2025-01-01T10:15:56.321+0000] {processor.py:208} INFO - Processing /home/airflow/.local/lib/python3.12/site-packages/airflow/example_dags/tutorial.py took 0.118 seconds
[2025-01-01T10:16:27.514+0000] {processor.py:186} INFO - Started process (PID=534) to work on /home/airflow/.local/lib/python3.12/site-packages/airflow/example_dags/tutorial.py
[2025-01-01T10:16:27.515+0000] {processor.py:914} INFO - Processing file /home/airflow/.local/lib/python3.12/site-packages/airflow/example_dags/tutorial.py for tasks to queue
[2025-01-01T10:16:27.519+0000] {logging_mixin.py:190} INFO - [2025-01-01T10:16:27.518+0000] {dagbag.py:588} INFO - Filling up the DagBag from /home/airflow/.local/lib/python3.12/site-packages/airflow/example_dags/tutorial.py
[2025-01-01T10:16:27.530+0000] {processor.py:925} INFO - DAG(s) 'tutorial' retrieved from /home/airflow/.local/lib/python3.12/site-packages/airflow/example_dags/tutorial.py
[2025-01-01T10:16:27.557+0000] {logging_mixin.py:190} INFO - [2025-01-01T10:16:27.557+0000] {dag.py:3239} INFO - Sync 1 DAGs
[2025-01-01T10:16:27.581+0000] {logging_mixin.py:190} INFO - [2025-01-01T10:16:27.581+0000] {dag.py:4180} INFO - Setting next_dagrun for tutorial to 2024-12-31 00:00:00+00:00, run_after=2025-01-01 00:00:00+00:00
[2025-01-01T10:16:27.609+0000] {processor.py:208} INFO - Processing /home/airflow/.local/lib/python3.12/site-packages/airflow/example_dags/tutorial.py took 0.102 seconds
[2025-01-01T10:16:57.740+0000] {processor.py:186} INFO - Started process (PID=597) to work on /home/airflow/.local/lib/python3.12/site-packages/airflow/example_dags/tutorial.py
[2025-01-01T10:16:57.741+0000] {processor.py:914} INFO - Processing file /home/airflow/.local/lib/python3.12/site-packages/airflow/example_dags/tutorial.py for tasks to queue
[2025-01-01T10:16:57.745+0000] {logging_mixin.py:190} INFO - [2025-01-01T10:16:57.744+0000] {dagbag.py:588} INFO - Filling up the DagBag from /home/airflow/.local/lib/python3.12/site-packages/airflow/example_dags/tutorial.py
[2025-01-01T10:16:57.758+0000] {processor.py:925} INFO - DAG(s) 'tutorial' retrieved from /home/airflow/.local/lib/python3.12/site-packages/airflow/example_dags/tutorial.py
[2025-01-01T10:16:57.783+0000] {logging_mixin.py:190} INFO - [2025-01-01T10:16:57.782+0000] {dag.py:3239} INFO - Sync 1 DAGs
[2025-01-01T10:16:57.807+0000] {logging_mixin.py:190} INFO - [2025-01-01T10:16:57.807+0000] {dag.py:4180} INFO - Setting next_dagrun for tutorial to 2024-12-31 00:00:00+00:00, run_after=2025-01-01 00:00:00+00:00
[2025-01-01T10:16:57.833+0000] {processor.py:208} INFO - Processing /home/airflow/.local/lib/python3.12/site-packages/airflow/example_dags/tutorial.py took 0.102 seconds
[2025-01-01T10:17:27.946+0000] {processor.py:186} INFO - Started process (PID=659) to work on /home/airflow/.local/lib/python3.12/site-packages/airflow/example_dags/tutorial.py
[2025-01-01T10:17:27.948+0000] {processor.py:914} INFO - Processing file /home/airflow/.local/lib/python3.12/site-packages/airflow/example_dags/tutorial.py for tasks to queue
[2025-01-01T10:17:27.952+0000] {logging_mixin.py:190} INFO - [2025-01-01T10:17:27.951+0000] {dagbag.py:588} INFO - Filling up the DagBag from /home/airflow/.local/lib/python3.12/site-packages/airflow/example_dags/tutorial.py
[2025-01-01T10:17:27.963+0000] {processor.py:925} INFO - DAG(s) 'tutorial' retrieved from /home/airflow/.local/lib/python3.12/site-packages/airflow/example_dags/tutorial.py
[2025-01-01T10:17:27.990+0000] {logging_mixin.py:190} INFO - [2025-01-01T10:17:27.990+0000] {dag.py:3239} INFO - Sync 1 DAGs
[2025-01-01T10:17:28.014+0000] {logging_mixin.py:190} INFO - [2025-01-01T10:17:28.014+0000] {dag.py:4180} INFO - Setting next_dagrun for tutorial to 2024-12-31 00:00:00+00:00, run_after=2025-01-01 00:00:00+00:00
[2025-01-01T10:17:28.041+0000] {processor.py:208} INFO - Processing /home/airflow/.local/lib/python3.12/site-packages/airflow/example_dags/tutorial.py took 0.107 seconds
[2025-01-01T10:18:12.101+0000] {processor.py:186} INFO - Started process (PID=723) to work on /home/airflow/.local/lib/python3.12/site-packages/airflow/example_dags/tutorial.py
[2025-01-01T10:18:12.108+0000] {processor.py:914} INFO - Processing file /home/airflow/.local/lib/python3.12/site-packages/airflow/example_dags/tutorial.py for tasks to queue
[2025-01-01T10:18:12.124+0000] {logging_mixin.py:190} INFO - [2025-01-01T10:18:12.122+0000] {dagbag.py:588} INFO - Filling up the DagBag from /home/airflow/.local/lib/python3.12/site-packages/airflow/example_dags/tutorial.py
[2025-01-01T10:18:12.182+0000] {processor.py:925} INFO - DAG(s) 'tutorial' retrieved from /home/airflow/.local/lib/python3.12/site-packages/airflow/example_dags/tutorial.py
[2025-01-01T10:18:12.321+0000] {logging_mixin.py:190} INFO - [2025-01-01T10:18:12.320+0000] {dag.py:3239} INFO - Sync 1 DAGs
[2025-01-01T10:18:12.451+0000] {logging_mixin.py:190} INFO - [2025-01-01T10:18:12.450+0000] {dag.py:4180} INFO - Setting next_dagrun for tutorial to 2024-12-31 00:00:00+00:00, run_after=2025-01-01 00:00:00+00:00
[2025-01-01T10:18:12.530+0000] {processor.py:208} INFO - Processing /home/airflow/.local/lib/python3.12/site-packages/airflow/example_dags/tutorial.py took 0.461 seconds
[2025-01-01T10:18:43.235+0000] {processor.py:186} INFO - Started process (PID=785) to work on /home/airflow/.local/lib/python3.12/site-packages/airflow/example_dags/tutorial.py
[2025-01-01T10:18:43.239+0000] {processor.py:914} INFO - Processing file /home/airflow/.local/lib/python3.12/site-packages/airflow/example_dags/tutorial.py for tasks to queue
[2025-01-01T10:18:43.247+0000] {logging_mixin.py:190} INFO - [2025-01-01T10:18:43.246+0000] {dagbag.py:588} INFO - Filling up the DagBag from /home/airflow/.local/lib/python3.12/site-packages/airflow/example_dags/tutorial.py
[2025-01-01T10:18:43.284+0000] {processor.py:925} INFO - DAG(s) 'tutorial' retrieved from /home/airflow/.local/lib/python3.12/site-packages/airflow/example_dags/tutorial.py
[2025-01-01T10:18:43.362+0000] {logging_mixin.py:190} INFO - [2025-01-01T10:18:43.361+0000] {dag.py:3239} INFO - Sync 1 DAGs
[2025-01-01T10:18:43.481+0000] {logging_mixin.py:190} INFO - [2025-01-01T10:18:43.480+0000] {dag.py:4180} INFO - Setting next_dagrun for tutorial to 2024-12-31 00:00:00+00:00, run_after=2025-01-01 00:00:00+00:00
[2025-01-01T10:18:43.553+0000] {processor.py:208} INFO - Processing /home/airflow/.local/lib/python3.12/site-packages/airflow/example_dags/tutorial.py took 0.345 seconds
[2025-01-01T10:19:28.128+0000] {processor.py:186} INFO - Started process (PID=853) to work on /home/airflow/.local/lib/python3.12/site-packages/airflow/example_dags/tutorial.py
[2025-01-01T10:19:28.139+0000] {processor.py:914} INFO - Processing file /home/airflow/.local/lib/python3.12/site-packages/airflow/example_dags/tutorial.py for tasks to queue
[2025-01-01T10:19:28.163+0000] {logging_mixin.py:190} INFO - [2025-01-01T10:19:28.161+0000] {dagbag.py:588} INFO - Filling up the DagBag from /home/airflow/.local/lib/python3.12/site-packages/airflow/example_dags/tutorial.py
[2025-01-01T10:19:28.255+0000] {processor.py:925} INFO - DAG(s) 'tutorial' retrieved from /home/airflow/.local/lib/python3.12/site-packages/airflow/example_dags/tutorial.py
[2025-01-01T10:19:28.417+0000] {logging_mixin.py:190} INFO - [2025-01-01T10:19:28.415+0000] {dag.py:3239} INFO - Sync 1 DAGs
[2025-01-01T10:19:28.687+0000] {logging_mixin.py:190} INFO - [2025-01-01T10:19:28.685+0000] {dag.py:4180} INFO - Setting next_dagrun for tutorial to 2024-12-31 00:00:00+00:00, run_after=2025-01-01 00:00:00+00:00
[2025-01-01T10:19:28.832+0000] {processor.py:208} INFO - Processing /home/airflow/.local/lib/python3.12/site-packages/airflow/example_dags/tutorial.py took 0.775 seconds
[2025-01-01T10:19:59.237+0000] {processor.py:186} INFO - Started process (PID=916) to work on /home/airflow/.local/lib/python3.12/site-packages/airflow/example_dags/tutorial.py
[2025-01-01T10:19:59.239+0000] {processor.py:914} INFO - Processing file /home/airflow/.local/lib/python3.12/site-packages/airflow/example_dags/tutorial.py for tasks to queue
[2025-01-01T10:19:59.243+0000] {logging_mixin.py:190} INFO - [2025-01-01T10:19:59.242+0000] {dagbag.py:588} INFO - Filling up the DagBag from /home/airflow/.local/lib/python3.12/site-packages/airflow/example_dags/tutorial.py
[2025-01-01T10:19:59.255+0000] {processor.py:925} INFO - DAG(s) 'tutorial' retrieved from /home/airflow/.local/lib/python3.12/site-packages/airflow/example_dags/tutorial.py
[2025-01-01T10:19:59.286+0000] {logging_mixin.py:190} INFO - [2025-01-01T10:19:59.285+0000] {dag.py:3239} INFO - Sync 1 DAGs
[2025-01-01T10:19:59.319+0000] {logging_mixin.py:190} INFO - [2025-01-01T10:19:59.318+0000] {dag.py:4180} INFO - Setting next_dagrun for tutorial to 2024-12-31 00:00:00+00:00, run_after=2025-01-01 00:00:00+00:00
[2025-01-01T10:19:59.347+0000] {processor.py:208} INFO - Processing /home/airflow/.local/lib/python3.12/site-packages/airflow/example_dags/tutorial.py took 0.118 seconds
[2025-01-01T10:20:29.986+0000] {processor.py:186} INFO - Started process (PID=979) to work on /home/airflow/.local/lib/python3.12/site-packages/airflow/example_dags/tutorial.py
[2025-01-01T10:20:29.989+0000] {processor.py:914} INFO - Processing file /home/airflow/.local/lib/python3.12/site-packages/airflow/example_dags/tutorial.py for tasks to queue
[2025-01-01T10:20:29.993+0000] {logging_mixin.py:190} INFO - [2025-01-01T10:20:29.992+0000] {dagbag.py:588} INFO - Filling up the DagBag from /home/airflow/.local/lib/python3.12/site-packages/airflow/example_dags/tutorial.py
[2025-01-01T10:20:30.008+0000] {processor.py:925} INFO - DAG(s) 'tutorial' retrieved from /home/airflow/.local/lib/python3.12/site-packages/airflow/example_dags/tutorial.py
[2025-01-01T10:20:30.047+0000] {logging_mixin.py:190} INFO - [2025-01-01T10:20:30.046+0000] {dag.py:3239} INFO - Sync 1 DAGs
[2025-01-01T10:20:30.093+0000] {logging_mixin.py:190} INFO - [2025-01-01T10:20:30.093+0000] {dag.py:4180} INFO - Setting next_dagrun for tutorial to 2024-12-31 00:00:00+00:00, run_after=2025-01-01 00:00:00+00:00
[2025-01-01T10:20:30.132+0000] {processor.py:208} INFO - Processing /home/airflow/.local/lib/python3.12/site-packages/airflow/example_dags/tutorial.py took 0.157 seconds
[2025-01-01T10:21:00.298+0000] {processor.py:186} INFO - Started process (PID=1042) to work on /home/airflow/.local/lib/python3.12/site-packages/airflow/example_dags/tutorial.py
[2025-01-01T10:21:00.299+0000] {processor.py:914} INFO - Processing file /home/airflow/.local/lib/python3.12/site-packages/airflow/example_dags/tutorial.py for tasks to queue
[2025-01-01T10:21:00.303+0000] {logging_mixin.py:190} INFO - [2025-01-01T10:21:00.302+0000] {dagbag.py:588} INFO - Filling up the DagBag from /home/airflow/.local/lib/python3.12/site-packages/airflow/example_dags/tutorial.py
[2025-01-01T10:21:00.314+0000] {processor.py:925} INFO - DAG(s) 'tutorial' retrieved from /home/airflow/.local/lib/python3.12/site-packages/airflow/example_dags/tutorial.py
[2025-01-01T10:21:00.343+0000] {logging_mixin.py:190} INFO - [2025-01-01T10:21:00.342+0000] {dag.py:3239} INFO - Sync 1 DAGs
[2025-01-01T10:21:00.374+0000] {logging_mixin.py:190} INFO - [2025-01-01T10:21:00.374+0000] {dag.py:4180} INFO - Setting next_dagrun for tutorial to 2024-12-31 00:00:00+00:00, run_after=2025-01-01 00:00:00+00:00
[2025-01-01T10:21:00.405+0000] {processor.py:208} INFO - Processing /home/airflow/.local/lib/python3.12/site-packages/airflow/example_dags/tutorial.py took 0.114 seconds
[2025-01-01T10:21:31.256+0000] {processor.py:186} INFO - Started process (PID=1106) to work on /home/airflow/.local/lib/python3.12/site-packages/airflow/example_dags/tutorial.py
[2025-01-01T10:21:31.259+0000] {processor.py:914} INFO - Processing file /home/airflow/.local/lib/python3.12/site-packages/airflow/example_dags/tutorial.py for tasks to queue
[2025-01-01T10:21:31.267+0000] {logging_mixin.py:190} INFO - [2025-01-01T10:21:31.266+0000] {dagbag.py:588} INFO - Filling up the DagBag from /home/airflow/.local/lib/python3.12/site-packages/airflow/example_dags/tutorial.py
[2025-01-01T10:21:31.296+0000] {processor.py:925} INFO - DAG(s) 'tutorial' retrieved from /home/airflow/.local/lib/python3.12/site-packages/airflow/example_dags/tutorial.py
[2025-01-01T10:21:31.360+0000] {logging_mixin.py:190} INFO - [2025-01-01T10:21:31.359+0000] {dag.py:3239} INFO - Sync 1 DAGs
[2025-01-01T10:21:31.431+0000] {logging_mixin.py:190} INFO - [2025-01-01T10:21:31.431+0000] {dag.py:4180} INFO - Setting next_dagrun for tutorial to 2024-12-31 00:00:00+00:00, run_after=2025-01-01 00:00:00+00:00
[2025-01-01T10:21:31.490+0000] {processor.py:208} INFO - Processing /home/airflow/.local/lib/python3.12/site-packages/airflow/example_dags/tutorial.py took 0.258 seconds
[2025-01-01T10:22:01.643+0000] {processor.py:186} INFO - Started process (PID=1168) to work on /home/airflow/.local/lib/python3.12/site-packages/airflow/example_dags/tutorial.py
[2025-01-01T10:22:01.645+0000] {processor.py:914} INFO - Processing file /home/airflow/.local/lib/python3.12/site-packages/airflow/example_dags/tutorial.py for tasks to queue
[2025-01-01T10:22:01.650+0000] {logging_mixin.py:190} INFO - [2025-01-01T10:22:01.649+0000] {dagbag.py:588} INFO - Filling up the DagBag from /home/airflow/.local/lib/python3.12/site-packages/airflow/example_dags/tutorial.py
[2025-01-01T10:22:01.665+0000] {processor.py:925} INFO - DAG(s) 'tutorial' retrieved from /home/airflow/.local/lib/python3.12/site-packages/airflow/example_dags/tutorial.py
[2025-01-01T10:22:01.697+0000] {logging_mixin.py:190} INFO - [2025-01-01T10:22:01.697+0000] {dag.py:3239} INFO - Sync 1 DAGs
[2025-01-01T10:22:01.730+0000] {logging_mixin.py:190} INFO - [2025-01-01T10:22:01.730+0000] {dag.py:4180} INFO - Setting next_dagrun for tutorial to 2024-12-31 00:00:00+00:00, run_after=2025-01-01 00:00:00+00:00
[2025-01-01T10:22:01.763+0000] {processor.py:208} INFO - Processing /home/airflow/.local/lib/python3.12/site-packages/airflow/example_dags/tutorial.py took 0.127 seconds
[2025-01-01T10:22:32.893+0000] {processor.py:186} INFO - Started process (PID=1231) to work on /home/airflow/.local/lib/python3.12/site-packages/airflow/example_dags/tutorial.py
[2025-01-01T10:22:32.896+0000] {processor.py:914} INFO - Processing file /home/airflow/.local/lib/python3.12/site-packages/airflow/example_dags/tutorial.py for tasks to queue
[2025-01-01T10:22:32.902+0000] {logging_mixin.py:190} INFO - [2025-01-01T10:22:32.901+0000] {dagbag.py:588} INFO - Filling up the DagBag from /home/airflow/.local/lib/python3.12/site-packages/airflow/example_dags/tutorial.py
[2025-01-01T10:22:32.927+0000] {processor.py:925} INFO - DAG(s) 'tutorial' retrieved from /home/airflow/.local/lib/python3.12/site-packages/airflow/example_dags/tutorial.py
[2025-01-01T10:22:32.979+0000] {logging_mixin.py:190} INFO - [2025-01-01T10:22:32.979+0000] {dag.py:3239} INFO - Sync 1 DAGs
[2025-01-01T10:22:33.050+0000] {logging_mixin.py:190} INFO - [2025-01-01T10:22:33.049+0000] {dag.py:4180} INFO - Setting next_dagrun for tutorial to 2024-12-31 00:00:00+00:00, run_after=2025-01-01 00:00:00+00:00
[2025-01-01T10:22:33.104+0000] {processor.py:208} INFO - Processing /home/airflow/.local/lib/python3.12/site-packages/airflow/example_dags/tutorial.py took 0.227 seconds
[2025-01-01T10:23:03.251+0000] {processor.py:186} INFO - Started process (PID=1293) to work on /home/airflow/.local/lib/python3.12/site-packages/airflow/example_dags/tutorial.py
[2025-01-01T10:23:03.253+0000] {processor.py:914} INFO - Processing file /home/airflow/.local/lib/python3.12/site-packages/airflow/example_dags/tutorial.py for tasks to queue
[2025-01-01T10:23:03.257+0000] {logging_mixin.py:190} INFO - [2025-01-01T10:23:03.257+0000] {dagbag.py:588} INFO - Filling up the DagBag from /home/airflow/.local/lib/python3.12/site-packages/airflow/example_dags/tutorial.py
[2025-01-01T10:23:03.269+0000] {processor.py:925} INFO - DAG(s) 'tutorial' retrieved from /home/airflow/.local/lib/python3.12/site-packages/airflow/example_dags/tutorial.py
[2025-01-01T10:23:03.293+0000] {logging_mixin.py:190} INFO - [2025-01-01T10:23:03.292+0000] {dag.py:3239} INFO - Sync 1 DAGs
[2025-01-01T10:23:03.314+0000] {logging_mixin.py:190} INFO - [2025-01-01T10:23:03.314+0000] {dag.py:4180} INFO - Setting next_dagrun for tutorial to 2024-12-31 00:00:00+00:00, run_after=2025-01-01 00:00:00+00:00
[2025-01-01T10:23:03.341+0000] {processor.py:208} INFO - Processing /home/airflow/.local/lib/python3.12/site-packages/airflow/example_dags/tutorial.py took 0.097 seconds
[2025-01-01T10:23:34.476+0000] {processor.py:186} INFO - Started process (PID=1355) to work on /home/airflow/.local/lib/python3.12/site-packages/airflow/example_dags/tutorial.py
[2025-01-01T10:23:34.480+0000] {processor.py:914} INFO - Processing file /home/airflow/.local/lib/python3.12/site-packages/airflow/example_dags/tutorial.py for tasks to queue
[2025-01-01T10:23:34.487+0000] {logging_mixin.py:190} INFO - [2025-01-01T10:23:34.486+0000] {dagbag.py:588} INFO - Filling up the DagBag from /home/airflow/.local/lib/python3.12/site-packages/airflow/example_dags/tutorial.py
[2025-01-01T10:23:34.530+0000] {processor.py:925} INFO - DAG(s) 'tutorial' retrieved from /home/airflow/.local/lib/python3.12/site-packages/airflow/example_dags/tutorial.py
[2025-01-01T10:23:34.605+0000] {logging_mixin.py:190} INFO - [2025-01-01T10:23:34.604+0000] {dag.py:3239} INFO - Sync 1 DAGs
[2025-01-01T10:23:34.696+0000] {logging_mixin.py:190} INFO - [2025-01-01T10:23:34.695+0000] {dag.py:4180} INFO - Setting next_dagrun for tutorial to 2024-12-31 00:00:00+00:00, run_after=2025-01-01 00:00:00+00:00
[2025-01-01T10:23:34.757+0000] {processor.py:208} INFO - Processing /home/airflow/.local/lib/python3.12/site-packages/airflow/example_dags/tutorial.py took 0.302 seconds
[2025-01-01T10:24:05.710+0000] {processor.py:186} INFO - Started process (PID=1417) to work on /home/airflow/.local/lib/python3.12/site-packages/airflow/example_dags/tutorial.py
[2025-01-01T10:24:05.713+0000] {processor.py:914} INFO - Processing file /home/airflow/.local/lib/python3.12/site-packages/airflow/example_dags/tutorial.py for tasks to queue
[2025-01-01T10:24:05.721+0000] {logging_mixin.py:190} INFO - [2025-01-01T10:24:05.720+0000] {dagbag.py:588} INFO - Filling up the DagBag from /home/airflow/.local/lib/python3.12/site-packages/airflow/example_dags/tutorial.py
[2025-01-01T10:24:05.753+0000] {processor.py:925} INFO - DAG(s) 'tutorial' retrieved from /home/airflow/.local/lib/python3.12/site-packages/airflow/example_dags/tutorial.py
[2025-01-01T10:24:05.820+0000] {logging_mixin.py:190} INFO - [2025-01-01T10:24:05.819+0000] {dag.py:3239} INFO - Sync 1 DAGs
[2025-01-01T10:24:05.908+0000] {logging_mixin.py:190} INFO - [2025-01-01T10:24:05.907+0000] {dag.py:4180} INFO - Setting next_dagrun for tutorial to 2024-12-31 00:00:00+00:00, run_after=2025-01-01 00:00:00+00:00
[2025-01-01T10:24:05.970+0000] {processor.py:208} INFO - Processing /home/airflow/.local/lib/python3.12/site-packages/airflow/example_dags/tutorial.py took 0.281 seconds
[2025-01-01T10:24:42.802+0000] {processor.py:186} INFO - Started process (PID=1479) to work on /home/airflow/.local/lib/python3.12/site-packages/airflow/example_dags/tutorial.py
[2025-01-01T10:24:42.813+0000] {processor.py:914} INFO - Processing file /home/airflow/.local/lib/python3.12/site-packages/airflow/example_dags/tutorial.py for tasks to queue
[2025-01-01T10:24:42.856+0000] {logging_mixin.py:190} INFO - [2025-01-01T10:24:42.853+0000] {dagbag.py:588} INFO - Filling up the DagBag from /home/airflow/.local/lib/python3.12/site-packages/airflow/example_dags/tutorial.py
[2025-01-01T10:24:43.020+0000] {processor.py:925} INFO - DAG(s) 'tutorial' retrieved from /home/airflow/.local/lib/python3.12/site-packages/airflow/example_dags/tutorial.py
[2025-01-01T10:24:43.369+0000] {logging_mixin.py:190} INFO - [2025-01-01T10:24:43.368+0000] {dag.py:3239} INFO - Sync 1 DAGs
[2025-01-01T10:24:43.979+0000] {logging_mixin.py:190} INFO - [2025-01-01T10:24:43.978+0000] {dag.py:4180} INFO - Setting next_dagrun for tutorial to 2024-12-31 00:00:00+00:00, run_after=2025-01-01 00:00:00+00:00
[2025-01-01T10:24:44.383+0000] {processor.py:208} INFO - Processing /home/airflow/.local/lib/python3.12/site-packages/airflow/example_dags/tutorial.py took 1.692 seconds
[2025-01-01T10:25:31.752+0000] {processor.py:186} INFO - Started process (PID=1554) to work on /home/airflow/.local/lib/python3.12/site-packages/airflow/example_dags/tutorial.py
[2025-01-01T10:25:31.761+0000] {processor.py:914} INFO - Processing file /home/airflow/.local/lib/python3.12/site-packages/airflow/example_dags/tutorial.py for tasks to queue
[2025-01-01T10:25:31.796+0000] {logging_mixin.py:190} INFO - [2025-01-01T10:25:31.785+0000] {dagbag.py:588} INFO - Filling up the DagBag from /home/airflow/.local/lib/python3.12/site-packages/airflow/example_dags/tutorial.py
[2025-01-01T10:25:31.922+0000] {processor.py:925} INFO - DAG(s) 'tutorial' retrieved from /home/airflow/.local/lib/python3.12/site-packages/airflow/example_dags/tutorial.py
[2025-01-01T10:25:32.099+0000] {logging_mixin.py:190} INFO - [2025-01-01T10:25:32.098+0000] {dag.py:3239} INFO - Sync 1 DAGs
[2025-01-01T10:25:32.591+0000] {logging_mixin.py:190} INFO - [2025-01-01T10:25:32.578+0000] {dag.py:4180} INFO - Setting next_dagrun for tutorial to 2024-12-31 00:00:00+00:00, run_after=2025-01-01 00:00:00+00:00
[2025-01-01T10:25:33.532+0000] {processor.py:208} INFO - Processing /home/airflow/.local/lib/python3.12/site-packages/airflow/example_dags/tutorial.py took 1.839 seconds
[2025-01-01T10:26:06.939+0000] {processor.py:186} INFO - Started process (PID=1616) to work on /home/airflow/.local/lib/python3.12/site-packages/airflow/example_dags/tutorial.py
[2025-01-01T10:26:06.944+0000] {processor.py:914} INFO - Processing file /home/airflow/.local/lib/python3.12/site-packages/airflow/example_dags/tutorial.py for tasks to queue
[2025-01-01T10:26:06.952+0000] {logging_mixin.py:190} INFO - [2025-01-01T10:26:06.951+0000] {dagbag.py:588} INFO - Filling up the DagBag from /home/airflow/.local/lib/python3.12/site-packages/airflow/example_dags/tutorial.py
[2025-01-01T10:26:06.984+0000] {processor.py:925} INFO - DAG(s) 'tutorial' retrieved from /home/airflow/.local/lib/python3.12/site-packages/airflow/example_dags/tutorial.py
[2025-01-01T10:26:07.065+0000] {logging_mixin.py:190} INFO - [2025-01-01T10:26:07.064+0000] {dag.py:3239} INFO - Sync 1 DAGs
[2025-01-01T10:26:07.152+0000] {logging_mixin.py:190} INFO - [2025-01-01T10:26:07.151+0000] {dag.py:4180} INFO - Setting next_dagrun for tutorial to 2024-12-31 00:00:00+00:00, run_after=2025-01-01 00:00:00+00:00
[2025-01-01T10:26:07.223+0000] {processor.py:208} INFO - Processing /home/airflow/.local/lib/python3.12/site-packages/airflow/example_dags/tutorial.py took 0.306 seconds
[2025-01-01T10:26:37.452+0000] {processor.py:186} INFO - Started process (PID=1680) to work on /home/airflow/.local/lib/python3.12/site-packages/airflow/example_dags/tutorial.py
[2025-01-01T10:26:37.470+0000] {processor.py:914} INFO - Processing file /home/airflow/.local/lib/python3.12/site-packages/airflow/example_dags/tutorial.py for tasks to queue
[2025-01-01T10:26:37.506+0000] {logging_mixin.py:190} INFO - [2025-01-01T10:26:37.505+0000] {dagbag.py:588} INFO - Filling up the DagBag from /home/airflow/.local/lib/python3.12/site-packages/airflow/example_dags/tutorial.py
[2025-01-01T10:26:37.573+0000] {processor.py:925} INFO - DAG(s) 'tutorial' retrieved from /home/airflow/.local/lib/python3.12/site-packages/airflow/example_dags/tutorial.py
[2025-01-01T10:26:37.694+0000] {logging_mixin.py:190} INFO - [2025-01-01T10:26:37.694+0000] {dag.py:3239} INFO - Sync 1 DAGs
[2025-01-01T10:26:37.807+0000] {logging_mixin.py:190} INFO - [2025-01-01T10:26:37.806+0000] {dag.py:4180} INFO - Setting next_dagrun for tutorial to 2024-12-31 00:00:00+00:00, run_after=2025-01-01 00:00:00+00:00
[2025-01-01T10:26:37.911+0000] {processor.py:208} INFO - Processing /home/airflow/.local/lib/python3.12/site-packages/airflow/example_dags/tutorial.py took 0.508 seconds
[2025-01-01T10:27:08.026+0000] {processor.py:186} INFO - Started process (PID=1743) to work on /home/airflow/.local/lib/python3.12/site-packages/airflow/example_dags/tutorial.py
[2025-01-01T10:27:08.029+0000] {processor.py:914} INFO - Processing file /home/airflow/.local/lib/python3.12/site-packages/airflow/example_dags/tutorial.py for tasks to queue
[2025-01-01T10:27:08.033+0000] {logging_mixin.py:190} INFO - [2025-01-01T10:27:08.033+0000] {dagbag.py:588} INFO - Filling up the DagBag from /home/airflow/.local/lib/python3.12/site-packages/airflow/example_dags/tutorial.py
[2025-01-01T10:27:08.051+0000] {processor.py:925} INFO - DAG(s) 'tutorial' retrieved from /home/airflow/.local/lib/python3.12/site-packages/airflow/example_dags/tutorial.py
[2025-01-01T10:27:08.093+0000] {logging_mixin.py:190} INFO - [2025-01-01T10:27:08.093+0000] {dag.py:3239} INFO - Sync 1 DAGs
[2025-01-01T10:27:08.142+0000] {logging_mixin.py:190} INFO - [2025-01-01T10:27:08.142+0000] {dag.py:4180} INFO - Setting next_dagrun for tutorial to 2024-12-31 00:00:00+00:00, run_after=2025-01-01 00:00:00+00:00
[2025-01-01T10:27:08.183+0000] {processor.py:208} INFO - Processing /home/airflow/.local/lib/python3.12/site-packages/airflow/example_dags/tutorial.py took 0.171 seconds
[2025-01-01T10:27:41.271+0000] {processor.py:186} INFO - Started process (PID=1806) to work on /home/airflow/.local/lib/python3.12/site-packages/airflow/example_dags/tutorial.py
[2025-01-01T10:27:41.275+0000] {processor.py:914} INFO - Processing file /home/airflow/.local/lib/python3.12/site-packages/airflow/example_dags/tutorial.py for tasks to queue
[2025-01-01T10:27:41.286+0000] {logging_mixin.py:190} INFO - [2025-01-01T10:27:41.284+0000] {dagbag.py:588} INFO - Filling up the DagBag from /home/airflow/.local/lib/python3.12/site-packages/airflow/example_dags/tutorial.py
[2025-01-01T10:27:41.319+0000] {processor.py:925} INFO - DAG(s) 'tutorial' retrieved from /home/airflow/.local/lib/python3.12/site-packages/airflow/example_dags/tutorial.py
[2025-01-01T10:27:41.385+0000] {logging_mixin.py:190} INFO - [2025-01-01T10:27:41.385+0000] {dag.py:3239} INFO - Sync 1 DAGs
[2025-01-01T10:27:41.470+0000] {logging_mixin.py:190} INFO - [2025-01-01T10:27:41.469+0000] {dag.py:4180} INFO - Setting next_dagrun for tutorial to 2024-12-31 00:00:00+00:00, run_after=2025-01-01 00:00:00+00:00
[2025-01-01T10:27:41.538+0000] {processor.py:208} INFO - Processing /home/airflow/.local/lib/python3.12/site-packages/airflow/example_dags/tutorial.py took 0.298 seconds
[2025-01-01T10:28:15.265+0000] {processor.py:186} INFO - Started process (PID=1869) to work on /home/airflow/.local/lib/python3.12/site-packages/airflow/example_dags/tutorial.py
[2025-01-01T10:28:15.270+0000] {processor.py:914} INFO - Processing file /home/airflow/.local/lib/python3.12/site-packages/airflow/example_dags/tutorial.py for tasks to queue
[2025-01-01T10:28:15.280+0000] {logging_mixin.py:190} INFO - [2025-01-01T10:28:15.279+0000] {dagbag.py:588} INFO - Filling up the DagBag from /home/airflow/.local/lib/python3.12/site-packages/airflow/example_dags/tutorial.py
[2025-01-01T10:28:15.323+0000] {processor.py:925} INFO - DAG(s) 'tutorial' retrieved from /home/airflow/.local/lib/python3.12/site-packages/airflow/example_dags/tutorial.py
[2025-01-01T10:28:15.403+0000] {logging_mixin.py:190} INFO - [2025-01-01T10:28:15.402+0000] {dag.py:3239} INFO - Sync 1 DAGs
[2025-01-01T10:28:15.498+0000] {logging_mixin.py:190} INFO - [2025-01-01T10:28:15.497+0000] {dag.py:4180} INFO - Setting next_dagrun for tutorial to 2024-12-31 00:00:00+00:00, run_after=2025-01-01 00:00:00+00:00
[2025-01-01T10:28:15.562+0000] {processor.py:208} INFO - Processing /home/airflow/.local/lib/python3.12/site-packages/airflow/example_dags/tutorial.py took 0.322 seconds
[2025-01-01T10:29:03.705+0000] {processor.py:186} INFO - Started process (PID=1932) to work on /home/airflow/.local/lib/python3.12/site-packages/airflow/example_dags/tutorial.py
[2025-01-01T10:29:03.714+0000] {processor.py:914} INFO - Processing file /home/airflow/.local/lib/python3.12/site-packages/airflow/example_dags/tutorial.py for tasks to queue
[2025-01-01T10:29:03.750+0000] {logging_mixin.py:190} INFO - [2025-01-01T10:29:03.749+0000] {dagbag.py:588} INFO - Filling up the DagBag from /home/airflow/.local/lib/python3.12/site-packages/airflow/example_dags/tutorial.py
[2025-01-01T10:29:03.927+0000] {processor.py:925} INFO - DAG(s) 'tutorial' retrieved from /home/airflow/.local/lib/python3.12/site-packages/airflow/example_dags/tutorial.py
[2025-01-01T10:29:04.216+0000] {logging_mixin.py:190} INFO - [2025-01-01T10:29:04.215+0000] {dag.py:3239} INFO - Sync 1 DAGs
[2025-01-01T10:29:04.412+0000] {logging_mixin.py:190} INFO - [2025-01-01T10:29:04.410+0000] {dag.py:4180} INFO - Setting next_dagrun for tutorial to 2024-12-31 00:00:00+00:00, run_after=2025-01-01 00:00:00+00:00
[2025-01-01T10:29:04.572+0000] {processor.py:208} INFO - Processing /home/airflow/.local/lib/python3.12/site-packages/airflow/example_dags/tutorial.py took 0.957 seconds
[2025-01-01T10:29:35.306+0000] {processor.py:186} INFO - Started process (PID=1995) to work on /home/airflow/.local/lib/python3.12/site-packages/airflow/example_dags/tutorial.py
[2025-01-01T10:29:35.308+0000] {processor.py:914} INFO - Processing file /home/airflow/.local/lib/python3.12/site-packages/airflow/example_dags/tutorial.py for tasks to queue
[2025-01-01T10:29:35.312+0000] {logging_mixin.py:190} INFO - [2025-01-01T10:29:35.312+0000] {dagbag.py:588} INFO - Filling up the DagBag from /home/airflow/.local/lib/python3.12/site-packages/airflow/example_dags/tutorial.py
[2025-01-01T10:29:35.323+0000] {processor.py:925} INFO - DAG(s) 'tutorial' retrieved from /home/airflow/.local/lib/python3.12/site-packages/airflow/example_dags/tutorial.py
[2025-01-01T10:29:35.352+0000] {logging_mixin.py:190} INFO - [2025-01-01T10:29:35.352+0000] {dag.py:3239} INFO - Sync 1 DAGs
[2025-01-01T10:29:35.380+0000] {logging_mixin.py:190} INFO - [2025-01-01T10:29:35.380+0000] {dag.py:4180} INFO - Setting next_dagrun for tutorial to 2024-12-31 00:00:00+00:00, run_after=2025-01-01 00:00:00+00:00
[2025-01-01T10:29:35.413+0000] {processor.py:208} INFO - Processing /home/airflow/.local/lib/python3.12/site-packages/airflow/example_dags/tutorial.py took 0.114 seconds
[2025-01-01T10:30:22.025+0000] {processor.py:186} INFO - Started process (PID=2063) to work on /home/airflow/.local/lib/python3.12/site-packages/airflow/example_dags/tutorial.py
[2025-01-01T10:30:22.038+0000] {processor.py:914} INFO - Processing file /home/airflow/.local/lib/python3.12/site-packages/airflow/example_dags/tutorial.py for tasks to queue
[2025-01-01T10:30:22.078+0000] {logging_mixin.py:190} INFO - [2025-01-01T10:30:22.076+0000] {dagbag.py:588} INFO - Filling up the DagBag from /home/airflow/.local/lib/python3.12/site-packages/airflow/example_dags/tutorial.py
[2025-01-01T10:30:22.240+0000] {processor.py:925} INFO - DAG(s) 'tutorial' retrieved from /home/airflow/.local/lib/python3.12/site-packages/airflow/example_dags/tutorial.py
[2025-01-01T10:30:22.581+0000] {logging_mixin.py:190} INFO - [2025-01-01T10:30:22.580+0000] {dag.py:3239} INFO - Sync 1 DAGs
[2025-01-01T10:30:22.955+0000] {logging_mixin.py:190} INFO - [2025-01-01T10:30:22.954+0000] {dag.py:4180} INFO - Setting next_dagrun for tutorial to 2024-12-31 00:00:00+00:00, run_after=2025-01-01 00:00:00+00:00
[2025-01-01T10:30:23.207+0000] {processor.py:208} INFO - Processing /home/airflow/.local/lib/python3.12/site-packages/airflow/example_dags/tutorial.py took 1.298 seconds
[2025-01-01T10:30:54.045+0000] {processor.py:186} INFO - Started process (PID=2126) to work on /home/airflow/.local/lib/python3.12/site-packages/airflow/example_dags/tutorial.py
[2025-01-01T10:30:54.047+0000] {processor.py:914} INFO - Processing file /home/airflow/.local/lib/python3.12/site-packages/airflow/example_dags/tutorial.py for tasks to queue
[2025-01-01T10:30:54.051+0000] {logging_mixin.py:190} INFO - [2025-01-01T10:30:54.050+0000] {dagbag.py:588} INFO - Filling up the DagBag from /home/airflow/.local/lib/python3.12/site-packages/airflow/example_dags/tutorial.py
[2025-01-01T10:30:54.066+0000] {processor.py:925} INFO - DAG(s) 'tutorial' retrieved from /home/airflow/.local/lib/python3.12/site-packages/airflow/example_dags/tutorial.py
[2025-01-01T10:30:54.099+0000] {logging_mixin.py:190} INFO - [2025-01-01T10:30:54.099+0000] {dag.py:3239} INFO - Sync 1 DAGs
[2025-01-01T10:30:54.139+0000] {logging_mixin.py:190} INFO - [2025-01-01T10:30:54.138+0000] {dag.py:4180} INFO - Setting next_dagrun for tutorial to 2024-12-31 00:00:00+00:00, run_after=2025-01-01 00:00:00+00:00
[2025-01-01T10:30:54.175+0000] {processor.py:208} INFO - Processing /home/airflow/.local/lib/python3.12/site-packages/airflow/example_dags/tutorial.py took 0.141 seconds
[2025-01-01T10:31:31.899+0000] {processor.py:186} INFO - Started process (PID=2190) to work on /home/airflow/.local/lib/python3.12/site-packages/airflow/example_dags/tutorial.py
[2025-01-01T10:31:31.929+0000] {processor.py:914} INFO - Processing file /home/airflow/.local/lib/python3.12/site-packages/airflow/example_dags/tutorial.py for tasks to queue
[2025-01-01T10:31:31.999+0000] {logging_mixin.py:190} INFO - [2025-01-01T10:31:31.997+0000] {dagbag.py:588} INFO - Filling up the DagBag from /home/airflow/.local/lib/python3.12/site-packages/airflow/example_dags/tutorial.py
[2025-01-01T10:31:32.141+0000] {processor.py:925} INFO - DAG(s) 'tutorial' retrieved from /home/airflow/.local/lib/python3.12/site-packages/airflow/example_dags/tutorial.py
[2025-01-01T10:31:32.510+0000] {logging_mixin.py:190} INFO - [2025-01-01T10:31:32.504+0000] {dag.py:3239} INFO - Sync 1 DAGs
[2025-01-01T10:31:32.785+0000] {logging_mixin.py:190} INFO - [2025-01-01T10:31:32.783+0000] {dag.py:4180} INFO - Setting next_dagrun for tutorial to 2024-12-31 00:00:00+00:00, run_after=2025-01-01 00:00:00+00:00
[2025-01-01T10:31:33.035+0000] {processor.py:208} INFO - Processing /home/airflow/.local/lib/python3.12/site-packages/airflow/example_dags/tutorial.py took 1.240 seconds
[2025-01-01T10:32:03.788+0000] {processor.py:186} INFO - Started process (PID=2253) to work on /home/airflow/.local/lib/python3.12/site-packages/airflow/example_dags/tutorial.py
[2025-01-01T10:32:03.794+0000] {processor.py:914} INFO - Processing file /home/airflow/.local/lib/python3.12/site-packages/airflow/example_dags/tutorial.py for tasks to queue
[2025-01-01T10:32:03.803+0000] {logging_mixin.py:190} INFO - [2025-01-01T10:32:03.802+0000] {dagbag.py:588} INFO - Filling up the DagBag from /home/airflow/.local/lib/python3.12/site-packages/airflow/example_dags/tutorial.py
[2025-01-01T10:32:03.862+0000] {processor.py:925} INFO - DAG(s) 'tutorial' retrieved from /home/airflow/.local/lib/python3.12/site-packages/airflow/example_dags/tutorial.py
[2025-01-01T10:32:04.078+0000] {logging_mixin.py:190} INFO - [2025-01-01T10:32:04.076+0000] {dag.py:3239} INFO - Sync 1 DAGs
[2025-01-01T10:32:04.302+0000] {logging_mixin.py:190} INFO - [2025-01-01T10:32:04.301+0000] {dag.py:4180} INFO - Setting next_dagrun for tutorial to 2024-12-31 00:00:00+00:00, run_after=2025-01-01 00:00:00+00:00
[2025-01-01T10:32:04.403+0000] {processor.py:208} INFO - Processing /home/airflow/.local/lib/python3.12/site-packages/airflow/example_dags/tutorial.py took 0.650 seconds
[2025-01-01T10:32:34.749+0000] {processor.py:186} INFO - Started process (PID=2316) to work on /home/airflow/.local/lib/python3.12/site-packages/airflow/example_dags/tutorial.py
[2025-01-01T10:32:34.753+0000] {processor.py:914} INFO - Processing file /home/airflow/.local/lib/python3.12/site-packages/airflow/example_dags/tutorial.py for tasks to queue
[2025-01-01T10:32:34.765+0000] {logging_mixin.py:190} INFO - [2025-01-01T10:32:34.764+0000] {dagbag.py:588} INFO - Filling up the DagBag from /home/airflow/.local/lib/python3.12/site-packages/airflow/example_dags/tutorial.py
[2025-01-01T10:32:34.820+0000] {processor.py:925} INFO - DAG(s) 'tutorial' retrieved from /home/airflow/.local/lib/python3.12/site-packages/airflow/example_dags/tutorial.py
[2025-01-01T10:32:34.931+0000] {logging_mixin.py:190} INFO - [2025-01-01T10:32:34.930+0000] {dag.py:3239} INFO - Sync 1 DAGs
[2025-01-01T10:32:35.045+0000] {logging_mixin.py:190} INFO - [2025-01-01T10:32:35.044+0000] {dag.py:4180} INFO - Setting next_dagrun for tutorial to 2024-12-31 00:00:00+00:00, run_after=2025-01-01 00:00:00+00:00
[2025-01-01T10:32:35.122+0000] {processor.py:208} INFO - Processing /home/airflow/.local/lib/python3.12/site-packages/airflow/example_dags/tutorial.py took 0.405 seconds
[2025-01-01T10:33:05.650+0000] {processor.py:186} INFO - Started process (PID=2380) to work on /home/airflow/.local/lib/python3.12/site-packages/airflow/example_dags/tutorial.py
[2025-01-01T10:33:05.651+0000] {processor.py:914} INFO - Processing file /home/airflow/.local/lib/python3.12/site-packages/airflow/example_dags/tutorial.py for tasks to queue
[2025-01-01T10:33:05.656+0000] {logging_mixin.py:190} INFO - [2025-01-01T10:33:05.656+0000] {dagbag.py:588} INFO - Filling up the DagBag from /home/airflow/.local/lib/python3.12/site-packages/airflow/example_dags/tutorial.py
[2025-01-01T10:33:05.668+0000] {processor.py:925} INFO - DAG(s) 'tutorial' retrieved from /home/airflow/.local/lib/python3.12/site-packages/airflow/example_dags/tutorial.py
[2025-01-01T10:33:05.696+0000] {logging_mixin.py:190} INFO - [2025-01-01T10:33:05.696+0000] {dag.py:3239} INFO - Sync 1 DAGs
[2025-01-01T10:33:05.730+0000] {logging_mixin.py:190} INFO - [2025-01-01T10:33:05.730+0000] {dag.py:4180} INFO - Setting next_dagrun for tutorial to 2024-12-31 00:00:00+00:00, run_after=2025-01-01 00:00:00+00:00
[2025-01-01T10:33:05.758+0000] {processor.py:208} INFO - Processing /home/airflow/.local/lib/python3.12/site-packages/airflow/example_dags/tutorial.py took 0.117 seconds
[2025-01-01T10:33:36.019+0000] {processor.py:186} INFO - Started process (PID=2444) to work on /home/airflow/.local/lib/python3.12/site-packages/airflow/example_dags/tutorial.py
[2025-01-01T10:33:36.022+0000] {processor.py:914} INFO - Processing file /home/airflow/.local/lib/python3.12/site-packages/airflow/example_dags/tutorial.py for tasks to queue
[2025-01-01T10:33:36.033+0000] {logging_mixin.py:190} INFO - [2025-01-01T10:33:36.031+0000] {dagbag.py:588} INFO - Filling up the DagBag from /home/airflow/.local/lib/python3.12/site-packages/airflow/example_dags/tutorial.py
[2025-01-01T10:33:36.065+0000] {processor.py:925} INFO - DAG(s) 'tutorial' retrieved from /home/airflow/.local/lib/python3.12/site-packages/airflow/example_dags/tutorial.py
[2025-01-01T10:33:36.133+0000] {logging_mixin.py:190} INFO - [2025-01-01T10:33:36.132+0000] {dag.py:3239} INFO - Sync 1 DAGs
[2025-01-01T10:33:36.213+0000] {logging_mixin.py:190} INFO - [2025-01-01T10:33:36.213+0000] {dag.py:4180} INFO - Setting next_dagrun for tutorial to 2024-12-31 00:00:00+00:00, run_after=2025-01-01 00:00:00+00:00
[2025-01-01T10:33:36.287+0000] {processor.py:208} INFO - Processing /home/airflow/.local/lib/python3.12/site-packages/airflow/example_dags/tutorial.py took 0.298 seconds
[2025-01-01T10:34:06.505+0000] {processor.py:186} INFO - Started process (PID=2507) to work on /home/airflow/.local/lib/python3.12/site-packages/airflow/example_dags/tutorial.py
[2025-01-01T10:34:06.507+0000] {processor.py:914} INFO - Processing file /home/airflow/.local/lib/python3.12/site-packages/airflow/example_dags/tutorial.py for tasks to queue
[2025-01-01T10:34:06.511+0000] {logging_mixin.py:190} INFO - [2025-01-01T10:34:06.510+0000] {dagbag.py:588} INFO - Filling up the DagBag from /home/airflow/.local/lib/python3.12/site-packages/airflow/example_dags/tutorial.py
[2025-01-01T10:34:06.522+0000] {processor.py:925} INFO - DAG(s) 'tutorial' retrieved from /home/airflow/.local/lib/python3.12/site-packages/airflow/example_dags/tutorial.py
[2025-01-01T10:34:06.545+0000] {logging_mixin.py:190} INFO - [2025-01-01T10:34:06.544+0000] {dag.py:3239} INFO - Sync 1 DAGs
[2025-01-01T10:34:06.577+0000] {logging_mixin.py:190} INFO - [2025-01-01T10:34:06.576+0000] {dag.py:4180} INFO - Setting next_dagrun for tutorial to 2024-12-31 00:00:00+00:00, run_after=2025-01-01 00:00:00+00:00
[2025-01-01T10:34:06.605+0000] {processor.py:208} INFO - Processing /home/airflow/.local/lib/python3.12/site-packages/airflow/example_dags/tutorial.py took 0.112 seconds
[2025-01-01T10:34:37.124+0000] {processor.py:186} INFO - Started process (PID=2569) to work on /home/airflow/.local/lib/python3.12/site-packages/airflow/example_dags/tutorial.py
[2025-01-01T10:34:37.126+0000] {processor.py:914} INFO - Processing file /home/airflow/.local/lib/python3.12/site-packages/airflow/example_dags/tutorial.py for tasks to queue
[2025-01-01T10:34:37.129+0000] {logging_mixin.py:190} INFO - [2025-01-01T10:34:37.129+0000] {dagbag.py:588} INFO - Filling up the DagBag from /home/airflow/.local/lib/python3.12/site-packages/airflow/example_dags/tutorial.py
[2025-01-01T10:34:37.138+0000] {processor.py:925} INFO - DAG(s) 'tutorial' retrieved from /home/airflow/.local/lib/python3.12/site-packages/airflow/example_dags/tutorial.py
[2025-01-01T10:34:37.163+0000] {logging_mixin.py:190} INFO - [2025-01-01T10:34:37.162+0000] {dag.py:3239} INFO - Sync 1 DAGs
[2025-01-01T10:34:37.192+0000] {logging_mixin.py:190} INFO - [2025-01-01T10:34:37.191+0000] {dag.py:4180} INFO - Setting next_dagrun for tutorial to 2024-12-31 00:00:00+00:00, run_after=2025-01-01 00:00:00+00:00
[2025-01-01T10:34:37.227+0000] {processor.py:208} INFO - Processing /home/airflow/.local/lib/python3.12/site-packages/airflow/example_dags/tutorial.py took 0.113 seconds
[2025-01-01T10:35:07.914+0000] {processor.py:186} INFO - Started process (PID=2631) to work on /home/airflow/.local/lib/python3.12/site-packages/airflow/example_dags/tutorial.py
[2025-01-01T10:35:07.916+0000] {processor.py:914} INFO - Processing file /home/airflow/.local/lib/python3.12/site-packages/airflow/example_dags/tutorial.py for tasks to queue
[2025-01-01T10:35:07.922+0000] {logging_mixin.py:190} INFO - [2025-01-01T10:35:07.921+0000] {dagbag.py:588} INFO - Filling up the DagBag from /home/airflow/.local/lib/python3.12/site-packages/airflow/example_dags/tutorial.py
[2025-01-01T10:35:07.935+0000] {processor.py:925} INFO - DAG(s) 'tutorial' retrieved from /home/airflow/.local/lib/python3.12/site-packages/airflow/example_dags/tutorial.py
[2025-01-01T10:35:08.019+0000] {logging_mixin.py:190} INFO - [2025-01-01T10:35:08.018+0000] {dag.py:3239} INFO - Sync 1 DAGs
[2025-01-01T10:35:08.136+0000] {logging_mixin.py:190} INFO - [2025-01-01T10:35:08.135+0000] {dag.py:4180} INFO - Setting next_dagrun for tutorial to 2024-12-31 00:00:00+00:00, run_after=2025-01-01 00:00:00+00:00
[2025-01-01T10:35:08.218+0000] {processor.py:208} INFO - Processing /home/airflow/.local/lib/python3.12/site-packages/airflow/example_dags/tutorial.py took 0.322 seconds
[2025-01-01T10:35:38.432+0000] {processor.py:186} INFO - Started process (PID=2693) to work on /home/airflow/.local/lib/python3.12/site-packages/airflow/example_dags/tutorial.py
[2025-01-01T10:35:38.442+0000] {processor.py:914} INFO - Processing file /home/airflow/.local/lib/python3.12/site-packages/airflow/example_dags/tutorial.py for tasks to queue
[2025-01-01T10:35:38.457+0000] {logging_mixin.py:190} INFO - [2025-01-01T10:35:38.456+0000] {dagbag.py:588} INFO - Filling up the DagBag from /home/airflow/.local/lib/python3.12/site-packages/airflow/example_dags/tutorial.py
[2025-01-01T10:35:38.515+0000] {processor.py:925} INFO - DAG(s) 'tutorial' retrieved from /home/airflow/.local/lib/python3.12/site-packages/airflow/example_dags/tutorial.py
[2025-01-01T10:35:38.672+0000] {logging_mixin.py:190} INFO - [2025-01-01T10:35:38.669+0000] {dag.py:3239} INFO - Sync 1 DAGs
[2025-01-01T10:35:38.810+0000] {logging_mixin.py:190} INFO - [2025-01-01T10:35:38.809+0000] {dag.py:4180} INFO - Setting next_dagrun for tutorial to 2024-12-31 00:00:00+00:00, run_after=2025-01-01 00:00:00+00:00
[2025-01-01T10:35:39.008+0000] {processor.py:208} INFO - Processing /home/airflow/.local/lib/python3.12/site-packages/airflow/example_dags/tutorial.py took 0.608 seconds
[2025-01-01T10:36:09.127+0000] {processor.py:186} INFO - Started process (PID=2756) to work on /home/airflow/.local/lib/python3.12/site-packages/airflow/example_dags/tutorial.py
[2025-01-01T10:36:09.130+0000] {processor.py:914} INFO - Processing file /home/airflow/.local/lib/python3.12/site-packages/airflow/example_dags/tutorial.py for tasks to queue
[2025-01-01T10:36:09.136+0000] {logging_mixin.py:190} INFO - [2025-01-01T10:36:09.135+0000] {dagbag.py:588} INFO - Filling up the DagBag from /home/airflow/.local/lib/python3.12/site-packages/airflow/example_dags/tutorial.py
[2025-01-01T10:36:09.155+0000] {processor.py:925} INFO - DAG(s) 'tutorial' retrieved from /home/airflow/.local/lib/python3.12/site-packages/airflow/example_dags/tutorial.py
[2025-01-01T10:36:09.195+0000] {logging_mixin.py:190} INFO - [2025-01-01T10:36:09.194+0000] {dag.py:3239} INFO - Sync 1 DAGs
[2025-01-01T10:36:09.245+0000] {logging_mixin.py:190} INFO - [2025-01-01T10:36:09.244+0000] {dag.py:4180} INFO - Setting next_dagrun for tutorial to 2024-12-31 00:00:00+00:00, run_after=2025-01-01 00:00:00+00:00
[2025-01-01T10:36:09.288+0000] {processor.py:208} INFO - Processing /home/airflow/.local/lib/python3.12/site-packages/airflow/example_dags/tutorial.py took 0.176 seconds
[2025-01-01T10:36:41.433+0000] {processor.py:186} INFO - Started process (PID=2819) to work on /home/airflow/.local/lib/python3.12/site-packages/airflow/example_dags/tutorial.py
[2025-01-01T10:36:41.438+0000] {processor.py:914} INFO - Processing file /home/airflow/.local/lib/python3.12/site-packages/airflow/example_dags/tutorial.py for tasks to queue
[2025-01-01T10:36:41.452+0000] {logging_mixin.py:190} INFO - [2025-01-01T10:36:41.451+0000] {dagbag.py:588} INFO - Filling up the DagBag from /home/airflow/.local/lib/python3.12/site-packages/airflow/example_dags/tutorial.py
[2025-01-01T10:36:41.524+0000] {processor.py:925} INFO - DAG(s) 'tutorial' retrieved from /home/airflow/.local/lib/python3.12/site-packages/airflow/example_dags/tutorial.py
[2025-01-01T10:36:41.558+0000] {logging_mixin.py:190} INFO - [2025-01-01T10:36:41.558+0000] {dag.py:3239} INFO - Sync 1 DAGs
[2025-01-01T10:36:41.641+0000] {logging_mixin.py:190} INFO - [2025-01-01T10:36:41.640+0000] {dag.py:4180} INFO - Setting next_dagrun for tutorial to 2024-12-31 00:00:00+00:00, run_after=2025-01-01 00:00:00+00:00
[2025-01-01T10:36:41.760+0000] {processor.py:208} INFO - Processing /home/airflow/.local/lib/python3.12/site-packages/airflow/example_dags/tutorial.py took 0.361 seconds
[2025-01-01T10:37:12.023+0000] {processor.py:186} INFO - Started process (PID=2882) to work on /home/airflow/.local/lib/python3.12/site-packages/airflow/example_dags/tutorial.py
[2025-01-01T10:37:12.025+0000] {processor.py:914} INFO - Processing file /home/airflow/.local/lib/python3.12/site-packages/airflow/example_dags/tutorial.py for tasks to queue
[2025-01-01T10:37:12.028+0000] {logging_mixin.py:190} INFO - [2025-01-01T10:37:12.028+0000] {dagbag.py:588} INFO - Filling up the DagBag from /home/airflow/.local/lib/python3.12/site-packages/airflow/example_dags/tutorial.py
[2025-01-01T10:37:12.041+0000] {processor.py:925} INFO - DAG(s) 'tutorial' retrieved from /home/airflow/.local/lib/python3.12/site-packages/airflow/example_dags/tutorial.py
[2025-01-01T10:37:12.073+0000] {logging_mixin.py:190} INFO - [2025-01-01T10:37:12.072+0000] {dag.py:3239} INFO - Sync 1 DAGs
[2025-01-01T10:37:12.105+0000] {logging_mixin.py:190} INFO - [2025-01-01T10:37:12.105+0000] {dag.py:4180} INFO - Setting next_dagrun for tutorial to 2024-12-31 00:00:00+00:00, run_after=2025-01-01 00:00:00+00:00
[2025-01-01T10:37:12.133+0000] {processor.py:208} INFO - Processing /home/airflow/.local/lib/python3.12/site-packages/airflow/example_dags/tutorial.py took 0.119 seconds
[2025-01-01T10:37:42.802+0000] {processor.py:186} INFO - Started process (PID=2945) to work on /home/airflow/.local/lib/python3.12/site-packages/airflow/example_dags/tutorial.py
[2025-01-01T10:37:42.804+0000] {processor.py:914} INFO - Processing file /home/airflow/.local/lib/python3.12/site-packages/airflow/example_dags/tutorial.py for tasks to queue
[2025-01-01T10:37:42.807+0000] {logging_mixin.py:190} INFO - [2025-01-01T10:37:42.807+0000] {dagbag.py:588} INFO - Filling up the DagBag from /home/airflow/.local/lib/python3.12/site-packages/airflow/example_dags/tutorial.py
[2025-01-01T10:37:42.816+0000] {processor.py:925} INFO - DAG(s) 'tutorial' retrieved from /home/airflow/.local/lib/python3.12/site-packages/airflow/example_dags/tutorial.py
[2025-01-01T10:37:42.839+0000] {logging_mixin.py:190} INFO - [2025-01-01T10:37:42.839+0000] {dag.py:3239} INFO - Sync 1 DAGs
[2025-01-01T10:37:42.879+0000] {logging_mixin.py:190} INFO - [2025-01-01T10:37:42.879+0000] {dag.py:4180} INFO - Setting next_dagrun for tutorial to 2024-12-31 00:00:00+00:00, run_after=2025-01-01 00:00:00+00:00
[2025-01-01T10:37:42.912+0000] {processor.py:208} INFO - Processing /home/airflow/.local/lib/python3.12/site-packages/airflow/example_dags/tutorial.py took 0.116 seconds
[2025-01-01T10:38:13.270+0000] {processor.py:186} INFO - Started process (PID=3008) to work on /home/airflow/.local/lib/python3.12/site-packages/airflow/example_dags/tutorial.py
[2025-01-01T10:38:13.271+0000] {processor.py:914} INFO - Processing file /home/airflow/.local/lib/python3.12/site-packages/airflow/example_dags/tutorial.py for tasks to queue
[2025-01-01T10:38:13.273+0000] {logging_mixin.py:190} INFO - [2025-01-01T10:38:13.273+0000] {dagbag.py:588} INFO - Filling up the DagBag from /home/airflow/.local/lib/python3.12/site-packages/airflow/example_dags/tutorial.py
[2025-01-01T10:38:13.280+0000] {processor.py:925} INFO - DAG(s) 'tutorial' retrieved from /home/airflow/.local/lib/python3.12/site-packages/airflow/example_dags/tutorial.py
[2025-01-01T10:38:13.299+0000] {logging_mixin.py:190} INFO - [2025-01-01T10:38:13.299+0000] {dag.py:3239} INFO - Sync 1 DAGs
[2025-01-01T10:38:13.320+0000] {logging_mixin.py:190} INFO - [2025-01-01T10:38:13.320+0000] {dag.py:4180} INFO - Setting next_dagrun for tutorial to 2024-12-31 00:00:00+00:00, run_after=2025-01-01 00:00:00+00:00
[2025-01-01T10:38:13.342+0000] {processor.py:208} INFO - Processing /home/airflow/.local/lib/python3.12/site-packages/airflow/example_dags/tutorial.py took 0.078 seconds
[2025-01-01T10:38:44.384+0000] {processor.py:186} INFO - Started process (PID=3071) to work on /home/airflow/.local/lib/python3.12/site-packages/airflow/example_dags/tutorial.py
[2025-01-01T10:38:44.386+0000] {processor.py:914} INFO - Processing file /home/airflow/.local/lib/python3.12/site-packages/airflow/example_dags/tutorial.py for tasks to queue
[2025-01-01T10:38:44.391+0000] {logging_mixin.py:190} INFO - [2025-01-01T10:38:44.390+0000] {dagbag.py:588} INFO - Filling up the DagBag from /home/airflow/.local/lib/python3.12/site-packages/airflow/example_dags/tutorial.py
[2025-01-01T10:38:44.406+0000] {processor.py:925} INFO - DAG(s) 'tutorial' retrieved from /home/airflow/.local/lib/python3.12/site-packages/airflow/example_dags/tutorial.py
[2025-01-01T10:38:44.439+0000] {logging_mixin.py:190} INFO - [2025-01-01T10:38:44.439+0000] {dag.py:3239} INFO - Sync 1 DAGs
[2025-01-01T10:38:44.476+0000] {logging_mixin.py:190} INFO - [2025-01-01T10:38:44.476+0000] {dag.py:4180} INFO - Setting next_dagrun for tutorial to 2024-12-31 00:00:00+00:00, run_after=2025-01-01 00:00:00+00:00
[2025-01-01T10:38:44.512+0000] {processor.py:208} INFO - Processing /home/airflow/.local/lib/python3.12/site-packages/airflow/example_dags/tutorial.py took 0.139 seconds
[2025-01-01T10:39:15.738+0000] {processor.py:186} INFO - Started process (PID=3134) to work on /home/airflow/.local/lib/python3.12/site-packages/airflow/example_dags/tutorial.py
[2025-01-01T10:39:15.741+0000] {processor.py:914} INFO - Processing file /home/airflow/.local/lib/python3.12/site-packages/airflow/example_dags/tutorial.py for tasks to queue
[2025-01-01T10:39:15.747+0000] {logging_mixin.py:190} INFO - [2025-01-01T10:39:15.747+0000] {dagbag.py:588} INFO - Filling up the DagBag from /home/airflow/.local/lib/python3.12/site-packages/airflow/example_dags/tutorial.py
[2025-01-01T10:39:15.773+0000] {processor.py:925} INFO - DAG(s) 'tutorial' retrieved from /home/airflow/.local/lib/python3.12/site-packages/airflow/example_dags/tutorial.py
[2025-01-01T10:39:15.851+0000] {logging_mixin.py:190} INFO - [2025-01-01T10:39:15.850+0000] {dag.py:3239} INFO - Sync 1 DAGs
[2025-01-01T10:39:15.931+0000] {logging_mixin.py:190} INFO - [2025-01-01T10:39:15.930+0000] {dag.py:4180} INFO - Setting next_dagrun for tutorial to 2024-12-31 00:00:00+00:00, run_after=2025-01-01 00:00:00+00:00
[2025-01-01T10:39:15.998+0000] {processor.py:208} INFO - Processing /home/airflow/.local/lib/python3.12/site-packages/airflow/example_dags/tutorial.py took 0.279 seconds
[2025-01-01T10:40:19.055+0000] {processor.py:186} INFO - Started process (PID=3202) to work on /home/airflow/.local/lib/python3.12/site-packages/airflow/example_dags/tutorial.py
[2025-01-01T10:40:19.059+0000] {processor.py:914} INFO - Processing file /home/airflow/.local/lib/python3.12/site-packages/airflow/example_dags/tutorial.py for tasks to queue
[2025-01-01T10:40:19.069+0000] {logging_mixin.py:190} INFO - [2025-01-01T10:40:19.067+0000] {dagbag.py:588} INFO - Filling up the DagBag from /home/airflow/.local/lib/python3.12/site-packages/airflow/example_dags/tutorial.py
[2025-01-01T10:40:19.102+0000] {processor.py:925} INFO - DAG(s) 'tutorial' retrieved from /home/airflow/.local/lib/python3.12/site-packages/airflow/example_dags/tutorial.py
[2025-01-01T10:40:19.171+0000] {logging_mixin.py:190} INFO - [2025-01-01T10:40:19.170+0000] {dag.py:3239} INFO - Sync 1 DAGs
[2025-01-01T10:40:19.278+0000] {logging_mixin.py:190} INFO - [2025-01-01T10:40:19.278+0000] {dag.py:4180} INFO - Setting next_dagrun for tutorial to 2024-12-31 00:00:00+00:00, run_after=2025-01-01 00:00:00+00:00
[2025-01-01T10:40:19.351+0000] {processor.py:208} INFO - Processing /home/airflow/.local/lib/python3.12/site-packages/airflow/example_dags/tutorial.py took 0.317 seconds
[2025-01-01T10:40:49.676+0000] {processor.py:186} INFO - Started process (PID=3265) to work on /home/airflow/.local/lib/python3.12/site-packages/airflow/example_dags/tutorial.py
[2025-01-01T10:40:49.678+0000] {processor.py:914} INFO - Processing file /home/airflow/.local/lib/python3.12/site-packages/airflow/example_dags/tutorial.py for tasks to queue
[2025-01-01T10:40:49.684+0000] {logging_mixin.py:190} INFO - [2025-01-01T10:40:49.684+0000] {dagbag.py:588} INFO - Filling up the DagBag from /home/airflow/.local/lib/python3.12/site-packages/airflow/example_dags/tutorial.py
[2025-01-01T10:40:49.704+0000] {processor.py:925} INFO - DAG(s) 'tutorial' retrieved from /home/airflow/.local/lib/python3.12/site-packages/airflow/example_dags/tutorial.py
[2025-01-01T10:40:50.105+0000] {logging_mixin.py:190} INFO - [2025-01-01T10:40:50.105+0000] {dag.py:3239} INFO - Sync 1 DAGs
[2025-01-01T10:40:50.170+0000] {logging_mixin.py:190} INFO - [2025-01-01T10:40:50.169+0000] {dag.py:4180} INFO - Setting next_dagrun for tutorial to 2024-12-31 00:00:00+00:00, run_after=2025-01-01 00:00:00+00:00
[2025-01-01T10:40:50.220+0000] {processor.py:208} INFO - Processing /home/airflow/.local/lib/python3.12/site-packages/airflow/example_dags/tutorial.py took 0.560 seconds
[2025-01-01T10:41:21.405+0000] {processor.py:186} INFO - Started process (PID=3327) to work on /home/airflow/.local/lib/python3.12/site-packages/airflow/example_dags/tutorial.py
[2025-01-01T10:41:21.410+0000] {processor.py:914} INFO - Processing file /home/airflow/.local/lib/python3.12/site-packages/airflow/example_dags/tutorial.py for tasks to queue
[2025-01-01T10:41:21.426+0000] {logging_mixin.py:190} INFO - [2025-01-01T10:41:21.424+0000] {dagbag.py:588} INFO - Filling up the DagBag from /home/airflow/.local/lib/python3.12/site-packages/airflow/example_dags/tutorial.py
[2025-01-01T10:41:21.472+0000] {processor.py:925} INFO - DAG(s) 'tutorial' retrieved from /home/airflow/.local/lib/python3.12/site-packages/airflow/example_dags/tutorial.py
[2025-01-01T10:41:21.568+0000] {logging_mixin.py:190} INFO - [2025-01-01T10:41:21.567+0000] {dag.py:3239} INFO - Sync 1 DAGs
[2025-01-01T10:41:21.685+0000] {logging_mixin.py:190} INFO - [2025-01-01T10:41:21.684+0000] {dag.py:4180} INFO - Setting next_dagrun for tutorial to 2024-12-31 00:00:00+00:00, run_after=2025-01-01 00:00:00+00:00
[2025-01-01T10:41:21.788+0000] {processor.py:208} INFO - Processing /home/airflow/.local/lib/python3.12/site-packages/airflow/example_dags/tutorial.py took 0.419 seconds
[2025-01-01T10:41:52.235+0000] {processor.py:186} INFO - Started process (PID=3390) to work on /home/airflow/.local/lib/python3.12/site-packages/airflow/example_dags/tutorial.py
[2025-01-01T10:41:52.238+0000] {processor.py:914} INFO - Processing file /home/airflow/.local/lib/python3.12/site-packages/airflow/example_dags/tutorial.py for tasks to queue
[2025-01-01T10:41:52.246+0000] {logging_mixin.py:190} INFO - [2025-01-01T10:41:52.245+0000] {dagbag.py:588} INFO - Filling up the DagBag from /home/airflow/.local/lib/python3.12/site-packages/airflow/example_dags/tutorial.py
[2025-01-01T10:41:52.268+0000] {processor.py:925} INFO - DAG(s) 'tutorial' retrieved from /home/airflow/.local/lib/python3.12/site-packages/airflow/example_dags/tutorial.py
[2025-01-01T10:41:52.324+0000] {logging_mixin.py:190} INFO - [2025-01-01T10:41:52.323+0000] {dag.py:3239} INFO - Sync 1 DAGs
[2025-01-01T10:41:52.392+0000] {logging_mixin.py:190} INFO - [2025-01-01T10:41:52.391+0000] {dag.py:4180} INFO - Setting next_dagrun for tutorial to 2024-12-31 00:00:00+00:00, run_after=2025-01-01 00:00:00+00:00
[2025-01-01T10:41:52.447+0000] {processor.py:208} INFO - Processing /home/airflow/.local/lib/python3.12/site-packages/airflow/example_dags/tutorial.py took 0.228 seconds
[2025-01-01T10:42:23.410+0000] {processor.py:186} INFO - Started process (PID=3454) to work on /home/airflow/.local/lib/python3.12/site-packages/airflow/example_dags/tutorial.py
[2025-01-01T10:42:23.414+0000] {processor.py:914} INFO - Processing file /home/airflow/.local/lib/python3.12/site-packages/airflow/example_dags/tutorial.py for tasks to queue
[2025-01-01T10:42:23.423+0000] {logging_mixin.py:190} INFO - [2025-01-01T10:42:23.422+0000] {dagbag.py:588} INFO - Filling up the DagBag from /home/airflow/.local/lib/python3.12/site-packages/airflow/example_dags/tutorial.py
[2025-01-01T10:42:23.451+0000] {processor.py:925} INFO - DAG(s) 'tutorial' retrieved from /home/airflow/.local/lib/python3.12/site-packages/airflow/example_dags/tutorial.py
[2025-01-01T10:42:23.516+0000] {logging_mixin.py:190} INFO - [2025-01-01T10:42:23.515+0000] {dag.py:3239} INFO - Sync 1 DAGs
[2025-01-01T10:42:23.592+0000] {logging_mixin.py:190} INFO - [2025-01-01T10:42:23.591+0000] {dag.py:4180} INFO - Setting next_dagrun for tutorial to 2024-12-31 00:00:00+00:00, run_after=2025-01-01 00:00:00+00:00
[2025-01-01T10:42:23.652+0000] {processor.py:208} INFO - Processing /home/airflow/.local/lib/python3.12/site-packages/airflow/example_dags/tutorial.py took 0.261 seconds
[2025-01-01T10:42:54.528+0000] {processor.py:186} INFO - Started process (PID=3517) to work on /home/airflow/.local/lib/python3.12/site-packages/airflow/example_dags/tutorial.py
[2025-01-01T10:42:54.535+0000] {processor.py:914} INFO - Processing file /home/airflow/.local/lib/python3.12/site-packages/airflow/example_dags/tutorial.py for tasks to queue
[2025-01-01T10:42:54.551+0000] {logging_mixin.py:190} INFO - [2025-01-01T10:42:54.549+0000] {dagbag.py:588} INFO - Filling up the DagBag from /home/airflow/.local/lib/python3.12/site-packages/airflow/example_dags/tutorial.py
[2025-01-01T10:42:54.607+0000] {processor.py:925} INFO - DAG(s) 'tutorial' retrieved from /home/airflow/.local/lib/python3.12/site-packages/airflow/example_dags/tutorial.py
[2025-01-01T10:42:54.716+0000] {logging_mixin.py:190} INFO - [2025-01-01T10:42:54.715+0000] {dag.py:3239} INFO - Sync 1 DAGs
[2025-01-01T10:42:54.883+0000] {logging_mixin.py:190} INFO - [2025-01-01T10:42:54.882+0000] {dag.py:4180} INFO - Setting next_dagrun for tutorial to 2024-12-31 00:00:00+00:00, run_after=2025-01-01 00:00:00+00:00
[2025-01-01T10:42:54.984+0000] {processor.py:208} INFO - Processing /home/airflow/.local/lib/python3.12/site-packages/airflow/example_dags/tutorial.py took 0.504 seconds
[2025-01-01T10:43:25.819+0000] {processor.py:186} INFO - Started process (PID=3579) to work on /home/airflow/.local/lib/python3.12/site-packages/airflow/example_dags/tutorial.py
[2025-01-01T10:43:25.820+0000] {processor.py:914} INFO - Processing file /home/airflow/.local/lib/python3.12/site-packages/airflow/example_dags/tutorial.py for tasks to queue
[2025-01-01T10:43:25.824+0000] {logging_mixin.py:190} INFO - [2025-01-01T10:43:25.824+0000] {dagbag.py:588} INFO - Filling up the DagBag from /home/airflow/.local/lib/python3.12/site-packages/airflow/example_dags/tutorial.py
[2025-01-01T10:43:25.834+0000] {processor.py:925} INFO - DAG(s) 'tutorial' retrieved from /home/airflow/.local/lib/python3.12/site-packages/airflow/example_dags/tutorial.py
[2025-01-01T10:43:25.859+0000] {logging_mixin.py:190} INFO - [2025-01-01T10:43:25.859+0000] {dag.py:3239} INFO - Sync 1 DAGs
[2025-01-01T10:43:25.887+0000] {logging_mixin.py:190} INFO - [2025-01-01T10:43:25.887+0000] {dag.py:4180} INFO - Setting next_dagrun for tutorial to 2024-12-31 00:00:00+00:00, run_after=2025-01-01 00:00:00+00:00
[2025-01-01T10:43:25.915+0000] {processor.py:208} INFO - Processing /home/airflow/.local/lib/python3.12/site-packages/airflow/example_dags/tutorial.py took 0.102 seconds
[2025-01-01T10:43:56.403+0000] {processor.py:186} INFO - Started process (PID=3641) to work on /home/airflow/.local/lib/python3.12/site-packages/airflow/example_dags/tutorial.py
[2025-01-01T10:43:56.404+0000] {processor.py:914} INFO - Processing file /home/airflow/.local/lib/python3.12/site-packages/airflow/example_dags/tutorial.py for tasks to queue
[2025-01-01T10:43:56.407+0000] {logging_mixin.py:190} INFO - [2025-01-01T10:43:56.407+0000] {dagbag.py:588} INFO - Filling up the DagBag from /home/airflow/.local/lib/python3.12/site-packages/airflow/example_dags/tutorial.py
[2025-01-01T10:43:56.416+0000] {processor.py:925} INFO - DAG(s) 'tutorial' retrieved from /home/airflow/.local/lib/python3.12/site-packages/airflow/example_dags/tutorial.py
[2025-01-01T10:43:56.439+0000] {logging_mixin.py:190} INFO - [2025-01-01T10:43:56.439+0000] {dag.py:3239} INFO - Sync 1 DAGs
[2025-01-01T10:43:56.464+0000] {logging_mixin.py:190} INFO - [2025-01-01T10:43:56.463+0000] {dag.py:4180} INFO - Setting next_dagrun for tutorial to 2024-12-31 00:00:00+00:00, run_after=2025-01-01 00:00:00+00:00
[2025-01-01T10:43:56.489+0000] {processor.py:208} INFO - Processing /home/airflow/.local/lib/python3.12/site-packages/airflow/example_dags/tutorial.py took 0.092 seconds
[2025-01-01T10:44:26.573+0000] {processor.py:186} INFO - Started process (PID=3704) to work on /home/airflow/.local/lib/python3.12/site-packages/airflow/example_dags/tutorial.py
[2025-01-01T10:44:26.576+0000] {processor.py:914} INFO - Processing file /home/airflow/.local/lib/python3.12/site-packages/airflow/example_dags/tutorial.py for tasks to queue
[2025-01-01T10:44:26.585+0000] {logging_mixin.py:190} INFO - [2025-01-01T10:44:26.584+0000] {dagbag.py:588} INFO - Filling up the DagBag from /home/airflow/.local/lib/python3.12/site-packages/airflow/example_dags/tutorial.py
[2025-01-01T10:44:26.613+0000] {processor.py:925} INFO - DAG(s) 'tutorial' retrieved from /home/airflow/.local/lib/python3.12/site-packages/airflow/example_dags/tutorial.py
[2025-01-01T10:44:26.695+0000] {logging_mixin.py:190} INFO - [2025-01-01T10:44:26.694+0000] {dag.py:3239} INFO - Sync 1 DAGs
[2025-01-01T10:44:26.794+0000] {logging_mixin.py:190} INFO - [2025-01-01T10:44:26.793+0000] {dag.py:4180} INFO - Setting next_dagrun for tutorial to 2024-12-31 00:00:00+00:00, run_after=2025-01-01 00:00:00+00:00
[2025-01-01T10:44:26.861+0000] {processor.py:208} INFO - Processing /home/airflow/.local/lib/python3.12/site-packages/airflow/example_dags/tutorial.py took 0.308 seconds
[2025-01-01T10:44:57.167+0000] {processor.py:186} INFO - Started process (PID=3766) to work on /home/airflow/.local/lib/python3.12/site-packages/airflow/example_dags/tutorial.py
[2025-01-01T10:44:57.170+0000] {processor.py:914} INFO - Processing file /home/airflow/.local/lib/python3.12/site-packages/airflow/example_dags/tutorial.py for tasks to queue
[2025-01-01T10:44:57.178+0000] {logging_mixin.py:190} INFO - [2025-01-01T10:44:57.177+0000] {dagbag.py:588} INFO - Filling up the DagBag from /home/airflow/.local/lib/python3.12/site-packages/airflow/example_dags/tutorial.py
[2025-01-01T10:44:57.203+0000] {processor.py:925} INFO - DAG(s) 'tutorial' retrieved from /home/airflow/.local/lib/python3.12/site-packages/airflow/example_dags/tutorial.py
[2025-01-01T10:44:57.272+0000] {logging_mixin.py:190} INFO - [2025-01-01T10:44:57.271+0000] {dag.py:3239} INFO - Sync 1 DAGs
[2025-01-01T10:44:57.353+0000] {logging_mixin.py:190} INFO - [2025-01-01T10:44:57.351+0000] {dag.py:4180} INFO - Setting next_dagrun for tutorial to 2024-12-31 00:00:00+00:00, run_after=2025-01-01 00:00:00+00:00
[2025-01-01T10:44:57.418+0000] {processor.py:208} INFO - Processing /home/airflow/.local/lib/python3.12/site-packages/airflow/example_dags/tutorial.py took 0.270 seconds
[2025-01-01T10:45:27.598+0000] {processor.py:186} INFO - Started process (PID=3829) to work on /home/airflow/.local/lib/python3.12/site-packages/airflow/example_dags/tutorial.py
[2025-01-01T10:45:27.600+0000] {processor.py:914} INFO - Processing file /home/airflow/.local/lib/python3.12/site-packages/airflow/example_dags/tutorial.py for tasks to queue
[2025-01-01T10:45:27.605+0000] {logging_mixin.py:190} INFO - [2025-01-01T10:45:27.604+0000] {dagbag.py:588} INFO - Filling up the DagBag from /home/airflow/.local/lib/python3.12/site-packages/airflow/example_dags/tutorial.py
[2025-01-01T10:45:27.620+0000] {processor.py:925} INFO - DAG(s) 'tutorial' retrieved from /home/airflow/.local/lib/python3.12/site-packages/airflow/example_dags/tutorial.py
[2025-01-01T10:45:27.656+0000] {logging_mixin.py:190} INFO - [2025-01-01T10:45:27.655+0000] {dag.py:3239} INFO - Sync 1 DAGs
[2025-01-01T10:45:27.695+0000] {logging_mixin.py:190} INFO - [2025-01-01T10:45:27.694+0000] {dag.py:4180} INFO - Setting next_dagrun for tutorial to 2024-12-31 00:00:00+00:00, run_after=2025-01-01 00:00:00+00:00
[2025-01-01T10:45:27.731+0000] {processor.py:208} INFO - Processing /home/airflow/.local/lib/python3.12/site-packages/airflow/example_dags/tutorial.py took 0.144 seconds
[2025-01-01T10:45:58.388+0000] {processor.py:186} INFO - Started process (PID=3891) to work on /home/airflow/.local/lib/python3.12/site-packages/airflow/example_dags/tutorial.py
[2025-01-01T10:45:58.390+0000] {processor.py:914} INFO - Processing file /home/airflow/.local/lib/python3.12/site-packages/airflow/example_dags/tutorial.py for tasks to queue
[2025-01-01T10:45:58.398+0000] {logging_mixin.py:190} INFO - [2025-01-01T10:45:58.397+0000] {dagbag.py:588} INFO - Filling up the DagBag from /home/airflow/.local/lib/python3.12/site-packages/airflow/example_dags/tutorial.py
[2025-01-01T10:45:58.440+0000] {processor.py:925} INFO - DAG(s) 'tutorial' retrieved from /home/airflow/.local/lib/python3.12/site-packages/airflow/example_dags/tutorial.py
[2025-01-01T10:45:58.490+0000] {logging_mixin.py:190} INFO - [2025-01-01T10:45:58.489+0000] {dag.py:3239} INFO - Sync 1 DAGs
[2025-01-01T10:45:58.545+0000] {logging_mixin.py:190} INFO - [2025-01-01T10:45:58.544+0000] {dag.py:4180} INFO - Setting next_dagrun for tutorial to 2024-12-31 00:00:00+00:00, run_after=2025-01-01 00:00:00+00:00
[2025-01-01T10:45:58.594+0000] {processor.py:208} INFO - Processing /home/airflow/.local/lib/python3.12/site-packages/airflow/example_dags/tutorial.py took 0.222 seconds
[2025-01-01T10:46:29.468+0000] {processor.py:186} INFO - Started process (PID=3954) to work on /home/airflow/.local/lib/python3.12/site-packages/airflow/example_dags/tutorial.py
[2025-01-01T10:46:29.470+0000] {processor.py:914} INFO - Processing file /home/airflow/.local/lib/python3.12/site-packages/airflow/example_dags/tutorial.py for tasks to queue
[2025-01-01T10:46:29.474+0000] {logging_mixin.py:190} INFO - [2025-01-01T10:46:29.474+0000] {dagbag.py:588} INFO - Filling up the DagBag from /home/airflow/.local/lib/python3.12/site-packages/airflow/example_dags/tutorial.py
[2025-01-01T10:46:29.489+0000] {processor.py:925} INFO - DAG(s) 'tutorial' retrieved from /home/airflow/.local/lib/python3.12/site-packages/airflow/example_dags/tutorial.py
[2025-01-01T10:46:29.523+0000] {logging_mixin.py:190} INFO - [2025-01-01T10:46:29.523+0000] {dag.py:3239} INFO - Sync 1 DAGs
[2025-01-01T10:46:29.568+0000] {logging_mixin.py:190} INFO - [2025-01-01T10:46:29.567+0000] {dag.py:4180} INFO - Setting next_dagrun for tutorial to 2024-12-31 00:00:00+00:00, run_after=2025-01-01 00:00:00+00:00
[2025-01-01T10:46:29.606+0000] {processor.py:208} INFO - Processing /home/airflow/.local/lib/python3.12/site-packages/airflow/example_dags/tutorial.py took 0.150 seconds
[2025-01-01T10:47:00.328+0000] {processor.py:186} INFO - Started process (PID=4017) to work on /home/airflow/.local/lib/python3.12/site-packages/airflow/example_dags/tutorial.py
[2025-01-01T10:47:00.329+0000] {processor.py:914} INFO - Processing file /home/airflow/.local/lib/python3.12/site-packages/airflow/example_dags/tutorial.py for tasks to queue
[2025-01-01T10:47:00.332+0000] {logging_mixin.py:190} INFO - [2025-01-01T10:47:00.331+0000] {dagbag.py:588} INFO - Filling up the DagBag from /home/airflow/.local/lib/python3.12/site-packages/airflow/example_dags/tutorial.py
[2025-01-01T10:47:00.340+0000] {processor.py:925} INFO - DAG(s) 'tutorial' retrieved from /home/airflow/.local/lib/python3.12/site-packages/airflow/example_dags/tutorial.py
[2025-01-01T10:47:00.361+0000] {logging_mixin.py:190} INFO - [2025-01-01T10:47:00.361+0000] {dag.py:3239} INFO - Sync 1 DAGs
[2025-01-01T10:47:00.383+0000] {logging_mixin.py:190} INFO - [2025-01-01T10:47:00.383+0000] {dag.py:4180} INFO - Setting next_dagrun for tutorial to 2024-12-31 00:00:00+00:00, run_after=2025-01-01 00:00:00+00:00
[2025-01-01T10:47:00.406+0000] {processor.py:208} INFO - Processing /home/airflow/.local/lib/python3.12/site-packages/airflow/example_dags/tutorial.py took 0.083 seconds
[2025-01-01T10:47:30.985+0000] {processor.py:186} INFO - Started process (PID=4080) to work on /home/airflow/.local/lib/python3.12/site-packages/airflow/example_dags/tutorial.py
[2025-01-01T10:47:30.988+0000] {processor.py:914} INFO - Processing file /home/airflow/.local/lib/python3.12/site-packages/airflow/example_dags/tutorial.py for tasks to queue
[2025-01-01T10:47:30.996+0000] {logging_mixin.py:190} INFO - [2025-01-01T10:47:30.995+0000] {dagbag.py:588} INFO - Filling up the DagBag from /home/airflow/.local/lib/python3.12/site-packages/airflow/example_dags/tutorial.py
[2025-01-01T10:47:31.020+0000] {processor.py:925} INFO - DAG(s) 'tutorial' retrieved from /home/airflow/.local/lib/python3.12/site-packages/airflow/example_dags/tutorial.py
[2025-01-01T10:47:31.077+0000] {logging_mixin.py:190} INFO - [2025-01-01T10:47:31.076+0000] {dag.py:3239} INFO - Sync 1 DAGs
[2025-01-01T10:47:31.159+0000] {logging_mixin.py:190} INFO - [2025-01-01T10:47:31.158+0000] {dag.py:4180} INFO - Setting next_dagrun for tutorial to 2024-12-31 00:00:00+00:00, run_after=2025-01-01 00:00:00+00:00
[2025-01-01T10:47:31.217+0000] {processor.py:208} INFO - Processing /home/airflow/.local/lib/python3.12/site-packages/airflow/example_dags/tutorial.py took 0.250 seconds
[2025-01-01T10:48:01.350+0000] {processor.py:186} INFO - Started process (PID=4143) to work on /home/airflow/.local/lib/python3.12/site-packages/airflow/example_dags/tutorial.py
[2025-01-01T10:48:01.352+0000] {processor.py:914} INFO - Processing file /home/airflow/.local/lib/python3.12/site-packages/airflow/example_dags/tutorial.py for tasks to queue
[2025-01-01T10:48:01.355+0000] {logging_mixin.py:190} INFO - [2025-01-01T10:48:01.355+0000] {dagbag.py:588} INFO - Filling up the DagBag from /home/airflow/.local/lib/python3.12/site-packages/airflow/example_dags/tutorial.py
[2025-01-01T10:48:01.364+0000] {processor.py:925} INFO - DAG(s) 'tutorial' retrieved from /home/airflow/.local/lib/python3.12/site-packages/airflow/example_dags/tutorial.py
[2025-01-01T10:48:01.387+0000] {logging_mixin.py:190} INFO - [2025-01-01T10:48:01.387+0000] {dag.py:3239} INFO - Sync 1 DAGs
[2025-01-01T10:48:01.412+0000] {logging_mixin.py:190} INFO - [2025-01-01T10:48:01.412+0000] {dag.py:4180} INFO - Setting next_dagrun for tutorial to 2024-12-31 00:00:00+00:00, run_after=2025-01-01 00:00:00+00:00
[2025-01-01T10:48:01.438+0000] {processor.py:208} INFO - Processing /home/airflow/.local/lib/python3.12/site-packages/airflow/example_dags/tutorial.py took 0.094 seconds
[2025-01-01T10:48:31.548+0000] {processor.py:186} INFO - Started process (PID=4206) to work on /home/airflow/.local/lib/python3.12/site-packages/airflow/example_dags/tutorial.py
[2025-01-01T10:48:31.550+0000] {processor.py:914} INFO - Processing file /home/airflow/.local/lib/python3.12/site-packages/airflow/example_dags/tutorial.py for tasks to queue
[2025-01-01T10:48:31.553+0000] {logging_mixin.py:190} INFO - [2025-01-01T10:48:31.553+0000] {dagbag.py:588} INFO - Filling up the DagBag from /home/airflow/.local/lib/python3.12/site-packages/airflow/example_dags/tutorial.py
[2025-01-01T10:48:31.562+0000] {processor.py:925} INFO - DAG(s) 'tutorial' retrieved from /home/airflow/.local/lib/python3.12/site-packages/airflow/example_dags/tutorial.py
[2025-01-01T10:48:31.586+0000] {logging_mixin.py:190} INFO - [2025-01-01T10:48:31.585+0000] {dag.py:3239} INFO - Sync 1 DAGs
[2025-01-01T10:48:31.610+0000] {logging_mixin.py:190} INFO - [2025-01-01T10:48:31.610+0000] {dag.py:4180} INFO - Setting next_dagrun for tutorial to 2024-12-31 00:00:00+00:00, run_after=2025-01-01 00:00:00+00:00
[2025-01-01T10:48:31.636+0000] {processor.py:208} INFO - Processing /home/airflow/.local/lib/python3.12/site-packages/airflow/example_dags/tutorial.py took 0.093 seconds
[2025-01-01T10:49:01.851+0000] {processor.py:186} INFO - Started process (PID=4269) to work on /home/airflow/.local/lib/python3.12/site-packages/airflow/example_dags/tutorial.py
[2025-01-01T10:49:01.855+0000] {processor.py:914} INFO - Processing file /home/airflow/.local/lib/python3.12/site-packages/airflow/example_dags/tutorial.py for tasks to queue
[2025-01-01T10:49:01.863+0000] {logging_mixin.py:190} INFO - [2025-01-01T10:49:01.862+0000] {dagbag.py:588} INFO - Filling up the DagBag from /home/airflow/.local/lib/python3.12/site-packages/airflow/example_dags/tutorial.py
[2025-01-01T10:49:01.898+0000] {processor.py:925} INFO - DAG(s) 'tutorial' retrieved from /home/airflow/.local/lib/python3.12/site-packages/airflow/example_dags/tutorial.py
[2025-01-01T10:49:01.974+0000] {logging_mixin.py:190} INFO - [2025-01-01T10:49:01.973+0000] {dag.py:3239} INFO - Sync 1 DAGs
[2025-01-01T10:49:02.056+0000] {logging_mixin.py:190} INFO - [2025-01-01T10:49:02.056+0000] {dag.py:4180} INFO - Setting next_dagrun for tutorial to 2024-12-31 00:00:00+00:00, run_after=2025-01-01 00:00:00+00:00
[2025-01-01T10:49:02.126+0000] {processor.py:208} INFO - Processing /home/airflow/.local/lib/python3.12/site-packages/airflow/example_dags/tutorial.py took 0.298 seconds
[2025-01-01T10:49:32.307+0000] {processor.py:186} INFO - Started process (PID=4331) to work on /home/airflow/.local/lib/python3.12/site-packages/airflow/example_dags/tutorial.py
[2025-01-01T10:49:32.309+0000] {processor.py:914} INFO - Processing file /home/airflow/.local/lib/python3.12/site-packages/airflow/example_dags/tutorial.py for tasks to queue
[2025-01-01T10:49:32.314+0000] {logging_mixin.py:190} INFO - [2025-01-01T10:49:32.313+0000] {dagbag.py:588} INFO - Filling up the DagBag from /home/airflow/.local/lib/python3.12/site-packages/airflow/example_dags/tutorial.py
[2025-01-01T10:49:32.329+0000] {processor.py:925} INFO - DAG(s) 'tutorial' retrieved from /home/airflow/.local/lib/python3.12/site-packages/airflow/example_dags/tutorial.py
[2025-01-01T10:49:32.363+0000] {logging_mixin.py:190} INFO - [2025-01-01T10:49:32.363+0000] {dag.py:3239} INFO - Sync 1 DAGs
[2025-01-01T10:49:32.411+0000] {logging_mixin.py:190} INFO - [2025-01-01T10:49:32.411+0000] {dag.py:4180} INFO - Setting next_dagrun for tutorial to 2024-12-31 00:00:00+00:00, run_after=2025-01-01 00:00:00+00:00
[2025-01-01T10:49:32.454+0000] {processor.py:208} INFO - Processing /home/airflow/.local/lib/python3.12/site-packages/airflow/example_dags/tutorial.py took 0.158 seconds
[2025-01-01T10:50:02.644+0000] {processor.py:186} INFO - Started process (PID=4393) to work on /home/airflow/.local/lib/python3.12/site-packages/airflow/example_dags/tutorial.py
[2025-01-01T10:50:02.646+0000] {processor.py:914} INFO - Processing file /home/airflow/.local/lib/python3.12/site-packages/airflow/example_dags/tutorial.py for tasks to queue
[2025-01-01T10:50:02.652+0000] {logging_mixin.py:190} INFO - [2025-01-01T10:50:02.651+0000] {dagbag.py:588} INFO - Filling up the DagBag from /home/airflow/.local/lib/python3.12/site-packages/airflow/example_dags/tutorial.py
[2025-01-01T10:50:02.675+0000] {processor.py:925} INFO - DAG(s) 'tutorial' retrieved from /home/airflow/.local/lib/python3.12/site-packages/airflow/example_dags/tutorial.py
[2025-01-01T10:50:02.716+0000] {logging_mixin.py:190} INFO - [2025-01-01T10:50:02.715+0000] {dag.py:3239} INFO - Sync 1 DAGs
[2025-01-01T10:50:02.772+0000] {logging_mixin.py:190} INFO - [2025-01-01T10:50:02.772+0000] {dag.py:4180} INFO - Setting next_dagrun for tutorial to 2024-12-31 00:00:00+00:00, run_after=2025-01-01 00:00:00+00:00
[2025-01-01T10:50:02.815+0000] {processor.py:208} INFO - Processing /home/airflow/.local/lib/python3.12/site-packages/airflow/example_dags/tutorial.py took 0.186 seconds
[2025-01-01T10:50:35.266+0000] {processor.py:186} INFO - Started process (PID=4456) to work on /home/airflow/.local/lib/python3.12/site-packages/airflow/example_dags/tutorial.py
[2025-01-01T10:50:35.273+0000] {processor.py:914} INFO - Processing file /home/airflow/.local/lib/python3.12/site-packages/airflow/example_dags/tutorial.py for tasks to queue
[2025-01-01T10:50:35.295+0000] {logging_mixin.py:190} INFO - [2025-01-01T10:50:35.291+0000] {dagbag.py:588} INFO - Filling up the DagBag from /home/airflow/.local/lib/python3.12/site-packages/airflow/example_dags/tutorial.py
[2025-01-01T10:50:35.378+0000] {processor.py:925} INFO - DAG(s) 'tutorial' retrieved from /home/airflow/.local/lib/python3.12/site-packages/airflow/example_dags/tutorial.py
[2025-01-01T10:50:35.588+0000] {logging_mixin.py:190} INFO - [2025-01-01T10:50:35.586+0000] {dag.py:3239} INFO - Sync 1 DAGs
[2025-01-01T10:50:35.849+0000] {logging_mixin.py:190} INFO - [2025-01-01T10:50:35.848+0000] {dag.py:4180} INFO - Setting next_dagrun for tutorial to 2024-12-31 00:00:00+00:00, run_after=2025-01-01 00:00:00+00:00
[2025-01-01T10:50:36.052+0000] {processor.py:208} INFO - Processing /home/airflow/.local/lib/python3.12/site-packages/airflow/example_dags/tutorial.py took 0.847 seconds
[2025-01-01T10:51:08.398+0000] {processor.py:186} INFO - Started process (PID=4520) to work on /home/airflow/.local/lib/python3.12/site-packages/airflow/example_dags/tutorial.py
[2025-01-01T10:51:08.400+0000] {processor.py:914} INFO - Processing file /home/airflow/.local/lib/python3.12/site-packages/airflow/example_dags/tutorial.py for tasks to queue
[2025-01-01T10:51:08.408+0000] {logging_mixin.py:190} INFO - [2025-01-01T10:51:08.407+0000] {dagbag.py:588} INFO - Filling up the DagBag from /home/airflow/.local/lib/python3.12/site-packages/airflow/example_dags/tutorial.py
[2025-01-01T10:51:08.440+0000] {processor.py:925} INFO - DAG(s) 'tutorial' retrieved from /home/airflow/.local/lib/python3.12/site-packages/airflow/example_dags/tutorial.py
[2025-01-01T10:51:08.507+0000] {logging_mixin.py:190} INFO - [2025-01-01T10:51:08.506+0000] {dag.py:3239} INFO - Sync 1 DAGs
[2025-01-01T10:51:08.578+0000] {logging_mixin.py:190} INFO - [2025-01-01T10:51:08.578+0000] {dag.py:4180} INFO - Setting next_dagrun for tutorial to 2024-12-31 00:00:00+00:00, run_after=2025-01-01 00:00:00+00:00
[2025-01-01T10:51:08.662+0000] {processor.py:208} INFO - Processing /home/airflow/.local/lib/python3.12/site-packages/airflow/example_dags/tutorial.py took 0.282 seconds
[2025-01-01T12:15:54.078+0000] {processor.py:186} INFO - Started process (PID=4585) to work on /home/airflow/.local/lib/python3.12/site-packages/airflow/example_dags/tutorial.py
[2025-01-01T12:15:54.080+0000] {processor.py:914} INFO - Processing file /home/airflow/.local/lib/python3.12/site-packages/airflow/example_dags/tutorial.py for tasks to queue
[2025-01-01T12:15:54.084+0000] {logging_mixin.py:190} INFO - [2025-01-01T12:15:54.083+0000] {dagbag.py:588} INFO - Filling up the DagBag from /home/airflow/.local/lib/python3.12/site-packages/airflow/example_dags/tutorial.py
[2025-01-01T12:15:54.095+0000] {processor.py:925} INFO - DAG(s) 'tutorial' retrieved from /home/airflow/.local/lib/python3.12/site-packages/airflow/example_dags/tutorial.py
[2025-01-01T12:15:54.130+0000] {logging_mixin.py:190} INFO - [2025-01-01T12:15:54.130+0000] {dag.py:3239} INFO - Sync 1 DAGs
[2025-01-01T12:15:54.224+0000] {logging_mixin.py:190} INFO - [2025-01-01T12:15:54.212+0000] {dag.py:4180} INFO - Setting next_dagrun for tutorial to 2024-12-31 00:00:00+00:00, run_after=2025-01-01 00:00:00+00:00
[2025-01-01T12:15:54.279+0000] {processor.py:208} INFO - Processing /home/airflow/.local/lib/python3.12/site-packages/airflow/example_dags/tutorial.py took 0.211 seconds
[2025-01-01T12:16:24.483+0000] {processor.py:186} INFO - Started process (PID=4648) to work on /home/airflow/.local/lib/python3.12/site-packages/airflow/example_dags/tutorial.py
[2025-01-01T12:16:24.484+0000] {processor.py:914} INFO - Processing file /home/airflow/.local/lib/python3.12/site-packages/airflow/example_dags/tutorial.py for tasks to queue
[2025-01-01T12:16:24.486+0000] {logging_mixin.py:190} INFO - [2025-01-01T12:16:24.486+0000] {dagbag.py:588} INFO - Filling up the DagBag from /home/airflow/.local/lib/python3.12/site-packages/airflow/example_dags/tutorial.py
[2025-01-01T12:16:24.493+0000] {processor.py:925} INFO - DAG(s) 'tutorial' retrieved from /home/airflow/.local/lib/python3.12/site-packages/airflow/example_dags/tutorial.py
[2025-01-01T12:16:24.508+0000] {logging_mixin.py:190} INFO - [2025-01-01T12:16:24.508+0000] {dag.py:3239} INFO - Sync 1 DAGs
[2025-01-01T12:16:24.526+0000] {logging_mixin.py:190} INFO - [2025-01-01T12:16:24.525+0000] {dag.py:4180} INFO - Setting next_dagrun for tutorial to 2024-12-31 00:00:00+00:00, run_after=2025-01-01 00:00:00+00:00
[2025-01-01T12:16:24.545+0000] {processor.py:208} INFO - Processing /home/airflow/.local/lib/python3.12/site-packages/airflow/example_dags/tutorial.py took 0.067 seconds
