[2025-01-01T10:08:57.988+0000] {processor.py:186} INFO - Started process (PID=231) to work on /home/airflow/.local/lib/python3.12/site-packages/airflow/example_dags/tutorial_taskflow_api_virtualenv.py
[2025-01-01T10:08:58.004+0000] {processor.py:914} INFO - Processing file /home/airflow/.local/lib/python3.12/site-packages/airflow/example_dags/tutorial_taskflow_api_virtualenv.py for tasks to queue
[2025-01-01T10:08:58.073+0000] {logging_mixin.py:190} INFO - [2025-01-01T10:08:58.051+0000] {dagbag.py:588} INFO - Filling up the DagBag from /home/airflow/.local/lib/python3.12/site-packages/airflow/example_dags/tutorial_taskflow_api_virtualenv.py
[2025-01-01T10:08:58.283+0000] {processor.py:925} INFO - DAG(s) 'tutorial_taskflow_api_virtualenv' retrieved from /home/airflow/.local/lib/python3.12/site-packages/airflow/example_dags/tutorial_taskflow_api_virtualenv.py
[2025-01-01T10:08:59.398+0000] {logging_mixin.py:190} INFO - [2025-01-01T10:08:59.391+0000] {override.py:1911} INFO - Created Permission View: can edit on DAG:tutorial_taskflow_api_virtualenv
[2025-01-01T10:08:59.485+0000] {logging_mixin.py:190} INFO - [2025-01-01T10:08:59.483+0000] {override.py:1911} INFO - Created Permission View: can delete on DAG:tutorial_taskflow_api_virtualenv
[2025-01-01T10:08:59.539+0000] {logging_mixin.py:190} INFO - [2025-01-01T10:08:59.537+0000] {override.py:1911} INFO - Created Permission View: can read on DAG:tutorial_taskflow_api_virtualenv
[2025-01-01T10:08:59.618+0000] {logging_mixin.py:190} INFO - [2025-01-01T10:08:59.616+0000] {override.py:1911} INFO - Created Permission View: can create on DAG Run:tutorial_taskflow_api_virtualenv
[2025-01-01T10:08:59.678+0000] {logging_mixin.py:190} INFO - [2025-01-01T10:08:59.677+0000] {override.py:1911} INFO - Created Permission View: menu access on DAG Run:tutorial_taskflow_api_virtualenv
[2025-01-01T10:08:59.772+0000] {logging_mixin.py:190} INFO - [2025-01-01T10:08:59.770+0000] {override.py:1911} INFO - Created Permission View: can delete on DAG Run:tutorial_taskflow_api_virtualenv
[2025-01-01T10:08:59.838+0000] {logging_mixin.py:190} INFO - [2025-01-01T10:08:59.836+0000] {override.py:1911} INFO - Created Permission View: can read on DAG Run:tutorial_taskflow_api_virtualenv
[2025-01-01T10:08:59.845+0000] {logging_mixin.py:190} INFO - [2025-01-01T10:08:59.843+0000] {dag.py:3239} INFO - Sync 1 DAGs
[2025-01-01T10:08:59.993+0000] {logging_mixin.py:190} INFO - [2025-01-01T10:08:59.991+0000] {dag.py:3262} INFO - Creating ORM DAG for tutorial_taskflow_api_virtualenv
[2025-01-01T10:09:00.000+0000] {logging_mixin.py:190} INFO - [2025-01-01T10:08:59.999+0000] {dag.py:4180} INFO - Setting next_dagrun for tutorial_taskflow_api_virtualenv to None, run_after=None
[2025-01-01T10:09:00.166+0000] {processor.py:208} INFO - Processing /home/airflow/.local/lib/python3.12/site-packages/airflow/example_dags/tutorial_taskflow_api_virtualenv.py took 2.278 seconds
[2025-01-01T10:10:02.286+0000] {processor.py:186} INFO - Started process (PID=300) to work on /home/airflow/.local/lib/python3.12/site-packages/airflow/example_dags/tutorial_taskflow_api_virtualenv.py
[2025-01-01T10:10:02.298+0000] {processor.py:914} INFO - Processing file /home/airflow/.local/lib/python3.12/site-packages/airflow/example_dags/tutorial_taskflow_api_virtualenv.py for tasks to queue
[2025-01-01T10:14:43.026+0000] {logging_mixin.py:190} INFO - [2025-01-01T10:14:43.026+0000] {dagbag.py:588} INFO - Filling up the DagBag from /home/airflow/.local/lib/python3.12/site-packages/airflow/example_dags/tutorial_taskflow_api_virtualenv.py
[2025-01-01T10:14:43.081+0000] {processor.py:925} INFO - DAG(s) 'tutorial_taskflow_api_virtualenv' retrieved from /home/airflow/.local/lib/python3.12/site-packages/airflow/example_dags/tutorial_taskflow_api_virtualenv.py
[2025-01-01T10:14:43.144+0000] {logging_mixin.py:190} INFO - [2025-01-01T10:14:43.143+0000] {dag.py:3239} INFO - Sync 1 DAGs
[2025-01-01T10:14:43.193+0000] {logging_mixin.py:190} INFO - [2025-01-01T10:14:43.193+0000] {dag.py:4180} INFO - Setting next_dagrun for tutorial_taskflow_api_virtualenv to None, run_after=None
[2025-01-01T10:14:43.259+0000] {processor.py:208} INFO - Processing /home/airflow/.local/lib/python3.12/site-packages/airflow/example_dags/tutorial_taskflow_api_virtualenv.py took 0.274 seconds
[2025-01-01T10:15:13.502+0000] {processor.py:186} INFO - Started process (PID=363) to work on /home/airflow/.local/lib/python3.12/site-packages/airflow/example_dags/tutorial_taskflow_api_virtualenv.py
[2025-01-01T10:15:13.504+0000] {processor.py:914} INFO - Processing file /home/airflow/.local/lib/python3.12/site-packages/airflow/example_dags/tutorial_taskflow_api_virtualenv.py for tasks to queue
[2025-01-01T10:15:13.508+0000] {logging_mixin.py:190} INFO - [2025-01-01T10:15:13.508+0000] {dagbag.py:588} INFO - Filling up the DagBag from /home/airflow/.local/lib/python3.12/site-packages/airflow/example_dags/tutorial_taskflow_api_virtualenv.py
[2025-01-01T10:15:13.528+0000] {processor.py:925} INFO - DAG(s) 'tutorial_taskflow_api_virtualenv' retrieved from /home/airflow/.local/lib/python3.12/site-packages/airflow/example_dags/tutorial_taskflow_api_virtualenv.py
[2025-01-01T10:15:13.560+0000] {logging_mixin.py:190} INFO - [2025-01-01T10:15:13.560+0000] {dag.py:3239} INFO - Sync 1 DAGs
[2025-01-01T10:15:13.582+0000] {logging_mixin.py:190} INFO - [2025-01-01T10:15:13.582+0000] {dag.py:4180} INFO - Setting next_dagrun for tutorial_taskflow_api_virtualenv to None, run_after=None
[2025-01-01T10:15:13.621+0000] {processor.py:208} INFO - Processing /home/airflow/.local/lib/python3.12/site-packages/airflow/example_dags/tutorial_taskflow_api_virtualenv.py took 0.129 seconds
[2025-01-01T10:15:44.059+0000] {processor.py:186} INFO - Started process (PID=426) to work on /home/airflow/.local/lib/python3.12/site-packages/airflow/example_dags/tutorial_taskflow_api_virtualenv.py
[2025-01-01T10:15:44.061+0000] {processor.py:914} INFO - Processing file /home/airflow/.local/lib/python3.12/site-packages/airflow/example_dags/tutorial_taskflow_api_virtualenv.py for tasks to queue
[2025-01-01T10:15:44.066+0000] {logging_mixin.py:190} INFO - [2025-01-01T10:15:44.064+0000] {dagbag.py:588} INFO - Filling up the DagBag from /home/airflow/.local/lib/python3.12/site-packages/airflow/example_dags/tutorial_taskflow_api_virtualenv.py
[2025-01-01T10:15:44.081+0000] {processor.py:925} INFO - DAG(s) 'tutorial_taskflow_api_virtualenv' retrieved from /home/airflow/.local/lib/python3.12/site-packages/airflow/example_dags/tutorial_taskflow_api_virtualenv.py
[2025-01-01T10:15:44.111+0000] {logging_mixin.py:190} INFO - [2025-01-01T10:15:44.109+0000] {dag.py:3239} INFO - Sync 1 DAGs
[2025-01-01T10:15:44.128+0000] {logging_mixin.py:190} INFO - [2025-01-01T10:15:44.128+0000] {dag.py:4180} INFO - Setting next_dagrun for tutorial_taskflow_api_virtualenv to None, run_after=None
[2025-01-01T10:15:44.156+0000] {processor.py:208} INFO - Processing /home/airflow/.local/lib/python3.12/site-packages/airflow/example_dags/tutorial_taskflow_api_virtualenv.py took 0.104 seconds
[2025-01-01T10:16:14.484+0000] {processor.py:186} INFO - Started process (PID=489) to work on /home/airflow/.local/lib/python3.12/site-packages/airflow/example_dags/tutorial_taskflow_api_virtualenv.py
[2025-01-01T10:16:14.486+0000] {processor.py:914} INFO - Processing file /home/airflow/.local/lib/python3.12/site-packages/airflow/example_dags/tutorial_taskflow_api_virtualenv.py for tasks to queue
[2025-01-01T10:16:14.500+0000] {logging_mixin.py:190} INFO - [2025-01-01T10:16:14.498+0000] {dagbag.py:588} INFO - Filling up the DagBag from /home/airflow/.local/lib/python3.12/site-packages/airflow/example_dags/tutorial_taskflow_api_virtualenv.py
[2025-01-01T10:16:14.625+0000] {processor.py:925} INFO - DAG(s) 'tutorial_taskflow_api_virtualenv' retrieved from /home/airflow/.local/lib/python3.12/site-packages/airflow/example_dags/tutorial_taskflow_api_virtualenv.py
[2025-01-01T10:16:14.747+0000] {logging_mixin.py:190} INFO - [2025-01-01T10:16:14.747+0000] {dag.py:3239} INFO - Sync 1 DAGs
[2025-01-01T10:16:14.774+0000] {logging_mixin.py:190} INFO - [2025-01-01T10:16:14.773+0000] {dag.py:4180} INFO - Setting next_dagrun for tutorial_taskflow_api_virtualenv to None, run_after=None
[2025-01-01T10:16:14.845+0000] {processor.py:208} INFO - Processing /home/airflow/.local/lib/python3.12/site-packages/airflow/example_dags/tutorial_taskflow_api_virtualenv.py took 0.420 seconds
[2025-01-01T10:16:45.145+0000] {processor.py:186} INFO - Started process (PID=552) to work on /home/airflow/.local/lib/python3.12/site-packages/airflow/example_dags/tutorial_taskflow_api_virtualenv.py
[2025-01-01T10:16:45.146+0000] {processor.py:914} INFO - Processing file /home/airflow/.local/lib/python3.12/site-packages/airflow/example_dags/tutorial_taskflow_api_virtualenv.py for tasks to queue
[2025-01-01T10:16:45.150+0000] {logging_mixin.py:190} INFO - [2025-01-01T10:16:45.149+0000] {dagbag.py:588} INFO - Filling up the DagBag from /home/airflow/.local/lib/python3.12/site-packages/airflow/example_dags/tutorial_taskflow_api_virtualenv.py
[2025-01-01T10:16:45.166+0000] {processor.py:925} INFO - DAG(s) 'tutorial_taskflow_api_virtualenv' retrieved from /home/airflow/.local/lib/python3.12/site-packages/airflow/example_dags/tutorial_taskflow_api_virtualenv.py
[2025-01-01T10:16:45.191+0000] {logging_mixin.py:190} INFO - [2025-01-01T10:16:45.191+0000] {dag.py:3239} INFO - Sync 1 DAGs
[2025-01-01T10:16:45.206+0000] {logging_mixin.py:190} INFO - [2025-01-01T10:16:45.206+0000] {dag.py:4180} INFO - Setting next_dagrun for tutorial_taskflow_api_virtualenv to None, run_after=None
[2025-01-01T10:16:45.231+0000] {processor.py:208} INFO - Processing /home/airflow/.local/lib/python3.12/site-packages/airflow/example_dags/tutorial_taskflow_api_virtualenv.py took 0.093 seconds
[2025-01-01T10:17:15.397+0000] {processor.py:186} INFO - Started process (PID=615) to work on /home/airflow/.local/lib/python3.12/site-packages/airflow/example_dags/tutorial_taskflow_api_virtualenv.py
[2025-01-01T10:17:15.399+0000] {processor.py:914} INFO - Processing file /home/airflow/.local/lib/python3.12/site-packages/airflow/example_dags/tutorial_taskflow_api_virtualenv.py for tasks to queue
[2025-01-01T10:17:15.402+0000] {logging_mixin.py:190} INFO - [2025-01-01T10:17:15.402+0000] {dagbag.py:588} INFO - Filling up the DagBag from /home/airflow/.local/lib/python3.12/site-packages/airflow/example_dags/tutorial_taskflow_api_virtualenv.py
[2025-01-01T10:17:15.419+0000] {processor.py:925} INFO - DAG(s) 'tutorial_taskflow_api_virtualenv' retrieved from /home/airflow/.local/lib/python3.12/site-packages/airflow/example_dags/tutorial_taskflow_api_virtualenv.py
[2025-01-01T10:17:15.447+0000] {logging_mixin.py:190} INFO - [2025-01-01T10:17:15.446+0000] {dag.py:3239} INFO - Sync 1 DAGs
[2025-01-01T10:17:15.464+0000] {logging_mixin.py:190} INFO - [2025-01-01T10:17:15.463+0000] {dag.py:4180} INFO - Setting next_dagrun for tutorial_taskflow_api_virtualenv to None, run_after=None
[2025-01-01T10:17:15.492+0000] {processor.py:208} INFO - Processing /home/airflow/.local/lib/python3.12/site-packages/airflow/example_dags/tutorial_taskflow_api_virtualenv.py took 0.103 seconds
[2025-01-01T10:17:45.783+0000] {processor.py:186} INFO - Started process (PID=678) to work on /home/airflow/.local/lib/python3.12/site-packages/airflow/example_dags/tutorial_taskflow_api_virtualenv.py
[2025-01-01T10:17:45.784+0000] {processor.py:914} INFO - Processing file /home/airflow/.local/lib/python3.12/site-packages/airflow/example_dags/tutorial_taskflow_api_virtualenv.py for tasks to queue
[2025-01-01T10:17:45.787+0000] {logging_mixin.py:190} INFO - [2025-01-01T10:17:45.787+0000] {dagbag.py:588} INFO - Filling up the DagBag from /home/airflow/.local/lib/python3.12/site-packages/airflow/example_dags/tutorial_taskflow_api_virtualenv.py
[2025-01-01T10:17:45.807+0000] {processor.py:925} INFO - DAG(s) 'tutorial_taskflow_api_virtualenv' retrieved from /home/airflow/.local/lib/python3.12/site-packages/airflow/example_dags/tutorial_taskflow_api_virtualenv.py
[2025-01-01T10:17:45.839+0000] {logging_mixin.py:190} INFO - [2025-01-01T10:17:45.839+0000] {dag.py:3239} INFO - Sync 1 DAGs
[2025-01-01T10:17:45.861+0000] {logging_mixin.py:190} INFO - [2025-01-01T10:17:45.861+0000] {dag.py:4180} INFO - Setting next_dagrun for tutorial_taskflow_api_virtualenv to None, run_after=None
[2025-01-01T10:17:45.896+0000] {processor.py:208} INFO - Processing /home/airflow/.local/lib/python3.12/site-packages/airflow/example_dags/tutorial_taskflow_api_virtualenv.py took 0.124 seconds
[2025-01-01T10:18:17.374+0000] {processor.py:186} INFO - Started process (PID=741) to work on /home/airflow/.local/lib/python3.12/site-packages/airflow/example_dags/tutorial_taskflow_api_virtualenv.py
[2025-01-01T10:18:17.377+0000] {processor.py:914} INFO - Processing file /home/airflow/.local/lib/python3.12/site-packages/airflow/example_dags/tutorial_taskflow_api_virtualenv.py for tasks to queue
[2025-01-01T10:18:17.386+0000] {logging_mixin.py:190} INFO - [2025-01-01T10:18:17.385+0000] {dagbag.py:588} INFO - Filling up the DagBag from /home/airflow/.local/lib/python3.12/site-packages/airflow/example_dags/tutorial_taskflow_api_virtualenv.py
[2025-01-01T10:18:17.432+0000] {processor.py:925} INFO - DAG(s) 'tutorial_taskflow_api_virtualenv' retrieved from /home/airflow/.local/lib/python3.12/site-packages/airflow/example_dags/tutorial_taskflow_api_virtualenv.py
[2025-01-01T10:18:17.504+0000] {logging_mixin.py:190} INFO - [2025-01-01T10:18:17.503+0000] {dag.py:3239} INFO - Sync 1 DAGs
[2025-01-01T10:18:17.564+0000] {logging_mixin.py:190} INFO - [2025-01-01T10:18:17.564+0000] {dag.py:4180} INFO - Setting next_dagrun for tutorial_taskflow_api_virtualenv to None, run_after=None
[2025-01-01T10:18:17.631+0000] {processor.py:208} INFO - Processing /home/airflow/.local/lib/python3.12/site-packages/airflow/example_dags/tutorial_taskflow_api_virtualenv.py took 0.280 seconds
[2025-01-01T10:18:53.948+0000] {processor.py:186} INFO - Started process (PID=810) to work on /home/airflow/.local/lib/python3.12/site-packages/airflow/example_dags/tutorial_taskflow_api_virtualenv.py
[2025-01-01T10:18:53.953+0000] {processor.py:914} INFO - Processing file /home/airflow/.local/lib/python3.12/site-packages/airflow/example_dags/tutorial_taskflow_api_virtualenv.py for tasks to queue
[2025-01-01T10:18:53.964+0000] {logging_mixin.py:190} INFO - [2025-01-01T10:18:53.963+0000] {dagbag.py:588} INFO - Filling up the DagBag from /home/airflow/.local/lib/python3.12/site-packages/airflow/example_dags/tutorial_taskflow_api_virtualenv.py
[2025-01-01T10:18:54.024+0000] {processor.py:925} INFO - DAG(s) 'tutorial_taskflow_api_virtualenv' retrieved from /home/airflow/.local/lib/python3.12/site-packages/airflow/example_dags/tutorial_taskflow_api_virtualenv.py
[2025-01-01T10:18:54.116+0000] {logging_mixin.py:190} INFO - [2025-01-01T10:18:54.115+0000] {dag.py:3239} INFO - Sync 1 DAGs
[2025-01-01T10:18:54.183+0000] {logging_mixin.py:190} INFO - [2025-01-01T10:18:54.182+0000] {dag.py:4180} INFO - Setting next_dagrun for tutorial_taskflow_api_virtualenv to None, run_after=None
[2025-01-01T10:18:54.258+0000] {processor.py:208} INFO - Processing /home/airflow/.local/lib/python3.12/site-packages/airflow/example_dags/tutorial_taskflow_api_virtualenv.py took 0.340 seconds
[2025-01-01T10:19:32.796+0000] {processor.py:186} INFO - Started process (PID=867) to work on /home/airflow/.local/lib/python3.12/site-packages/airflow/example_dags/tutorial_taskflow_api_virtualenv.py
[2025-01-01T10:19:32.800+0000] {processor.py:914} INFO - Processing file /home/airflow/.local/lib/python3.12/site-packages/airflow/example_dags/tutorial_taskflow_api_virtualenv.py for tasks to queue
[2025-01-01T10:19:32.808+0000] {logging_mixin.py:190} INFO - [2025-01-01T10:19:32.807+0000] {dagbag.py:588} INFO - Filling up the DagBag from /home/airflow/.local/lib/python3.12/site-packages/airflow/example_dags/tutorial_taskflow_api_virtualenv.py
[2025-01-01T10:19:32.854+0000] {processor.py:925} INFO - DAG(s) 'tutorial_taskflow_api_virtualenv' retrieved from /home/airflow/.local/lib/python3.12/site-packages/airflow/example_dags/tutorial_taskflow_api_virtualenv.py
[2025-01-01T10:19:32.929+0000] {logging_mixin.py:190} INFO - [2025-01-01T10:19:32.928+0000] {dag.py:3239} INFO - Sync 1 DAGs
[2025-01-01T10:19:32.995+0000] {logging_mixin.py:190} INFO - [2025-01-01T10:19:32.994+0000] {dag.py:4180} INFO - Setting next_dagrun for tutorial_taskflow_api_virtualenv to None, run_after=None
[2025-01-01T10:19:33.075+0000] {processor.py:208} INFO - Processing /home/airflow/.local/lib/python3.12/site-packages/airflow/example_dags/tutorial_taskflow_api_virtualenv.py took 0.302 seconds
[2025-01-01T10:20:03.706+0000] {processor.py:186} INFO - Started process (PID=930) to work on /home/airflow/.local/lib/python3.12/site-packages/airflow/example_dags/tutorial_taskflow_api_virtualenv.py
[2025-01-01T10:20:03.708+0000] {processor.py:914} INFO - Processing file /home/airflow/.local/lib/python3.12/site-packages/airflow/example_dags/tutorial_taskflow_api_virtualenv.py for tasks to queue
[2025-01-01T10:20:03.711+0000] {logging_mixin.py:190} INFO - [2025-01-01T10:20:03.711+0000] {dagbag.py:588} INFO - Filling up the DagBag from /home/airflow/.local/lib/python3.12/site-packages/airflow/example_dags/tutorial_taskflow_api_virtualenv.py
[2025-01-01T10:20:03.728+0000] {processor.py:925} INFO - DAG(s) 'tutorial_taskflow_api_virtualenv' retrieved from /home/airflow/.local/lib/python3.12/site-packages/airflow/example_dags/tutorial_taskflow_api_virtualenv.py
[2025-01-01T10:20:03.774+0000] {logging_mixin.py:190} INFO - [2025-01-01T10:20:03.773+0000] {dag.py:3239} INFO - Sync 1 DAGs
[2025-01-01T10:20:03.812+0000] {logging_mixin.py:190} INFO - [2025-01-01T10:20:03.812+0000] {dag.py:4180} INFO - Setting next_dagrun for tutorial_taskflow_api_virtualenv to None, run_after=None
[2025-01-01T10:20:03.849+0000] {processor.py:208} INFO - Processing /home/airflow/.local/lib/python3.12/site-packages/airflow/example_dags/tutorial_taskflow_api_virtualenv.py took 0.152 seconds
[2025-01-01T10:20:34.458+0000] {processor.py:186} INFO - Started process (PID=993) to work on /home/airflow/.local/lib/python3.12/site-packages/airflow/example_dags/tutorial_taskflow_api_virtualenv.py
[2025-01-01T10:20:34.460+0000] {processor.py:914} INFO - Processing file /home/airflow/.local/lib/python3.12/site-packages/airflow/example_dags/tutorial_taskflow_api_virtualenv.py for tasks to queue
[2025-01-01T10:20:34.463+0000] {logging_mixin.py:190} INFO - [2025-01-01T10:20:34.463+0000] {dagbag.py:588} INFO - Filling up the DagBag from /home/airflow/.local/lib/python3.12/site-packages/airflow/example_dags/tutorial_taskflow_api_virtualenv.py
[2025-01-01T10:20:34.479+0000] {processor.py:925} INFO - DAG(s) 'tutorial_taskflow_api_virtualenv' retrieved from /home/airflow/.local/lib/python3.12/site-packages/airflow/example_dags/tutorial_taskflow_api_virtualenv.py
[2025-01-01T10:20:34.507+0000] {logging_mixin.py:190} INFO - [2025-01-01T10:20:34.507+0000] {dag.py:3239} INFO - Sync 1 DAGs
[2025-01-01T10:20:34.527+0000] {logging_mixin.py:190} INFO - [2025-01-01T10:20:34.527+0000] {dag.py:4180} INFO - Setting next_dagrun for tutorial_taskflow_api_virtualenv to None, run_after=None
[2025-01-01T10:20:34.557+0000] {processor.py:208} INFO - Processing /home/airflow/.local/lib/python3.12/site-packages/airflow/example_dags/tutorial_taskflow_api_virtualenv.py took 0.107 seconds
[2025-01-01T10:21:04.969+0000] {processor.py:186} INFO - Started process (PID=1056) to work on /home/airflow/.local/lib/python3.12/site-packages/airflow/example_dags/tutorial_taskflow_api_virtualenv.py
[2025-01-01T10:21:04.971+0000] {processor.py:914} INFO - Processing file /home/airflow/.local/lib/python3.12/site-packages/airflow/example_dags/tutorial_taskflow_api_virtualenv.py for tasks to queue
[2025-01-01T10:21:04.975+0000] {logging_mixin.py:190} INFO - [2025-01-01T10:21:04.974+0000] {dagbag.py:588} INFO - Filling up the DagBag from /home/airflow/.local/lib/python3.12/site-packages/airflow/example_dags/tutorial_taskflow_api_virtualenv.py
[2025-01-01T10:21:04.989+0000] {processor.py:925} INFO - DAG(s) 'tutorial_taskflow_api_virtualenv' retrieved from /home/airflow/.local/lib/python3.12/site-packages/airflow/example_dags/tutorial_taskflow_api_virtualenv.py
[2025-01-01T10:21:05.014+0000] {logging_mixin.py:190} INFO - [2025-01-01T10:21:05.014+0000] {dag.py:3239} INFO - Sync 1 DAGs
[2025-01-01T10:21:05.032+0000] {logging_mixin.py:190} INFO - [2025-01-01T10:21:05.032+0000] {dag.py:4180} INFO - Setting next_dagrun for tutorial_taskflow_api_virtualenv to None, run_after=None
[2025-01-01T10:21:05.062+0000] {processor.py:208} INFO - Processing /home/airflow/.local/lib/python3.12/site-packages/airflow/example_dags/tutorial_taskflow_api_virtualenv.py took 0.100 seconds
[2025-01-01T10:21:35.544+0000] {processor.py:186} INFO - Started process (PID=1120) to work on /home/airflow/.local/lib/python3.12/site-packages/airflow/example_dags/tutorial_taskflow_api_virtualenv.py
[2025-01-01T10:21:35.547+0000] {processor.py:914} INFO - Processing file /home/airflow/.local/lib/python3.12/site-packages/airflow/example_dags/tutorial_taskflow_api_virtualenv.py for tasks to queue
[2025-01-01T10:21:35.558+0000] {logging_mixin.py:190} INFO - [2025-01-01T10:21:35.557+0000] {dagbag.py:588} INFO - Filling up the DagBag from /home/airflow/.local/lib/python3.12/site-packages/airflow/example_dags/tutorial_taskflow_api_virtualenv.py
[2025-01-01T10:21:35.610+0000] {processor.py:925} INFO - DAG(s) 'tutorial_taskflow_api_virtualenv' retrieved from /home/airflow/.local/lib/python3.12/site-packages/airflow/example_dags/tutorial_taskflow_api_virtualenv.py
[2025-01-01T10:21:35.692+0000] {logging_mixin.py:190} INFO - [2025-01-01T10:21:35.691+0000] {dag.py:3239} INFO - Sync 1 DAGs
[2025-01-01T10:21:35.746+0000] {logging_mixin.py:190} INFO - [2025-01-01T10:21:35.745+0000] {dag.py:4180} INFO - Setting next_dagrun for tutorial_taskflow_api_virtualenv to None, run_after=None
[2025-01-01T10:21:35.816+0000] {processor.py:208} INFO - Processing /home/airflow/.local/lib/python3.12/site-packages/airflow/example_dags/tutorial_taskflow_api_virtualenv.py took 0.298 seconds
[2025-01-01T10:22:06.558+0000] {processor.py:186} INFO - Started process (PID=1183) to work on /home/airflow/.local/lib/python3.12/site-packages/airflow/example_dags/tutorial_taskflow_api_virtualenv.py
[2025-01-01T10:22:06.559+0000] {processor.py:914} INFO - Processing file /home/airflow/.local/lib/python3.12/site-packages/airflow/example_dags/tutorial_taskflow_api_virtualenv.py for tasks to queue
[2025-01-01T10:22:06.563+0000] {logging_mixin.py:190} INFO - [2025-01-01T10:22:06.563+0000] {dagbag.py:588} INFO - Filling up the DagBag from /home/airflow/.local/lib/python3.12/site-packages/airflow/example_dags/tutorial_taskflow_api_virtualenv.py
[2025-01-01T10:22:06.578+0000] {processor.py:925} INFO - DAG(s) 'tutorial_taskflow_api_virtualenv' retrieved from /home/airflow/.local/lib/python3.12/site-packages/airflow/example_dags/tutorial_taskflow_api_virtualenv.py
[2025-01-01T10:22:06.612+0000] {logging_mixin.py:190} INFO - [2025-01-01T10:22:06.611+0000] {dag.py:3239} INFO - Sync 1 DAGs
[2025-01-01T10:22:06.631+0000] {logging_mixin.py:190} INFO - [2025-01-01T10:22:06.630+0000] {dag.py:4180} INFO - Setting next_dagrun for tutorial_taskflow_api_virtualenv to None, run_after=None
[2025-01-01T10:22:06.661+0000] {processor.py:208} INFO - Processing /home/airflow/.local/lib/python3.12/site-packages/airflow/example_dags/tutorial_taskflow_api_virtualenv.py took 0.110 seconds
[2025-01-01T10:22:37.317+0000] {processor.py:186} INFO - Started process (PID=1246) to work on /home/airflow/.local/lib/python3.12/site-packages/airflow/example_dags/tutorial_taskflow_api_virtualenv.py
[2025-01-01T10:22:37.320+0000] {processor.py:914} INFO - Processing file /home/airflow/.local/lib/python3.12/site-packages/airflow/example_dags/tutorial_taskflow_api_virtualenv.py for tasks to queue
[2025-01-01T10:22:37.327+0000] {logging_mixin.py:190} INFO - [2025-01-01T10:22:37.326+0000] {dagbag.py:588} INFO - Filling up the DagBag from /home/airflow/.local/lib/python3.12/site-packages/airflow/example_dags/tutorial_taskflow_api_virtualenv.py
[2025-01-01T10:22:37.363+0000] {processor.py:925} INFO - DAG(s) 'tutorial_taskflow_api_virtualenv' retrieved from /home/airflow/.local/lib/python3.12/site-packages/airflow/example_dags/tutorial_taskflow_api_virtualenv.py
[2025-01-01T10:22:37.416+0000] {logging_mixin.py:190} INFO - [2025-01-01T10:22:37.415+0000] {dag.py:3239} INFO - Sync 1 DAGs
[2025-01-01T10:22:37.455+0000] {logging_mixin.py:190} INFO - [2025-01-01T10:22:37.454+0000] {dag.py:4180} INFO - Setting next_dagrun for tutorial_taskflow_api_virtualenv to None, run_after=None
[2025-01-01T10:22:37.504+0000] {processor.py:208} INFO - Processing /home/airflow/.local/lib/python3.12/site-packages/airflow/example_dags/tutorial_taskflow_api_virtualenv.py took 0.208 seconds
[2025-01-01T10:23:08.776+0000] {processor.py:186} INFO - Started process (PID=1309) to work on /home/airflow/.local/lib/python3.12/site-packages/airflow/example_dags/tutorial_taskflow_api_virtualenv.py
[2025-01-01T10:23:08.778+0000] {processor.py:914} INFO - Processing file /home/airflow/.local/lib/python3.12/site-packages/airflow/example_dags/tutorial_taskflow_api_virtualenv.py for tasks to queue
[2025-01-01T10:23:08.781+0000] {logging_mixin.py:190} INFO - [2025-01-01T10:23:08.781+0000] {dagbag.py:588} INFO - Filling up the DagBag from /home/airflow/.local/lib/python3.12/site-packages/airflow/example_dags/tutorial_taskflow_api_virtualenv.py
[2025-01-01T10:23:08.795+0000] {processor.py:925} INFO - DAG(s) 'tutorial_taskflow_api_virtualenv' retrieved from /home/airflow/.local/lib/python3.12/site-packages/airflow/example_dags/tutorial_taskflow_api_virtualenv.py
[2025-01-01T10:23:08.822+0000] {logging_mixin.py:190} INFO - [2025-01-01T10:23:08.822+0000] {dag.py:3239} INFO - Sync 1 DAGs
[2025-01-01T10:23:08.838+0000] {logging_mixin.py:190} INFO - [2025-01-01T10:23:08.838+0000] {dag.py:4180} INFO - Setting next_dagrun for tutorial_taskflow_api_virtualenv to None, run_after=None
[2025-01-01T10:23:08.866+0000] {processor.py:208} INFO - Processing /home/airflow/.local/lib/python3.12/site-packages/airflow/example_dags/tutorial_taskflow_api_virtualenv.py took 0.100 seconds
[2025-01-01T10:23:39.697+0000] {processor.py:186} INFO - Started process (PID=1371) to work on /home/airflow/.local/lib/python3.12/site-packages/airflow/example_dags/tutorial_taskflow_api_virtualenv.py
[2025-01-01T10:23:39.700+0000] {processor.py:914} INFO - Processing file /home/airflow/.local/lib/python3.12/site-packages/airflow/example_dags/tutorial_taskflow_api_virtualenv.py for tasks to queue
[2025-01-01T10:23:39.707+0000] {logging_mixin.py:190} INFO - [2025-01-01T10:23:39.706+0000] {dagbag.py:588} INFO - Filling up the DagBag from /home/airflow/.local/lib/python3.12/site-packages/airflow/example_dags/tutorial_taskflow_api_virtualenv.py
[2025-01-01T10:23:39.759+0000] {processor.py:925} INFO - DAG(s) 'tutorial_taskflow_api_virtualenv' retrieved from /home/airflow/.local/lib/python3.12/site-packages/airflow/example_dags/tutorial_taskflow_api_virtualenv.py
[2025-01-01T10:23:39.815+0000] {logging_mixin.py:190} INFO - [2025-01-01T10:23:39.814+0000] {dag.py:3239} INFO - Sync 1 DAGs
[2025-01-01T10:23:39.861+0000] {logging_mixin.py:190} INFO - [2025-01-01T10:23:39.861+0000] {dag.py:4180} INFO - Setting next_dagrun for tutorial_taskflow_api_virtualenv to None, run_after=None
[2025-01-01T10:23:39.927+0000] {processor.py:208} INFO - Processing /home/airflow/.local/lib/python3.12/site-packages/airflow/example_dags/tutorial_taskflow_api_virtualenv.py took 0.249 seconds
[2025-01-01T10:24:14.901+0000] {processor.py:186} INFO - Started process (PID=1433) to work on /home/airflow/.local/lib/python3.12/site-packages/airflow/example_dags/tutorial_taskflow_api_virtualenv.py
[2025-01-01T10:24:14.906+0000] {processor.py:914} INFO - Processing file /home/airflow/.local/lib/python3.12/site-packages/airflow/example_dags/tutorial_taskflow_api_virtualenv.py for tasks to queue
[2025-01-01T10:24:14.920+0000] {logging_mixin.py:190} INFO - [2025-01-01T10:24:14.919+0000] {dagbag.py:588} INFO - Filling up the DagBag from /home/airflow/.local/lib/python3.12/site-packages/airflow/example_dags/tutorial_taskflow_api_virtualenv.py
[2025-01-01T10:24:14.986+0000] {processor.py:925} INFO - DAG(s) 'tutorial_taskflow_api_virtualenv' retrieved from /home/airflow/.local/lib/python3.12/site-packages/airflow/example_dags/tutorial_taskflow_api_virtualenv.py
[2025-01-01T10:24:15.105+0000] {logging_mixin.py:190} INFO - [2025-01-01T10:24:15.104+0000] {dag.py:3239} INFO - Sync 1 DAGs
[2025-01-01T10:24:15.186+0000] {logging_mixin.py:190} INFO - [2025-01-01T10:24:15.185+0000] {dag.py:4180} INFO - Setting next_dagrun for tutorial_taskflow_api_virtualenv to None, run_after=None
[2025-01-01T10:24:15.277+0000] {processor.py:208} INFO - Processing /home/airflow/.local/lib/python3.12/site-packages/airflow/example_dags/tutorial_taskflow_api_virtualenv.py took 0.418 seconds
[2025-01-01T10:25:12.867+0000] {processor.py:186} INFO - Started process (PID=1520) to work on /home/airflow/.local/lib/python3.12/site-packages/airflow/example_dags/tutorial_taskflow_api_virtualenv.py
[2025-01-01T10:25:12.879+0000] {processor.py:914} INFO - Processing file /home/airflow/.local/lib/python3.12/site-packages/airflow/example_dags/tutorial_taskflow_api_virtualenv.py for tasks to queue
[2025-01-01T10:25:12.907+0000] {logging_mixin.py:190} INFO - [2025-01-01T10:25:12.904+0000] {dagbag.py:588} INFO - Filling up the DagBag from /home/airflow/.local/lib/python3.12/site-packages/airflow/example_dags/tutorial_taskflow_api_virtualenv.py
[2025-01-01T10:25:13.021+0000] {processor.py:925} INFO - DAG(s) 'tutorial_taskflow_api_virtualenv' retrieved from /home/airflow/.local/lib/python3.12/site-packages/airflow/example_dags/tutorial_taskflow_api_virtualenv.py
[2025-01-01T10:25:13.248+0000] {logging_mixin.py:190} INFO - [2025-01-01T10:25:13.247+0000] {dag.py:3239} INFO - Sync 1 DAGs
[2025-01-01T10:25:13.416+0000] {logging_mixin.py:190} INFO - [2025-01-01T10:25:13.414+0000] {dag.py:4180} INFO - Setting next_dagrun for tutorial_taskflow_api_virtualenv to None, run_after=None
[2025-01-01T10:25:13.583+0000] {processor.py:208} INFO - Processing /home/airflow/.local/lib/python3.12/site-packages/airflow/example_dags/tutorial_taskflow_api_virtualenv.py took 0.800 seconds
[2025-01-01T10:25:59.194+0000] {processor.py:186} INFO - Started process (PID=1588) to work on /home/airflow/.local/lib/python3.12/site-packages/airflow/example_dags/tutorial_taskflow_api_virtualenv.py
[2025-01-01T10:25:59.198+0000] {processor.py:914} INFO - Processing file /home/airflow/.local/lib/python3.12/site-packages/airflow/example_dags/tutorial_taskflow_api_virtualenv.py for tasks to queue
[2025-01-01T10:25:59.209+0000] {logging_mixin.py:190} INFO - [2025-01-01T10:25:59.207+0000] {dagbag.py:588} INFO - Filling up the DagBag from /home/airflow/.local/lib/python3.12/site-packages/airflow/example_dags/tutorial_taskflow_api_virtualenv.py
[2025-01-01T10:25:59.264+0000] {processor.py:925} INFO - DAG(s) 'tutorial_taskflow_api_virtualenv' retrieved from /home/airflow/.local/lib/python3.12/site-packages/airflow/example_dags/tutorial_taskflow_api_virtualenv.py
[2025-01-01T10:25:59.336+0000] {logging_mixin.py:190} INFO - [2025-01-01T10:25:59.335+0000] {dag.py:3239} INFO - Sync 1 DAGs
[2025-01-01T10:25:59.395+0000] {logging_mixin.py:190} INFO - [2025-01-01T10:25:59.394+0000] {dag.py:4180} INFO - Setting next_dagrun for tutorial_taskflow_api_virtualenv to None, run_after=None
[2025-01-01T10:25:59.468+0000] {processor.py:208} INFO - Processing /home/airflow/.local/lib/python3.12/site-packages/airflow/example_dags/tutorial_taskflow_api_virtualenv.py took 0.301 seconds
[2025-01-01T10:26:31.761+0000] {processor.py:186} INFO - Started process (PID=1652) to work on /home/airflow/.local/lib/python3.12/site-packages/airflow/example_dags/tutorial_taskflow_api_virtualenv.py
[2025-01-01T10:26:31.766+0000] {processor.py:914} INFO - Processing file /home/airflow/.local/lib/python3.12/site-packages/airflow/example_dags/tutorial_taskflow_api_virtualenv.py for tasks to queue
[2025-01-01T10:26:31.777+0000] {logging_mixin.py:190} INFO - [2025-01-01T10:26:31.776+0000] {dagbag.py:588} INFO - Filling up the DagBag from /home/airflow/.local/lib/python3.12/site-packages/airflow/example_dags/tutorial_taskflow_api_virtualenv.py
[2025-01-01T10:26:31.843+0000] {processor.py:925} INFO - DAG(s) 'tutorial_taskflow_api_virtualenv' retrieved from /home/airflow/.local/lib/python3.12/site-packages/airflow/example_dags/tutorial_taskflow_api_virtualenv.py
[2025-01-01T10:26:31.932+0000] {logging_mixin.py:190} INFO - [2025-01-01T10:26:31.931+0000] {dag.py:3239} INFO - Sync 1 DAGs
[2025-01-01T10:26:32.002+0000] {logging_mixin.py:190} INFO - [2025-01-01T10:26:32.001+0000] {dag.py:4180} INFO - Setting next_dagrun for tutorial_taskflow_api_virtualenv to None, run_after=None
[2025-01-01T10:26:32.068+0000] {processor.py:208} INFO - Processing /home/airflow/.local/lib/python3.12/site-packages/airflow/example_dags/tutorial_taskflow_api_virtualenv.py took 0.339 seconds
[2025-01-01T10:27:02.518+0000] {processor.py:186} INFO - Started process (PID=1715) to work on /home/airflow/.local/lib/python3.12/site-packages/airflow/example_dags/tutorial_taskflow_api_virtualenv.py
[2025-01-01T10:27:02.520+0000] {processor.py:914} INFO - Processing file /home/airflow/.local/lib/python3.12/site-packages/airflow/example_dags/tutorial_taskflow_api_virtualenv.py for tasks to queue
[2025-01-01T10:27:02.524+0000] {logging_mixin.py:190} INFO - [2025-01-01T10:27:02.524+0000] {dagbag.py:588} INFO - Filling up the DagBag from /home/airflow/.local/lib/python3.12/site-packages/airflow/example_dags/tutorial_taskflow_api_virtualenv.py
[2025-01-01T10:27:02.541+0000] {processor.py:925} INFO - DAG(s) 'tutorial_taskflow_api_virtualenv' retrieved from /home/airflow/.local/lib/python3.12/site-packages/airflow/example_dags/tutorial_taskflow_api_virtualenv.py
[2025-01-01T10:27:02.570+0000] {logging_mixin.py:190} INFO - [2025-01-01T10:27:02.570+0000] {dag.py:3239} INFO - Sync 1 DAGs
[2025-01-01T10:27:02.591+0000] {logging_mixin.py:190} INFO - [2025-01-01T10:27:02.590+0000] {dag.py:4180} INFO - Setting next_dagrun for tutorial_taskflow_api_virtualenv to None, run_after=None
[2025-01-01T10:27:02.621+0000] {processor.py:208} INFO - Processing /home/airflow/.local/lib/python3.12/site-packages/airflow/example_dags/tutorial_taskflow_api_virtualenv.py took 0.110 seconds
[2025-01-01T10:27:33.112+0000] {processor.py:186} INFO - Started process (PID=1778) to work on /home/airflow/.local/lib/python3.12/site-packages/airflow/example_dags/tutorial_taskflow_api_virtualenv.py
[2025-01-01T10:27:33.114+0000] {processor.py:914} INFO - Processing file /home/airflow/.local/lib/python3.12/site-packages/airflow/example_dags/tutorial_taskflow_api_virtualenv.py for tasks to queue
[2025-01-01T10:27:33.117+0000] {logging_mixin.py:190} INFO - [2025-01-01T10:27:33.116+0000] {dagbag.py:588} INFO - Filling up the DagBag from /home/airflow/.local/lib/python3.12/site-packages/airflow/example_dags/tutorial_taskflow_api_virtualenv.py
[2025-01-01T10:27:33.134+0000] {processor.py:925} INFO - DAG(s) 'tutorial_taskflow_api_virtualenv' retrieved from /home/airflow/.local/lib/python3.12/site-packages/airflow/example_dags/tutorial_taskflow_api_virtualenv.py
[2025-01-01T10:27:33.158+0000] {logging_mixin.py:190} INFO - [2025-01-01T10:27:33.158+0000] {dag.py:3239} INFO - Sync 1 DAGs
[2025-01-01T10:27:33.178+0000] {logging_mixin.py:190} INFO - [2025-01-01T10:27:33.177+0000] {dag.py:4180} INFO - Setting next_dagrun for tutorial_taskflow_api_virtualenv to None, run_after=None
[2025-01-01T10:27:33.207+0000] {processor.py:208} INFO - Processing /home/airflow/.local/lib/python3.12/site-packages/airflow/example_dags/tutorial_taskflow_api_virtualenv.py took 0.103 seconds
[2025-01-01T10:28:05.563+0000] {processor.py:186} INFO - Started process (PID=1841) to work on /home/airflow/.local/lib/python3.12/site-packages/airflow/example_dags/tutorial_taskflow_api_virtualenv.py
[2025-01-01T10:28:05.568+0000] {processor.py:914} INFO - Processing file /home/airflow/.local/lib/python3.12/site-packages/airflow/example_dags/tutorial_taskflow_api_virtualenv.py for tasks to queue
[2025-01-01T10:28:05.582+0000] {logging_mixin.py:190} INFO - [2025-01-01T10:28:05.580+0000] {dagbag.py:588} INFO - Filling up the DagBag from /home/airflow/.local/lib/python3.12/site-packages/airflow/example_dags/tutorial_taskflow_api_virtualenv.py
[2025-01-01T10:28:05.667+0000] {processor.py:925} INFO - DAG(s) 'tutorial_taskflow_api_virtualenv' retrieved from /home/airflow/.local/lib/python3.12/site-packages/airflow/example_dags/tutorial_taskflow_api_virtualenv.py
[2025-01-01T10:28:05.786+0000] {logging_mixin.py:190} INFO - [2025-01-01T10:28:05.785+0000] {dag.py:3239} INFO - Sync 1 DAGs
[2025-01-01T10:28:05.854+0000] {logging_mixin.py:190} INFO - [2025-01-01T10:28:05.853+0000] {dag.py:4180} INFO - Setting next_dagrun for tutorial_taskflow_api_virtualenv to None, run_after=None
[2025-01-01T10:28:05.954+0000] {processor.py:208} INFO - Processing /home/airflow/.local/lib/python3.12/site-packages/airflow/example_dags/tutorial_taskflow_api_virtualenv.py took 0.428 seconds
[2025-01-01T10:28:39.104+0000] {processor.py:186} INFO - Started process (PID=1905) to work on /home/airflow/.local/lib/python3.12/site-packages/airflow/example_dags/tutorial_taskflow_api_virtualenv.py
[2025-01-01T10:28:39.139+0000] {processor.py:914} INFO - Processing file /home/airflow/.local/lib/python3.12/site-packages/airflow/example_dags/tutorial_taskflow_api_virtualenv.py for tasks to queue
[2025-01-01T10:28:39.191+0000] {logging_mixin.py:190} INFO - [2025-01-01T10:28:39.178+0000] {dagbag.py:588} INFO - Filling up the DagBag from /home/airflow/.local/lib/python3.12/site-packages/airflow/example_dags/tutorial_taskflow_api_virtualenv.py
[2025-01-01T10:28:39.662+0000] {processor.py:925} INFO - DAG(s) 'tutorial_taskflow_api_virtualenv' retrieved from /home/airflow/.local/lib/python3.12/site-packages/airflow/example_dags/tutorial_taskflow_api_virtualenv.py
[2025-01-01T10:28:41.710+0000] {logging_mixin.py:190} INFO - [2025-01-01T10:28:41.708+0000] {dag.py:3239} INFO - Sync 1 DAGs
[2025-01-01T10:28:42.031+0000] {logging_mixin.py:190} INFO - [2025-01-01T10:28:42.029+0000] {dag.py:4180} INFO - Setting next_dagrun for tutorial_taskflow_api_virtualenv to None, run_after=None
[2025-01-01T10:28:42.548+0000] {processor.py:208} INFO - Processing /home/airflow/.local/lib/python3.12/site-packages/airflow/example_dags/tutorial_taskflow_api_virtualenv.py took 3.549 seconds
[2025-01-01T10:29:31.262+0000] {processor.py:186} INFO - Started process (PID=1982) to work on /home/airflow/.local/lib/python3.12/site-packages/airflow/example_dags/tutorial_taskflow_api_virtualenv.py
[2025-01-01T10:29:31.266+0000] {processor.py:914} INFO - Processing file /home/airflow/.local/lib/python3.12/site-packages/airflow/example_dags/tutorial_taskflow_api_virtualenv.py for tasks to queue
[2025-01-01T10:29:31.275+0000] {logging_mixin.py:190} INFO - [2025-01-01T10:29:31.273+0000] {dagbag.py:588} INFO - Filling up the DagBag from /home/airflow/.local/lib/python3.12/site-packages/airflow/example_dags/tutorial_taskflow_api_virtualenv.py
[2025-01-01T10:29:31.320+0000] {processor.py:925} INFO - DAG(s) 'tutorial_taskflow_api_virtualenv' retrieved from /home/airflow/.local/lib/python3.12/site-packages/airflow/example_dags/tutorial_taskflow_api_virtualenv.py
[2025-01-01T10:29:31.385+0000] {logging_mixin.py:190} INFO - [2025-01-01T10:29:31.384+0000] {dag.py:3239} INFO - Sync 1 DAGs
[2025-01-01T10:29:31.436+0000] {logging_mixin.py:190} INFO - [2025-01-01T10:29:31.434+0000] {dag.py:4180} INFO - Setting next_dagrun for tutorial_taskflow_api_virtualenv to None, run_after=None
[2025-01-01T10:29:31.522+0000] {processor.py:208} INFO - Processing /home/airflow/.local/lib/python3.12/site-packages/airflow/example_dags/tutorial_taskflow_api_virtualenv.py took 0.280 seconds
[2025-01-01T10:30:10.538+0000] {processor.py:186} INFO - Started process (PID=2045) to work on /home/airflow/.local/lib/python3.12/site-packages/airflow/example_dags/tutorial_taskflow_api_virtualenv.py
[2025-01-01T10:30:10.545+0000] {processor.py:914} INFO - Processing file /home/airflow/.local/lib/python3.12/site-packages/airflow/example_dags/tutorial_taskflow_api_virtualenv.py for tasks to queue
[2025-01-01T10:30:10.570+0000] {logging_mixin.py:190} INFO - [2025-01-01T10:30:10.568+0000] {dagbag.py:588} INFO - Filling up the DagBag from /home/airflow/.local/lib/python3.12/site-packages/airflow/example_dags/tutorial_taskflow_api_virtualenv.py
[2025-01-01T10:30:10.690+0000] {processor.py:925} INFO - DAG(s) 'tutorial_taskflow_api_virtualenv' retrieved from /home/airflow/.local/lib/python3.12/site-packages/airflow/example_dags/tutorial_taskflow_api_virtualenv.py
[2025-01-01T10:30:10.825+0000] {logging_mixin.py:190} INFO - [2025-01-01T10:30:10.824+0000] {dag.py:3239} INFO - Sync 1 DAGs
[2025-01-01T10:30:10.909+0000] {logging_mixin.py:190} INFO - [2025-01-01T10:30:10.907+0000] {dag.py:4180} INFO - Setting next_dagrun for tutorial_taskflow_api_virtualenv to None, run_after=None
[2025-01-01T10:30:11.044+0000] {processor.py:208} INFO - Processing /home/airflow/.local/lib/python3.12/site-packages/airflow/example_dags/tutorial_taskflow_api_virtualenv.py took 0.553 seconds
[2025-01-01T10:30:43.609+0000] {processor.py:186} INFO - Started process (PID=2107) to work on /home/airflow/.local/lib/python3.12/site-packages/airflow/example_dags/tutorial_taskflow_api_virtualenv.py
[2025-01-01T10:30:43.613+0000] {processor.py:914} INFO - Processing file /home/airflow/.local/lib/python3.12/site-packages/airflow/example_dags/tutorial_taskflow_api_virtualenv.py for tasks to queue
[2025-01-01T10:30:43.627+0000] {logging_mixin.py:190} INFO - [2025-01-01T10:30:43.625+0000] {dagbag.py:588} INFO - Filling up the DagBag from /home/airflow/.local/lib/python3.12/site-packages/airflow/example_dags/tutorial_taskflow_api_virtualenv.py
[2025-01-01T10:30:43.691+0000] {processor.py:925} INFO - DAG(s) 'tutorial_taskflow_api_virtualenv' retrieved from /home/airflow/.local/lib/python3.12/site-packages/airflow/example_dags/tutorial_taskflow_api_virtualenv.py
[2025-01-01T10:30:43.782+0000] {logging_mixin.py:190} INFO - [2025-01-01T10:30:43.781+0000] {dag.py:3239} INFO - Sync 1 DAGs
[2025-01-01T10:30:43.861+0000] {logging_mixin.py:190} INFO - [2025-01-01T10:30:43.860+0000] {dag.py:4180} INFO - Setting next_dagrun for tutorial_taskflow_api_virtualenv to None, run_after=None
[2025-01-01T10:30:43.954+0000] {processor.py:208} INFO - Processing /home/airflow/.local/lib/python3.12/site-packages/airflow/example_dags/tutorial_taskflow_api_virtualenv.py took 0.375 seconds
[2025-01-01T10:31:14.842+0000] {processor.py:186} INFO - Started process (PID=2170) to work on /home/airflow/.local/lib/python3.12/site-packages/airflow/example_dags/tutorial_taskflow_api_virtualenv.py
[2025-01-01T10:31:14.844+0000] {processor.py:914} INFO - Processing file /home/airflow/.local/lib/python3.12/site-packages/airflow/example_dags/tutorial_taskflow_api_virtualenv.py for tasks to queue
[2025-01-01T10:31:14.849+0000] {logging_mixin.py:190} INFO - [2025-01-01T10:31:14.849+0000] {dagbag.py:588} INFO - Filling up the DagBag from /home/airflow/.local/lib/python3.12/site-packages/airflow/example_dags/tutorial_taskflow_api_virtualenv.py
[2025-01-01T10:31:14.878+0000] {processor.py:925} INFO - DAG(s) 'tutorial_taskflow_api_virtualenv' retrieved from /home/airflow/.local/lib/python3.12/site-packages/airflow/example_dags/tutorial_taskflow_api_virtualenv.py
[2025-01-01T10:31:14.910+0000] {logging_mixin.py:190} INFO - [2025-01-01T10:31:14.909+0000] {dag.py:3239} INFO - Sync 1 DAGs
[2025-01-01T10:31:14.934+0000] {logging_mixin.py:190} INFO - [2025-01-01T10:31:14.934+0000] {dag.py:4180} INFO - Setting next_dagrun for tutorial_taskflow_api_virtualenv to None, run_after=None
[2025-01-01T10:31:14.965+0000] {processor.py:208} INFO - Processing /home/airflow/.local/lib/python3.12/site-packages/airflow/example_dags/tutorial_taskflow_api_virtualenv.py took 0.137 seconds
[2025-01-01T10:31:49.378+0000] {processor.py:186} INFO - Started process (PID=2233) to work on /home/airflow/.local/lib/python3.12/site-packages/airflow/example_dags/tutorial_taskflow_api_virtualenv.py
[2025-01-01T10:31:49.382+0000] {processor.py:914} INFO - Processing file /home/airflow/.local/lib/python3.12/site-packages/airflow/example_dags/tutorial_taskflow_api_virtualenv.py for tasks to queue
[2025-01-01T10:31:49.392+0000] {logging_mixin.py:190} INFO - [2025-01-01T10:31:49.389+0000] {dagbag.py:588} INFO - Filling up the DagBag from /home/airflow/.local/lib/python3.12/site-packages/airflow/example_dags/tutorial_taskflow_api_virtualenv.py
[2025-01-01T10:31:49.436+0000] {processor.py:925} INFO - DAG(s) 'tutorial_taskflow_api_virtualenv' retrieved from /home/airflow/.local/lib/python3.12/site-packages/airflow/example_dags/tutorial_taskflow_api_virtualenv.py
[2025-01-01T10:31:49.512+0000] {logging_mixin.py:190} INFO - [2025-01-01T10:31:49.511+0000] {dag.py:3239} INFO - Sync 1 DAGs
[2025-01-01T10:31:49.573+0000] {logging_mixin.py:190} INFO - [2025-01-01T10:31:49.572+0000] {dag.py:4180} INFO - Setting next_dagrun for tutorial_taskflow_api_virtualenv to None, run_after=None
[2025-01-01T10:31:49.648+0000] {processor.py:208} INFO - Processing /home/airflow/.local/lib/python3.12/site-packages/airflow/example_dags/tutorial_taskflow_api_virtualenv.py took 0.292 seconds
[2025-01-01T10:32:19.945+0000] {processor.py:186} INFO - Started process (PID=2296) to work on /home/airflow/.local/lib/python3.12/site-packages/airflow/example_dags/tutorial_taskflow_api_virtualenv.py
[2025-01-01T10:32:19.947+0000] {processor.py:914} INFO - Processing file /home/airflow/.local/lib/python3.12/site-packages/airflow/example_dags/tutorial_taskflow_api_virtualenv.py for tasks to queue
[2025-01-01T10:32:19.953+0000] {logging_mixin.py:190} INFO - [2025-01-01T10:32:19.952+0000] {dagbag.py:588} INFO - Filling up the DagBag from /home/airflow/.local/lib/python3.12/site-packages/airflow/example_dags/tutorial_taskflow_api_virtualenv.py
[2025-01-01T10:32:19.979+0000] {processor.py:925} INFO - DAG(s) 'tutorial_taskflow_api_virtualenv' retrieved from /home/airflow/.local/lib/python3.12/site-packages/airflow/example_dags/tutorial_taskflow_api_virtualenv.py
[2025-01-01T10:32:20.016+0000] {logging_mixin.py:190} INFO - [2025-01-01T10:32:20.015+0000] {dag.py:3239} INFO - Sync 1 DAGs
[2025-01-01T10:32:20.049+0000] {logging_mixin.py:190} INFO - [2025-01-01T10:32:20.048+0000] {dag.py:4180} INFO - Setting next_dagrun for tutorial_taskflow_api_virtualenv to None, run_after=None
[2025-01-01T10:32:20.094+0000] {processor.py:208} INFO - Processing /home/airflow/.local/lib/python3.12/site-packages/airflow/example_dags/tutorial_taskflow_api_virtualenv.py took 0.162 seconds
[2025-01-01T10:32:54.723+0000] {processor.py:186} INFO - Started process (PID=2359) to work on /home/airflow/.local/lib/python3.12/site-packages/airflow/example_dags/tutorial_taskflow_api_virtualenv.py
[2025-01-01T10:32:54.727+0000] {processor.py:914} INFO - Processing file /home/airflow/.local/lib/python3.12/site-packages/airflow/example_dags/tutorial_taskflow_api_virtualenv.py for tasks to queue
[2025-01-01T10:32:54.739+0000] {logging_mixin.py:190} INFO - [2025-01-01T10:32:54.737+0000] {dagbag.py:588} INFO - Filling up the DagBag from /home/airflow/.local/lib/python3.12/site-packages/airflow/example_dags/tutorial_taskflow_api_virtualenv.py
[2025-01-01T10:32:54.791+0000] {processor.py:925} INFO - DAG(s) 'tutorial_taskflow_api_virtualenv' retrieved from /home/airflow/.local/lib/python3.12/site-packages/airflow/example_dags/tutorial_taskflow_api_virtualenv.py
[2025-01-01T10:32:54.848+0000] {logging_mixin.py:190} INFO - [2025-01-01T10:32:54.847+0000] {dag.py:3239} INFO - Sync 1 DAGs
[2025-01-01T10:32:54.894+0000] {logging_mixin.py:190} INFO - [2025-01-01T10:32:54.893+0000] {dag.py:4180} INFO - Setting next_dagrun for tutorial_taskflow_api_virtualenv to None, run_after=None
[2025-01-01T10:32:54.956+0000] {processor.py:208} INFO - Processing /home/airflow/.local/lib/python3.12/site-packages/airflow/example_dags/tutorial_taskflow_api_virtualenv.py took 0.251 seconds
[2025-01-01T10:33:25.400+0000] {processor.py:186} INFO - Started process (PID=2423) to work on /home/airflow/.local/lib/python3.12/site-packages/airflow/example_dags/tutorial_taskflow_api_virtualenv.py
[2025-01-01T10:33:25.401+0000] {processor.py:914} INFO - Processing file /home/airflow/.local/lib/python3.12/site-packages/airflow/example_dags/tutorial_taskflow_api_virtualenv.py for tasks to queue
[2025-01-01T10:33:25.404+0000] {logging_mixin.py:190} INFO - [2025-01-01T10:33:25.403+0000] {dagbag.py:588} INFO - Filling up the DagBag from /home/airflow/.local/lib/python3.12/site-packages/airflow/example_dags/tutorial_taskflow_api_virtualenv.py
[2025-01-01T10:33:25.421+0000] {processor.py:925} INFO - DAG(s) 'tutorial_taskflow_api_virtualenv' retrieved from /home/airflow/.local/lib/python3.12/site-packages/airflow/example_dags/tutorial_taskflow_api_virtualenv.py
[2025-01-01T10:33:25.446+0000] {logging_mixin.py:190} INFO - [2025-01-01T10:33:25.446+0000] {dag.py:3239} INFO - Sync 1 DAGs
[2025-01-01T10:33:25.465+0000] {logging_mixin.py:190} INFO - [2025-01-01T10:33:25.464+0000] {dag.py:4180} INFO - Setting next_dagrun for tutorial_taskflow_api_virtualenv to None, run_after=None
[2025-01-01T10:33:25.492+0000] {processor.py:208} INFO - Processing /home/airflow/.local/lib/python3.12/site-packages/airflow/example_dags/tutorial_taskflow_api_virtualenv.py took 0.102 seconds
[2025-01-01T10:33:55.712+0000] {processor.py:186} INFO - Started process (PID=2487) to work on /home/airflow/.local/lib/python3.12/site-packages/airflow/example_dags/tutorial_taskflow_api_virtualenv.py
[2025-01-01T10:33:55.714+0000] {processor.py:914} INFO - Processing file /home/airflow/.local/lib/python3.12/site-packages/airflow/example_dags/tutorial_taskflow_api_virtualenv.py for tasks to queue
[2025-01-01T10:33:55.718+0000] {logging_mixin.py:190} INFO - [2025-01-01T10:33:55.718+0000] {dagbag.py:588} INFO - Filling up the DagBag from /home/airflow/.local/lib/python3.12/site-packages/airflow/example_dags/tutorial_taskflow_api_virtualenv.py
[2025-01-01T10:33:55.740+0000] {processor.py:925} INFO - DAG(s) 'tutorial_taskflow_api_virtualenv' retrieved from /home/airflow/.local/lib/python3.12/site-packages/airflow/example_dags/tutorial_taskflow_api_virtualenv.py
[2025-01-01T10:33:55.774+0000] {logging_mixin.py:190} INFO - [2025-01-01T10:33:55.774+0000] {dag.py:3239} INFO - Sync 1 DAGs
[2025-01-01T10:33:55.799+0000] {logging_mixin.py:190} INFO - [2025-01-01T10:33:55.798+0000] {dag.py:4180} INFO - Setting next_dagrun for tutorial_taskflow_api_virtualenv to None, run_after=None
[2025-01-01T10:33:55.833+0000] {processor.py:208} INFO - Processing /home/airflow/.local/lib/python3.12/site-packages/airflow/example_dags/tutorial_taskflow_api_virtualenv.py took 0.137 seconds
[2025-01-01T10:34:26.740+0000] {processor.py:186} INFO - Started process (PID=2550) to work on /home/airflow/.local/lib/python3.12/site-packages/airflow/example_dags/tutorial_taskflow_api_virtualenv.py
[2025-01-01T10:34:26.742+0000] {processor.py:914} INFO - Processing file /home/airflow/.local/lib/python3.12/site-packages/airflow/example_dags/tutorial_taskflow_api_virtualenv.py for tasks to queue
[2025-01-01T10:34:26.747+0000] {logging_mixin.py:190} INFO - [2025-01-01T10:34:26.747+0000] {dagbag.py:588} INFO - Filling up the DagBag from /home/airflow/.local/lib/python3.12/site-packages/airflow/example_dags/tutorial_taskflow_api_virtualenv.py
[2025-01-01T10:34:26.768+0000] {processor.py:925} INFO - DAG(s) 'tutorial_taskflow_api_virtualenv' retrieved from /home/airflow/.local/lib/python3.12/site-packages/airflow/example_dags/tutorial_taskflow_api_virtualenv.py
[2025-01-01T10:34:26.795+0000] {logging_mixin.py:190} INFO - [2025-01-01T10:34:26.794+0000] {dag.py:3239} INFO - Sync 1 DAGs
[2025-01-01T10:34:26.814+0000] {logging_mixin.py:190} INFO - [2025-01-01T10:34:26.814+0000] {dag.py:4180} INFO - Setting next_dagrun for tutorial_taskflow_api_virtualenv to None, run_after=None
[2025-01-01T10:34:26.846+0000] {processor.py:208} INFO - Processing /home/airflow/.local/lib/python3.12/site-packages/airflow/example_dags/tutorial_taskflow_api_virtualenv.py took 0.113 seconds
[2025-01-01T10:35:01.135+0000] {processor.py:186} INFO - Started process (PID=2613) to work on /home/airflow/.local/lib/python3.12/site-packages/airflow/example_dags/tutorial_taskflow_api_virtualenv.py
[2025-01-01T10:35:01.144+0000] {processor.py:914} INFO - Processing file /home/airflow/.local/lib/python3.12/site-packages/airflow/example_dags/tutorial_taskflow_api_virtualenv.py for tasks to queue
[2025-01-01T10:35:01.172+0000] {logging_mixin.py:190} INFO - [2025-01-01T10:35:01.171+0000] {dagbag.py:588} INFO - Filling up the DagBag from /home/airflow/.local/lib/python3.12/site-packages/airflow/example_dags/tutorial_taskflow_api_virtualenv.py
[2025-01-01T10:35:01.221+0000] {processor.py:925} INFO - DAG(s) 'tutorial_taskflow_api_virtualenv' retrieved from /home/airflow/.local/lib/python3.12/site-packages/airflow/example_dags/tutorial_taskflow_api_virtualenv.py
[2025-01-01T10:35:01.415+0000] {logging_mixin.py:190} INFO - [2025-01-01T10:35:01.413+0000] {dag.py:3239} INFO - Sync 1 DAGs
[2025-01-01T10:35:01.566+0000] {logging_mixin.py:190} INFO - [2025-01-01T10:35:01.565+0000] {dag.py:4180} INFO - Setting next_dagrun for tutorial_taskflow_api_virtualenv to None, run_after=None
[2025-01-01T10:35:01.716+0000] {processor.py:208} INFO - Processing /home/airflow/.local/lib/python3.12/site-packages/airflow/example_dags/tutorial_taskflow_api_virtualenv.py took 0.667 seconds
[2025-01-01T10:35:32.276+0000] {processor.py:186} INFO - Started process (PID=2675) to work on /home/airflow/.local/lib/python3.12/site-packages/airflow/example_dags/tutorial_taskflow_api_virtualenv.py
[2025-01-01T10:35:32.278+0000] {processor.py:914} INFO - Processing file /home/airflow/.local/lib/python3.12/site-packages/airflow/example_dags/tutorial_taskflow_api_virtualenv.py for tasks to queue
[2025-01-01T10:35:32.291+0000] {logging_mixin.py:190} INFO - [2025-01-01T10:35:32.290+0000] {dagbag.py:588} INFO - Filling up the DagBag from /home/airflow/.local/lib/python3.12/site-packages/airflow/example_dags/tutorial_taskflow_api_virtualenv.py
[2025-01-01T10:35:32.426+0000] {processor.py:925} INFO - DAG(s) 'tutorial_taskflow_api_virtualenv' retrieved from /home/airflow/.local/lib/python3.12/site-packages/airflow/example_dags/tutorial_taskflow_api_virtualenv.py
[2025-01-01T10:35:32.536+0000] {logging_mixin.py:190} INFO - [2025-01-01T10:35:32.535+0000] {dag.py:3239} INFO - Sync 1 DAGs
[2025-01-01T10:35:32.606+0000] {logging_mixin.py:190} INFO - [2025-01-01T10:35:32.605+0000] {dag.py:4180} INFO - Setting next_dagrun for tutorial_taskflow_api_virtualenv to None, run_after=None
[2025-01-01T10:35:32.703+0000] {processor.py:208} INFO - Processing /home/airflow/.local/lib/python3.12/site-packages/airflow/example_dags/tutorial_taskflow_api_virtualenv.py took 0.437 seconds
[2025-01-01T10:36:03.584+0000] {processor.py:186} INFO - Started process (PID=2744) to work on /home/airflow/.local/lib/python3.12/site-packages/airflow/example_dags/tutorial_taskflow_api_virtualenv.py
[2025-01-01T10:36:03.589+0000] {processor.py:914} INFO - Processing file /home/airflow/.local/lib/python3.12/site-packages/airflow/example_dags/tutorial_taskflow_api_virtualenv.py for tasks to queue
[2025-01-01T10:36:03.598+0000] {logging_mixin.py:190} INFO - [2025-01-01T10:36:03.597+0000] {dagbag.py:588} INFO - Filling up the DagBag from /home/airflow/.local/lib/python3.12/site-packages/airflow/example_dags/tutorial_taskflow_api_virtualenv.py
[2025-01-01T10:36:03.651+0000] {processor.py:925} INFO - DAG(s) 'tutorial_taskflow_api_virtualenv' retrieved from /home/airflow/.local/lib/python3.12/site-packages/airflow/example_dags/tutorial_taskflow_api_virtualenv.py
[2025-01-01T10:36:03.726+0000] {logging_mixin.py:190} INFO - [2025-01-01T10:36:03.725+0000] {dag.py:3239} INFO - Sync 1 DAGs
[2025-01-01T10:36:03.785+0000] {logging_mixin.py:190} INFO - [2025-01-01T10:36:03.784+0000] {dag.py:4180} INFO - Setting next_dagrun for tutorial_taskflow_api_virtualenv to None, run_after=None
[2025-01-01T10:36:03.849+0000] {processor.py:208} INFO - Processing /home/airflow/.local/lib/python3.12/site-packages/airflow/example_dags/tutorial_taskflow_api_virtualenv.py took 0.287 seconds
[2025-01-01T10:36:37.831+0000] {processor.py:186} INFO - Started process (PID=2807) to work on /home/airflow/.local/lib/python3.12/site-packages/airflow/example_dags/tutorial_taskflow_api_virtualenv.py
[2025-01-01T10:36:37.841+0000] {processor.py:914} INFO - Processing file /home/airflow/.local/lib/python3.12/site-packages/airflow/example_dags/tutorial_taskflow_api_virtualenv.py for tasks to queue
[2025-01-01T10:36:37.863+0000] {logging_mixin.py:190} INFO - [2025-01-01T10:36:37.861+0000] {dagbag.py:588} INFO - Filling up the DagBag from /home/airflow/.local/lib/python3.12/site-packages/airflow/example_dags/tutorial_taskflow_api_virtualenv.py
[2025-01-01T10:36:37.981+0000] {processor.py:925} INFO - DAG(s) 'tutorial_taskflow_api_virtualenv' retrieved from /home/airflow/.local/lib/python3.12/site-packages/airflow/example_dags/tutorial_taskflow_api_virtualenv.py
[2025-01-01T10:36:38.072+0000] {logging_mixin.py:190} INFO - [2025-01-01T10:36:38.070+0000] {dag.py:3239} INFO - Sync 1 DAGs
[2025-01-01T10:36:38.149+0000] {logging_mixin.py:190} INFO - [2025-01-01T10:36:38.148+0000] {dag.py:4180} INFO - Setting next_dagrun for tutorial_taskflow_api_virtualenv to None, run_after=None
[2025-01-01T10:36:38.233+0000] {processor.py:208} INFO - Processing /home/airflow/.local/lib/python3.12/site-packages/airflow/example_dags/tutorial_taskflow_api_virtualenv.py took 0.456 seconds
[2025-01-01T10:37:08.900+0000] {processor.py:186} INFO - Started process (PID=2872) to work on /home/airflow/.local/lib/python3.12/site-packages/airflow/example_dags/tutorial_taskflow_api_virtualenv.py
[2025-01-01T10:37:08.901+0000] {processor.py:914} INFO - Processing file /home/airflow/.local/lib/python3.12/site-packages/airflow/example_dags/tutorial_taskflow_api_virtualenv.py for tasks to queue
[2025-01-01T10:37:08.905+0000] {logging_mixin.py:190} INFO - [2025-01-01T10:37:08.905+0000] {dagbag.py:588} INFO - Filling up the DagBag from /home/airflow/.local/lib/python3.12/site-packages/airflow/example_dags/tutorial_taskflow_api_virtualenv.py
[2025-01-01T10:37:08.921+0000] {processor.py:925} INFO - DAG(s) 'tutorial_taskflow_api_virtualenv' retrieved from /home/airflow/.local/lib/python3.12/site-packages/airflow/example_dags/tutorial_taskflow_api_virtualenv.py
[2025-01-01T10:37:08.947+0000] {logging_mixin.py:190} INFO - [2025-01-01T10:37:08.946+0000] {dag.py:3239} INFO - Sync 1 DAGs
[2025-01-01T10:37:08.968+0000] {logging_mixin.py:190} INFO - [2025-01-01T10:37:08.968+0000] {dag.py:4180} INFO - Setting next_dagrun for tutorial_taskflow_api_virtualenv to None, run_after=None
[2025-01-01T10:37:09.009+0000] {processor.py:208} INFO - Processing /home/airflow/.local/lib/python3.12/site-packages/airflow/example_dags/tutorial_taskflow_api_virtualenv.py took 0.117 seconds
[2025-01-01T10:37:40.138+0000] {processor.py:186} INFO - Started process (PID=2936) to work on /home/airflow/.local/lib/python3.12/site-packages/airflow/example_dags/tutorial_taskflow_api_virtualenv.py
[2025-01-01T10:37:40.140+0000] {processor.py:914} INFO - Processing file /home/airflow/.local/lib/python3.12/site-packages/airflow/example_dags/tutorial_taskflow_api_virtualenv.py for tasks to queue
[2025-01-01T10:37:40.143+0000] {logging_mixin.py:190} INFO - [2025-01-01T10:37:40.143+0000] {dagbag.py:588} INFO - Filling up the DagBag from /home/airflow/.local/lib/python3.12/site-packages/airflow/example_dags/tutorial_taskflow_api_virtualenv.py
[2025-01-01T10:37:40.163+0000] {processor.py:925} INFO - DAG(s) 'tutorial_taskflow_api_virtualenv' retrieved from /home/airflow/.local/lib/python3.12/site-packages/airflow/example_dags/tutorial_taskflow_api_virtualenv.py
[2025-01-01T10:37:40.195+0000] {logging_mixin.py:190} INFO - [2025-01-01T10:37:40.195+0000] {dag.py:3239} INFO - Sync 1 DAGs
[2025-01-01T10:37:40.220+0000] {logging_mixin.py:190} INFO - [2025-01-01T10:37:40.219+0000] {dag.py:4180} INFO - Setting next_dagrun for tutorial_taskflow_api_virtualenv to None, run_after=None
[2025-01-01T10:37:40.261+0000] {processor.py:208} INFO - Processing /home/airflow/.local/lib/python3.12/site-packages/airflow/example_dags/tutorial_taskflow_api_virtualenv.py took 0.135 seconds
[2025-01-01T10:38:11.160+0000] {processor.py:186} INFO - Started process (PID=2999) to work on /home/airflow/.local/lib/python3.12/site-packages/airflow/example_dags/tutorial_taskflow_api_virtualenv.py
[2025-01-01T10:38:11.162+0000] {processor.py:914} INFO - Processing file /home/airflow/.local/lib/python3.12/site-packages/airflow/example_dags/tutorial_taskflow_api_virtualenv.py for tasks to queue
[2025-01-01T10:38:11.165+0000] {logging_mixin.py:190} INFO - [2025-01-01T10:38:11.165+0000] {dagbag.py:588} INFO - Filling up the DagBag from /home/airflow/.local/lib/python3.12/site-packages/airflow/example_dags/tutorial_taskflow_api_virtualenv.py
[2025-01-01T10:38:11.176+0000] {processor.py:925} INFO - DAG(s) 'tutorial_taskflow_api_virtualenv' retrieved from /home/airflow/.local/lib/python3.12/site-packages/airflow/example_dags/tutorial_taskflow_api_virtualenv.py
[2025-01-01T10:38:11.197+0000] {logging_mixin.py:190} INFO - [2025-01-01T10:38:11.197+0000] {dag.py:3239} INFO - Sync 1 DAGs
[2025-01-01T10:38:11.211+0000] {logging_mixin.py:190} INFO - [2025-01-01T10:38:11.211+0000] {dag.py:4180} INFO - Setting next_dagrun for tutorial_taskflow_api_virtualenv to None, run_after=None
[2025-01-01T10:38:11.233+0000] {processor.py:208} INFO - Processing /home/airflow/.local/lib/python3.12/site-packages/airflow/example_dags/tutorial_taskflow_api_virtualenv.py took 0.078 seconds
[2025-01-01T10:38:41.880+0000] {processor.py:186} INFO - Started process (PID=3062) to work on /home/airflow/.local/lib/python3.12/site-packages/airflow/example_dags/tutorial_taskflow_api_virtualenv.py
[2025-01-01T10:38:41.881+0000] {processor.py:914} INFO - Processing file /home/airflow/.local/lib/python3.12/site-packages/airflow/example_dags/tutorial_taskflow_api_virtualenv.py for tasks to queue
[2025-01-01T10:38:41.885+0000] {logging_mixin.py:190} INFO - [2025-01-01T10:38:41.885+0000] {dagbag.py:588} INFO - Filling up the DagBag from /home/airflow/.local/lib/python3.12/site-packages/airflow/example_dags/tutorial_taskflow_api_virtualenv.py
[2025-01-01T10:38:41.904+0000] {processor.py:925} INFO - DAG(s) 'tutorial_taskflow_api_virtualenv' retrieved from /home/airflow/.local/lib/python3.12/site-packages/airflow/example_dags/tutorial_taskflow_api_virtualenv.py
[2025-01-01T10:38:41.931+0000] {logging_mixin.py:190} INFO - [2025-01-01T10:38:41.931+0000] {dag.py:3239} INFO - Sync 1 DAGs
[2025-01-01T10:38:41.951+0000] {logging_mixin.py:190} INFO - [2025-01-01T10:38:41.950+0000] {dag.py:4180} INFO - Setting next_dagrun for tutorial_taskflow_api_virtualenv to None, run_after=None
[2025-01-01T10:38:41.980+0000] {processor.py:208} INFO - Processing /home/airflow/.local/lib/python3.12/site-packages/airflow/example_dags/tutorial_taskflow_api_virtualenv.py took 0.109 seconds
[2025-01-01T10:39:12.300+0000] {processor.py:186} INFO - Started process (PID=3124) to work on /home/airflow/.local/lib/python3.12/site-packages/airflow/example_dags/tutorial_taskflow_api_virtualenv.py
[2025-01-01T10:39:12.303+0000] {processor.py:914} INFO - Processing file /home/airflow/.local/lib/python3.12/site-packages/airflow/example_dags/tutorial_taskflow_api_virtualenv.py for tasks to queue
[2025-01-01T10:39:12.308+0000] {logging_mixin.py:190} INFO - [2025-01-01T10:39:12.307+0000] {dagbag.py:588} INFO - Filling up the DagBag from /home/airflow/.local/lib/python3.12/site-packages/airflow/example_dags/tutorial_taskflow_api_virtualenv.py
[2025-01-01T10:39:12.334+0000] {processor.py:925} INFO - DAG(s) 'tutorial_taskflow_api_virtualenv' retrieved from /home/airflow/.local/lib/python3.12/site-packages/airflow/example_dags/tutorial_taskflow_api_virtualenv.py
[2025-01-01T10:39:12.378+0000] {logging_mixin.py:190} INFO - [2025-01-01T10:39:12.377+0000] {dag.py:3239} INFO - Sync 1 DAGs
[2025-01-01T10:39:12.719+0000] {logging_mixin.py:190} INFO - [2025-01-01T10:39:12.718+0000] {dag.py:4180} INFO - Setting next_dagrun for tutorial_taskflow_api_virtualenv to None, run_after=None
[2025-01-01T10:39:12.758+0000] {processor.py:208} INFO - Processing /home/airflow/.local/lib/python3.12/site-packages/airflow/example_dags/tutorial_taskflow_api_virtualenv.py took 0.471 seconds
[2025-01-01T10:40:15.827+0000] {processor.py:186} INFO - Started process (PID=3194) to work on /home/airflow/.local/lib/python3.12/site-packages/airflow/example_dags/tutorial_taskflow_api_virtualenv.py
[2025-01-01T10:40:15.835+0000] {processor.py:914} INFO - Processing file /home/airflow/.local/lib/python3.12/site-packages/airflow/example_dags/tutorial_taskflow_api_virtualenv.py for tasks to queue
[2025-01-01T10:40:15.861+0000] {logging_mixin.py:190} INFO - [2025-01-01T10:40:15.857+0000] {dagbag.py:588} INFO - Filling up the DagBag from /home/airflow/.local/lib/python3.12/site-packages/airflow/example_dags/tutorial_taskflow_api_virtualenv.py
[2025-01-01T10:40:16.085+0000] {processor.py:925} INFO - DAG(s) 'tutorial_taskflow_api_virtualenv' retrieved from /home/airflow/.local/lib/python3.12/site-packages/airflow/example_dags/tutorial_taskflow_api_virtualenv.py
[2025-01-01T10:40:16.300+0000] {logging_mixin.py:190} INFO - [2025-01-01T10:40:16.299+0000] {dag.py:3239} INFO - Sync 1 DAGs
[2025-01-01T10:40:16.397+0000] {logging_mixin.py:190} INFO - [2025-01-01T10:40:16.396+0000] {dag.py:4180} INFO - Setting next_dagrun for tutorial_taskflow_api_virtualenv to None, run_after=None
[2025-01-01T10:40:16.555+0000] {processor.py:208} INFO - Processing /home/airflow/.local/lib/python3.12/site-packages/airflow/example_dags/tutorial_taskflow_api_virtualenv.py took 0.796 seconds
[2025-01-01T10:40:47.202+0000] {processor.py:186} INFO - Started process (PID=3257) to work on /home/airflow/.local/lib/python3.12/site-packages/airflow/example_dags/tutorial_taskflow_api_virtualenv.py
[2025-01-01T10:40:47.204+0000] {processor.py:914} INFO - Processing file /home/airflow/.local/lib/python3.12/site-packages/airflow/example_dags/tutorial_taskflow_api_virtualenv.py for tasks to queue
[2025-01-01T10:40:47.209+0000] {logging_mixin.py:190} INFO - [2025-01-01T10:40:47.209+0000] {dagbag.py:588} INFO - Filling up the DagBag from /home/airflow/.local/lib/python3.12/site-packages/airflow/example_dags/tutorial_taskflow_api_virtualenv.py
[2025-01-01T10:40:47.229+0000] {processor.py:925} INFO - DAG(s) 'tutorial_taskflow_api_virtualenv' retrieved from /home/airflow/.local/lib/python3.12/site-packages/airflow/example_dags/tutorial_taskflow_api_virtualenv.py
[2025-01-01T10:40:47.476+0000] {logging_mixin.py:190} INFO - [2025-01-01T10:40:47.475+0000] {dag.py:3239} INFO - Sync 1 DAGs
[2025-01-01T10:40:47.494+0000] {logging_mixin.py:190} INFO - [2025-01-01T10:40:47.494+0000] {dag.py:4180} INFO - Setting next_dagrun for tutorial_taskflow_api_virtualenv to None, run_after=None
[2025-01-01T10:40:47.526+0000] {processor.py:208} INFO - Processing /home/airflow/.local/lib/python3.12/site-packages/airflow/example_dags/tutorial_taskflow_api_virtualenv.py took 0.333 seconds
[2025-01-01T10:41:18.182+0000] {processor.py:186} INFO - Started process (PID=3320) to work on /home/airflow/.local/lib/python3.12/site-packages/airflow/example_dags/tutorial_taskflow_api_virtualenv.py
[2025-01-01T10:41:18.187+0000] {processor.py:914} INFO - Processing file /home/airflow/.local/lib/python3.12/site-packages/airflow/example_dags/tutorial_taskflow_api_virtualenv.py for tasks to queue
[2025-01-01T10:41:18.208+0000] {logging_mixin.py:190} INFO - [2025-01-01T10:41:18.199+0000] {dagbag.py:588} INFO - Filling up the DagBag from /home/airflow/.local/lib/python3.12/site-packages/airflow/example_dags/tutorial_taskflow_api_virtualenv.py
[2025-01-01T10:41:18.374+0000] {processor.py:925} INFO - DAG(s) 'tutorial_taskflow_api_virtualenv' retrieved from /home/airflow/.local/lib/python3.12/site-packages/airflow/example_dags/tutorial_taskflow_api_virtualenv.py
[2025-01-01T10:41:18.497+0000] {logging_mixin.py:190} INFO - [2025-01-01T10:41:18.496+0000] {dag.py:3239} INFO - Sync 1 DAGs
[2025-01-01T10:41:18.619+0000] {logging_mixin.py:190} INFO - [2025-01-01T10:41:18.618+0000] {dag.py:4180} INFO - Setting next_dagrun for tutorial_taskflow_api_virtualenv to None, run_after=None
[2025-01-01T10:41:18.872+0000] {processor.py:208} INFO - Processing /home/airflow/.local/lib/python3.12/site-packages/airflow/example_dags/tutorial_taskflow_api_virtualenv.py took 0.733 seconds
[2025-01-01T10:41:49.017+0000] {processor.py:186} INFO - Started process (PID=3382) to work on /home/airflow/.local/lib/python3.12/site-packages/airflow/example_dags/tutorial_taskflow_api_virtualenv.py
[2025-01-01T10:41:49.019+0000] {processor.py:914} INFO - Processing file /home/airflow/.local/lib/python3.12/site-packages/airflow/example_dags/tutorial_taskflow_api_virtualenv.py for tasks to queue
[2025-01-01T10:41:49.023+0000] {logging_mixin.py:190} INFO - [2025-01-01T10:41:49.023+0000] {dagbag.py:588} INFO - Filling up the DagBag from /home/airflow/.local/lib/python3.12/site-packages/airflow/example_dags/tutorial_taskflow_api_virtualenv.py
[2025-01-01T10:41:49.038+0000] {processor.py:925} INFO - DAG(s) 'tutorial_taskflow_api_virtualenv' retrieved from /home/airflow/.local/lib/python3.12/site-packages/airflow/example_dags/tutorial_taskflow_api_virtualenv.py
[2025-01-01T10:41:49.063+0000] {logging_mixin.py:190} INFO - [2025-01-01T10:41:49.063+0000] {dag.py:3239} INFO - Sync 1 DAGs
[2025-01-01T10:41:49.081+0000] {logging_mixin.py:190} INFO - [2025-01-01T10:41:49.081+0000] {dag.py:4180} INFO - Setting next_dagrun for tutorial_taskflow_api_virtualenv to None, run_after=None
[2025-01-01T10:41:49.110+0000] {processor.py:208} INFO - Processing /home/airflow/.local/lib/python3.12/site-packages/airflow/example_dags/tutorial_taskflow_api_virtualenv.py took 0.100 seconds
[2025-01-01T10:42:20.442+0000] {processor.py:186} INFO - Started process (PID=3446) to work on /home/airflow/.local/lib/python3.12/site-packages/airflow/example_dags/tutorial_taskflow_api_virtualenv.py
[2025-01-01T10:42:20.447+0000] {processor.py:914} INFO - Processing file /home/airflow/.local/lib/python3.12/site-packages/airflow/example_dags/tutorial_taskflow_api_virtualenv.py for tasks to queue
[2025-01-01T10:42:20.459+0000] {logging_mixin.py:190} INFO - [2025-01-01T10:42:20.458+0000] {dagbag.py:588} INFO - Filling up the DagBag from /home/airflow/.local/lib/python3.12/site-packages/airflow/example_dags/tutorial_taskflow_api_virtualenv.py
[2025-01-01T10:42:20.512+0000] {processor.py:925} INFO - DAG(s) 'tutorial_taskflow_api_virtualenv' retrieved from /home/airflow/.local/lib/python3.12/site-packages/airflow/example_dags/tutorial_taskflow_api_virtualenv.py
[2025-01-01T10:42:20.590+0000] {logging_mixin.py:190} INFO - [2025-01-01T10:42:20.588+0000] {dag.py:3239} INFO - Sync 1 DAGs
[2025-01-01T10:42:20.663+0000] {logging_mixin.py:190} INFO - [2025-01-01T10:42:20.663+0000] {dag.py:4180} INFO - Setting next_dagrun for tutorial_taskflow_api_virtualenv to None, run_after=None
[2025-01-01T10:42:20.743+0000] {processor.py:208} INFO - Processing /home/airflow/.local/lib/python3.12/site-packages/airflow/example_dags/tutorial_taskflow_api_virtualenv.py took 0.331 seconds
[2025-01-01T10:42:51.206+0000] {processor.py:186} INFO - Started process (PID=3509) to work on /home/airflow/.local/lib/python3.12/site-packages/airflow/example_dags/tutorial_taskflow_api_virtualenv.py
[2025-01-01T10:42:51.209+0000] {processor.py:914} INFO - Processing file /home/airflow/.local/lib/python3.12/site-packages/airflow/example_dags/tutorial_taskflow_api_virtualenv.py for tasks to queue
[2025-01-01T10:42:51.219+0000] {logging_mixin.py:190} INFO - [2025-01-01T10:42:51.218+0000] {dagbag.py:588} INFO - Filling up the DagBag from /home/airflow/.local/lib/python3.12/site-packages/airflow/example_dags/tutorial_taskflow_api_virtualenv.py
[2025-01-01T10:42:51.255+0000] {processor.py:925} INFO - DAG(s) 'tutorial_taskflow_api_virtualenv' retrieved from /home/airflow/.local/lib/python3.12/site-packages/airflow/example_dags/tutorial_taskflow_api_virtualenv.py
[2025-01-01T10:42:51.309+0000] {logging_mixin.py:190} INFO - [2025-01-01T10:42:51.309+0000] {dag.py:3239} INFO - Sync 1 DAGs
[2025-01-01T10:42:51.354+0000] {logging_mixin.py:190} INFO - [2025-01-01T10:42:51.354+0000] {dag.py:4180} INFO - Setting next_dagrun for tutorial_taskflow_api_virtualenv to None, run_after=None
[2025-01-01T10:42:51.415+0000] {processor.py:208} INFO - Processing /home/airflow/.local/lib/python3.12/site-packages/airflow/example_dags/tutorial_taskflow_api_virtualenv.py took 0.230 seconds
[2025-01-01T10:43:22.514+0000] {processor.py:186} INFO - Started process (PID=3572) to work on /home/airflow/.local/lib/python3.12/site-packages/airflow/example_dags/tutorial_taskflow_api_virtualenv.py
[2025-01-01T10:43:22.518+0000] {processor.py:914} INFO - Processing file /home/airflow/.local/lib/python3.12/site-packages/airflow/example_dags/tutorial_taskflow_api_virtualenv.py for tasks to queue
[2025-01-01T10:43:22.527+0000] {logging_mixin.py:190} INFO - [2025-01-01T10:43:22.526+0000] {dagbag.py:588} INFO - Filling up the DagBag from /home/airflow/.local/lib/python3.12/site-packages/airflow/example_dags/tutorial_taskflow_api_virtualenv.py
[2025-01-01T10:43:22.572+0000] {processor.py:925} INFO - DAG(s) 'tutorial_taskflow_api_virtualenv' retrieved from /home/airflow/.local/lib/python3.12/site-packages/airflow/example_dags/tutorial_taskflow_api_virtualenv.py
[2025-01-01T10:43:22.641+0000] {logging_mixin.py:190} INFO - [2025-01-01T10:43:22.641+0000] {dag.py:3239} INFO - Sync 1 DAGs
[2025-01-01T10:43:22.685+0000] {logging_mixin.py:190} INFO - [2025-01-01T10:43:22.685+0000] {dag.py:4180} INFO - Setting next_dagrun for tutorial_taskflow_api_virtualenv to None, run_after=None
[2025-01-01T10:43:22.741+0000] {processor.py:208} INFO - Processing /home/airflow/.local/lib/python3.12/site-packages/airflow/example_dags/tutorial_taskflow_api_virtualenv.py took 0.253 seconds
[2025-01-01T10:43:53.287+0000] {processor.py:186} INFO - Started process (PID=3633) to work on /home/airflow/.local/lib/python3.12/site-packages/airflow/example_dags/tutorial_taskflow_api_virtualenv.py
[2025-01-01T10:43:53.289+0000] {processor.py:914} INFO - Processing file /home/airflow/.local/lib/python3.12/site-packages/airflow/example_dags/tutorial_taskflow_api_virtualenv.py for tasks to queue
[2025-01-01T10:43:53.292+0000] {logging_mixin.py:190} INFO - [2025-01-01T10:43:53.291+0000] {dagbag.py:588} INFO - Filling up the DagBag from /home/airflow/.local/lib/python3.12/site-packages/airflow/example_dags/tutorial_taskflow_api_virtualenv.py
[2025-01-01T10:43:53.305+0000] {processor.py:925} INFO - DAG(s) 'tutorial_taskflow_api_virtualenv' retrieved from /home/airflow/.local/lib/python3.12/site-packages/airflow/example_dags/tutorial_taskflow_api_virtualenv.py
[2025-01-01T10:43:53.326+0000] {logging_mixin.py:190} INFO - [2025-01-01T10:43:53.326+0000] {dag.py:3239} INFO - Sync 1 DAGs
[2025-01-01T10:43:53.339+0000] {logging_mixin.py:190} INFO - [2025-01-01T10:43:53.339+0000] {dag.py:4180} INFO - Setting next_dagrun for tutorial_taskflow_api_virtualenv to None, run_after=None
[2025-01-01T10:43:53.363+0000] {processor.py:208} INFO - Processing /home/airflow/.local/lib/python3.12/site-packages/airflow/example_dags/tutorial_taskflow_api_virtualenv.py took 0.081 seconds
[2025-01-01T10:44:24.410+0000] {processor.py:186} INFO - Started process (PID=3696) to work on /home/airflow/.local/lib/python3.12/site-packages/airflow/example_dags/tutorial_taskflow_api_virtualenv.py
[2025-01-01T10:44:24.413+0000] {processor.py:914} INFO - Processing file /home/airflow/.local/lib/python3.12/site-packages/airflow/example_dags/tutorial_taskflow_api_virtualenv.py for tasks to queue
[2025-01-01T10:44:24.421+0000] {logging_mixin.py:190} INFO - [2025-01-01T10:44:24.420+0000] {dagbag.py:588} INFO - Filling up the DagBag from /home/airflow/.local/lib/python3.12/site-packages/airflow/example_dags/tutorial_taskflow_api_virtualenv.py
[2025-01-01T10:44:24.457+0000] {processor.py:925} INFO - DAG(s) 'tutorial_taskflow_api_virtualenv' retrieved from /home/airflow/.local/lib/python3.12/site-packages/airflow/example_dags/tutorial_taskflow_api_virtualenv.py
[2025-01-01T10:44:24.519+0000] {logging_mixin.py:190} INFO - [2025-01-01T10:44:24.518+0000] {dag.py:3239} INFO - Sync 1 DAGs
[2025-01-01T10:44:24.574+0000] {logging_mixin.py:190} INFO - [2025-01-01T10:44:24.573+0000] {dag.py:4180} INFO - Setting next_dagrun for tutorial_taskflow_api_virtualenv to None, run_after=None
[2025-01-01T10:44:24.636+0000] {processor.py:208} INFO - Processing /home/airflow/.local/lib/python3.12/site-packages/airflow/example_dags/tutorial_taskflow_api_virtualenv.py took 0.239 seconds
[2025-01-01T10:44:55.583+0000] {processor.py:186} INFO - Started process (PID=3758) to work on /home/airflow/.local/lib/python3.12/site-packages/airflow/example_dags/tutorial_taskflow_api_virtualenv.py
[2025-01-01T10:44:55.585+0000] {processor.py:914} INFO - Processing file /home/airflow/.local/lib/python3.12/site-packages/airflow/example_dags/tutorial_taskflow_api_virtualenv.py for tasks to queue
[2025-01-01T10:44:55.589+0000] {logging_mixin.py:190} INFO - [2025-01-01T10:44:55.588+0000] {dagbag.py:588} INFO - Filling up the DagBag from /home/airflow/.local/lib/python3.12/site-packages/airflow/example_dags/tutorial_taskflow_api_virtualenv.py
[2025-01-01T10:44:55.609+0000] {processor.py:925} INFO - DAG(s) 'tutorial_taskflow_api_virtualenv' retrieved from /home/airflow/.local/lib/python3.12/site-packages/airflow/example_dags/tutorial_taskflow_api_virtualenv.py
[2025-01-01T10:44:55.640+0000] {logging_mixin.py:190} INFO - [2025-01-01T10:44:55.640+0000] {dag.py:3239} INFO - Sync 1 DAGs
[2025-01-01T10:44:55.668+0000] {logging_mixin.py:190} INFO - [2025-01-01T10:44:55.667+0000] {dag.py:4180} INFO - Setting next_dagrun for tutorial_taskflow_api_virtualenv to None, run_after=None
[2025-01-01T10:44:55.701+0000] {processor.py:208} INFO - Processing /home/airflow/.local/lib/python3.12/site-packages/airflow/example_dags/tutorial_taskflow_api_virtualenv.py took 0.128 seconds
[2025-01-01T10:45:25.942+0000] {processor.py:186} INFO - Started process (PID=3821) to work on /home/airflow/.local/lib/python3.12/site-packages/airflow/example_dags/tutorial_taskflow_api_virtualenv.py
[2025-01-01T10:45:25.943+0000] {processor.py:914} INFO - Processing file /home/airflow/.local/lib/python3.12/site-packages/airflow/example_dags/tutorial_taskflow_api_virtualenv.py for tasks to queue
[2025-01-01T10:45:25.946+0000] {logging_mixin.py:190} INFO - [2025-01-01T10:45:25.946+0000] {dagbag.py:588} INFO - Filling up the DagBag from /home/airflow/.local/lib/python3.12/site-packages/airflow/example_dags/tutorial_taskflow_api_virtualenv.py
[2025-01-01T10:45:25.958+0000] {processor.py:925} INFO - DAG(s) 'tutorial_taskflow_api_virtualenv' retrieved from /home/airflow/.local/lib/python3.12/site-packages/airflow/example_dags/tutorial_taskflow_api_virtualenv.py
[2025-01-01T10:45:25.978+0000] {logging_mixin.py:190} INFO - [2025-01-01T10:45:25.977+0000] {dag.py:3239} INFO - Sync 1 DAGs
[2025-01-01T10:45:25.992+0000] {logging_mixin.py:190} INFO - [2025-01-01T10:45:25.992+0000] {dag.py:4180} INFO - Setting next_dagrun for tutorial_taskflow_api_virtualenv to None, run_after=None
[2025-01-01T10:45:26.015+0000] {processor.py:208} INFO - Processing /home/airflow/.local/lib/python3.12/site-packages/airflow/example_dags/tutorial_taskflow_api_virtualenv.py took 0.080 seconds
[2025-01-01T10:45:56.635+0000] {processor.py:186} INFO - Started process (PID=3884) to work on /home/airflow/.local/lib/python3.12/site-packages/airflow/example_dags/tutorial_taskflow_api_virtualenv.py
[2025-01-01T10:45:56.638+0000] {processor.py:914} INFO - Processing file /home/airflow/.local/lib/python3.12/site-packages/airflow/example_dags/tutorial_taskflow_api_virtualenv.py for tasks to queue
[2025-01-01T10:45:56.643+0000] {logging_mixin.py:190} INFO - [2025-01-01T10:45:56.642+0000] {dagbag.py:588} INFO - Filling up the DagBag from /home/airflow/.local/lib/python3.12/site-packages/airflow/example_dags/tutorial_taskflow_api_virtualenv.py
[2025-01-01T10:45:56.668+0000] {processor.py:925} INFO - DAG(s) 'tutorial_taskflow_api_virtualenv' retrieved from /home/airflow/.local/lib/python3.12/site-packages/airflow/example_dags/tutorial_taskflow_api_virtualenv.py
[2025-01-01T10:45:56.707+0000] {logging_mixin.py:190} INFO - [2025-01-01T10:45:56.706+0000] {dag.py:3239} INFO - Sync 1 DAGs
[2025-01-01T10:45:56.739+0000] {logging_mixin.py:190} INFO - [2025-01-01T10:45:56.738+0000] {dag.py:4180} INFO - Setting next_dagrun for tutorial_taskflow_api_virtualenv to None, run_after=None
[2025-01-01T10:45:56.780+0000] {processor.py:208} INFO - Processing /home/airflow/.local/lib/python3.12/site-packages/airflow/example_dags/tutorial_taskflow_api_virtualenv.py took 0.155 seconds
[2025-01-01T10:46:27.168+0000] {processor.py:186} INFO - Started process (PID=3947) to work on /home/airflow/.local/lib/python3.12/site-packages/airflow/example_dags/tutorial_taskflow_api_virtualenv.py
[2025-01-01T10:46:27.169+0000] {processor.py:914} INFO - Processing file /home/airflow/.local/lib/python3.12/site-packages/airflow/example_dags/tutorial_taskflow_api_virtualenv.py for tasks to queue
[2025-01-01T10:46:27.172+0000] {logging_mixin.py:190} INFO - [2025-01-01T10:46:27.171+0000] {dagbag.py:588} INFO - Filling up the DagBag from /home/airflow/.local/lib/python3.12/site-packages/airflow/example_dags/tutorial_taskflow_api_virtualenv.py
[2025-01-01T10:46:27.183+0000] {processor.py:925} INFO - DAG(s) 'tutorial_taskflow_api_virtualenv' retrieved from /home/airflow/.local/lib/python3.12/site-packages/airflow/example_dags/tutorial_taskflow_api_virtualenv.py
[2025-01-01T10:46:27.202+0000] {logging_mixin.py:190} INFO - [2025-01-01T10:46:27.202+0000] {dag.py:3239} INFO - Sync 1 DAGs
[2025-01-01T10:46:27.214+0000] {logging_mixin.py:190} INFO - [2025-01-01T10:46:27.214+0000] {dag.py:4180} INFO - Setting next_dagrun for tutorial_taskflow_api_virtualenv to None, run_after=None
[2025-01-01T10:46:27.236+0000] {processor.py:208} INFO - Processing /home/airflow/.local/lib/python3.12/site-packages/airflow/example_dags/tutorial_taskflow_api_virtualenv.py took 0.073 seconds
[2025-01-01T10:46:58.043+0000] {processor.py:186} INFO - Started process (PID=4010) to work on /home/airflow/.local/lib/python3.12/site-packages/airflow/example_dags/tutorial_taskflow_api_virtualenv.py
[2025-01-01T10:46:58.045+0000] {processor.py:914} INFO - Processing file /home/airflow/.local/lib/python3.12/site-packages/airflow/example_dags/tutorial_taskflow_api_virtualenv.py for tasks to queue
[2025-01-01T10:46:58.047+0000] {logging_mixin.py:190} INFO - [2025-01-01T10:46:58.047+0000] {dagbag.py:588} INFO - Filling up the DagBag from /home/airflow/.local/lib/python3.12/site-packages/airflow/example_dags/tutorial_taskflow_api_virtualenv.py
[2025-01-01T10:46:58.059+0000] {processor.py:925} INFO - DAG(s) 'tutorial_taskflow_api_virtualenv' retrieved from /home/airflow/.local/lib/python3.12/site-packages/airflow/example_dags/tutorial_taskflow_api_virtualenv.py
[2025-01-01T10:46:58.078+0000] {logging_mixin.py:190} INFO - [2025-01-01T10:46:58.078+0000] {dag.py:3239} INFO - Sync 1 DAGs
[2025-01-01T10:46:58.090+0000] {logging_mixin.py:190} INFO - [2025-01-01T10:46:58.090+0000] {dag.py:4180} INFO - Setting next_dagrun for tutorial_taskflow_api_virtualenv to None, run_after=None
[2025-01-01T10:46:58.113+0000] {processor.py:208} INFO - Processing /home/airflow/.local/lib/python3.12/site-packages/airflow/example_dags/tutorial_taskflow_api_virtualenv.py took 0.076 seconds
[2025-01-01T10:47:28.215+0000] {processor.py:186} INFO - Started process (PID=4073) to work on /home/airflow/.local/lib/python3.12/site-packages/airflow/example_dags/tutorial_taskflow_api_virtualenv.py
[2025-01-01T10:47:28.218+0000] {processor.py:914} INFO - Processing file /home/airflow/.local/lib/python3.12/site-packages/airflow/example_dags/tutorial_taskflow_api_virtualenv.py for tasks to queue
[2025-01-01T10:47:28.225+0000] {logging_mixin.py:190} INFO - [2025-01-01T10:47:28.225+0000] {dagbag.py:588} INFO - Filling up the DagBag from /home/airflow/.local/lib/python3.12/site-packages/airflow/example_dags/tutorial_taskflow_api_virtualenv.py
[2025-01-01T10:47:28.261+0000] {processor.py:925} INFO - DAG(s) 'tutorial_taskflow_api_virtualenv' retrieved from /home/airflow/.local/lib/python3.12/site-packages/airflow/example_dags/tutorial_taskflow_api_virtualenv.py
[2025-01-01T10:47:28.334+0000] {logging_mixin.py:190} INFO - [2025-01-01T10:47:28.334+0000] {dag.py:3239} INFO - Sync 1 DAGs
[2025-01-01T10:47:28.390+0000] {logging_mixin.py:190} INFO - [2025-01-01T10:47:28.389+0000] {dag.py:4180} INFO - Setting next_dagrun for tutorial_taskflow_api_virtualenv to None, run_after=None
[2025-01-01T10:47:28.451+0000] {processor.py:208} INFO - Processing /home/airflow/.local/lib/python3.12/site-packages/airflow/example_dags/tutorial_taskflow_api_virtualenv.py took 0.252 seconds
[2025-01-01T10:47:58.784+0000] {processor.py:186} INFO - Started process (PID=4136) to work on /home/airflow/.local/lib/python3.12/site-packages/airflow/example_dags/tutorial_taskflow_api_virtualenv.py
[2025-01-01T10:47:58.785+0000] {processor.py:914} INFO - Processing file /home/airflow/.local/lib/python3.12/site-packages/airflow/example_dags/tutorial_taskflow_api_virtualenv.py for tasks to queue
[2025-01-01T10:47:58.789+0000] {logging_mixin.py:190} INFO - [2025-01-01T10:47:58.788+0000] {dagbag.py:588} INFO - Filling up the DagBag from /home/airflow/.local/lib/python3.12/site-packages/airflow/example_dags/tutorial_taskflow_api_virtualenv.py
[2025-01-01T10:47:58.802+0000] {processor.py:925} INFO - DAG(s) 'tutorial_taskflow_api_virtualenv' retrieved from /home/airflow/.local/lib/python3.12/site-packages/airflow/example_dags/tutorial_taskflow_api_virtualenv.py
[2025-01-01T10:47:58.826+0000] {logging_mixin.py:190} INFO - [2025-01-01T10:47:58.826+0000] {dag.py:3239} INFO - Sync 1 DAGs
[2025-01-01T10:47:58.842+0000] {logging_mixin.py:190} INFO - [2025-01-01T10:47:58.842+0000] {dag.py:4180} INFO - Setting next_dagrun for tutorial_taskflow_api_virtualenv to None, run_after=None
[2025-01-01T10:47:58.869+0000] {processor.py:208} INFO - Processing /home/airflow/.local/lib/python3.12/site-packages/airflow/example_dags/tutorial_taskflow_api_virtualenv.py took 0.094 seconds
[2025-01-01T10:48:29.117+0000] {processor.py:186} INFO - Started process (PID=4199) to work on /home/airflow/.local/lib/python3.12/site-packages/airflow/example_dags/tutorial_taskflow_api_virtualenv.py
[2025-01-01T10:48:29.119+0000] {processor.py:914} INFO - Processing file /home/airflow/.local/lib/python3.12/site-packages/airflow/example_dags/tutorial_taskflow_api_virtualenv.py for tasks to queue
[2025-01-01T10:48:29.122+0000] {logging_mixin.py:190} INFO - [2025-01-01T10:48:29.122+0000] {dagbag.py:588} INFO - Filling up the DagBag from /home/airflow/.local/lib/python3.12/site-packages/airflow/example_dags/tutorial_taskflow_api_virtualenv.py
[2025-01-01T10:48:29.136+0000] {processor.py:925} INFO - DAG(s) 'tutorial_taskflow_api_virtualenv' retrieved from /home/airflow/.local/lib/python3.12/site-packages/airflow/example_dags/tutorial_taskflow_api_virtualenv.py
[2025-01-01T10:48:29.160+0000] {logging_mixin.py:190} INFO - [2025-01-01T10:48:29.160+0000] {dag.py:3239} INFO - Sync 1 DAGs
[2025-01-01T10:48:29.179+0000] {logging_mixin.py:190} INFO - [2025-01-01T10:48:29.179+0000] {dag.py:4180} INFO - Setting next_dagrun for tutorial_taskflow_api_virtualenv to None, run_after=None
[2025-01-01T10:48:29.206+0000] {processor.py:208} INFO - Processing /home/airflow/.local/lib/python3.12/site-packages/airflow/example_dags/tutorial_taskflow_api_virtualenv.py took 0.096 seconds
[2025-01-01T10:48:59.510+0000] {processor.py:186} INFO - Started process (PID=4262) to work on /home/airflow/.local/lib/python3.12/site-packages/airflow/example_dags/tutorial_taskflow_api_virtualenv.py
[2025-01-01T10:48:59.515+0000] {processor.py:914} INFO - Processing file /home/airflow/.local/lib/python3.12/site-packages/airflow/example_dags/tutorial_taskflow_api_virtualenv.py for tasks to queue
[2025-01-01T10:48:59.527+0000] {logging_mixin.py:190} INFO - [2025-01-01T10:48:59.525+0000] {dagbag.py:588} INFO - Filling up the DagBag from /home/airflow/.local/lib/python3.12/site-packages/airflow/example_dags/tutorial_taskflow_api_virtualenv.py
[2025-01-01T10:48:59.577+0000] {processor.py:925} INFO - DAG(s) 'tutorial_taskflow_api_virtualenv' retrieved from /home/airflow/.local/lib/python3.12/site-packages/airflow/example_dags/tutorial_taskflow_api_virtualenv.py
[2025-01-01T10:48:59.652+0000] {logging_mixin.py:190} INFO - [2025-01-01T10:48:59.651+0000] {dag.py:3239} INFO - Sync 1 DAGs
[2025-01-01T10:48:59.711+0000] {logging_mixin.py:190} INFO - [2025-01-01T10:48:59.710+0000] {dag.py:4180} INFO - Setting next_dagrun for tutorial_taskflow_api_virtualenv to None, run_after=None
[2025-01-01T10:48:59.785+0000] {processor.py:208} INFO - Processing /home/airflow/.local/lib/python3.12/site-packages/airflow/example_dags/tutorial_taskflow_api_virtualenv.py took 0.301 seconds
[2025-01-01T10:49:30.151+0000] {processor.py:186} INFO - Started process (PID=4323) to work on /home/airflow/.local/lib/python3.12/site-packages/airflow/example_dags/tutorial_taskflow_api_virtualenv.py
[2025-01-01T10:49:30.153+0000] {processor.py:914} INFO - Processing file /home/airflow/.local/lib/python3.12/site-packages/airflow/example_dags/tutorial_taskflow_api_virtualenv.py for tasks to queue
[2025-01-01T10:49:30.156+0000] {logging_mixin.py:190} INFO - [2025-01-01T10:49:30.155+0000] {dagbag.py:588} INFO - Filling up the DagBag from /home/airflow/.local/lib/python3.12/site-packages/airflow/example_dags/tutorial_taskflow_api_virtualenv.py
[2025-01-01T10:49:30.168+0000] {processor.py:925} INFO - DAG(s) 'tutorial_taskflow_api_virtualenv' retrieved from /home/airflow/.local/lib/python3.12/site-packages/airflow/example_dags/tutorial_taskflow_api_virtualenv.py
[2025-01-01T10:49:30.189+0000] {logging_mixin.py:190} INFO - [2025-01-01T10:49:30.189+0000] {dag.py:3239} INFO - Sync 1 DAGs
[2025-01-01T10:49:30.202+0000] {logging_mixin.py:190} INFO - [2025-01-01T10:49:30.201+0000] {dag.py:4180} INFO - Setting next_dagrun for tutorial_taskflow_api_virtualenv to None, run_after=None
[2025-01-01T10:49:30.225+0000] {processor.py:208} INFO - Processing /home/airflow/.local/lib/python3.12/site-packages/airflow/example_dags/tutorial_taskflow_api_virtualenv.py took 0.079 seconds
[2025-01-01T10:50:01.152+0000] {processor.py:186} INFO - Started process (PID=4385) to work on /home/airflow/.local/lib/python3.12/site-packages/airflow/example_dags/tutorial_taskflow_api_virtualenv.py
[2025-01-01T10:50:01.153+0000] {processor.py:914} INFO - Processing file /home/airflow/.local/lib/python3.12/site-packages/airflow/example_dags/tutorial_taskflow_api_virtualenv.py for tasks to queue
[2025-01-01T10:50:01.157+0000] {logging_mixin.py:190} INFO - [2025-01-01T10:50:01.156+0000] {dagbag.py:588} INFO - Filling up the DagBag from /home/airflow/.local/lib/python3.12/site-packages/airflow/example_dags/tutorial_taskflow_api_virtualenv.py
[2025-01-01T10:50:01.171+0000] {processor.py:925} INFO - DAG(s) 'tutorial_taskflow_api_virtualenv' retrieved from /home/airflow/.local/lib/python3.12/site-packages/airflow/example_dags/tutorial_taskflow_api_virtualenv.py
[2025-01-01T10:50:01.194+0000] {logging_mixin.py:190} INFO - [2025-01-01T10:50:01.194+0000] {dag.py:3239} INFO - Sync 1 DAGs
[2025-01-01T10:50:01.209+0000] {logging_mixin.py:190} INFO - [2025-01-01T10:50:01.208+0000] {dag.py:4180} INFO - Setting next_dagrun for tutorial_taskflow_api_virtualenv to None, run_after=None
[2025-01-01T10:50:01.233+0000] {processor.py:208} INFO - Processing /home/airflow/.local/lib/python3.12/site-packages/airflow/example_dags/tutorial_taskflow_api_virtualenv.py took 0.087 seconds
[2025-01-01T10:50:31.902+0000] {processor.py:186} INFO - Started process (PID=4448) to work on /home/airflow/.local/lib/python3.12/site-packages/airflow/example_dags/tutorial_taskflow_api_virtualenv.py
[2025-01-01T10:50:31.906+0000] {processor.py:914} INFO - Processing file /home/airflow/.local/lib/python3.12/site-packages/airflow/example_dags/tutorial_taskflow_api_virtualenv.py for tasks to queue
[2025-01-01T10:50:31.920+0000] {logging_mixin.py:190} INFO - [2025-01-01T10:50:31.919+0000] {dagbag.py:588} INFO - Filling up the DagBag from /home/airflow/.local/lib/python3.12/site-packages/airflow/example_dags/tutorial_taskflow_api_virtualenv.py
[2025-01-01T10:50:31.967+0000] {processor.py:925} INFO - DAG(s) 'tutorial_taskflow_api_virtualenv' retrieved from /home/airflow/.local/lib/python3.12/site-packages/airflow/example_dags/tutorial_taskflow_api_virtualenv.py
[2025-01-01T10:50:32.033+0000] {logging_mixin.py:190} INFO - [2025-01-01T10:50:32.032+0000] {dag.py:3239} INFO - Sync 1 DAGs
[2025-01-01T10:50:32.080+0000] {logging_mixin.py:190} INFO - [2025-01-01T10:50:32.079+0000] {dag.py:4180} INFO - Setting next_dagrun for tutorial_taskflow_api_virtualenv to None, run_after=None
[2025-01-01T10:50:32.145+0000] {processor.py:208} INFO - Processing /home/airflow/.local/lib/python3.12/site-packages/airflow/example_dags/tutorial_taskflow_api_virtualenv.py took 0.265 seconds
[2025-01-01T10:51:05.401+0000] {processor.py:186} INFO - Started process (PID=4510) to work on /home/airflow/.local/lib/python3.12/site-packages/airflow/example_dags/tutorial_taskflow_api_virtualenv.py
[2025-01-01T10:51:05.404+0000] {processor.py:914} INFO - Processing file /home/airflow/.local/lib/python3.12/site-packages/airflow/example_dags/tutorial_taskflow_api_virtualenv.py for tasks to queue
[2025-01-01T10:51:05.412+0000] {logging_mixin.py:190} INFO - [2025-01-01T10:51:05.410+0000] {dagbag.py:588} INFO - Filling up the DagBag from /home/airflow/.local/lib/python3.12/site-packages/airflow/example_dags/tutorial_taskflow_api_virtualenv.py
[2025-01-01T10:51:05.445+0000] {processor.py:925} INFO - DAG(s) 'tutorial_taskflow_api_virtualenv' retrieved from /home/airflow/.local/lib/python3.12/site-packages/airflow/example_dags/tutorial_taskflow_api_virtualenv.py
[2025-01-01T10:51:05.496+0000] {logging_mixin.py:190} INFO - [2025-01-01T10:51:05.495+0000] {dag.py:3239} INFO - Sync 1 DAGs
[2025-01-01T10:51:05.532+0000] {logging_mixin.py:190} INFO - [2025-01-01T10:51:05.532+0000] {dag.py:4180} INFO - Setting next_dagrun for tutorial_taskflow_api_virtualenv to None, run_after=None
[2025-01-01T10:51:05.582+0000] {processor.py:208} INFO - Processing /home/airflow/.local/lib/python3.12/site-packages/airflow/example_dags/tutorial_taskflow_api_virtualenv.py took 0.201 seconds
[2025-01-01T12:15:52.820+0000] {processor.py:186} INFO - Started process (PID=4577) to work on /home/airflow/.local/lib/python3.12/site-packages/airflow/example_dags/tutorial_taskflow_api_virtualenv.py
[2025-01-01T12:15:52.822+0000] {processor.py:914} INFO - Processing file /home/airflow/.local/lib/python3.12/site-packages/airflow/example_dags/tutorial_taskflow_api_virtualenv.py for tasks to queue
[2025-01-01T12:15:52.826+0000] {logging_mixin.py:190} INFO - [2025-01-01T12:15:52.825+0000] {dagbag.py:588} INFO - Filling up the DagBag from /home/airflow/.local/lib/python3.12/site-packages/airflow/example_dags/tutorial_taskflow_api_virtualenv.py
[2025-01-01T12:15:52.845+0000] {processor.py:925} INFO - DAG(s) 'tutorial_taskflow_api_virtualenv' retrieved from /home/airflow/.local/lib/python3.12/site-packages/airflow/example_dags/tutorial_taskflow_api_virtualenv.py
[2025-01-01T12:15:52.872+0000] {logging_mixin.py:190} INFO - [2025-01-01T12:15:52.872+0000] {dag.py:3239} INFO - Sync 1 DAGs
[2025-01-01T12:15:52.899+0000] {logging_mixin.py:190} INFO - [2025-01-01T12:15:52.898+0000] {dag.py:4180} INFO - Setting next_dagrun for tutorial_taskflow_api_virtualenv to None, run_after=None
[2025-01-01T12:15:52.931+0000] {processor.py:208} INFO - Processing /home/airflow/.local/lib/python3.12/site-packages/airflow/example_dags/tutorial_taskflow_api_virtualenv.py took 0.122 seconds
[2025-01-01T12:16:23.583+0000] {processor.py:186} INFO - Started process (PID=4640) to work on /home/airflow/.local/lib/python3.12/site-packages/airflow/example_dags/tutorial_taskflow_api_virtualenv.py
[2025-01-01T12:16:23.584+0000] {processor.py:914} INFO - Processing file /home/airflow/.local/lib/python3.12/site-packages/airflow/example_dags/tutorial_taskflow_api_virtualenv.py for tasks to queue
[2025-01-01T12:16:23.586+0000] {logging_mixin.py:190} INFO - [2025-01-01T12:16:23.586+0000] {dagbag.py:588} INFO - Filling up the DagBag from /home/airflow/.local/lib/python3.12/site-packages/airflow/example_dags/tutorial_taskflow_api_virtualenv.py
[2025-01-01T12:16:23.597+0000] {processor.py:925} INFO - DAG(s) 'tutorial_taskflow_api_virtualenv' retrieved from /home/airflow/.local/lib/python3.12/site-packages/airflow/example_dags/tutorial_taskflow_api_virtualenv.py
[2025-01-01T12:16:23.612+0000] {logging_mixin.py:190} INFO - [2025-01-01T12:16:23.612+0000] {dag.py:3239} INFO - Sync 1 DAGs
[2025-01-01T12:16:23.624+0000] {logging_mixin.py:190} INFO - [2025-01-01T12:16:23.624+0000] {dag.py:4180} INFO - Setting next_dagrun for tutorial_taskflow_api_virtualenv to None, run_after=None
[2025-01-01T12:16:23.642+0000] {processor.py:208} INFO - Processing /home/airflow/.local/lib/python3.12/site-packages/airflow/example_dags/tutorial_taskflow_api_virtualenv.py took 0.063 seconds
